NOTE: Using modified tcl85t.dll from https://gitenterprise.xilinx.com/ACT/vitis_hls_tcl
INFO: [HLS 200-10] Running 'C:/Xilinx/Vitis_HLS/2023.1/bin/unwrapped/win64.o/vitis_hls.exe'
INFO: [HLS 200-10] For user 'james' on host 'james_condos' (Windows NT_amd64 version 6.2) on Tue Oct 28 12:41:55 +1100 2025
INFO: [HLS 200-10] In directory 'C:/Users/james/Documents/Hardware_Final_Project_Private_V2/golden'
Sourcing Tcl script 'C:/Users/james/Documents/Hardware_Final_Project_Private_V2/golden/srcnn_hls/solution1/csim.tcl'
INFO: [HLS 200-1510] Running: source C:/Users/james/Documents/Hardware_Final_Project_Private_V2/golden/srcnn_hls/solution1/csim.tcl
INFO: [HLS 200-1510] Running: open_project srcnn_hls 
INFO: [HLS 200-10] Opening project 'C:/Users/james/Documents/Hardware_Final_Project_Private_V2/golden/srcnn_hls'.
INFO: [HLS 200-1510] Running: set_top srcnn 
INFO: [HLS 200-1510] Running: add_files src/conv1.cpp 
INFO: [HLS 200-10] Adding design file 'src/conv1.cpp' to the project
INFO: [HLS 200-1510] Running: add_files src/conv2.cpp 
INFO: [HLS 200-10] Adding design file 'src/conv2.cpp' to the project
INFO: [HLS 200-1510] Running: add_files src/conv3.cpp 
INFO: [HLS 200-10] Adding design file 'src/conv3.cpp' to the project
INFO: [HLS 200-1510] Running: add_files src/srcnn.cpp 
INFO: [HLS 200-10] Adding design file 'src/srcnn.cpp' to the project
INFO: [HLS 200-1510] Running: add_files src/srcnn.h 
INFO: [HLS 200-10] Adding design file 'src/srcnn.h' to the project
INFO: [HLS 200-1510] Running: add_files -tb test/set14 -cflags -Wno-unknown-pragmas 
INFO: [HLS 200-10] Adding test bench file 'test/set14' to the project
INFO: [HLS 200-1510] Running: add_files -tb test/set5 -cflags -Wno-unknown-pragmas 
INFO: [HLS 200-10] Adding test bench file 'test/set5' to the project
INFO: [HLS 200-1510] Running: add_files -tb src/weights -cflags -Wno-unknown-pragmas 
INFO: [HLS 200-10] Adding test bench file 'src/weights' to the project
INFO: [HLS 200-1510] Running: add_files -tb test/util.cpp -cflags -Isrc -Wno-unknown-pragmas 
INFO: [HLS 200-10] Adding test bench file 'test/util.cpp' to the project
INFO: [HLS 200-1510] Running: add_files -tb test/util.h -cflags -Isrc -Wno-unknown-pragmas 
INFO: [HLS 200-10] Adding test bench file 'test/util.h' to the project
INFO: [HLS 200-1510] Running: add_files -tb test/tb_set14.cpp -cflags -Isrc -Wno-unknown-pragmas 
INFO: [HLS 200-10] Adding test bench file 'test/tb_set14.cpp' to the project
INFO: [HLS 200-1510] Running: add_files -tb test/tb_conv1.cpp -cflags -Isrc -Wno-unknown-pragmas 
INFO: [HLS 200-10] Adding test bench file 'test/tb_conv1.cpp' to the project
INFO: [HLS 200-1510] Running: add_files -tb test/tb_srcnn.cpp -cflags -Isrc -Wno-unknown-pragmas 
INFO: [HLS 200-10] Adding test bench file 'test/tb_srcnn.cpp' to the project
INFO: [HLS 200-1510] Running: add_files -tb test/csim.cpp -cflags -Isrc -Wno-unknown-pragmas 
INFO: [HLS 200-10] Adding test bench file 'test/csim.cpp' to the project
INFO: [HLS 200-1510] Running: open_solution solution1 -flow_target vivado 
INFO: [HLS 200-10] Opening solution 'C:/Users/james/Documents/Hardware_Final_Project_Private_V2/golden/srcnn_hls/solution1'.
INFO: [SYN 201-201] Setting up clock 'default' with a period of 10ns.
INFO: [HLS 200-1611] Setting target device to 'xck26-sfvc784-2LV-c'
INFO: [HLS 200-1505] Using flow_target 'vivado'
Resolution: For help on HLS 200-1505 see www.xilinx.com/cgi-bin/docs/rdoc?v=2023.1;t=hls+guidance;d=200-1505.html
INFO: [HLS 200-1510] Running: set_part xck26-sfvc784-2LV-c 
INFO: [HLS 200-1510] Running: create_clock -period 10 -name default 
INFO: [HLS 200-1510] Running: csim_design -quiet 
INFO: [SIM 211-2] *************** CSIM start ***************
INFO: [SIM 211-4] CSIM will launch GCC as the compiler.
INFO: [HLS 200-2036] Building debug C Simulation binaries
make: 'csim.exe' is up to date.
***** CONV1 Golden Reference *****
  - Butterfly MSE: 3.8672e-015

***** SRCNN Golden Reference *****
  - Butterfly MSE: 2.90363e-014

***** SRCNN - Set14 Test *****
Image Name     PSNR GT vs HR (dB)  PSNR GT vs HR MATLAB (dB)  PSNR GT vs LR (dB)  MSE GT vs HR   MSE GT vs HR MATLAB        
@E Simulation failed.
ERROR: [SIM 211-100] CSim failed with errors.
