

================================================================
== Vitis HLS Report for 'conv2_Pipeline_tile_height_loop'
================================================================
* Date:           Fri Oct 31 13:47:57 2025

* Version:        2023.1 (Build 3854077 on May  4 2023)
* Project:        srcnn_hls
* Solution:       solution1 (Vivado IP Flow Target)
* Product family: zynquplus
* Target device:  xck26-sfvc784-2LV-c


================================================================
== Performance Estimates
================================================================
+ Timing: 
    * Summary: 
    +--------+----------+----------+------------+
    |  Clock |  Target  | Estimated| Uncertainty|
    +--------+----------+----------+------------+
    |ap_clk  |  10.00 ns|  7.016 ns|     2.70 ns|
    +--------+----------+----------+------------+

+ Latency: 
    * Summary: 
    +---------+---------+----------+----------+-----+-----+---------+
    |  Latency (cycles) |  Latency (absolute) |  Interval | Pipeline|
    |   min   |   max   |    min   |    max   | min | max |   Type  |
    +---------+---------+----------+----------+-----+-----+---------+
    |       27|       27|  0.270 us|  0.270 us|   27|   27|       no|
    +---------+---------+----------+----------+-----+-----+---------+

    + Detail: 
        * Instance: 
        N/A

        * Loop: 
        +--------------------+---------+---------+----------+-----------+-----------+------+----------+
        |                    |  Latency (cycles) | Iteration|  Initiation Interval  | Trip |          |
        |      Loop Name     |   min   |   max   |  Latency |  achieved |   target  | Count| Pipelined|
        +--------------------+---------+---------+----------+-----------+-----------+------+----------+
        |- tile_height_loop  |       25|       25|        10|          1|          1|    17|       yes|
        +--------------------+---------+---------+----------+-----------+-----------+------+----------+

============================================================
+ Verbose Summary: Synthesis Manager
============================================================
InlineROM: 1
ExposeGlobal: 0
============================================================
+ Verbose Summary: CDFG Model
============================================================
IsTopModel: 0
ResetActiveHigh: 1
IsCombinational: 0
IsDatapathOnly: 0
HasWiredReturn: 1
HasMFsm: 2
HasVarLatency: 1
IsPipeline: 0
IsRtlPipelined: 0
IsInstanceOverlapped: 0
IsDontTouch: 0
HasImplIP: 0
IsGatedGlobalClock: 0

+ Individual pipeline summary: 
  * Pipeline-0: initiation interval (II) = 1, depth = 10


============================================================
+ Verbose Summary: Schedule
============================================================
* Number of FSM states : 10
* Pipeline : 1
  Pipeline-0 : II = 1, D = 10, States = { 1 2 3 4 5 6 7 8 9 10 }
* Dataflow Pipeline: 0

* FSM state transitions: 
1 --> 2 
2 --> 3 
3 --> 4 
4 --> 5 
5 --> 6 
6 --> 7 
7 --> 8 
8 --> 9 
9 --> 10 
10 --> 

* FSM state operations: 

State 1 <SV = 0> <Delay = 2.03>
ST_1 : Operation 13 [1/1] (0.00ns)   --->   "%i_4 = alloca i32 1"   --->   Operation 13 'alloca' 'i_4' <Predicate = true> <Delay = 0.00>
ST_1 : Operation 14 [1/1] (0.00ns)   --->   "%tmp_read = read i32 @_ssdm_op_Read.ap_auto.float, i32 %tmp"   --->   Operation 14 'read' 'tmp_read' <Predicate = true> <Delay = 0.00>
ST_1 : Operation 15 [1/1] (0.00ns)   --->   "%add_ln387_read = read i10 @_ssdm_op_Read.ap_auto.i10, i10 %add_ln387"   --->   Operation 15 'read' 'add_ln387_read' <Predicate = true> <Delay = 0.00>
ST_1 : Operation 16 [1/1] (0.00ns)   --->   "%add_ln389_read = read i11 @_ssdm_op_Read.ap_auto.i11, i11 %add_ln389"   --->   Operation 16 'read' 'add_ln389_read' <Predicate = true> <Delay = 0.00>
ST_1 : Operation 17 [1/1] (0.42ns)   --->   "%store_ln0 = store i5 0, i5 %i_4"   --->   Operation 17 'store' 'store_ln0' <Predicate = true> <Delay = 0.42>
ST_1 : Operation 18 [1/1] (0.00ns)   --->   "%br_ln0 = br void %for.inc87"   --->   Operation 18 'br' 'br_ln0' <Predicate = true> <Delay = 0.00>
ST_1 : Operation 19 [1/1] (0.00ns)   --->   "%i = load i5 %i_4" [src/srcnn.cpp:382]   --->   Operation 19 'load' 'i' <Predicate = true> <Delay = 0.00>
ST_1 : Operation 20 [1/1] (0.78ns)   --->   "%icmp_ln382 = icmp_eq  i5 %i, i5 17" [src/srcnn.cpp:382]   --->   Operation 20 'icmp' 'icmp_ln382' <Predicate = true> <Delay = 0.78> <CoreInst = "Cmp">   --->   Core 9 'Cmp' <Latency = 0> <II = 1> <Delay = 0.78> <FuncUnit> <Opcode : 'icmp'> <InPorts = 2> <OutPorts = 1>
ST_1 : Operation 21 [1/1] (0.78ns)   --->   "%add_ln382 = add i5 %i, i5 1" [src/srcnn.cpp:382]   --->   Operation 21 'add' 'add_ln382' <Predicate = true> <Delay = 0.78> <CoreInst = "Adder">   --->   Core 1 'Adder' <Latency = 0> <II = 1> <Delay = 0.78> <FuncUnit> <Opcode : 'add' 'sub'> <InPorts = 2> <OutPorts = 1>
ST_1 : Operation 22 [1/1] (0.00ns)   --->   "%br_ln382 = br i1 %icmp_ln382, void %for.inc87.split, void %for.inc93.exitStub" [src/srcnn.cpp:382]   --->   Operation 22 'br' 'br_ln382' <Predicate = true> <Delay = 0.00>
ST_1 : Operation 23 [1/1] (0.00ns)   --->   "%zext_ln389_7 = zext i5 %i" [src/srcnn.cpp:389]   --->   Operation 23 'zext' 'zext_ln389_7' <Predicate = (!icmp_ln382)> <Delay = 0.00>
ST_1 : Operation 24 [1/1] (0.79ns)   --->   "%add_ln389_1 = add i11 %add_ln389_read, i11 %zext_ln389_7" [src/srcnn.cpp:389]   --->   Operation 24 'add' 'add_ln389_1' <Predicate = (!icmp_ln382)> <Delay = 0.79> <CoreInst = "Adder">   --->   Core 1 'Adder' <Latency = 0> <II = 1> <Delay = 0.79> <FuncUnit> <Opcode : 'add' 'sub'> <InPorts = 2> <OutPorts = 1>
ST_1 : Operation 25 [1/1] (0.00ns)   --->   "%zext_ln389_8 = zext i11 %add_ln389_1" [src/srcnn.cpp:389]   --->   Operation 25 'zext' 'zext_ln389_8' <Predicate = (!icmp_ln382)> <Delay = 0.00>
ST_1 : Operation 26 [1/1] (0.00ns)   --->   "%input_tile_addr = getelementptr i32 %input_tile, i64 0, i64 %zext_ln389_8" [src/srcnn.cpp:389]   --->   Operation 26 'getelementptr' 'input_tile_addr' <Predicate = (!icmp_ln382)> <Delay = 0.00>
ST_1 : Operation 27 [1/1] (0.00ns)   --->   "%input_tile_1_addr = getelementptr i32 %input_tile_1, i64 0, i64 %zext_ln389_8" [src/srcnn.cpp:389]   --->   Operation 27 'getelementptr' 'input_tile_1_addr' <Predicate = (!icmp_ln382)> <Delay = 0.00>
ST_1 : Operation 28 [1/1] (0.00ns)   --->   "%input_tile_2_addr = getelementptr i32 %input_tile_2, i64 0, i64 %zext_ln389_8" [src/srcnn.cpp:389]   --->   Operation 28 'getelementptr' 'input_tile_2_addr' <Predicate = (!icmp_ln382)> <Delay = 0.00>
ST_1 : Operation 29 [1/1] (0.00ns)   --->   "%input_tile_3_addr = getelementptr i32 %input_tile_3, i64 0, i64 %zext_ln389_8" [src/srcnn.cpp:389]   --->   Operation 29 'getelementptr' 'input_tile_3_addr' <Predicate = (!icmp_ln382)> <Delay = 0.00>
ST_1 : Operation 30 [1/1] (0.00ns)   --->   "%input_tile_4_addr = getelementptr i32 %input_tile_4, i64 0, i64 %zext_ln389_8" [src/srcnn.cpp:389]   --->   Operation 30 'getelementptr' 'input_tile_4_addr' <Predicate = (!icmp_ln382)> <Delay = 0.00>
ST_1 : Operation 31 [1/1] (0.00ns)   --->   "%input_tile_5_addr = getelementptr i32 %input_tile_5, i64 0, i64 %zext_ln389_8" [src/srcnn.cpp:389]   --->   Operation 31 'getelementptr' 'input_tile_5_addr' <Predicate = (!icmp_ln382)> <Delay = 0.00>
ST_1 : Operation 32 [1/1] (0.00ns)   --->   "%input_tile_6_addr = getelementptr i32 %input_tile_6, i64 0, i64 %zext_ln389_8" [src/srcnn.cpp:389]   --->   Operation 32 'getelementptr' 'input_tile_6_addr' <Predicate = (!icmp_ln382)> <Delay = 0.00>
ST_1 : Operation 33 [1/1] (0.00ns)   --->   "%input_tile_7_addr = getelementptr i32 %input_tile_7, i64 0, i64 %zext_ln389_8" [src/srcnn.cpp:389]   --->   Operation 33 'getelementptr' 'input_tile_7_addr' <Predicate = (!icmp_ln382)> <Delay = 0.00>
ST_1 : Operation 34 [1/1] (0.00ns)   --->   "%input_tile_8_addr = getelementptr i32 %input_tile_8, i64 0, i64 %zext_ln389_8" [src/srcnn.cpp:389]   --->   Operation 34 'getelementptr' 'input_tile_8_addr' <Predicate = (!icmp_ln382)> <Delay = 0.00>
ST_1 : Operation 35 [1/1] (0.00ns)   --->   "%input_tile_9_addr = getelementptr i32 %input_tile_9, i64 0, i64 %zext_ln389_8" [src/srcnn.cpp:389]   --->   Operation 35 'getelementptr' 'input_tile_9_addr' <Predicate = (!icmp_ln382)> <Delay = 0.00>
ST_1 : Operation 36 [1/1] (0.00ns)   --->   "%input_tile_10_addr = getelementptr i32 %input_tile_10, i64 0, i64 %zext_ln389_8" [src/srcnn.cpp:389]   --->   Operation 36 'getelementptr' 'input_tile_10_addr' <Predicate = (!icmp_ln382)> <Delay = 0.00>
ST_1 : Operation 37 [1/1] (0.00ns)   --->   "%input_tile_11_addr = getelementptr i32 %input_tile_11, i64 0, i64 %zext_ln389_8" [src/srcnn.cpp:389]   --->   Operation 37 'getelementptr' 'input_tile_11_addr' <Predicate = (!icmp_ln382)> <Delay = 0.00>
ST_1 : Operation 38 [1/1] (0.00ns)   --->   "%input_tile_12_addr = getelementptr i32 %input_tile_12, i64 0, i64 %zext_ln389_8" [src/srcnn.cpp:389]   --->   Operation 38 'getelementptr' 'input_tile_12_addr' <Predicate = (!icmp_ln382)> <Delay = 0.00>
ST_1 : Operation 39 [1/1] (0.00ns)   --->   "%input_tile_13_addr = getelementptr i32 %input_tile_13, i64 0, i64 %zext_ln389_8" [src/srcnn.cpp:389]   --->   Operation 39 'getelementptr' 'input_tile_13_addr' <Predicate = (!icmp_ln382)> <Delay = 0.00>
ST_1 : Operation 40 [1/1] (0.00ns)   --->   "%input_tile_14_addr = getelementptr i32 %input_tile_14, i64 0, i64 %zext_ln389_8" [src/srcnn.cpp:389]   --->   Operation 40 'getelementptr' 'input_tile_14_addr' <Predicate = (!icmp_ln382)> <Delay = 0.00>
ST_1 : Operation 41 [1/1] (0.00ns)   --->   "%input_tile_15_addr = getelementptr i32 %input_tile_15, i64 0, i64 %zext_ln389_8" [src/srcnn.cpp:389]   --->   Operation 41 'getelementptr' 'input_tile_15_addr' <Predicate = (!icmp_ln382)> <Delay = 0.00>
ST_1 : Operation 42 [1/1] (0.00ns)   --->   "%input_tile_16_addr = getelementptr i32 %input_tile_16, i64 0, i64 %zext_ln389_8" [src/srcnn.cpp:389]   --->   Operation 42 'getelementptr' 'input_tile_16_addr' <Predicate = (!icmp_ln382)> <Delay = 0.00>
ST_1 : Operation 43 [2/2] (1.23ns)   --->   "%input_tile_load = load i11 %input_tile_addr" [src/srcnn.cpp:389]   --->   Operation 43 'load' 'input_tile_load' <Predicate = (!icmp_ln382)> <Delay = 1.23> <CoreInst = "RAM">   --->   Core 83 'RAM' <Latency = 1> <II = 1> <Delay = 1.23> <Storage> <Opcode : 'load' 'store'> <Ports = 2> <Width = 32> <Depth = 1088> <RAM>
ST_1 : Operation 44 [2/2] (1.23ns)   --->   "%input_tile_1_load = load i11 %input_tile_1_addr" [src/srcnn.cpp:389]   --->   Operation 44 'load' 'input_tile_1_load' <Predicate = (!icmp_ln382)> <Delay = 1.23> <CoreInst = "RAM">   --->   Core 83 'RAM' <Latency = 1> <II = 1> <Delay = 1.23> <Storage> <Opcode : 'load' 'store'> <Ports = 2> <Width = 32> <Depth = 1088> <RAM>
ST_1 : Operation 45 [2/2] (1.23ns)   --->   "%input_tile_2_load = load i11 %input_tile_2_addr" [src/srcnn.cpp:389]   --->   Operation 45 'load' 'input_tile_2_load' <Predicate = (!icmp_ln382)> <Delay = 1.23> <CoreInst = "RAM">   --->   Core 83 'RAM' <Latency = 1> <II = 1> <Delay = 1.23> <Storage> <Opcode : 'load' 'store'> <Ports = 2> <Width = 32> <Depth = 1088> <RAM>
ST_1 : Operation 46 [2/2] (1.23ns)   --->   "%input_tile_3_load = load i11 %input_tile_3_addr" [src/srcnn.cpp:389]   --->   Operation 46 'load' 'input_tile_3_load' <Predicate = (!icmp_ln382)> <Delay = 1.23> <CoreInst = "RAM">   --->   Core 83 'RAM' <Latency = 1> <II = 1> <Delay = 1.23> <Storage> <Opcode : 'load' 'store'> <Ports = 2> <Width = 32> <Depth = 1088> <RAM>
ST_1 : Operation 47 [2/2] (1.23ns)   --->   "%input_tile_4_load = load i11 %input_tile_4_addr" [src/srcnn.cpp:389]   --->   Operation 47 'load' 'input_tile_4_load' <Predicate = (!icmp_ln382)> <Delay = 1.23> <CoreInst = "RAM">   --->   Core 83 'RAM' <Latency = 1> <II = 1> <Delay = 1.23> <Storage> <Opcode : 'load' 'store'> <Ports = 2> <Width = 32> <Depth = 1088> <RAM>
ST_1 : Operation 48 [2/2] (1.23ns)   --->   "%input_tile_5_load = load i11 %input_tile_5_addr" [src/srcnn.cpp:389]   --->   Operation 48 'load' 'input_tile_5_load' <Predicate = (!icmp_ln382)> <Delay = 1.23> <CoreInst = "RAM">   --->   Core 83 'RAM' <Latency = 1> <II = 1> <Delay = 1.23> <Storage> <Opcode : 'load' 'store'> <Ports = 2> <Width = 32> <Depth = 1088> <RAM>
ST_1 : Operation 49 [2/2] (1.23ns)   --->   "%input_tile_6_load = load i11 %input_tile_6_addr" [src/srcnn.cpp:389]   --->   Operation 49 'load' 'input_tile_6_load' <Predicate = (!icmp_ln382)> <Delay = 1.23> <CoreInst = "RAM">   --->   Core 83 'RAM' <Latency = 1> <II = 1> <Delay = 1.23> <Storage> <Opcode : 'load' 'store'> <Ports = 2> <Width = 32> <Depth = 1088> <RAM>
ST_1 : Operation 50 [2/2] (1.23ns)   --->   "%input_tile_7_load = load i11 %input_tile_7_addr" [src/srcnn.cpp:389]   --->   Operation 50 'load' 'input_tile_7_load' <Predicate = (!icmp_ln382)> <Delay = 1.23> <CoreInst = "RAM">   --->   Core 83 'RAM' <Latency = 1> <II = 1> <Delay = 1.23> <Storage> <Opcode : 'load' 'store'> <Ports = 2> <Width = 32> <Depth = 1088> <RAM>
ST_1 : Operation 51 [2/2] (1.23ns)   --->   "%input_tile_8_load = load i11 %input_tile_8_addr" [src/srcnn.cpp:389]   --->   Operation 51 'load' 'input_tile_8_load' <Predicate = (!icmp_ln382)> <Delay = 1.23> <CoreInst = "RAM">   --->   Core 83 'RAM' <Latency = 1> <II = 1> <Delay = 1.23> <Storage> <Opcode : 'load' 'store'> <Ports = 2> <Width = 32> <Depth = 1088> <RAM>
ST_1 : Operation 52 [2/2] (1.23ns)   --->   "%input_tile_9_load = load i11 %input_tile_9_addr" [src/srcnn.cpp:389]   --->   Operation 52 'load' 'input_tile_9_load' <Predicate = (!icmp_ln382)> <Delay = 1.23> <CoreInst = "RAM">   --->   Core 83 'RAM' <Latency = 1> <II = 1> <Delay = 1.23> <Storage> <Opcode : 'load' 'store'> <Ports = 2> <Width = 32> <Depth = 1088> <RAM>
ST_1 : Operation 53 [2/2] (1.23ns)   --->   "%input_tile_10_load = load i11 %input_tile_10_addr" [src/srcnn.cpp:389]   --->   Operation 53 'load' 'input_tile_10_load' <Predicate = (!icmp_ln382)> <Delay = 1.23> <CoreInst = "RAM">   --->   Core 83 'RAM' <Latency = 1> <II = 1> <Delay = 1.23> <Storage> <Opcode : 'load' 'store'> <Ports = 2> <Width = 32> <Depth = 1088> <RAM>
ST_1 : Operation 54 [2/2] (1.23ns)   --->   "%input_tile_11_load = load i11 %input_tile_11_addr" [src/srcnn.cpp:389]   --->   Operation 54 'load' 'input_tile_11_load' <Predicate = (!icmp_ln382)> <Delay = 1.23> <CoreInst = "RAM">   --->   Core 83 'RAM' <Latency = 1> <II = 1> <Delay = 1.23> <Storage> <Opcode : 'load' 'store'> <Ports = 2> <Width = 32> <Depth = 1088> <RAM>
ST_1 : Operation 55 [2/2] (1.23ns)   --->   "%input_tile_12_load = load i11 %input_tile_12_addr" [src/srcnn.cpp:389]   --->   Operation 55 'load' 'input_tile_12_load' <Predicate = (!icmp_ln382)> <Delay = 1.23> <CoreInst = "RAM">   --->   Core 83 'RAM' <Latency = 1> <II = 1> <Delay = 1.23> <Storage> <Opcode : 'load' 'store'> <Ports = 2> <Width = 32> <Depth = 1088> <RAM>
ST_1 : Operation 56 [2/2] (1.23ns)   --->   "%input_tile_13_load = load i11 %input_tile_13_addr" [src/srcnn.cpp:389]   --->   Operation 56 'load' 'input_tile_13_load' <Predicate = (!icmp_ln382)> <Delay = 1.23> <CoreInst = "RAM">   --->   Core 83 'RAM' <Latency = 1> <II = 1> <Delay = 1.23> <Storage> <Opcode : 'load' 'store'> <Ports = 2> <Width = 32> <Depth = 1088> <RAM>
ST_1 : Operation 57 [2/2] (1.23ns)   --->   "%input_tile_14_load = load i11 %input_tile_14_addr" [src/srcnn.cpp:389]   --->   Operation 57 'load' 'input_tile_14_load' <Predicate = (!icmp_ln382)> <Delay = 1.23> <CoreInst = "RAM">   --->   Core 83 'RAM' <Latency = 1> <II = 1> <Delay = 1.23> <Storage> <Opcode : 'load' 'store'> <Ports = 2> <Width = 32> <Depth = 1088> <RAM>
ST_1 : Operation 58 [2/2] (1.23ns)   --->   "%input_tile_15_load = load i11 %input_tile_15_addr" [src/srcnn.cpp:389]   --->   Operation 58 'load' 'input_tile_15_load' <Predicate = (!icmp_ln382)> <Delay = 1.23> <CoreInst = "RAM">   --->   Core 83 'RAM' <Latency = 1> <II = 1> <Delay = 1.23> <Storage> <Opcode : 'load' 'store'> <Ports = 2> <Width = 32> <Depth = 1088> <RAM>
ST_1 : Operation 59 [2/2] (1.23ns)   --->   "%input_tile_16_load = load i11 %input_tile_16_addr" [src/srcnn.cpp:389]   --->   Operation 59 'load' 'input_tile_16_load' <Predicate = (!icmp_ln382)> <Delay = 1.23> <CoreInst = "RAM">   --->   Core 83 'RAM' <Latency = 1> <II = 1> <Delay = 1.23> <Storage> <Opcode : 'load' 'store'> <Ports = 2> <Width = 32> <Depth = 1088> <RAM>
ST_1 : Operation 60 [1/1] (0.42ns)   --->   "%store_ln382 = store i5 %add_ln382, i5 %i_4" [src/srcnn.cpp:382]   --->   Operation 60 'store' 'store_ln382' <Predicate = (!icmp_ln382)> <Delay = 0.42>

State 2 <SV = 1> <Delay = 1.23>
ST_2 : Operation 61 [1/2] (1.23ns)   --->   "%input_tile_load = load i11 %input_tile_addr" [src/srcnn.cpp:389]   --->   Operation 61 'load' 'input_tile_load' <Predicate = true> <Delay = 1.23> <CoreInst = "RAM">   --->   Core 83 'RAM' <Latency = 1> <II = 1> <Delay = 1.23> <Storage> <Opcode : 'load' 'store'> <Ports = 2> <Width = 32> <Depth = 1088> <RAM>
ST_2 : Operation 62 [1/2] (1.23ns)   --->   "%input_tile_1_load = load i11 %input_tile_1_addr" [src/srcnn.cpp:389]   --->   Operation 62 'load' 'input_tile_1_load' <Predicate = true> <Delay = 1.23> <CoreInst = "RAM">   --->   Core 83 'RAM' <Latency = 1> <II = 1> <Delay = 1.23> <Storage> <Opcode : 'load' 'store'> <Ports = 2> <Width = 32> <Depth = 1088> <RAM>
ST_2 : Operation 63 [1/2] (1.23ns)   --->   "%input_tile_2_load = load i11 %input_tile_2_addr" [src/srcnn.cpp:389]   --->   Operation 63 'load' 'input_tile_2_load' <Predicate = true> <Delay = 1.23> <CoreInst = "RAM">   --->   Core 83 'RAM' <Latency = 1> <II = 1> <Delay = 1.23> <Storage> <Opcode : 'load' 'store'> <Ports = 2> <Width = 32> <Depth = 1088> <RAM>
ST_2 : Operation 64 [1/2] (1.23ns)   --->   "%input_tile_3_load = load i11 %input_tile_3_addr" [src/srcnn.cpp:389]   --->   Operation 64 'load' 'input_tile_3_load' <Predicate = true> <Delay = 1.23> <CoreInst = "RAM">   --->   Core 83 'RAM' <Latency = 1> <II = 1> <Delay = 1.23> <Storage> <Opcode : 'load' 'store'> <Ports = 2> <Width = 32> <Depth = 1088> <RAM>
ST_2 : Operation 65 [1/2] (1.23ns)   --->   "%input_tile_4_load = load i11 %input_tile_4_addr" [src/srcnn.cpp:389]   --->   Operation 65 'load' 'input_tile_4_load' <Predicate = true> <Delay = 1.23> <CoreInst = "RAM">   --->   Core 83 'RAM' <Latency = 1> <II = 1> <Delay = 1.23> <Storage> <Opcode : 'load' 'store'> <Ports = 2> <Width = 32> <Depth = 1088> <RAM>
ST_2 : Operation 66 [1/2] (1.23ns)   --->   "%input_tile_5_load = load i11 %input_tile_5_addr" [src/srcnn.cpp:389]   --->   Operation 66 'load' 'input_tile_5_load' <Predicate = true> <Delay = 1.23> <CoreInst = "RAM">   --->   Core 83 'RAM' <Latency = 1> <II = 1> <Delay = 1.23> <Storage> <Opcode : 'load' 'store'> <Ports = 2> <Width = 32> <Depth = 1088> <RAM>
ST_2 : Operation 67 [1/2] (1.23ns)   --->   "%input_tile_6_load = load i11 %input_tile_6_addr" [src/srcnn.cpp:389]   --->   Operation 67 'load' 'input_tile_6_load' <Predicate = true> <Delay = 1.23> <CoreInst = "RAM">   --->   Core 83 'RAM' <Latency = 1> <II = 1> <Delay = 1.23> <Storage> <Opcode : 'load' 'store'> <Ports = 2> <Width = 32> <Depth = 1088> <RAM>
ST_2 : Operation 68 [1/2] (1.23ns)   --->   "%input_tile_7_load = load i11 %input_tile_7_addr" [src/srcnn.cpp:389]   --->   Operation 68 'load' 'input_tile_7_load' <Predicate = true> <Delay = 1.23> <CoreInst = "RAM">   --->   Core 83 'RAM' <Latency = 1> <II = 1> <Delay = 1.23> <Storage> <Opcode : 'load' 'store'> <Ports = 2> <Width = 32> <Depth = 1088> <RAM>
ST_2 : Operation 69 [1/2] (1.23ns)   --->   "%input_tile_8_load = load i11 %input_tile_8_addr" [src/srcnn.cpp:389]   --->   Operation 69 'load' 'input_tile_8_load' <Predicate = true> <Delay = 1.23> <CoreInst = "RAM">   --->   Core 83 'RAM' <Latency = 1> <II = 1> <Delay = 1.23> <Storage> <Opcode : 'load' 'store'> <Ports = 2> <Width = 32> <Depth = 1088> <RAM>
ST_2 : Operation 70 [1/2] (1.23ns)   --->   "%input_tile_9_load = load i11 %input_tile_9_addr" [src/srcnn.cpp:389]   --->   Operation 70 'load' 'input_tile_9_load' <Predicate = true> <Delay = 1.23> <CoreInst = "RAM">   --->   Core 83 'RAM' <Latency = 1> <II = 1> <Delay = 1.23> <Storage> <Opcode : 'load' 'store'> <Ports = 2> <Width = 32> <Depth = 1088> <RAM>
ST_2 : Operation 71 [1/2] (1.23ns)   --->   "%input_tile_10_load = load i11 %input_tile_10_addr" [src/srcnn.cpp:389]   --->   Operation 71 'load' 'input_tile_10_load' <Predicate = true> <Delay = 1.23> <CoreInst = "RAM">   --->   Core 83 'RAM' <Latency = 1> <II = 1> <Delay = 1.23> <Storage> <Opcode : 'load' 'store'> <Ports = 2> <Width = 32> <Depth = 1088> <RAM>
ST_2 : Operation 72 [1/2] (1.23ns)   --->   "%input_tile_11_load = load i11 %input_tile_11_addr" [src/srcnn.cpp:389]   --->   Operation 72 'load' 'input_tile_11_load' <Predicate = true> <Delay = 1.23> <CoreInst = "RAM">   --->   Core 83 'RAM' <Latency = 1> <II = 1> <Delay = 1.23> <Storage> <Opcode : 'load' 'store'> <Ports = 2> <Width = 32> <Depth = 1088> <RAM>
ST_2 : Operation 73 [1/2] (1.23ns)   --->   "%input_tile_12_load = load i11 %input_tile_12_addr" [src/srcnn.cpp:389]   --->   Operation 73 'load' 'input_tile_12_load' <Predicate = true> <Delay = 1.23> <CoreInst = "RAM">   --->   Core 83 'RAM' <Latency = 1> <II = 1> <Delay = 1.23> <Storage> <Opcode : 'load' 'store'> <Ports = 2> <Width = 32> <Depth = 1088> <RAM>
ST_2 : Operation 74 [1/2] (1.23ns)   --->   "%input_tile_13_load = load i11 %input_tile_13_addr" [src/srcnn.cpp:389]   --->   Operation 74 'load' 'input_tile_13_load' <Predicate = true> <Delay = 1.23> <CoreInst = "RAM">   --->   Core 83 'RAM' <Latency = 1> <II = 1> <Delay = 1.23> <Storage> <Opcode : 'load' 'store'> <Ports = 2> <Width = 32> <Depth = 1088> <RAM>
ST_2 : Operation 75 [1/2] (1.23ns)   --->   "%input_tile_14_load = load i11 %input_tile_14_addr" [src/srcnn.cpp:389]   --->   Operation 75 'load' 'input_tile_14_load' <Predicate = true> <Delay = 1.23> <CoreInst = "RAM">   --->   Core 83 'RAM' <Latency = 1> <II = 1> <Delay = 1.23> <Storage> <Opcode : 'load' 'store'> <Ports = 2> <Width = 32> <Depth = 1088> <RAM>
ST_2 : Operation 76 [1/2] (1.23ns)   --->   "%input_tile_15_load = load i11 %input_tile_15_addr" [src/srcnn.cpp:389]   --->   Operation 76 'load' 'input_tile_15_load' <Predicate = true> <Delay = 1.23> <CoreInst = "RAM">   --->   Core 83 'RAM' <Latency = 1> <II = 1> <Delay = 1.23> <Storage> <Opcode : 'load' 'store'> <Ports = 2> <Width = 32> <Depth = 1088> <RAM>
ST_2 : Operation 77 [1/2] (1.23ns)   --->   "%input_tile_16_load = load i11 %input_tile_16_addr" [src/srcnn.cpp:389]   --->   Operation 77 'load' 'input_tile_16_load' <Predicate = true> <Delay = 1.23> <CoreInst = "RAM">   --->   Core 83 'RAM' <Latency = 1> <II = 1> <Delay = 1.23> <Storage> <Opcode : 'load' 'store'> <Ports = 2> <Width = 32> <Depth = 1088> <RAM>

State 3 <SV = 2> <Delay = 7.01>
ST_3 : [1/1] (0.99ns)   --->   Input mux for Operation 78 '%mul = fmul i32 %tmp_read, i32 %input_tile_load'
ST_3 : Operation 78 [3/3] (6.01ns)   --->   "%mul = fmul i32 %tmp_read, i32 %input_tile_load" [src/srcnn.cpp:388]   --->   Operation 78 'fmul' 'mul' <Predicate = true> <Delay = 6.01> <CoreInst = "FMul_maxdsp">   --->   Core 30 'FMul_maxdsp' <Latency = 2> <II = 1> <Delay = 7.01> <FuncUnit> <Opcode : 'fmul'> <InPorts = 2> <OutPorts = 1>
ST_3 : [1/1] (0.99ns)   --->   Input mux for Operation 79 '%mul_s = fmul i32 %tmp_read, i32 %input_tile_1_load'
ST_3 : Operation 79 [3/3] (6.01ns)   --->   "%mul_s = fmul i32 %tmp_read, i32 %input_tile_1_load" [src/srcnn.cpp:388]   --->   Operation 79 'fmul' 'mul_s' <Predicate = true> <Delay = 6.01> <CoreInst = "FMul_maxdsp">   --->   Core 30 'FMul_maxdsp' <Latency = 2> <II = 1> <Delay = 7.01> <FuncUnit> <Opcode : 'fmul'> <InPorts = 2> <OutPorts = 1>
ST_3 : [1/1] (0.99ns)   --->   Input mux for Operation 80 '%mul_1 = fmul i32 %tmp_read, i32 %input_tile_2_load'
ST_3 : Operation 80 [3/3] (6.01ns)   --->   "%mul_1 = fmul i32 %tmp_read, i32 %input_tile_2_load" [src/srcnn.cpp:388]   --->   Operation 80 'fmul' 'mul_1' <Predicate = true> <Delay = 6.01> <CoreInst = "FMul_maxdsp">   --->   Core 30 'FMul_maxdsp' <Latency = 2> <II = 1> <Delay = 7.01> <FuncUnit> <Opcode : 'fmul'> <InPorts = 2> <OutPorts = 1>
ST_3 : [1/1] (0.99ns)   --->   Input mux for Operation 81 '%mul_2 = fmul i32 %tmp_read, i32 %input_tile_3_load'
ST_3 : Operation 81 [3/3] (6.01ns)   --->   "%mul_2 = fmul i32 %tmp_read, i32 %input_tile_3_load" [src/srcnn.cpp:388]   --->   Operation 81 'fmul' 'mul_2' <Predicate = true> <Delay = 6.01> <CoreInst = "FMul_maxdsp">   --->   Core 30 'FMul_maxdsp' <Latency = 2> <II = 1> <Delay = 7.01> <FuncUnit> <Opcode : 'fmul'> <InPorts = 2> <OutPorts = 1>
ST_3 : [1/1] (0.99ns)   --->   Input mux for Operation 82 '%mul_4 = fmul i32 %tmp_read, i32 %input_tile_4_load'
ST_3 : Operation 82 [3/3] (6.01ns)   --->   "%mul_4 = fmul i32 %tmp_read, i32 %input_tile_4_load" [src/srcnn.cpp:388]   --->   Operation 82 'fmul' 'mul_4' <Predicate = true> <Delay = 6.01> <CoreInst = "FMul_maxdsp">   --->   Core 30 'FMul_maxdsp' <Latency = 2> <II = 1> <Delay = 7.01> <FuncUnit> <Opcode : 'fmul'> <InPorts = 2> <OutPorts = 1>
ST_3 : [1/1] (0.99ns)   --->   Input mux for Operation 83 '%mul_5 = fmul i32 %tmp_read, i32 %input_tile_5_load'
ST_3 : Operation 83 [3/3] (6.01ns)   --->   "%mul_5 = fmul i32 %tmp_read, i32 %input_tile_5_load" [src/srcnn.cpp:388]   --->   Operation 83 'fmul' 'mul_5' <Predicate = true> <Delay = 6.01> <CoreInst = "FMul_maxdsp">   --->   Core 30 'FMul_maxdsp' <Latency = 2> <II = 1> <Delay = 7.01> <FuncUnit> <Opcode : 'fmul'> <InPorts = 2> <OutPorts = 1>
ST_3 : [1/1] (0.99ns)   --->   Input mux for Operation 84 '%mul_6 = fmul i32 %tmp_read, i32 %input_tile_6_load'
ST_3 : Operation 84 [3/3] (6.01ns)   --->   "%mul_6 = fmul i32 %tmp_read, i32 %input_tile_6_load" [src/srcnn.cpp:388]   --->   Operation 84 'fmul' 'mul_6' <Predicate = true> <Delay = 6.01> <CoreInst = "FMul_maxdsp">   --->   Core 30 'FMul_maxdsp' <Latency = 2> <II = 1> <Delay = 7.01> <FuncUnit> <Opcode : 'fmul'> <InPorts = 2> <OutPorts = 1>
ST_3 : [1/1] (0.99ns)   --->   Input mux for Operation 85 '%mul_7 = fmul i32 %tmp_read, i32 %input_tile_7_load'
ST_3 : Operation 85 [3/3] (6.01ns)   --->   "%mul_7 = fmul i32 %tmp_read, i32 %input_tile_7_load" [src/srcnn.cpp:388]   --->   Operation 85 'fmul' 'mul_7' <Predicate = true> <Delay = 6.01> <CoreInst = "FMul_maxdsp">   --->   Core 30 'FMul_maxdsp' <Latency = 2> <II = 1> <Delay = 7.01> <FuncUnit> <Opcode : 'fmul'> <InPorts = 2> <OutPorts = 1>
ST_3 : [1/1] (0.99ns)   --->   Input mux for Operation 86 '%mul_8 = fmul i32 %tmp_read, i32 %input_tile_8_load'
ST_3 : Operation 86 [3/3] (6.01ns)   --->   "%mul_8 = fmul i32 %tmp_read, i32 %input_tile_8_load" [src/srcnn.cpp:388]   --->   Operation 86 'fmul' 'mul_8' <Predicate = true> <Delay = 6.01> <CoreInst = "FMul_maxdsp">   --->   Core 30 'FMul_maxdsp' <Latency = 2> <II = 1> <Delay = 7.01> <FuncUnit> <Opcode : 'fmul'> <InPorts = 2> <OutPorts = 1>
ST_3 : [1/1] (0.99ns)   --->   Input mux for Operation 87 '%mul_9 = fmul i32 %tmp_read, i32 %input_tile_9_load'
ST_3 : Operation 87 [3/3] (6.01ns)   --->   "%mul_9 = fmul i32 %tmp_read, i32 %input_tile_9_load" [src/srcnn.cpp:388]   --->   Operation 87 'fmul' 'mul_9' <Predicate = true> <Delay = 6.01> <CoreInst = "FMul_maxdsp">   --->   Core 30 'FMul_maxdsp' <Latency = 2> <II = 1> <Delay = 7.01> <FuncUnit> <Opcode : 'fmul'> <InPorts = 2> <OutPorts = 1>
ST_3 : [1/1] (0.99ns)   --->   Input mux for Operation 88 '%mul_3 = fmul i32 %tmp_read, i32 %input_tile_10_load'
ST_3 : Operation 88 [3/3] (6.01ns)   --->   "%mul_3 = fmul i32 %tmp_read, i32 %input_tile_10_load" [src/srcnn.cpp:388]   --->   Operation 88 'fmul' 'mul_3' <Predicate = true> <Delay = 6.01> <CoreInst = "FMul_maxdsp">   --->   Core 30 'FMul_maxdsp' <Latency = 2> <II = 1> <Delay = 7.01> <FuncUnit> <Opcode : 'fmul'> <InPorts = 2> <OutPorts = 1>
ST_3 : [1/1] (0.99ns)   --->   Input mux for Operation 89 '%mul_10 = fmul i32 %tmp_read, i32 %input_tile_11_load'
ST_3 : Operation 89 [3/3] (6.01ns)   --->   "%mul_10 = fmul i32 %tmp_read, i32 %input_tile_11_load" [src/srcnn.cpp:388]   --->   Operation 89 'fmul' 'mul_10' <Predicate = true> <Delay = 6.01> <CoreInst = "FMul_maxdsp">   --->   Core 30 'FMul_maxdsp' <Latency = 2> <II = 1> <Delay = 7.01> <FuncUnit> <Opcode : 'fmul'> <InPorts = 2> <OutPorts = 1>
ST_3 : [1/1] (0.99ns)   --->   Input mux for Operation 90 '%mul_11 = fmul i32 %tmp_read, i32 %input_tile_12_load'
ST_3 : Operation 90 [3/3] (6.01ns)   --->   "%mul_11 = fmul i32 %tmp_read, i32 %input_tile_12_load" [src/srcnn.cpp:388]   --->   Operation 90 'fmul' 'mul_11' <Predicate = true> <Delay = 6.01> <CoreInst = "FMul_maxdsp">   --->   Core 30 'FMul_maxdsp' <Latency = 2> <II = 1> <Delay = 7.01> <FuncUnit> <Opcode : 'fmul'> <InPorts = 2> <OutPorts = 1>
ST_3 : [1/1] (0.99ns)   --->   Input mux for Operation 91 '%mul_12 = fmul i32 %tmp_read, i32 %input_tile_13_load'
ST_3 : Operation 91 [3/3] (6.01ns)   --->   "%mul_12 = fmul i32 %tmp_read, i32 %input_tile_13_load" [src/srcnn.cpp:388]   --->   Operation 91 'fmul' 'mul_12' <Predicate = true> <Delay = 6.01> <CoreInst = "FMul_maxdsp">   --->   Core 30 'FMul_maxdsp' <Latency = 2> <II = 1> <Delay = 7.01> <FuncUnit> <Opcode : 'fmul'> <InPorts = 2> <OutPorts = 1>
ST_3 : [1/1] (0.99ns)   --->   Input mux for Operation 92 '%mul_13 = fmul i32 %tmp_read, i32 %input_tile_14_load'
ST_3 : Operation 92 [3/3] (6.01ns)   --->   "%mul_13 = fmul i32 %tmp_read, i32 %input_tile_14_load" [src/srcnn.cpp:388]   --->   Operation 92 'fmul' 'mul_13' <Predicate = true> <Delay = 6.01> <CoreInst = "FMul_maxdsp">   --->   Core 30 'FMul_maxdsp' <Latency = 2> <II = 1> <Delay = 7.01> <FuncUnit> <Opcode : 'fmul'> <InPorts = 2> <OutPorts = 1>
ST_3 : [1/1] (0.99ns)   --->   Input mux for Operation 93 '%mul_14 = fmul i32 %tmp_read, i32 %input_tile_15_load'
ST_3 : Operation 93 [3/3] (6.01ns)   --->   "%mul_14 = fmul i32 %tmp_read, i32 %input_tile_15_load" [src/srcnn.cpp:388]   --->   Operation 93 'fmul' 'mul_14' <Predicate = true> <Delay = 6.01> <CoreInst = "FMul_maxdsp">   --->   Core 30 'FMul_maxdsp' <Latency = 2> <II = 1> <Delay = 7.01> <FuncUnit> <Opcode : 'fmul'> <InPorts = 2> <OutPorts = 1>
ST_3 : [1/1] (0.99ns)   --->   Input mux for Operation 94 '%mul_15 = fmul i32 %tmp_read, i32 %input_tile_16_load'
ST_3 : Operation 94 [3/3] (6.01ns)   --->   "%mul_15 = fmul i32 %tmp_read, i32 %input_tile_16_load" [src/srcnn.cpp:388]   --->   Operation 94 'fmul' 'mul_15' <Predicate = true> <Delay = 6.01> <CoreInst = "FMul_maxdsp">   --->   Core 30 'FMul_maxdsp' <Latency = 2> <II = 1> <Delay = 7.01> <FuncUnit> <Opcode : 'fmul'> <InPorts = 2> <OutPorts = 1>

State 4 <SV = 3> <Delay = 7.01>
ST_4 : Operation 95 [1/1] (0.00ns)   --->   "%zext_ln389 = zext i5 %i" [src/srcnn.cpp:389]   --->   Operation 95 'zext' 'zext_ln389' <Predicate = true> <Delay = 0.00>
ST_4 : Operation 96 [1/1] (0.78ns)   --->   "%add_ln387_1 = add i10 %add_ln387_read, i10 %zext_ln389" [src/srcnn.cpp:387]   --->   Operation 96 'add' 'add_ln387_1' <Predicate = true> <Delay = 0.78> <CoreInst = "Adder">   --->   Core 1 'Adder' <Latency = 0> <II = 1> <Delay = 0.78> <FuncUnit> <Opcode : 'add' 'sub'> <InPorts = 2> <OutPorts = 1>
ST_4 : Operation 97 [1/1] (0.00ns)   --->   "%zext_ln387 = zext i10 %add_ln387_1" [src/srcnn.cpp:387]   --->   Operation 97 'zext' 'zext_ln387' <Predicate = true> <Delay = 0.00>
ST_4 : Operation 98 [1/1] (0.00ns)   --->   "%layer2_output_tile_addr = getelementptr i32 %layer2_output_tile, i64 0, i64 %zext_ln387" [src/srcnn.cpp:387]   --->   Operation 98 'getelementptr' 'layer2_output_tile_addr' <Predicate = true> <Delay = 0.00>
ST_4 : Operation 99 [1/1] (0.00ns)   --->   "%layer2_output_tile_1_addr = getelementptr i32 %layer2_output_tile_1, i64 0, i64 %zext_ln387" [src/srcnn.cpp:387]   --->   Operation 99 'getelementptr' 'layer2_output_tile_1_addr' <Predicate = true> <Delay = 0.00>
ST_4 : Operation 100 [1/1] (0.00ns)   --->   "%layer2_output_tile_2_addr = getelementptr i32 %layer2_output_tile_2, i64 0, i64 %zext_ln387" [src/srcnn.cpp:387]   --->   Operation 100 'getelementptr' 'layer2_output_tile_2_addr' <Predicate = true> <Delay = 0.00>
ST_4 : Operation 101 [1/1] (0.00ns)   --->   "%layer2_output_tile_3_addr = getelementptr i32 %layer2_output_tile_3, i64 0, i64 %zext_ln387" [src/srcnn.cpp:387]   --->   Operation 101 'getelementptr' 'layer2_output_tile_3_addr' <Predicate = true> <Delay = 0.00>
ST_4 : Operation 102 [1/1] (0.00ns)   --->   "%layer2_output_tile_4_addr = getelementptr i32 %layer2_output_tile_4, i64 0, i64 %zext_ln387" [src/srcnn.cpp:387]   --->   Operation 102 'getelementptr' 'layer2_output_tile_4_addr' <Predicate = true> <Delay = 0.00>
ST_4 : Operation 103 [1/1] (0.00ns)   --->   "%layer2_output_tile_5_addr = getelementptr i32 %layer2_output_tile_5, i64 0, i64 %zext_ln387" [src/srcnn.cpp:387]   --->   Operation 103 'getelementptr' 'layer2_output_tile_5_addr' <Predicate = true> <Delay = 0.00>
ST_4 : Operation 104 [1/1] (0.00ns)   --->   "%layer2_output_tile_6_addr = getelementptr i32 %layer2_output_tile_6, i64 0, i64 %zext_ln387" [src/srcnn.cpp:387]   --->   Operation 104 'getelementptr' 'layer2_output_tile_6_addr' <Predicate = true> <Delay = 0.00>
ST_4 : Operation 105 [1/1] (0.00ns)   --->   "%layer2_output_tile_7_addr = getelementptr i32 %layer2_output_tile_7, i64 0, i64 %zext_ln387" [src/srcnn.cpp:387]   --->   Operation 105 'getelementptr' 'layer2_output_tile_7_addr' <Predicate = true> <Delay = 0.00>
ST_4 : Operation 106 [1/1] (0.00ns)   --->   "%layer2_output_tile_8_addr = getelementptr i32 %layer2_output_tile_8, i64 0, i64 %zext_ln387" [src/srcnn.cpp:387]   --->   Operation 106 'getelementptr' 'layer2_output_tile_8_addr' <Predicate = true> <Delay = 0.00>
ST_4 : Operation 107 [1/1] (0.00ns)   --->   "%layer2_output_tile_9_addr = getelementptr i32 %layer2_output_tile_9, i64 0, i64 %zext_ln387" [src/srcnn.cpp:387]   --->   Operation 107 'getelementptr' 'layer2_output_tile_9_addr' <Predicate = true> <Delay = 0.00>
ST_4 : Operation 108 [1/1] (0.00ns)   --->   "%layer2_output_tile_10_addr = getelementptr i32 %layer2_output_tile_10, i64 0, i64 %zext_ln387" [src/srcnn.cpp:387]   --->   Operation 108 'getelementptr' 'layer2_output_tile_10_addr' <Predicate = true> <Delay = 0.00>
ST_4 : Operation 109 [1/1] (0.00ns)   --->   "%layer2_output_tile_11_addr = getelementptr i32 %layer2_output_tile_11, i64 0, i64 %zext_ln387" [src/srcnn.cpp:387]   --->   Operation 109 'getelementptr' 'layer2_output_tile_11_addr' <Predicate = true> <Delay = 0.00>
ST_4 : Operation 110 [1/1] (0.00ns)   --->   "%layer2_output_tile_12_addr = getelementptr i32 %layer2_output_tile_12, i64 0, i64 %zext_ln387" [src/srcnn.cpp:387]   --->   Operation 110 'getelementptr' 'layer2_output_tile_12_addr' <Predicate = true> <Delay = 0.00>
ST_4 : Operation 111 [1/1] (0.00ns)   --->   "%layer2_output_tile_13_addr = getelementptr i32 %layer2_output_tile_13, i64 0, i64 %zext_ln387" [src/srcnn.cpp:387]   --->   Operation 111 'getelementptr' 'layer2_output_tile_13_addr' <Predicate = true> <Delay = 0.00>
ST_4 : Operation 112 [1/1] (0.00ns)   --->   "%layer2_output_tile_14_addr = getelementptr i32 %layer2_output_tile_14, i64 0, i64 %zext_ln387" [src/srcnn.cpp:387]   --->   Operation 112 'getelementptr' 'layer2_output_tile_14_addr' <Predicate = true> <Delay = 0.00>
ST_4 : Operation 113 [1/1] (0.00ns)   --->   "%layer2_output_tile_15_addr = getelementptr i32 %layer2_output_tile_15, i64 0, i64 %zext_ln387" [src/srcnn.cpp:387]   --->   Operation 113 'getelementptr' 'layer2_output_tile_15_addr' <Predicate = true> <Delay = 0.00>
ST_4 : Operation 114 [1/1] (0.00ns)   --->   "%layer2_output_tile_16_addr = getelementptr i32 %layer2_output_tile_16, i64 0, i64 %zext_ln387" [src/srcnn.cpp:387]   --->   Operation 114 'getelementptr' 'layer2_output_tile_16_addr' <Predicate = true> <Delay = 0.00>
ST_4 : Operation 115 [2/3] (7.01ns)   --->   "%mul = fmul i32 %tmp_read, i32 %input_tile_load" [src/srcnn.cpp:388]   --->   Operation 115 'fmul' 'mul' <Predicate = true> <Delay = 7.01> <CoreInst = "FMul_maxdsp">   --->   Core 30 'FMul_maxdsp' <Latency = 2> <II = 1> <Delay = 7.01> <FuncUnit> <Opcode : 'fmul'> <InPorts = 2> <OutPorts = 1>
ST_4 : Operation 116 [2/2] (1.23ns)   --->   "%layer2_output_tile_load = load i10 %layer2_output_tile_addr" [src/srcnn.cpp:387]   --->   Operation 116 'load' 'layer2_output_tile_load' <Predicate = true> <Delay = 1.23> <CoreInst = "RAM">   --->   Core 83 'RAM' <Latency = 1> <II = 1> <Delay = 1.23> <Storage> <Opcode : 'load' 'store'> <Ports = 2> <Width = 32> <Depth = 544> <RAM>
ST_4 : Operation 117 [2/3] (7.01ns)   --->   "%mul_s = fmul i32 %tmp_read, i32 %input_tile_1_load" [src/srcnn.cpp:388]   --->   Operation 117 'fmul' 'mul_s' <Predicate = true> <Delay = 7.01> <CoreInst = "FMul_maxdsp">   --->   Core 30 'FMul_maxdsp' <Latency = 2> <II = 1> <Delay = 7.01> <FuncUnit> <Opcode : 'fmul'> <InPorts = 2> <OutPorts = 1>
ST_4 : Operation 118 [2/3] (7.01ns)   --->   "%mul_1 = fmul i32 %tmp_read, i32 %input_tile_2_load" [src/srcnn.cpp:388]   --->   Operation 118 'fmul' 'mul_1' <Predicate = true> <Delay = 7.01> <CoreInst = "FMul_maxdsp">   --->   Core 30 'FMul_maxdsp' <Latency = 2> <II = 1> <Delay = 7.01> <FuncUnit> <Opcode : 'fmul'> <InPorts = 2> <OutPorts = 1>
ST_4 : Operation 119 [2/3] (7.01ns)   --->   "%mul_2 = fmul i32 %tmp_read, i32 %input_tile_3_load" [src/srcnn.cpp:388]   --->   Operation 119 'fmul' 'mul_2' <Predicate = true> <Delay = 7.01> <CoreInst = "FMul_maxdsp">   --->   Core 30 'FMul_maxdsp' <Latency = 2> <II = 1> <Delay = 7.01> <FuncUnit> <Opcode : 'fmul'> <InPorts = 2> <OutPorts = 1>
ST_4 : Operation 120 [2/3] (7.01ns)   --->   "%mul_4 = fmul i32 %tmp_read, i32 %input_tile_4_load" [src/srcnn.cpp:388]   --->   Operation 120 'fmul' 'mul_4' <Predicate = true> <Delay = 7.01> <CoreInst = "FMul_maxdsp">   --->   Core 30 'FMul_maxdsp' <Latency = 2> <II = 1> <Delay = 7.01> <FuncUnit> <Opcode : 'fmul'> <InPorts = 2> <OutPorts = 1>
ST_4 : Operation 121 [2/3] (7.01ns)   --->   "%mul_5 = fmul i32 %tmp_read, i32 %input_tile_5_load" [src/srcnn.cpp:388]   --->   Operation 121 'fmul' 'mul_5' <Predicate = true> <Delay = 7.01> <CoreInst = "FMul_maxdsp">   --->   Core 30 'FMul_maxdsp' <Latency = 2> <II = 1> <Delay = 7.01> <FuncUnit> <Opcode : 'fmul'> <InPorts = 2> <OutPorts = 1>
ST_4 : Operation 122 [2/3] (7.01ns)   --->   "%mul_6 = fmul i32 %tmp_read, i32 %input_tile_6_load" [src/srcnn.cpp:388]   --->   Operation 122 'fmul' 'mul_6' <Predicate = true> <Delay = 7.01> <CoreInst = "FMul_maxdsp">   --->   Core 30 'FMul_maxdsp' <Latency = 2> <II = 1> <Delay = 7.01> <FuncUnit> <Opcode : 'fmul'> <InPorts = 2> <OutPorts = 1>
ST_4 : Operation 123 [2/3] (7.01ns)   --->   "%mul_7 = fmul i32 %tmp_read, i32 %input_tile_7_load" [src/srcnn.cpp:388]   --->   Operation 123 'fmul' 'mul_7' <Predicate = true> <Delay = 7.01> <CoreInst = "FMul_maxdsp">   --->   Core 30 'FMul_maxdsp' <Latency = 2> <II = 1> <Delay = 7.01> <FuncUnit> <Opcode : 'fmul'> <InPorts = 2> <OutPorts = 1>
ST_4 : Operation 124 [2/3] (7.01ns)   --->   "%mul_8 = fmul i32 %tmp_read, i32 %input_tile_8_load" [src/srcnn.cpp:388]   --->   Operation 124 'fmul' 'mul_8' <Predicate = true> <Delay = 7.01> <CoreInst = "FMul_maxdsp">   --->   Core 30 'FMul_maxdsp' <Latency = 2> <II = 1> <Delay = 7.01> <FuncUnit> <Opcode : 'fmul'> <InPorts = 2> <OutPorts = 1>
ST_4 : Operation 125 [2/3] (7.01ns)   --->   "%mul_9 = fmul i32 %tmp_read, i32 %input_tile_9_load" [src/srcnn.cpp:388]   --->   Operation 125 'fmul' 'mul_9' <Predicate = true> <Delay = 7.01> <CoreInst = "FMul_maxdsp">   --->   Core 30 'FMul_maxdsp' <Latency = 2> <II = 1> <Delay = 7.01> <FuncUnit> <Opcode : 'fmul'> <InPorts = 2> <OutPorts = 1>
ST_4 : Operation 126 [2/3] (7.01ns)   --->   "%mul_3 = fmul i32 %tmp_read, i32 %input_tile_10_load" [src/srcnn.cpp:388]   --->   Operation 126 'fmul' 'mul_3' <Predicate = true> <Delay = 7.01> <CoreInst = "FMul_maxdsp">   --->   Core 30 'FMul_maxdsp' <Latency = 2> <II = 1> <Delay = 7.01> <FuncUnit> <Opcode : 'fmul'> <InPorts = 2> <OutPorts = 1>
ST_4 : Operation 127 [2/3] (7.01ns)   --->   "%mul_10 = fmul i32 %tmp_read, i32 %input_tile_11_load" [src/srcnn.cpp:388]   --->   Operation 127 'fmul' 'mul_10' <Predicate = true> <Delay = 7.01> <CoreInst = "FMul_maxdsp">   --->   Core 30 'FMul_maxdsp' <Latency = 2> <II = 1> <Delay = 7.01> <FuncUnit> <Opcode : 'fmul'> <InPorts = 2> <OutPorts = 1>
ST_4 : Operation 128 [2/3] (7.01ns)   --->   "%mul_11 = fmul i32 %tmp_read, i32 %input_tile_12_load" [src/srcnn.cpp:388]   --->   Operation 128 'fmul' 'mul_11' <Predicate = true> <Delay = 7.01> <CoreInst = "FMul_maxdsp">   --->   Core 30 'FMul_maxdsp' <Latency = 2> <II = 1> <Delay = 7.01> <FuncUnit> <Opcode : 'fmul'> <InPorts = 2> <OutPorts = 1>
ST_4 : Operation 129 [2/3] (7.01ns)   --->   "%mul_12 = fmul i32 %tmp_read, i32 %input_tile_13_load" [src/srcnn.cpp:388]   --->   Operation 129 'fmul' 'mul_12' <Predicate = true> <Delay = 7.01> <CoreInst = "FMul_maxdsp">   --->   Core 30 'FMul_maxdsp' <Latency = 2> <II = 1> <Delay = 7.01> <FuncUnit> <Opcode : 'fmul'> <InPorts = 2> <OutPorts = 1>
ST_4 : Operation 130 [2/3] (7.01ns)   --->   "%mul_13 = fmul i32 %tmp_read, i32 %input_tile_14_load" [src/srcnn.cpp:388]   --->   Operation 130 'fmul' 'mul_13' <Predicate = true> <Delay = 7.01> <CoreInst = "FMul_maxdsp">   --->   Core 30 'FMul_maxdsp' <Latency = 2> <II = 1> <Delay = 7.01> <FuncUnit> <Opcode : 'fmul'> <InPorts = 2> <OutPorts = 1>
ST_4 : Operation 131 [2/3] (7.01ns)   --->   "%mul_14 = fmul i32 %tmp_read, i32 %input_tile_15_load" [src/srcnn.cpp:388]   --->   Operation 131 'fmul' 'mul_14' <Predicate = true> <Delay = 7.01> <CoreInst = "FMul_maxdsp">   --->   Core 30 'FMul_maxdsp' <Latency = 2> <II = 1> <Delay = 7.01> <FuncUnit> <Opcode : 'fmul'> <InPorts = 2> <OutPorts = 1>
ST_4 : Operation 132 [2/3] (7.01ns)   --->   "%mul_15 = fmul i32 %tmp_read, i32 %input_tile_16_load" [src/srcnn.cpp:388]   --->   Operation 132 'fmul' 'mul_15' <Predicate = true> <Delay = 7.01> <CoreInst = "FMul_maxdsp">   --->   Core 30 'FMul_maxdsp' <Latency = 2> <II = 1> <Delay = 7.01> <FuncUnit> <Opcode : 'fmul'> <InPorts = 2> <OutPorts = 1>
ST_4 : Operation 133 [2/2] (1.23ns)   --->   "%layer2_output_tile_1_load = load i10 %layer2_output_tile_1_addr" [src/srcnn.cpp:387]   --->   Operation 133 'load' 'layer2_output_tile_1_load' <Predicate = true> <Delay = 1.23> <CoreInst = "RAM">   --->   Core 83 'RAM' <Latency = 1> <II = 1> <Delay = 1.23> <Storage> <Opcode : 'load' 'store'> <Ports = 2> <Width = 32> <Depth = 544> <RAM>
ST_4 : Operation 134 [2/2] (1.23ns)   --->   "%layer2_output_tile_2_load = load i10 %layer2_output_tile_2_addr" [src/srcnn.cpp:387]   --->   Operation 134 'load' 'layer2_output_tile_2_load' <Predicate = true> <Delay = 1.23> <CoreInst = "RAM">   --->   Core 83 'RAM' <Latency = 1> <II = 1> <Delay = 1.23> <Storage> <Opcode : 'load' 'store'> <Ports = 2> <Width = 32> <Depth = 544> <RAM>
ST_4 : Operation 135 [2/2] (1.23ns)   --->   "%layer2_output_tile_3_load = load i10 %layer2_output_tile_3_addr" [src/srcnn.cpp:387]   --->   Operation 135 'load' 'layer2_output_tile_3_load' <Predicate = true> <Delay = 1.23> <CoreInst = "RAM">   --->   Core 83 'RAM' <Latency = 1> <II = 1> <Delay = 1.23> <Storage> <Opcode : 'load' 'store'> <Ports = 2> <Width = 32> <Depth = 544> <RAM>
ST_4 : Operation 136 [2/2] (1.23ns)   --->   "%layer2_output_tile_4_load = load i10 %layer2_output_tile_4_addr" [src/srcnn.cpp:387]   --->   Operation 136 'load' 'layer2_output_tile_4_load' <Predicate = true> <Delay = 1.23> <CoreInst = "RAM">   --->   Core 83 'RAM' <Latency = 1> <II = 1> <Delay = 1.23> <Storage> <Opcode : 'load' 'store'> <Ports = 2> <Width = 32> <Depth = 544> <RAM>
ST_4 : Operation 137 [2/2] (1.23ns)   --->   "%layer2_output_tile_5_load = load i10 %layer2_output_tile_5_addr" [src/srcnn.cpp:387]   --->   Operation 137 'load' 'layer2_output_tile_5_load' <Predicate = true> <Delay = 1.23> <CoreInst = "RAM">   --->   Core 83 'RAM' <Latency = 1> <II = 1> <Delay = 1.23> <Storage> <Opcode : 'load' 'store'> <Ports = 2> <Width = 32> <Depth = 544> <RAM>
ST_4 : Operation 138 [2/2] (1.23ns)   --->   "%layer2_output_tile_6_load = load i10 %layer2_output_tile_6_addr" [src/srcnn.cpp:387]   --->   Operation 138 'load' 'layer2_output_tile_6_load' <Predicate = true> <Delay = 1.23> <CoreInst = "RAM">   --->   Core 83 'RAM' <Latency = 1> <II = 1> <Delay = 1.23> <Storage> <Opcode : 'load' 'store'> <Ports = 2> <Width = 32> <Depth = 544> <RAM>
ST_4 : Operation 139 [2/2] (1.23ns)   --->   "%layer2_output_tile_7_load = load i10 %layer2_output_tile_7_addr" [src/srcnn.cpp:387]   --->   Operation 139 'load' 'layer2_output_tile_7_load' <Predicate = true> <Delay = 1.23> <CoreInst = "RAM">   --->   Core 83 'RAM' <Latency = 1> <II = 1> <Delay = 1.23> <Storage> <Opcode : 'load' 'store'> <Ports = 2> <Width = 32> <Depth = 544> <RAM>
ST_4 : Operation 140 [2/2] (1.23ns)   --->   "%layer2_output_tile_8_load = load i10 %layer2_output_tile_8_addr" [src/srcnn.cpp:387]   --->   Operation 140 'load' 'layer2_output_tile_8_load' <Predicate = true> <Delay = 1.23> <CoreInst = "RAM">   --->   Core 83 'RAM' <Latency = 1> <II = 1> <Delay = 1.23> <Storage> <Opcode : 'load' 'store'> <Ports = 2> <Width = 32> <Depth = 544> <RAM>
ST_4 : Operation 141 [2/2] (1.23ns)   --->   "%layer2_output_tile_9_load = load i10 %layer2_output_tile_9_addr" [src/srcnn.cpp:387]   --->   Operation 141 'load' 'layer2_output_tile_9_load' <Predicate = true> <Delay = 1.23> <CoreInst = "RAM">   --->   Core 83 'RAM' <Latency = 1> <II = 1> <Delay = 1.23> <Storage> <Opcode : 'load' 'store'> <Ports = 2> <Width = 32> <Depth = 544> <RAM>
ST_4 : Operation 142 [2/2] (1.23ns)   --->   "%layer2_output_tile_10_load = load i10 %layer2_output_tile_10_addr" [src/srcnn.cpp:387]   --->   Operation 142 'load' 'layer2_output_tile_10_load' <Predicate = true> <Delay = 1.23> <CoreInst = "RAM">   --->   Core 83 'RAM' <Latency = 1> <II = 1> <Delay = 1.23> <Storage> <Opcode : 'load' 'store'> <Ports = 2> <Width = 32> <Depth = 544> <RAM>
ST_4 : Operation 143 [2/2] (1.23ns)   --->   "%layer2_output_tile_11_load = load i10 %layer2_output_tile_11_addr" [src/srcnn.cpp:387]   --->   Operation 143 'load' 'layer2_output_tile_11_load' <Predicate = true> <Delay = 1.23> <CoreInst = "RAM">   --->   Core 83 'RAM' <Latency = 1> <II = 1> <Delay = 1.23> <Storage> <Opcode : 'load' 'store'> <Ports = 2> <Width = 32> <Depth = 544> <RAM>
ST_4 : Operation 144 [2/2] (1.23ns)   --->   "%layer2_output_tile_12_load = load i10 %layer2_output_tile_12_addr" [src/srcnn.cpp:387]   --->   Operation 144 'load' 'layer2_output_tile_12_load' <Predicate = true> <Delay = 1.23> <CoreInst = "RAM">   --->   Core 83 'RAM' <Latency = 1> <II = 1> <Delay = 1.23> <Storage> <Opcode : 'load' 'store'> <Ports = 2> <Width = 32> <Depth = 544> <RAM>
ST_4 : Operation 145 [2/2] (1.23ns)   --->   "%layer2_output_tile_13_load = load i10 %layer2_output_tile_13_addr" [src/srcnn.cpp:387]   --->   Operation 145 'load' 'layer2_output_tile_13_load' <Predicate = true> <Delay = 1.23> <CoreInst = "RAM">   --->   Core 83 'RAM' <Latency = 1> <II = 1> <Delay = 1.23> <Storage> <Opcode : 'load' 'store'> <Ports = 2> <Width = 32> <Depth = 544> <RAM>
ST_4 : Operation 146 [2/2] (1.23ns)   --->   "%layer2_output_tile_14_load = load i10 %layer2_output_tile_14_addr" [src/srcnn.cpp:387]   --->   Operation 146 'load' 'layer2_output_tile_14_load' <Predicate = true> <Delay = 1.23> <CoreInst = "RAM">   --->   Core 83 'RAM' <Latency = 1> <II = 1> <Delay = 1.23> <Storage> <Opcode : 'load' 'store'> <Ports = 2> <Width = 32> <Depth = 544> <RAM>
ST_4 : Operation 147 [2/2] (1.23ns)   --->   "%layer2_output_tile_15_load = load i10 %layer2_output_tile_15_addr" [src/srcnn.cpp:387]   --->   Operation 147 'load' 'layer2_output_tile_15_load' <Predicate = true> <Delay = 1.23> <CoreInst = "RAM">   --->   Core 83 'RAM' <Latency = 1> <II = 1> <Delay = 1.23> <Storage> <Opcode : 'load' 'store'> <Ports = 2> <Width = 32> <Depth = 544> <RAM>
ST_4 : Operation 148 [2/2] (1.23ns)   --->   "%layer2_output_tile_16_load = load i10 %layer2_output_tile_16_addr" [src/srcnn.cpp:387]   --->   Operation 148 'load' 'layer2_output_tile_16_load' <Predicate = true> <Delay = 1.23> <CoreInst = "RAM">   --->   Core 83 'RAM' <Latency = 1> <II = 1> <Delay = 1.23> <Storage> <Opcode : 'load' 'store'> <Ports = 2> <Width = 32> <Depth = 544> <RAM>

State 5 <SV = 4> <Delay = 7.01>
ST_5 : Operation 149 [1/3] (7.01ns)   --->   "%mul = fmul i32 %tmp_read, i32 %input_tile_load" [src/srcnn.cpp:388]   --->   Operation 149 'fmul' 'mul' <Predicate = true> <Delay = 7.01> <CoreInst = "FMul_maxdsp">   --->   Core 30 'FMul_maxdsp' <Latency = 2> <II = 1> <Delay = 7.01> <FuncUnit> <Opcode : 'fmul'> <InPorts = 2> <OutPorts = 1>
ST_5 : Operation 150 [1/2] (1.23ns)   --->   "%layer2_output_tile_load = load i10 %layer2_output_tile_addr" [src/srcnn.cpp:387]   --->   Operation 150 'load' 'layer2_output_tile_load' <Predicate = true> <Delay = 1.23> <CoreInst = "RAM">   --->   Core 83 'RAM' <Latency = 1> <II = 1> <Delay = 1.23> <Storage> <Opcode : 'load' 'store'> <Ports = 2> <Width = 32> <Depth = 544> <RAM>
ST_5 : Operation 151 [1/3] (7.01ns)   --->   "%mul_s = fmul i32 %tmp_read, i32 %input_tile_1_load" [src/srcnn.cpp:388]   --->   Operation 151 'fmul' 'mul_s' <Predicate = true> <Delay = 7.01> <CoreInst = "FMul_maxdsp">   --->   Core 30 'FMul_maxdsp' <Latency = 2> <II = 1> <Delay = 7.01> <FuncUnit> <Opcode : 'fmul'> <InPorts = 2> <OutPorts = 1>
ST_5 : Operation 152 [1/3] (7.01ns)   --->   "%mul_1 = fmul i32 %tmp_read, i32 %input_tile_2_load" [src/srcnn.cpp:388]   --->   Operation 152 'fmul' 'mul_1' <Predicate = true> <Delay = 7.01> <CoreInst = "FMul_maxdsp">   --->   Core 30 'FMul_maxdsp' <Latency = 2> <II = 1> <Delay = 7.01> <FuncUnit> <Opcode : 'fmul'> <InPorts = 2> <OutPorts = 1>
ST_5 : Operation 153 [1/3] (7.01ns)   --->   "%mul_2 = fmul i32 %tmp_read, i32 %input_tile_3_load" [src/srcnn.cpp:388]   --->   Operation 153 'fmul' 'mul_2' <Predicate = true> <Delay = 7.01> <CoreInst = "FMul_maxdsp">   --->   Core 30 'FMul_maxdsp' <Latency = 2> <II = 1> <Delay = 7.01> <FuncUnit> <Opcode : 'fmul'> <InPorts = 2> <OutPorts = 1>
ST_5 : Operation 154 [1/3] (7.01ns)   --->   "%mul_4 = fmul i32 %tmp_read, i32 %input_tile_4_load" [src/srcnn.cpp:388]   --->   Operation 154 'fmul' 'mul_4' <Predicate = true> <Delay = 7.01> <CoreInst = "FMul_maxdsp">   --->   Core 30 'FMul_maxdsp' <Latency = 2> <II = 1> <Delay = 7.01> <FuncUnit> <Opcode : 'fmul'> <InPorts = 2> <OutPorts = 1>
ST_5 : Operation 155 [1/3] (7.01ns)   --->   "%mul_5 = fmul i32 %tmp_read, i32 %input_tile_5_load" [src/srcnn.cpp:388]   --->   Operation 155 'fmul' 'mul_5' <Predicate = true> <Delay = 7.01> <CoreInst = "FMul_maxdsp">   --->   Core 30 'FMul_maxdsp' <Latency = 2> <II = 1> <Delay = 7.01> <FuncUnit> <Opcode : 'fmul'> <InPorts = 2> <OutPorts = 1>
ST_5 : Operation 156 [1/3] (7.01ns)   --->   "%mul_6 = fmul i32 %tmp_read, i32 %input_tile_6_load" [src/srcnn.cpp:388]   --->   Operation 156 'fmul' 'mul_6' <Predicate = true> <Delay = 7.01> <CoreInst = "FMul_maxdsp">   --->   Core 30 'FMul_maxdsp' <Latency = 2> <II = 1> <Delay = 7.01> <FuncUnit> <Opcode : 'fmul'> <InPorts = 2> <OutPorts = 1>
ST_5 : Operation 157 [1/3] (7.01ns)   --->   "%mul_7 = fmul i32 %tmp_read, i32 %input_tile_7_load" [src/srcnn.cpp:388]   --->   Operation 157 'fmul' 'mul_7' <Predicate = true> <Delay = 7.01> <CoreInst = "FMul_maxdsp">   --->   Core 30 'FMul_maxdsp' <Latency = 2> <II = 1> <Delay = 7.01> <FuncUnit> <Opcode : 'fmul'> <InPorts = 2> <OutPorts = 1>
ST_5 : Operation 158 [1/3] (7.01ns)   --->   "%mul_8 = fmul i32 %tmp_read, i32 %input_tile_8_load" [src/srcnn.cpp:388]   --->   Operation 158 'fmul' 'mul_8' <Predicate = true> <Delay = 7.01> <CoreInst = "FMul_maxdsp">   --->   Core 30 'FMul_maxdsp' <Latency = 2> <II = 1> <Delay = 7.01> <FuncUnit> <Opcode : 'fmul'> <InPorts = 2> <OutPorts = 1>
ST_5 : Operation 159 [1/3] (7.01ns)   --->   "%mul_9 = fmul i32 %tmp_read, i32 %input_tile_9_load" [src/srcnn.cpp:388]   --->   Operation 159 'fmul' 'mul_9' <Predicate = true> <Delay = 7.01> <CoreInst = "FMul_maxdsp">   --->   Core 30 'FMul_maxdsp' <Latency = 2> <II = 1> <Delay = 7.01> <FuncUnit> <Opcode : 'fmul'> <InPorts = 2> <OutPorts = 1>
ST_5 : Operation 160 [1/3] (7.01ns)   --->   "%mul_3 = fmul i32 %tmp_read, i32 %input_tile_10_load" [src/srcnn.cpp:388]   --->   Operation 160 'fmul' 'mul_3' <Predicate = true> <Delay = 7.01> <CoreInst = "FMul_maxdsp">   --->   Core 30 'FMul_maxdsp' <Latency = 2> <II = 1> <Delay = 7.01> <FuncUnit> <Opcode : 'fmul'> <InPorts = 2> <OutPorts = 1>
ST_5 : Operation 161 [1/3] (7.01ns)   --->   "%mul_10 = fmul i32 %tmp_read, i32 %input_tile_11_load" [src/srcnn.cpp:388]   --->   Operation 161 'fmul' 'mul_10' <Predicate = true> <Delay = 7.01> <CoreInst = "FMul_maxdsp">   --->   Core 30 'FMul_maxdsp' <Latency = 2> <II = 1> <Delay = 7.01> <FuncUnit> <Opcode : 'fmul'> <InPorts = 2> <OutPorts = 1>
ST_5 : Operation 162 [1/3] (7.01ns)   --->   "%mul_11 = fmul i32 %tmp_read, i32 %input_tile_12_load" [src/srcnn.cpp:388]   --->   Operation 162 'fmul' 'mul_11' <Predicate = true> <Delay = 7.01> <CoreInst = "FMul_maxdsp">   --->   Core 30 'FMul_maxdsp' <Latency = 2> <II = 1> <Delay = 7.01> <FuncUnit> <Opcode : 'fmul'> <InPorts = 2> <OutPorts = 1>
ST_5 : Operation 163 [1/3] (7.01ns)   --->   "%mul_12 = fmul i32 %tmp_read, i32 %input_tile_13_load" [src/srcnn.cpp:388]   --->   Operation 163 'fmul' 'mul_12' <Predicate = true> <Delay = 7.01> <CoreInst = "FMul_maxdsp">   --->   Core 30 'FMul_maxdsp' <Latency = 2> <II = 1> <Delay = 7.01> <FuncUnit> <Opcode : 'fmul'> <InPorts = 2> <OutPorts = 1>
ST_5 : Operation 164 [1/3] (7.01ns)   --->   "%mul_13 = fmul i32 %tmp_read, i32 %input_tile_14_load" [src/srcnn.cpp:388]   --->   Operation 164 'fmul' 'mul_13' <Predicate = true> <Delay = 7.01> <CoreInst = "FMul_maxdsp">   --->   Core 30 'FMul_maxdsp' <Latency = 2> <II = 1> <Delay = 7.01> <FuncUnit> <Opcode : 'fmul'> <InPorts = 2> <OutPorts = 1>
ST_5 : Operation 165 [1/3] (7.01ns)   --->   "%mul_14 = fmul i32 %tmp_read, i32 %input_tile_15_load" [src/srcnn.cpp:388]   --->   Operation 165 'fmul' 'mul_14' <Predicate = true> <Delay = 7.01> <CoreInst = "FMul_maxdsp">   --->   Core 30 'FMul_maxdsp' <Latency = 2> <II = 1> <Delay = 7.01> <FuncUnit> <Opcode : 'fmul'> <InPorts = 2> <OutPorts = 1>
ST_5 : Operation 166 [1/3] (7.01ns)   --->   "%mul_15 = fmul i32 %tmp_read, i32 %input_tile_16_load" [src/srcnn.cpp:388]   --->   Operation 166 'fmul' 'mul_15' <Predicate = true> <Delay = 7.01> <CoreInst = "FMul_maxdsp">   --->   Core 30 'FMul_maxdsp' <Latency = 2> <II = 1> <Delay = 7.01> <FuncUnit> <Opcode : 'fmul'> <InPorts = 2> <OutPorts = 1>
ST_5 : Operation 167 [1/2] (1.23ns)   --->   "%layer2_output_tile_1_load = load i10 %layer2_output_tile_1_addr" [src/srcnn.cpp:387]   --->   Operation 167 'load' 'layer2_output_tile_1_load' <Predicate = true> <Delay = 1.23> <CoreInst = "RAM">   --->   Core 83 'RAM' <Latency = 1> <II = 1> <Delay = 1.23> <Storage> <Opcode : 'load' 'store'> <Ports = 2> <Width = 32> <Depth = 544> <RAM>
ST_5 : Operation 168 [1/2] (1.23ns)   --->   "%layer2_output_tile_2_load = load i10 %layer2_output_tile_2_addr" [src/srcnn.cpp:387]   --->   Operation 168 'load' 'layer2_output_tile_2_load' <Predicate = true> <Delay = 1.23> <CoreInst = "RAM">   --->   Core 83 'RAM' <Latency = 1> <II = 1> <Delay = 1.23> <Storage> <Opcode : 'load' 'store'> <Ports = 2> <Width = 32> <Depth = 544> <RAM>
ST_5 : Operation 169 [1/2] (1.23ns)   --->   "%layer2_output_tile_3_load = load i10 %layer2_output_tile_3_addr" [src/srcnn.cpp:387]   --->   Operation 169 'load' 'layer2_output_tile_3_load' <Predicate = true> <Delay = 1.23> <CoreInst = "RAM">   --->   Core 83 'RAM' <Latency = 1> <II = 1> <Delay = 1.23> <Storage> <Opcode : 'load' 'store'> <Ports = 2> <Width = 32> <Depth = 544> <RAM>
ST_5 : Operation 170 [1/2] (1.23ns)   --->   "%layer2_output_tile_4_load = load i10 %layer2_output_tile_4_addr" [src/srcnn.cpp:387]   --->   Operation 170 'load' 'layer2_output_tile_4_load' <Predicate = true> <Delay = 1.23> <CoreInst = "RAM">   --->   Core 83 'RAM' <Latency = 1> <II = 1> <Delay = 1.23> <Storage> <Opcode : 'load' 'store'> <Ports = 2> <Width = 32> <Depth = 544> <RAM>
ST_5 : Operation 171 [1/2] (1.23ns)   --->   "%layer2_output_tile_5_load = load i10 %layer2_output_tile_5_addr" [src/srcnn.cpp:387]   --->   Operation 171 'load' 'layer2_output_tile_5_load' <Predicate = true> <Delay = 1.23> <CoreInst = "RAM">   --->   Core 83 'RAM' <Latency = 1> <II = 1> <Delay = 1.23> <Storage> <Opcode : 'load' 'store'> <Ports = 2> <Width = 32> <Depth = 544> <RAM>
ST_5 : Operation 172 [1/2] (1.23ns)   --->   "%layer2_output_tile_6_load = load i10 %layer2_output_tile_6_addr" [src/srcnn.cpp:387]   --->   Operation 172 'load' 'layer2_output_tile_6_load' <Predicate = true> <Delay = 1.23> <CoreInst = "RAM">   --->   Core 83 'RAM' <Latency = 1> <II = 1> <Delay = 1.23> <Storage> <Opcode : 'load' 'store'> <Ports = 2> <Width = 32> <Depth = 544> <RAM>
ST_5 : Operation 173 [1/2] (1.23ns)   --->   "%layer2_output_tile_7_load = load i10 %layer2_output_tile_7_addr" [src/srcnn.cpp:387]   --->   Operation 173 'load' 'layer2_output_tile_7_load' <Predicate = true> <Delay = 1.23> <CoreInst = "RAM">   --->   Core 83 'RAM' <Latency = 1> <II = 1> <Delay = 1.23> <Storage> <Opcode : 'load' 'store'> <Ports = 2> <Width = 32> <Depth = 544> <RAM>
ST_5 : Operation 174 [1/2] (1.23ns)   --->   "%layer2_output_tile_8_load = load i10 %layer2_output_tile_8_addr" [src/srcnn.cpp:387]   --->   Operation 174 'load' 'layer2_output_tile_8_load' <Predicate = true> <Delay = 1.23> <CoreInst = "RAM">   --->   Core 83 'RAM' <Latency = 1> <II = 1> <Delay = 1.23> <Storage> <Opcode : 'load' 'store'> <Ports = 2> <Width = 32> <Depth = 544> <RAM>
ST_5 : Operation 175 [1/2] (1.23ns)   --->   "%layer2_output_tile_9_load = load i10 %layer2_output_tile_9_addr" [src/srcnn.cpp:387]   --->   Operation 175 'load' 'layer2_output_tile_9_load' <Predicate = true> <Delay = 1.23> <CoreInst = "RAM">   --->   Core 83 'RAM' <Latency = 1> <II = 1> <Delay = 1.23> <Storage> <Opcode : 'load' 'store'> <Ports = 2> <Width = 32> <Depth = 544> <RAM>
ST_5 : Operation 176 [1/2] (1.23ns)   --->   "%layer2_output_tile_10_load = load i10 %layer2_output_tile_10_addr" [src/srcnn.cpp:387]   --->   Operation 176 'load' 'layer2_output_tile_10_load' <Predicate = true> <Delay = 1.23> <CoreInst = "RAM">   --->   Core 83 'RAM' <Latency = 1> <II = 1> <Delay = 1.23> <Storage> <Opcode : 'load' 'store'> <Ports = 2> <Width = 32> <Depth = 544> <RAM>
ST_5 : Operation 177 [1/2] (1.23ns)   --->   "%layer2_output_tile_11_load = load i10 %layer2_output_tile_11_addr" [src/srcnn.cpp:387]   --->   Operation 177 'load' 'layer2_output_tile_11_load' <Predicate = true> <Delay = 1.23> <CoreInst = "RAM">   --->   Core 83 'RAM' <Latency = 1> <II = 1> <Delay = 1.23> <Storage> <Opcode : 'load' 'store'> <Ports = 2> <Width = 32> <Depth = 544> <RAM>
ST_5 : Operation 178 [1/2] (1.23ns)   --->   "%layer2_output_tile_12_load = load i10 %layer2_output_tile_12_addr" [src/srcnn.cpp:387]   --->   Operation 178 'load' 'layer2_output_tile_12_load' <Predicate = true> <Delay = 1.23> <CoreInst = "RAM">   --->   Core 83 'RAM' <Latency = 1> <II = 1> <Delay = 1.23> <Storage> <Opcode : 'load' 'store'> <Ports = 2> <Width = 32> <Depth = 544> <RAM>
ST_5 : Operation 179 [1/2] (1.23ns)   --->   "%layer2_output_tile_13_load = load i10 %layer2_output_tile_13_addr" [src/srcnn.cpp:387]   --->   Operation 179 'load' 'layer2_output_tile_13_load' <Predicate = true> <Delay = 1.23> <CoreInst = "RAM">   --->   Core 83 'RAM' <Latency = 1> <II = 1> <Delay = 1.23> <Storage> <Opcode : 'load' 'store'> <Ports = 2> <Width = 32> <Depth = 544> <RAM>
ST_5 : Operation 180 [1/2] (1.23ns)   --->   "%layer2_output_tile_14_load = load i10 %layer2_output_tile_14_addr" [src/srcnn.cpp:387]   --->   Operation 180 'load' 'layer2_output_tile_14_load' <Predicate = true> <Delay = 1.23> <CoreInst = "RAM">   --->   Core 83 'RAM' <Latency = 1> <II = 1> <Delay = 1.23> <Storage> <Opcode : 'load' 'store'> <Ports = 2> <Width = 32> <Depth = 544> <RAM>
ST_5 : Operation 181 [1/2] (1.23ns)   --->   "%layer2_output_tile_15_load = load i10 %layer2_output_tile_15_addr" [src/srcnn.cpp:387]   --->   Operation 181 'load' 'layer2_output_tile_15_load' <Predicate = true> <Delay = 1.23> <CoreInst = "RAM">   --->   Core 83 'RAM' <Latency = 1> <II = 1> <Delay = 1.23> <Storage> <Opcode : 'load' 'store'> <Ports = 2> <Width = 32> <Depth = 544> <RAM>
ST_5 : Operation 182 [1/2] (1.23ns)   --->   "%layer2_output_tile_16_load = load i10 %layer2_output_tile_16_addr" [src/srcnn.cpp:387]   --->   Operation 182 'load' 'layer2_output_tile_16_load' <Predicate = true> <Delay = 1.23> <CoreInst = "RAM">   --->   Core 83 'RAM' <Latency = 1> <II = 1> <Delay = 1.23> <Storage> <Opcode : 'load' 'store'> <Ports = 2> <Width = 32> <Depth = 544> <RAM>

State 6 <SV = 5> <Delay = 6.43>
ST_6 : [1/1] (0.99ns)   --->   Input mux for Operation 183 '%add = fadd i32 %layer2_output_tile_load, i32 %mul'
ST_6 : Operation 183 [4/4] (5.43ns)   --->   "%add = fadd i32 %layer2_output_tile_load, i32 %mul" [src/srcnn.cpp:387]   --->   Operation 183 'fadd' 'add' <Predicate = true> <Delay = 5.43> <CoreInst = "FAddSub_fulldsp">   --->   Core 18 'FAddSub_fulldsp' <Latency = 3> <II = 1> <Delay = 6.43> <FuncUnit> <Opcode : 'fadd' 'fsub'> <InPorts = 2> <OutPorts = 1>
ST_6 : [1/1] (0.99ns)   --->   Input mux for Operation 184 '%add_s = fadd i32 %layer2_output_tile_1_load, i32 %mul_s'
ST_6 : Operation 184 [4/4] (5.43ns)   --->   "%add_s = fadd i32 %layer2_output_tile_1_load, i32 %mul_s" [src/srcnn.cpp:387]   --->   Operation 184 'fadd' 'add_s' <Predicate = true> <Delay = 5.43> <CoreInst = "FAddSub_fulldsp">   --->   Core 18 'FAddSub_fulldsp' <Latency = 3> <II = 1> <Delay = 6.43> <FuncUnit> <Opcode : 'fadd' 'fsub'> <InPorts = 2> <OutPorts = 1>
ST_6 : [1/1] (0.99ns)   --->   Input mux for Operation 185 '%add_1 = fadd i32 %layer2_output_tile_2_load, i32 %mul_1'
ST_6 : Operation 185 [4/4] (5.43ns)   --->   "%add_1 = fadd i32 %layer2_output_tile_2_load, i32 %mul_1" [src/srcnn.cpp:387]   --->   Operation 185 'fadd' 'add_1' <Predicate = true> <Delay = 5.43> <CoreInst = "FAddSub_fulldsp">   --->   Core 18 'FAddSub_fulldsp' <Latency = 3> <II = 1> <Delay = 6.43> <FuncUnit> <Opcode : 'fadd' 'fsub'> <InPorts = 2> <OutPorts = 1>
ST_6 : [1/1] (0.99ns)   --->   Input mux for Operation 186 '%add_2 = fadd i32 %layer2_output_tile_3_load, i32 %mul_2'
ST_6 : Operation 186 [4/4] (5.43ns)   --->   "%add_2 = fadd i32 %layer2_output_tile_3_load, i32 %mul_2" [src/srcnn.cpp:387]   --->   Operation 186 'fadd' 'add_2' <Predicate = true> <Delay = 5.43> <CoreInst = "FAddSub_fulldsp">   --->   Core 18 'FAddSub_fulldsp' <Latency = 3> <II = 1> <Delay = 6.43> <FuncUnit> <Opcode : 'fadd' 'fsub'> <InPorts = 2> <OutPorts = 1>
ST_6 : [1/1] (0.99ns)   --->   Input mux for Operation 187 '%add_4 = fadd i32 %layer2_output_tile_4_load, i32 %mul_4'
ST_6 : Operation 187 [4/4] (5.43ns)   --->   "%add_4 = fadd i32 %layer2_output_tile_4_load, i32 %mul_4" [src/srcnn.cpp:387]   --->   Operation 187 'fadd' 'add_4' <Predicate = true> <Delay = 5.43> <CoreInst = "FAddSub_fulldsp">   --->   Core 18 'FAddSub_fulldsp' <Latency = 3> <II = 1> <Delay = 6.43> <FuncUnit> <Opcode : 'fadd' 'fsub'> <InPorts = 2> <OutPorts = 1>
ST_6 : [1/1] (0.99ns)   --->   Input mux for Operation 188 '%add_5 = fadd i32 %layer2_output_tile_5_load, i32 %mul_5'
ST_6 : Operation 188 [4/4] (5.43ns)   --->   "%add_5 = fadd i32 %layer2_output_tile_5_load, i32 %mul_5" [src/srcnn.cpp:387]   --->   Operation 188 'fadd' 'add_5' <Predicate = true> <Delay = 5.43> <CoreInst = "FAddSub_fulldsp">   --->   Core 18 'FAddSub_fulldsp' <Latency = 3> <II = 1> <Delay = 6.43> <FuncUnit> <Opcode : 'fadd' 'fsub'> <InPorts = 2> <OutPorts = 1>
ST_6 : [1/1] (0.99ns)   --->   Input mux for Operation 189 '%add_6 = fadd i32 %layer2_output_tile_6_load, i32 %mul_6'
ST_6 : Operation 189 [4/4] (5.43ns)   --->   "%add_6 = fadd i32 %layer2_output_tile_6_load, i32 %mul_6" [src/srcnn.cpp:387]   --->   Operation 189 'fadd' 'add_6' <Predicate = true> <Delay = 5.43> <CoreInst = "FAddSub_fulldsp">   --->   Core 18 'FAddSub_fulldsp' <Latency = 3> <II = 1> <Delay = 6.43> <FuncUnit> <Opcode : 'fadd' 'fsub'> <InPorts = 2> <OutPorts = 1>
ST_6 : [1/1] (0.99ns)   --->   Input mux for Operation 190 '%add_7 = fadd i32 %layer2_output_tile_7_load, i32 %mul_7'
ST_6 : Operation 190 [4/4] (5.43ns)   --->   "%add_7 = fadd i32 %layer2_output_tile_7_load, i32 %mul_7" [src/srcnn.cpp:387]   --->   Operation 190 'fadd' 'add_7' <Predicate = true> <Delay = 5.43> <CoreInst = "FAddSub_fulldsp">   --->   Core 18 'FAddSub_fulldsp' <Latency = 3> <II = 1> <Delay = 6.43> <FuncUnit> <Opcode : 'fadd' 'fsub'> <InPorts = 2> <OutPorts = 1>
ST_6 : [1/1] (0.99ns)   --->   Input mux for Operation 191 '%add_8 = fadd i32 %layer2_output_tile_8_load, i32 %mul_8'
ST_6 : Operation 191 [4/4] (5.43ns)   --->   "%add_8 = fadd i32 %layer2_output_tile_8_load, i32 %mul_8" [src/srcnn.cpp:387]   --->   Operation 191 'fadd' 'add_8' <Predicate = true> <Delay = 5.43> <CoreInst = "FAddSub_fulldsp">   --->   Core 18 'FAddSub_fulldsp' <Latency = 3> <II = 1> <Delay = 6.43> <FuncUnit> <Opcode : 'fadd' 'fsub'> <InPorts = 2> <OutPorts = 1>
ST_6 : [1/1] (0.99ns)   --->   Input mux for Operation 192 '%add_9 = fadd i32 %layer2_output_tile_9_load, i32 %mul_9'
ST_6 : Operation 192 [4/4] (5.43ns)   --->   "%add_9 = fadd i32 %layer2_output_tile_9_load, i32 %mul_9" [src/srcnn.cpp:387]   --->   Operation 192 'fadd' 'add_9' <Predicate = true> <Delay = 5.43> <CoreInst = "FAddSub_fulldsp">   --->   Core 18 'FAddSub_fulldsp' <Latency = 3> <II = 1> <Delay = 6.43> <FuncUnit> <Opcode : 'fadd' 'fsub'> <InPorts = 2> <OutPorts = 1>
ST_6 : [1/1] (0.99ns)   --->   Input mux for Operation 193 '%add_3 = fadd i32 %layer2_output_tile_10_load, i32 %mul_3'
ST_6 : Operation 193 [4/4] (5.43ns)   --->   "%add_3 = fadd i32 %layer2_output_tile_10_load, i32 %mul_3" [src/srcnn.cpp:387]   --->   Operation 193 'fadd' 'add_3' <Predicate = true> <Delay = 5.43> <CoreInst = "FAddSub_fulldsp">   --->   Core 18 'FAddSub_fulldsp' <Latency = 3> <II = 1> <Delay = 6.43> <FuncUnit> <Opcode : 'fadd' 'fsub'> <InPorts = 2> <OutPorts = 1>
ST_6 : [1/1] (0.99ns)   --->   Input mux for Operation 194 '%add_10 = fadd i32 %layer2_output_tile_11_load, i32 %mul_10'
ST_6 : Operation 194 [4/4] (5.43ns)   --->   "%add_10 = fadd i32 %layer2_output_tile_11_load, i32 %mul_10" [src/srcnn.cpp:387]   --->   Operation 194 'fadd' 'add_10' <Predicate = true> <Delay = 5.43> <CoreInst = "FAddSub_fulldsp">   --->   Core 18 'FAddSub_fulldsp' <Latency = 3> <II = 1> <Delay = 6.43> <FuncUnit> <Opcode : 'fadd' 'fsub'> <InPorts = 2> <OutPorts = 1>
ST_6 : [1/1] (0.99ns)   --->   Input mux for Operation 195 '%add_11 = fadd i32 %layer2_output_tile_12_load, i32 %mul_11'
ST_6 : Operation 195 [4/4] (5.43ns)   --->   "%add_11 = fadd i32 %layer2_output_tile_12_load, i32 %mul_11" [src/srcnn.cpp:387]   --->   Operation 195 'fadd' 'add_11' <Predicate = true> <Delay = 5.43> <CoreInst = "FAddSub_fulldsp">   --->   Core 18 'FAddSub_fulldsp' <Latency = 3> <II = 1> <Delay = 6.43> <FuncUnit> <Opcode : 'fadd' 'fsub'> <InPorts = 2> <OutPorts = 1>
ST_6 : [1/1] (0.99ns)   --->   Input mux for Operation 196 '%add_12 = fadd i32 %layer2_output_tile_13_load, i32 %mul_12'
ST_6 : Operation 196 [4/4] (5.43ns)   --->   "%add_12 = fadd i32 %layer2_output_tile_13_load, i32 %mul_12" [src/srcnn.cpp:387]   --->   Operation 196 'fadd' 'add_12' <Predicate = true> <Delay = 5.43> <CoreInst = "FAddSub_fulldsp">   --->   Core 18 'FAddSub_fulldsp' <Latency = 3> <II = 1> <Delay = 6.43> <FuncUnit> <Opcode : 'fadd' 'fsub'> <InPorts = 2> <OutPorts = 1>
ST_6 : [1/1] (0.99ns)   --->   Input mux for Operation 197 '%add_13 = fadd i32 %layer2_output_tile_14_load, i32 %mul_13'
ST_6 : Operation 197 [4/4] (5.43ns)   --->   "%add_13 = fadd i32 %layer2_output_tile_14_load, i32 %mul_13" [src/srcnn.cpp:387]   --->   Operation 197 'fadd' 'add_13' <Predicate = true> <Delay = 5.43> <CoreInst = "FAddSub_fulldsp">   --->   Core 18 'FAddSub_fulldsp' <Latency = 3> <II = 1> <Delay = 6.43> <FuncUnit> <Opcode : 'fadd' 'fsub'> <InPorts = 2> <OutPorts = 1>
ST_6 : [1/1] (0.99ns)   --->   Input mux for Operation 198 '%add_14 = fadd i32 %layer2_output_tile_15_load, i32 %mul_14'
ST_6 : Operation 198 [4/4] (5.43ns)   --->   "%add_14 = fadd i32 %layer2_output_tile_15_load, i32 %mul_14" [src/srcnn.cpp:387]   --->   Operation 198 'fadd' 'add_14' <Predicate = true> <Delay = 5.43> <CoreInst = "FAddSub_fulldsp">   --->   Core 18 'FAddSub_fulldsp' <Latency = 3> <II = 1> <Delay = 6.43> <FuncUnit> <Opcode : 'fadd' 'fsub'> <InPorts = 2> <OutPorts = 1>
ST_6 : [1/1] (0.99ns)   --->   Input mux for Operation 199 '%add_15 = fadd i32 %layer2_output_tile_16_load, i32 %mul_15'
ST_6 : Operation 199 [4/4] (5.43ns)   --->   "%add_15 = fadd i32 %layer2_output_tile_16_load, i32 %mul_15" [src/srcnn.cpp:387]   --->   Operation 199 'fadd' 'add_15' <Predicate = true> <Delay = 5.43> <CoreInst = "FAddSub_fulldsp">   --->   Core 18 'FAddSub_fulldsp' <Latency = 3> <II = 1> <Delay = 6.43> <FuncUnit> <Opcode : 'fadd' 'fsub'> <InPorts = 2> <OutPorts = 1>

State 7 <SV = 6> <Delay = 6.43>
ST_7 : Operation 200 [3/4] (6.43ns)   --->   "%add = fadd i32 %layer2_output_tile_load, i32 %mul" [src/srcnn.cpp:387]   --->   Operation 200 'fadd' 'add' <Predicate = true> <Delay = 6.43> <CoreInst = "FAddSub_fulldsp">   --->   Core 18 'FAddSub_fulldsp' <Latency = 3> <II = 1> <Delay = 6.43> <FuncUnit> <Opcode : 'fadd' 'fsub'> <InPorts = 2> <OutPorts = 1>
ST_7 : Operation 201 [3/4] (6.43ns)   --->   "%add_s = fadd i32 %layer2_output_tile_1_load, i32 %mul_s" [src/srcnn.cpp:387]   --->   Operation 201 'fadd' 'add_s' <Predicate = true> <Delay = 6.43> <CoreInst = "FAddSub_fulldsp">   --->   Core 18 'FAddSub_fulldsp' <Latency = 3> <II = 1> <Delay = 6.43> <FuncUnit> <Opcode : 'fadd' 'fsub'> <InPorts = 2> <OutPorts = 1>
ST_7 : Operation 202 [3/4] (6.43ns)   --->   "%add_1 = fadd i32 %layer2_output_tile_2_load, i32 %mul_1" [src/srcnn.cpp:387]   --->   Operation 202 'fadd' 'add_1' <Predicate = true> <Delay = 6.43> <CoreInst = "FAddSub_fulldsp">   --->   Core 18 'FAddSub_fulldsp' <Latency = 3> <II = 1> <Delay = 6.43> <FuncUnit> <Opcode : 'fadd' 'fsub'> <InPorts = 2> <OutPorts = 1>
ST_7 : Operation 203 [3/4] (6.43ns)   --->   "%add_2 = fadd i32 %layer2_output_tile_3_load, i32 %mul_2" [src/srcnn.cpp:387]   --->   Operation 203 'fadd' 'add_2' <Predicate = true> <Delay = 6.43> <CoreInst = "FAddSub_fulldsp">   --->   Core 18 'FAddSub_fulldsp' <Latency = 3> <II = 1> <Delay = 6.43> <FuncUnit> <Opcode : 'fadd' 'fsub'> <InPorts = 2> <OutPorts = 1>
ST_7 : Operation 204 [3/4] (6.43ns)   --->   "%add_4 = fadd i32 %layer2_output_tile_4_load, i32 %mul_4" [src/srcnn.cpp:387]   --->   Operation 204 'fadd' 'add_4' <Predicate = true> <Delay = 6.43> <CoreInst = "FAddSub_fulldsp">   --->   Core 18 'FAddSub_fulldsp' <Latency = 3> <II = 1> <Delay = 6.43> <FuncUnit> <Opcode : 'fadd' 'fsub'> <InPorts = 2> <OutPorts = 1>
ST_7 : Operation 205 [3/4] (6.43ns)   --->   "%add_5 = fadd i32 %layer2_output_tile_5_load, i32 %mul_5" [src/srcnn.cpp:387]   --->   Operation 205 'fadd' 'add_5' <Predicate = true> <Delay = 6.43> <CoreInst = "FAddSub_fulldsp">   --->   Core 18 'FAddSub_fulldsp' <Latency = 3> <II = 1> <Delay = 6.43> <FuncUnit> <Opcode : 'fadd' 'fsub'> <InPorts = 2> <OutPorts = 1>
ST_7 : Operation 206 [3/4] (6.43ns)   --->   "%add_6 = fadd i32 %layer2_output_tile_6_load, i32 %mul_6" [src/srcnn.cpp:387]   --->   Operation 206 'fadd' 'add_6' <Predicate = true> <Delay = 6.43> <CoreInst = "FAddSub_fulldsp">   --->   Core 18 'FAddSub_fulldsp' <Latency = 3> <II = 1> <Delay = 6.43> <FuncUnit> <Opcode : 'fadd' 'fsub'> <InPorts = 2> <OutPorts = 1>
ST_7 : Operation 207 [3/4] (6.43ns)   --->   "%add_7 = fadd i32 %layer2_output_tile_7_load, i32 %mul_7" [src/srcnn.cpp:387]   --->   Operation 207 'fadd' 'add_7' <Predicate = true> <Delay = 6.43> <CoreInst = "FAddSub_fulldsp">   --->   Core 18 'FAddSub_fulldsp' <Latency = 3> <II = 1> <Delay = 6.43> <FuncUnit> <Opcode : 'fadd' 'fsub'> <InPorts = 2> <OutPorts = 1>
ST_7 : Operation 208 [3/4] (6.43ns)   --->   "%add_8 = fadd i32 %layer2_output_tile_8_load, i32 %mul_8" [src/srcnn.cpp:387]   --->   Operation 208 'fadd' 'add_8' <Predicate = true> <Delay = 6.43> <CoreInst = "FAddSub_fulldsp">   --->   Core 18 'FAddSub_fulldsp' <Latency = 3> <II = 1> <Delay = 6.43> <FuncUnit> <Opcode : 'fadd' 'fsub'> <InPorts = 2> <OutPorts = 1>
ST_7 : Operation 209 [3/4] (6.43ns)   --->   "%add_9 = fadd i32 %layer2_output_tile_9_load, i32 %mul_9" [src/srcnn.cpp:387]   --->   Operation 209 'fadd' 'add_9' <Predicate = true> <Delay = 6.43> <CoreInst = "FAddSub_fulldsp">   --->   Core 18 'FAddSub_fulldsp' <Latency = 3> <II = 1> <Delay = 6.43> <FuncUnit> <Opcode : 'fadd' 'fsub'> <InPorts = 2> <OutPorts = 1>
ST_7 : Operation 210 [3/4] (6.43ns)   --->   "%add_3 = fadd i32 %layer2_output_tile_10_load, i32 %mul_3" [src/srcnn.cpp:387]   --->   Operation 210 'fadd' 'add_3' <Predicate = true> <Delay = 6.43> <CoreInst = "FAddSub_fulldsp">   --->   Core 18 'FAddSub_fulldsp' <Latency = 3> <II = 1> <Delay = 6.43> <FuncUnit> <Opcode : 'fadd' 'fsub'> <InPorts = 2> <OutPorts = 1>
ST_7 : Operation 211 [3/4] (6.43ns)   --->   "%add_10 = fadd i32 %layer2_output_tile_11_load, i32 %mul_10" [src/srcnn.cpp:387]   --->   Operation 211 'fadd' 'add_10' <Predicate = true> <Delay = 6.43> <CoreInst = "FAddSub_fulldsp">   --->   Core 18 'FAddSub_fulldsp' <Latency = 3> <II = 1> <Delay = 6.43> <FuncUnit> <Opcode : 'fadd' 'fsub'> <InPorts = 2> <OutPorts = 1>
ST_7 : Operation 212 [3/4] (6.43ns)   --->   "%add_11 = fadd i32 %layer2_output_tile_12_load, i32 %mul_11" [src/srcnn.cpp:387]   --->   Operation 212 'fadd' 'add_11' <Predicate = true> <Delay = 6.43> <CoreInst = "FAddSub_fulldsp">   --->   Core 18 'FAddSub_fulldsp' <Latency = 3> <II = 1> <Delay = 6.43> <FuncUnit> <Opcode : 'fadd' 'fsub'> <InPorts = 2> <OutPorts = 1>
ST_7 : Operation 213 [3/4] (6.43ns)   --->   "%add_12 = fadd i32 %layer2_output_tile_13_load, i32 %mul_12" [src/srcnn.cpp:387]   --->   Operation 213 'fadd' 'add_12' <Predicate = true> <Delay = 6.43> <CoreInst = "FAddSub_fulldsp">   --->   Core 18 'FAddSub_fulldsp' <Latency = 3> <II = 1> <Delay = 6.43> <FuncUnit> <Opcode : 'fadd' 'fsub'> <InPorts = 2> <OutPorts = 1>
ST_7 : Operation 214 [3/4] (6.43ns)   --->   "%add_13 = fadd i32 %layer2_output_tile_14_load, i32 %mul_13" [src/srcnn.cpp:387]   --->   Operation 214 'fadd' 'add_13' <Predicate = true> <Delay = 6.43> <CoreInst = "FAddSub_fulldsp">   --->   Core 18 'FAddSub_fulldsp' <Latency = 3> <II = 1> <Delay = 6.43> <FuncUnit> <Opcode : 'fadd' 'fsub'> <InPorts = 2> <OutPorts = 1>
ST_7 : Operation 215 [3/4] (6.43ns)   --->   "%add_14 = fadd i32 %layer2_output_tile_15_load, i32 %mul_14" [src/srcnn.cpp:387]   --->   Operation 215 'fadd' 'add_14' <Predicate = true> <Delay = 6.43> <CoreInst = "FAddSub_fulldsp">   --->   Core 18 'FAddSub_fulldsp' <Latency = 3> <II = 1> <Delay = 6.43> <FuncUnit> <Opcode : 'fadd' 'fsub'> <InPorts = 2> <OutPorts = 1>
ST_7 : Operation 216 [3/4] (6.43ns)   --->   "%add_15 = fadd i32 %layer2_output_tile_16_load, i32 %mul_15" [src/srcnn.cpp:387]   --->   Operation 216 'fadd' 'add_15' <Predicate = true> <Delay = 6.43> <CoreInst = "FAddSub_fulldsp">   --->   Core 18 'FAddSub_fulldsp' <Latency = 3> <II = 1> <Delay = 6.43> <FuncUnit> <Opcode : 'fadd' 'fsub'> <InPorts = 2> <OutPorts = 1>

State 8 <SV = 7> <Delay = 6.43>
ST_8 : Operation 217 [2/4] (6.43ns)   --->   "%add = fadd i32 %layer2_output_tile_load, i32 %mul" [src/srcnn.cpp:387]   --->   Operation 217 'fadd' 'add' <Predicate = true> <Delay = 6.43> <CoreInst = "FAddSub_fulldsp">   --->   Core 18 'FAddSub_fulldsp' <Latency = 3> <II = 1> <Delay = 6.43> <FuncUnit> <Opcode : 'fadd' 'fsub'> <InPorts = 2> <OutPorts = 1>
ST_8 : Operation 218 [2/4] (6.43ns)   --->   "%add_s = fadd i32 %layer2_output_tile_1_load, i32 %mul_s" [src/srcnn.cpp:387]   --->   Operation 218 'fadd' 'add_s' <Predicate = true> <Delay = 6.43> <CoreInst = "FAddSub_fulldsp">   --->   Core 18 'FAddSub_fulldsp' <Latency = 3> <II = 1> <Delay = 6.43> <FuncUnit> <Opcode : 'fadd' 'fsub'> <InPorts = 2> <OutPorts = 1>
ST_8 : Operation 219 [2/4] (6.43ns)   --->   "%add_1 = fadd i32 %layer2_output_tile_2_load, i32 %mul_1" [src/srcnn.cpp:387]   --->   Operation 219 'fadd' 'add_1' <Predicate = true> <Delay = 6.43> <CoreInst = "FAddSub_fulldsp">   --->   Core 18 'FAddSub_fulldsp' <Latency = 3> <II = 1> <Delay = 6.43> <FuncUnit> <Opcode : 'fadd' 'fsub'> <InPorts = 2> <OutPorts = 1>
ST_8 : Operation 220 [2/4] (6.43ns)   --->   "%add_2 = fadd i32 %layer2_output_tile_3_load, i32 %mul_2" [src/srcnn.cpp:387]   --->   Operation 220 'fadd' 'add_2' <Predicate = true> <Delay = 6.43> <CoreInst = "FAddSub_fulldsp">   --->   Core 18 'FAddSub_fulldsp' <Latency = 3> <II = 1> <Delay = 6.43> <FuncUnit> <Opcode : 'fadd' 'fsub'> <InPorts = 2> <OutPorts = 1>
ST_8 : Operation 221 [2/4] (6.43ns)   --->   "%add_4 = fadd i32 %layer2_output_tile_4_load, i32 %mul_4" [src/srcnn.cpp:387]   --->   Operation 221 'fadd' 'add_4' <Predicate = true> <Delay = 6.43> <CoreInst = "FAddSub_fulldsp">   --->   Core 18 'FAddSub_fulldsp' <Latency = 3> <II = 1> <Delay = 6.43> <FuncUnit> <Opcode : 'fadd' 'fsub'> <InPorts = 2> <OutPorts = 1>
ST_8 : Operation 222 [2/4] (6.43ns)   --->   "%add_5 = fadd i32 %layer2_output_tile_5_load, i32 %mul_5" [src/srcnn.cpp:387]   --->   Operation 222 'fadd' 'add_5' <Predicate = true> <Delay = 6.43> <CoreInst = "FAddSub_fulldsp">   --->   Core 18 'FAddSub_fulldsp' <Latency = 3> <II = 1> <Delay = 6.43> <FuncUnit> <Opcode : 'fadd' 'fsub'> <InPorts = 2> <OutPorts = 1>
ST_8 : Operation 223 [2/4] (6.43ns)   --->   "%add_6 = fadd i32 %layer2_output_tile_6_load, i32 %mul_6" [src/srcnn.cpp:387]   --->   Operation 223 'fadd' 'add_6' <Predicate = true> <Delay = 6.43> <CoreInst = "FAddSub_fulldsp">   --->   Core 18 'FAddSub_fulldsp' <Latency = 3> <II = 1> <Delay = 6.43> <FuncUnit> <Opcode : 'fadd' 'fsub'> <InPorts = 2> <OutPorts = 1>
ST_8 : Operation 224 [2/4] (6.43ns)   --->   "%add_7 = fadd i32 %layer2_output_tile_7_load, i32 %mul_7" [src/srcnn.cpp:387]   --->   Operation 224 'fadd' 'add_7' <Predicate = true> <Delay = 6.43> <CoreInst = "FAddSub_fulldsp">   --->   Core 18 'FAddSub_fulldsp' <Latency = 3> <II = 1> <Delay = 6.43> <FuncUnit> <Opcode : 'fadd' 'fsub'> <InPorts = 2> <OutPorts = 1>
ST_8 : Operation 225 [2/4] (6.43ns)   --->   "%add_8 = fadd i32 %layer2_output_tile_8_load, i32 %mul_8" [src/srcnn.cpp:387]   --->   Operation 225 'fadd' 'add_8' <Predicate = true> <Delay = 6.43> <CoreInst = "FAddSub_fulldsp">   --->   Core 18 'FAddSub_fulldsp' <Latency = 3> <II = 1> <Delay = 6.43> <FuncUnit> <Opcode : 'fadd' 'fsub'> <InPorts = 2> <OutPorts = 1>
ST_8 : Operation 226 [2/4] (6.43ns)   --->   "%add_9 = fadd i32 %layer2_output_tile_9_load, i32 %mul_9" [src/srcnn.cpp:387]   --->   Operation 226 'fadd' 'add_9' <Predicate = true> <Delay = 6.43> <CoreInst = "FAddSub_fulldsp">   --->   Core 18 'FAddSub_fulldsp' <Latency = 3> <II = 1> <Delay = 6.43> <FuncUnit> <Opcode : 'fadd' 'fsub'> <InPorts = 2> <OutPorts = 1>
ST_8 : Operation 227 [2/4] (6.43ns)   --->   "%add_3 = fadd i32 %layer2_output_tile_10_load, i32 %mul_3" [src/srcnn.cpp:387]   --->   Operation 227 'fadd' 'add_3' <Predicate = true> <Delay = 6.43> <CoreInst = "FAddSub_fulldsp">   --->   Core 18 'FAddSub_fulldsp' <Latency = 3> <II = 1> <Delay = 6.43> <FuncUnit> <Opcode : 'fadd' 'fsub'> <InPorts = 2> <OutPorts = 1>
ST_8 : Operation 228 [2/4] (6.43ns)   --->   "%add_10 = fadd i32 %layer2_output_tile_11_load, i32 %mul_10" [src/srcnn.cpp:387]   --->   Operation 228 'fadd' 'add_10' <Predicate = true> <Delay = 6.43> <CoreInst = "FAddSub_fulldsp">   --->   Core 18 'FAddSub_fulldsp' <Latency = 3> <II = 1> <Delay = 6.43> <FuncUnit> <Opcode : 'fadd' 'fsub'> <InPorts = 2> <OutPorts = 1>
ST_8 : Operation 229 [2/4] (6.43ns)   --->   "%add_11 = fadd i32 %layer2_output_tile_12_load, i32 %mul_11" [src/srcnn.cpp:387]   --->   Operation 229 'fadd' 'add_11' <Predicate = true> <Delay = 6.43> <CoreInst = "FAddSub_fulldsp">   --->   Core 18 'FAddSub_fulldsp' <Latency = 3> <II = 1> <Delay = 6.43> <FuncUnit> <Opcode : 'fadd' 'fsub'> <InPorts = 2> <OutPorts = 1>
ST_8 : Operation 230 [2/4] (6.43ns)   --->   "%add_12 = fadd i32 %layer2_output_tile_13_load, i32 %mul_12" [src/srcnn.cpp:387]   --->   Operation 230 'fadd' 'add_12' <Predicate = true> <Delay = 6.43> <CoreInst = "FAddSub_fulldsp">   --->   Core 18 'FAddSub_fulldsp' <Latency = 3> <II = 1> <Delay = 6.43> <FuncUnit> <Opcode : 'fadd' 'fsub'> <InPorts = 2> <OutPorts = 1>
ST_8 : Operation 231 [2/4] (6.43ns)   --->   "%add_13 = fadd i32 %layer2_output_tile_14_load, i32 %mul_13" [src/srcnn.cpp:387]   --->   Operation 231 'fadd' 'add_13' <Predicate = true> <Delay = 6.43> <CoreInst = "FAddSub_fulldsp">   --->   Core 18 'FAddSub_fulldsp' <Latency = 3> <II = 1> <Delay = 6.43> <FuncUnit> <Opcode : 'fadd' 'fsub'> <InPorts = 2> <OutPorts = 1>
ST_8 : Operation 232 [2/4] (6.43ns)   --->   "%add_14 = fadd i32 %layer2_output_tile_15_load, i32 %mul_14" [src/srcnn.cpp:387]   --->   Operation 232 'fadd' 'add_14' <Predicate = true> <Delay = 6.43> <CoreInst = "FAddSub_fulldsp">   --->   Core 18 'FAddSub_fulldsp' <Latency = 3> <II = 1> <Delay = 6.43> <FuncUnit> <Opcode : 'fadd' 'fsub'> <InPorts = 2> <OutPorts = 1>
ST_8 : Operation 233 [2/4] (6.43ns)   --->   "%add_15 = fadd i32 %layer2_output_tile_16_load, i32 %mul_15" [src/srcnn.cpp:387]   --->   Operation 233 'fadd' 'add_15' <Predicate = true> <Delay = 6.43> <CoreInst = "FAddSub_fulldsp">   --->   Core 18 'FAddSub_fulldsp' <Latency = 3> <II = 1> <Delay = 6.43> <FuncUnit> <Opcode : 'fadd' 'fsub'> <InPorts = 2> <OutPorts = 1>

State 9 <SV = 8> <Delay = 6.43>
ST_9 : Operation 234 [1/4] (6.43ns)   --->   "%add = fadd i32 %layer2_output_tile_load, i32 %mul" [src/srcnn.cpp:387]   --->   Operation 234 'fadd' 'add' <Predicate = true> <Delay = 6.43> <CoreInst = "FAddSub_fulldsp">   --->   Core 18 'FAddSub_fulldsp' <Latency = 3> <II = 1> <Delay = 6.43> <FuncUnit> <Opcode : 'fadd' 'fsub'> <InPorts = 2> <OutPorts = 1>
ST_9 : Operation 235 [1/4] (6.43ns)   --->   "%add_s = fadd i32 %layer2_output_tile_1_load, i32 %mul_s" [src/srcnn.cpp:387]   --->   Operation 235 'fadd' 'add_s' <Predicate = true> <Delay = 6.43> <CoreInst = "FAddSub_fulldsp">   --->   Core 18 'FAddSub_fulldsp' <Latency = 3> <II = 1> <Delay = 6.43> <FuncUnit> <Opcode : 'fadd' 'fsub'> <InPorts = 2> <OutPorts = 1>
ST_9 : Operation 236 [1/4] (6.43ns)   --->   "%add_1 = fadd i32 %layer2_output_tile_2_load, i32 %mul_1" [src/srcnn.cpp:387]   --->   Operation 236 'fadd' 'add_1' <Predicate = true> <Delay = 6.43> <CoreInst = "FAddSub_fulldsp">   --->   Core 18 'FAddSub_fulldsp' <Latency = 3> <II = 1> <Delay = 6.43> <FuncUnit> <Opcode : 'fadd' 'fsub'> <InPorts = 2> <OutPorts = 1>
ST_9 : Operation 237 [1/4] (6.43ns)   --->   "%add_2 = fadd i32 %layer2_output_tile_3_load, i32 %mul_2" [src/srcnn.cpp:387]   --->   Operation 237 'fadd' 'add_2' <Predicate = true> <Delay = 6.43> <CoreInst = "FAddSub_fulldsp">   --->   Core 18 'FAddSub_fulldsp' <Latency = 3> <II = 1> <Delay = 6.43> <FuncUnit> <Opcode : 'fadd' 'fsub'> <InPorts = 2> <OutPorts = 1>
ST_9 : Operation 238 [1/4] (6.43ns)   --->   "%add_4 = fadd i32 %layer2_output_tile_4_load, i32 %mul_4" [src/srcnn.cpp:387]   --->   Operation 238 'fadd' 'add_4' <Predicate = true> <Delay = 6.43> <CoreInst = "FAddSub_fulldsp">   --->   Core 18 'FAddSub_fulldsp' <Latency = 3> <II = 1> <Delay = 6.43> <FuncUnit> <Opcode : 'fadd' 'fsub'> <InPorts = 2> <OutPorts = 1>
ST_9 : Operation 239 [1/4] (6.43ns)   --->   "%add_5 = fadd i32 %layer2_output_tile_5_load, i32 %mul_5" [src/srcnn.cpp:387]   --->   Operation 239 'fadd' 'add_5' <Predicate = true> <Delay = 6.43> <CoreInst = "FAddSub_fulldsp">   --->   Core 18 'FAddSub_fulldsp' <Latency = 3> <II = 1> <Delay = 6.43> <FuncUnit> <Opcode : 'fadd' 'fsub'> <InPorts = 2> <OutPorts = 1>
ST_9 : Operation 240 [1/4] (6.43ns)   --->   "%add_6 = fadd i32 %layer2_output_tile_6_load, i32 %mul_6" [src/srcnn.cpp:387]   --->   Operation 240 'fadd' 'add_6' <Predicate = true> <Delay = 6.43> <CoreInst = "FAddSub_fulldsp">   --->   Core 18 'FAddSub_fulldsp' <Latency = 3> <II = 1> <Delay = 6.43> <FuncUnit> <Opcode : 'fadd' 'fsub'> <InPorts = 2> <OutPorts = 1>
ST_9 : Operation 241 [1/4] (6.43ns)   --->   "%add_7 = fadd i32 %layer2_output_tile_7_load, i32 %mul_7" [src/srcnn.cpp:387]   --->   Operation 241 'fadd' 'add_7' <Predicate = true> <Delay = 6.43> <CoreInst = "FAddSub_fulldsp">   --->   Core 18 'FAddSub_fulldsp' <Latency = 3> <II = 1> <Delay = 6.43> <FuncUnit> <Opcode : 'fadd' 'fsub'> <InPorts = 2> <OutPorts = 1>
ST_9 : Operation 242 [1/4] (6.43ns)   --->   "%add_8 = fadd i32 %layer2_output_tile_8_load, i32 %mul_8" [src/srcnn.cpp:387]   --->   Operation 242 'fadd' 'add_8' <Predicate = true> <Delay = 6.43> <CoreInst = "FAddSub_fulldsp">   --->   Core 18 'FAddSub_fulldsp' <Latency = 3> <II = 1> <Delay = 6.43> <FuncUnit> <Opcode : 'fadd' 'fsub'> <InPorts = 2> <OutPorts = 1>
ST_9 : Operation 243 [1/4] (6.43ns)   --->   "%add_9 = fadd i32 %layer2_output_tile_9_load, i32 %mul_9" [src/srcnn.cpp:387]   --->   Operation 243 'fadd' 'add_9' <Predicate = true> <Delay = 6.43> <CoreInst = "FAddSub_fulldsp">   --->   Core 18 'FAddSub_fulldsp' <Latency = 3> <II = 1> <Delay = 6.43> <FuncUnit> <Opcode : 'fadd' 'fsub'> <InPorts = 2> <OutPorts = 1>
ST_9 : Operation 244 [1/4] (6.43ns)   --->   "%add_3 = fadd i32 %layer2_output_tile_10_load, i32 %mul_3" [src/srcnn.cpp:387]   --->   Operation 244 'fadd' 'add_3' <Predicate = true> <Delay = 6.43> <CoreInst = "FAddSub_fulldsp">   --->   Core 18 'FAddSub_fulldsp' <Latency = 3> <II = 1> <Delay = 6.43> <FuncUnit> <Opcode : 'fadd' 'fsub'> <InPorts = 2> <OutPorts = 1>
ST_9 : Operation 245 [1/4] (6.43ns)   --->   "%add_10 = fadd i32 %layer2_output_tile_11_load, i32 %mul_10" [src/srcnn.cpp:387]   --->   Operation 245 'fadd' 'add_10' <Predicate = true> <Delay = 6.43> <CoreInst = "FAddSub_fulldsp">   --->   Core 18 'FAddSub_fulldsp' <Latency = 3> <II = 1> <Delay = 6.43> <FuncUnit> <Opcode : 'fadd' 'fsub'> <InPorts = 2> <OutPorts = 1>
ST_9 : Operation 246 [1/4] (6.43ns)   --->   "%add_11 = fadd i32 %layer2_output_tile_12_load, i32 %mul_11" [src/srcnn.cpp:387]   --->   Operation 246 'fadd' 'add_11' <Predicate = true> <Delay = 6.43> <CoreInst = "FAddSub_fulldsp">   --->   Core 18 'FAddSub_fulldsp' <Latency = 3> <II = 1> <Delay = 6.43> <FuncUnit> <Opcode : 'fadd' 'fsub'> <InPorts = 2> <OutPorts = 1>
ST_9 : Operation 247 [1/4] (6.43ns)   --->   "%add_12 = fadd i32 %layer2_output_tile_13_load, i32 %mul_12" [src/srcnn.cpp:387]   --->   Operation 247 'fadd' 'add_12' <Predicate = true> <Delay = 6.43> <CoreInst = "FAddSub_fulldsp">   --->   Core 18 'FAddSub_fulldsp' <Latency = 3> <II = 1> <Delay = 6.43> <FuncUnit> <Opcode : 'fadd' 'fsub'> <InPorts = 2> <OutPorts = 1>
ST_9 : Operation 248 [1/4] (6.43ns)   --->   "%add_13 = fadd i32 %layer2_output_tile_14_load, i32 %mul_13" [src/srcnn.cpp:387]   --->   Operation 248 'fadd' 'add_13' <Predicate = true> <Delay = 6.43> <CoreInst = "FAddSub_fulldsp">   --->   Core 18 'FAddSub_fulldsp' <Latency = 3> <II = 1> <Delay = 6.43> <FuncUnit> <Opcode : 'fadd' 'fsub'> <InPorts = 2> <OutPorts = 1>
ST_9 : Operation 249 [1/4] (6.43ns)   --->   "%add_14 = fadd i32 %layer2_output_tile_15_load, i32 %mul_14" [src/srcnn.cpp:387]   --->   Operation 249 'fadd' 'add_14' <Predicate = true> <Delay = 6.43> <CoreInst = "FAddSub_fulldsp">   --->   Core 18 'FAddSub_fulldsp' <Latency = 3> <II = 1> <Delay = 6.43> <FuncUnit> <Opcode : 'fadd' 'fsub'> <InPorts = 2> <OutPorts = 1>
ST_9 : Operation 250 [1/4] (6.43ns)   --->   "%add_15 = fadd i32 %layer2_output_tile_16_load, i32 %mul_15" [src/srcnn.cpp:387]   --->   Operation 250 'fadd' 'add_15' <Predicate = true> <Delay = 6.43> <CoreInst = "FAddSub_fulldsp">   --->   Core 18 'FAddSub_fulldsp' <Latency = 3> <II = 1> <Delay = 6.43> <FuncUnit> <Opcode : 'fadd' 'fsub'> <InPorts = 2> <OutPorts = 1>
ST_9 : Operation 272 [1/1] (0.00ns)   --->   "%ret_ln0 = ret"   --->   Operation 272 'ret' 'ret_ln0' <Predicate = (icmp_ln382)> <Delay = 0.00>

State 10 <SV = 9> <Delay = 1.23>
ST_10 : Operation 251 [1/1] (0.00ns)   --->   "%specpipeline_ln384 = specpipeline void @_ssdm_op_SpecPipeline, i32 1, i32 0, i32 0, i32 0, void @empty_42" [src/srcnn.cpp:384]   --->   Operation 251 'specpipeline' 'specpipeline_ln384' <Predicate = true> <Delay = 0.00>
ST_10 : Operation 252 [1/1] (0.00ns)   --->   "%speclooptripcount_ln382 = speclooptripcount void @_ssdm_op_SpecLoopTripCount, i64 17, i64 17, i64 17" [src/srcnn.cpp:382]   --->   Operation 252 'speclooptripcount' 'speclooptripcount_ln382' <Predicate = true> <Delay = 0.00>
ST_10 : Operation 253 [1/1] (0.00ns)   --->   "%specloopname_ln382 = specloopname void @_ssdm_op_SpecLoopName, void @empty_7" [src/srcnn.cpp:382]   --->   Operation 253 'specloopname' 'specloopname_ln382' <Predicate = true> <Delay = 0.00>
ST_10 : Operation 254 [1/1] (1.23ns)   --->   "%store_ln387 = store i32 %add, i10 %layer2_output_tile_addr" [src/srcnn.cpp:387]   --->   Operation 254 'store' 'store_ln387' <Predicate = true> <Delay = 1.23> <CoreInst = "RAM">   --->   Core 83 'RAM' <Latency = 1> <II = 1> <Delay = 1.23> <Storage> <Opcode : 'load' 'store'> <Ports = 2> <Width = 32> <Depth = 544> <RAM>
ST_10 : Operation 255 [1/1] (1.23ns)   --->   "%store_ln387 = store i32 %add_s, i10 %layer2_output_tile_1_addr" [src/srcnn.cpp:387]   --->   Operation 255 'store' 'store_ln387' <Predicate = true> <Delay = 1.23> <CoreInst = "RAM">   --->   Core 83 'RAM' <Latency = 1> <II = 1> <Delay = 1.23> <Storage> <Opcode : 'load' 'store'> <Ports = 2> <Width = 32> <Depth = 544> <RAM>
ST_10 : Operation 256 [1/1] (1.23ns)   --->   "%store_ln387 = store i32 %add_1, i10 %layer2_output_tile_2_addr" [src/srcnn.cpp:387]   --->   Operation 256 'store' 'store_ln387' <Predicate = true> <Delay = 1.23> <CoreInst = "RAM">   --->   Core 83 'RAM' <Latency = 1> <II = 1> <Delay = 1.23> <Storage> <Opcode : 'load' 'store'> <Ports = 2> <Width = 32> <Depth = 544> <RAM>
ST_10 : Operation 257 [1/1] (1.23ns)   --->   "%store_ln387 = store i32 %add_2, i10 %layer2_output_tile_3_addr" [src/srcnn.cpp:387]   --->   Operation 257 'store' 'store_ln387' <Predicate = true> <Delay = 1.23> <CoreInst = "RAM">   --->   Core 83 'RAM' <Latency = 1> <II = 1> <Delay = 1.23> <Storage> <Opcode : 'load' 'store'> <Ports = 2> <Width = 32> <Depth = 544> <RAM>
ST_10 : Operation 258 [1/1] (1.23ns)   --->   "%store_ln387 = store i32 %add_4, i10 %layer2_output_tile_4_addr" [src/srcnn.cpp:387]   --->   Operation 258 'store' 'store_ln387' <Predicate = true> <Delay = 1.23> <CoreInst = "RAM">   --->   Core 83 'RAM' <Latency = 1> <II = 1> <Delay = 1.23> <Storage> <Opcode : 'load' 'store'> <Ports = 2> <Width = 32> <Depth = 544> <RAM>
ST_10 : Operation 259 [1/1] (1.23ns)   --->   "%store_ln387 = store i32 %add_5, i10 %layer2_output_tile_5_addr" [src/srcnn.cpp:387]   --->   Operation 259 'store' 'store_ln387' <Predicate = true> <Delay = 1.23> <CoreInst = "RAM">   --->   Core 83 'RAM' <Latency = 1> <II = 1> <Delay = 1.23> <Storage> <Opcode : 'load' 'store'> <Ports = 2> <Width = 32> <Depth = 544> <RAM>
ST_10 : Operation 260 [1/1] (1.23ns)   --->   "%store_ln387 = store i32 %add_6, i10 %layer2_output_tile_6_addr" [src/srcnn.cpp:387]   --->   Operation 260 'store' 'store_ln387' <Predicate = true> <Delay = 1.23> <CoreInst = "RAM">   --->   Core 83 'RAM' <Latency = 1> <II = 1> <Delay = 1.23> <Storage> <Opcode : 'load' 'store'> <Ports = 2> <Width = 32> <Depth = 544> <RAM>
ST_10 : Operation 261 [1/1] (1.23ns)   --->   "%store_ln387 = store i32 %add_7, i10 %layer2_output_tile_7_addr" [src/srcnn.cpp:387]   --->   Operation 261 'store' 'store_ln387' <Predicate = true> <Delay = 1.23> <CoreInst = "RAM">   --->   Core 83 'RAM' <Latency = 1> <II = 1> <Delay = 1.23> <Storage> <Opcode : 'load' 'store'> <Ports = 2> <Width = 32> <Depth = 544> <RAM>
ST_10 : Operation 262 [1/1] (1.23ns)   --->   "%store_ln387 = store i32 %add_8, i10 %layer2_output_tile_8_addr" [src/srcnn.cpp:387]   --->   Operation 262 'store' 'store_ln387' <Predicate = true> <Delay = 1.23> <CoreInst = "RAM">   --->   Core 83 'RAM' <Latency = 1> <II = 1> <Delay = 1.23> <Storage> <Opcode : 'load' 'store'> <Ports = 2> <Width = 32> <Depth = 544> <RAM>
ST_10 : Operation 263 [1/1] (1.23ns)   --->   "%store_ln387 = store i32 %add_9, i10 %layer2_output_tile_9_addr" [src/srcnn.cpp:387]   --->   Operation 263 'store' 'store_ln387' <Predicate = true> <Delay = 1.23> <CoreInst = "RAM">   --->   Core 83 'RAM' <Latency = 1> <II = 1> <Delay = 1.23> <Storage> <Opcode : 'load' 'store'> <Ports = 2> <Width = 32> <Depth = 544> <RAM>
ST_10 : Operation 264 [1/1] (1.23ns)   --->   "%store_ln387 = store i32 %add_3, i10 %layer2_output_tile_10_addr" [src/srcnn.cpp:387]   --->   Operation 264 'store' 'store_ln387' <Predicate = true> <Delay = 1.23> <CoreInst = "RAM">   --->   Core 83 'RAM' <Latency = 1> <II = 1> <Delay = 1.23> <Storage> <Opcode : 'load' 'store'> <Ports = 2> <Width = 32> <Depth = 544> <RAM>
ST_10 : Operation 265 [1/1] (1.23ns)   --->   "%store_ln387 = store i32 %add_10, i10 %layer2_output_tile_11_addr" [src/srcnn.cpp:387]   --->   Operation 265 'store' 'store_ln387' <Predicate = true> <Delay = 1.23> <CoreInst = "RAM">   --->   Core 83 'RAM' <Latency = 1> <II = 1> <Delay = 1.23> <Storage> <Opcode : 'load' 'store'> <Ports = 2> <Width = 32> <Depth = 544> <RAM>
ST_10 : Operation 266 [1/1] (1.23ns)   --->   "%store_ln387 = store i32 %add_11, i10 %layer2_output_tile_12_addr" [src/srcnn.cpp:387]   --->   Operation 266 'store' 'store_ln387' <Predicate = true> <Delay = 1.23> <CoreInst = "RAM">   --->   Core 83 'RAM' <Latency = 1> <II = 1> <Delay = 1.23> <Storage> <Opcode : 'load' 'store'> <Ports = 2> <Width = 32> <Depth = 544> <RAM>
ST_10 : Operation 267 [1/1] (1.23ns)   --->   "%store_ln387 = store i32 %add_12, i10 %layer2_output_tile_13_addr" [src/srcnn.cpp:387]   --->   Operation 267 'store' 'store_ln387' <Predicate = true> <Delay = 1.23> <CoreInst = "RAM">   --->   Core 83 'RAM' <Latency = 1> <II = 1> <Delay = 1.23> <Storage> <Opcode : 'load' 'store'> <Ports = 2> <Width = 32> <Depth = 544> <RAM>
ST_10 : Operation 268 [1/1] (1.23ns)   --->   "%store_ln387 = store i32 %add_13, i10 %layer2_output_tile_14_addr" [src/srcnn.cpp:387]   --->   Operation 268 'store' 'store_ln387' <Predicate = true> <Delay = 1.23> <CoreInst = "RAM">   --->   Core 83 'RAM' <Latency = 1> <II = 1> <Delay = 1.23> <Storage> <Opcode : 'load' 'store'> <Ports = 2> <Width = 32> <Depth = 544> <RAM>
ST_10 : Operation 269 [1/1] (1.23ns)   --->   "%store_ln387 = store i32 %add_14, i10 %layer2_output_tile_15_addr" [src/srcnn.cpp:387]   --->   Operation 269 'store' 'store_ln387' <Predicate = true> <Delay = 1.23> <CoreInst = "RAM">   --->   Core 83 'RAM' <Latency = 1> <II = 1> <Delay = 1.23> <Storage> <Opcode : 'load' 'store'> <Ports = 2> <Width = 32> <Depth = 544> <RAM>
ST_10 : Operation 270 [1/1] (1.23ns)   --->   "%store_ln387 = store i32 %add_15, i10 %layer2_output_tile_16_addr" [src/srcnn.cpp:387]   --->   Operation 270 'store' 'store_ln387' <Predicate = true> <Delay = 1.23> <CoreInst = "RAM">   --->   Core 83 'RAM' <Latency = 1> <II = 1> <Delay = 1.23> <Storage> <Opcode : 'load' 'store'> <Ports = 2> <Width = 32> <Depth = 544> <RAM>
ST_10 : Operation 271 [1/1] (0.00ns)   --->   "%br_ln382 = br void %for.inc87" [src/srcnn.cpp:382]   --->   Operation 271 'br' 'br_ln382' <Predicate = true> <Delay = 0.00>


============================================================
+ Verbose Summary: Timing violations
============================================================
Target clock period: 10.000ns, clock uncertainty: 2.700ns.

 <State 1>: 2.035ns
The critical path consists of the following:
	'alloca' operation ('i') [38]  (0.000 ns)
	'load' operation ('i', src/srcnn.cpp:382) on local variable 'i' [45]  (0.000 ns)
	'add' operation ('add_ln389_1', src/srcnn.cpp:389) [52]  (0.798 ns)
	'getelementptr' operation ('input_tile_addr', src/srcnn.cpp:389) [54]  (0.000 ns)
	'load' operation ('input_tile_load', src/srcnn.cpp:389) on array 'input_tile' [93]  (1.237 ns)

 <State 2>: 1.237ns
The critical path consists of the following:
	'load' operation ('input_tile_load', src/srcnn.cpp:389) on array 'input_tile' [93]  (1.237 ns)

 <State 3>: 7.016ns
The critical path consists of the following:
	multiplexor before operation 'fmul' with delay (0.999 ns)
'fmul' operation ('mul', src/srcnn.cpp:388) [94]  (6.017 ns)

 <State 4>: 7.016ns
The critical path consists of the following:
	'fmul' operation ('mul', src/srcnn.cpp:388) [94]  (7.016 ns)

 <State 5>: 7.016ns
The critical path consists of the following:
	'fmul' operation ('mul', src/srcnn.cpp:388) [94]  (7.016 ns)

 <State 6>: 6.437ns
The critical path consists of the following:
	multiplexor before operation 'fadd' with delay (0.999 ns)
'fadd' operation ('add', src/srcnn.cpp:387) [96]  (5.438 ns)

 <State 7>: 6.437ns
The critical path consists of the following:
	'fadd' operation ('add', src/srcnn.cpp:387) [96]  (6.437 ns)

 <State 8>: 6.437ns
The critical path consists of the following:
	'fadd' operation ('add', src/srcnn.cpp:387) [96]  (6.437 ns)

 <State 9>: 6.437ns
The critical path consists of the following:
	'fadd' operation ('add', src/srcnn.cpp:387) [96]  (6.437 ns)

 <State 10>: 1.237ns
The critical path consists of the following:
	'store' operation ('store_ln387', src/srcnn.cpp:387) of variable 'add', src/srcnn.cpp:387 on array 'layer2_output_tile' [161]  (1.237 ns)


============================================================
+ Verbose Summary: Binding
============================================================
N/A
* FSMD analyzer results:
  - Output states:
 - Input state : 
  - Chain level:
	State 1
	State 2
	State 3
	State 4
	State 5
	State 6
	State 7
	State 8
	State 9
	State 10


============================================================
+ Verbose Summary: Datapath Resource usage 
============================================================
N/A
