

================================================================
== Vitis HLS Report for 'conv33'
================================================================
* Date:           Tue Oct 28 17:21:42 2025

* Version:        2023.1 (Build 3854077 on May  4 2023)
* Project:        srcnn_hls
* Solution:       solution1 (Vivado IP Flow Target)
* Product family: zynquplus
* Target device:  xck26-sfvc784-2LV-c


================================================================
== Performance Estimates
================================================================
+ Timing: 
    * Summary: 
    +--------+----------+----------+------------+
    |  Clock |  Target  | Estimated| Uncertainty|
    +--------+----------+----------+------------+
    |ap_clk  |  10.00 ns|  7.360 ns|     2.70 ns|
    +--------+----------+----------+------------+

+ Latency: 
    * Summary: 
    +---------+---------+----------+----------+--------+--------+---------+
    |  Latency (cycles) |  Latency (absolute) |     Interval    | Pipeline|
    |   min   |   max   |    min   |    max   |   min  |   max  |   Type  |
    +---------+---------+----------+----------+--------+--------+---------+
    |   129579|   129579|  1.296 ms|  1.296 ms|  129579|  129579|       no|
    +---------+---------+----------+----------+--------+--------+---------+

    + Detail: 
        * Instance: 
        +---------------------------------------------------------------------------+-----------------------------------------------------------------+---------+---------+-----------+-----------+--------+--------+---------+
        |                                                                           |                                                                 |  Latency (cycles) |   Latency (absolute)  |     Interval    | Pipeline|
        |                                  Instance                                 |                              Module                             |   min   |   max   |    min    |    max    |   min  |   max  |   Type  |
        +---------------------------------------------------------------------------+-----------------------------------------------------------------+---------+---------+-----------+-----------+--------+--------+---------+
        |grp_conv33_Pipeline_VITIS_LOOP_23_1_VITIS_LOOP_24_2_VITIS_LOOP_25_3_fu_42  |conv33_Pipeline_VITIS_LOOP_23_1_VITIS_LOOP_24_2_VITIS_LOOP_25_3  |     9250|     9250|  92.500 us|  92.500 us|    9250|    9250|       no|
        |grp_conv33_Pipeline_OUT_STATIONARY_CONV3_VITIS_LOOP_34_4_fu_49             |conv33_Pipeline_OUT_STATIONARY_CONV3_VITIS_LOOP_34_4             |      291|      291|   2.910 us|   2.910 us|     291|     291|       no|
        |grp_conv33_Pipeline_MAC_CONV3_VITIS_LOOP_43_5_VITIS_LOOP_44_6_fu_56        |conv33_Pipeline_MAC_CONV3_VITIS_LOOP_43_5_VITIS_LOOP_44_6        |   120325|   120325|   1.203 ms|   1.203 ms|  120325|  120325|       no|
        +---------------------------------------------------------------------------+-----------------------------------------------------------------+---------+---------+-----------+-----------+--------+--------+---------+

        * Loop: 
        N/A



================================================================
== Utilization Estimates
================================================================
* Summary: 
+-----------------+---------+------+--------+--------+-----+
|       Name      | BRAM_18K|  DSP |   FF   |   LUT  | URAM|
+-----------------+---------+------+--------+--------+-----+
|DSP              |        -|     -|       -|       -|    -|
|Expression       |        -|     -|       0|       2|    -|
|FIFO             |        -|     -|       -|       -|    -|
|Instance         |        -|     0|    4030|    9236|    -|
|Memory           |       22|     -|       0|       0|    0|
|Multiplexer      |        -|     -|       -|     187|    -|
|Register         |        -|     -|      40|       -|    -|
+-----------------+---------+------+--------+--------+-----+
|Total            |       22|     0|    4070|    9425|    0|
+-----------------+---------+------+--------+--------+-----+
|Available        |      288|  1248|  234240|  117120|   64|
+-----------------+---------+------+--------+--------+-----+
|Utilization (%)  |        7|     0|       1|       8|    0|
+-----------------+---------+------+--------+--------+-----+

+ Detail: 
    * Instance: 
    +---------------------------------------------------------------------------+-----------------------------------------------------------------+---------+----+------+------+-----+
    |                                  Instance                                 |                              Module                             | BRAM_18K| DSP|  FF  |  LUT | URAM|
    +---------------------------------------------------------------------------+-----------------------------------------------------------------+---------+----+------+------+-----+
    |grp_conv33_Pipeline_MAC_CONV3_VITIS_LOOP_43_5_VITIS_LOOP_44_6_fu_56        |conv33_Pipeline_MAC_CONV3_VITIS_LOOP_43_5_VITIS_LOOP_44_6        |        0|   0|  3966|  8746|    0|
    |grp_conv33_Pipeline_OUT_STATIONARY_CONV3_VITIS_LOOP_34_4_fu_49             |conv33_Pipeline_OUT_STATIONARY_CONV3_VITIS_LOOP_34_4             |        0|   0|    21|   177|    0|
    |grp_conv33_Pipeline_VITIS_LOOP_23_1_VITIS_LOOP_24_2_VITIS_LOOP_25_3_fu_42  |conv33_Pipeline_VITIS_LOOP_23_1_VITIS_LOOP_24_2_VITIS_LOOP_25_3  |        0|   0|    43|   313|    0|
    +---------------------------------------------------------------------------+-----------------------------------------------------------------+---------+----+------+------+-----+
    |Total                                                                      |                                                                 |        0|   0|  4030|  9236|    0|
    +---------------------------------------------------------------------------+-----------------------------------------------------------------+---------+----+------+------+-----+

    * DSP: 
    N/A

    * Memory: 
    +--------------+--------------------------------------+---------+---+----+-----+------+-----+------+-------------+
    |    Memory    |                Module                | BRAM_18K| FF| LUT| URAM| Words| Bits| Banks| W*Bits*Banks|
    +--------------+--------------------------------------+---------+---+----+-----+------+-----+------+-------------+
    |input_tile_U  |conv33_input_tile_RAM_1WNR_AUTO_1R1W  |       22|  0|   0|    0|  9248|   32|     1|       295936|
    +--------------+--------------------------------------+---------+---+----+-----+------+-----+------+-------------+
    |Total         |                                      |       22|  0|   0|    0|  9248|   32|     1|       295936|
    +--------------+--------------------------------------+---------+---+----+-----+------+-----+------+-------------+

    * FIFO: 
    N/A

    * Expression: 
    +---------------------------------+----------+----+---+----+------------+------------+
    |          Variable Name          | Operation| DSP| FF| LUT| Bitwidth P0| Bitwidth P1|
    +---------------------------------+----------+----+---+----+------------+------------+
    |ap_block_state3_on_subcall_done  |        or|   0|  0|   2|           1|           1|
    +---------------------------------+----------+----+---+----+------------+------------+
    |Total                            |          |   0|  0|   2|           1|           1|
    +---------------------------------+----------+----+---+----+------------+------------+

    * Multiplexer: 
    +-----------------------------+----+-----------+-----+-----------+
    |             Name            | LUT| Input Size| Bits| Total Bits|
    +-----------------------------+----+-----------+-----+-----------+
    |ap_NS_fsm                    |  31|          6|    1|          6|
    |conv2_to_conv3_read          |   9|          2|    1|          2|
    |grp_fu_79_ce                 |   9|          2|    1|          2|
    |grp_fu_83_ce                 |   9|          2|    1|          2|
    |grp_fu_87_ce                 |   9|          2|    1|          2|
    |grp_fu_91_ce                 |   9|          2|    1|          2|
    |grp_fu_95_ce                 |   9|          2|    1|          2|
    |input_tile_address0          |  14|          3|   14|         42|
    |input_tile_ce0               |  14|          3|    1|          3|
    |input_tile_ce1               |   9|          2|    1|          2|
    |input_tile_we0               |   9|          2|    1|          2|
    |layer3_output_tile_address0  |  14|          3|    9|         27|
    |layer3_output_tile_ce0       |  14|          3|    1|          3|
    |layer3_output_tile_d0        |  14|          3|   32|         96|
    |layer3_output_tile_we0       |  14|          3|    1|          3|
    +-----------------------------+----+-----------+-----+-----------+
    |Total                        | 187|         40|   67|        196|
    +-----------------------------+----+-----------+-----+-----------+

    * Register: 
    +----------------------------------------------------------------------------------------+----+----+-----+-----------+
    |                                          Name                                          | FF | LUT| Bits| Const Bits|
    +----------------------------------------------------------------------------------------+----+----+-----+-----------+
    |ap_CS_fsm                                                                               |   5|   0|    5|          0|
    |empty_132_reg_74                                                                        |  32|   0|   32|          0|
    |grp_conv33_Pipeline_MAC_CONV3_VITIS_LOOP_43_5_VITIS_LOOP_44_6_fu_56_ap_start_reg        |   1|   0|    1|          0|
    |grp_conv33_Pipeline_OUT_STATIONARY_CONV3_VITIS_LOOP_34_4_fu_49_ap_start_reg             |   1|   0|    1|          0|
    |grp_conv33_Pipeline_VITIS_LOOP_23_1_VITIS_LOOP_24_2_VITIS_LOOP_25_3_fu_42_ap_start_reg  |   1|   0|    1|          0|
    +----------------------------------------------------------------------------------------+----+----+-----+-----------+
    |Total                                                                                   |  40|   0|   40|          0|
    +----------------------------------------------------------------------------------------+----+----+-----+-----------+



================================================================
== Interface
================================================================
* Summary: 
+-------------------------------------------+-----+-----+------------+--------------------+--------------+
|                 RTL Ports                 | Dir | Bits|  Protocol  |    Source Object   |    C Type    |
+-------------------------------------------+-----+-----+------------+--------------------+--------------+
|ap_clk                                     |   in|    1|  ap_ctrl_hs|              conv33|  return value|
|ap_rst                                     |   in|    1|  ap_ctrl_hs|              conv33|  return value|
|ap_start                                   |   in|    1|  ap_ctrl_hs|              conv33|  return value|
|ap_done                                    |  out|    1|  ap_ctrl_hs|              conv33|  return value|
|ap_idle                                    |  out|    1|  ap_ctrl_hs|              conv33|  return value|
|ap_ready                                   |  out|    1|  ap_ctrl_hs|              conv33|  return value|
|grp_fu_11819_p_din0                        |  out|   32|  ap_ctrl_hs|              conv33|  return value|
|grp_fu_11819_p_din1                        |  out|   32|  ap_ctrl_hs|              conv33|  return value|
|grp_fu_11819_p_opcode                      |  out|    2|  ap_ctrl_hs|              conv33|  return value|
|grp_fu_11819_p_dout0                       |   in|   32|  ap_ctrl_hs|              conv33|  return value|
|grp_fu_11819_p_ce                          |  out|    1|  ap_ctrl_hs|              conv33|  return value|
|grp_fu_11823_p_din0                        |  out|   32|  ap_ctrl_hs|              conv33|  return value|
|grp_fu_11823_p_din1                        |  out|   32|  ap_ctrl_hs|              conv33|  return value|
|grp_fu_11823_p_opcode                      |  out|    2|  ap_ctrl_hs|              conv33|  return value|
|grp_fu_11823_p_dout0                       |   in|   32|  ap_ctrl_hs|              conv33|  return value|
|grp_fu_11823_p_ce                          |  out|    1|  ap_ctrl_hs|              conv33|  return value|
|grp_fu_11887_p_din0                        |  out|   32|  ap_ctrl_hs|              conv33|  return value|
|grp_fu_11887_p_din1                        |  out|   32|  ap_ctrl_hs|              conv33|  return value|
|grp_fu_11887_p_dout0                       |   in|   32|  ap_ctrl_hs|              conv33|  return value|
|grp_fu_11887_p_ce                          |  out|    1|  ap_ctrl_hs|              conv33|  return value|
|grp_fu_11891_p_din0                        |  out|   32|  ap_ctrl_hs|              conv33|  return value|
|grp_fu_11891_p_din1                        |  out|   32|  ap_ctrl_hs|              conv33|  return value|
|grp_fu_11891_p_dout0                       |   in|   32|  ap_ctrl_hs|              conv33|  return value|
|grp_fu_11891_p_ce                          |  out|    1|  ap_ctrl_hs|              conv33|  return value|
|grp_fu_11955_p_din0                        |  out|   32|  ap_ctrl_hs|              conv33|  return value|
|grp_fu_11955_p_dout0                       |   in|   32|  ap_ctrl_hs|              conv33|  return value|
|grp_fu_11955_p_ce                          |  out|    1|  ap_ctrl_hs|              conv33|  return value|
|grp_generic_fmax_float_s_fu_11962_p_din1   |  out|   32|  ap_ctrl_hs|              conv33|  return value|
|grp_generic_fmax_float_s_fu_11962_p_dout0  |   in|   32|  ap_ctrl_hs|              conv33|  return value|
|grp_generic_fmax_float_s_fu_11962_p_ready  |   in|    1|  ap_ctrl_hs|              conv33|  return value|
|grp_generic_fmin_float_s_fu_11966_p_din1   |  out|   32|  ap_ctrl_hs|              conv33|  return value|
|grp_generic_fmin_float_s_fu_11966_p_dout0  |   in|   32|  ap_ctrl_hs|              conv33|  return value|
|grp_generic_fmin_float_s_fu_11966_p_ready  |   in|    1|  ap_ctrl_hs|              conv33|  return value|
|conv2_to_conv3_dout                        |   in|   32|     ap_fifo|      conv2_to_conv3|       pointer|
|conv2_to_conv3_empty_n                     |   in|    1|     ap_fifo|      conv2_to_conv3|       pointer|
|conv2_to_conv3_read                        |  out|    1|     ap_fifo|      conv2_to_conv3|       pointer|
|conv3_weights_address0                     |  out|   10|   ap_memory|       conv3_weights|         array|
|conv3_weights_ce0                          |  out|    1|   ap_memory|       conv3_weights|         array|
|conv3_weights_q0                           |   in|   32|   ap_memory|       conv3_weights|         array|
|conv3_weights_address1                     |  out|   10|   ap_memory|       conv3_weights|         array|
|conv3_weights_ce1                          |  out|    1|   ap_memory|       conv3_weights|         array|
|conv3_weights_q1                           |   in|   32|   ap_memory|       conv3_weights|         array|
|conv3_biases_read                          |   in|   32|     ap_none|   conv3_biases_read|        scalar|
|layer3_output_tile_address0                |  out|    9|   ap_memory|  layer3_output_tile|         array|
|layer3_output_tile_ce0                     |  out|    1|   ap_memory|  layer3_output_tile|         array|
|layer3_output_tile_we0                     |  out|    1|   ap_memory|  layer3_output_tile|         array|
|layer3_output_tile_d0                      |  out|   32|   ap_memory|  layer3_output_tile|         array|
|layer3_output_tile_q0                      |   in|   32|   ap_memory|  layer3_output_tile|         array|
+-------------------------------------------+-----+-----+------------+--------------------+--------------+

============================================================
+ Verbose Summary: Synthesis Manager
============================================================
InlineROM: 1
ExposeGlobal: 0
============================================================
+ Verbose Summary: CDFG Model
============================================================
IsTopModel: 0
ResetActiveHigh: 1
IsCombinational: 2
IsDatapathOnly: 2
HasWiredReturn: 1
HasMFsm: 0
HasVarLatency: 1
IsPipeline: 0
IsRtlPipelined: 0
IsInstanceOverlapped: 0
IsDontTouch: 0
HasImplIP: 0
IsGatedGlobalClock: 0


============================================================
+ Verbose Summary: Schedule
============================================================
* Number of FSM states : 5
* Pipeline : 0
* Dataflow Pipeline: 0

* FSM state transitions: 
1 --> 2 
2 --> 3 
3 --> 4 
4 --> 5 
5 --> 

* FSM state operations: 

State 1 <SV = 0> <Delay = 1.23>
ST_1 : Operation 6 [1/1] (0.00ns)   --->   "%conv3_biases_read_1 = read i32 @_ssdm_op_Read.ap_auto.i32, i32 %conv3_biases_read"   --->   Operation 6 'read' 'conv3_biases_read_1' <Predicate = true> <Delay = 0.00>
ST_1 : Operation 7 [1/1] (1.23ns)   --->   "%input_tile = alloca i64 1" [src/conv3.cpp:20]   --->   Operation 7 'alloca' 'input_tile' <Predicate = true> <Delay = 1.23>

State 2 <SV = 1> <Delay = 1.23>
ST_2 : Operation 8 [1/1] (0.00ns)   --->   "%empty = wait i32 @_ssdm_op_Wait"   --->   Operation 8 'wait' 'empty' <Predicate = true> <Delay = 0.00>
ST_2 : Operation 9 [2/2] (0.00ns)   --->   "%call_ln0 = call void @conv33_Pipeline_VITIS_LOOP_23_1_VITIS_LOOP_24_2_VITIS_LOOP_25_3, i32 %input_tile, i32 %conv2_to_conv3"   --->   Operation 9 'call' 'call_ln0' <Predicate = true> <Delay = 0.00> <CoreType = "Generic">   --->   Core 0 '' <Latency = 0> <II = 1> <Delay = 1.00> <Generic> <Opcode : >
ST_2 : Operation 10 [1/1] (0.00ns)   --->   "%empty_132 = bitcast i32 %conv3_biases_read_1"   --->   Operation 10 'bitcast' 'empty_132' <Predicate = true> <Delay = 0.00>
ST_2 : Operation 11 [2/2] (1.23ns)   --->   "%call_ln0 = call void @conv33_Pipeline_OUT_STATIONARY_CONV3_VITIS_LOOP_34_4, i32 %layer3_output_tile, i32 %empty_132"   --->   Operation 11 'call' 'call_ln0' <Predicate = true> <Delay = 1.23> <CoreType = "Generic">   --->   Core 0 '' <Latency = 0> <II = 1> <Delay = 1.00> <Generic> <Opcode : >

State 3 <SV = 2> <Delay = 0.00>
ST_3 : Operation 12 [1/2] (0.00ns)   --->   "%call_ln0 = call void @conv33_Pipeline_VITIS_LOOP_23_1_VITIS_LOOP_24_2_VITIS_LOOP_25_3, i32 %input_tile, i32 %conv2_to_conv3"   --->   Operation 12 'call' 'call_ln0' <Predicate = true> <Delay = 0.00> <CoreType = "Generic">   --->   Core 0 '' <Latency = 0> <II = 1> <Delay = 1.00> <Generic> <Opcode : >
ST_3 : Operation 13 [1/2] (0.00ns)   --->   "%call_ln0 = call void @conv33_Pipeline_OUT_STATIONARY_CONV3_VITIS_LOOP_34_4, i32 %layer3_output_tile, i32 %empty_132"   --->   Operation 13 'call' 'call_ln0' <Predicate = true> <Delay = 0.00> <CoreType = "Generic">   --->   Core 0 '' <Latency = 0> <II = 1> <Delay = 1.00> <Generic> <Opcode : >

State 4 <SV = 3> <Delay = 0.00>
ST_4 : Operation 14 [2/2] (0.00ns)   --->   "%call_ln0 = call void @conv33_Pipeline_MAC_CONV3_VITIS_LOOP_43_5_VITIS_LOOP_44_6, i32 %conv3_weights, i32 %layer3_output_tile, i32 %input_tile"   --->   Operation 14 'call' 'call_ln0' <Predicate = true> <Delay = 0.00> <CoreType = "Generic">   --->   Core 0 '' <Latency = 0> <II = 1> <Delay = 1.00> <Generic> <Opcode : >

State 5 <SV = 4> <Delay = 0.00>
ST_5 : Operation 15 [1/1] (0.00ns)   --->   "%specinterface_ln0 = specinterface void @_ssdm_op_SpecInterface, i32 %conv2_to_conv3, void @empty_4, i32 0, i32 0, void @empty_1, i32 0, i32 0, void @empty_1, void @empty_1, void @empty_1, i32 0, i32 0, i32 0, i32 0, void @empty_1, void @empty_1, i32 4294967295, i32 0"   --->   Operation 15 'specinterface' 'specinterface_ln0' <Predicate = true> <Delay = 0.00>
ST_5 : Operation 16 [1/1] (0.00ns)   --->   "%specinterface_ln0 = specinterface void @_ssdm_op_SpecInterface, i32 %conv3_weights, void @empty_5, i32 0, i32 0, void @empty_1, i32 4294967295, i32 0, void @empty_1, void @empty_1, void @empty_1, i32 0, i32 0, i32 0, i32 0, void @empty_1, void @empty_1, i32 4294967295, i32 0"   --->   Operation 16 'specinterface' 'specinterface_ln0' <Predicate = true> <Delay = 0.00>
ST_5 : Operation 17 [1/2] (0.00ns)   --->   "%call_ln0 = call void @conv33_Pipeline_MAC_CONV3_VITIS_LOOP_43_5_VITIS_LOOP_44_6, i32 %conv3_weights, i32 %layer3_output_tile, i32 %input_tile"   --->   Operation 17 'call' 'call_ln0' <Predicate = true> <Delay = 0.00> <CoreType = "Generic">   --->   Core 0 '' <Latency = 0> <II = 1> <Delay = 1.00> <Generic> <Opcode : >
ST_5 : Operation 18 [1/1] (0.00ns)   --->   "%ret_ln57 = ret" [src/conv3.cpp:57]   --->   Operation 18 'ret' 'ret_ln57' <Predicate = true> <Delay = 0.00>


============================================================
+ Verbose Summary: Binding
============================================================
STG Binding: 
---------------- STG Properties BEGIN ----------------
- Is combinational: 0
- Is one-state seq: 0
- Is datapath-only: 0
- Is pipelined: 0
- Is top level: 0
Port [ Return ] is wired: 1; IO mode=ap_ctrl_hs:ce=0
Port [ conv2_to_conv3]:  wired=1; compound=1; hidden=0; nouse=0; global=0; static=0; extern=0; dir=0; type=3; pingpong=0; private_global=0; IO mode=ap_fifo:ce=0
Port [ conv3_weights]:  wired=1; compound=1; hidden=0; nouse=0; global=0; static=0; extern=0; dir=0; type=1; pingpong=0; private_global=0; MemPort=[11]; IO mode=ap_memory:ce=0
Port [ conv3_biases_read]:  wired=1; compound=0; hidden=0; nouse=0; global=0; static=0; extern=0; dir=0; type=0; pingpong=0; private_global=0; IO mode=ap_none:ce=0
Port [ layer3_output_tile]:  wired=1; compound=1; hidden=0; nouse=0; global=0; static=0; extern=0; dir=2; type=1; pingpong=0; private_global=0; MemPort=[23]; IO mode=ap_memory:ce=0
---------------- STG Properties END ------------------

---------------- Datapath Model BEGIN ----------------

<LifeTime>
<method=bitvector/>
conv3_biases_read_1 (read         ) [ 001000]
input_tile          (alloca       ) [ 001111]
empty               (wait         ) [ 000000]
empty_132           (bitcast      ) [ 000100]
call_ln0            (call         ) [ 000000]
call_ln0            (call         ) [ 000000]
specinterface_ln0   (specinterface) [ 000000]
specinterface_ln0   (specinterface) [ 000000]
call_ln0            (call         ) [ 000000]
ret_ln57            (ret          ) [ 000000]
</LifeTime>

<model>

<comp_list>
<comp id="0" class="1000" name="conv2_to_conv3">
<pin_list>
<pin id="1" dir="1" index="0" bw="1" slack="0"/>
</pin_list>
<bind>
<StgValue><ssdm name="conv2_to_conv3"/></StgValue>
</bind>
</comp>

<comp id="2" class="1000" name="conv3_weights">
<pin_list>
<pin id="3" dir="1" index="0" bw="1" slack="0"/>
</pin_list>
<bind>
<StgValue><ssdm name="conv3_weights"/><MemPortTyVec>1 1 </MemPortTyVec>
</StgValue>
</bind>
</comp>

<comp id="4" class="1000" name="conv3_biases_read">
<pin_list>
<pin id="5" dir="1" index="0" bw="1" slack="0"/>
</pin_list>
<bind>
<StgValue><ssdm name="conv3_biases_read"/></StgValue>
</bind>
</comp>

<comp id="6" class="1000" name="layer3_output_tile">
<pin_list>
<pin id="7" dir="1" index="0" bw="1" slack="0"/>
</pin_list>
<bind>
<StgValue><ssdm name="layer3_output_tile"/><MemPortTyVec>2 3 </MemPortTyVec>
</StgValue>
</bind>
</comp>

<comp id="8" class="1001" name="const_8">
<pin_list>
<pin id="9" dir="1" index="0" bw="1" slack="0"/>
</pin_list>
<bind>
<StgValue><ssdm name="_ssdm_op_Read.ap_auto.i32"/></StgValue>
</bind>
</comp>

<comp id="10" class="1001" name="const_10">
<pin_list>
<pin id="11" dir="1" index="0" bw="1" slack="0"/>
</pin_list>
<bind>
<StgValue><ssdm name=""/></StgValue>
</bind>
</comp>

<comp id="12" class="1001" name="const_12">
<pin_list>
<pin id="13" dir="1" index="0" bw="1" slack="2147483647"/>
</pin_list>
<bind>
<StgValue><ssdm name="_ssdm_op_Wait"/></StgValue>
</bind>
</comp>

<comp id="14" class="1001" name="const_14">
<pin_list>
<pin id="15" dir="1" index="0" bw="1" slack="0"/>
</pin_list>
<bind>
<StgValue><ssdm name="conv33_Pipeline_VITIS_LOOP_23_1_VITIS_LOOP_24_2_VITIS_LOOP_25_3"/></StgValue>
</bind>
</comp>

<comp id="16" class="1001" name="const_16">
<pin_list>
<pin id="17" dir="1" index="0" bw="1" slack="0"/>
</pin_list>
<bind>
<StgValue><ssdm name="conv33_Pipeline_OUT_STATIONARY_CONV3_VITIS_LOOP_34_4"/></StgValue>
</bind>
</comp>

<comp id="18" class="1001" name="const_18">
<pin_list>
<pin id="19" dir="1" index="0" bw="1" slack="0"/>
</pin_list>
<bind>
<StgValue><ssdm name="conv33_Pipeline_MAC_CONV3_VITIS_LOOP_43_5_VITIS_LOOP_44_6"/></StgValue>
</bind>
</comp>

<comp id="20" class="1001" name="const_20">
<pin_list>
<pin id="21" dir="1" index="0" bw="1" slack="2147483647"/>
</pin_list>
<bind>
<StgValue><ssdm name="_ssdm_op_SpecInterface"/></StgValue>
</bind>
</comp>

<comp id="22" class="1001" name="const_22">
<pin_list>
<pin id="23" dir="1" index="0" bw="1" slack="2147483647"/>
</pin_list>
<bind>
<StgValue><ssdm name="empty_4"/></StgValue>
</bind>
</comp>

<comp id="24" class="1001" name="const_24">
<pin_list>
<pin id="25" dir="1" index="0" bw="1" slack="2147483647"/>
</pin_list>
<bind>
<StgValue><ssdm name=""/></StgValue>
</bind>
</comp>

<comp id="26" class="1001" name="const_26">
<pin_list>
<pin id="27" dir="1" index="0" bw="1" slack="2147483647"/>
</pin_list>
<bind>
<StgValue><ssdm name="empty_1"/></StgValue>
</bind>
</comp>

<comp id="28" class="1001" name="const_28">
<pin_list>
<pin id="29" dir="1" index="0" bw="1" slack="2147483647"/>
</pin_list>
<bind>
<StgValue><ssdm name=""/></StgValue>
</bind>
</comp>

<comp id="30" class="1001" name="const_30">
<pin_list>
<pin id="31" dir="1" index="0" bw="1" slack="2147483647"/>
</pin_list>
<bind>
<StgValue><ssdm name="empty_5"/></StgValue>
</bind>
</comp>

<comp id="32" class="1004" name="input_tile_alloca_fu_32">
<pin_list>
<pin id="33" dir="0" index="0" bw="1" slack="0"/>
<pin id="34" dir="1" index="1" bw="32" slack="2147483647"/>
</pin_list>
<bind>
<opcode="alloca(26) " fcode="alloca"/>
<opset="input_tile/1 "/>
</bind>
</comp>

<comp id="36" class="1004" name="conv3_biases_read_1_read_fu_36">
<pin_list>
<pin id="37" dir="0" index="0" bw="32" slack="0"/>
<pin id="38" dir="0" index="1" bw="32" slack="0"/>
<pin id="39" dir="1" index="2" bw="32" slack="1"/>
</pin_list>
<bind>
<opcode="read(1150) " fcode="read"/>
<opset="conv3_biases_read_1/1 "/>
</bind>
</comp>

<comp id="42" class="1004" name="grp_conv33_Pipeline_VITIS_LOOP_23_1_VITIS_LOOP_24_2_VITIS_LOOP_25_3_fu_42">
<pin_list>
<pin id="43" dir="0" index="0" bw="0" slack="0"/>
<pin id="44" dir="0" index="1" bw="32" slack="2147483647"/>
<pin id="45" dir="0" index="2" bw="32" slack="0"/>
<pin id="46" dir="1" index="3" bw="0" slack="2147483647"/>
</pin_list>
<bind>
<opcode="call(48) " fcode="call"/>
<opset="call_ln0/2 "/>
</bind>
</comp>

<comp id="49" class="1004" name="grp_conv33_Pipeline_OUT_STATIONARY_CONV3_VITIS_LOOP_34_4_fu_49">
<pin_list>
<pin id="50" dir="0" index="0" bw="0" slack="0"/>
<pin id="51" dir="0" index="1" bw="32" slack="0"/>
<pin id="52" dir="0" index="2" bw="32" slack="0"/>
<pin id="53" dir="1" index="3" bw="0" slack="2147483647"/>
</pin_list>
<bind>
<opcode="call(48) " fcode="call"/>
<opset="call_ln0/2 "/>
</bind>
</comp>

<comp id="56" class="1004" name="grp_conv33_Pipeline_MAC_CONV3_VITIS_LOOP_43_5_VITIS_LOOP_44_6_fu_56">
<pin_list>
<pin id="57" dir="0" index="0" bw="0" slack="0"/>
<pin id="58" dir="0" index="1" bw="32" slack="0"/>
<pin id="59" dir="0" index="2" bw="32" slack="0"/>
<pin id="60" dir="0" index="3" bw="32" slack="2147483647"/>
<pin id="61" dir="1" index="4" bw="0" slack="2147483647"/>
</pin_list>
<bind>
<opcode="call(48) " fcode="call"/>
<opset="call_ln0/4 "/>
</bind>
</comp>

<comp id="65" class="1004" name="empty_132_fu_65">
<pin_list>
<pin id="66" dir="0" index="0" bw="32" slack="1"/>
<pin id="67" dir="1" index="1" bw="32" slack="0"/>
</pin_list>
<bind>
<opcode="bitcast(44) " fcode="bitcast"/>
<opset="empty_132/2 "/>
</bind>
</comp>

<comp id="69" class="1005" name="conv3_biases_read_1_reg_69">
<pin_list>
<pin id="70" dir="0" index="0" bw="32" slack="1"/>
<pin id="71" dir="1" index="1" bw="32" slack="1"/>
</pin_list>
<bind>
<opset="conv3_biases_read_1 "/>
</bind>
</comp>

<comp id="74" class="1005" name="empty_132_reg_74">
<pin_list>
<pin id="75" dir="0" index="0" bw="32" slack="1"/>
<pin id="76" dir="1" index="1" bw="32" slack="1"/>
</pin_list>
<bind>
<opset="empty_132 "/>
</bind>
</comp>

<comp id="79" class="1004" name="grp_fu_79">
<pin_list>
<pin id="80" dir="0" index="0" bw="32" slack="2147483647"/>
<pin id="81" dir="0" index="1" bw="32" slack="2147483647"/>
<pin id="82" dir="1" index="2" bw="32" slack="2147483647"/>
</pin_list>
<bind>
<opcode="fadd(9) " fcode="fadd"/>
<opset="add/14 add_0_1/18 add_0_2/22 add_0_3/26 add_0_4/30 add_1/34 add_1_1/38 add_1_2/42 add_1_3/46 add_1_4/50 add_2/54 add_2_1/58 add_2_2/62 "/>
</bind>
</comp>

<comp id="83" class="1004" name="grp_fu_83">
<pin_list>
<pin id="84" dir="0" index="0" bw="32" slack="2147483647"/>
<pin id="85" dir="0" index="1" bw="32" slack="2147483647"/>
<pin id="86" dir="1" index="2" bw="32" slack="2147483647"/>
</pin_list>
<bind>
<opcode="fadd(9) " fcode="fadd"/>
<opset="add_2_3/66 add_2_4/70 add_3/74 add_3_1/78 add_3_2/82 add_3_3/86 add_3_4/90 add_4/94 add_4_1/98 add_4_2/102 add_4_3/106 add_4_4/110 "/>
</bind>
</comp>

<comp id="87" class="1004" name="grp_fu_87">
<pin_list>
<pin id="88" dir="0" index="0" bw="32" slack="2147483647"/>
<pin id="89" dir="0" index="1" bw="32" slack="2147483647"/>
<pin id="90" dir="1" index="2" bw="32" slack="2147483647"/>
</pin_list>
<bind>
<opcode="fmul(13) " fcode="fmul"/>
<opset="mul_0_2/10 mul/11 mul_0_1/12 mul_0_3/13 mul_0_4/14 mul_1/15 mul_1_2/16 mul_1_4/17 mul_2_1/18 mul_2_3/19 mul_3/20 mul_3_2/21 mul_3_4/22 "/>
</bind>
</comp>

<comp id="91" class="1004" name="grp_fu_91">
<pin_list>
<pin id="92" dir="0" index="0" bw="32" slack="2147483647"/>
<pin id="93" dir="0" index="1" bw="32" slack="2147483647"/>
<pin id="94" dir="1" index="2" bw="32" slack="2147483647"/>
</pin_list>
<bind>
<opcode="fmul(13) " fcode="fmul"/>
<opset="mul_1_1/15 mul_1_3/16 mul_2/17 mul_2_2/18 mul_2_4/19 mul_3_1/20 mul_3_3/21 mul_4/22 mul_4_1/23 mul_4_2/24 mul_4_3/25 mul_4_4/26 "/>
</bind>
</comp>

<comp id="95" class="1004" name="grp_fu_95">
<pin_list>
<pin id="96" dir="0" index="0" bw="5" slack="2147483647"/>
<pin id="97" dir="1" index="1" bw="32" slack="2147483647"/>
</pin_list>
<bind>
<opcode="sitofp(39) " fcode="sitofp"/>
<opset="x_assign_3_0_2/2 x_assign/3 x_assign_5/4 x_assign_3_0_1/5 x_assign_3_0_3/6 x_assign_3_0_4/7 x_assign_s/8 x_assign_2/9 x_assign_2_mid1/10 x_assign_3/11 x_assign_4/12 "/>
</bind>
</comp>

<comp id="98" class="1004" name="grp_generic_fmax_float_s_fu_98">
<pin_list>
<pin id="99" dir="0" index="0" bw="32" slack="2147483647"/>
<pin id="100" dir="0" index="1" bw="32" slack="2147483647"/>
<pin id="101" dir="1" index="2" bw="32" slack="2147483647"/>
</pin_list>
<bind>
<opcode="call(48) " fcode="call"/>
<opset="x_assign_4_0_2/5 x_assign_1/6 x_assign_8/7 x_assign_4_0_1/8 x_assign_4_0_3/9 x_assign_4_0_4/10 x_assign_1_1/11 x_assign_1_2/13 x_assign_1_3/14 x_assign_1_4/15 "/>
</bind>
</comp>

<comp id="102" class="1004" name="grp_generic_fmin_float_s_fu_102">
<pin_list>
<pin id="103" dir="0" index="0" bw="32" slack="2147483647"/>
<pin id="104" dir="0" index="1" bw="32" slack="2147483647"/>
<pin id="105" dir="1" index="2" bw="32" slack="2147483647"/>
</pin_list>
<bind>
<opcode="call(48) " fcode="call"/>
<opset="x_assign_7_0_2/6 x_assign_6/7 x_assign_7/8 x_assign_7_0_1/9 x_assign_7_0_3/10 x_assign_7_0_4/11 x_assign_6_1/12 x_assign_6_2/14 x_assign_6_3/15 x_assign_6_4/16 "/>
</bind>
</comp>

</comp_list>

<net_list>
<net id="35"><net_src comp="10" pin="0"/><net_sink comp="32" pin=0"/></net>

<net id="40"><net_src comp="8" pin="0"/><net_sink comp="36" pin=0"/></net>

<net id="41"><net_src comp="4" pin="0"/><net_sink comp="36" pin=1"/></net>

<net id="47"><net_src comp="14" pin="0"/><net_sink comp="42" pin=0"/></net>

<net id="48"><net_src comp="0" pin="0"/><net_sink comp="42" pin=2"/></net>

<net id="54"><net_src comp="16" pin="0"/><net_sink comp="49" pin=0"/></net>

<net id="55"><net_src comp="6" pin="0"/><net_sink comp="49" pin=1"/></net>

<net id="62"><net_src comp="18" pin="0"/><net_sink comp="56" pin=0"/></net>

<net id="63"><net_src comp="2" pin="0"/><net_sink comp="56" pin=1"/></net>

<net id="64"><net_src comp="6" pin="0"/><net_sink comp="56" pin=2"/></net>

<net id="68"><net_src comp="65" pin="1"/><net_sink comp="49" pin=2"/></net>

<net id="72"><net_src comp="36" pin="2"/><net_sink comp="69" pin=0"/></net>

<net id="73"><net_src comp="69" pin="1"/><net_sink comp="65" pin=0"/></net>

<net id="77"><net_src comp="65" pin="1"/><net_sink comp="74" pin=0"/></net>

<net id="78"><net_src comp="74" pin="1"/><net_sink comp="49" pin=2"/></net>

</net_list>

</model> 
---------------- Datapath Model END ------------------

* FSMD analyzer results:
  - Output states:
	Port: conv3_weights | {}
	Port: layer3_output_tile | {2 3 4 5 }
 - Input state : 
	Port: conv33 : conv2_to_conv3 | {2 3 }
	Port: conv33 : conv3_weights | {4 5 }
	Port: conv33 : conv3_biases_read | {1 }
	Port: conv33 : layer3_output_tile | {4 5 }
  - Chain level:
	State 1
	State 2
		call_ln0 : 1
	State 3
	State 4
	State 5


============================================================
+ Verbose Summary: Datapath Resource usage 
============================================================

* Functional unit list:
|----------|---------------------------------------------------------------------------|---------|---------|---------|---------|
| Operation|                              Functional Unit                              |   DSP   |  Delay  |    FF   |   LUT   |
|----------|---------------------------------------------------------------------------|---------|---------|---------|---------|
|          | grp_conv33_Pipeline_VITIS_LOOP_23_1_VITIS_LOOP_24_2_VITIS_LOOP_25_3_fu_42 |    0    |    0    |    40   |   229   |
|          |       grp_conv33_Pipeline_OUT_STATIONARY_CONV3_VITIS_LOOP_34_4_fu_49      |    0    |    0    |    19   |   114   |
|   call   |    grp_conv33_Pipeline_MAC_CONV3_VITIS_LOOP_43_5_VITIS_LOOP_44_6_fu_56    |    10   | 11.3516 |   5023  |   6326  |
|          |                       grp_generic_fmax_float_s_fu_98                      |    0    |    0    |    0    |   102   |
|          |                      grp_generic_fmin_float_s_fu_102                      |    0    |    0    |    0    |   150   |
|----------|---------------------------------------------------------------------------|---------|---------|---------|---------|
|   fadd   |                                 grp_fu_79                                 |    2    |    0    |   227   |   214   |
|          |                                 grp_fu_83                                 |    2    |    0    |   227   |   214   |
|----------|---------------------------------------------------------------------------|---------|---------|---------|---------|
|   fmul   |                                 grp_fu_87                                 |    3    |    0    |   128   |   135   |
|          |                                 grp_fu_91                                 |    3    |    0    |   128   |   135   |
|----------|---------------------------------------------------------------------------|---------|---------|---------|---------|
|   read   |                       conv3_biases_read_1_read_fu_36                      |    0    |    0    |    0    |    0    |
|----------|---------------------------------------------------------------------------|---------|---------|---------|---------|
|  sitofp  |                                 grp_fu_95                                 |    0    |    0    |    0    |    0    |
|----------|---------------------------------------------------------------------------|---------|---------|---------|---------|
|   Total  |                                                                           |    20   | 11.3516 |   5792  |   7619  |
|----------|---------------------------------------------------------------------------|---------|---------|---------|---------|

Memories:
+----------+--------+--------+--------+--------+
|          |  BRAM  |   FF   |   LUT  |  URAM  |
+----------+--------+--------+--------+--------+
|input_tile|   22   |    0   |    0   |    0   |
+----------+--------+--------+--------+--------+
|   Total  |   22   |    0   |    0   |    0   |
+----------+--------+--------+--------+--------+

* Register list:
+--------------------------+--------+
|                          |   FF   |
+--------------------------+--------+
|conv3_biases_read_1_reg_69|   32   |
|     empty_132_reg_74     |   32   |
+--------------------------+--------+
|           Total          |   64   |
+--------------------------+--------+

* Multiplexer (MUX) list: 
|----------------------------------------------------------------|------|------|------|--------||---------||---------|
|                              Comp                              |  Pin | Size |  BW  | S x BW ||  Delay  ||   LUT   |
|----------------------------------------------------------------|------|------|------|--------||---------||---------|
| grp_conv33_Pipeline_OUT_STATIONARY_CONV3_VITIS_LOOP_34_4_fu_49 |  p2  |   2  |  32  |   64   ||    9    |
|----------------------------------------------------------------|------|------|------|--------||---------||---------|
|                              Total                             |      |      |      |   64   ||  0.427  ||    9    |
|----------------------------------------------------------------|------|------|------|--------||---------||---------|



* Summary:
+-----------+--------+--------+--------+--------+--------+--------+
|           |  BRAM  |   DSP  |  Delay |   FF   |   LUT  |  URAM  |
+-----------+--------+--------+--------+--------+--------+--------+
|  Function |    -   |   20   |   11   |  5792  |  7619  |    -   |
|   Memory  |   22   |    -   |    -   |    0   |    0   |    0   |
|Multiplexer|    -   |    -   |    0   |    -   |    9   |    -   |
|  Register |    -   |    -   |    -   |   64   |    -   |    -   |
+-----------+--------+--------+--------+--------+--------+--------+
|   Total   |   22   |   20   |   11   |  5856  |  7628  |    0   |
+-----------+--------+--------+--------+--------+--------+--------+
