

================================================================
== Vitis HLS Report for 'conv1_tile_Pipeline_OUT_STATIONARY_CONV1_VITIS_LOOP_41_1_VITIS_LOOP_42_2'
================================================================
* Date:           Tue Oct 28 17:20:47 2025

* Version:        2023.1 (Build 3854077 on May  4 2023)
* Project:        srcnn_hls
* Solution:       solution1 (Vivado IP Flow Target)
* Product family: zynquplus
* Target device:  xck26-sfvc784-2LV-c


================================================================
== Performance Estimates
================================================================
+ Timing: 
    * Summary: 
    +--------+----------+----------+------------+
    |  Clock |  Target  | Estimated| Uncertainty|
    +--------+----------+----------+------------+
    |ap_clk  |  10.00 ns|  4.647 ns|     2.70 ns|
    +--------+----------+----------+------------+

+ Latency: 
    * Summary: 
    +---------+---------+----------+----------+-------+-------+---------+
    |  Latency (cycles) |  Latency (absolute) |    Interval   | Pipeline|
    |   min   |   max   |    min   |    max   |  min  |  max  |   Type  |
    +---------+---------+----------+----------+-------+-------+---------+
    |    18498|    18498|  0.185 ms|  0.185 ms|  18498|  18498|       no|
    +---------+---------+----------+----------+-------+-------+---------+

    + Detail: 
        * Instance: 
        N/A

        * Loop: 
        +--------------------------------------------------------+---------+---------+----------+-----------+-----------+-------+----------+
        |                                                        |  Latency (cycles) | Iteration|  Initiation Interval  |  Trip |          |
        |                        Loop Name                       |   min   |   max   |  Latency |  achieved |   target  | Count | Pipelined|
        +--------------------------------------------------------+---------+---------+----------+-----------+-----------+-------+----------+
        |- OUT_STATIONARY_CONV1_VITIS_LOOP_41_1_VITIS_LOOP_42_2  |    18496|    18496|         1|          1|          1|  18496|       yes|
        +--------------------------------------------------------+---------+---------+----------+-----------+-----------+-------+----------+

============================================================
+ Verbose Summary: Synthesis Manager
============================================================
InlineROM: 1
ExposeGlobal: 0
============================================================
+ Verbose Summary: CDFG Model
============================================================
IsTopModel: 0
ResetActiveHigh: 1
IsCombinational: 0
IsDatapathOnly: 0
HasWiredReturn: 1
HasMFsm: 2
HasVarLatency: 1
IsPipeline: 0
IsRtlPipelined: 0
IsInstanceOverlapped: 0
IsDontTouch: 0
HasImplIP: 0
IsGatedGlobalClock: 0

+ Individual pipeline summary: 
  * Pipeline-0: initiation interval (II) = 1, depth = 2


============================================================
+ Verbose Summary: Schedule
============================================================
* Number of FSM states : 2
* Pipeline : 1
  Pipeline-0 : II = 1, D = 2, States = { 1 2 }
* Dataflow Pipeline: 0

* FSM state transitions: 
1 --> 2 
2 --> 

* FSM state operations: 

State 1 <SV = 0> <Delay = 0.42>
ST_1 : Operation 4 [1/1] (0.00ns)   --->   "%j = alloca i32 1"   --->   Operation 4 'alloca' 'j' <Predicate = true> <Delay = 0.00>
ST_1 : Operation 5 [1/1] (0.00ns)   --->   "%i = alloca i32 1"   --->   Operation 5 'alloca' 'i' <Predicate = true> <Delay = 0.00>
ST_1 : Operation 6 [1/1] (0.00ns)   --->   "%indvar_flatten = alloca i32 1"   --->   Operation 6 'alloca' 'indvar_flatten' <Predicate = true> <Delay = 0.00>
ST_1 : Operation 7 [1/1] (0.00ns)   --->   "%out_feat = alloca i32 1"   --->   Operation 7 'alloca' 'out_feat' <Predicate = true> <Delay = 0.00>
ST_1 : Operation 8 [1/1] (0.00ns)   --->   "%indvar_flatten12 = alloca i32 1"   --->   Operation 8 'alloca' 'indvar_flatten12' <Predicate = true> <Delay = 0.00>
ST_1 : Operation 9 [1/1] (0.00ns)   --->   "%tmp_72 = read i32 @_ssdm_op_Read.ap_auto.float, i32 %empty"   --->   Operation 9 'read' 'tmp_72' <Predicate = true> <Delay = 0.00>
ST_1 : Operation 10 [1/1] (0.00ns)   --->   "%tmp_73 = read i32 @_ssdm_op_Read.ap_auto.float, i32 %empty_125"   --->   Operation 10 'read' 'tmp_73' <Predicate = true> <Delay = 0.00>
ST_1 : Operation 11 [1/1] (0.00ns)   --->   "%tmp_74 = read i32 @_ssdm_op_Read.ap_auto.float, i32 %empty_124"   --->   Operation 11 'read' 'tmp_74' <Predicate = true> <Delay = 0.00>
ST_1 : Operation 12 [1/1] (0.00ns)   --->   "%tmp_75 = read i32 @_ssdm_op_Read.ap_auto.float, i32 %empty_123"   --->   Operation 12 'read' 'tmp_75' <Predicate = true> <Delay = 0.00>
ST_1 : Operation 13 [1/1] (0.00ns)   --->   "%tmp_76 = read i32 @_ssdm_op_Read.ap_auto.float, i32 %empty_122"   --->   Operation 13 'read' 'tmp_76' <Predicate = true> <Delay = 0.00>
ST_1 : Operation 14 [1/1] (0.00ns)   --->   "%tmp_77 = read i32 @_ssdm_op_Read.ap_auto.float, i32 %empty_121"   --->   Operation 14 'read' 'tmp_77' <Predicate = true> <Delay = 0.00>
ST_1 : Operation 15 [1/1] (0.00ns)   --->   "%tmp_78 = read i32 @_ssdm_op_Read.ap_auto.float, i32 %empty_120"   --->   Operation 15 'read' 'tmp_78' <Predicate = true> <Delay = 0.00>
ST_1 : Operation 16 [1/1] (0.00ns)   --->   "%tmp_79 = read i32 @_ssdm_op_Read.ap_auto.float, i32 %empty_119"   --->   Operation 16 'read' 'tmp_79' <Predicate = true> <Delay = 0.00>
ST_1 : Operation 17 [1/1] (0.00ns)   --->   "%tmp_80 = read i32 @_ssdm_op_Read.ap_auto.float, i32 %empty_118"   --->   Operation 17 'read' 'tmp_80' <Predicate = true> <Delay = 0.00>
ST_1 : Operation 18 [1/1] (0.00ns)   --->   "%tmp_81 = read i32 @_ssdm_op_Read.ap_auto.float, i32 %empty_117"   --->   Operation 18 'read' 'tmp_81' <Predicate = true> <Delay = 0.00>
ST_1 : Operation 19 [1/1] (0.00ns)   --->   "%tmp_82 = read i32 @_ssdm_op_Read.ap_auto.float, i32 %empty_116"   --->   Operation 19 'read' 'tmp_82' <Predicate = true> <Delay = 0.00>
ST_1 : Operation 20 [1/1] (0.00ns)   --->   "%tmp_83 = read i32 @_ssdm_op_Read.ap_auto.float, i32 %empty_115"   --->   Operation 20 'read' 'tmp_83' <Predicate = true> <Delay = 0.00>
ST_1 : Operation 21 [1/1] (0.00ns)   --->   "%tmp_84 = read i32 @_ssdm_op_Read.ap_auto.float, i32 %empty_114"   --->   Operation 21 'read' 'tmp_84' <Predicate = true> <Delay = 0.00>
ST_1 : Operation 22 [1/1] (0.00ns)   --->   "%tmp_85 = read i32 @_ssdm_op_Read.ap_auto.float, i32 %empty_113"   --->   Operation 22 'read' 'tmp_85' <Predicate = true> <Delay = 0.00>
ST_1 : Operation 23 [1/1] (0.00ns)   --->   "%tmp_86 = read i32 @_ssdm_op_Read.ap_auto.float, i32 %empty_112"   --->   Operation 23 'read' 'tmp_86' <Predicate = true> <Delay = 0.00>
ST_1 : Operation 24 [1/1] (0.00ns)   --->   "%tmp_87 = read i32 @_ssdm_op_Read.ap_auto.float, i32 %empty_111"   --->   Operation 24 'read' 'tmp_87' <Predicate = true> <Delay = 0.00>
ST_1 : Operation 25 [1/1] (0.00ns)   --->   "%tmp_88 = read i32 @_ssdm_op_Read.ap_auto.float, i32 %empty_110"   --->   Operation 25 'read' 'tmp_88' <Predicate = true> <Delay = 0.00>
ST_1 : Operation 26 [1/1] (0.00ns)   --->   "%tmp_89 = read i32 @_ssdm_op_Read.ap_auto.float, i32 %empty_109"   --->   Operation 26 'read' 'tmp_89' <Predicate = true> <Delay = 0.00>
ST_1 : Operation 27 [1/1] (0.00ns)   --->   "%tmp_90 = read i32 @_ssdm_op_Read.ap_auto.float, i32 %empty_108"   --->   Operation 27 'read' 'tmp_90' <Predicate = true> <Delay = 0.00>
ST_1 : Operation 28 [1/1] (0.00ns)   --->   "%tmp_91 = read i32 @_ssdm_op_Read.ap_auto.float, i32 %empty_107"   --->   Operation 28 'read' 'tmp_91' <Predicate = true> <Delay = 0.00>
ST_1 : Operation 29 [1/1] (0.00ns)   --->   "%tmp_92 = read i32 @_ssdm_op_Read.ap_auto.float, i32 %empty_106"   --->   Operation 29 'read' 'tmp_92' <Predicate = true> <Delay = 0.00>
ST_1 : Operation 30 [1/1] (0.00ns)   --->   "%tmp_93 = read i32 @_ssdm_op_Read.ap_auto.float, i32 %empty_105"   --->   Operation 30 'read' 'tmp_93' <Predicate = true> <Delay = 0.00>
ST_1 : Operation 31 [1/1] (0.00ns)   --->   "%tmp_94 = read i32 @_ssdm_op_Read.ap_auto.float, i32 %empty_104"   --->   Operation 31 'read' 'tmp_94' <Predicate = true> <Delay = 0.00>
ST_1 : Operation 32 [1/1] (0.00ns)   --->   "%tmp_95 = read i32 @_ssdm_op_Read.ap_auto.float, i32 %empty_103"   --->   Operation 32 'read' 'tmp_95' <Predicate = true> <Delay = 0.00>
ST_1 : Operation 33 [1/1] (0.00ns)   --->   "%tmp_96 = read i32 @_ssdm_op_Read.ap_auto.float, i32 %empty_102"   --->   Operation 33 'read' 'tmp_96' <Predicate = true> <Delay = 0.00>
ST_1 : Operation 34 [1/1] (0.00ns)   --->   "%tmp_97 = read i32 @_ssdm_op_Read.ap_auto.float, i32 %empty_101"   --->   Operation 34 'read' 'tmp_97' <Predicate = true> <Delay = 0.00>
ST_1 : Operation 35 [1/1] (0.00ns)   --->   "%tmp_98 = read i32 @_ssdm_op_Read.ap_auto.float, i32 %empty_100"   --->   Operation 35 'read' 'tmp_98' <Predicate = true> <Delay = 0.00>
ST_1 : Operation 36 [1/1] (0.00ns)   --->   "%tmp_99 = read i32 @_ssdm_op_Read.ap_auto.float, i32 %empty_99"   --->   Operation 36 'read' 'tmp_99' <Predicate = true> <Delay = 0.00>
ST_1 : Operation 37 [1/1] (0.00ns)   --->   "%tmp_100 = read i32 @_ssdm_op_Read.ap_auto.float, i32 %empty_98"   --->   Operation 37 'read' 'tmp_100' <Predicate = true> <Delay = 0.00>
ST_1 : Operation 38 [1/1] (0.00ns)   --->   "%tmp_101 = read i32 @_ssdm_op_Read.ap_auto.float, i32 %empty_97"   --->   Operation 38 'read' 'tmp_101' <Predicate = true> <Delay = 0.00>
ST_1 : Operation 39 [1/1] (0.00ns)   --->   "%tmp_102 = read i32 @_ssdm_op_Read.ap_auto.float, i32 %empty_96"   --->   Operation 39 'read' 'tmp_102' <Predicate = true> <Delay = 0.00>
ST_1 : Operation 40 [1/1] (0.00ns)   --->   "%tmp_103 = read i32 @_ssdm_op_Read.ap_auto.float, i32 %empty_95"   --->   Operation 40 'read' 'tmp_103' <Predicate = true> <Delay = 0.00>
ST_1 : Operation 41 [1/1] (0.00ns)   --->   "%tmp_104 = read i32 @_ssdm_op_Read.ap_auto.float, i32 %empty_94"   --->   Operation 41 'read' 'tmp_104' <Predicate = true> <Delay = 0.00>
ST_1 : Operation 42 [1/1] (0.00ns)   --->   "%tmp_105 = read i32 @_ssdm_op_Read.ap_auto.float, i32 %empty_93"   --->   Operation 42 'read' 'tmp_105' <Predicate = true> <Delay = 0.00>
ST_1 : Operation 43 [1/1] (0.00ns)   --->   "%tmp_106 = read i32 @_ssdm_op_Read.ap_auto.float, i32 %empty_92"   --->   Operation 43 'read' 'tmp_106' <Predicate = true> <Delay = 0.00>
ST_1 : Operation 44 [1/1] (0.00ns)   --->   "%tmp_107 = read i32 @_ssdm_op_Read.ap_auto.float, i32 %empty_91"   --->   Operation 44 'read' 'tmp_107' <Predicate = true> <Delay = 0.00>
ST_1 : Operation 45 [1/1] (0.00ns)   --->   "%tmp_108 = read i32 @_ssdm_op_Read.ap_auto.float, i32 %empty_90"   --->   Operation 45 'read' 'tmp_108' <Predicate = true> <Delay = 0.00>
ST_1 : Operation 46 [1/1] (0.00ns)   --->   "%tmp_109 = read i32 @_ssdm_op_Read.ap_auto.float, i32 %empty_89"   --->   Operation 46 'read' 'tmp_109' <Predicate = true> <Delay = 0.00>
ST_1 : Operation 47 [1/1] (0.00ns)   --->   "%tmp_110 = read i32 @_ssdm_op_Read.ap_auto.float, i32 %empty_88"   --->   Operation 47 'read' 'tmp_110' <Predicate = true> <Delay = 0.00>
ST_1 : Operation 48 [1/1] (0.00ns)   --->   "%tmp_111 = read i32 @_ssdm_op_Read.ap_auto.float, i32 %empty_87"   --->   Operation 48 'read' 'tmp_111' <Predicate = true> <Delay = 0.00>
ST_1 : Operation 49 [1/1] (0.00ns)   --->   "%tmp_112 = read i32 @_ssdm_op_Read.ap_auto.float, i32 %empty_86"   --->   Operation 49 'read' 'tmp_112' <Predicate = true> <Delay = 0.00>
ST_1 : Operation 50 [1/1] (0.00ns)   --->   "%tmp_113 = read i32 @_ssdm_op_Read.ap_auto.float, i32 %empty_85"   --->   Operation 50 'read' 'tmp_113' <Predicate = true> <Delay = 0.00>
ST_1 : Operation 51 [1/1] (0.00ns)   --->   "%tmp_114 = read i32 @_ssdm_op_Read.ap_auto.float, i32 %empty_84"   --->   Operation 51 'read' 'tmp_114' <Predicate = true> <Delay = 0.00>
ST_1 : Operation 52 [1/1] (0.00ns)   --->   "%tmp_115 = read i32 @_ssdm_op_Read.ap_auto.float, i32 %empty_83"   --->   Operation 52 'read' 'tmp_115' <Predicate = true> <Delay = 0.00>
ST_1 : Operation 53 [1/1] (0.00ns)   --->   "%tmp_116 = read i32 @_ssdm_op_Read.ap_auto.float, i32 %empty_82"   --->   Operation 53 'read' 'tmp_116' <Predicate = true> <Delay = 0.00>
ST_1 : Operation 54 [1/1] (0.00ns)   --->   "%tmp_117 = read i32 @_ssdm_op_Read.ap_auto.float, i32 %empty_81"   --->   Operation 54 'read' 'tmp_117' <Predicate = true> <Delay = 0.00>
ST_1 : Operation 55 [1/1] (0.00ns)   --->   "%tmp_118 = read i32 @_ssdm_op_Read.ap_auto.float, i32 %empty_80"   --->   Operation 55 'read' 'tmp_118' <Predicate = true> <Delay = 0.00>
ST_1 : Operation 56 [1/1] (0.00ns)   --->   "%tmp_119 = read i32 @_ssdm_op_Read.ap_auto.float, i32 %empty_79"   --->   Operation 56 'read' 'tmp_119' <Predicate = true> <Delay = 0.00>
ST_1 : Operation 57 [1/1] (0.00ns)   --->   "%tmp_120 = read i32 @_ssdm_op_Read.ap_auto.float, i32 %empty_78"   --->   Operation 57 'read' 'tmp_120' <Predicate = true> <Delay = 0.00>
ST_1 : Operation 58 [1/1] (0.00ns)   --->   "%tmp_121 = read i32 @_ssdm_op_Read.ap_auto.float, i32 %empty_77"   --->   Operation 58 'read' 'tmp_121' <Predicate = true> <Delay = 0.00>
ST_1 : Operation 59 [1/1] (0.00ns)   --->   "%tmp_122 = read i32 @_ssdm_op_Read.ap_auto.float, i32 %empty_76"   --->   Operation 59 'read' 'tmp_122' <Predicate = true> <Delay = 0.00>
ST_1 : Operation 60 [1/1] (0.00ns)   --->   "%tmp_123 = read i32 @_ssdm_op_Read.ap_auto.float, i32 %empty_75"   --->   Operation 60 'read' 'tmp_123' <Predicate = true> <Delay = 0.00>
ST_1 : Operation 61 [1/1] (0.00ns)   --->   "%tmp_124 = read i32 @_ssdm_op_Read.ap_auto.float, i32 %empty_74"   --->   Operation 61 'read' 'tmp_124' <Predicate = true> <Delay = 0.00>
ST_1 : Operation 62 [1/1] (0.00ns)   --->   "%tmp_125 = read i32 @_ssdm_op_Read.ap_auto.float, i32 %empty_73"   --->   Operation 62 'read' 'tmp_125' <Predicate = true> <Delay = 0.00>
ST_1 : Operation 63 [1/1] (0.00ns)   --->   "%tmp_126 = read i32 @_ssdm_op_Read.ap_auto.float, i32 %empty_72"   --->   Operation 63 'read' 'tmp_126' <Predicate = true> <Delay = 0.00>
ST_1 : Operation 64 [1/1] (0.00ns)   --->   "%tmp_127 = read i32 @_ssdm_op_Read.ap_auto.float, i32 %empty_71"   --->   Operation 64 'read' 'tmp_127' <Predicate = true> <Delay = 0.00>
ST_1 : Operation 65 [1/1] (0.00ns)   --->   "%tmp_128 = read i32 @_ssdm_op_Read.ap_auto.float, i32 %empty_70"   --->   Operation 65 'read' 'tmp_128' <Predicate = true> <Delay = 0.00>
ST_1 : Operation 66 [1/1] (0.00ns)   --->   "%tmp_129 = read i32 @_ssdm_op_Read.ap_auto.float, i32 %empty_69"   --->   Operation 66 'read' 'tmp_129' <Predicate = true> <Delay = 0.00>
ST_1 : Operation 67 [1/1] (0.00ns)   --->   "%tmp_130 = read i32 @_ssdm_op_Read.ap_auto.float, i32 %empty_68"   --->   Operation 67 'read' 'tmp_130' <Predicate = true> <Delay = 0.00>
ST_1 : Operation 68 [1/1] (0.00ns)   --->   "%tmp_131 = read i32 @_ssdm_op_Read.ap_auto.float, i32 %empty_67"   --->   Operation 68 'read' 'tmp_131' <Predicate = true> <Delay = 0.00>
ST_1 : Operation 69 [1/1] (0.00ns)   --->   "%tmp_132 = read i32 @_ssdm_op_Read.ap_auto.float, i32 %empty_66"   --->   Operation 69 'read' 'tmp_132' <Predicate = true> <Delay = 0.00>
ST_1 : Operation 70 [1/1] (0.00ns)   --->   "%tmp_133 = read i32 @_ssdm_op_Read.ap_auto.float, i32 %empty_65"   --->   Operation 70 'read' 'tmp_133' <Predicate = true> <Delay = 0.00>
ST_1 : Operation 71 [1/1] (0.00ns)   --->   "%tmp_134 = read i32 @_ssdm_op_Read.ap_auto.float, i32 %empty_64"   --->   Operation 71 'read' 'tmp_134' <Predicate = true> <Delay = 0.00>
ST_1 : Operation 72 [1/1] (0.00ns)   --->   "%tmp_135 = read i32 @_ssdm_op_Read.ap_auto.float, i32 %empty_63"   --->   Operation 72 'read' 'tmp_135' <Predicate = true> <Delay = 0.00>
ST_1 : Operation 73 [1/1] (0.42ns)   --->   "%store_ln0 = store i15 0, i15 %indvar_flatten12"   --->   Operation 73 'store' 'store_ln0' <Predicate = true> <Delay = 0.42>
ST_1 : Operation 74 [1/1] (0.42ns)   --->   "%store_ln0 = store i7 0, i7 %out_feat"   --->   Operation 74 'store' 'store_ln0' <Predicate = true> <Delay = 0.42>
ST_1 : Operation 75 [1/1] (0.42ns)   --->   "%store_ln0 = store i10 0, i10 %indvar_flatten"   --->   Operation 75 'store' 'store_ln0' <Predicate = true> <Delay = 0.42>
ST_1 : Operation 76 [1/1] (0.42ns)   --->   "%store_ln0 = store i5 0, i5 %i"   --->   Operation 76 'store' 'store_ln0' <Predicate = true> <Delay = 0.42>
ST_1 : Operation 77 [1/1] (0.42ns)   --->   "%store_ln0 = store i5 0, i5 %j"   --->   Operation 77 'store' 'store_ln0' <Predicate = true> <Delay = 0.42>
ST_1 : Operation 78 [1/1] (0.00ns)   --->   "%br_ln0 = br void %for.inc"   --->   Operation 78 'br' 'br_ln0' <Predicate = true> <Delay = 0.00>

State 2 <SV = 1> <Delay = 4.64>
ST_2 : Operation 79 [1/1] (0.00ns)   --->   "%indvar_flatten_load = load i10 %indvar_flatten" [src/conv1_tile.cpp:41]   --->   Operation 79 'load' 'indvar_flatten_load' <Predicate = true> <Delay = 0.00>
ST_2 : Operation 80 [1/1] (0.00ns)   --->   "%out_feat_2 = load i7 %out_feat" [src/conv1_tile.cpp:40]   --->   Operation 80 'load' 'out_feat_2' <Predicate = true> <Delay = 0.00>
ST_2 : Operation 81 [1/1] (0.00ns)   --->   "%indvar_flatten12_load = load i15 %indvar_flatten12" [src/conv1_tile.cpp:40]   --->   Operation 81 'load' 'indvar_flatten12_load' <Predicate = true> <Delay = 0.00>
ST_2 : Operation 82 [1/1] (0.00ns)   --->   "%trunc_ln40 = trunc i7 %out_feat_2" [src/conv1_tile.cpp:40]   --->   Operation 82 'trunc' 'trunc_ln40' <Predicate = true> <Delay = 0.00>
ST_2 : Operation 83 [1/1] (0.85ns)   --->   "%tmp = mux i32 @_ssdm_op_Mux.ap_auto.64f32.i6, i32 %tmp_135, i32 %tmp_134, i32 %tmp_133, i32 %tmp_132, i32 %tmp_131, i32 %tmp_130, i32 %tmp_129, i32 %tmp_128, i32 %tmp_127, i32 %tmp_126, i32 %tmp_125, i32 %tmp_124, i32 %tmp_123, i32 %tmp_122, i32 %tmp_121, i32 %tmp_120, i32 %tmp_119, i32 %tmp_118, i32 %tmp_117, i32 %tmp_116, i32 %tmp_115, i32 %tmp_114, i32 %tmp_113, i32 %tmp_112, i32 %tmp_111, i32 %tmp_110, i32 %tmp_109, i32 %tmp_108, i32 %tmp_107, i32 %tmp_106, i32 %tmp_105, i32 %tmp_104, i32 %tmp_103, i32 %tmp_102, i32 %tmp_101, i32 %tmp_100, i32 %tmp_99, i32 %tmp_98, i32 %tmp_97, i32 %tmp_96, i32 %tmp_95, i32 %tmp_94, i32 %tmp_93, i32 %tmp_92, i32 %tmp_91, i32 %tmp_90, i32 %tmp_89, i32 %tmp_88, i32 %tmp_87, i32 %tmp_86, i32 %tmp_85, i32 %tmp_84, i32 %tmp_83, i32 %tmp_82, i32 %tmp_81, i32 %tmp_80, i32 %tmp_79, i32 %tmp_78, i32 %tmp_77, i32 %tmp_76, i32 %tmp_75, i32 %tmp_74, i32 %tmp_73, i32 %tmp_72, i6 %trunc_ln40" [src/conv1_tile.cpp:40]   --->   Operation 83 'mux' 'tmp' <Predicate = true> <Delay = 0.85> <CoreInst = "Multiplexer">   --->   Core 76 'Multiplexer' <Latency = 0> <II = 1> <Delay = 0.85> <FuncUnit> <Opcode : 'mux'> <InPorts = 2> <OutPorts = 1>
ST_2 : Operation 84 [1/1] (0.84ns)   --->   "%icmp_ln40 = icmp_eq  i15 %indvar_flatten12_load, i15 18496" [src/conv1_tile.cpp:40]   --->   Operation 84 'icmp' 'icmp_ln40' <Predicate = true> <Delay = 0.84> <CoreInst = "Cmp">   --->   Core 9 'Cmp' <Latency = 0> <II = 1> <Delay = 0.84> <FuncUnit> <Opcode : 'icmp'> <InPorts = 2> <OutPorts = 1>
ST_2 : Operation 85 [1/1] (0.84ns)   --->   "%add_ln40_1 = add i15 %indvar_flatten12_load, i15 1" [src/conv1_tile.cpp:40]   --->   Operation 85 'add' 'add_ln40_1' <Predicate = true> <Delay = 0.84> <CoreInst = "Adder">   --->   Core 1 'Adder' <Latency = 0> <II = 1> <Delay = 0.84> <FuncUnit> <Opcode : 'add' 'sub'> <InPorts = 2> <OutPorts = 1>
ST_2 : Operation 86 [1/1] (0.00ns)   --->   "%br_ln40 = br i1 %icmp_ln40, void %for.inc18, void %for.inc65.8.preheader.exitStub" [src/conv1_tile.cpp:40]   --->   Operation 86 'br' 'br_ln40' <Predicate = true> <Delay = 0.00>
ST_2 : Operation 87 [1/1] (0.00ns)   --->   "%j_load = load i5 %j" [src/conv1_tile.cpp:42]   --->   Operation 87 'load' 'j_load' <Predicate = (!icmp_ln40)> <Delay = 0.00>
ST_2 : Operation 88 [1/1] (0.00ns)   --->   "%i_load = load i5 %i" [src/conv1_tile.cpp:40]   --->   Operation 88 'load' 'i_load' <Predicate = (!icmp_ln40)> <Delay = 0.00>
ST_2 : Operation 89 [1/1] (0.77ns)   --->   "%add_ln40 = add i7 %out_feat_2, i7 1" [src/conv1_tile.cpp:40]   --->   Operation 89 'add' 'add_ln40' <Predicate = (!icmp_ln40)> <Delay = 0.77> <CoreInst = "Adder">   --->   Core 1 'Adder' <Latency = 0> <II = 1> <Delay = 0.77> <FuncUnit> <Opcode : 'add' 'sub'> <InPorts = 2> <OutPorts = 1>
ST_2 : Operation 90 [1/1] (0.00ns)   --->   "%specloopname_ln0 = specloopname void @_ssdm_op_SpecLoopName, void @OUT_STATIONARY_CONV1_VITIS_LOOP_41_1_VITIS_LOOP_42_2_str"   --->   Operation 90 'specloopname' 'specloopname_ln0' <Predicate = (!icmp_ln40)> <Delay = 0.00>
ST_2 : Operation 91 [1/1] (0.00ns)   --->   "%speclooptripcount_ln0 = speclooptripcount void @_ssdm_op_SpecLoopTripCount, i64 18496, i64 18496, i64 18496"   --->   Operation 91 'speclooptripcount' 'speclooptripcount_ln0' <Predicate = (!icmp_ln40)> <Delay = 0.00>
ST_2 : Operation 92 [1/1] (0.78ns)   --->   "%icmp_ln41 = icmp_eq  i10 %indvar_flatten_load, i10 289" [src/conv1_tile.cpp:41]   --->   Operation 92 'icmp' 'icmp_ln41' <Predicate = (!icmp_ln40)> <Delay = 0.78> <CoreInst = "Cmp">   --->   Core 9 'Cmp' <Latency = 0> <II = 1> <Delay = 0.78> <FuncUnit> <Opcode : 'icmp'> <InPorts = 2> <OutPorts = 1>
ST_2 : Operation 93 [1/1] (0.41ns)   --->   "%select_ln40 = select i1 %icmp_ln41, i5 0, i5 %i_load" [src/conv1_tile.cpp:40]   --->   Operation 93 'select' 'select_ln40' <Predicate = (!icmp_ln40)> <Delay = 0.41> <CoreInst = "Sel">   --->   Core 73 'Sel' <Latency = 0> <II = 1> <Delay = 0.41> <FuncUnit> <Opcode : 'select'> <InPorts = 3> <OutPorts = 1>
ST_2 : Operation 94 [1/1] (0.00ns)   --->   "%trunc_ln40_1 = trunc i7 %add_ln40" [src/conv1_tile.cpp:40]   --->   Operation 94 'trunc' 'trunc_ln40_1' <Predicate = (!icmp_ln40)> <Delay = 0.00>
ST_2 : Operation 95 [1/1] (0.38ns)   --->   "%select_ln40_1 = select i1 %icmp_ln41, i6 %trunc_ln40_1, i6 %trunc_ln40" [src/conv1_tile.cpp:40]   --->   Operation 95 'select' 'select_ln40_1' <Predicate = (!icmp_ln40)> <Delay = 0.38> <CoreInst = "Sel">   --->   Core 73 'Sel' <Latency = 0> <II = 1> <Delay = 0.38> <FuncUnit> <Opcode : 'select'> <InPorts = 3> <OutPorts = 1>
ST_2 : Operation 96 [1/1] (0.85ns)   --->   "%tmp_mid1 = mux i32 @_ssdm_op_Mux.ap_auto.64f32.i6, i32 %tmp_135, i32 %tmp_134, i32 %tmp_133, i32 %tmp_132, i32 %tmp_131, i32 %tmp_130, i32 %tmp_129, i32 %tmp_128, i32 %tmp_127, i32 %tmp_126, i32 %tmp_125, i32 %tmp_124, i32 %tmp_123, i32 %tmp_122, i32 %tmp_121, i32 %tmp_120, i32 %tmp_119, i32 %tmp_118, i32 %tmp_117, i32 %tmp_116, i32 %tmp_115, i32 %tmp_114, i32 %tmp_113, i32 %tmp_112, i32 %tmp_111, i32 %tmp_110, i32 %tmp_109, i32 %tmp_108, i32 %tmp_107, i32 %tmp_106, i32 %tmp_105, i32 %tmp_104, i32 %tmp_103, i32 %tmp_102, i32 %tmp_101, i32 %tmp_100, i32 %tmp_99, i32 %tmp_98, i32 %tmp_97, i32 %tmp_96, i32 %tmp_95, i32 %tmp_94, i32 %tmp_93, i32 %tmp_92, i32 %tmp_91, i32 %tmp_90, i32 %tmp_89, i32 %tmp_88, i32 %tmp_87, i32 %tmp_86, i32 %tmp_85, i32 %tmp_84, i32 %tmp_83, i32 %tmp_82, i32 %tmp_81, i32 %tmp_80, i32 %tmp_79, i32 %tmp_78, i32 %tmp_77, i32 %tmp_76, i32 %tmp_75, i32 %tmp_74, i32 %tmp_73, i32 %tmp_72, i6 %trunc_ln40_1" [src/conv1_tile.cpp:40]   --->   Operation 96 'mux' 'tmp_mid1' <Predicate = (!icmp_ln40)> <Delay = 0.85> <CoreInst = "Multiplexer">   --->   Core 76 'Multiplexer' <Latency = 0> <II = 1> <Delay = 0.85> <FuncUnit> <Opcode : 'mux'> <InPorts = 2> <OutPorts = 1>
ST_2 : Operation 97 [1/1] (0.44ns)   --->   "%select_ln40_2 = select i1 %icmp_ln41, i32 %tmp_mid1, i32 %tmp" [src/conv1_tile.cpp:40]   --->   Operation 97 'select' 'select_ln40_2' <Predicate = (!icmp_ln40)> <Delay = 0.44> <CoreInst = "Sel">   --->   Core 73 'Sel' <Latency = 0> <II = 1> <Delay = 0.44> <FuncUnit> <Opcode : 'select'> <InPorts = 3> <OutPorts = 1>
ST_2 : Operation 98 [1/1] (0.00ns) (grouped into LUT with out node and_ln40)   --->   "%xor_ln40 = xor i1 %icmp_ln41, i1 1" [src/conv1_tile.cpp:40]   --->   Operation 98 'xor' 'xor_ln40' <Predicate = (!icmp_ln40)> <Delay = 0.00> <CoreInst = "LogicGate">   --->   Core 74 'LogicGate' <Latency = 0> <II = 1> <Delay = 0.28> <FuncUnit> <Opcode : 'and' 'or' 'xor'> <InPorts = 2> <OutPorts = 1>
ST_2 : Operation 99 [1/1] (0.78ns)   --->   "%icmp_ln42 = icmp_eq  i5 %j_load, i5 17" [src/conv1_tile.cpp:42]   --->   Operation 99 'icmp' 'icmp_ln42' <Predicate = (!icmp_ln40)> <Delay = 0.78> <CoreInst = "Cmp">   --->   Core 9 'Cmp' <Latency = 0> <II = 1> <Delay = 0.78> <FuncUnit> <Opcode : 'icmp'> <InPorts = 2> <OutPorts = 1>
ST_2 : Operation 100 [1/1] (0.28ns) (out node of the LUT)   --->   "%and_ln40 = and i1 %icmp_ln42, i1 %xor_ln40" [src/conv1_tile.cpp:40]   --->   Operation 100 'and' 'and_ln40' <Predicate = (!icmp_ln40)> <Delay = 0.28> <CoreInst = "LogicGate">   --->   Core 74 'LogicGate' <Latency = 0> <II = 1> <Delay = 0.28> <FuncUnit> <Opcode : 'and' 'or' 'xor'> <InPorts = 2> <OutPorts = 1>
ST_2 : Operation 101 [1/1] (0.36ns)   --->   "%select_ln40_3 = select i1 %icmp_ln41, i7 %add_ln40, i7 %out_feat_2" [src/conv1_tile.cpp:40]   --->   Operation 101 'select' 'select_ln40_3' <Predicate = (!icmp_ln40)> <Delay = 0.36> <CoreInst = "Sel">   --->   Core 73 'Sel' <Latency = 0> <II = 1> <Delay = 0.36> <FuncUnit> <Opcode : 'select'> <InPorts = 3> <OutPorts = 1>
ST_2 : Operation 102 [1/1] (0.78ns)   --->   "%add_ln41 = add i5 %select_ln40, i5 1" [src/conv1_tile.cpp:41]   --->   Operation 102 'add' 'add_ln41' <Predicate = (!icmp_ln40)> <Delay = 0.78> <CoreInst = "Adder">   --->   Core 1 'Adder' <Latency = 0> <II = 1> <Delay = 0.78> <FuncUnit> <Opcode : 'add' 'sub'> <InPorts = 2> <OutPorts = 1>
ST_2 : Operation 103 [1/1] (0.00ns)   --->   "%specloopname_ln0 = specloopname void @_ssdm_op_SpecLoopName, void @VITIS_LOOP_41_1_VITIS_LOOP_42_2_str"   --->   Operation 103 'specloopname' 'specloopname_ln0' <Predicate = (!icmp_ln40)> <Delay = 0.00>
ST_2 : Operation 104 [1/1] (0.00ns) (grouped into LUT with out node select_ln41)   --->   "%or_ln41 = or i1 %and_ln40, i1 %icmp_ln41" [src/conv1_tile.cpp:41]   --->   Operation 104 'or' 'or_ln41' <Predicate = (!icmp_ln40)> <Delay = 0.00> <CoreInst = "LogicGate">   --->   Core 74 'LogicGate' <Latency = 0> <II = 1> <Delay = 0.28> <FuncUnit> <Opcode : 'and' 'or' 'xor'> <InPorts = 2> <OutPorts = 1>
ST_2 : Operation 105 [1/1] (0.41ns) (out node of the LUT)   --->   "%select_ln41 = select i1 %or_ln41, i5 0, i5 %j_load" [src/conv1_tile.cpp:41]   --->   Operation 105 'select' 'select_ln41' <Predicate = (!icmp_ln40)> <Delay = 0.41> <CoreInst = "Sel">   --->   Core 73 'Sel' <Latency = 0> <II = 1> <Delay = 0.41> <FuncUnit> <Opcode : 'select'> <InPorts = 3> <OutPorts = 1>
ST_2 : Operation 106 [1/1] (0.41ns)   --->   "%select_ln41_1 = select i1 %and_ln40, i5 %add_ln41, i5 %select_ln40" [src/conv1_tile.cpp:41]   --->   Operation 106 'select' 'select_ln41_1' <Predicate = (!icmp_ln40)> <Delay = 0.41> <CoreInst = "Sel">   --->   Core 73 'Sel' <Latency = 0> <II = 1> <Delay = 0.41> <FuncUnit> <Opcode : 'select'> <InPorts = 3> <OutPorts = 1>
ST_2 : Operation 107 [1/1] (0.00ns)   --->   "%zext_ln44 = zext i5 %select_ln41_1" [src/conv1_tile.cpp:44]   --->   Operation 107 'zext' 'zext_ln44' <Predicate = (!icmp_ln40)> <Delay = 0.00>
ST_2 : Operation 108 [1/1] (0.00ns)   --->   "%p_shl = bitconcatenate i9 @_ssdm_op_BitConcatenate.i9.i5.i4, i5 %select_ln41_1, i4 0" [src/conv1_tile.cpp:44]   --->   Operation 108 'bitconcatenate' 'p_shl' <Predicate = (!icmp_ln40)> <Delay = 0.00>
ST_2 : Operation 109 [1/1] (0.00ns) (grouped into TernaryAdder)   --->   "%add_ln44 = add i9 %p_shl, i9 %zext_ln44" [src/conv1_tile.cpp:44]   --->   Operation 109 'add' 'add_ln44' <Predicate = (!icmp_ln40)> <Delay = 0.00> <CoreInst = "TAddSub">   --->   Core 10 'TAddSub' <Latency = 0> <II = 1> <Delay = 0.50> <IPBlock> <Opcode : '<invalid operator> ' 'add' 'sub'> <InPorts = 3> <OutPorts = 1> <Sync> <CReg>
ST_2 : Operation 110 [1/1] (0.00ns)   --->   "%zext_ln44_1 = zext i5 %select_ln41" [src/conv1_tile.cpp:44]   --->   Operation 110 'zext' 'zext_ln44_1' <Predicate = (!icmp_ln40)> <Delay = 0.00>
ST_2 : Operation 111 [1/1] (1.00ns) (root node of TernaryAdder)   --->   "%add_ln44_1 = add i9 %add_ln44, i9 %zext_ln44_1" [src/conv1_tile.cpp:44]   --->   Operation 111 'add' 'add_ln44_1' <Predicate = (!icmp_ln40)> <Delay = 1.00> <CoreInst = "TAddSub">   --->   Core 10 'TAddSub' <Latency = 0> <II = 1> <Delay = 0.50> <IPBlock> <Opcode : '<invalid operator> ' 'add' 'sub'> <InPorts = 3> <OutPorts = 1> <Sync> <CReg>
ST_2 : Operation 112 [1/1] (0.00ns)   --->   "%zext_ln44_2 = zext i9 %add_ln44_1" [src/conv1_tile.cpp:44]   --->   Operation 112 'zext' 'zext_ln44_2' <Predicate = (!icmp_ln40)> <Delay = 0.00>
ST_2 : Operation 113 [1/1] (0.00ns)   --->   "%layer1_output_tile_addr = getelementptr i32 %layer1_output_tile, i64 0, i64 %zext_ln44_2" [src/conv1_tile.cpp:44]   --->   Operation 113 'getelementptr' 'layer1_output_tile_addr' <Predicate = (!icmp_ln40)> <Delay = 0.00>
ST_2 : Operation 114 [1/1] (0.00ns)   --->   "%layer1_output_tile_1_addr = getelementptr i32 %layer1_output_tile_1, i64 0, i64 %zext_ln44_2" [src/conv1_tile.cpp:44]   --->   Operation 114 'getelementptr' 'layer1_output_tile_1_addr' <Predicate = (!icmp_ln40)> <Delay = 0.00>
ST_2 : Operation 115 [1/1] (0.00ns)   --->   "%layer1_output_tile_2_addr = getelementptr i32 %layer1_output_tile_2, i64 0, i64 %zext_ln44_2" [src/conv1_tile.cpp:44]   --->   Operation 115 'getelementptr' 'layer1_output_tile_2_addr' <Predicate = (!icmp_ln40)> <Delay = 0.00>
ST_2 : Operation 116 [1/1] (0.00ns)   --->   "%layer1_output_tile_3_addr = getelementptr i32 %layer1_output_tile_3, i64 0, i64 %zext_ln44_2" [src/conv1_tile.cpp:44]   --->   Operation 116 'getelementptr' 'layer1_output_tile_3_addr' <Predicate = (!icmp_ln40)> <Delay = 0.00>
ST_2 : Operation 117 [1/1] (0.00ns)   --->   "%layer1_output_tile_4_addr = getelementptr i32 %layer1_output_tile_4, i64 0, i64 %zext_ln44_2" [src/conv1_tile.cpp:44]   --->   Operation 117 'getelementptr' 'layer1_output_tile_4_addr' <Predicate = (!icmp_ln40)> <Delay = 0.00>
ST_2 : Operation 118 [1/1] (0.00ns)   --->   "%layer1_output_tile_5_addr = getelementptr i32 %layer1_output_tile_5, i64 0, i64 %zext_ln44_2" [src/conv1_tile.cpp:44]   --->   Operation 118 'getelementptr' 'layer1_output_tile_5_addr' <Predicate = (!icmp_ln40)> <Delay = 0.00>
ST_2 : Operation 119 [1/1] (0.00ns)   --->   "%layer1_output_tile_6_addr = getelementptr i32 %layer1_output_tile_6, i64 0, i64 %zext_ln44_2" [src/conv1_tile.cpp:44]   --->   Operation 119 'getelementptr' 'layer1_output_tile_6_addr' <Predicate = (!icmp_ln40)> <Delay = 0.00>
ST_2 : Operation 120 [1/1] (0.00ns)   --->   "%layer1_output_tile_7_addr = getelementptr i32 %layer1_output_tile_7, i64 0, i64 %zext_ln44_2" [src/conv1_tile.cpp:44]   --->   Operation 120 'getelementptr' 'layer1_output_tile_7_addr' <Predicate = (!icmp_ln40)> <Delay = 0.00>
ST_2 : Operation 121 [1/1] (0.00ns)   --->   "%layer1_output_tile_8_addr = getelementptr i32 %layer1_output_tile_8, i64 0, i64 %zext_ln44_2" [src/conv1_tile.cpp:44]   --->   Operation 121 'getelementptr' 'layer1_output_tile_8_addr' <Predicate = (!icmp_ln40)> <Delay = 0.00>
ST_2 : Operation 122 [1/1] (0.00ns)   --->   "%layer1_output_tile_9_addr = getelementptr i32 %layer1_output_tile_9, i64 0, i64 %zext_ln44_2" [src/conv1_tile.cpp:44]   --->   Operation 122 'getelementptr' 'layer1_output_tile_9_addr' <Predicate = (!icmp_ln40)> <Delay = 0.00>
ST_2 : Operation 123 [1/1] (0.00ns)   --->   "%layer1_output_tile_10_addr = getelementptr i32 %layer1_output_tile_10, i64 0, i64 %zext_ln44_2" [src/conv1_tile.cpp:44]   --->   Operation 123 'getelementptr' 'layer1_output_tile_10_addr' <Predicate = (!icmp_ln40)> <Delay = 0.00>
ST_2 : Operation 124 [1/1] (0.00ns)   --->   "%layer1_output_tile_11_addr = getelementptr i32 %layer1_output_tile_11, i64 0, i64 %zext_ln44_2" [src/conv1_tile.cpp:44]   --->   Operation 124 'getelementptr' 'layer1_output_tile_11_addr' <Predicate = (!icmp_ln40)> <Delay = 0.00>
ST_2 : Operation 125 [1/1] (0.00ns)   --->   "%layer1_output_tile_12_addr = getelementptr i32 %layer1_output_tile_12, i64 0, i64 %zext_ln44_2" [src/conv1_tile.cpp:44]   --->   Operation 125 'getelementptr' 'layer1_output_tile_12_addr' <Predicate = (!icmp_ln40)> <Delay = 0.00>
ST_2 : Operation 126 [1/1] (0.00ns)   --->   "%layer1_output_tile_13_addr = getelementptr i32 %layer1_output_tile_13, i64 0, i64 %zext_ln44_2" [src/conv1_tile.cpp:44]   --->   Operation 126 'getelementptr' 'layer1_output_tile_13_addr' <Predicate = (!icmp_ln40)> <Delay = 0.00>
ST_2 : Operation 127 [1/1] (0.00ns)   --->   "%layer1_output_tile_14_addr = getelementptr i32 %layer1_output_tile_14, i64 0, i64 %zext_ln44_2" [src/conv1_tile.cpp:44]   --->   Operation 127 'getelementptr' 'layer1_output_tile_14_addr' <Predicate = (!icmp_ln40)> <Delay = 0.00>
ST_2 : Operation 128 [1/1] (0.00ns)   --->   "%layer1_output_tile_15_addr = getelementptr i32 %layer1_output_tile_15, i64 0, i64 %zext_ln44_2" [src/conv1_tile.cpp:44]   --->   Operation 128 'getelementptr' 'layer1_output_tile_15_addr' <Predicate = (!icmp_ln40)> <Delay = 0.00>
ST_2 : Operation 129 [1/1] (0.00ns)   --->   "%layer1_output_tile_16_addr = getelementptr i32 %layer1_output_tile_16, i64 0, i64 %zext_ln44_2" [src/conv1_tile.cpp:44]   --->   Operation 129 'getelementptr' 'layer1_output_tile_16_addr' <Predicate = (!icmp_ln40)> <Delay = 0.00>
ST_2 : Operation 130 [1/1] (0.00ns)   --->   "%layer1_output_tile_17_addr = getelementptr i32 %layer1_output_tile_17, i64 0, i64 %zext_ln44_2" [src/conv1_tile.cpp:44]   --->   Operation 130 'getelementptr' 'layer1_output_tile_17_addr' <Predicate = (!icmp_ln40)> <Delay = 0.00>
ST_2 : Operation 131 [1/1] (0.00ns)   --->   "%layer1_output_tile_18_addr = getelementptr i32 %layer1_output_tile_18, i64 0, i64 %zext_ln44_2" [src/conv1_tile.cpp:44]   --->   Operation 131 'getelementptr' 'layer1_output_tile_18_addr' <Predicate = (!icmp_ln40)> <Delay = 0.00>
ST_2 : Operation 132 [1/1] (0.00ns)   --->   "%layer1_output_tile_19_addr = getelementptr i32 %layer1_output_tile_19, i64 0, i64 %zext_ln44_2" [src/conv1_tile.cpp:44]   --->   Operation 132 'getelementptr' 'layer1_output_tile_19_addr' <Predicate = (!icmp_ln40)> <Delay = 0.00>
ST_2 : Operation 133 [1/1] (0.00ns)   --->   "%layer1_output_tile_20_addr = getelementptr i32 %layer1_output_tile_20, i64 0, i64 %zext_ln44_2" [src/conv1_tile.cpp:44]   --->   Operation 133 'getelementptr' 'layer1_output_tile_20_addr' <Predicate = (!icmp_ln40)> <Delay = 0.00>
ST_2 : Operation 134 [1/1] (0.00ns)   --->   "%layer1_output_tile_21_addr = getelementptr i32 %layer1_output_tile_21, i64 0, i64 %zext_ln44_2" [src/conv1_tile.cpp:44]   --->   Operation 134 'getelementptr' 'layer1_output_tile_21_addr' <Predicate = (!icmp_ln40)> <Delay = 0.00>
ST_2 : Operation 135 [1/1] (0.00ns)   --->   "%layer1_output_tile_22_addr = getelementptr i32 %layer1_output_tile_22, i64 0, i64 %zext_ln44_2" [src/conv1_tile.cpp:44]   --->   Operation 135 'getelementptr' 'layer1_output_tile_22_addr' <Predicate = (!icmp_ln40)> <Delay = 0.00>
ST_2 : Operation 136 [1/1] (0.00ns)   --->   "%layer1_output_tile_23_addr = getelementptr i32 %layer1_output_tile_23, i64 0, i64 %zext_ln44_2" [src/conv1_tile.cpp:44]   --->   Operation 136 'getelementptr' 'layer1_output_tile_23_addr' <Predicate = (!icmp_ln40)> <Delay = 0.00>
ST_2 : Operation 137 [1/1] (0.00ns)   --->   "%layer1_output_tile_24_addr = getelementptr i32 %layer1_output_tile_24, i64 0, i64 %zext_ln44_2" [src/conv1_tile.cpp:44]   --->   Operation 137 'getelementptr' 'layer1_output_tile_24_addr' <Predicate = (!icmp_ln40)> <Delay = 0.00>
ST_2 : Operation 138 [1/1] (0.00ns)   --->   "%layer1_output_tile_25_addr = getelementptr i32 %layer1_output_tile_25, i64 0, i64 %zext_ln44_2" [src/conv1_tile.cpp:44]   --->   Operation 138 'getelementptr' 'layer1_output_tile_25_addr' <Predicate = (!icmp_ln40)> <Delay = 0.00>
ST_2 : Operation 139 [1/1] (0.00ns)   --->   "%layer1_output_tile_26_addr = getelementptr i32 %layer1_output_tile_26, i64 0, i64 %zext_ln44_2" [src/conv1_tile.cpp:44]   --->   Operation 139 'getelementptr' 'layer1_output_tile_26_addr' <Predicate = (!icmp_ln40)> <Delay = 0.00>
ST_2 : Operation 140 [1/1] (0.00ns)   --->   "%layer1_output_tile_27_addr = getelementptr i32 %layer1_output_tile_27, i64 0, i64 %zext_ln44_2" [src/conv1_tile.cpp:44]   --->   Operation 140 'getelementptr' 'layer1_output_tile_27_addr' <Predicate = (!icmp_ln40)> <Delay = 0.00>
ST_2 : Operation 141 [1/1] (0.00ns)   --->   "%layer1_output_tile_28_addr = getelementptr i32 %layer1_output_tile_28, i64 0, i64 %zext_ln44_2" [src/conv1_tile.cpp:44]   --->   Operation 141 'getelementptr' 'layer1_output_tile_28_addr' <Predicate = (!icmp_ln40)> <Delay = 0.00>
ST_2 : Operation 142 [1/1] (0.00ns)   --->   "%layer1_output_tile_29_addr = getelementptr i32 %layer1_output_tile_29, i64 0, i64 %zext_ln44_2" [src/conv1_tile.cpp:44]   --->   Operation 142 'getelementptr' 'layer1_output_tile_29_addr' <Predicate = (!icmp_ln40)> <Delay = 0.00>
ST_2 : Operation 143 [1/1] (0.00ns)   --->   "%layer1_output_tile_30_addr = getelementptr i32 %layer1_output_tile_30, i64 0, i64 %zext_ln44_2" [src/conv1_tile.cpp:44]   --->   Operation 143 'getelementptr' 'layer1_output_tile_30_addr' <Predicate = (!icmp_ln40)> <Delay = 0.00>
ST_2 : Operation 144 [1/1] (0.00ns)   --->   "%layer1_output_tile_31_addr = getelementptr i32 %layer1_output_tile_31, i64 0, i64 %zext_ln44_2" [src/conv1_tile.cpp:44]   --->   Operation 144 'getelementptr' 'layer1_output_tile_31_addr' <Predicate = (!icmp_ln40)> <Delay = 0.00>
ST_2 : Operation 145 [1/1] (0.00ns)   --->   "%layer1_output_tile_32_addr = getelementptr i32 %layer1_output_tile_32, i64 0, i64 %zext_ln44_2" [src/conv1_tile.cpp:44]   --->   Operation 145 'getelementptr' 'layer1_output_tile_32_addr' <Predicate = (!icmp_ln40)> <Delay = 0.00>
ST_2 : Operation 146 [1/1] (0.00ns)   --->   "%layer1_output_tile_33_addr = getelementptr i32 %layer1_output_tile_33, i64 0, i64 %zext_ln44_2" [src/conv1_tile.cpp:44]   --->   Operation 146 'getelementptr' 'layer1_output_tile_33_addr' <Predicate = (!icmp_ln40)> <Delay = 0.00>
ST_2 : Operation 147 [1/1] (0.00ns)   --->   "%layer1_output_tile_34_addr = getelementptr i32 %layer1_output_tile_34, i64 0, i64 %zext_ln44_2" [src/conv1_tile.cpp:44]   --->   Operation 147 'getelementptr' 'layer1_output_tile_34_addr' <Predicate = (!icmp_ln40)> <Delay = 0.00>
ST_2 : Operation 148 [1/1] (0.00ns)   --->   "%layer1_output_tile_35_addr = getelementptr i32 %layer1_output_tile_35, i64 0, i64 %zext_ln44_2" [src/conv1_tile.cpp:44]   --->   Operation 148 'getelementptr' 'layer1_output_tile_35_addr' <Predicate = (!icmp_ln40)> <Delay = 0.00>
ST_2 : Operation 149 [1/1] (0.00ns)   --->   "%layer1_output_tile_36_addr = getelementptr i32 %layer1_output_tile_36, i64 0, i64 %zext_ln44_2" [src/conv1_tile.cpp:44]   --->   Operation 149 'getelementptr' 'layer1_output_tile_36_addr' <Predicate = (!icmp_ln40)> <Delay = 0.00>
ST_2 : Operation 150 [1/1] (0.00ns)   --->   "%layer1_output_tile_37_addr = getelementptr i32 %layer1_output_tile_37, i64 0, i64 %zext_ln44_2" [src/conv1_tile.cpp:44]   --->   Operation 150 'getelementptr' 'layer1_output_tile_37_addr' <Predicate = (!icmp_ln40)> <Delay = 0.00>
ST_2 : Operation 151 [1/1] (0.00ns)   --->   "%layer1_output_tile_38_addr = getelementptr i32 %layer1_output_tile_38, i64 0, i64 %zext_ln44_2" [src/conv1_tile.cpp:44]   --->   Operation 151 'getelementptr' 'layer1_output_tile_38_addr' <Predicate = (!icmp_ln40)> <Delay = 0.00>
ST_2 : Operation 152 [1/1] (0.00ns)   --->   "%layer1_output_tile_39_addr = getelementptr i32 %layer1_output_tile_39, i64 0, i64 %zext_ln44_2" [src/conv1_tile.cpp:44]   --->   Operation 152 'getelementptr' 'layer1_output_tile_39_addr' <Predicate = (!icmp_ln40)> <Delay = 0.00>
ST_2 : Operation 153 [1/1] (0.00ns)   --->   "%layer1_output_tile_40_addr = getelementptr i32 %layer1_output_tile_40, i64 0, i64 %zext_ln44_2" [src/conv1_tile.cpp:44]   --->   Operation 153 'getelementptr' 'layer1_output_tile_40_addr' <Predicate = (!icmp_ln40)> <Delay = 0.00>
ST_2 : Operation 154 [1/1] (0.00ns)   --->   "%layer1_output_tile_41_addr = getelementptr i32 %layer1_output_tile_41, i64 0, i64 %zext_ln44_2" [src/conv1_tile.cpp:44]   --->   Operation 154 'getelementptr' 'layer1_output_tile_41_addr' <Predicate = (!icmp_ln40)> <Delay = 0.00>
ST_2 : Operation 155 [1/1] (0.00ns)   --->   "%layer1_output_tile_42_addr = getelementptr i32 %layer1_output_tile_42, i64 0, i64 %zext_ln44_2" [src/conv1_tile.cpp:44]   --->   Operation 155 'getelementptr' 'layer1_output_tile_42_addr' <Predicate = (!icmp_ln40)> <Delay = 0.00>
ST_2 : Operation 156 [1/1] (0.00ns)   --->   "%layer1_output_tile_43_addr = getelementptr i32 %layer1_output_tile_43, i64 0, i64 %zext_ln44_2" [src/conv1_tile.cpp:44]   --->   Operation 156 'getelementptr' 'layer1_output_tile_43_addr' <Predicate = (!icmp_ln40)> <Delay = 0.00>
ST_2 : Operation 157 [1/1] (0.00ns)   --->   "%layer1_output_tile_44_addr = getelementptr i32 %layer1_output_tile_44, i64 0, i64 %zext_ln44_2" [src/conv1_tile.cpp:44]   --->   Operation 157 'getelementptr' 'layer1_output_tile_44_addr' <Predicate = (!icmp_ln40)> <Delay = 0.00>
ST_2 : Operation 158 [1/1] (0.00ns)   --->   "%layer1_output_tile_45_addr = getelementptr i32 %layer1_output_tile_45, i64 0, i64 %zext_ln44_2" [src/conv1_tile.cpp:44]   --->   Operation 158 'getelementptr' 'layer1_output_tile_45_addr' <Predicate = (!icmp_ln40)> <Delay = 0.00>
ST_2 : Operation 159 [1/1] (0.00ns)   --->   "%layer1_output_tile_46_addr = getelementptr i32 %layer1_output_tile_46, i64 0, i64 %zext_ln44_2" [src/conv1_tile.cpp:44]   --->   Operation 159 'getelementptr' 'layer1_output_tile_46_addr' <Predicate = (!icmp_ln40)> <Delay = 0.00>
ST_2 : Operation 160 [1/1] (0.00ns)   --->   "%layer1_output_tile_47_addr = getelementptr i32 %layer1_output_tile_47, i64 0, i64 %zext_ln44_2" [src/conv1_tile.cpp:44]   --->   Operation 160 'getelementptr' 'layer1_output_tile_47_addr' <Predicate = (!icmp_ln40)> <Delay = 0.00>
ST_2 : Operation 161 [1/1] (0.00ns)   --->   "%layer1_output_tile_48_addr = getelementptr i32 %layer1_output_tile_48, i64 0, i64 %zext_ln44_2" [src/conv1_tile.cpp:44]   --->   Operation 161 'getelementptr' 'layer1_output_tile_48_addr' <Predicate = (!icmp_ln40)> <Delay = 0.00>
ST_2 : Operation 162 [1/1] (0.00ns)   --->   "%layer1_output_tile_49_addr = getelementptr i32 %layer1_output_tile_49, i64 0, i64 %zext_ln44_2" [src/conv1_tile.cpp:44]   --->   Operation 162 'getelementptr' 'layer1_output_tile_49_addr' <Predicate = (!icmp_ln40)> <Delay = 0.00>
ST_2 : Operation 163 [1/1] (0.00ns)   --->   "%layer1_output_tile_50_addr = getelementptr i32 %layer1_output_tile_50, i64 0, i64 %zext_ln44_2" [src/conv1_tile.cpp:44]   --->   Operation 163 'getelementptr' 'layer1_output_tile_50_addr' <Predicate = (!icmp_ln40)> <Delay = 0.00>
ST_2 : Operation 164 [1/1] (0.00ns)   --->   "%layer1_output_tile_51_addr = getelementptr i32 %layer1_output_tile_51, i64 0, i64 %zext_ln44_2" [src/conv1_tile.cpp:44]   --->   Operation 164 'getelementptr' 'layer1_output_tile_51_addr' <Predicate = (!icmp_ln40)> <Delay = 0.00>
ST_2 : Operation 165 [1/1] (0.00ns)   --->   "%layer1_output_tile_52_addr = getelementptr i32 %layer1_output_tile_52, i64 0, i64 %zext_ln44_2" [src/conv1_tile.cpp:44]   --->   Operation 165 'getelementptr' 'layer1_output_tile_52_addr' <Predicate = (!icmp_ln40)> <Delay = 0.00>
ST_2 : Operation 166 [1/1] (0.00ns)   --->   "%layer1_output_tile_53_addr = getelementptr i32 %layer1_output_tile_53, i64 0, i64 %zext_ln44_2" [src/conv1_tile.cpp:44]   --->   Operation 166 'getelementptr' 'layer1_output_tile_53_addr' <Predicate = (!icmp_ln40)> <Delay = 0.00>
ST_2 : Operation 167 [1/1] (0.00ns)   --->   "%layer1_output_tile_54_addr = getelementptr i32 %layer1_output_tile_54, i64 0, i64 %zext_ln44_2" [src/conv1_tile.cpp:44]   --->   Operation 167 'getelementptr' 'layer1_output_tile_54_addr' <Predicate = (!icmp_ln40)> <Delay = 0.00>
ST_2 : Operation 168 [1/1] (0.00ns)   --->   "%layer1_output_tile_55_addr = getelementptr i32 %layer1_output_tile_55, i64 0, i64 %zext_ln44_2" [src/conv1_tile.cpp:44]   --->   Operation 168 'getelementptr' 'layer1_output_tile_55_addr' <Predicate = (!icmp_ln40)> <Delay = 0.00>
ST_2 : Operation 169 [1/1] (0.00ns)   --->   "%layer1_output_tile_56_addr = getelementptr i32 %layer1_output_tile_56, i64 0, i64 %zext_ln44_2" [src/conv1_tile.cpp:44]   --->   Operation 169 'getelementptr' 'layer1_output_tile_56_addr' <Predicate = (!icmp_ln40)> <Delay = 0.00>
ST_2 : Operation 170 [1/1] (0.00ns)   --->   "%layer1_output_tile_57_addr = getelementptr i32 %layer1_output_tile_57, i64 0, i64 %zext_ln44_2" [src/conv1_tile.cpp:44]   --->   Operation 170 'getelementptr' 'layer1_output_tile_57_addr' <Predicate = (!icmp_ln40)> <Delay = 0.00>
ST_2 : Operation 171 [1/1] (0.00ns)   --->   "%layer1_output_tile_58_addr = getelementptr i32 %layer1_output_tile_58, i64 0, i64 %zext_ln44_2" [src/conv1_tile.cpp:44]   --->   Operation 171 'getelementptr' 'layer1_output_tile_58_addr' <Predicate = (!icmp_ln40)> <Delay = 0.00>
ST_2 : Operation 172 [1/1] (0.00ns)   --->   "%layer1_output_tile_59_addr = getelementptr i32 %layer1_output_tile_59, i64 0, i64 %zext_ln44_2" [src/conv1_tile.cpp:44]   --->   Operation 172 'getelementptr' 'layer1_output_tile_59_addr' <Predicate = (!icmp_ln40)> <Delay = 0.00>
ST_2 : Operation 173 [1/1] (0.00ns)   --->   "%layer1_output_tile_60_addr = getelementptr i32 %layer1_output_tile_60, i64 0, i64 %zext_ln44_2" [src/conv1_tile.cpp:44]   --->   Operation 173 'getelementptr' 'layer1_output_tile_60_addr' <Predicate = (!icmp_ln40)> <Delay = 0.00>
ST_2 : Operation 174 [1/1] (0.00ns)   --->   "%layer1_output_tile_61_addr = getelementptr i32 %layer1_output_tile_61, i64 0, i64 %zext_ln44_2" [src/conv1_tile.cpp:44]   --->   Operation 174 'getelementptr' 'layer1_output_tile_61_addr' <Predicate = (!icmp_ln40)> <Delay = 0.00>
ST_2 : Operation 175 [1/1] (0.00ns)   --->   "%layer1_output_tile_62_addr = getelementptr i32 %layer1_output_tile_62, i64 0, i64 %zext_ln44_2" [src/conv1_tile.cpp:44]   --->   Operation 175 'getelementptr' 'layer1_output_tile_62_addr' <Predicate = (!icmp_ln40)> <Delay = 0.00>
ST_2 : Operation 176 [1/1] (0.00ns)   --->   "%layer1_output_tile_63_addr = getelementptr i32 %layer1_output_tile_63, i64 0, i64 %zext_ln44_2" [src/conv1_tile.cpp:44]   --->   Operation 176 'getelementptr' 'layer1_output_tile_63_addr' <Predicate = (!icmp_ln40)> <Delay = 0.00>
ST_2 : Operation 177 [1/1] (0.00ns)   --->   "%specpipeline_ln43 = specpipeline void @_ssdm_op_SpecPipeline, i32 1, i32 0, i32 0, i32 0, void @empty_1" [src/conv1_tile.cpp:43]   --->   Operation 177 'specpipeline' 'specpipeline_ln43' <Predicate = (!icmp_ln40)> <Delay = 0.00>
ST_2 : Operation 178 [1/1] (0.00ns)   --->   "%specloopname_ln42 = specloopname void @_ssdm_op_SpecLoopName, void @empty_11" [src/conv1_tile.cpp:42]   --->   Operation 178 'specloopname' 'specloopname_ln42' <Predicate = (!icmp_ln40)> <Delay = 0.00>
ST_2 : Operation 179 [1/1] (0.74ns)   --->   "%switch_ln44 = switch i6 %select_ln40_1, void %arrayidx1415.case.63, i6 0, void %arrayidx1415.case.0, i6 1, void %arrayidx1415.case.1, i6 2, void %arrayidx1415.case.2, i6 3, void %arrayidx1415.case.3, i6 4, void %arrayidx1415.case.4, i6 5, void %arrayidx1415.case.5, i6 6, void %arrayidx1415.case.6, i6 7, void %arrayidx1415.case.7, i6 8, void %arrayidx1415.case.8, i6 9, void %arrayidx1415.case.9, i6 10, void %arrayidx1415.case.10, i6 11, void %arrayidx1415.case.11, i6 12, void %arrayidx1415.case.12, i6 13, void %arrayidx1415.case.13, i6 14, void %arrayidx1415.case.14, i6 15, void %arrayidx1415.case.15, i6 16, void %arrayidx1415.case.16, i6 17, void %arrayidx1415.case.17, i6 18, void %arrayidx1415.case.18, i6 19, void %arrayidx1415.case.19, i6 20, void %arrayidx1415.case.20, i6 21, void %arrayidx1415.case.21, i6 22, void %arrayidx1415.case.22, i6 23, void %arrayidx1415.case.23, i6 24, void %arrayidx1415.case.24, i6 25, void %arrayidx1415.case.25, i6 26, void %arrayidx1415.case.26, i6 27, void %arrayidx1415.case.27, i6 28, void %arrayidx1415.case.28, i6 29, void %arrayidx1415.case.29, i6 30, void %arrayidx1415.case.30, i6 31, void %arrayidx1415.case.31, i6 32, void %arrayidx1415.case.32, i6 33, void %arrayidx1415.case.33, i6 34, void %arrayidx1415.case.34, i6 35, void %arrayidx1415.case.35, i6 36, void %arrayidx1415.case.36, i6 37, void %arrayidx1415.case.37, i6 38, void %arrayidx1415.case.38, i6 39, void %arrayidx1415.case.39, i6 40, void %arrayidx1415.case.40, i6 41, void %arrayidx1415.case.41, i6 42, void %arrayidx1415.case.42, i6 43, void %arrayidx1415.case.43, i6 44, void %arrayidx1415.case.44, i6 45, void %arrayidx1415.case.45, i6 46, void %arrayidx1415.case.46, i6 47, void %arrayidx1415.case.47, i6 48, void %arrayidx1415.case.48, i6 49, void %arrayidx1415.case.49, i6 50, void %arrayidx1415.case.50, i6 51, void %arrayidx1415.case.51, i6 52, void %arrayidx1415.case.52, i6 53, void %arrayidx1415.case.53, i6 54, void %arrayidx1415.case.54, i6 55, void %arrayidx1415.case.55, i6 56, void %arrayidx1415.case.56, i6 57, void %arrayidx1415.case.57, i6 58, void %arrayidx1415.case.58, i6 59, void %arrayidx1415.case.59, i6 60, void %arrayidx1415.case.60, i6 61, void %arrayidx1415.case.61, i6 62, void %arrayidx1415.case.62" [src/conv1_tile.cpp:44]   --->   Operation 179 'switch' 'switch_ln44' <Predicate = (!icmp_ln40)> <Delay = 0.74>
ST_2 : Operation 180 [1/1] (1.23ns)   --->   "%store_ln44 = store i32 %select_ln40_2, i9 %layer1_output_tile_62_addr" [src/conv1_tile.cpp:44]   --->   Operation 180 'store' 'store_ln44' <Predicate = (!icmp_ln40 & select_ln40_1 == 62)> <Delay = 1.23> <CoreInst = "RAM">   --->   Core 83 'RAM' <Latency = 1> <II = 1> <Delay = 1.23> <Storage> <Opcode : 'load' 'store'> <Ports = 2> <Width = 32> <Depth = 289> <RAM>
ST_2 : Operation 181 [1/1] (0.00ns)   --->   "%br_ln44 = br void %arrayidx1415.exit" [src/conv1_tile.cpp:44]   --->   Operation 181 'br' 'br_ln44' <Predicate = (!icmp_ln40 & select_ln40_1 == 62)> <Delay = 0.00>
ST_2 : Operation 182 [1/1] (1.23ns)   --->   "%store_ln44 = store i32 %select_ln40_2, i9 %layer1_output_tile_61_addr" [src/conv1_tile.cpp:44]   --->   Operation 182 'store' 'store_ln44' <Predicate = (!icmp_ln40 & select_ln40_1 == 61)> <Delay = 1.23> <CoreInst = "RAM">   --->   Core 83 'RAM' <Latency = 1> <II = 1> <Delay = 1.23> <Storage> <Opcode : 'load' 'store'> <Ports = 2> <Width = 32> <Depth = 289> <RAM>
ST_2 : Operation 183 [1/1] (0.00ns)   --->   "%br_ln44 = br void %arrayidx1415.exit" [src/conv1_tile.cpp:44]   --->   Operation 183 'br' 'br_ln44' <Predicate = (!icmp_ln40 & select_ln40_1 == 61)> <Delay = 0.00>
ST_2 : Operation 184 [1/1] (1.23ns)   --->   "%store_ln44 = store i32 %select_ln40_2, i9 %layer1_output_tile_60_addr" [src/conv1_tile.cpp:44]   --->   Operation 184 'store' 'store_ln44' <Predicate = (!icmp_ln40 & select_ln40_1 == 60)> <Delay = 1.23> <CoreInst = "RAM">   --->   Core 83 'RAM' <Latency = 1> <II = 1> <Delay = 1.23> <Storage> <Opcode : 'load' 'store'> <Ports = 2> <Width = 32> <Depth = 289> <RAM>
ST_2 : Operation 185 [1/1] (0.00ns)   --->   "%br_ln44 = br void %arrayidx1415.exit" [src/conv1_tile.cpp:44]   --->   Operation 185 'br' 'br_ln44' <Predicate = (!icmp_ln40 & select_ln40_1 == 60)> <Delay = 0.00>
ST_2 : Operation 186 [1/1] (1.23ns)   --->   "%store_ln44 = store i32 %select_ln40_2, i9 %layer1_output_tile_59_addr" [src/conv1_tile.cpp:44]   --->   Operation 186 'store' 'store_ln44' <Predicate = (!icmp_ln40 & select_ln40_1 == 59)> <Delay = 1.23> <CoreInst = "RAM">   --->   Core 83 'RAM' <Latency = 1> <II = 1> <Delay = 1.23> <Storage> <Opcode : 'load' 'store'> <Ports = 2> <Width = 32> <Depth = 289> <RAM>
ST_2 : Operation 187 [1/1] (0.00ns)   --->   "%br_ln44 = br void %arrayidx1415.exit" [src/conv1_tile.cpp:44]   --->   Operation 187 'br' 'br_ln44' <Predicate = (!icmp_ln40 & select_ln40_1 == 59)> <Delay = 0.00>
ST_2 : Operation 188 [1/1] (1.23ns)   --->   "%store_ln44 = store i32 %select_ln40_2, i9 %layer1_output_tile_58_addr" [src/conv1_tile.cpp:44]   --->   Operation 188 'store' 'store_ln44' <Predicate = (!icmp_ln40 & select_ln40_1 == 58)> <Delay = 1.23> <CoreInst = "RAM">   --->   Core 83 'RAM' <Latency = 1> <II = 1> <Delay = 1.23> <Storage> <Opcode : 'load' 'store'> <Ports = 2> <Width = 32> <Depth = 289> <RAM>
ST_2 : Operation 189 [1/1] (0.00ns)   --->   "%br_ln44 = br void %arrayidx1415.exit" [src/conv1_tile.cpp:44]   --->   Operation 189 'br' 'br_ln44' <Predicate = (!icmp_ln40 & select_ln40_1 == 58)> <Delay = 0.00>
ST_2 : Operation 190 [1/1] (1.23ns)   --->   "%store_ln44 = store i32 %select_ln40_2, i9 %layer1_output_tile_57_addr" [src/conv1_tile.cpp:44]   --->   Operation 190 'store' 'store_ln44' <Predicate = (!icmp_ln40 & select_ln40_1 == 57)> <Delay = 1.23> <CoreInst = "RAM">   --->   Core 83 'RAM' <Latency = 1> <II = 1> <Delay = 1.23> <Storage> <Opcode : 'load' 'store'> <Ports = 2> <Width = 32> <Depth = 289> <RAM>
ST_2 : Operation 191 [1/1] (0.00ns)   --->   "%br_ln44 = br void %arrayidx1415.exit" [src/conv1_tile.cpp:44]   --->   Operation 191 'br' 'br_ln44' <Predicate = (!icmp_ln40 & select_ln40_1 == 57)> <Delay = 0.00>
ST_2 : Operation 192 [1/1] (1.23ns)   --->   "%store_ln44 = store i32 %select_ln40_2, i9 %layer1_output_tile_56_addr" [src/conv1_tile.cpp:44]   --->   Operation 192 'store' 'store_ln44' <Predicate = (!icmp_ln40 & select_ln40_1 == 56)> <Delay = 1.23> <CoreInst = "RAM">   --->   Core 83 'RAM' <Latency = 1> <II = 1> <Delay = 1.23> <Storage> <Opcode : 'load' 'store'> <Ports = 2> <Width = 32> <Depth = 289> <RAM>
ST_2 : Operation 193 [1/1] (0.00ns)   --->   "%br_ln44 = br void %arrayidx1415.exit" [src/conv1_tile.cpp:44]   --->   Operation 193 'br' 'br_ln44' <Predicate = (!icmp_ln40 & select_ln40_1 == 56)> <Delay = 0.00>
ST_2 : Operation 194 [1/1] (1.23ns)   --->   "%store_ln44 = store i32 %select_ln40_2, i9 %layer1_output_tile_55_addr" [src/conv1_tile.cpp:44]   --->   Operation 194 'store' 'store_ln44' <Predicate = (!icmp_ln40 & select_ln40_1 == 55)> <Delay = 1.23> <CoreInst = "RAM">   --->   Core 83 'RAM' <Latency = 1> <II = 1> <Delay = 1.23> <Storage> <Opcode : 'load' 'store'> <Ports = 2> <Width = 32> <Depth = 289> <RAM>
ST_2 : Operation 195 [1/1] (0.00ns)   --->   "%br_ln44 = br void %arrayidx1415.exit" [src/conv1_tile.cpp:44]   --->   Operation 195 'br' 'br_ln44' <Predicate = (!icmp_ln40 & select_ln40_1 == 55)> <Delay = 0.00>
ST_2 : Operation 196 [1/1] (1.23ns)   --->   "%store_ln44 = store i32 %select_ln40_2, i9 %layer1_output_tile_54_addr" [src/conv1_tile.cpp:44]   --->   Operation 196 'store' 'store_ln44' <Predicate = (!icmp_ln40 & select_ln40_1 == 54)> <Delay = 1.23> <CoreInst = "RAM">   --->   Core 83 'RAM' <Latency = 1> <II = 1> <Delay = 1.23> <Storage> <Opcode : 'load' 'store'> <Ports = 2> <Width = 32> <Depth = 289> <RAM>
ST_2 : Operation 197 [1/1] (0.00ns)   --->   "%br_ln44 = br void %arrayidx1415.exit" [src/conv1_tile.cpp:44]   --->   Operation 197 'br' 'br_ln44' <Predicate = (!icmp_ln40 & select_ln40_1 == 54)> <Delay = 0.00>
ST_2 : Operation 198 [1/1] (1.23ns)   --->   "%store_ln44 = store i32 %select_ln40_2, i9 %layer1_output_tile_53_addr" [src/conv1_tile.cpp:44]   --->   Operation 198 'store' 'store_ln44' <Predicate = (!icmp_ln40 & select_ln40_1 == 53)> <Delay = 1.23> <CoreInst = "RAM">   --->   Core 83 'RAM' <Latency = 1> <II = 1> <Delay = 1.23> <Storage> <Opcode : 'load' 'store'> <Ports = 2> <Width = 32> <Depth = 289> <RAM>
ST_2 : Operation 199 [1/1] (0.00ns)   --->   "%br_ln44 = br void %arrayidx1415.exit" [src/conv1_tile.cpp:44]   --->   Operation 199 'br' 'br_ln44' <Predicate = (!icmp_ln40 & select_ln40_1 == 53)> <Delay = 0.00>
ST_2 : Operation 200 [1/1] (1.23ns)   --->   "%store_ln44 = store i32 %select_ln40_2, i9 %layer1_output_tile_52_addr" [src/conv1_tile.cpp:44]   --->   Operation 200 'store' 'store_ln44' <Predicate = (!icmp_ln40 & select_ln40_1 == 52)> <Delay = 1.23> <CoreInst = "RAM">   --->   Core 83 'RAM' <Latency = 1> <II = 1> <Delay = 1.23> <Storage> <Opcode : 'load' 'store'> <Ports = 2> <Width = 32> <Depth = 289> <RAM>
ST_2 : Operation 201 [1/1] (0.00ns)   --->   "%br_ln44 = br void %arrayidx1415.exit" [src/conv1_tile.cpp:44]   --->   Operation 201 'br' 'br_ln44' <Predicate = (!icmp_ln40 & select_ln40_1 == 52)> <Delay = 0.00>
ST_2 : Operation 202 [1/1] (1.23ns)   --->   "%store_ln44 = store i32 %select_ln40_2, i9 %layer1_output_tile_51_addr" [src/conv1_tile.cpp:44]   --->   Operation 202 'store' 'store_ln44' <Predicate = (!icmp_ln40 & select_ln40_1 == 51)> <Delay = 1.23> <CoreInst = "RAM">   --->   Core 83 'RAM' <Latency = 1> <II = 1> <Delay = 1.23> <Storage> <Opcode : 'load' 'store'> <Ports = 2> <Width = 32> <Depth = 289> <RAM>
ST_2 : Operation 203 [1/1] (0.00ns)   --->   "%br_ln44 = br void %arrayidx1415.exit" [src/conv1_tile.cpp:44]   --->   Operation 203 'br' 'br_ln44' <Predicate = (!icmp_ln40 & select_ln40_1 == 51)> <Delay = 0.00>
ST_2 : Operation 204 [1/1] (1.23ns)   --->   "%store_ln44 = store i32 %select_ln40_2, i9 %layer1_output_tile_50_addr" [src/conv1_tile.cpp:44]   --->   Operation 204 'store' 'store_ln44' <Predicate = (!icmp_ln40 & select_ln40_1 == 50)> <Delay = 1.23> <CoreInst = "RAM">   --->   Core 83 'RAM' <Latency = 1> <II = 1> <Delay = 1.23> <Storage> <Opcode : 'load' 'store'> <Ports = 2> <Width = 32> <Depth = 289> <RAM>
ST_2 : Operation 205 [1/1] (0.00ns)   --->   "%br_ln44 = br void %arrayidx1415.exit" [src/conv1_tile.cpp:44]   --->   Operation 205 'br' 'br_ln44' <Predicate = (!icmp_ln40 & select_ln40_1 == 50)> <Delay = 0.00>
ST_2 : Operation 206 [1/1] (1.23ns)   --->   "%store_ln44 = store i32 %select_ln40_2, i9 %layer1_output_tile_49_addr" [src/conv1_tile.cpp:44]   --->   Operation 206 'store' 'store_ln44' <Predicate = (!icmp_ln40 & select_ln40_1 == 49)> <Delay = 1.23> <CoreInst = "RAM">   --->   Core 83 'RAM' <Latency = 1> <II = 1> <Delay = 1.23> <Storage> <Opcode : 'load' 'store'> <Ports = 2> <Width = 32> <Depth = 289> <RAM>
ST_2 : Operation 207 [1/1] (0.00ns)   --->   "%br_ln44 = br void %arrayidx1415.exit" [src/conv1_tile.cpp:44]   --->   Operation 207 'br' 'br_ln44' <Predicate = (!icmp_ln40 & select_ln40_1 == 49)> <Delay = 0.00>
ST_2 : Operation 208 [1/1] (1.23ns)   --->   "%store_ln44 = store i32 %select_ln40_2, i9 %layer1_output_tile_48_addr" [src/conv1_tile.cpp:44]   --->   Operation 208 'store' 'store_ln44' <Predicate = (!icmp_ln40 & select_ln40_1 == 48)> <Delay = 1.23> <CoreInst = "RAM">   --->   Core 83 'RAM' <Latency = 1> <II = 1> <Delay = 1.23> <Storage> <Opcode : 'load' 'store'> <Ports = 2> <Width = 32> <Depth = 289> <RAM>
ST_2 : Operation 209 [1/1] (0.00ns)   --->   "%br_ln44 = br void %arrayidx1415.exit" [src/conv1_tile.cpp:44]   --->   Operation 209 'br' 'br_ln44' <Predicate = (!icmp_ln40 & select_ln40_1 == 48)> <Delay = 0.00>
ST_2 : Operation 210 [1/1] (1.23ns)   --->   "%store_ln44 = store i32 %select_ln40_2, i9 %layer1_output_tile_47_addr" [src/conv1_tile.cpp:44]   --->   Operation 210 'store' 'store_ln44' <Predicate = (!icmp_ln40 & select_ln40_1 == 47)> <Delay = 1.23> <CoreInst = "RAM">   --->   Core 83 'RAM' <Latency = 1> <II = 1> <Delay = 1.23> <Storage> <Opcode : 'load' 'store'> <Ports = 2> <Width = 32> <Depth = 289> <RAM>
ST_2 : Operation 211 [1/1] (0.00ns)   --->   "%br_ln44 = br void %arrayidx1415.exit" [src/conv1_tile.cpp:44]   --->   Operation 211 'br' 'br_ln44' <Predicate = (!icmp_ln40 & select_ln40_1 == 47)> <Delay = 0.00>
ST_2 : Operation 212 [1/1] (1.23ns)   --->   "%store_ln44 = store i32 %select_ln40_2, i9 %layer1_output_tile_46_addr" [src/conv1_tile.cpp:44]   --->   Operation 212 'store' 'store_ln44' <Predicate = (!icmp_ln40 & select_ln40_1 == 46)> <Delay = 1.23> <CoreInst = "RAM">   --->   Core 83 'RAM' <Latency = 1> <II = 1> <Delay = 1.23> <Storage> <Opcode : 'load' 'store'> <Ports = 2> <Width = 32> <Depth = 289> <RAM>
ST_2 : Operation 213 [1/1] (0.00ns)   --->   "%br_ln44 = br void %arrayidx1415.exit" [src/conv1_tile.cpp:44]   --->   Operation 213 'br' 'br_ln44' <Predicate = (!icmp_ln40 & select_ln40_1 == 46)> <Delay = 0.00>
ST_2 : Operation 214 [1/1] (1.23ns)   --->   "%store_ln44 = store i32 %select_ln40_2, i9 %layer1_output_tile_45_addr" [src/conv1_tile.cpp:44]   --->   Operation 214 'store' 'store_ln44' <Predicate = (!icmp_ln40 & select_ln40_1 == 45)> <Delay = 1.23> <CoreInst = "RAM">   --->   Core 83 'RAM' <Latency = 1> <II = 1> <Delay = 1.23> <Storage> <Opcode : 'load' 'store'> <Ports = 2> <Width = 32> <Depth = 289> <RAM>
ST_2 : Operation 215 [1/1] (0.00ns)   --->   "%br_ln44 = br void %arrayidx1415.exit" [src/conv1_tile.cpp:44]   --->   Operation 215 'br' 'br_ln44' <Predicate = (!icmp_ln40 & select_ln40_1 == 45)> <Delay = 0.00>
ST_2 : Operation 216 [1/1] (1.23ns)   --->   "%store_ln44 = store i32 %select_ln40_2, i9 %layer1_output_tile_44_addr" [src/conv1_tile.cpp:44]   --->   Operation 216 'store' 'store_ln44' <Predicate = (!icmp_ln40 & select_ln40_1 == 44)> <Delay = 1.23> <CoreInst = "RAM">   --->   Core 83 'RAM' <Latency = 1> <II = 1> <Delay = 1.23> <Storage> <Opcode : 'load' 'store'> <Ports = 2> <Width = 32> <Depth = 289> <RAM>
ST_2 : Operation 217 [1/1] (0.00ns)   --->   "%br_ln44 = br void %arrayidx1415.exit" [src/conv1_tile.cpp:44]   --->   Operation 217 'br' 'br_ln44' <Predicate = (!icmp_ln40 & select_ln40_1 == 44)> <Delay = 0.00>
ST_2 : Operation 218 [1/1] (1.23ns)   --->   "%store_ln44 = store i32 %select_ln40_2, i9 %layer1_output_tile_43_addr" [src/conv1_tile.cpp:44]   --->   Operation 218 'store' 'store_ln44' <Predicate = (!icmp_ln40 & select_ln40_1 == 43)> <Delay = 1.23> <CoreInst = "RAM">   --->   Core 83 'RAM' <Latency = 1> <II = 1> <Delay = 1.23> <Storage> <Opcode : 'load' 'store'> <Ports = 2> <Width = 32> <Depth = 289> <RAM>
ST_2 : Operation 219 [1/1] (0.00ns)   --->   "%br_ln44 = br void %arrayidx1415.exit" [src/conv1_tile.cpp:44]   --->   Operation 219 'br' 'br_ln44' <Predicate = (!icmp_ln40 & select_ln40_1 == 43)> <Delay = 0.00>
ST_2 : Operation 220 [1/1] (1.23ns)   --->   "%store_ln44 = store i32 %select_ln40_2, i9 %layer1_output_tile_42_addr" [src/conv1_tile.cpp:44]   --->   Operation 220 'store' 'store_ln44' <Predicate = (!icmp_ln40 & select_ln40_1 == 42)> <Delay = 1.23> <CoreInst = "RAM">   --->   Core 83 'RAM' <Latency = 1> <II = 1> <Delay = 1.23> <Storage> <Opcode : 'load' 'store'> <Ports = 2> <Width = 32> <Depth = 289> <RAM>
ST_2 : Operation 221 [1/1] (0.00ns)   --->   "%br_ln44 = br void %arrayidx1415.exit" [src/conv1_tile.cpp:44]   --->   Operation 221 'br' 'br_ln44' <Predicate = (!icmp_ln40 & select_ln40_1 == 42)> <Delay = 0.00>
ST_2 : Operation 222 [1/1] (1.23ns)   --->   "%store_ln44 = store i32 %select_ln40_2, i9 %layer1_output_tile_41_addr" [src/conv1_tile.cpp:44]   --->   Operation 222 'store' 'store_ln44' <Predicate = (!icmp_ln40 & select_ln40_1 == 41)> <Delay = 1.23> <CoreInst = "RAM">   --->   Core 83 'RAM' <Latency = 1> <II = 1> <Delay = 1.23> <Storage> <Opcode : 'load' 'store'> <Ports = 2> <Width = 32> <Depth = 289> <RAM>
ST_2 : Operation 223 [1/1] (0.00ns)   --->   "%br_ln44 = br void %arrayidx1415.exit" [src/conv1_tile.cpp:44]   --->   Operation 223 'br' 'br_ln44' <Predicate = (!icmp_ln40 & select_ln40_1 == 41)> <Delay = 0.00>
ST_2 : Operation 224 [1/1] (1.23ns)   --->   "%store_ln44 = store i32 %select_ln40_2, i9 %layer1_output_tile_40_addr" [src/conv1_tile.cpp:44]   --->   Operation 224 'store' 'store_ln44' <Predicate = (!icmp_ln40 & select_ln40_1 == 40)> <Delay = 1.23> <CoreInst = "RAM">   --->   Core 83 'RAM' <Latency = 1> <II = 1> <Delay = 1.23> <Storage> <Opcode : 'load' 'store'> <Ports = 2> <Width = 32> <Depth = 289> <RAM>
ST_2 : Operation 225 [1/1] (0.00ns)   --->   "%br_ln44 = br void %arrayidx1415.exit" [src/conv1_tile.cpp:44]   --->   Operation 225 'br' 'br_ln44' <Predicate = (!icmp_ln40 & select_ln40_1 == 40)> <Delay = 0.00>
ST_2 : Operation 226 [1/1] (1.23ns)   --->   "%store_ln44 = store i32 %select_ln40_2, i9 %layer1_output_tile_39_addr" [src/conv1_tile.cpp:44]   --->   Operation 226 'store' 'store_ln44' <Predicate = (!icmp_ln40 & select_ln40_1 == 39)> <Delay = 1.23> <CoreInst = "RAM">   --->   Core 83 'RAM' <Latency = 1> <II = 1> <Delay = 1.23> <Storage> <Opcode : 'load' 'store'> <Ports = 2> <Width = 32> <Depth = 289> <RAM>
ST_2 : Operation 227 [1/1] (0.00ns)   --->   "%br_ln44 = br void %arrayidx1415.exit" [src/conv1_tile.cpp:44]   --->   Operation 227 'br' 'br_ln44' <Predicate = (!icmp_ln40 & select_ln40_1 == 39)> <Delay = 0.00>
ST_2 : Operation 228 [1/1] (1.23ns)   --->   "%store_ln44 = store i32 %select_ln40_2, i9 %layer1_output_tile_38_addr" [src/conv1_tile.cpp:44]   --->   Operation 228 'store' 'store_ln44' <Predicate = (!icmp_ln40 & select_ln40_1 == 38)> <Delay = 1.23> <CoreInst = "RAM">   --->   Core 83 'RAM' <Latency = 1> <II = 1> <Delay = 1.23> <Storage> <Opcode : 'load' 'store'> <Ports = 2> <Width = 32> <Depth = 289> <RAM>
ST_2 : Operation 229 [1/1] (0.00ns)   --->   "%br_ln44 = br void %arrayidx1415.exit" [src/conv1_tile.cpp:44]   --->   Operation 229 'br' 'br_ln44' <Predicate = (!icmp_ln40 & select_ln40_1 == 38)> <Delay = 0.00>
ST_2 : Operation 230 [1/1] (1.23ns)   --->   "%store_ln44 = store i32 %select_ln40_2, i9 %layer1_output_tile_37_addr" [src/conv1_tile.cpp:44]   --->   Operation 230 'store' 'store_ln44' <Predicate = (!icmp_ln40 & select_ln40_1 == 37)> <Delay = 1.23> <CoreInst = "RAM">   --->   Core 83 'RAM' <Latency = 1> <II = 1> <Delay = 1.23> <Storage> <Opcode : 'load' 'store'> <Ports = 2> <Width = 32> <Depth = 289> <RAM>
ST_2 : Operation 231 [1/1] (0.00ns)   --->   "%br_ln44 = br void %arrayidx1415.exit" [src/conv1_tile.cpp:44]   --->   Operation 231 'br' 'br_ln44' <Predicate = (!icmp_ln40 & select_ln40_1 == 37)> <Delay = 0.00>
ST_2 : Operation 232 [1/1] (1.23ns)   --->   "%store_ln44 = store i32 %select_ln40_2, i9 %layer1_output_tile_36_addr" [src/conv1_tile.cpp:44]   --->   Operation 232 'store' 'store_ln44' <Predicate = (!icmp_ln40 & select_ln40_1 == 36)> <Delay = 1.23> <CoreInst = "RAM">   --->   Core 83 'RAM' <Latency = 1> <II = 1> <Delay = 1.23> <Storage> <Opcode : 'load' 'store'> <Ports = 2> <Width = 32> <Depth = 289> <RAM>
ST_2 : Operation 233 [1/1] (0.00ns)   --->   "%br_ln44 = br void %arrayidx1415.exit" [src/conv1_tile.cpp:44]   --->   Operation 233 'br' 'br_ln44' <Predicate = (!icmp_ln40 & select_ln40_1 == 36)> <Delay = 0.00>
ST_2 : Operation 234 [1/1] (1.23ns)   --->   "%store_ln44 = store i32 %select_ln40_2, i9 %layer1_output_tile_35_addr" [src/conv1_tile.cpp:44]   --->   Operation 234 'store' 'store_ln44' <Predicate = (!icmp_ln40 & select_ln40_1 == 35)> <Delay = 1.23> <CoreInst = "RAM">   --->   Core 83 'RAM' <Latency = 1> <II = 1> <Delay = 1.23> <Storage> <Opcode : 'load' 'store'> <Ports = 2> <Width = 32> <Depth = 289> <RAM>
ST_2 : Operation 235 [1/1] (0.00ns)   --->   "%br_ln44 = br void %arrayidx1415.exit" [src/conv1_tile.cpp:44]   --->   Operation 235 'br' 'br_ln44' <Predicate = (!icmp_ln40 & select_ln40_1 == 35)> <Delay = 0.00>
ST_2 : Operation 236 [1/1] (1.23ns)   --->   "%store_ln44 = store i32 %select_ln40_2, i9 %layer1_output_tile_34_addr" [src/conv1_tile.cpp:44]   --->   Operation 236 'store' 'store_ln44' <Predicate = (!icmp_ln40 & select_ln40_1 == 34)> <Delay = 1.23> <CoreInst = "RAM">   --->   Core 83 'RAM' <Latency = 1> <II = 1> <Delay = 1.23> <Storage> <Opcode : 'load' 'store'> <Ports = 2> <Width = 32> <Depth = 289> <RAM>
ST_2 : Operation 237 [1/1] (0.00ns)   --->   "%br_ln44 = br void %arrayidx1415.exit" [src/conv1_tile.cpp:44]   --->   Operation 237 'br' 'br_ln44' <Predicate = (!icmp_ln40 & select_ln40_1 == 34)> <Delay = 0.00>
ST_2 : Operation 238 [1/1] (1.23ns)   --->   "%store_ln44 = store i32 %select_ln40_2, i9 %layer1_output_tile_33_addr" [src/conv1_tile.cpp:44]   --->   Operation 238 'store' 'store_ln44' <Predicate = (!icmp_ln40 & select_ln40_1 == 33)> <Delay = 1.23> <CoreInst = "RAM">   --->   Core 83 'RAM' <Latency = 1> <II = 1> <Delay = 1.23> <Storage> <Opcode : 'load' 'store'> <Ports = 2> <Width = 32> <Depth = 289> <RAM>
ST_2 : Operation 239 [1/1] (0.00ns)   --->   "%br_ln44 = br void %arrayidx1415.exit" [src/conv1_tile.cpp:44]   --->   Operation 239 'br' 'br_ln44' <Predicate = (!icmp_ln40 & select_ln40_1 == 33)> <Delay = 0.00>
ST_2 : Operation 240 [1/1] (1.23ns)   --->   "%store_ln44 = store i32 %select_ln40_2, i9 %layer1_output_tile_32_addr" [src/conv1_tile.cpp:44]   --->   Operation 240 'store' 'store_ln44' <Predicate = (!icmp_ln40 & select_ln40_1 == 32)> <Delay = 1.23> <CoreInst = "RAM">   --->   Core 83 'RAM' <Latency = 1> <II = 1> <Delay = 1.23> <Storage> <Opcode : 'load' 'store'> <Ports = 2> <Width = 32> <Depth = 289> <RAM>
ST_2 : Operation 241 [1/1] (0.00ns)   --->   "%br_ln44 = br void %arrayidx1415.exit" [src/conv1_tile.cpp:44]   --->   Operation 241 'br' 'br_ln44' <Predicate = (!icmp_ln40 & select_ln40_1 == 32)> <Delay = 0.00>
ST_2 : Operation 242 [1/1] (1.23ns)   --->   "%store_ln44 = store i32 %select_ln40_2, i9 %layer1_output_tile_31_addr" [src/conv1_tile.cpp:44]   --->   Operation 242 'store' 'store_ln44' <Predicate = (!icmp_ln40 & select_ln40_1 == 31)> <Delay = 1.23> <CoreInst = "RAM">   --->   Core 83 'RAM' <Latency = 1> <II = 1> <Delay = 1.23> <Storage> <Opcode : 'load' 'store'> <Ports = 2> <Width = 32> <Depth = 289> <RAM>
ST_2 : Operation 243 [1/1] (0.00ns)   --->   "%br_ln44 = br void %arrayidx1415.exit" [src/conv1_tile.cpp:44]   --->   Operation 243 'br' 'br_ln44' <Predicate = (!icmp_ln40 & select_ln40_1 == 31)> <Delay = 0.00>
ST_2 : Operation 244 [1/1] (1.23ns)   --->   "%store_ln44 = store i32 %select_ln40_2, i9 %layer1_output_tile_30_addr" [src/conv1_tile.cpp:44]   --->   Operation 244 'store' 'store_ln44' <Predicate = (!icmp_ln40 & select_ln40_1 == 30)> <Delay = 1.23> <CoreInst = "RAM">   --->   Core 83 'RAM' <Latency = 1> <II = 1> <Delay = 1.23> <Storage> <Opcode : 'load' 'store'> <Ports = 2> <Width = 32> <Depth = 289> <RAM>
ST_2 : Operation 245 [1/1] (0.00ns)   --->   "%br_ln44 = br void %arrayidx1415.exit" [src/conv1_tile.cpp:44]   --->   Operation 245 'br' 'br_ln44' <Predicate = (!icmp_ln40 & select_ln40_1 == 30)> <Delay = 0.00>
ST_2 : Operation 246 [1/1] (1.23ns)   --->   "%store_ln44 = store i32 %select_ln40_2, i9 %layer1_output_tile_29_addr" [src/conv1_tile.cpp:44]   --->   Operation 246 'store' 'store_ln44' <Predicate = (!icmp_ln40 & select_ln40_1 == 29)> <Delay = 1.23> <CoreInst = "RAM">   --->   Core 83 'RAM' <Latency = 1> <II = 1> <Delay = 1.23> <Storage> <Opcode : 'load' 'store'> <Ports = 2> <Width = 32> <Depth = 289> <RAM>
ST_2 : Operation 247 [1/1] (0.00ns)   --->   "%br_ln44 = br void %arrayidx1415.exit" [src/conv1_tile.cpp:44]   --->   Operation 247 'br' 'br_ln44' <Predicate = (!icmp_ln40 & select_ln40_1 == 29)> <Delay = 0.00>
ST_2 : Operation 248 [1/1] (1.23ns)   --->   "%store_ln44 = store i32 %select_ln40_2, i9 %layer1_output_tile_28_addr" [src/conv1_tile.cpp:44]   --->   Operation 248 'store' 'store_ln44' <Predicate = (!icmp_ln40 & select_ln40_1 == 28)> <Delay = 1.23> <CoreInst = "RAM">   --->   Core 83 'RAM' <Latency = 1> <II = 1> <Delay = 1.23> <Storage> <Opcode : 'load' 'store'> <Ports = 2> <Width = 32> <Depth = 289> <RAM>
ST_2 : Operation 249 [1/1] (0.00ns)   --->   "%br_ln44 = br void %arrayidx1415.exit" [src/conv1_tile.cpp:44]   --->   Operation 249 'br' 'br_ln44' <Predicate = (!icmp_ln40 & select_ln40_1 == 28)> <Delay = 0.00>
ST_2 : Operation 250 [1/1] (1.23ns)   --->   "%store_ln44 = store i32 %select_ln40_2, i9 %layer1_output_tile_27_addr" [src/conv1_tile.cpp:44]   --->   Operation 250 'store' 'store_ln44' <Predicate = (!icmp_ln40 & select_ln40_1 == 27)> <Delay = 1.23> <CoreInst = "RAM">   --->   Core 83 'RAM' <Latency = 1> <II = 1> <Delay = 1.23> <Storage> <Opcode : 'load' 'store'> <Ports = 2> <Width = 32> <Depth = 289> <RAM>
ST_2 : Operation 251 [1/1] (0.00ns)   --->   "%br_ln44 = br void %arrayidx1415.exit" [src/conv1_tile.cpp:44]   --->   Operation 251 'br' 'br_ln44' <Predicate = (!icmp_ln40 & select_ln40_1 == 27)> <Delay = 0.00>
ST_2 : Operation 252 [1/1] (1.23ns)   --->   "%store_ln44 = store i32 %select_ln40_2, i9 %layer1_output_tile_26_addr" [src/conv1_tile.cpp:44]   --->   Operation 252 'store' 'store_ln44' <Predicate = (!icmp_ln40 & select_ln40_1 == 26)> <Delay = 1.23> <CoreInst = "RAM">   --->   Core 83 'RAM' <Latency = 1> <II = 1> <Delay = 1.23> <Storage> <Opcode : 'load' 'store'> <Ports = 2> <Width = 32> <Depth = 289> <RAM>
ST_2 : Operation 253 [1/1] (0.00ns)   --->   "%br_ln44 = br void %arrayidx1415.exit" [src/conv1_tile.cpp:44]   --->   Operation 253 'br' 'br_ln44' <Predicate = (!icmp_ln40 & select_ln40_1 == 26)> <Delay = 0.00>
ST_2 : Operation 254 [1/1] (1.23ns)   --->   "%store_ln44 = store i32 %select_ln40_2, i9 %layer1_output_tile_25_addr" [src/conv1_tile.cpp:44]   --->   Operation 254 'store' 'store_ln44' <Predicate = (!icmp_ln40 & select_ln40_1 == 25)> <Delay = 1.23> <CoreInst = "RAM">   --->   Core 83 'RAM' <Latency = 1> <II = 1> <Delay = 1.23> <Storage> <Opcode : 'load' 'store'> <Ports = 2> <Width = 32> <Depth = 289> <RAM>
ST_2 : Operation 255 [1/1] (0.00ns)   --->   "%br_ln44 = br void %arrayidx1415.exit" [src/conv1_tile.cpp:44]   --->   Operation 255 'br' 'br_ln44' <Predicate = (!icmp_ln40 & select_ln40_1 == 25)> <Delay = 0.00>
ST_2 : Operation 256 [1/1] (1.23ns)   --->   "%store_ln44 = store i32 %select_ln40_2, i9 %layer1_output_tile_24_addr" [src/conv1_tile.cpp:44]   --->   Operation 256 'store' 'store_ln44' <Predicate = (!icmp_ln40 & select_ln40_1 == 24)> <Delay = 1.23> <CoreInst = "RAM">   --->   Core 83 'RAM' <Latency = 1> <II = 1> <Delay = 1.23> <Storage> <Opcode : 'load' 'store'> <Ports = 2> <Width = 32> <Depth = 289> <RAM>
ST_2 : Operation 257 [1/1] (0.00ns)   --->   "%br_ln44 = br void %arrayidx1415.exit" [src/conv1_tile.cpp:44]   --->   Operation 257 'br' 'br_ln44' <Predicate = (!icmp_ln40 & select_ln40_1 == 24)> <Delay = 0.00>
ST_2 : Operation 258 [1/1] (1.23ns)   --->   "%store_ln44 = store i32 %select_ln40_2, i9 %layer1_output_tile_23_addr" [src/conv1_tile.cpp:44]   --->   Operation 258 'store' 'store_ln44' <Predicate = (!icmp_ln40 & select_ln40_1 == 23)> <Delay = 1.23> <CoreInst = "RAM">   --->   Core 83 'RAM' <Latency = 1> <II = 1> <Delay = 1.23> <Storage> <Opcode : 'load' 'store'> <Ports = 2> <Width = 32> <Depth = 289> <RAM>
ST_2 : Operation 259 [1/1] (0.00ns)   --->   "%br_ln44 = br void %arrayidx1415.exit" [src/conv1_tile.cpp:44]   --->   Operation 259 'br' 'br_ln44' <Predicate = (!icmp_ln40 & select_ln40_1 == 23)> <Delay = 0.00>
ST_2 : Operation 260 [1/1] (1.23ns)   --->   "%store_ln44 = store i32 %select_ln40_2, i9 %layer1_output_tile_22_addr" [src/conv1_tile.cpp:44]   --->   Operation 260 'store' 'store_ln44' <Predicate = (!icmp_ln40 & select_ln40_1 == 22)> <Delay = 1.23> <CoreInst = "RAM">   --->   Core 83 'RAM' <Latency = 1> <II = 1> <Delay = 1.23> <Storage> <Opcode : 'load' 'store'> <Ports = 2> <Width = 32> <Depth = 289> <RAM>
ST_2 : Operation 261 [1/1] (0.00ns)   --->   "%br_ln44 = br void %arrayidx1415.exit" [src/conv1_tile.cpp:44]   --->   Operation 261 'br' 'br_ln44' <Predicate = (!icmp_ln40 & select_ln40_1 == 22)> <Delay = 0.00>
ST_2 : Operation 262 [1/1] (1.23ns)   --->   "%store_ln44 = store i32 %select_ln40_2, i9 %layer1_output_tile_21_addr" [src/conv1_tile.cpp:44]   --->   Operation 262 'store' 'store_ln44' <Predicate = (!icmp_ln40 & select_ln40_1 == 21)> <Delay = 1.23> <CoreInst = "RAM">   --->   Core 83 'RAM' <Latency = 1> <II = 1> <Delay = 1.23> <Storage> <Opcode : 'load' 'store'> <Ports = 2> <Width = 32> <Depth = 289> <RAM>
ST_2 : Operation 263 [1/1] (0.00ns)   --->   "%br_ln44 = br void %arrayidx1415.exit" [src/conv1_tile.cpp:44]   --->   Operation 263 'br' 'br_ln44' <Predicate = (!icmp_ln40 & select_ln40_1 == 21)> <Delay = 0.00>
ST_2 : Operation 264 [1/1] (1.23ns)   --->   "%store_ln44 = store i32 %select_ln40_2, i9 %layer1_output_tile_20_addr" [src/conv1_tile.cpp:44]   --->   Operation 264 'store' 'store_ln44' <Predicate = (!icmp_ln40 & select_ln40_1 == 20)> <Delay = 1.23> <CoreInst = "RAM">   --->   Core 83 'RAM' <Latency = 1> <II = 1> <Delay = 1.23> <Storage> <Opcode : 'load' 'store'> <Ports = 2> <Width = 32> <Depth = 289> <RAM>
ST_2 : Operation 265 [1/1] (0.00ns)   --->   "%br_ln44 = br void %arrayidx1415.exit" [src/conv1_tile.cpp:44]   --->   Operation 265 'br' 'br_ln44' <Predicate = (!icmp_ln40 & select_ln40_1 == 20)> <Delay = 0.00>
ST_2 : Operation 266 [1/1] (1.23ns)   --->   "%store_ln44 = store i32 %select_ln40_2, i9 %layer1_output_tile_19_addr" [src/conv1_tile.cpp:44]   --->   Operation 266 'store' 'store_ln44' <Predicate = (!icmp_ln40 & select_ln40_1 == 19)> <Delay = 1.23> <CoreInst = "RAM">   --->   Core 83 'RAM' <Latency = 1> <II = 1> <Delay = 1.23> <Storage> <Opcode : 'load' 'store'> <Ports = 2> <Width = 32> <Depth = 289> <RAM>
ST_2 : Operation 267 [1/1] (0.00ns)   --->   "%br_ln44 = br void %arrayidx1415.exit" [src/conv1_tile.cpp:44]   --->   Operation 267 'br' 'br_ln44' <Predicate = (!icmp_ln40 & select_ln40_1 == 19)> <Delay = 0.00>
ST_2 : Operation 268 [1/1] (1.23ns)   --->   "%store_ln44 = store i32 %select_ln40_2, i9 %layer1_output_tile_18_addr" [src/conv1_tile.cpp:44]   --->   Operation 268 'store' 'store_ln44' <Predicate = (!icmp_ln40 & select_ln40_1 == 18)> <Delay = 1.23> <CoreInst = "RAM">   --->   Core 83 'RAM' <Latency = 1> <II = 1> <Delay = 1.23> <Storage> <Opcode : 'load' 'store'> <Ports = 2> <Width = 32> <Depth = 289> <RAM>
ST_2 : Operation 269 [1/1] (0.00ns)   --->   "%br_ln44 = br void %arrayidx1415.exit" [src/conv1_tile.cpp:44]   --->   Operation 269 'br' 'br_ln44' <Predicate = (!icmp_ln40 & select_ln40_1 == 18)> <Delay = 0.00>
ST_2 : Operation 270 [1/1] (1.23ns)   --->   "%store_ln44 = store i32 %select_ln40_2, i9 %layer1_output_tile_17_addr" [src/conv1_tile.cpp:44]   --->   Operation 270 'store' 'store_ln44' <Predicate = (!icmp_ln40 & select_ln40_1 == 17)> <Delay = 1.23> <CoreInst = "RAM">   --->   Core 83 'RAM' <Latency = 1> <II = 1> <Delay = 1.23> <Storage> <Opcode : 'load' 'store'> <Ports = 2> <Width = 32> <Depth = 289> <RAM>
ST_2 : Operation 271 [1/1] (0.00ns)   --->   "%br_ln44 = br void %arrayidx1415.exit" [src/conv1_tile.cpp:44]   --->   Operation 271 'br' 'br_ln44' <Predicate = (!icmp_ln40 & select_ln40_1 == 17)> <Delay = 0.00>
ST_2 : Operation 272 [1/1] (1.23ns)   --->   "%store_ln44 = store i32 %select_ln40_2, i9 %layer1_output_tile_16_addr" [src/conv1_tile.cpp:44]   --->   Operation 272 'store' 'store_ln44' <Predicate = (!icmp_ln40 & select_ln40_1 == 16)> <Delay = 1.23> <CoreInst = "RAM">   --->   Core 83 'RAM' <Latency = 1> <II = 1> <Delay = 1.23> <Storage> <Opcode : 'load' 'store'> <Ports = 2> <Width = 32> <Depth = 289> <RAM>
ST_2 : Operation 273 [1/1] (0.00ns)   --->   "%br_ln44 = br void %arrayidx1415.exit" [src/conv1_tile.cpp:44]   --->   Operation 273 'br' 'br_ln44' <Predicate = (!icmp_ln40 & select_ln40_1 == 16)> <Delay = 0.00>
ST_2 : Operation 274 [1/1] (1.23ns)   --->   "%store_ln44 = store i32 %select_ln40_2, i9 %layer1_output_tile_15_addr" [src/conv1_tile.cpp:44]   --->   Operation 274 'store' 'store_ln44' <Predicate = (!icmp_ln40 & select_ln40_1 == 15)> <Delay = 1.23> <CoreInst = "RAM">   --->   Core 83 'RAM' <Latency = 1> <II = 1> <Delay = 1.23> <Storage> <Opcode : 'load' 'store'> <Ports = 2> <Width = 32> <Depth = 289> <RAM>
ST_2 : Operation 275 [1/1] (0.00ns)   --->   "%br_ln44 = br void %arrayidx1415.exit" [src/conv1_tile.cpp:44]   --->   Operation 275 'br' 'br_ln44' <Predicate = (!icmp_ln40 & select_ln40_1 == 15)> <Delay = 0.00>
ST_2 : Operation 276 [1/1] (1.23ns)   --->   "%store_ln44 = store i32 %select_ln40_2, i9 %layer1_output_tile_14_addr" [src/conv1_tile.cpp:44]   --->   Operation 276 'store' 'store_ln44' <Predicate = (!icmp_ln40 & select_ln40_1 == 14)> <Delay = 1.23> <CoreInst = "RAM">   --->   Core 83 'RAM' <Latency = 1> <II = 1> <Delay = 1.23> <Storage> <Opcode : 'load' 'store'> <Ports = 2> <Width = 32> <Depth = 289> <RAM>
ST_2 : Operation 277 [1/1] (0.00ns)   --->   "%br_ln44 = br void %arrayidx1415.exit" [src/conv1_tile.cpp:44]   --->   Operation 277 'br' 'br_ln44' <Predicate = (!icmp_ln40 & select_ln40_1 == 14)> <Delay = 0.00>
ST_2 : Operation 278 [1/1] (1.23ns)   --->   "%store_ln44 = store i32 %select_ln40_2, i9 %layer1_output_tile_13_addr" [src/conv1_tile.cpp:44]   --->   Operation 278 'store' 'store_ln44' <Predicate = (!icmp_ln40 & select_ln40_1 == 13)> <Delay = 1.23> <CoreInst = "RAM">   --->   Core 83 'RAM' <Latency = 1> <II = 1> <Delay = 1.23> <Storage> <Opcode : 'load' 'store'> <Ports = 2> <Width = 32> <Depth = 289> <RAM>
ST_2 : Operation 279 [1/1] (0.00ns)   --->   "%br_ln44 = br void %arrayidx1415.exit" [src/conv1_tile.cpp:44]   --->   Operation 279 'br' 'br_ln44' <Predicate = (!icmp_ln40 & select_ln40_1 == 13)> <Delay = 0.00>
ST_2 : Operation 280 [1/1] (1.23ns)   --->   "%store_ln44 = store i32 %select_ln40_2, i9 %layer1_output_tile_12_addr" [src/conv1_tile.cpp:44]   --->   Operation 280 'store' 'store_ln44' <Predicate = (!icmp_ln40 & select_ln40_1 == 12)> <Delay = 1.23> <CoreInst = "RAM">   --->   Core 83 'RAM' <Latency = 1> <II = 1> <Delay = 1.23> <Storage> <Opcode : 'load' 'store'> <Ports = 2> <Width = 32> <Depth = 289> <RAM>
ST_2 : Operation 281 [1/1] (0.00ns)   --->   "%br_ln44 = br void %arrayidx1415.exit" [src/conv1_tile.cpp:44]   --->   Operation 281 'br' 'br_ln44' <Predicate = (!icmp_ln40 & select_ln40_1 == 12)> <Delay = 0.00>
ST_2 : Operation 282 [1/1] (1.23ns)   --->   "%store_ln44 = store i32 %select_ln40_2, i9 %layer1_output_tile_11_addr" [src/conv1_tile.cpp:44]   --->   Operation 282 'store' 'store_ln44' <Predicate = (!icmp_ln40 & select_ln40_1 == 11)> <Delay = 1.23> <CoreInst = "RAM">   --->   Core 83 'RAM' <Latency = 1> <II = 1> <Delay = 1.23> <Storage> <Opcode : 'load' 'store'> <Ports = 2> <Width = 32> <Depth = 289> <RAM>
ST_2 : Operation 283 [1/1] (0.00ns)   --->   "%br_ln44 = br void %arrayidx1415.exit" [src/conv1_tile.cpp:44]   --->   Operation 283 'br' 'br_ln44' <Predicate = (!icmp_ln40 & select_ln40_1 == 11)> <Delay = 0.00>
ST_2 : Operation 284 [1/1] (1.23ns)   --->   "%store_ln44 = store i32 %select_ln40_2, i9 %layer1_output_tile_10_addr" [src/conv1_tile.cpp:44]   --->   Operation 284 'store' 'store_ln44' <Predicate = (!icmp_ln40 & select_ln40_1 == 10)> <Delay = 1.23> <CoreInst = "RAM">   --->   Core 83 'RAM' <Latency = 1> <II = 1> <Delay = 1.23> <Storage> <Opcode : 'load' 'store'> <Ports = 2> <Width = 32> <Depth = 289> <RAM>
ST_2 : Operation 285 [1/1] (0.00ns)   --->   "%br_ln44 = br void %arrayidx1415.exit" [src/conv1_tile.cpp:44]   --->   Operation 285 'br' 'br_ln44' <Predicate = (!icmp_ln40 & select_ln40_1 == 10)> <Delay = 0.00>
ST_2 : Operation 286 [1/1] (1.23ns)   --->   "%store_ln44 = store i32 %select_ln40_2, i9 %layer1_output_tile_9_addr" [src/conv1_tile.cpp:44]   --->   Operation 286 'store' 'store_ln44' <Predicate = (!icmp_ln40 & select_ln40_1 == 9)> <Delay = 1.23> <CoreInst = "RAM">   --->   Core 83 'RAM' <Latency = 1> <II = 1> <Delay = 1.23> <Storage> <Opcode : 'load' 'store'> <Ports = 2> <Width = 32> <Depth = 289> <RAM>
ST_2 : Operation 287 [1/1] (0.00ns)   --->   "%br_ln44 = br void %arrayidx1415.exit" [src/conv1_tile.cpp:44]   --->   Operation 287 'br' 'br_ln44' <Predicate = (!icmp_ln40 & select_ln40_1 == 9)> <Delay = 0.00>
ST_2 : Operation 288 [1/1] (1.23ns)   --->   "%store_ln44 = store i32 %select_ln40_2, i9 %layer1_output_tile_8_addr" [src/conv1_tile.cpp:44]   --->   Operation 288 'store' 'store_ln44' <Predicate = (!icmp_ln40 & select_ln40_1 == 8)> <Delay = 1.23> <CoreInst = "RAM">   --->   Core 83 'RAM' <Latency = 1> <II = 1> <Delay = 1.23> <Storage> <Opcode : 'load' 'store'> <Ports = 2> <Width = 32> <Depth = 289> <RAM>
ST_2 : Operation 289 [1/1] (0.00ns)   --->   "%br_ln44 = br void %arrayidx1415.exit" [src/conv1_tile.cpp:44]   --->   Operation 289 'br' 'br_ln44' <Predicate = (!icmp_ln40 & select_ln40_1 == 8)> <Delay = 0.00>
ST_2 : Operation 290 [1/1] (1.23ns)   --->   "%store_ln44 = store i32 %select_ln40_2, i9 %layer1_output_tile_7_addr" [src/conv1_tile.cpp:44]   --->   Operation 290 'store' 'store_ln44' <Predicate = (!icmp_ln40 & select_ln40_1 == 7)> <Delay = 1.23> <CoreInst = "RAM">   --->   Core 83 'RAM' <Latency = 1> <II = 1> <Delay = 1.23> <Storage> <Opcode : 'load' 'store'> <Ports = 2> <Width = 32> <Depth = 289> <RAM>
ST_2 : Operation 291 [1/1] (0.00ns)   --->   "%br_ln44 = br void %arrayidx1415.exit" [src/conv1_tile.cpp:44]   --->   Operation 291 'br' 'br_ln44' <Predicate = (!icmp_ln40 & select_ln40_1 == 7)> <Delay = 0.00>
ST_2 : Operation 292 [1/1] (1.23ns)   --->   "%store_ln44 = store i32 %select_ln40_2, i9 %layer1_output_tile_6_addr" [src/conv1_tile.cpp:44]   --->   Operation 292 'store' 'store_ln44' <Predicate = (!icmp_ln40 & select_ln40_1 == 6)> <Delay = 1.23> <CoreInst = "RAM">   --->   Core 83 'RAM' <Latency = 1> <II = 1> <Delay = 1.23> <Storage> <Opcode : 'load' 'store'> <Ports = 2> <Width = 32> <Depth = 289> <RAM>
ST_2 : Operation 293 [1/1] (0.00ns)   --->   "%br_ln44 = br void %arrayidx1415.exit" [src/conv1_tile.cpp:44]   --->   Operation 293 'br' 'br_ln44' <Predicate = (!icmp_ln40 & select_ln40_1 == 6)> <Delay = 0.00>
ST_2 : Operation 294 [1/1] (1.23ns)   --->   "%store_ln44 = store i32 %select_ln40_2, i9 %layer1_output_tile_5_addr" [src/conv1_tile.cpp:44]   --->   Operation 294 'store' 'store_ln44' <Predicate = (!icmp_ln40 & select_ln40_1 == 5)> <Delay = 1.23> <CoreInst = "RAM">   --->   Core 83 'RAM' <Latency = 1> <II = 1> <Delay = 1.23> <Storage> <Opcode : 'load' 'store'> <Ports = 2> <Width = 32> <Depth = 289> <RAM>
ST_2 : Operation 295 [1/1] (0.00ns)   --->   "%br_ln44 = br void %arrayidx1415.exit" [src/conv1_tile.cpp:44]   --->   Operation 295 'br' 'br_ln44' <Predicate = (!icmp_ln40 & select_ln40_1 == 5)> <Delay = 0.00>
ST_2 : Operation 296 [1/1] (1.23ns)   --->   "%store_ln44 = store i32 %select_ln40_2, i9 %layer1_output_tile_4_addr" [src/conv1_tile.cpp:44]   --->   Operation 296 'store' 'store_ln44' <Predicate = (!icmp_ln40 & select_ln40_1 == 4)> <Delay = 1.23> <CoreInst = "RAM">   --->   Core 83 'RAM' <Latency = 1> <II = 1> <Delay = 1.23> <Storage> <Opcode : 'load' 'store'> <Ports = 2> <Width = 32> <Depth = 289> <RAM>
ST_2 : Operation 297 [1/1] (0.00ns)   --->   "%br_ln44 = br void %arrayidx1415.exit" [src/conv1_tile.cpp:44]   --->   Operation 297 'br' 'br_ln44' <Predicate = (!icmp_ln40 & select_ln40_1 == 4)> <Delay = 0.00>
ST_2 : Operation 298 [1/1] (1.23ns)   --->   "%store_ln44 = store i32 %select_ln40_2, i9 %layer1_output_tile_3_addr" [src/conv1_tile.cpp:44]   --->   Operation 298 'store' 'store_ln44' <Predicate = (!icmp_ln40 & select_ln40_1 == 3)> <Delay = 1.23> <CoreInst = "RAM">   --->   Core 83 'RAM' <Latency = 1> <II = 1> <Delay = 1.23> <Storage> <Opcode : 'load' 'store'> <Ports = 2> <Width = 32> <Depth = 289> <RAM>
ST_2 : Operation 299 [1/1] (0.00ns)   --->   "%br_ln44 = br void %arrayidx1415.exit" [src/conv1_tile.cpp:44]   --->   Operation 299 'br' 'br_ln44' <Predicate = (!icmp_ln40 & select_ln40_1 == 3)> <Delay = 0.00>
ST_2 : Operation 300 [1/1] (1.23ns)   --->   "%store_ln44 = store i32 %select_ln40_2, i9 %layer1_output_tile_2_addr" [src/conv1_tile.cpp:44]   --->   Operation 300 'store' 'store_ln44' <Predicate = (!icmp_ln40 & select_ln40_1 == 2)> <Delay = 1.23> <CoreInst = "RAM">   --->   Core 83 'RAM' <Latency = 1> <II = 1> <Delay = 1.23> <Storage> <Opcode : 'load' 'store'> <Ports = 2> <Width = 32> <Depth = 289> <RAM>
ST_2 : Operation 301 [1/1] (0.00ns)   --->   "%br_ln44 = br void %arrayidx1415.exit" [src/conv1_tile.cpp:44]   --->   Operation 301 'br' 'br_ln44' <Predicate = (!icmp_ln40 & select_ln40_1 == 2)> <Delay = 0.00>
ST_2 : Operation 302 [1/1] (1.23ns)   --->   "%store_ln44 = store i32 %select_ln40_2, i9 %layer1_output_tile_1_addr" [src/conv1_tile.cpp:44]   --->   Operation 302 'store' 'store_ln44' <Predicate = (!icmp_ln40 & select_ln40_1 == 1)> <Delay = 1.23> <CoreInst = "RAM">   --->   Core 83 'RAM' <Latency = 1> <II = 1> <Delay = 1.23> <Storage> <Opcode : 'load' 'store'> <Ports = 2> <Width = 32> <Depth = 289> <RAM>
ST_2 : Operation 303 [1/1] (0.00ns)   --->   "%br_ln44 = br void %arrayidx1415.exit" [src/conv1_tile.cpp:44]   --->   Operation 303 'br' 'br_ln44' <Predicate = (!icmp_ln40 & select_ln40_1 == 1)> <Delay = 0.00>
ST_2 : Operation 304 [1/1] (1.23ns)   --->   "%store_ln44 = store i32 %select_ln40_2, i9 %layer1_output_tile_addr" [src/conv1_tile.cpp:44]   --->   Operation 304 'store' 'store_ln44' <Predicate = (!icmp_ln40 & select_ln40_1 == 0)> <Delay = 1.23> <CoreInst = "RAM">   --->   Core 83 'RAM' <Latency = 1> <II = 1> <Delay = 1.23> <Storage> <Opcode : 'load' 'store'> <Ports = 2> <Width = 32> <Depth = 289> <RAM>
ST_2 : Operation 305 [1/1] (0.00ns)   --->   "%br_ln44 = br void %arrayidx1415.exit" [src/conv1_tile.cpp:44]   --->   Operation 305 'br' 'br_ln44' <Predicate = (!icmp_ln40 & select_ln40_1 == 0)> <Delay = 0.00>
ST_2 : Operation 306 [1/1] (1.23ns)   --->   "%store_ln44 = store i32 %select_ln40_2, i9 %layer1_output_tile_63_addr" [src/conv1_tile.cpp:44]   --->   Operation 306 'store' 'store_ln44' <Predicate = (!icmp_ln40 & select_ln40_1 == 63)> <Delay = 1.23> <CoreInst = "RAM">   --->   Core 83 'RAM' <Latency = 1> <II = 1> <Delay = 1.23> <Storage> <Opcode : 'load' 'store'> <Ports = 2> <Width = 32> <Depth = 289> <RAM>
ST_2 : Operation 307 [1/1] (0.00ns)   --->   "%br_ln44 = br void %arrayidx1415.exit" [src/conv1_tile.cpp:44]   --->   Operation 307 'br' 'br_ln44' <Predicate = (!icmp_ln40 & select_ln40_1 == 63)> <Delay = 0.00>
ST_2 : Operation 308 [1/1] (0.78ns)   --->   "%add_ln42 = add i5 %select_ln41, i5 1" [src/conv1_tile.cpp:42]   --->   Operation 308 'add' 'add_ln42' <Predicate = (!icmp_ln40)> <Delay = 0.78> <CoreInst = "Adder">   --->   Core 1 'Adder' <Latency = 0> <II = 1> <Delay = 0.78> <FuncUnit> <Opcode : 'add' 'sub'> <InPorts = 2> <OutPorts = 1>
ST_2 : Operation 309 [1/1] (0.78ns)   --->   "%add_ln41_1 = add i10 %indvar_flatten_load, i10 1" [src/conv1_tile.cpp:41]   --->   Operation 309 'add' 'add_ln41_1' <Predicate = (!icmp_ln40)> <Delay = 0.78> <CoreInst = "Adder">   --->   Core 1 'Adder' <Latency = 0> <II = 1> <Delay = 0.78> <FuncUnit> <Opcode : 'add' 'sub'> <InPorts = 2> <OutPorts = 1>
ST_2 : Operation 310 [1/1] (0.40ns)   --->   "%select_ln41_2 = select i1 %icmp_ln41, i10 1, i10 %add_ln41_1" [src/conv1_tile.cpp:41]   --->   Operation 310 'select' 'select_ln41_2' <Predicate = (!icmp_ln40)> <Delay = 0.40> <CoreInst = "Sel">   --->   Core 73 'Sel' <Latency = 0> <II = 1> <Delay = 0.40> <FuncUnit> <Opcode : 'select'> <InPorts = 3> <OutPorts = 1>
ST_2 : Operation 311 [1/1] (0.42ns)   --->   "%store_ln42 = store i15 %add_ln40_1, i15 %indvar_flatten12" [src/conv1_tile.cpp:42]   --->   Operation 311 'store' 'store_ln42' <Predicate = (!icmp_ln40)> <Delay = 0.42>
ST_2 : Operation 312 [1/1] (0.42ns)   --->   "%store_ln42 = store i7 %select_ln40_3, i7 %out_feat" [src/conv1_tile.cpp:42]   --->   Operation 312 'store' 'store_ln42' <Predicate = (!icmp_ln40)> <Delay = 0.42>
ST_2 : Operation 313 [1/1] (0.42ns)   --->   "%store_ln42 = store i10 %select_ln41_2, i10 %indvar_flatten" [src/conv1_tile.cpp:42]   --->   Operation 313 'store' 'store_ln42' <Predicate = (!icmp_ln40)> <Delay = 0.42>
ST_2 : Operation 314 [1/1] (0.42ns)   --->   "%store_ln42 = store i5 %select_ln41_1, i5 %i" [src/conv1_tile.cpp:42]   --->   Operation 314 'store' 'store_ln42' <Predicate = (!icmp_ln40)> <Delay = 0.42>
ST_2 : Operation 315 [1/1] (0.42ns)   --->   "%store_ln42 = store i5 %add_ln42, i5 %j" [src/conv1_tile.cpp:42]   --->   Operation 315 'store' 'store_ln42' <Predicate = (!icmp_ln40)> <Delay = 0.42>
ST_2 : Operation 316 [1/1] (0.00ns)   --->   "%br_ln42 = br void %for.inc" [src/conv1_tile.cpp:42]   --->   Operation 316 'br' 'br_ln42' <Predicate = (!icmp_ln40)> <Delay = 0.00>
ST_2 : Operation 317 [1/1] (0.00ns)   --->   "%ret_ln0 = ret"   --->   Operation 317 'ret' 'ret_ln0' <Predicate = (icmp_ln40)> <Delay = 0.00>


============================================================
+ Verbose Summary: Timing violations
============================================================
Target clock period: 10.000ns, clock uncertainty: 2.700ns.

 <State 1>: 0.427ns
The critical path consists of the following:
	'alloca' operation ('indvar_flatten12') [133]  (0.000 ns)
	'store' operation ('store_ln0') of constant 0 on local variable 'indvar_flatten12' [198]  (0.427 ns)

 <State 2>: 4.647ns
The critical path consists of the following:
	'load' operation ('indvar_flatten_load', src/conv1_tile.cpp:41) on local variable 'indvar_flatten' [205]  (0.000 ns)
	'icmp' operation ('icmp_ln41', src/conv1_tile.cpp:41) [219]  (0.787 ns)
	'select' operation ('select_ln40', src/conv1_tile.cpp:40) [220]  (0.414 ns)
	'add' operation ('add_ln41', src/conv1_tile.cpp:41) [229]  (0.789 ns)
	'select' operation ('select_ln41_1', src/conv1_tile.cpp:41) [233]  (0.414 ns)
	'add' operation ('add_ln44', src/conv1_tile.cpp:44) [236]  (0.000 ns)
	'add' operation ('add_ln44_1', src/conv1_tile.cpp:44) [238]  (1.006 ns)
	'getelementptr' operation ('layer1_output_tile_62_addr', src/conv1_tile.cpp:44) [302]  (0.000 ns)
	'store' operation ('store_ln44', src/conv1_tile.cpp:44) of variable 'select_ln40_2', src/conv1_tile.cpp:40 on array 'layer1_output_tile_62' [308]  (1.237 ns)


============================================================
+ Verbose Summary: Binding
============================================================
N/A
* FSMD analyzer results:
  - Output states:
 - Input state : 
  - Chain level:
	State 1
	State 2


============================================================
+ Verbose Summary: Datapath Resource usage 
============================================================
N/A
