C:\Users\james\Documents\Hardware_Final_Project_Private_V2\golden\srcnn_hls\solution1\.autopilot\db\conv1_tile.pp.0.cpp:3829:9: warning: Added loop label VITIS_LOOP_41_1:   [xilinx-label-all-loops]
        for (int i = 0; i < 17; i++) {
        ^~~
        VITIS_LOOP_41_1: 
C:\Users\james\Documents\Hardware_Final_Project_Private_V2\golden\srcnn_hls\solution1\.autopilot\db\conv1_tile.pp.0.cpp:3829:9: note: FIX-IT applied suggested code changes
C:\Users\james\Documents\Hardware_Final_Project_Private_V2\golden\srcnn_hls\solution1\.autopilot\db\conv1_tile.pp.0.cpp:3830:13: warning: Added loop label VITIS_LOOP_42_2:   [xilinx-label-all-loops]
            for (int j = 0; j < 17; j++) {
            ^~~
            VITIS_LOOP_42_2: 
C:\Users\james\Documents\Hardware_Final_Project_Private_V2\golden\srcnn_hls\solution1\.autopilot\db\conv1_tile.pp.0.cpp:3830:13: note: FIX-IT applied suggested code changes
C:\Users\james\Documents\Hardware_Final_Project_Private_V2\golden\srcnn_hls\solution1\.autopilot\db\conv1_tile.pp.0.cpp:3868:9: warning: Added loop label VITIS_LOOP_80_3:   [xilinx-label-all-loops]
        for (int th = 0; th < 17; th++) {
        ^~~
        VITIS_LOOP_80_3: 
C:\Users\james\Documents\Hardware_Final_Project_Private_V2\golden\srcnn_hls\solution1\.autopilot\db\conv1_tile.pp.0.cpp:3868:9: note: FIX-IT applied suggested code changes
C:\Users\james\Documents\Hardware_Final_Project_Private_V2\golden\srcnn_hls\solution1\.autopilot\db\conv1_tile.pp.0.cpp:3869:13: warning: Added loop label VITIS_LOOP_81_4:   [xilinx-label-all-loops]
            for (int tw = 0; tw < 17; tw++) {
            ^~~
            VITIS_LOOP_81_4: 
C:\Users\james\Documents\Hardware_Final_Project_Private_V2\golden\srcnn_hls\solution1\.autopilot\db\conv1_tile.pp.0.cpp:3869:13: note: FIX-IT applied suggested code changes
