C:\Users\james\Documents\Hardware_Final_Project_Private_V2\golden\srcnn_hls\solution1\.autopilot\db\conv3.pp.0.cpp:3811:5: warning: Added loop label VITIS_LOOP_23_1:   [xilinx-label-all-loops]
    for (int feat = 0; feat < 32; feat++) {
    ^~~
    VITIS_LOOP_23_1: 
C:\Users\james\Documents\Hardware_Final_Project_Private_V2\golden\srcnn_hls\solution1\.autopilot\db\conv3.pp.0.cpp:3811:5: note: FIX-IT applied suggested code changes
C:\Users\james\Documents\Hardware_Final_Project_Private_V2\golden\srcnn_hls\solution1\.autopilot\db\conv3.pp.0.cpp:3812:9: warning: Added loop label VITIS_LOOP_24_2:   [xilinx-label-all-loops]
        for (int i = 0; i < 17; i++) {
        ^~~
        VITIS_LOOP_24_2: 
C:\Users\james\Documents\Hardware_Final_Project_Private_V2\golden\srcnn_hls\solution1\.autopilot\db\conv3.pp.0.cpp:3812:9: note: FIX-IT applied suggested code changes
C:\Users\james\Documents\Hardware_Final_Project_Private_V2\golden\srcnn_hls\solution1\.autopilot\db\conv3.pp.0.cpp:3813:13: warning: Added loop label VITIS_LOOP_25_3:   [xilinx-label-all-loops]
            for (int j = 0; j < 17; j++) {
            ^~~
            VITIS_LOOP_25_3: 
C:\Users\james\Documents\Hardware_Final_Project_Private_V2\golden\srcnn_hls\solution1\.autopilot\db\conv3.pp.0.cpp:3813:13: note: FIX-IT applied suggested code changes
C:\Users\james\Documents\Hardware_Final_Project_Private_V2\golden\srcnn_hls\solution1\.autopilot\db\conv3.pp.0.cpp:3822:9: warning: Added loop label VITIS_LOOP_34_4:   [xilinx-label-all-loops]
        for (int j = 0; j < 17; j++) {
        ^~~
        VITIS_LOOP_34_4: 
C:\Users\james\Documents\Hardware_Final_Project_Private_V2\golden\srcnn_hls\solution1\.autopilot\db\conv3.pp.0.cpp:3822:9: note: FIX-IT applied suggested code changes
C:\Users\james\Documents\Hardware_Final_Project_Private_V2\golden\srcnn_hls\solution1\.autopilot\db\conv3.pp.0.cpp:3831:9: warning: Added loop label VITIS_LOOP_43_5:   [xilinx-label-all-loops]
        for (int th = 0; th < 17; th++) {
        ^~~
        VITIS_LOOP_43_5: 
C:\Users\james\Documents\Hardware_Final_Project_Private_V2\golden\srcnn_hls\solution1\.autopilot\db\conv3.pp.0.cpp:3831:9: note: FIX-IT applied suggested code changes
C:\Users\james\Documents\Hardware_Final_Project_Private_V2\golden\srcnn_hls\solution1\.autopilot\db\conv3.pp.0.cpp:3832:13: warning: Added loop label VITIS_LOOP_44_6:   [xilinx-label-all-loops]
            for (int tw = 0; tw < 17; tw++) {
            ^~~
            VITIS_LOOP_44_6: 
C:\Users\james\Documents\Hardware_Final_Project_Private_V2\golden\srcnn_hls\solution1\.autopilot\db\conv3.pp.0.cpp:3832:13: note: FIX-IT applied suggested code changes
C:\Users\james\Documents\Hardware_Final_Project_Private_V2\golden\srcnn_hls\solution1\.autopilot\db\conv3.pp.0.cpp:3833:17: warning: Added loop label VITIS_LOOP_45_7:   [xilinx-label-all-loops]
                for (int kh = 0; kh < 5; kh++) {
                ^~~
                VITIS_LOOP_45_7: 
C:\Users\james\Documents\Hardware_Final_Project_Private_V2\golden\srcnn_hls\solution1\.autopilot\db\conv3.pp.0.cpp:3833:17: note: FIX-IT applied suggested code changes
C:\Users\james\Documents\Hardware_Final_Project_Private_V2\golden\srcnn_hls\solution1\.autopilot\db\conv3.pp.0.cpp:3834:21: warning: Added loop label VITIS_LOOP_46_8:   [xilinx-label-all-loops]
                    for (int kw = 0; kw < 5; kw++) {
                    ^~~
                    VITIS_LOOP_46_8: 
C:\Users\james\Documents\Hardware_Final_Project_Private_V2\golden\srcnn_hls\solution1\.autopilot\db\conv3.pp.0.cpp:3834:21: note: FIX-IT applied suggested code changes
