

================================================================
== Vitis HLS Report for 'conv2_single_from_c1_Pipeline_VITIS_LOOP_101_1'
================================================================
* Date:           Tue Oct 28 14:00:50 2025

* Version:        2023.1 (Build 3854077 on May  4 2023)
* Project:        srcnn_hls
* Solution:       solution1 (Vivado IP Flow Target)
* Product family: zynquplus
* Target device:  xck26-sfvc784-2LV-c


================================================================
== Performance Estimates
================================================================
+ Timing: 
    * Summary: 
    +--------+----------+----------+------------+
    |  Clock |  Target  | Estimated| Uncertainty|
    +--------+----------+----------+------------+
    |ap_clk  |  10.00 ns|  2.035 ns|     2.70 ns|
    +--------+----------+----------+------------+

+ Latency: 
    * Summary: 
    +---------+---------+----------+----------+-----+-----+---------+
    |  Latency (cycles) |  Latency (absolute) |  Interval | Pipeline|
    |   min   |   max   |    min   |    max   | min | max |   Type  |
    +---------+---------+----------+----------+-----+-----+---------+
    |      130|      130|  1.300 us|  1.300 us|  130|  130|       no|
    +---------+---------+----------+----------+-----+-----+---------+

    + Detail: 
        * Instance: 
        N/A

        * Loop: 
        +--------------------+---------+---------+----------+-----------+-----------+------+----------+
        |                    |  Latency (cycles) | Iteration|  Initiation Interval  | Trip |          |
        |      Loop Name     |   min   |   max   |  Latency |  achieved |   target  | Count| Pipelined|
        +--------------------+---------+---------+----------+-----------+-----------+------+----------+
        |- VITIS_LOOP_101_1  |      128|      128|         2|          2|          6|    64|       yes|
        +--------------------+---------+---------+----------+-----------+-----------+------+----------+

============================================================
+ Verbose Summary: Synthesis Manager
============================================================
InlineROM: 1
ExposeGlobal: 0
============================================================
+ Verbose Summary: CDFG Model
============================================================
IsTopModel: 0
ResetActiveHigh: 1
IsCombinational: 0
IsDatapathOnly: 0
HasWiredReturn: 1
HasMFsm: 2
HasVarLatency: 1
IsPipeline: 0
IsRtlPipelined: 0
IsInstanceOverlapped: 0
IsDontTouch: 0
HasImplIP: 0
IsGatedGlobalClock: 0

+ Individual pipeline summary: 
  * Pipeline-0: initiation interval (II) = 2, depth = 2


============================================================
+ Verbose Summary: Schedule
============================================================
* Number of FSM states : 2
* Pipeline : 1
  Pipeline-0 : II = 2, D = 2, States = { 1 2 }
* Dataflow Pipeline: 0

* FSM state transitions: 
1 --> 2 
2 --> 

* FSM state operations: 

State 1 <SV = 0> <Delay = 2.03>
ST_1 : Operation 5 [1/1] (0.00ns)   --->   "%c1 = alloca i32 1"   --->   Operation 5 'alloca' 'c1' <Predicate = true> <Delay = 0.00>
ST_1 : Operation 6 [1/1] (0.00ns)   --->   "%wrow = alloca i32 1"   --->   Operation 6 'alloca' 'wrow' <Predicate = true> <Delay = 0.00>
ST_1 : Operation 7 [1/1] (0.00ns)   --->   "%wrow_1 = alloca i32 1"   --->   Operation 7 'alloca' 'wrow_1' <Predicate = true> <Delay = 0.00>
ST_1 : Operation 8 [1/1] (0.00ns)   --->   "%wrow_2 = alloca i32 1"   --->   Operation 8 'alloca' 'wrow_2' <Predicate = true> <Delay = 0.00>
ST_1 : Operation 9 [1/1] (0.00ns)   --->   "%wrow_3 = alloca i32 1"   --->   Operation 9 'alloca' 'wrow_3' <Predicate = true> <Delay = 0.00>
ST_1 : Operation 10 [1/1] (0.00ns)   --->   "%wrow_4 = alloca i32 1"   --->   Operation 10 'alloca' 'wrow_4' <Predicate = true> <Delay = 0.00>
ST_1 : Operation 11 [1/1] (0.00ns)   --->   "%wrow_5 = alloca i32 1"   --->   Operation 11 'alloca' 'wrow_5' <Predicate = true> <Delay = 0.00>
ST_1 : Operation 12 [1/1] (0.00ns)   --->   "%wrow_6 = alloca i32 1"   --->   Operation 12 'alloca' 'wrow_6' <Predicate = true> <Delay = 0.00>
ST_1 : Operation 13 [1/1] (0.00ns)   --->   "%wrow_7 = alloca i32 1"   --->   Operation 13 'alloca' 'wrow_7' <Predicate = true> <Delay = 0.00>
ST_1 : Operation 14 [1/1] (0.00ns)   --->   "%wrow_8 = alloca i32 1"   --->   Operation 14 'alloca' 'wrow_8' <Predicate = true> <Delay = 0.00>
ST_1 : Operation 15 [1/1] (0.00ns)   --->   "%wrow_9 = alloca i32 1"   --->   Operation 15 'alloca' 'wrow_9' <Predicate = true> <Delay = 0.00>
ST_1 : Operation 16 [1/1] (0.00ns)   --->   "%wrow_10 = alloca i32 1"   --->   Operation 16 'alloca' 'wrow_10' <Predicate = true> <Delay = 0.00>
ST_1 : Operation 17 [1/1] (0.00ns)   --->   "%wrow_11 = alloca i32 1"   --->   Operation 17 'alloca' 'wrow_11' <Predicate = true> <Delay = 0.00>
ST_1 : Operation 18 [1/1] (0.00ns)   --->   "%wrow_12 = alloca i32 1"   --->   Operation 18 'alloca' 'wrow_12' <Predicate = true> <Delay = 0.00>
ST_1 : Operation 19 [1/1] (0.00ns)   --->   "%wrow_13 = alloca i32 1"   --->   Operation 19 'alloca' 'wrow_13' <Predicate = true> <Delay = 0.00>
ST_1 : Operation 20 [1/1] (0.00ns)   --->   "%wrow_14 = alloca i32 1"   --->   Operation 20 'alloca' 'wrow_14' <Predicate = true> <Delay = 0.00>
ST_1 : Operation 21 [1/1] (0.00ns)   --->   "%wrow_15 = alloca i32 1"   --->   Operation 21 'alloca' 'wrow_15' <Predicate = true> <Delay = 0.00>
ST_1 : Operation 22 [1/1] (0.00ns)   --->   "%wrow_16 = alloca i32 1"   --->   Operation 22 'alloca' 'wrow_16' <Predicate = true> <Delay = 0.00>
ST_1 : Operation 23 [1/1] (0.00ns)   --->   "%wrow_17 = alloca i32 1"   --->   Operation 23 'alloca' 'wrow_17' <Predicate = true> <Delay = 0.00>
ST_1 : Operation 24 [1/1] (0.00ns)   --->   "%wrow_18 = alloca i32 1"   --->   Operation 24 'alloca' 'wrow_18' <Predicate = true> <Delay = 0.00>
ST_1 : Operation 25 [1/1] (0.00ns)   --->   "%wrow_19 = alloca i32 1"   --->   Operation 25 'alloca' 'wrow_19' <Predicate = true> <Delay = 0.00>
ST_1 : Operation 26 [1/1] (0.00ns)   --->   "%wrow_20 = alloca i32 1"   --->   Operation 26 'alloca' 'wrow_20' <Predicate = true> <Delay = 0.00>
ST_1 : Operation 27 [1/1] (0.00ns)   --->   "%wrow_21 = alloca i32 1"   --->   Operation 27 'alloca' 'wrow_21' <Predicate = true> <Delay = 0.00>
ST_1 : Operation 28 [1/1] (0.00ns)   --->   "%wrow_22 = alloca i32 1"   --->   Operation 28 'alloca' 'wrow_22' <Predicate = true> <Delay = 0.00>
ST_1 : Operation 29 [1/1] (0.00ns)   --->   "%wrow_23 = alloca i32 1"   --->   Operation 29 'alloca' 'wrow_23' <Predicate = true> <Delay = 0.00>
ST_1 : Operation 30 [1/1] (0.00ns)   --->   "%wrow_24 = alloca i32 1"   --->   Operation 30 'alloca' 'wrow_24' <Predicate = true> <Delay = 0.00>
ST_1 : Operation 31 [1/1] (0.00ns)   --->   "%wrow_25 = alloca i32 1"   --->   Operation 31 'alloca' 'wrow_25' <Predicate = true> <Delay = 0.00>
ST_1 : Operation 32 [1/1] (0.00ns)   --->   "%wrow_26 = alloca i32 1"   --->   Operation 32 'alloca' 'wrow_26' <Predicate = true> <Delay = 0.00>
ST_1 : Operation 33 [1/1] (0.00ns)   --->   "%wrow_27 = alloca i32 1"   --->   Operation 33 'alloca' 'wrow_27' <Predicate = true> <Delay = 0.00>
ST_1 : Operation 34 [1/1] (0.00ns)   --->   "%wrow_28 = alloca i32 1"   --->   Operation 34 'alloca' 'wrow_28' <Predicate = true> <Delay = 0.00>
ST_1 : Operation 35 [1/1] (0.00ns)   --->   "%wrow_29 = alloca i32 1"   --->   Operation 35 'alloca' 'wrow_29' <Predicate = true> <Delay = 0.00>
ST_1 : Operation 36 [1/1] (0.00ns)   --->   "%wrow_30 = alloca i32 1"   --->   Operation 36 'alloca' 'wrow_30' <Predicate = true> <Delay = 0.00>
ST_1 : Operation 37 [1/1] (0.00ns)   --->   "%wrow_31 = alloca i32 1"   --->   Operation 37 'alloca' 'wrow_31' <Predicate = true> <Delay = 0.00>
ST_1 : Operation 38 [1/1] (0.00ns)   --->   "%wrow_32 = alloca i32 1"   --->   Operation 38 'alloca' 'wrow_32' <Predicate = true> <Delay = 0.00>
ST_1 : Operation 39 [1/1] (0.00ns)   --->   "%wrow_33 = alloca i32 1"   --->   Operation 39 'alloca' 'wrow_33' <Predicate = true> <Delay = 0.00>
ST_1 : Operation 40 [1/1] (0.00ns)   --->   "%wrow_34 = alloca i32 1"   --->   Operation 40 'alloca' 'wrow_34' <Predicate = true> <Delay = 0.00>
ST_1 : Operation 41 [1/1] (0.00ns)   --->   "%wrow_35 = alloca i32 1"   --->   Operation 41 'alloca' 'wrow_35' <Predicate = true> <Delay = 0.00>
ST_1 : Operation 42 [1/1] (0.00ns)   --->   "%wrow_36 = alloca i32 1"   --->   Operation 42 'alloca' 'wrow_36' <Predicate = true> <Delay = 0.00>
ST_1 : Operation 43 [1/1] (0.00ns)   --->   "%wrow_37 = alloca i32 1"   --->   Operation 43 'alloca' 'wrow_37' <Predicate = true> <Delay = 0.00>
ST_1 : Operation 44 [1/1] (0.00ns)   --->   "%wrow_38 = alloca i32 1"   --->   Operation 44 'alloca' 'wrow_38' <Predicate = true> <Delay = 0.00>
ST_1 : Operation 45 [1/1] (0.00ns)   --->   "%wrow_39 = alloca i32 1"   --->   Operation 45 'alloca' 'wrow_39' <Predicate = true> <Delay = 0.00>
ST_1 : Operation 46 [1/1] (0.00ns)   --->   "%wrow_40 = alloca i32 1"   --->   Operation 46 'alloca' 'wrow_40' <Predicate = true> <Delay = 0.00>
ST_1 : Operation 47 [1/1] (0.00ns)   --->   "%wrow_41 = alloca i32 1"   --->   Operation 47 'alloca' 'wrow_41' <Predicate = true> <Delay = 0.00>
ST_1 : Operation 48 [1/1] (0.00ns)   --->   "%wrow_42 = alloca i32 1"   --->   Operation 48 'alloca' 'wrow_42' <Predicate = true> <Delay = 0.00>
ST_1 : Operation 49 [1/1] (0.00ns)   --->   "%wrow_43 = alloca i32 1"   --->   Operation 49 'alloca' 'wrow_43' <Predicate = true> <Delay = 0.00>
ST_1 : Operation 50 [1/1] (0.00ns)   --->   "%wrow_44 = alloca i32 1"   --->   Operation 50 'alloca' 'wrow_44' <Predicate = true> <Delay = 0.00>
ST_1 : Operation 51 [1/1] (0.00ns)   --->   "%wrow_45 = alloca i32 1"   --->   Operation 51 'alloca' 'wrow_45' <Predicate = true> <Delay = 0.00>
ST_1 : Operation 52 [1/1] (0.00ns)   --->   "%wrow_46 = alloca i32 1"   --->   Operation 52 'alloca' 'wrow_46' <Predicate = true> <Delay = 0.00>
ST_1 : Operation 53 [1/1] (0.00ns)   --->   "%wrow_47 = alloca i32 1"   --->   Operation 53 'alloca' 'wrow_47' <Predicate = true> <Delay = 0.00>
ST_1 : Operation 54 [1/1] (0.00ns)   --->   "%wrow_48 = alloca i32 1"   --->   Operation 54 'alloca' 'wrow_48' <Predicate = true> <Delay = 0.00>
ST_1 : Operation 55 [1/1] (0.00ns)   --->   "%wrow_49 = alloca i32 1"   --->   Operation 55 'alloca' 'wrow_49' <Predicate = true> <Delay = 0.00>
ST_1 : Operation 56 [1/1] (0.00ns)   --->   "%wrow_50 = alloca i32 1"   --->   Operation 56 'alloca' 'wrow_50' <Predicate = true> <Delay = 0.00>
ST_1 : Operation 57 [1/1] (0.00ns)   --->   "%wrow_51 = alloca i32 1"   --->   Operation 57 'alloca' 'wrow_51' <Predicate = true> <Delay = 0.00>
ST_1 : Operation 58 [1/1] (0.00ns)   --->   "%wrow_52 = alloca i32 1"   --->   Operation 58 'alloca' 'wrow_52' <Predicate = true> <Delay = 0.00>
ST_1 : Operation 59 [1/1] (0.00ns)   --->   "%wrow_53 = alloca i32 1"   --->   Operation 59 'alloca' 'wrow_53' <Predicate = true> <Delay = 0.00>
ST_1 : Operation 60 [1/1] (0.00ns)   --->   "%wrow_54 = alloca i32 1"   --->   Operation 60 'alloca' 'wrow_54' <Predicate = true> <Delay = 0.00>
ST_1 : Operation 61 [1/1] (0.00ns)   --->   "%wrow_55 = alloca i32 1"   --->   Operation 61 'alloca' 'wrow_55' <Predicate = true> <Delay = 0.00>
ST_1 : Operation 62 [1/1] (0.00ns)   --->   "%wrow_56 = alloca i32 1"   --->   Operation 62 'alloca' 'wrow_56' <Predicate = true> <Delay = 0.00>
ST_1 : Operation 63 [1/1] (0.00ns)   --->   "%wrow_57 = alloca i32 1"   --->   Operation 63 'alloca' 'wrow_57' <Predicate = true> <Delay = 0.00>
ST_1 : Operation 64 [1/1] (0.00ns)   --->   "%wrow_58 = alloca i32 1"   --->   Operation 64 'alloca' 'wrow_58' <Predicate = true> <Delay = 0.00>
ST_1 : Operation 65 [1/1] (0.00ns)   --->   "%wrow_59 = alloca i32 1"   --->   Operation 65 'alloca' 'wrow_59' <Predicate = true> <Delay = 0.00>
ST_1 : Operation 66 [1/1] (0.00ns)   --->   "%wrow_60 = alloca i32 1"   --->   Operation 66 'alloca' 'wrow_60' <Predicate = true> <Delay = 0.00>
ST_1 : Operation 67 [1/1] (0.00ns)   --->   "%wrow_61 = alloca i32 1"   --->   Operation 67 'alloca' 'wrow_61' <Predicate = true> <Delay = 0.00>
ST_1 : Operation 68 [1/1] (0.00ns)   --->   "%wrow_62 = alloca i32 1"   --->   Operation 68 'alloca' 'wrow_62' <Predicate = true> <Delay = 0.00>
ST_1 : Operation 69 [1/1] (0.00ns)   --->   "%wrow_63 = alloca i32 1"   --->   Operation 69 'alloca' 'wrow_63' <Predicate = true> <Delay = 0.00>
ST_1 : Operation 70 [1/1] (0.00ns)   --->   "%specinterface_ln0 = specinterface void @_ssdm_op_SpecInterface, i32 %conv2_weights, void @empty, i32 0, i32 0, void @empty_0, i32 4294967295, i32 0, void @empty_0, void @empty_0, void @empty_0, i32 0, i32 0, i32 0, i32 0, void @empty_0, void @empty_0, i32 4294967295, i32 0"   --->   Operation 70 'specinterface' 'specinterface_ln0' <Predicate = true> <Delay = 0.00>
ST_1 : Operation 71 [1/1] (0.00ns)   --->   "%zext_ln103_read = read i11 @_ssdm_op_Read.ap_auto.i11, i11 %zext_ln103"   --->   Operation 71 'read' 'zext_ln103_read' <Predicate = true> <Delay = 0.00>
ST_1 : Operation 72 [1/1] (0.42ns)   --->   "%store_ln0 = store i7 0, i7 %c1"   --->   Operation 72 'store' 'store_ln0' <Predicate = true> <Delay = 0.42>
ST_1 : Operation 73 [1/1] (0.00ns)   --->   "%br_ln0 = br void %for.inc"   --->   Operation 73 'br' 'br_ln0' <Predicate = true> <Delay = 0.00>
ST_1 : Operation 74 [1/1] (0.00ns)   --->   "%c1_2 = load i7 %c1" [src/srcnn.cpp:101]   --->   Operation 74 'load' 'c1_2' <Predicate = true> <Delay = 0.00>
ST_1 : Operation 75 [1/1] (0.77ns)   --->   "%icmp_ln101 = icmp_eq  i7 %c1_2, i7 64" [src/srcnn.cpp:101]   --->   Operation 75 'icmp' 'icmp_ln101' <Predicate = true> <Delay = 0.77> <CoreInst = "Cmp">   --->   Core 9 'Cmp' <Latency = 0> <II = 1> <Delay = 0.77> <FuncUnit> <Opcode : 'icmp'> <InPorts = 2> <OutPorts = 1>
ST_1 : Operation 76 [1/1] (0.77ns)   --->   "%add_ln101 = add i7 %c1_2, i7 1" [src/srcnn.cpp:101]   --->   Operation 76 'add' 'add_ln101' <Predicate = true> <Delay = 0.77> <CoreInst = "Adder">   --->   Core 1 'Adder' <Latency = 0> <II = 1> <Delay = 0.77> <FuncUnit> <Opcode : 'add' 'sub'> <InPorts = 2> <OutPorts = 1>
ST_1 : Operation 77 [1/1] (0.00ns)   --->   "%br_ln101 = br i1 %icmp_ln101, void %for.inc.split, void %for.end.exitStub" [src/srcnn.cpp:101]   --->   Operation 77 'br' 'br_ln101' <Predicate = true> <Delay = 0.00>
ST_1 : Operation 78 [1/1] (0.00ns)   --->   "%zext_ln103_1 = zext i7 %c1_2" [src/srcnn.cpp:103]   --->   Operation 78 'zext' 'zext_ln103_1' <Predicate = (!icmp_ln101)> <Delay = 0.00>
ST_1 : Operation 79 [1/1] (0.79ns)   --->   "%add_ln103 = add i11 %zext_ln103_read, i11 %zext_ln103_1" [src/srcnn.cpp:103]   --->   Operation 79 'add' 'add_ln103' <Predicate = (!icmp_ln101)> <Delay = 0.79> <CoreInst = "Adder">   --->   Core 1 'Adder' <Latency = 0> <II = 1> <Delay = 0.79> <FuncUnit> <Opcode : 'add' 'sub'> <InPorts = 2> <OutPorts = 1>
ST_1 : Operation 80 [1/1] (0.00ns)   --->   "%zext_ln103_2 = zext i11 %add_ln103" [src/srcnn.cpp:103]   --->   Operation 80 'zext' 'zext_ln103_2' <Predicate = (!icmp_ln101)> <Delay = 0.00>
ST_1 : Operation 81 [1/1] (0.00ns)   --->   "%conv2_weights_addr = getelementptr i32 %conv2_weights, i64 0, i64 %zext_ln103_2" [src/srcnn.cpp:103]   --->   Operation 81 'getelementptr' 'conv2_weights_addr' <Predicate = (!icmp_ln101)> <Delay = 0.00>
ST_1 : Operation 82 [1/1] (0.00ns)   --->   "%trunc_ln101 = trunc i7 %c1_2" [src/srcnn.cpp:101]   --->   Operation 82 'trunc' 'trunc_ln101' <Predicate = (!icmp_ln101)> <Delay = 0.00>
ST_1 : Operation 83 [2/2] (1.23ns)   --->   "%conv2_weights_load = load i11 %conv2_weights_addr" [src/srcnn.cpp:103]   --->   Operation 83 'load' 'conv2_weights_load' <Predicate = (!icmp_ln101)> <Delay = 1.23> <CoreInst = "RAM">   --->   Core 83 'RAM' <Latency = 1> <II = 1> <Delay = 1.23> <Storage> <Opcode : 'load' 'store'> <Ports = 2> <Width = 32> <Depth = 2048> <RAM>
ST_1 : Operation 220 [1/1] (0.00ns)   --->   "%wrow_load = load i32 %wrow"   --->   Operation 220 'load' 'wrow_load' <Predicate = (icmp_ln101)> <Delay = 0.00>
ST_1 : Operation 221 [1/1] (0.00ns)   --->   "%wrow_1_load = load i32 %wrow_1"   --->   Operation 221 'load' 'wrow_1_load' <Predicate = (icmp_ln101)> <Delay = 0.00>
ST_1 : Operation 222 [1/1] (0.00ns)   --->   "%wrow_2_load = load i32 %wrow_2"   --->   Operation 222 'load' 'wrow_2_load' <Predicate = (icmp_ln101)> <Delay = 0.00>
ST_1 : Operation 223 [1/1] (0.00ns)   --->   "%wrow_3_load = load i32 %wrow_3"   --->   Operation 223 'load' 'wrow_3_load' <Predicate = (icmp_ln101)> <Delay = 0.00>
ST_1 : Operation 224 [1/1] (0.00ns)   --->   "%wrow_4_load = load i32 %wrow_4"   --->   Operation 224 'load' 'wrow_4_load' <Predicate = (icmp_ln101)> <Delay = 0.00>
ST_1 : Operation 225 [1/1] (0.00ns)   --->   "%wrow_5_load = load i32 %wrow_5"   --->   Operation 225 'load' 'wrow_5_load' <Predicate = (icmp_ln101)> <Delay = 0.00>
ST_1 : Operation 226 [1/1] (0.00ns)   --->   "%wrow_6_load = load i32 %wrow_6"   --->   Operation 226 'load' 'wrow_6_load' <Predicate = (icmp_ln101)> <Delay = 0.00>
ST_1 : Operation 227 [1/1] (0.00ns)   --->   "%wrow_7_load = load i32 %wrow_7"   --->   Operation 227 'load' 'wrow_7_load' <Predicate = (icmp_ln101)> <Delay = 0.00>
ST_1 : Operation 228 [1/1] (0.00ns)   --->   "%wrow_8_load = load i32 %wrow_8"   --->   Operation 228 'load' 'wrow_8_load' <Predicate = (icmp_ln101)> <Delay = 0.00>
ST_1 : Operation 229 [1/1] (0.00ns)   --->   "%wrow_9_load = load i32 %wrow_9"   --->   Operation 229 'load' 'wrow_9_load' <Predicate = (icmp_ln101)> <Delay = 0.00>
ST_1 : Operation 230 [1/1] (0.00ns)   --->   "%wrow_10_load = load i32 %wrow_10"   --->   Operation 230 'load' 'wrow_10_load' <Predicate = (icmp_ln101)> <Delay = 0.00>
ST_1 : Operation 231 [1/1] (0.00ns)   --->   "%wrow_11_load = load i32 %wrow_11"   --->   Operation 231 'load' 'wrow_11_load' <Predicate = (icmp_ln101)> <Delay = 0.00>
ST_1 : Operation 232 [1/1] (0.00ns)   --->   "%wrow_12_load = load i32 %wrow_12"   --->   Operation 232 'load' 'wrow_12_load' <Predicate = (icmp_ln101)> <Delay = 0.00>
ST_1 : Operation 233 [1/1] (0.00ns)   --->   "%wrow_13_load = load i32 %wrow_13"   --->   Operation 233 'load' 'wrow_13_load' <Predicate = (icmp_ln101)> <Delay = 0.00>
ST_1 : Operation 234 [1/1] (0.00ns)   --->   "%wrow_14_load = load i32 %wrow_14"   --->   Operation 234 'load' 'wrow_14_load' <Predicate = (icmp_ln101)> <Delay = 0.00>
ST_1 : Operation 235 [1/1] (0.00ns)   --->   "%wrow_15_load = load i32 %wrow_15"   --->   Operation 235 'load' 'wrow_15_load' <Predicate = (icmp_ln101)> <Delay = 0.00>
ST_1 : Operation 236 [1/1] (0.00ns)   --->   "%wrow_16_load = load i32 %wrow_16"   --->   Operation 236 'load' 'wrow_16_load' <Predicate = (icmp_ln101)> <Delay = 0.00>
ST_1 : Operation 237 [1/1] (0.00ns)   --->   "%wrow_17_load = load i32 %wrow_17"   --->   Operation 237 'load' 'wrow_17_load' <Predicate = (icmp_ln101)> <Delay = 0.00>
ST_1 : Operation 238 [1/1] (0.00ns)   --->   "%wrow_18_load = load i32 %wrow_18"   --->   Operation 238 'load' 'wrow_18_load' <Predicate = (icmp_ln101)> <Delay = 0.00>
ST_1 : Operation 239 [1/1] (0.00ns)   --->   "%wrow_19_load = load i32 %wrow_19"   --->   Operation 239 'load' 'wrow_19_load' <Predicate = (icmp_ln101)> <Delay = 0.00>
ST_1 : Operation 240 [1/1] (0.00ns)   --->   "%wrow_20_load = load i32 %wrow_20"   --->   Operation 240 'load' 'wrow_20_load' <Predicate = (icmp_ln101)> <Delay = 0.00>
ST_1 : Operation 241 [1/1] (0.00ns)   --->   "%wrow_21_load = load i32 %wrow_21"   --->   Operation 241 'load' 'wrow_21_load' <Predicate = (icmp_ln101)> <Delay = 0.00>
ST_1 : Operation 242 [1/1] (0.00ns)   --->   "%wrow_22_load = load i32 %wrow_22"   --->   Operation 242 'load' 'wrow_22_load' <Predicate = (icmp_ln101)> <Delay = 0.00>
ST_1 : Operation 243 [1/1] (0.00ns)   --->   "%wrow_23_load = load i32 %wrow_23"   --->   Operation 243 'load' 'wrow_23_load' <Predicate = (icmp_ln101)> <Delay = 0.00>
ST_1 : Operation 244 [1/1] (0.00ns)   --->   "%wrow_24_load = load i32 %wrow_24"   --->   Operation 244 'load' 'wrow_24_load' <Predicate = (icmp_ln101)> <Delay = 0.00>
ST_1 : Operation 245 [1/1] (0.00ns)   --->   "%wrow_25_load = load i32 %wrow_25"   --->   Operation 245 'load' 'wrow_25_load' <Predicate = (icmp_ln101)> <Delay = 0.00>
ST_1 : Operation 246 [1/1] (0.00ns)   --->   "%wrow_26_load = load i32 %wrow_26"   --->   Operation 246 'load' 'wrow_26_load' <Predicate = (icmp_ln101)> <Delay = 0.00>
ST_1 : Operation 247 [1/1] (0.00ns)   --->   "%wrow_27_load = load i32 %wrow_27"   --->   Operation 247 'load' 'wrow_27_load' <Predicate = (icmp_ln101)> <Delay = 0.00>
ST_1 : Operation 248 [1/1] (0.00ns)   --->   "%wrow_28_load = load i32 %wrow_28"   --->   Operation 248 'load' 'wrow_28_load' <Predicate = (icmp_ln101)> <Delay = 0.00>
ST_1 : Operation 249 [1/1] (0.00ns)   --->   "%wrow_29_load = load i32 %wrow_29"   --->   Operation 249 'load' 'wrow_29_load' <Predicate = (icmp_ln101)> <Delay = 0.00>
ST_1 : Operation 250 [1/1] (0.00ns)   --->   "%wrow_30_load = load i32 %wrow_30"   --->   Operation 250 'load' 'wrow_30_load' <Predicate = (icmp_ln101)> <Delay = 0.00>
ST_1 : Operation 251 [1/1] (0.00ns)   --->   "%wrow_31_load = load i32 %wrow_31"   --->   Operation 251 'load' 'wrow_31_load' <Predicate = (icmp_ln101)> <Delay = 0.00>
ST_1 : Operation 252 [1/1] (0.00ns)   --->   "%wrow_32_load = load i32 %wrow_32"   --->   Operation 252 'load' 'wrow_32_load' <Predicate = (icmp_ln101)> <Delay = 0.00>
ST_1 : Operation 253 [1/1] (0.00ns)   --->   "%wrow_33_load = load i32 %wrow_33"   --->   Operation 253 'load' 'wrow_33_load' <Predicate = (icmp_ln101)> <Delay = 0.00>
ST_1 : Operation 254 [1/1] (0.00ns)   --->   "%wrow_34_load = load i32 %wrow_34"   --->   Operation 254 'load' 'wrow_34_load' <Predicate = (icmp_ln101)> <Delay = 0.00>
ST_1 : Operation 255 [1/1] (0.00ns)   --->   "%wrow_35_load = load i32 %wrow_35"   --->   Operation 255 'load' 'wrow_35_load' <Predicate = (icmp_ln101)> <Delay = 0.00>
ST_1 : Operation 256 [1/1] (0.00ns)   --->   "%wrow_36_load = load i32 %wrow_36"   --->   Operation 256 'load' 'wrow_36_load' <Predicate = (icmp_ln101)> <Delay = 0.00>
ST_1 : Operation 257 [1/1] (0.00ns)   --->   "%wrow_37_load = load i32 %wrow_37"   --->   Operation 257 'load' 'wrow_37_load' <Predicate = (icmp_ln101)> <Delay = 0.00>
ST_1 : Operation 258 [1/1] (0.00ns)   --->   "%wrow_38_load = load i32 %wrow_38"   --->   Operation 258 'load' 'wrow_38_load' <Predicate = (icmp_ln101)> <Delay = 0.00>
ST_1 : Operation 259 [1/1] (0.00ns)   --->   "%wrow_39_load = load i32 %wrow_39"   --->   Operation 259 'load' 'wrow_39_load' <Predicate = (icmp_ln101)> <Delay = 0.00>
ST_1 : Operation 260 [1/1] (0.00ns)   --->   "%wrow_40_load = load i32 %wrow_40"   --->   Operation 260 'load' 'wrow_40_load' <Predicate = (icmp_ln101)> <Delay = 0.00>
ST_1 : Operation 261 [1/1] (0.00ns)   --->   "%wrow_41_load = load i32 %wrow_41"   --->   Operation 261 'load' 'wrow_41_load' <Predicate = (icmp_ln101)> <Delay = 0.00>
ST_1 : Operation 262 [1/1] (0.00ns)   --->   "%wrow_42_load = load i32 %wrow_42"   --->   Operation 262 'load' 'wrow_42_load' <Predicate = (icmp_ln101)> <Delay = 0.00>
ST_1 : Operation 263 [1/1] (0.00ns)   --->   "%wrow_43_load = load i32 %wrow_43"   --->   Operation 263 'load' 'wrow_43_load' <Predicate = (icmp_ln101)> <Delay = 0.00>
ST_1 : Operation 264 [1/1] (0.00ns)   --->   "%wrow_44_load = load i32 %wrow_44"   --->   Operation 264 'load' 'wrow_44_load' <Predicate = (icmp_ln101)> <Delay = 0.00>
ST_1 : Operation 265 [1/1] (0.00ns)   --->   "%wrow_45_load = load i32 %wrow_45"   --->   Operation 265 'load' 'wrow_45_load' <Predicate = (icmp_ln101)> <Delay = 0.00>
ST_1 : Operation 266 [1/1] (0.00ns)   --->   "%wrow_46_load = load i32 %wrow_46"   --->   Operation 266 'load' 'wrow_46_load' <Predicate = (icmp_ln101)> <Delay = 0.00>
ST_1 : Operation 267 [1/1] (0.00ns)   --->   "%wrow_47_load = load i32 %wrow_47"   --->   Operation 267 'load' 'wrow_47_load' <Predicate = (icmp_ln101)> <Delay = 0.00>
ST_1 : Operation 268 [1/1] (0.00ns)   --->   "%wrow_48_load = load i32 %wrow_48"   --->   Operation 268 'load' 'wrow_48_load' <Predicate = (icmp_ln101)> <Delay = 0.00>
ST_1 : Operation 269 [1/1] (0.00ns)   --->   "%wrow_49_load = load i32 %wrow_49"   --->   Operation 269 'load' 'wrow_49_load' <Predicate = (icmp_ln101)> <Delay = 0.00>
ST_1 : Operation 270 [1/1] (0.00ns)   --->   "%wrow_50_load = load i32 %wrow_50"   --->   Operation 270 'load' 'wrow_50_load' <Predicate = (icmp_ln101)> <Delay = 0.00>
ST_1 : Operation 271 [1/1] (0.00ns)   --->   "%wrow_51_load = load i32 %wrow_51"   --->   Operation 271 'load' 'wrow_51_load' <Predicate = (icmp_ln101)> <Delay = 0.00>
ST_1 : Operation 272 [1/1] (0.00ns)   --->   "%wrow_52_load = load i32 %wrow_52"   --->   Operation 272 'load' 'wrow_52_load' <Predicate = (icmp_ln101)> <Delay = 0.00>
ST_1 : Operation 273 [1/1] (0.00ns)   --->   "%wrow_53_load = load i32 %wrow_53"   --->   Operation 273 'load' 'wrow_53_load' <Predicate = (icmp_ln101)> <Delay = 0.00>
ST_1 : Operation 274 [1/1] (0.00ns)   --->   "%wrow_54_load = load i32 %wrow_54"   --->   Operation 274 'load' 'wrow_54_load' <Predicate = (icmp_ln101)> <Delay = 0.00>
ST_1 : Operation 275 [1/1] (0.00ns)   --->   "%wrow_55_load = load i32 %wrow_55"   --->   Operation 275 'load' 'wrow_55_load' <Predicate = (icmp_ln101)> <Delay = 0.00>
ST_1 : Operation 276 [1/1] (0.00ns)   --->   "%wrow_56_load = load i32 %wrow_56"   --->   Operation 276 'load' 'wrow_56_load' <Predicate = (icmp_ln101)> <Delay = 0.00>
ST_1 : Operation 277 [1/1] (0.00ns)   --->   "%wrow_57_load = load i32 %wrow_57"   --->   Operation 277 'load' 'wrow_57_load' <Predicate = (icmp_ln101)> <Delay = 0.00>
ST_1 : Operation 278 [1/1] (0.00ns)   --->   "%wrow_58_load = load i32 %wrow_58"   --->   Operation 278 'load' 'wrow_58_load' <Predicate = (icmp_ln101)> <Delay = 0.00>
ST_1 : Operation 279 [1/1] (0.00ns)   --->   "%wrow_59_load = load i32 %wrow_59"   --->   Operation 279 'load' 'wrow_59_load' <Predicate = (icmp_ln101)> <Delay = 0.00>
ST_1 : Operation 280 [1/1] (0.00ns)   --->   "%wrow_60_load = load i32 %wrow_60"   --->   Operation 280 'load' 'wrow_60_load' <Predicate = (icmp_ln101)> <Delay = 0.00>
ST_1 : Operation 281 [1/1] (0.00ns)   --->   "%wrow_61_load = load i32 %wrow_61"   --->   Operation 281 'load' 'wrow_61_load' <Predicate = (icmp_ln101)> <Delay = 0.00>
ST_1 : Operation 282 [1/1] (0.00ns)   --->   "%wrow_62_load = load i32 %wrow_62"   --->   Operation 282 'load' 'wrow_62_load' <Predicate = (icmp_ln101)> <Delay = 0.00>
ST_1 : Operation 283 [1/1] (0.00ns)   --->   "%wrow_63_load = load i32 %wrow_63"   --->   Operation 283 'load' 'wrow_63_load' <Predicate = (icmp_ln101)> <Delay = 0.00>
ST_1 : Operation 284 [1/1] (0.00ns)   --->   "%write_ln0 = write void @_ssdm_op_Write.ap_auto.floatP0A, i32 %wrow_63_out, i32 %wrow_63_load"   --->   Operation 284 'write' 'write_ln0' <Predicate = (icmp_ln101)> <Delay = 0.00>
ST_1 : Operation 285 [1/1] (0.00ns)   --->   "%write_ln0 = write void @_ssdm_op_Write.ap_auto.floatP0A, i32 %wrow_62_out, i32 %wrow_62_load"   --->   Operation 285 'write' 'write_ln0' <Predicate = (icmp_ln101)> <Delay = 0.00>
ST_1 : Operation 286 [1/1] (0.00ns)   --->   "%write_ln0 = write void @_ssdm_op_Write.ap_auto.floatP0A, i32 %wrow_61_out, i32 %wrow_61_load"   --->   Operation 286 'write' 'write_ln0' <Predicate = (icmp_ln101)> <Delay = 0.00>
ST_1 : Operation 287 [1/1] (0.00ns)   --->   "%write_ln0 = write void @_ssdm_op_Write.ap_auto.floatP0A, i32 %wrow_60_out, i32 %wrow_60_load"   --->   Operation 287 'write' 'write_ln0' <Predicate = (icmp_ln101)> <Delay = 0.00>
ST_1 : Operation 288 [1/1] (0.00ns)   --->   "%write_ln0 = write void @_ssdm_op_Write.ap_auto.floatP0A, i32 %wrow_59_out, i32 %wrow_59_load"   --->   Operation 288 'write' 'write_ln0' <Predicate = (icmp_ln101)> <Delay = 0.00>
ST_1 : Operation 289 [1/1] (0.00ns)   --->   "%write_ln0 = write void @_ssdm_op_Write.ap_auto.floatP0A, i32 %wrow_58_out, i32 %wrow_58_load"   --->   Operation 289 'write' 'write_ln0' <Predicate = (icmp_ln101)> <Delay = 0.00>
ST_1 : Operation 290 [1/1] (0.00ns)   --->   "%write_ln0 = write void @_ssdm_op_Write.ap_auto.floatP0A, i32 %wrow_57_out, i32 %wrow_57_load"   --->   Operation 290 'write' 'write_ln0' <Predicate = (icmp_ln101)> <Delay = 0.00>
ST_1 : Operation 291 [1/1] (0.00ns)   --->   "%write_ln0 = write void @_ssdm_op_Write.ap_auto.floatP0A, i32 %wrow_56_out, i32 %wrow_56_load"   --->   Operation 291 'write' 'write_ln0' <Predicate = (icmp_ln101)> <Delay = 0.00>
ST_1 : Operation 292 [1/1] (0.00ns)   --->   "%write_ln0 = write void @_ssdm_op_Write.ap_auto.floatP0A, i32 %wrow_55_out, i32 %wrow_55_load"   --->   Operation 292 'write' 'write_ln0' <Predicate = (icmp_ln101)> <Delay = 0.00>
ST_1 : Operation 293 [1/1] (0.00ns)   --->   "%write_ln0 = write void @_ssdm_op_Write.ap_auto.floatP0A, i32 %wrow_54_out, i32 %wrow_54_load"   --->   Operation 293 'write' 'write_ln0' <Predicate = (icmp_ln101)> <Delay = 0.00>
ST_1 : Operation 294 [1/1] (0.00ns)   --->   "%write_ln0 = write void @_ssdm_op_Write.ap_auto.floatP0A, i32 %wrow_53_out, i32 %wrow_53_load"   --->   Operation 294 'write' 'write_ln0' <Predicate = (icmp_ln101)> <Delay = 0.00>
ST_1 : Operation 295 [1/1] (0.00ns)   --->   "%write_ln0 = write void @_ssdm_op_Write.ap_auto.floatP0A, i32 %wrow_52_out, i32 %wrow_52_load"   --->   Operation 295 'write' 'write_ln0' <Predicate = (icmp_ln101)> <Delay = 0.00>
ST_1 : Operation 296 [1/1] (0.00ns)   --->   "%write_ln0 = write void @_ssdm_op_Write.ap_auto.floatP0A, i32 %wrow_51_out, i32 %wrow_51_load"   --->   Operation 296 'write' 'write_ln0' <Predicate = (icmp_ln101)> <Delay = 0.00>
ST_1 : Operation 297 [1/1] (0.00ns)   --->   "%write_ln0 = write void @_ssdm_op_Write.ap_auto.floatP0A, i32 %wrow_50_out, i32 %wrow_50_load"   --->   Operation 297 'write' 'write_ln0' <Predicate = (icmp_ln101)> <Delay = 0.00>
ST_1 : Operation 298 [1/1] (0.00ns)   --->   "%write_ln0 = write void @_ssdm_op_Write.ap_auto.floatP0A, i32 %wrow_49_out, i32 %wrow_49_load"   --->   Operation 298 'write' 'write_ln0' <Predicate = (icmp_ln101)> <Delay = 0.00>
ST_1 : Operation 299 [1/1] (0.00ns)   --->   "%write_ln0 = write void @_ssdm_op_Write.ap_auto.floatP0A, i32 %wrow_48_out, i32 %wrow_48_load"   --->   Operation 299 'write' 'write_ln0' <Predicate = (icmp_ln101)> <Delay = 0.00>
ST_1 : Operation 300 [1/1] (0.00ns)   --->   "%write_ln0 = write void @_ssdm_op_Write.ap_auto.floatP0A, i32 %wrow_47_out, i32 %wrow_47_load"   --->   Operation 300 'write' 'write_ln0' <Predicate = (icmp_ln101)> <Delay = 0.00>
ST_1 : Operation 301 [1/1] (0.00ns)   --->   "%write_ln0 = write void @_ssdm_op_Write.ap_auto.floatP0A, i32 %wrow_46_out, i32 %wrow_46_load"   --->   Operation 301 'write' 'write_ln0' <Predicate = (icmp_ln101)> <Delay = 0.00>
ST_1 : Operation 302 [1/1] (0.00ns)   --->   "%write_ln0 = write void @_ssdm_op_Write.ap_auto.floatP0A, i32 %wrow_45_out, i32 %wrow_45_load"   --->   Operation 302 'write' 'write_ln0' <Predicate = (icmp_ln101)> <Delay = 0.00>
ST_1 : Operation 303 [1/1] (0.00ns)   --->   "%write_ln0 = write void @_ssdm_op_Write.ap_auto.floatP0A, i32 %wrow_44_out, i32 %wrow_44_load"   --->   Operation 303 'write' 'write_ln0' <Predicate = (icmp_ln101)> <Delay = 0.00>
ST_1 : Operation 304 [1/1] (0.00ns)   --->   "%write_ln0 = write void @_ssdm_op_Write.ap_auto.floatP0A, i32 %wrow_43_out, i32 %wrow_43_load"   --->   Operation 304 'write' 'write_ln0' <Predicate = (icmp_ln101)> <Delay = 0.00>
ST_1 : Operation 305 [1/1] (0.00ns)   --->   "%write_ln0 = write void @_ssdm_op_Write.ap_auto.floatP0A, i32 %wrow_42_out, i32 %wrow_42_load"   --->   Operation 305 'write' 'write_ln0' <Predicate = (icmp_ln101)> <Delay = 0.00>
ST_1 : Operation 306 [1/1] (0.00ns)   --->   "%write_ln0 = write void @_ssdm_op_Write.ap_auto.floatP0A, i32 %wrow_41_out, i32 %wrow_41_load"   --->   Operation 306 'write' 'write_ln0' <Predicate = (icmp_ln101)> <Delay = 0.00>
ST_1 : Operation 307 [1/1] (0.00ns)   --->   "%write_ln0 = write void @_ssdm_op_Write.ap_auto.floatP0A, i32 %wrow_40_out, i32 %wrow_40_load"   --->   Operation 307 'write' 'write_ln0' <Predicate = (icmp_ln101)> <Delay = 0.00>
ST_1 : Operation 308 [1/1] (0.00ns)   --->   "%write_ln0 = write void @_ssdm_op_Write.ap_auto.floatP0A, i32 %wrow_39_out, i32 %wrow_39_load"   --->   Operation 308 'write' 'write_ln0' <Predicate = (icmp_ln101)> <Delay = 0.00>
ST_1 : Operation 309 [1/1] (0.00ns)   --->   "%write_ln0 = write void @_ssdm_op_Write.ap_auto.floatP0A, i32 %wrow_38_out, i32 %wrow_38_load"   --->   Operation 309 'write' 'write_ln0' <Predicate = (icmp_ln101)> <Delay = 0.00>
ST_1 : Operation 310 [1/1] (0.00ns)   --->   "%write_ln0 = write void @_ssdm_op_Write.ap_auto.floatP0A, i32 %wrow_37_out, i32 %wrow_37_load"   --->   Operation 310 'write' 'write_ln0' <Predicate = (icmp_ln101)> <Delay = 0.00>
ST_1 : Operation 311 [1/1] (0.00ns)   --->   "%write_ln0 = write void @_ssdm_op_Write.ap_auto.floatP0A, i32 %wrow_36_out, i32 %wrow_36_load"   --->   Operation 311 'write' 'write_ln0' <Predicate = (icmp_ln101)> <Delay = 0.00>
ST_1 : Operation 312 [1/1] (0.00ns)   --->   "%write_ln0 = write void @_ssdm_op_Write.ap_auto.floatP0A, i32 %wrow_35_out, i32 %wrow_35_load"   --->   Operation 312 'write' 'write_ln0' <Predicate = (icmp_ln101)> <Delay = 0.00>
ST_1 : Operation 313 [1/1] (0.00ns)   --->   "%write_ln0 = write void @_ssdm_op_Write.ap_auto.floatP0A, i32 %wrow_34_out, i32 %wrow_34_load"   --->   Operation 313 'write' 'write_ln0' <Predicate = (icmp_ln101)> <Delay = 0.00>
ST_1 : Operation 314 [1/1] (0.00ns)   --->   "%write_ln0 = write void @_ssdm_op_Write.ap_auto.floatP0A, i32 %wrow_33_out, i32 %wrow_33_load"   --->   Operation 314 'write' 'write_ln0' <Predicate = (icmp_ln101)> <Delay = 0.00>
ST_1 : Operation 315 [1/1] (0.00ns)   --->   "%write_ln0 = write void @_ssdm_op_Write.ap_auto.floatP0A, i32 %wrow_32_out, i32 %wrow_32_load"   --->   Operation 315 'write' 'write_ln0' <Predicate = (icmp_ln101)> <Delay = 0.00>
ST_1 : Operation 316 [1/1] (0.00ns)   --->   "%write_ln0 = write void @_ssdm_op_Write.ap_auto.floatP0A, i32 %wrow_31_out, i32 %wrow_31_load"   --->   Operation 316 'write' 'write_ln0' <Predicate = (icmp_ln101)> <Delay = 0.00>
ST_1 : Operation 317 [1/1] (0.00ns)   --->   "%write_ln0 = write void @_ssdm_op_Write.ap_auto.floatP0A, i32 %wrow_30_out, i32 %wrow_30_load"   --->   Operation 317 'write' 'write_ln0' <Predicate = (icmp_ln101)> <Delay = 0.00>
ST_1 : Operation 318 [1/1] (0.00ns)   --->   "%write_ln0 = write void @_ssdm_op_Write.ap_auto.floatP0A, i32 %wrow_29_out, i32 %wrow_29_load"   --->   Operation 318 'write' 'write_ln0' <Predicate = (icmp_ln101)> <Delay = 0.00>
ST_1 : Operation 319 [1/1] (0.00ns)   --->   "%write_ln0 = write void @_ssdm_op_Write.ap_auto.floatP0A, i32 %wrow_28_out, i32 %wrow_28_load"   --->   Operation 319 'write' 'write_ln0' <Predicate = (icmp_ln101)> <Delay = 0.00>
ST_1 : Operation 320 [1/1] (0.00ns)   --->   "%write_ln0 = write void @_ssdm_op_Write.ap_auto.floatP0A, i32 %wrow_27_out, i32 %wrow_27_load"   --->   Operation 320 'write' 'write_ln0' <Predicate = (icmp_ln101)> <Delay = 0.00>
ST_1 : Operation 321 [1/1] (0.00ns)   --->   "%write_ln0 = write void @_ssdm_op_Write.ap_auto.floatP0A, i32 %wrow_26_out, i32 %wrow_26_load"   --->   Operation 321 'write' 'write_ln0' <Predicate = (icmp_ln101)> <Delay = 0.00>
ST_1 : Operation 322 [1/1] (0.00ns)   --->   "%write_ln0 = write void @_ssdm_op_Write.ap_auto.floatP0A, i32 %wrow_25_out, i32 %wrow_25_load"   --->   Operation 322 'write' 'write_ln0' <Predicate = (icmp_ln101)> <Delay = 0.00>
ST_1 : Operation 323 [1/1] (0.00ns)   --->   "%write_ln0 = write void @_ssdm_op_Write.ap_auto.floatP0A, i32 %wrow_24_out, i32 %wrow_24_load"   --->   Operation 323 'write' 'write_ln0' <Predicate = (icmp_ln101)> <Delay = 0.00>
ST_1 : Operation 324 [1/1] (0.00ns)   --->   "%write_ln0 = write void @_ssdm_op_Write.ap_auto.floatP0A, i32 %wrow_23_out, i32 %wrow_23_load"   --->   Operation 324 'write' 'write_ln0' <Predicate = (icmp_ln101)> <Delay = 0.00>
ST_1 : Operation 325 [1/1] (0.00ns)   --->   "%write_ln0 = write void @_ssdm_op_Write.ap_auto.floatP0A, i32 %wrow_22_out, i32 %wrow_22_load"   --->   Operation 325 'write' 'write_ln0' <Predicate = (icmp_ln101)> <Delay = 0.00>
ST_1 : Operation 326 [1/1] (0.00ns)   --->   "%write_ln0 = write void @_ssdm_op_Write.ap_auto.floatP0A, i32 %wrow_21_out, i32 %wrow_21_load"   --->   Operation 326 'write' 'write_ln0' <Predicate = (icmp_ln101)> <Delay = 0.00>
ST_1 : Operation 327 [1/1] (0.00ns)   --->   "%write_ln0 = write void @_ssdm_op_Write.ap_auto.floatP0A, i32 %wrow_20_out, i32 %wrow_20_load"   --->   Operation 327 'write' 'write_ln0' <Predicate = (icmp_ln101)> <Delay = 0.00>
ST_1 : Operation 328 [1/1] (0.00ns)   --->   "%write_ln0 = write void @_ssdm_op_Write.ap_auto.floatP0A, i32 %wrow_19_out, i32 %wrow_19_load"   --->   Operation 328 'write' 'write_ln0' <Predicate = (icmp_ln101)> <Delay = 0.00>
ST_1 : Operation 329 [1/1] (0.00ns)   --->   "%write_ln0 = write void @_ssdm_op_Write.ap_auto.floatP0A, i32 %wrow_18_out, i32 %wrow_18_load"   --->   Operation 329 'write' 'write_ln0' <Predicate = (icmp_ln101)> <Delay = 0.00>
ST_1 : Operation 330 [1/1] (0.00ns)   --->   "%write_ln0 = write void @_ssdm_op_Write.ap_auto.floatP0A, i32 %wrow_17_out, i32 %wrow_17_load"   --->   Operation 330 'write' 'write_ln0' <Predicate = (icmp_ln101)> <Delay = 0.00>
ST_1 : Operation 331 [1/1] (0.00ns)   --->   "%write_ln0 = write void @_ssdm_op_Write.ap_auto.floatP0A, i32 %wrow_16_out, i32 %wrow_16_load"   --->   Operation 331 'write' 'write_ln0' <Predicate = (icmp_ln101)> <Delay = 0.00>
ST_1 : Operation 332 [1/1] (0.00ns)   --->   "%write_ln0 = write void @_ssdm_op_Write.ap_auto.floatP0A, i32 %wrow_15_out, i32 %wrow_15_load"   --->   Operation 332 'write' 'write_ln0' <Predicate = (icmp_ln101)> <Delay = 0.00>
ST_1 : Operation 333 [1/1] (0.00ns)   --->   "%write_ln0 = write void @_ssdm_op_Write.ap_auto.floatP0A, i32 %wrow_14_out, i32 %wrow_14_load"   --->   Operation 333 'write' 'write_ln0' <Predicate = (icmp_ln101)> <Delay = 0.00>
ST_1 : Operation 334 [1/1] (0.00ns)   --->   "%write_ln0 = write void @_ssdm_op_Write.ap_auto.floatP0A, i32 %wrow_13_out, i32 %wrow_13_load"   --->   Operation 334 'write' 'write_ln0' <Predicate = (icmp_ln101)> <Delay = 0.00>
ST_1 : Operation 335 [1/1] (0.00ns)   --->   "%write_ln0 = write void @_ssdm_op_Write.ap_auto.floatP0A, i32 %wrow_12_out, i32 %wrow_12_load"   --->   Operation 335 'write' 'write_ln0' <Predicate = (icmp_ln101)> <Delay = 0.00>
ST_1 : Operation 336 [1/1] (0.00ns)   --->   "%write_ln0 = write void @_ssdm_op_Write.ap_auto.floatP0A, i32 %wrow_11_out, i32 %wrow_11_load"   --->   Operation 336 'write' 'write_ln0' <Predicate = (icmp_ln101)> <Delay = 0.00>
ST_1 : Operation 337 [1/1] (0.00ns)   --->   "%write_ln0 = write void @_ssdm_op_Write.ap_auto.floatP0A, i32 %wrow_10_out, i32 %wrow_10_load"   --->   Operation 337 'write' 'write_ln0' <Predicate = (icmp_ln101)> <Delay = 0.00>
ST_1 : Operation 338 [1/1] (0.00ns)   --->   "%write_ln0 = write void @_ssdm_op_Write.ap_auto.floatP0A, i32 %wrow_9_out, i32 %wrow_9_load"   --->   Operation 338 'write' 'write_ln0' <Predicate = (icmp_ln101)> <Delay = 0.00>
ST_1 : Operation 339 [1/1] (0.00ns)   --->   "%write_ln0 = write void @_ssdm_op_Write.ap_auto.floatP0A, i32 %wrow_8_out, i32 %wrow_8_load"   --->   Operation 339 'write' 'write_ln0' <Predicate = (icmp_ln101)> <Delay = 0.00>
ST_1 : Operation 340 [1/1] (0.00ns)   --->   "%write_ln0 = write void @_ssdm_op_Write.ap_auto.floatP0A, i32 %wrow_7_out, i32 %wrow_7_load"   --->   Operation 340 'write' 'write_ln0' <Predicate = (icmp_ln101)> <Delay = 0.00>
ST_1 : Operation 341 [1/1] (0.00ns)   --->   "%write_ln0 = write void @_ssdm_op_Write.ap_auto.floatP0A, i32 %wrow_6_out, i32 %wrow_6_load"   --->   Operation 341 'write' 'write_ln0' <Predicate = (icmp_ln101)> <Delay = 0.00>
ST_1 : Operation 342 [1/1] (0.00ns)   --->   "%write_ln0 = write void @_ssdm_op_Write.ap_auto.floatP0A, i32 %wrow_5_out, i32 %wrow_5_load"   --->   Operation 342 'write' 'write_ln0' <Predicate = (icmp_ln101)> <Delay = 0.00>
ST_1 : Operation 343 [1/1] (0.00ns)   --->   "%write_ln0 = write void @_ssdm_op_Write.ap_auto.floatP0A, i32 %wrow_4_out, i32 %wrow_4_load"   --->   Operation 343 'write' 'write_ln0' <Predicate = (icmp_ln101)> <Delay = 0.00>
ST_1 : Operation 344 [1/1] (0.00ns)   --->   "%write_ln0 = write void @_ssdm_op_Write.ap_auto.floatP0A, i32 %wrow_3_out, i32 %wrow_3_load"   --->   Operation 344 'write' 'write_ln0' <Predicate = (icmp_ln101)> <Delay = 0.00>
ST_1 : Operation 345 [1/1] (0.00ns)   --->   "%write_ln0 = write void @_ssdm_op_Write.ap_auto.floatP0A, i32 %wrow_2_out, i32 %wrow_2_load"   --->   Operation 345 'write' 'write_ln0' <Predicate = (icmp_ln101)> <Delay = 0.00>
ST_1 : Operation 346 [1/1] (0.00ns)   --->   "%write_ln0 = write void @_ssdm_op_Write.ap_auto.floatP0A, i32 %wrow_1_out, i32 %wrow_1_load"   --->   Operation 346 'write' 'write_ln0' <Predicate = (icmp_ln101)> <Delay = 0.00>
ST_1 : Operation 347 [1/1] (0.00ns)   --->   "%write_ln0 = write void @_ssdm_op_Write.ap_auto.floatP0A, i32 %wrow_out, i32 %wrow_load"   --->   Operation 347 'write' 'write_ln0' <Predicate = (icmp_ln101)> <Delay = 0.00>
ST_1 : Operation 348 [1/1] (0.00ns)   --->   "%ret_ln0 = ret"   --->   Operation 348 'ret' 'ret_ln0' <Predicate = (icmp_ln101)> <Delay = 0.00>

State 2 <SV = 1> <Delay = 1.23>
ST_2 : Operation 84 [1/1] (0.00ns)   --->   "%specpipeline_ln102 = specpipeline void @_ssdm_op_SpecPipeline, i32 6, i32 0, i32 0, i32 0, void @empty_0" [src/srcnn.cpp:102]   --->   Operation 84 'specpipeline' 'specpipeline_ln102' <Predicate = true> <Delay = 0.00>
ST_2 : Operation 85 [1/1] (0.00ns)   --->   "%speclooptripcount_ln99 = speclooptripcount void @_ssdm_op_SpecLoopTripCount, i64 64, i64 64, i64 64" [src/srcnn.cpp:99]   --->   Operation 85 'speclooptripcount' 'speclooptripcount_ln99' <Predicate = true> <Delay = 0.00>
ST_2 : Operation 86 [1/1] (0.00ns)   --->   "%specloopname_ln101 = specloopname void @_ssdm_op_SpecLoopName, void @empty_15" [src/srcnn.cpp:101]   --->   Operation 86 'specloopname' 'specloopname_ln101' <Predicate = true> <Delay = 0.00>
ST_2 : Operation 87 [1/2] (1.23ns)   --->   "%conv2_weights_load = load i11 %conv2_weights_addr" [src/srcnn.cpp:103]   --->   Operation 87 'load' 'conv2_weights_load' <Predicate = true> <Delay = 1.23> <CoreInst = "RAM">   --->   Core 83 'RAM' <Latency = 1> <II = 1> <Delay = 1.23> <Storage> <Opcode : 'load' 'store'> <Ports = 2> <Width = 32> <Depth = 2048> <RAM>
ST_2 : Operation 88 [1/1] (0.00ns)   --->   "%wrow_64 = bitcast i32 %conv2_weights_load" [src/srcnn.cpp:103]   --->   Operation 88 'bitcast' 'wrow_64' <Predicate = true> <Delay = 0.00>
ST_2 : Operation 89 [1/1] (0.74ns)   --->   "%switch_ln103 = switch i6 %trunc_ln101, void %arrayidx6.case.63, i6 0, void %for.inc.split.arrayidx6.exit_crit_edge4, i6 1, void %arrayidx6.case.1, i6 2, void %arrayidx6.case.2, i6 3, void %arrayidx6.case.3, i6 4, void %arrayidx6.case.4, i6 5, void %arrayidx6.case.5, i6 6, void %arrayidx6.case.6, i6 7, void %arrayidx6.case.7, i6 8, void %arrayidx6.case.8, i6 9, void %arrayidx6.case.9, i6 10, void %arrayidx6.case.10, i6 11, void %arrayidx6.case.11, i6 12, void %arrayidx6.case.12, i6 13, void %arrayidx6.case.13, i6 14, void %arrayidx6.case.14, i6 15, void %arrayidx6.case.15, i6 16, void %arrayidx6.case.16, i6 17, void %arrayidx6.case.17, i6 18, void %arrayidx6.case.18, i6 19, void %arrayidx6.case.19, i6 20, void %arrayidx6.case.20, i6 21, void %arrayidx6.case.21, i6 22, void %arrayidx6.case.22, i6 23, void %arrayidx6.case.23, i6 24, void %arrayidx6.case.24, i6 25, void %arrayidx6.case.25, i6 26, void %arrayidx6.case.26, i6 27, void %arrayidx6.case.27, i6 28, void %arrayidx6.case.28, i6 29, void %arrayidx6.case.29, i6 30, void %arrayidx6.case.30, i6 31, void %arrayidx6.case.31, i6 32, void %arrayidx6.case.32, i6 33, void %arrayidx6.case.33, i6 34, void %arrayidx6.case.34, i6 35, void %arrayidx6.case.35, i6 36, void %arrayidx6.case.36, i6 37, void %arrayidx6.case.37, i6 38, void %arrayidx6.case.38, i6 39, void %arrayidx6.case.39, i6 40, void %arrayidx6.case.40, i6 41, void %arrayidx6.case.41, i6 42, void %arrayidx6.case.42, i6 43, void %arrayidx6.case.43, i6 44, void %arrayidx6.case.44, i6 45, void %arrayidx6.case.45, i6 46, void %arrayidx6.case.46, i6 47, void %arrayidx6.case.47, i6 48, void %arrayidx6.case.48, i6 49, void %arrayidx6.case.49, i6 50, void %arrayidx6.case.50, i6 51, void %arrayidx6.case.51, i6 52, void %arrayidx6.case.52, i6 53, void %arrayidx6.case.53, i6 54, void %arrayidx6.case.54, i6 55, void %arrayidx6.case.55, i6 56, void %arrayidx6.case.56, i6 57, void %arrayidx6.case.57, i6 58, void %arrayidx6.case.58, i6 59, void %arrayidx6.case.59, i6 60, void %arrayidx6.case.60, i6 61, void %arrayidx6.case.61, i6 62, void %for.inc.split.arrayidx6.exit_crit_edge" [src/srcnn.cpp:103]   --->   Operation 89 'switch' 'switch_ln103' <Predicate = true> <Delay = 0.74>
ST_2 : Operation 90 [1/1] (0.00ns)   --->   "%store_ln103 = store i32 %wrow_64, i32 %wrow_62" [src/srcnn.cpp:103]   --->   Operation 90 'store' 'store_ln103' <Predicate = (trunc_ln101 == 62)> <Delay = 0.00>
ST_2 : Operation 91 [1/1] (0.00ns)   --->   "%br_ln103 = br void %arrayidx6.exit" [src/srcnn.cpp:103]   --->   Operation 91 'br' 'br_ln103' <Predicate = (trunc_ln101 == 62)> <Delay = 0.00>
ST_2 : Operation 92 [1/1] (0.00ns)   --->   "%store_ln103 = store i32 %wrow_64, i32 %wrow_61" [src/srcnn.cpp:103]   --->   Operation 92 'store' 'store_ln103' <Predicate = (trunc_ln101 == 61)> <Delay = 0.00>
ST_2 : Operation 93 [1/1] (0.00ns)   --->   "%br_ln103 = br void %arrayidx6.exit" [src/srcnn.cpp:103]   --->   Operation 93 'br' 'br_ln103' <Predicate = (trunc_ln101 == 61)> <Delay = 0.00>
ST_2 : Operation 94 [1/1] (0.00ns)   --->   "%store_ln103 = store i32 %wrow_64, i32 %wrow_60" [src/srcnn.cpp:103]   --->   Operation 94 'store' 'store_ln103' <Predicate = (trunc_ln101 == 60)> <Delay = 0.00>
ST_2 : Operation 95 [1/1] (0.00ns)   --->   "%br_ln103 = br void %arrayidx6.exit" [src/srcnn.cpp:103]   --->   Operation 95 'br' 'br_ln103' <Predicate = (trunc_ln101 == 60)> <Delay = 0.00>
ST_2 : Operation 96 [1/1] (0.00ns)   --->   "%store_ln103 = store i32 %wrow_64, i32 %wrow_59" [src/srcnn.cpp:103]   --->   Operation 96 'store' 'store_ln103' <Predicate = (trunc_ln101 == 59)> <Delay = 0.00>
ST_2 : Operation 97 [1/1] (0.00ns)   --->   "%br_ln103 = br void %arrayidx6.exit" [src/srcnn.cpp:103]   --->   Operation 97 'br' 'br_ln103' <Predicate = (trunc_ln101 == 59)> <Delay = 0.00>
ST_2 : Operation 98 [1/1] (0.00ns)   --->   "%store_ln103 = store i32 %wrow_64, i32 %wrow_58" [src/srcnn.cpp:103]   --->   Operation 98 'store' 'store_ln103' <Predicate = (trunc_ln101 == 58)> <Delay = 0.00>
ST_2 : Operation 99 [1/1] (0.00ns)   --->   "%br_ln103 = br void %arrayidx6.exit" [src/srcnn.cpp:103]   --->   Operation 99 'br' 'br_ln103' <Predicate = (trunc_ln101 == 58)> <Delay = 0.00>
ST_2 : Operation 100 [1/1] (0.00ns)   --->   "%store_ln103 = store i32 %wrow_64, i32 %wrow_57" [src/srcnn.cpp:103]   --->   Operation 100 'store' 'store_ln103' <Predicate = (trunc_ln101 == 57)> <Delay = 0.00>
ST_2 : Operation 101 [1/1] (0.00ns)   --->   "%br_ln103 = br void %arrayidx6.exit" [src/srcnn.cpp:103]   --->   Operation 101 'br' 'br_ln103' <Predicate = (trunc_ln101 == 57)> <Delay = 0.00>
ST_2 : Operation 102 [1/1] (0.00ns)   --->   "%store_ln103 = store i32 %wrow_64, i32 %wrow_56" [src/srcnn.cpp:103]   --->   Operation 102 'store' 'store_ln103' <Predicate = (trunc_ln101 == 56)> <Delay = 0.00>
ST_2 : Operation 103 [1/1] (0.00ns)   --->   "%br_ln103 = br void %arrayidx6.exit" [src/srcnn.cpp:103]   --->   Operation 103 'br' 'br_ln103' <Predicate = (trunc_ln101 == 56)> <Delay = 0.00>
ST_2 : Operation 104 [1/1] (0.00ns)   --->   "%store_ln103 = store i32 %wrow_64, i32 %wrow_55" [src/srcnn.cpp:103]   --->   Operation 104 'store' 'store_ln103' <Predicate = (trunc_ln101 == 55)> <Delay = 0.00>
ST_2 : Operation 105 [1/1] (0.00ns)   --->   "%br_ln103 = br void %arrayidx6.exit" [src/srcnn.cpp:103]   --->   Operation 105 'br' 'br_ln103' <Predicate = (trunc_ln101 == 55)> <Delay = 0.00>
ST_2 : Operation 106 [1/1] (0.00ns)   --->   "%store_ln103 = store i32 %wrow_64, i32 %wrow_54" [src/srcnn.cpp:103]   --->   Operation 106 'store' 'store_ln103' <Predicate = (trunc_ln101 == 54)> <Delay = 0.00>
ST_2 : Operation 107 [1/1] (0.00ns)   --->   "%br_ln103 = br void %arrayidx6.exit" [src/srcnn.cpp:103]   --->   Operation 107 'br' 'br_ln103' <Predicate = (trunc_ln101 == 54)> <Delay = 0.00>
ST_2 : Operation 108 [1/1] (0.00ns)   --->   "%store_ln103 = store i32 %wrow_64, i32 %wrow_53" [src/srcnn.cpp:103]   --->   Operation 108 'store' 'store_ln103' <Predicate = (trunc_ln101 == 53)> <Delay = 0.00>
ST_2 : Operation 109 [1/1] (0.00ns)   --->   "%br_ln103 = br void %arrayidx6.exit" [src/srcnn.cpp:103]   --->   Operation 109 'br' 'br_ln103' <Predicate = (trunc_ln101 == 53)> <Delay = 0.00>
ST_2 : Operation 110 [1/1] (0.00ns)   --->   "%store_ln103 = store i32 %wrow_64, i32 %wrow_52" [src/srcnn.cpp:103]   --->   Operation 110 'store' 'store_ln103' <Predicate = (trunc_ln101 == 52)> <Delay = 0.00>
ST_2 : Operation 111 [1/1] (0.00ns)   --->   "%br_ln103 = br void %arrayidx6.exit" [src/srcnn.cpp:103]   --->   Operation 111 'br' 'br_ln103' <Predicate = (trunc_ln101 == 52)> <Delay = 0.00>
ST_2 : Operation 112 [1/1] (0.00ns)   --->   "%store_ln103 = store i32 %wrow_64, i32 %wrow_51" [src/srcnn.cpp:103]   --->   Operation 112 'store' 'store_ln103' <Predicate = (trunc_ln101 == 51)> <Delay = 0.00>
ST_2 : Operation 113 [1/1] (0.00ns)   --->   "%br_ln103 = br void %arrayidx6.exit" [src/srcnn.cpp:103]   --->   Operation 113 'br' 'br_ln103' <Predicate = (trunc_ln101 == 51)> <Delay = 0.00>
ST_2 : Operation 114 [1/1] (0.00ns)   --->   "%store_ln103 = store i32 %wrow_64, i32 %wrow_50" [src/srcnn.cpp:103]   --->   Operation 114 'store' 'store_ln103' <Predicate = (trunc_ln101 == 50)> <Delay = 0.00>
ST_2 : Operation 115 [1/1] (0.00ns)   --->   "%br_ln103 = br void %arrayidx6.exit" [src/srcnn.cpp:103]   --->   Operation 115 'br' 'br_ln103' <Predicate = (trunc_ln101 == 50)> <Delay = 0.00>
ST_2 : Operation 116 [1/1] (0.00ns)   --->   "%store_ln103 = store i32 %wrow_64, i32 %wrow_49" [src/srcnn.cpp:103]   --->   Operation 116 'store' 'store_ln103' <Predicate = (trunc_ln101 == 49)> <Delay = 0.00>
ST_2 : Operation 117 [1/1] (0.00ns)   --->   "%br_ln103 = br void %arrayidx6.exit" [src/srcnn.cpp:103]   --->   Operation 117 'br' 'br_ln103' <Predicate = (trunc_ln101 == 49)> <Delay = 0.00>
ST_2 : Operation 118 [1/1] (0.00ns)   --->   "%store_ln103 = store i32 %wrow_64, i32 %wrow_48" [src/srcnn.cpp:103]   --->   Operation 118 'store' 'store_ln103' <Predicate = (trunc_ln101 == 48)> <Delay = 0.00>
ST_2 : Operation 119 [1/1] (0.00ns)   --->   "%br_ln103 = br void %arrayidx6.exit" [src/srcnn.cpp:103]   --->   Operation 119 'br' 'br_ln103' <Predicate = (trunc_ln101 == 48)> <Delay = 0.00>
ST_2 : Operation 120 [1/1] (0.00ns)   --->   "%store_ln103 = store i32 %wrow_64, i32 %wrow_47" [src/srcnn.cpp:103]   --->   Operation 120 'store' 'store_ln103' <Predicate = (trunc_ln101 == 47)> <Delay = 0.00>
ST_2 : Operation 121 [1/1] (0.00ns)   --->   "%br_ln103 = br void %arrayidx6.exit" [src/srcnn.cpp:103]   --->   Operation 121 'br' 'br_ln103' <Predicate = (trunc_ln101 == 47)> <Delay = 0.00>
ST_2 : Operation 122 [1/1] (0.00ns)   --->   "%store_ln103 = store i32 %wrow_64, i32 %wrow_46" [src/srcnn.cpp:103]   --->   Operation 122 'store' 'store_ln103' <Predicate = (trunc_ln101 == 46)> <Delay = 0.00>
ST_2 : Operation 123 [1/1] (0.00ns)   --->   "%br_ln103 = br void %arrayidx6.exit" [src/srcnn.cpp:103]   --->   Operation 123 'br' 'br_ln103' <Predicate = (trunc_ln101 == 46)> <Delay = 0.00>
ST_2 : Operation 124 [1/1] (0.00ns)   --->   "%store_ln103 = store i32 %wrow_64, i32 %wrow_45" [src/srcnn.cpp:103]   --->   Operation 124 'store' 'store_ln103' <Predicate = (trunc_ln101 == 45)> <Delay = 0.00>
ST_2 : Operation 125 [1/1] (0.00ns)   --->   "%br_ln103 = br void %arrayidx6.exit" [src/srcnn.cpp:103]   --->   Operation 125 'br' 'br_ln103' <Predicate = (trunc_ln101 == 45)> <Delay = 0.00>
ST_2 : Operation 126 [1/1] (0.00ns)   --->   "%store_ln103 = store i32 %wrow_64, i32 %wrow_44" [src/srcnn.cpp:103]   --->   Operation 126 'store' 'store_ln103' <Predicate = (trunc_ln101 == 44)> <Delay = 0.00>
ST_2 : Operation 127 [1/1] (0.00ns)   --->   "%br_ln103 = br void %arrayidx6.exit" [src/srcnn.cpp:103]   --->   Operation 127 'br' 'br_ln103' <Predicate = (trunc_ln101 == 44)> <Delay = 0.00>
ST_2 : Operation 128 [1/1] (0.00ns)   --->   "%store_ln103 = store i32 %wrow_64, i32 %wrow_43" [src/srcnn.cpp:103]   --->   Operation 128 'store' 'store_ln103' <Predicate = (trunc_ln101 == 43)> <Delay = 0.00>
ST_2 : Operation 129 [1/1] (0.00ns)   --->   "%br_ln103 = br void %arrayidx6.exit" [src/srcnn.cpp:103]   --->   Operation 129 'br' 'br_ln103' <Predicate = (trunc_ln101 == 43)> <Delay = 0.00>
ST_2 : Operation 130 [1/1] (0.00ns)   --->   "%store_ln103 = store i32 %wrow_64, i32 %wrow_42" [src/srcnn.cpp:103]   --->   Operation 130 'store' 'store_ln103' <Predicate = (trunc_ln101 == 42)> <Delay = 0.00>
ST_2 : Operation 131 [1/1] (0.00ns)   --->   "%br_ln103 = br void %arrayidx6.exit" [src/srcnn.cpp:103]   --->   Operation 131 'br' 'br_ln103' <Predicate = (trunc_ln101 == 42)> <Delay = 0.00>
ST_2 : Operation 132 [1/1] (0.00ns)   --->   "%store_ln103 = store i32 %wrow_64, i32 %wrow_41" [src/srcnn.cpp:103]   --->   Operation 132 'store' 'store_ln103' <Predicate = (trunc_ln101 == 41)> <Delay = 0.00>
ST_2 : Operation 133 [1/1] (0.00ns)   --->   "%br_ln103 = br void %arrayidx6.exit" [src/srcnn.cpp:103]   --->   Operation 133 'br' 'br_ln103' <Predicate = (trunc_ln101 == 41)> <Delay = 0.00>
ST_2 : Operation 134 [1/1] (0.00ns)   --->   "%store_ln103 = store i32 %wrow_64, i32 %wrow_40" [src/srcnn.cpp:103]   --->   Operation 134 'store' 'store_ln103' <Predicate = (trunc_ln101 == 40)> <Delay = 0.00>
ST_2 : Operation 135 [1/1] (0.00ns)   --->   "%br_ln103 = br void %arrayidx6.exit" [src/srcnn.cpp:103]   --->   Operation 135 'br' 'br_ln103' <Predicate = (trunc_ln101 == 40)> <Delay = 0.00>
ST_2 : Operation 136 [1/1] (0.00ns)   --->   "%store_ln103 = store i32 %wrow_64, i32 %wrow_39" [src/srcnn.cpp:103]   --->   Operation 136 'store' 'store_ln103' <Predicate = (trunc_ln101 == 39)> <Delay = 0.00>
ST_2 : Operation 137 [1/1] (0.00ns)   --->   "%br_ln103 = br void %arrayidx6.exit" [src/srcnn.cpp:103]   --->   Operation 137 'br' 'br_ln103' <Predicate = (trunc_ln101 == 39)> <Delay = 0.00>
ST_2 : Operation 138 [1/1] (0.00ns)   --->   "%store_ln103 = store i32 %wrow_64, i32 %wrow_38" [src/srcnn.cpp:103]   --->   Operation 138 'store' 'store_ln103' <Predicate = (trunc_ln101 == 38)> <Delay = 0.00>
ST_2 : Operation 139 [1/1] (0.00ns)   --->   "%br_ln103 = br void %arrayidx6.exit" [src/srcnn.cpp:103]   --->   Operation 139 'br' 'br_ln103' <Predicate = (trunc_ln101 == 38)> <Delay = 0.00>
ST_2 : Operation 140 [1/1] (0.00ns)   --->   "%store_ln103 = store i32 %wrow_64, i32 %wrow_37" [src/srcnn.cpp:103]   --->   Operation 140 'store' 'store_ln103' <Predicate = (trunc_ln101 == 37)> <Delay = 0.00>
ST_2 : Operation 141 [1/1] (0.00ns)   --->   "%br_ln103 = br void %arrayidx6.exit" [src/srcnn.cpp:103]   --->   Operation 141 'br' 'br_ln103' <Predicate = (trunc_ln101 == 37)> <Delay = 0.00>
ST_2 : Operation 142 [1/1] (0.00ns)   --->   "%store_ln103 = store i32 %wrow_64, i32 %wrow_36" [src/srcnn.cpp:103]   --->   Operation 142 'store' 'store_ln103' <Predicate = (trunc_ln101 == 36)> <Delay = 0.00>
ST_2 : Operation 143 [1/1] (0.00ns)   --->   "%br_ln103 = br void %arrayidx6.exit" [src/srcnn.cpp:103]   --->   Operation 143 'br' 'br_ln103' <Predicate = (trunc_ln101 == 36)> <Delay = 0.00>
ST_2 : Operation 144 [1/1] (0.00ns)   --->   "%store_ln103 = store i32 %wrow_64, i32 %wrow_35" [src/srcnn.cpp:103]   --->   Operation 144 'store' 'store_ln103' <Predicate = (trunc_ln101 == 35)> <Delay = 0.00>
ST_2 : Operation 145 [1/1] (0.00ns)   --->   "%br_ln103 = br void %arrayidx6.exit" [src/srcnn.cpp:103]   --->   Operation 145 'br' 'br_ln103' <Predicate = (trunc_ln101 == 35)> <Delay = 0.00>
ST_2 : Operation 146 [1/1] (0.00ns)   --->   "%store_ln103 = store i32 %wrow_64, i32 %wrow_34" [src/srcnn.cpp:103]   --->   Operation 146 'store' 'store_ln103' <Predicate = (trunc_ln101 == 34)> <Delay = 0.00>
ST_2 : Operation 147 [1/1] (0.00ns)   --->   "%br_ln103 = br void %arrayidx6.exit" [src/srcnn.cpp:103]   --->   Operation 147 'br' 'br_ln103' <Predicate = (trunc_ln101 == 34)> <Delay = 0.00>
ST_2 : Operation 148 [1/1] (0.00ns)   --->   "%store_ln103 = store i32 %wrow_64, i32 %wrow_33" [src/srcnn.cpp:103]   --->   Operation 148 'store' 'store_ln103' <Predicate = (trunc_ln101 == 33)> <Delay = 0.00>
ST_2 : Operation 149 [1/1] (0.00ns)   --->   "%br_ln103 = br void %arrayidx6.exit" [src/srcnn.cpp:103]   --->   Operation 149 'br' 'br_ln103' <Predicate = (trunc_ln101 == 33)> <Delay = 0.00>
ST_2 : Operation 150 [1/1] (0.00ns)   --->   "%store_ln103 = store i32 %wrow_64, i32 %wrow_32" [src/srcnn.cpp:103]   --->   Operation 150 'store' 'store_ln103' <Predicate = (trunc_ln101 == 32)> <Delay = 0.00>
ST_2 : Operation 151 [1/1] (0.00ns)   --->   "%br_ln103 = br void %arrayidx6.exit" [src/srcnn.cpp:103]   --->   Operation 151 'br' 'br_ln103' <Predicate = (trunc_ln101 == 32)> <Delay = 0.00>
ST_2 : Operation 152 [1/1] (0.00ns)   --->   "%store_ln103 = store i32 %wrow_64, i32 %wrow_31" [src/srcnn.cpp:103]   --->   Operation 152 'store' 'store_ln103' <Predicate = (trunc_ln101 == 31)> <Delay = 0.00>
ST_2 : Operation 153 [1/1] (0.00ns)   --->   "%br_ln103 = br void %arrayidx6.exit" [src/srcnn.cpp:103]   --->   Operation 153 'br' 'br_ln103' <Predicate = (trunc_ln101 == 31)> <Delay = 0.00>
ST_2 : Operation 154 [1/1] (0.00ns)   --->   "%store_ln103 = store i32 %wrow_64, i32 %wrow_30" [src/srcnn.cpp:103]   --->   Operation 154 'store' 'store_ln103' <Predicate = (trunc_ln101 == 30)> <Delay = 0.00>
ST_2 : Operation 155 [1/1] (0.00ns)   --->   "%br_ln103 = br void %arrayidx6.exit" [src/srcnn.cpp:103]   --->   Operation 155 'br' 'br_ln103' <Predicate = (trunc_ln101 == 30)> <Delay = 0.00>
ST_2 : Operation 156 [1/1] (0.00ns)   --->   "%store_ln103 = store i32 %wrow_64, i32 %wrow_29" [src/srcnn.cpp:103]   --->   Operation 156 'store' 'store_ln103' <Predicate = (trunc_ln101 == 29)> <Delay = 0.00>
ST_2 : Operation 157 [1/1] (0.00ns)   --->   "%br_ln103 = br void %arrayidx6.exit" [src/srcnn.cpp:103]   --->   Operation 157 'br' 'br_ln103' <Predicate = (trunc_ln101 == 29)> <Delay = 0.00>
ST_2 : Operation 158 [1/1] (0.00ns)   --->   "%store_ln103 = store i32 %wrow_64, i32 %wrow_28" [src/srcnn.cpp:103]   --->   Operation 158 'store' 'store_ln103' <Predicate = (trunc_ln101 == 28)> <Delay = 0.00>
ST_2 : Operation 159 [1/1] (0.00ns)   --->   "%br_ln103 = br void %arrayidx6.exit" [src/srcnn.cpp:103]   --->   Operation 159 'br' 'br_ln103' <Predicate = (trunc_ln101 == 28)> <Delay = 0.00>
ST_2 : Operation 160 [1/1] (0.00ns)   --->   "%store_ln103 = store i32 %wrow_64, i32 %wrow_27" [src/srcnn.cpp:103]   --->   Operation 160 'store' 'store_ln103' <Predicate = (trunc_ln101 == 27)> <Delay = 0.00>
ST_2 : Operation 161 [1/1] (0.00ns)   --->   "%br_ln103 = br void %arrayidx6.exit" [src/srcnn.cpp:103]   --->   Operation 161 'br' 'br_ln103' <Predicate = (trunc_ln101 == 27)> <Delay = 0.00>
ST_2 : Operation 162 [1/1] (0.00ns)   --->   "%store_ln103 = store i32 %wrow_64, i32 %wrow_26" [src/srcnn.cpp:103]   --->   Operation 162 'store' 'store_ln103' <Predicate = (trunc_ln101 == 26)> <Delay = 0.00>
ST_2 : Operation 163 [1/1] (0.00ns)   --->   "%br_ln103 = br void %arrayidx6.exit" [src/srcnn.cpp:103]   --->   Operation 163 'br' 'br_ln103' <Predicate = (trunc_ln101 == 26)> <Delay = 0.00>
ST_2 : Operation 164 [1/1] (0.00ns)   --->   "%store_ln103 = store i32 %wrow_64, i32 %wrow_25" [src/srcnn.cpp:103]   --->   Operation 164 'store' 'store_ln103' <Predicate = (trunc_ln101 == 25)> <Delay = 0.00>
ST_2 : Operation 165 [1/1] (0.00ns)   --->   "%br_ln103 = br void %arrayidx6.exit" [src/srcnn.cpp:103]   --->   Operation 165 'br' 'br_ln103' <Predicate = (trunc_ln101 == 25)> <Delay = 0.00>
ST_2 : Operation 166 [1/1] (0.00ns)   --->   "%store_ln103 = store i32 %wrow_64, i32 %wrow_24" [src/srcnn.cpp:103]   --->   Operation 166 'store' 'store_ln103' <Predicate = (trunc_ln101 == 24)> <Delay = 0.00>
ST_2 : Operation 167 [1/1] (0.00ns)   --->   "%br_ln103 = br void %arrayidx6.exit" [src/srcnn.cpp:103]   --->   Operation 167 'br' 'br_ln103' <Predicate = (trunc_ln101 == 24)> <Delay = 0.00>
ST_2 : Operation 168 [1/1] (0.00ns)   --->   "%store_ln103 = store i32 %wrow_64, i32 %wrow_23" [src/srcnn.cpp:103]   --->   Operation 168 'store' 'store_ln103' <Predicate = (trunc_ln101 == 23)> <Delay = 0.00>
ST_2 : Operation 169 [1/1] (0.00ns)   --->   "%br_ln103 = br void %arrayidx6.exit" [src/srcnn.cpp:103]   --->   Operation 169 'br' 'br_ln103' <Predicate = (trunc_ln101 == 23)> <Delay = 0.00>
ST_2 : Operation 170 [1/1] (0.00ns)   --->   "%store_ln103 = store i32 %wrow_64, i32 %wrow_22" [src/srcnn.cpp:103]   --->   Operation 170 'store' 'store_ln103' <Predicate = (trunc_ln101 == 22)> <Delay = 0.00>
ST_2 : Operation 171 [1/1] (0.00ns)   --->   "%br_ln103 = br void %arrayidx6.exit" [src/srcnn.cpp:103]   --->   Operation 171 'br' 'br_ln103' <Predicate = (trunc_ln101 == 22)> <Delay = 0.00>
ST_2 : Operation 172 [1/1] (0.00ns)   --->   "%store_ln103 = store i32 %wrow_64, i32 %wrow_21" [src/srcnn.cpp:103]   --->   Operation 172 'store' 'store_ln103' <Predicate = (trunc_ln101 == 21)> <Delay = 0.00>
ST_2 : Operation 173 [1/1] (0.00ns)   --->   "%br_ln103 = br void %arrayidx6.exit" [src/srcnn.cpp:103]   --->   Operation 173 'br' 'br_ln103' <Predicate = (trunc_ln101 == 21)> <Delay = 0.00>
ST_2 : Operation 174 [1/1] (0.00ns)   --->   "%store_ln103 = store i32 %wrow_64, i32 %wrow_20" [src/srcnn.cpp:103]   --->   Operation 174 'store' 'store_ln103' <Predicate = (trunc_ln101 == 20)> <Delay = 0.00>
ST_2 : Operation 175 [1/1] (0.00ns)   --->   "%br_ln103 = br void %arrayidx6.exit" [src/srcnn.cpp:103]   --->   Operation 175 'br' 'br_ln103' <Predicate = (trunc_ln101 == 20)> <Delay = 0.00>
ST_2 : Operation 176 [1/1] (0.00ns)   --->   "%store_ln103 = store i32 %wrow_64, i32 %wrow_19" [src/srcnn.cpp:103]   --->   Operation 176 'store' 'store_ln103' <Predicate = (trunc_ln101 == 19)> <Delay = 0.00>
ST_2 : Operation 177 [1/1] (0.00ns)   --->   "%br_ln103 = br void %arrayidx6.exit" [src/srcnn.cpp:103]   --->   Operation 177 'br' 'br_ln103' <Predicate = (trunc_ln101 == 19)> <Delay = 0.00>
ST_2 : Operation 178 [1/1] (0.00ns)   --->   "%store_ln103 = store i32 %wrow_64, i32 %wrow_18" [src/srcnn.cpp:103]   --->   Operation 178 'store' 'store_ln103' <Predicate = (trunc_ln101 == 18)> <Delay = 0.00>
ST_2 : Operation 179 [1/1] (0.00ns)   --->   "%br_ln103 = br void %arrayidx6.exit" [src/srcnn.cpp:103]   --->   Operation 179 'br' 'br_ln103' <Predicate = (trunc_ln101 == 18)> <Delay = 0.00>
ST_2 : Operation 180 [1/1] (0.00ns)   --->   "%store_ln103 = store i32 %wrow_64, i32 %wrow_17" [src/srcnn.cpp:103]   --->   Operation 180 'store' 'store_ln103' <Predicate = (trunc_ln101 == 17)> <Delay = 0.00>
ST_2 : Operation 181 [1/1] (0.00ns)   --->   "%br_ln103 = br void %arrayidx6.exit" [src/srcnn.cpp:103]   --->   Operation 181 'br' 'br_ln103' <Predicate = (trunc_ln101 == 17)> <Delay = 0.00>
ST_2 : Operation 182 [1/1] (0.00ns)   --->   "%store_ln103 = store i32 %wrow_64, i32 %wrow_16" [src/srcnn.cpp:103]   --->   Operation 182 'store' 'store_ln103' <Predicate = (trunc_ln101 == 16)> <Delay = 0.00>
ST_2 : Operation 183 [1/1] (0.00ns)   --->   "%br_ln103 = br void %arrayidx6.exit" [src/srcnn.cpp:103]   --->   Operation 183 'br' 'br_ln103' <Predicate = (trunc_ln101 == 16)> <Delay = 0.00>
ST_2 : Operation 184 [1/1] (0.00ns)   --->   "%store_ln103 = store i32 %wrow_64, i32 %wrow_15" [src/srcnn.cpp:103]   --->   Operation 184 'store' 'store_ln103' <Predicate = (trunc_ln101 == 15)> <Delay = 0.00>
ST_2 : Operation 185 [1/1] (0.00ns)   --->   "%br_ln103 = br void %arrayidx6.exit" [src/srcnn.cpp:103]   --->   Operation 185 'br' 'br_ln103' <Predicate = (trunc_ln101 == 15)> <Delay = 0.00>
ST_2 : Operation 186 [1/1] (0.00ns)   --->   "%store_ln103 = store i32 %wrow_64, i32 %wrow_14" [src/srcnn.cpp:103]   --->   Operation 186 'store' 'store_ln103' <Predicate = (trunc_ln101 == 14)> <Delay = 0.00>
ST_2 : Operation 187 [1/1] (0.00ns)   --->   "%br_ln103 = br void %arrayidx6.exit" [src/srcnn.cpp:103]   --->   Operation 187 'br' 'br_ln103' <Predicate = (trunc_ln101 == 14)> <Delay = 0.00>
ST_2 : Operation 188 [1/1] (0.00ns)   --->   "%store_ln103 = store i32 %wrow_64, i32 %wrow_13" [src/srcnn.cpp:103]   --->   Operation 188 'store' 'store_ln103' <Predicate = (trunc_ln101 == 13)> <Delay = 0.00>
ST_2 : Operation 189 [1/1] (0.00ns)   --->   "%br_ln103 = br void %arrayidx6.exit" [src/srcnn.cpp:103]   --->   Operation 189 'br' 'br_ln103' <Predicate = (trunc_ln101 == 13)> <Delay = 0.00>
ST_2 : Operation 190 [1/1] (0.00ns)   --->   "%store_ln103 = store i32 %wrow_64, i32 %wrow_12" [src/srcnn.cpp:103]   --->   Operation 190 'store' 'store_ln103' <Predicate = (trunc_ln101 == 12)> <Delay = 0.00>
ST_2 : Operation 191 [1/1] (0.00ns)   --->   "%br_ln103 = br void %arrayidx6.exit" [src/srcnn.cpp:103]   --->   Operation 191 'br' 'br_ln103' <Predicate = (trunc_ln101 == 12)> <Delay = 0.00>
ST_2 : Operation 192 [1/1] (0.00ns)   --->   "%store_ln103 = store i32 %wrow_64, i32 %wrow_11" [src/srcnn.cpp:103]   --->   Operation 192 'store' 'store_ln103' <Predicate = (trunc_ln101 == 11)> <Delay = 0.00>
ST_2 : Operation 193 [1/1] (0.00ns)   --->   "%br_ln103 = br void %arrayidx6.exit" [src/srcnn.cpp:103]   --->   Operation 193 'br' 'br_ln103' <Predicate = (trunc_ln101 == 11)> <Delay = 0.00>
ST_2 : Operation 194 [1/1] (0.00ns)   --->   "%store_ln103 = store i32 %wrow_64, i32 %wrow_10" [src/srcnn.cpp:103]   --->   Operation 194 'store' 'store_ln103' <Predicate = (trunc_ln101 == 10)> <Delay = 0.00>
ST_2 : Operation 195 [1/1] (0.00ns)   --->   "%br_ln103 = br void %arrayidx6.exit" [src/srcnn.cpp:103]   --->   Operation 195 'br' 'br_ln103' <Predicate = (trunc_ln101 == 10)> <Delay = 0.00>
ST_2 : Operation 196 [1/1] (0.00ns)   --->   "%store_ln103 = store i32 %wrow_64, i32 %wrow_9" [src/srcnn.cpp:103]   --->   Operation 196 'store' 'store_ln103' <Predicate = (trunc_ln101 == 9)> <Delay = 0.00>
ST_2 : Operation 197 [1/1] (0.00ns)   --->   "%br_ln103 = br void %arrayidx6.exit" [src/srcnn.cpp:103]   --->   Operation 197 'br' 'br_ln103' <Predicate = (trunc_ln101 == 9)> <Delay = 0.00>
ST_2 : Operation 198 [1/1] (0.00ns)   --->   "%store_ln103 = store i32 %wrow_64, i32 %wrow_8" [src/srcnn.cpp:103]   --->   Operation 198 'store' 'store_ln103' <Predicate = (trunc_ln101 == 8)> <Delay = 0.00>
ST_2 : Operation 199 [1/1] (0.00ns)   --->   "%br_ln103 = br void %arrayidx6.exit" [src/srcnn.cpp:103]   --->   Operation 199 'br' 'br_ln103' <Predicate = (trunc_ln101 == 8)> <Delay = 0.00>
ST_2 : Operation 200 [1/1] (0.00ns)   --->   "%store_ln103 = store i32 %wrow_64, i32 %wrow_7" [src/srcnn.cpp:103]   --->   Operation 200 'store' 'store_ln103' <Predicate = (trunc_ln101 == 7)> <Delay = 0.00>
ST_2 : Operation 201 [1/1] (0.00ns)   --->   "%br_ln103 = br void %arrayidx6.exit" [src/srcnn.cpp:103]   --->   Operation 201 'br' 'br_ln103' <Predicate = (trunc_ln101 == 7)> <Delay = 0.00>
ST_2 : Operation 202 [1/1] (0.00ns)   --->   "%store_ln103 = store i32 %wrow_64, i32 %wrow_6" [src/srcnn.cpp:103]   --->   Operation 202 'store' 'store_ln103' <Predicate = (trunc_ln101 == 6)> <Delay = 0.00>
ST_2 : Operation 203 [1/1] (0.00ns)   --->   "%br_ln103 = br void %arrayidx6.exit" [src/srcnn.cpp:103]   --->   Operation 203 'br' 'br_ln103' <Predicate = (trunc_ln101 == 6)> <Delay = 0.00>
ST_2 : Operation 204 [1/1] (0.00ns)   --->   "%store_ln103 = store i32 %wrow_64, i32 %wrow_5" [src/srcnn.cpp:103]   --->   Operation 204 'store' 'store_ln103' <Predicate = (trunc_ln101 == 5)> <Delay = 0.00>
ST_2 : Operation 205 [1/1] (0.00ns)   --->   "%br_ln103 = br void %arrayidx6.exit" [src/srcnn.cpp:103]   --->   Operation 205 'br' 'br_ln103' <Predicate = (trunc_ln101 == 5)> <Delay = 0.00>
ST_2 : Operation 206 [1/1] (0.00ns)   --->   "%store_ln103 = store i32 %wrow_64, i32 %wrow_4" [src/srcnn.cpp:103]   --->   Operation 206 'store' 'store_ln103' <Predicate = (trunc_ln101 == 4)> <Delay = 0.00>
ST_2 : Operation 207 [1/1] (0.00ns)   --->   "%br_ln103 = br void %arrayidx6.exit" [src/srcnn.cpp:103]   --->   Operation 207 'br' 'br_ln103' <Predicate = (trunc_ln101 == 4)> <Delay = 0.00>
ST_2 : Operation 208 [1/1] (0.00ns)   --->   "%store_ln103 = store i32 %wrow_64, i32 %wrow_3" [src/srcnn.cpp:103]   --->   Operation 208 'store' 'store_ln103' <Predicate = (trunc_ln101 == 3)> <Delay = 0.00>
ST_2 : Operation 209 [1/1] (0.00ns)   --->   "%br_ln103 = br void %arrayidx6.exit" [src/srcnn.cpp:103]   --->   Operation 209 'br' 'br_ln103' <Predicate = (trunc_ln101 == 3)> <Delay = 0.00>
ST_2 : Operation 210 [1/1] (0.00ns)   --->   "%store_ln103 = store i32 %wrow_64, i32 %wrow_2" [src/srcnn.cpp:103]   --->   Operation 210 'store' 'store_ln103' <Predicate = (trunc_ln101 == 2)> <Delay = 0.00>
ST_2 : Operation 211 [1/1] (0.00ns)   --->   "%br_ln103 = br void %arrayidx6.exit" [src/srcnn.cpp:103]   --->   Operation 211 'br' 'br_ln103' <Predicate = (trunc_ln101 == 2)> <Delay = 0.00>
ST_2 : Operation 212 [1/1] (0.00ns)   --->   "%store_ln103 = store i32 %wrow_64, i32 %wrow_1" [src/srcnn.cpp:103]   --->   Operation 212 'store' 'store_ln103' <Predicate = (trunc_ln101 == 1)> <Delay = 0.00>
ST_2 : Operation 213 [1/1] (0.00ns)   --->   "%br_ln103 = br void %arrayidx6.exit" [src/srcnn.cpp:103]   --->   Operation 213 'br' 'br_ln103' <Predicate = (trunc_ln101 == 1)> <Delay = 0.00>
ST_2 : Operation 214 [1/1] (0.00ns)   --->   "%store_ln103 = store i32 %wrow_64, i32 %wrow" [src/srcnn.cpp:103]   --->   Operation 214 'store' 'store_ln103' <Predicate = (trunc_ln101 == 0)> <Delay = 0.00>
ST_2 : Operation 215 [1/1] (0.00ns)   --->   "%br_ln103 = br void %arrayidx6.exit" [src/srcnn.cpp:103]   --->   Operation 215 'br' 'br_ln103' <Predicate = (trunc_ln101 == 0)> <Delay = 0.00>
ST_2 : Operation 216 [1/1] (0.00ns)   --->   "%store_ln103 = store i32 %wrow_64, i32 %wrow_63" [src/srcnn.cpp:103]   --->   Operation 216 'store' 'store_ln103' <Predicate = (trunc_ln101 == 63)> <Delay = 0.00>
ST_2 : Operation 217 [1/1] (0.00ns)   --->   "%br_ln103 = br void %arrayidx6.exit" [src/srcnn.cpp:103]   --->   Operation 217 'br' 'br_ln103' <Predicate = (trunc_ln101 == 63)> <Delay = 0.00>
ST_2 : Operation 218 [1/1] (0.42ns)   --->   "%store_ln101 = store i7 %add_ln101, i7 %c1" [src/srcnn.cpp:101]   --->   Operation 218 'store' 'store_ln101' <Predicate = true> <Delay = 0.42>
ST_2 : Operation 219 [1/1] (0.00ns)   --->   "%br_ln101 = br void %for.inc" [src/srcnn.cpp:101]   --->   Operation 219 'br' 'br_ln101' <Predicate = true> <Delay = 0.00>


============================================================
+ Verbose Summary: Timing violations
============================================================
Target clock period: 10.000ns, clock uncertainty: 2.700ns.

 <State 1>: 2.035ns
The critical path consists of the following:
	'alloca' operation ('c1') [67]  (0.000 ns)
	'load' operation ('c1', src/srcnn.cpp:101) on local variable 'c1' [137]  (0.000 ns)
	'add' operation ('add_ln103', src/srcnn.cpp:103) [143]  (0.798 ns)
	'getelementptr' operation ('conv2_weights_addr', src/srcnn.cpp:103) [145]  (0.000 ns)
	'load' operation ('conv2_weights_load', src/srcnn.cpp:103) on array 'conv2_weights' [150]  (1.237 ns)

 <State 2>: 1.237ns
The critical path consists of the following:
	'load' operation ('conv2_weights_load', src/srcnn.cpp:103) on array 'conv2_weights' [150]  (1.237 ns)
	'store' operation ('store_ln103', src/srcnn.cpp:103) of variable 'wrow', src/srcnn.cpp:103 on local variable 'wrow' [154]  (0.000 ns)


============================================================
+ Verbose Summary: Binding
============================================================
N/A
* FSMD analyzer results:
  - Output states:
 - Input state : 
  - Chain level:
	State 1
	State 2


============================================================
+ Verbose Summary: Datapath Resource usage 
============================================================
N/A
