

================================================================
== Vitis HLS Report for 'conv1_tile_Pipeline_STREAM_OUT_CONV1_VITIS_LOOP_80_3_VITIS_LOOP_81_4'
================================================================
* Date:           Tue Oct 28 17:20:57 2025

* Version:        2023.1 (Build 3854077 on May  4 2023)
* Project:        srcnn_hls
* Solution:       solution1 (Vivado IP Flow Target)
* Product family: zynquplus
* Target device:  xck26-sfvc784-2LV-c


================================================================
== Performance Estimates
================================================================
+ Timing: 
    * Summary: 
    +--------+----------+----------+------------+
    |  Clock |  Target  | Estimated| Uncertainty|
    +--------+----------+----------+------------+
    |ap_clk  |  10.00 ns|  4.647 ns|     2.70 ns|
    +--------+----------+----------+------------+

+ Latency: 
    * Summary: 
    +---------+---------+----------+----------+-------+-------+---------+
    |  Latency (cycles) |  Latency (absolute) |    Interval   | Pipeline|
    |   min   |   max   |    min   |    max   |  min  |  max  |   Type  |
    +---------+---------+----------+----------+-------+-------+---------+
    |    18498|    18498|  0.185 ms|  0.185 ms|  18498|  18498|       no|
    +---------+---------+----------+----------+-------+-------+---------+

    + Detail: 
        * Instance: 
        N/A

        * Loop: 
        +----------------------------------------------------+---------+---------+----------+-----------+-----------+-------+----------+
        |                                                    |  Latency (cycles) | Iteration|  Initiation Interval  |  Trip |          |
        |                      Loop Name                     |   min   |   max   |  Latency |  achieved |   target  | Count | Pipelined|
        +----------------------------------------------------+---------+---------+----------+-----------+-----------+-------+----------+
        |- STREAM_OUT_CONV1_VITIS_LOOP_80_3_VITIS_LOOP_81_4  |    18496|    18496|         2|          1|          1|  18496|       yes|
        +----------------------------------------------------+---------+---------+----------+-----------+-----------+-------+----------+

============================================================
+ Verbose Summary: Synthesis Manager
============================================================
InlineROM: 1
ExposeGlobal: 0
============================================================
+ Verbose Summary: CDFG Model
============================================================
IsTopModel: 0
ResetActiveHigh: 1
IsCombinational: 0
IsDatapathOnly: 0
HasWiredReturn: 1
HasMFsm: 2
HasVarLatency: 1
IsPipeline: 0
IsRtlPipelined: 0
IsInstanceOverlapped: 0
IsDontTouch: 0
HasImplIP: 0
IsGatedGlobalClock: 0

+ Individual pipeline summary: 
  * Pipeline-0: initiation interval (II) = 1, depth = 3


============================================================
+ Verbose Summary: Schedule
============================================================
* Number of FSM states : 3
* Pipeline : 1
  Pipeline-0 : II = 1, D = 3, States = { 1 2 3 }
* Dataflow Pipeline: 0

* FSM state transitions: 
1 --> 2 
2 --> 3 
3 --> 

* FSM state operations: 

State 1 <SV = 0> <Delay = 0.42>
ST_1 : Operation 5 [1/1] (0.00ns)   --->   "%tw = alloca i32 1"   --->   Operation 5 'alloca' 'tw' <Predicate = true> <Delay = 0.00>
ST_1 : Operation 6 [1/1] (0.00ns)   --->   "%th_1 = alloca i32 1"   --->   Operation 6 'alloca' 'th_1' <Predicate = true> <Delay = 0.00>
ST_1 : Operation 7 [1/1] (0.00ns)   --->   "%indvar_flatten479 = alloca i32 1"   --->   Operation 7 'alloca' 'indvar_flatten479' <Predicate = true> <Delay = 0.00>
ST_1 : Operation 8 [1/1] (0.00ns)   --->   "%feat = alloca i32 1"   --->   Operation 8 'alloca' 'feat' <Predicate = true> <Delay = 0.00>
ST_1 : Operation 9 [1/1] (0.00ns)   --->   "%indvar_flatten492 = alloca i32 1"   --->   Operation 9 'alloca' 'indvar_flatten492' <Predicate = true> <Delay = 0.00>
ST_1 : Operation 10 [1/1] (0.00ns)   --->   "%specinterface_ln0 = specinterface void @_ssdm_op_SpecInterface, i32 %conv1_to_conv2, void @empty_4, i32 0, i32 0, void @empty_1, i32 0, i32 0, void @empty_1, void @empty_1, void @empty_1, i32 0, i32 0, i32 0, i32 0, void @empty_1, void @empty_1, i32 4294967295, i32 0"   --->   Operation 10 'specinterface' 'specinterface_ln0' <Predicate = true> <Delay = 0.00>
ST_1 : Operation 11 [1/1] (0.42ns)   --->   "%store_ln0 = store i15 0, i15 %indvar_flatten492"   --->   Operation 11 'store' 'store_ln0' <Predicate = true> <Delay = 0.42>
ST_1 : Operation 12 [1/1] (0.42ns)   --->   "%store_ln0 = store i7 0, i7 %feat"   --->   Operation 12 'store' 'store_ln0' <Predicate = true> <Delay = 0.42>
ST_1 : Operation 13 [1/1] (0.42ns)   --->   "%store_ln0 = store i10 0, i10 %indvar_flatten479"   --->   Operation 13 'store' 'store_ln0' <Predicate = true> <Delay = 0.42>
ST_1 : Operation 14 [1/1] (0.42ns)   --->   "%store_ln0 = store i5 0, i5 %th_1"   --->   Operation 14 'store' 'store_ln0' <Predicate = true> <Delay = 0.42>
ST_1 : Operation 15 [1/1] (0.42ns)   --->   "%store_ln0 = store i5 0, i5 %tw"   --->   Operation 15 'store' 'store_ln0' <Predicate = true> <Delay = 0.42>
ST_1 : Operation 16 [1/1] (0.00ns)   --->   "%br_ln0 = br void %for.inc114"   --->   Operation 16 'br' 'br_ln0' <Predicate = true> <Delay = 0.00>

State 2 <SV = 1> <Delay = 4.64>
ST_2 : Operation 17 [1/1] (0.00ns)   --->   "%indvar_flatten492_load = load i15 %indvar_flatten492" [src/conv1_tile.cpp:79]   --->   Operation 17 'load' 'indvar_flatten492_load' <Predicate = true> <Delay = 0.00>
ST_2 : Operation 18 [1/1] (0.00ns)   --->   "%specpipeline_ln0 = specpipeline void @_ssdm_op_SpecPipeline, i32 4294967295, i32 0, i32 1, i32 0, void @p_str"   --->   Operation 18 'specpipeline' 'specpipeline_ln0' <Predicate = true> <Delay = 0.00>
ST_2 : Operation 19 [1/1] (0.84ns)   --->   "%icmp_ln79 = icmp_eq  i15 %indvar_flatten492_load, i15 18496" [src/conv1_tile.cpp:79]   --->   Operation 19 'icmp' 'icmp_ln79' <Predicate = true> <Delay = 0.84> <CoreInst = "Cmp">   --->   Core 9 'Cmp' <Latency = 0> <II = 1> <Delay = 0.84> <FuncUnit> <Opcode : 'icmp'> <InPorts = 2> <OutPorts = 1>
ST_2 : Operation 20 [1/1] (0.84ns)   --->   "%add_ln79_1 = add i15 %indvar_flatten492_load, i15 1" [src/conv1_tile.cpp:79]   --->   Operation 20 'add' 'add_ln79_1' <Predicate = true> <Delay = 0.84> <CoreInst = "Adder">   --->   Core 1 'Adder' <Latency = 0> <II = 1> <Delay = 0.84> <FuncUnit> <Opcode : 'add' 'sub'> <InPorts = 2> <OutPorts = 1>
ST_2 : Operation 21 [1/1] (0.00ns)   --->   "%br_ln79 = br i1 %icmp_ln79, void %for.inc120, void %for.end122.exitStub" [src/conv1_tile.cpp:79]   --->   Operation 21 'br' 'br_ln79' <Predicate = true> <Delay = 0.00>
ST_2 : Operation 22 [1/1] (0.00ns)   --->   "%tw_load = load i5 %tw" [src/conv1_tile.cpp:81]   --->   Operation 22 'load' 'tw_load' <Predicate = (!icmp_ln79)> <Delay = 0.00>
ST_2 : Operation 23 [1/1] (0.00ns)   --->   "%th_1_load = load i5 %th_1" [src/conv1_tile.cpp:79]   --->   Operation 23 'load' 'th_1_load' <Predicate = (!icmp_ln79)> <Delay = 0.00>
ST_2 : Operation 24 [1/1] (0.00ns)   --->   "%indvar_flatten479_load = load i10 %indvar_flatten479" [src/conv1_tile.cpp:80]   --->   Operation 24 'load' 'indvar_flatten479_load' <Predicate = (!icmp_ln79)> <Delay = 0.00>
ST_2 : Operation 25 [1/1] (0.78ns)   --->   "%icmp_ln80 = icmp_eq  i10 %indvar_flatten479_load, i10 289" [src/conv1_tile.cpp:80]   --->   Operation 25 'icmp' 'icmp_ln80' <Predicate = (!icmp_ln79)> <Delay = 0.78> <CoreInst = "Cmp">   --->   Core 9 'Cmp' <Latency = 0> <II = 1> <Delay = 0.78> <FuncUnit> <Opcode : 'icmp'> <InPorts = 2> <OutPorts = 1>
ST_2 : Operation 26 [1/1] (0.41ns)   --->   "%select_ln79 = select i1 %icmp_ln80, i5 0, i5 %th_1_load" [src/conv1_tile.cpp:79]   --->   Operation 26 'select' 'select_ln79' <Predicate = (!icmp_ln79)> <Delay = 0.41> <CoreInst = "Sel">   --->   Core 73 'Sel' <Latency = 0> <II = 1> <Delay = 0.41> <FuncUnit> <Opcode : 'select'> <InPorts = 3> <OutPorts = 1>
ST_2 : Operation 27 [1/1] (0.00ns) (grouped into LUT with out node and_ln79)   --->   "%xor_ln79 = xor i1 %icmp_ln80, i1 1" [src/conv1_tile.cpp:79]   --->   Operation 27 'xor' 'xor_ln79' <Predicate = (!icmp_ln79)> <Delay = 0.00> <CoreInst = "LogicGate">   --->   Core 74 'LogicGate' <Latency = 0> <II = 1> <Delay = 0.28> <FuncUnit> <Opcode : 'and' 'or' 'xor'> <InPorts = 2> <OutPorts = 1>
ST_2 : Operation 28 [1/1] (0.78ns)   --->   "%icmp_ln81 = icmp_eq  i5 %tw_load, i5 17" [src/conv1_tile.cpp:81]   --->   Operation 28 'icmp' 'icmp_ln81' <Predicate = (!icmp_ln79)> <Delay = 0.78> <CoreInst = "Cmp">   --->   Core 9 'Cmp' <Latency = 0> <II = 1> <Delay = 0.78> <FuncUnit> <Opcode : 'icmp'> <InPorts = 2> <OutPorts = 1>
ST_2 : Operation 29 [1/1] (0.28ns) (out node of the LUT)   --->   "%and_ln79 = and i1 %icmp_ln81, i1 %xor_ln79" [src/conv1_tile.cpp:79]   --->   Operation 29 'and' 'and_ln79' <Predicate = (!icmp_ln79)> <Delay = 0.28> <CoreInst = "LogicGate">   --->   Core 74 'LogicGate' <Latency = 0> <II = 1> <Delay = 0.28> <FuncUnit> <Opcode : 'and' 'or' 'xor'> <InPorts = 2> <OutPorts = 1>
ST_2 : Operation 30 [1/1] (0.78ns)   --->   "%add_ln80 = add i5 %select_ln79, i5 1" [src/conv1_tile.cpp:80]   --->   Operation 30 'add' 'add_ln80' <Predicate = (!icmp_ln79)> <Delay = 0.78> <CoreInst = "Adder">   --->   Core 1 'Adder' <Latency = 0> <II = 1> <Delay = 0.78> <FuncUnit> <Opcode : 'add' 'sub'> <InPorts = 2> <OutPorts = 1>
ST_2 : Operation 31 [1/1] (0.00ns) (grouped into LUT with out node select_ln80)   --->   "%or_ln80 = or i1 %and_ln79, i1 %icmp_ln80" [src/conv1_tile.cpp:80]   --->   Operation 31 'or' 'or_ln80' <Predicate = (!icmp_ln79)> <Delay = 0.00> <CoreInst = "LogicGate">   --->   Core 74 'LogicGate' <Latency = 0> <II = 1> <Delay = 0.28> <FuncUnit> <Opcode : 'and' 'or' 'xor'> <InPorts = 2> <OutPorts = 1>
ST_2 : Operation 32 [1/1] (0.41ns) (out node of the LUT)   --->   "%select_ln80 = select i1 %or_ln80, i5 0, i5 %tw_load" [src/conv1_tile.cpp:80]   --->   Operation 32 'select' 'select_ln80' <Predicate = (!icmp_ln79)> <Delay = 0.41> <CoreInst = "Sel">   --->   Core 73 'Sel' <Latency = 0> <II = 1> <Delay = 0.41> <FuncUnit> <Opcode : 'select'> <InPorts = 3> <OutPorts = 1>
ST_2 : Operation 33 [1/1] (0.41ns)   --->   "%select_ln80_1 = select i1 %and_ln79, i5 %add_ln80, i5 %select_ln79" [src/conv1_tile.cpp:80]   --->   Operation 33 'select' 'select_ln80_1' <Predicate = (!icmp_ln79)> <Delay = 0.41> <CoreInst = "Sel">   --->   Core 73 'Sel' <Latency = 0> <II = 1> <Delay = 0.41> <FuncUnit> <Opcode : 'select'> <InPorts = 3> <OutPorts = 1>
ST_2 : Operation 34 [1/1] (0.00ns)   --->   "%zext_ln82 = zext i5 %select_ln80_1" [src/conv1_tile.cpp:82]   --->   Operation 34 'zext' 'zext_ln82' <Predicate = (!icmp_ln79)> <Delay = 0.00>
ST_2 : Operation 35 [1/1] (0.00ns)   --->   "%p_shl2 = bitconcatenate i9 @_ssdm_op_BitConcatenate.i9.i5.i4, i5 %select_ln80_1, i4 0" [src/conv1_tile.cpp:82]   --->   Operation 35 'bitconcatenate' 'p_shl2' <Predicate = (!icmp_ln79)> <Delay = 0.00>
ST_2 : Operation 36 [1/1] (0.00ns) (grouped into TernaryAdder)   --->   "%add_ln82 = add i9 %p_shl2, i9 %zext_ln82" [src/conv1_tile.cpp:82]   --->   Operation 36 'add' 'add_ln82' <Predicate = (!icmp_ln79)> <Delay = 0.00> <CoreInst = "TAddSub">   --->   Core 10 'TAddSub' <Latency = 0> <II = 1> <Delay = 0.50> <IPBlock> <Opcode : '<invalid operator> ' 'add' 'sub'> <InPorts = 3> <OutPorts = 1> <Sync> <CReg>
ST_2 : Operation 37 [1/1] (0.00ns)   --->   "%zext_ln82_1 = zext i5 %select_ln80" [src/conv1_tile.cpp:82]   --->   Operation 37 'zext' 'zext_ln82_1' <Predicate = (!icmp_ln79)> <Delay = 0.00>
ST_2 : Operation 38 [1/1] (1.00ns) (root node of TernaryAdder)   --->   "%add_ln82_1 = add i9 %add_ln82, i9 %zext_ln82_1" [src/conv1_tile.cpp:82]   --->   Operation 38 'add' 'add_ln82_1' <Predicate = (!icmp_ln79)> <Delay = 1.00> <CoreInst = "TAddSub">   --->   Core 10 'TAddSub' <Latency = 0> <II = 1> <Delay = 0.50> <IPBlock> <Opcode : '<invalid operator> ' 'add' 'sub'> <InPorts = 3> <OutPorts = 1> <Sync> <CReg>
ST_2 : Operation 39 [1/1] (0.00ns)   --->   "%zext_ln82_2 = zext i9 %add_ln82_1" [src/conv1_tile.cpp:82]   --->   Operation 39 'zext' 'zext_ln82_2' <Predicate = (!icmp_ln79)> <Delay = 0.00>
ST_2 : Operation 40 [1/1] (0.00ns)   --->   "%layer1_output_tile_addr = getelementptr i32 %layer1_output_tile, i64 0, i64 %zext_ln82_2" [src/conv1_tile.cpp:82]   --->   Operation 40 'getelementptr' 'layer1_output_tile_addr' <Predicate = (!icmp_ln79)> <Delay = 0.00>
ST_2 : Operation 41 [1/1] (0.00ns)   --->   "%layer1_output_tile_1_addr = getelementptr i32 %layer1_output_tile_1, i64 0, i64 %zext_ln82_2" [src/conv1_tile.cpp:82]   --->   Operation 41 'getelementptr' 'layer1_output_tile_1_addr' <Predicate = (!icmp_ln79)> <Delay = 0.00>
ST_2 : Operation 42 [1/1] (0.00ns)   --->   "%layer1_output_tile_2_addr = getelementptr i32 %layer1_output_tile_2, i64 0, i64 %zext_ln82_2" [src/conv1_tile.cpp:82]   --->   Operation 42 'getelementptr' 'layer1_output_tile_2_addr' <Predicate = (!icmp_ln79)> <Delay = 0.00>
ST_2 : Operation 43 [1/1] (0.00ns)   --->   "%layer1_output_tile_3_addr = getelementptr i32 %layer1_output_tile_3, i64 0, i64 %zext_ln82_2" [src/conv1_tile.cpp:82]   --->   Operation 43 'getelementptr' 'layer1_output_tile_3_addr' <Predicate = (!icmp_ln79)> <Delay = 0.00>
ST_2 : Operation 44 [1/1] (0.00ns)   --->   "%layer1_output_tile_4_addr = getelementptr i32 %layer1_output_tile_4, i64 0, i64 %zext_ln82_2" [src/conv1_tile.cpp:82]   --->   Operation 44 'getelementptr' 'layer1_output_tile_4_addr' <Predicate = (!icmp_ln79)> <Delay = 0.00>
ST_2 : Operation 45 [1/1] (0.00ns)   --->   "%layer1_output_tile_5_addr = getelementptr i32 %layer1_output_tile_5, i64 0, i64 %zext_ln82_2" [src/conv1_tile.cpp:82]   --->   Operation 45 'getelementptr' 'layer1_output_tile_5_addr' <Predicate = (!icmp_ln79)> <Delay = 0.00>
ST_2 : Operation 46 [1/1] (0.00ns)   --->   "%layer1_output_tile_6_addr = getelementptr i32 %layer1_output_tile_6, i64 0, i64 %zext_ln82_2" [src/conv1_tile.cpp:82]   --->   Operation 46 'getelementptr' 'layer1_output_tile_6_addr' <Predicate = (!icmp_ln79)> <Delay = 0.00>
ST_2 : Operation 47 [1/1] (0.00ns)   --->   "%layer1_output_tile_7_addr = getelementptr i32 %layer1_output_tile_7, i64 0, i64 %zext_ln82_2" [src/conv1_tile.cpp:82]   --->   Operation 47 'getelementptr' 'layer1_output_tile_7_addr' <Predicate = (!icmp_ln79)> <Delay = 0.00>
ST_2 : Operation 48 [1/1] (0.00ns)   --->   "%layer1_output_tile_8_addr = getelementptr i32 %layer1_output_tile_8, i64 0, i64 %zext_ln82_2" [src/conv1_tile.cpp:82]   --->   Operation 48 'getelementptr' 'layer1_output_tile_8_addr' <Predicate = (!icmp_ln79)> <Delay = 0.00>
ST_2 : Operation 49 [1/1] (0.00ns)   --->   "%layer1_output_tile_9_addr = getelementptr i32 %layer1_output_tile_9, i64 0, i64 %zext_ln82_2" [src/conv1_tile.cpp:82]   --->   Operation 49 'getelementptr' 'layer1_output_tile_9_addr' <Predicate = (!icmp_ln79)> <Delay = 0.00>
ST_2 : Operation 50 [1/1] (0.00ns)   --->   "%layer1_output_tile_10_addr = getelementptr i32 %layer1_output_tile_10, i64 0, i64 %zext_ln82_2" [src/conv1_tile.cpp:82]   --->   Operation 50 'getelementptr' 'layer1_output_tile_10_addr' <Predicate = (!icmp_ln79)> <Delay = 0.00>
ST_2 : Operation 51 [1/1] (0.00ns)   --->   "%layer1_output_tile_11_addr = getelementptr i32 %layer1_output_tile_11, i64 0, i64 %zext_ln82_2" [src/conv1_tile.cpp:82]   --->   Operation 51 'getelementptr' 'layer1_output_tile_11_addr' <Predicate = (!icmp_ln79)> <Delay = 0.00>
ST_2 : Operation 52 [1/1] (0.00ns)   --->   "%layer1_output_tile_12_addr = getelementptr i32 %layer1_output_tile_12, i64 0, i64 %zext_ln82_2" [src/conv1_tile.cpp:82]   --->   Operation 52 'getelementptr' 'layer1_output_tile_12_addr' <Predicate = (!icmp_ln79)> <Delay = 0.00>
ST_2 : Operation 53 [1/1] (0.00ns)   --->   "%layer1_output_tile_13_addr = getelementptr i32 %layer1_output_tile_13, i64 0, i64 %zext_ln82_2" [src/conv1_tile.cpp:82]   --->   Operation 53 'getelementptr' 'layer1_output_tile_13_addr' <Predicate = (!icmp_ln79)> <Delay = 0.00>
ST_2 : Operation 54 [1/1] (0.00ns)   --->   "%layer1_output_tile_14_addr = getelementptr i32 %layer1_output_tile_14, i64 0, i64 %zext_ln82_2" [src/conv1_tile.cpp:82]   --->   Operation 54 'getelementptr' 'layer1_output_tile_14_addr' <Predicate = (!icmp_ln79)> <Delay = 0.00>
ST_2 : Operation 55 [1/1] (0.00ns)   --->   "%layer1_output_tile_15_addr = getelementptr i32 %layer1_output_tile_15, i64 0, i64 %zext_ln82_2" [src/conv1_tile.cpp:82]   --->   Operation 55 'getelementptr' 'layer1_output_tile_15_addr' <Predicate = (!icmp_ln79)> <Delay = 0.00>
ST_2 : Operation 56 [1/1] (0.00ns)   --->   "%layer1_output_tile_16_addr = getelementptr i32 %layer1_output_tile_16, i64 0, i64 %zext_ln82_2" [src/conv1_tile.cpp:82]   --->   Operation 56 'getelementptr' 'layer1_output_tile_16_addr' <Predicate = (!icmp_ln79)> <Delay = 0.00>
ST_2 : Operation 57 [1/1] (0.00ns)   --->   "%layer1_output_tile_17_addr = getelementptr i32 %layer1_output_tile_17, i64 0, i64 %zext_ln82_2" [src/conv1_tile.cpp:82]   --->   Operation 57 'getelementptr' 'layer1_output_tile_17_addr' <Predicate = (!icmp_ln79)> <Delay = 0.00>
ST_2 : Operation 58 [1/1] (0.00ns)   --->   "%layer1_output_tile_18_addr = getelementptr i32 %layer1_output_tile_18, i64 0, i64 %zext_ln82_2" [src/conv1_tile.cpp:82]   --->   Operation 58 'getelementptr' 'layer1_output_tile_18_addr' <Predicate = (!icmp_ln79)> <Delay = 0.00>
ST_2 : Operation 59 [1/1] (0.00ns)   --->   "%layer1_output_tile_19_addr = getelementptr i32 %layer1_output_tile_19, i64 0, i64 %zext_ln82_2" [src/conv1_tile.cpp:82]   --->   Operation 59 'getelementptr' 'layer1_output_tile_19_addr' <Predicate = (!icmp_ln79)> <Delay = 0.00>
ST_2 : Operation 60 [1/1] (0.00ns)   --->   "%layer1_output_tile_20_addr = getelementptr i32 %layer1_output_tile_20, i64 0, i64 %zext_ln82_2" [src/conv1_tile.cpp:82]   --->   Operation 60 'getelementptr' 'layer1_output_tile_20_addr' <Predicate = (!icmp_ln79)> <Delay = 0.00>
ST_2 : Operation 61 [1/1] (0.00ns)   --->   "%layer1_output_tile_21_addr = getelementptr i32 %layer1_output_tile_21, i64 0, i64 %zext_ln82_2" [src/conv1_tile.cpp:82]   --->   Operation 61 'getelementptr' 'layer1_output_tile_21_addr' <Predicate = (!icmp_ln79)> <Delay = 0.00>
ST_2 : Operation 62 [1/1] (0.00ns)   --->   "%layer1_output_tile_22_addr = getelementptr i32 %layer1_output_tile_22, i64 0, i64 %zext_ln82_2" [src/conv1_tile.cpp:82]   --->   Operation 62 'getelementptr' 'layer1_output_tile_22_addr' <Predicate = (!icmp_ln79)> <Delay = 0.00>
ST_2 : Operation 63 [1/1] (0.00ns)   --->   "%layer1_output_tile_23_addr = getelementptr i32 %layer1_output_tile_23, i64 0, i64 %zext_ln82_2" [src/conv1_tile.cpp:82]   --->   Operation 63 'getelementptr' 'layer1_output_tile_23_addr' <Predicate = (!icmp_ln79)> <Delay = 0.00>
ST_2 : Operation 64 [1/1] (0.00ns)   --->   "%layer1_output_tile_24_addr = getelementptr i32 %layer1_output_tile_24, i64 0, i64 %zext_ln82_2" [src/conv1_tile.cpp:82]   --->   Operation 64 'getelementptr' 'layer1_output_tile_24_addr' <Predicate = (!icmp_ln79)> <Delay = 0.00>
ST_2 : Operation 65 [1/1] (0.00ns)   --->   "%layer1_output_tile_25_addr = getelementptr i32 %layer1_output_tile_25, i64 0, i64 %zext_ln82_2" [src/conv1_tile.cpp:82]   --->   Operation 65 'getelementptr' 'layer1_output_tile_25_addr' <Predicate = (!icmp_ln79)> <Delay = 0.00>
ST_2 : Operation 66 [1/1] (0.00ns)   --->   "%layer1_output_tile_26_addr = getelementptr i32 %layer1_output_tile_26, i64 0, i64 %zext_ln82_2" [src/conv1_tile.cpp:82]   --->   Operation 66 'getelementptr' 'layer1_output_tile_26_addr' <Predicate = (!icmp_ln79)> <Delay = 0.00>
ST_2 : Operation 67 [1/1] (0.00ns)   --->   "%layer1_output_tile_27_addr = getelementptr i32 %layer1_output_tile_27, i64 0, i64 %zext_ln82_2" [src/conv1_tile.cpp:82]   --->   Operation 67 'getelementptr' 'layer1_output_tile_27_addr' <Predicate = (!icmp_ln79)> <Delay = 0.00>
ST_2 : Operation 68 [1/1] (0.00ns)   --->   "%layer1_output_tile_28_addr = getelementptr i32 %layer1_output_tile_28, i64 0, i64 %zext_ln82_2" [src/conv1_tile.cpp:82]   --->   Operation 68 'getelementptr' 'layer1_output_tile_28_addr' <Predicate = (!icmp_ln79)> <Delay = 0.00>
ST_2 : Operation 69 [1/1] (0.00ns)   --->   "%layer1_output_tile_29_addr = getelementptr i32 %layer1_output_tile_29, i64 0, i64 %zext_ln82_2" [src/conv1_tile.cpp:82]   --->   Operation 69 'getelementptr' 'layer1_output_tile_29_addr' <Predicate = (!icmp_ln79)> <Delay = 0.00>
ST_2 : Operation 70 [1/1] (0.00ns)   --->   "%layer1_output_tile_30_addr = getelementptr i32 %layer1_output_tile_30, i64 0, i64 %zext_ln82_2" [src/conv1_tile.cpp:82]   --->   Operation 70 'getelementptr' 'layer1_output_tile_30_addr' <Predicate = (!icmp_ln79)> <Delay = 0.00>
ST_2 : Operation 71 [1/1] (0.00ns)   --->   "%layer1_output_tile_31_addr = getelementptr i32 %layer1_output_tile_31, i64 0, i64 %zext_ln82_2" [src/conv1_tile.cpp:82]   --->   Operation 71 'getelementptr' 'layer1_output_tile_31_addr' <Predicate = (!icmp_ln79)> <Delay = 0.00>
ST_2 : Operation 72 [1/1] (0.00ns)   --->   "%layer1_output_tile_32_addr = getelementptr i32 %layer1_output_tile_32, i64 0, i64 %zext_ln82_2" [src/conv1_tile.cpp:82]   --->   Operation 72 'getelementptr' 'layer1_output_tile_32_addr' <Predicate = (!icmp_ln79)> <Delay = 0.00>
ST_2 : Operation 73 [1/1] (0.00ns)   --->   "%layer1_output_tile_33_addr = getelementptr i32 %layer1_output_tile_33, i64 0, i64 %zext_ln82_2" [src/conv1_tile.cpp:82]   --->   Operation 73 'getelementptr' 'layer1_output_tile_33_addr' <Predicate = (!icmp_ln79)> <Delay = 0.00>
ST_2 : Operation 74 [1/1] (0.00ns)   --->   "%layer1_output_tile_34_addr = getelementptr i32 %layer1_output_tile_34, i64 0, i64 %zext_ln82_2" [src/conv1_tile.cpp:82]   --->   Operation 74 'getelementptr' 'layer1_output_tile_34_addr' <Predicate = (!icmp_ln79)> <Delay = 0.00>
ST_2 : Operation 75 [1/1] (0.00ns)   --->   "%layer1_output_tile_35_addr = getelementptr i32 %layer1_output_tile_35, i64 0, i64 %zext_ln82_2" [src/conv1_tile.cpp:82]   --->   Operation 75 'getelementptr' 'layer1_output_tile_35_addr' <Predicate = (!icmp_ln79)> <Delay = 0.00>
ST_2 : Operation 76 [1/1] (0.00ns)   --->   "%layer1_output_tile_36_addr = getelementptr i32 %layer1_output_tile_36, i64 0, i64 %zext_ln82_2" [src/conv1_tile.cpp:82]   --->   Operation 76 'getelementptr' 'layer1_output_tile_36_addr' <Predicate = (!icmp_ln79)> <Delay = 0.00>
ST_2 : Operation 77 [1/1] (0.00ns)   --->   "%layer1_output_tile_37_addr = getelementptr i32 %layer1_output_tile_37, i64 0, i64 %zext_ln82_2" [src/conv1_tile.cpp:82]   --->   Operation 77 'getelementptr' 'layer1_output_tile_37_addr' <Predicate = (!icmp_ln79)> <Delay = 0.00>
ST_2 : Operation 78 [1/1] (0.00ns)   --->   "%layer1_output_tile_38_addr = getelementptr i32 %layer1_output_tile_38, i64 0, i64 %zext_ln82_2" [src/conv1_tile.cpp:82]   --->   Operation 78 'getelementptr' 'layer1_output_tile_38_addr' <Predicate = (!icmp_ln79)> <Delay = 0.00>
ST_2 : Operation 79 [1/1] (0.00ns)   --->   "%layer1_output_tile_39_addr = getelementptr i32 %layer1_output_tile_39, i64 0, i64 %zext_ln82_2" [src/conv1_tile.cpp:82]   --->   Operation 79 'getelementptr' 'layer1_output_tile_39_addr' <Predicate = (!icmp_ln79)> <Delay = 0.00>
ST_2 : Operation 80 [1/1] (0.00ns)   --->   "%layer1_output_tile_40_addr = getelementptr i32 %layer1_output_tile_40, i64 0, i64 %zext_ln82_2" [src/conv1_tile.cpp:82]   --->   Operation 80 'getelementptr' 'layer1_output_tile_40_addr' <Predicate = (!icmp_ln79)> <Delay = 0.00>
ST_2 : Operation 81 [1/1] (0.00ns)   --->   "%layer1_output_tile_41_addr = getelementptr i32 %layer1_output_tile_41, i64 0, i64 %zext_ln82_2" [src/conv1_tile.cpp:82]   --->   Operation 81 'getelementptr' 'layer1_output_tile_41_addr' <Predicate = (!icmp_ln79)> <Delay = 0.00>
ST_2 : Operation 82 [1/1] (0.00ns)   --->   "%layer1_output_tile_42_addr = getelementptr i32 %layer1_output_tile_42, i64 0, i64 %zext_ln82_2" [src/conv1_tile.cpp:82]   --->   Operation 82 'getelementptr' 'layer1_output_tile_42_addr' <Predicate = (!icmp_ln79)> <Delay = 0.00>
ST_2 : Operation 83 [1/1] (0.00ns)   --->   "%layer1_output_tile_43_addr = getelementptr i32 %layer1_output_tile_43, i64 0, i64 %zext_ln82_2" [src/conv1_tile.cpp:82]   --->   Operation 83 'getelementptr' 'layer1_output_tile_43_addr' <Predicate = (!icmp_ln79)> <Delay = 0.00>
ST_2 : Operation 84 [1/1] (0.00ns)   --->   "%layer1_output_tile_44_addr = getelementptr i32 %layer1_output_tile_44, i64 0, i64 %zext_ln82_2" [src/conv1_tile.cpp:82]   --->   Operation 84 'getelementptr' 'layer1_output_tile_44_addr' <Predicate = (!icmp_ln79)> <Delay = 0.00>
ST_2 : Operation 85 [1/1] (0.00ns)   --->   "%layer1_output_tile_45_addr = getelementptr i32 %layer1_output_tile_45, i64 0, i64 %zext_ln82_2" [src/conv1_tile.cpp:82]   --->   Operation 85 'getelementptr' 'layer1_output_tile_45_addr' <Predicate = (!icmp_ln79)> <Delay = 0.00>
ST_2 : Operation 86 [1/1] (0.00ns)   --->   "%layer1_output_tile_46_addr = getelementptr i32 %layer1_output_tile_46, i64 0, i64 %zext_ln82_2" [src/conv1_tile.cpp:82]   --->   Operation 86 'getelementptr' 'layer1_output_tile_46_addr' <Predicate = (!icmp_ln79)> <Delay = 0.00>
ST_2 : Operation 87 [1/1] (0.00ns)   --->   "%layer1_output_tile_47_addr = getelementptr i32 %layer1_output_tile_47, i64 0, i64 %zext_ln82_2" [src/conv1_tile.cpp:82]   --->   Operation 87 'getelementptr' 'layer1_output_tile_47_addr' <Predicate = (!icmp_ln79)> <Delay = 0.00>
ST_2 : Operation 88 [1/1] (0.00ns)   --->   "%layer1_output_tile_48_addr = getelementptr i32 %layer1_output_tile_48, i64 0, i64 %zext_ln82_2" [src/conv1_tile.cpp:82]   --->   Operation 88 'getelementptr' 'layer1_output_tile_48_addr' <Predicate = (!icmp_ln79)> <Delay = 0.00>
ST_2 : Operation 89 [1/1] (0.00ns)   --->   "%layer1_output_tile_49_addr = getelementptr i32 %layer1_output_tile_49, i64 0, i64 %zext_ln82_2" [src/conv1_tile.cpp:82]   --->   Operation 89 'getelementptr' 'layer1_output_tile_49_addr' <Predicate = (!icmp_ln79)> <Delay = 0.00>
ST_2 : Operation 90 [1/1] (0.00ns)   --->   "%layer1_output_tile_50_addr = getelementptr i32 %layer1_output_tile_50, i64 0, i64 %zext_ln82_2" [src/conv1_tile.cpp:82]   --->   Operation 90 'getelementptr' 'layer1_output_tile_50_addr' <Predicate = (!icmp_ln79)> <Delay = 0.00>
ST_2 : Operation 91 [1/1] (0.00ns)   --->   "%layer1_output_tile_51_addr = getelementptr i32 %layer1_output_tile_51, i64 0, i64 %zext_ln82_2" [src/conv1_tile.cpp:82]   --->   Operation 91 'getelementptr' 'layer1_output_tile_51_addr' <Predicate = (!icmp_ln79)> <Delay = 0.00>
ST_2 : Operation 92 [1/1] (0.00ns)   --->   "%layer1_output_tile_52_addr = getelementptr i32 %layer1_output_tile_52, i64 0, i64 %zext_ln82_2" [src/conv1_tile.cpp:82]   --->   Operation 92 'getelementptr' 'layer1_output_tile_52_addr' <Predicate = (!icmp_ln79)> <Delay = 0.00>
ST_2 : Operation 93 [1/1] (0.00ns)   --->   "%layer1_output_tile_53_addr = getelementptr i32 %layer1_output_tile_53, i64 0, i64 %zext_ln82_2" [src/conv1_tile.cpp:82]   --->   Operation 93 'getelementptr' 'layer1_output_tile_53_addr' <Predicate = (!icmp_ln79)> <Delay = 0.00>
ST_2 : Operation 94 [1/1] (0.00ns)   --->   "%layer1_output_tile_54_addr = getelementptr i32 %layer1_output_tile_54, i64 0, i64 %zext_ln82_2" [src/conv1_tile.cpp:82]   --->   Operation 94 'getelementptr' 'layer1_output_tile_54_addr' <Predicate = (!icmp_ln79)> <Delay = 0.00>
ST_2 : Operation 95 [1/1] (0.00ns)   --->   "%layer1_output_tile_55_addr = getelementptr i32 %layer1_output_tile_55, i64 0, i64 %zext_ln82_2" [src/conv1_tile.cpp:82]   --->   Operation 95 'getelementptr' 'layer1_output_tile_55_addr' <Predicate = (!icmp_ln79)> <Delay = 0.00>
ST_2 : Operation 96 [1/1] (0.00ns)   --->   "%layer1_output_tile_56_addr = getelementptr i32 %layer1_output_tile_56, i64 0, i64 %zext_ln82_2" [src/conv1_tile.cpp:82]   --->   Operation 96 'getelementptr' 'layer1_output_tile_56_addr' <Predicate = (!icmp_ln79)> <Delay = 0.00>
ST_2 : Operation 97 [1/1] (0.00ns)   --->   "%layer1_output_tile_57_addr = getelementptr i32 %layer1_output_tile_57, i64 0, i64 %zext_ln82_2" [src/conv1_tile.cpp:82]   --->   Operation 97 'getelementptr' 'layer1_output_tile_57_addr' <Predicate = (!icmp_ln79)> <Delay = 0.00>
ST_2 : Operation 98 [1/1] (0.00ns)   --->   "%layer1_output_tile_58_addr = getelementptr i32 %layer1_output_tile_58, i64 0, i64 %zext_ln82_2" [src/conv1_tile.cpp:82]   --->   Operation 98 'getelementptr' 'layer1_output_tile_58_addr' <Predicate = (!icmp_ln79)> <Delay = 0.00>
ST_2 : Operation 99 [1/1] (0.00ns)   --->   "%layer1_output_tile_59_addr = getelementptr i32 %layer1_output_tile_59, i64 0, i64 %zext_ln82_2" [src/conv1_tile.cpp:82]   --->   Operation 99 'getelementptr' 'layer1_output_tile_59_addr' <Predicate = (!icmp_ln79)> <Delay = 0.00>
ST_2 : Operation 100 [1/1] (0.00ns)   --->   "%layer1_output_tile_60_addr = getelementptr i32 %layer1_output_tile_60, i64 0, i64 %zext_ln82_2" [src/conv1_tile.cpp:82]   --->   Operation 100 'getelementptr' 'layer1_output_tile_60_addr' <Predicate = (!icmp_ln79)> <Delay = 0.00>
ST_2 : Operation 101 [1/1] (0.00ns)   --->   "%layer1_output_tile_61_addr = getelementptr i32 %layer1_output_tile_61, i64 0, i64 %zext_ln82_2" [src/conv1_tile.cpp:82]   --->   Operation 101 'getelementptr' 'layer1_output_tile_61_addr' <Predicate = (!icmp_ln79)> <Delay = 0.00>
ST_2 : Operation 102 [1/1] (0.00ns)   --->   "%layer1_output_tile_62_addr = getelementptr i32 %layer1_output_tile_62, i64 0, i64 %zext_ln82_2" [src/conv1_tile.cpp:82]   --->   Operation 102 'getelementptr' 'layer1_output_tile_62_addr' <Predicate = (!icmp_ln79)> <Delay = 0.00>
ST_2 : Operation 103 [1/1] (0.00ns)   --->   "%layer1_output_tile_63_addr = getelementptr i32 %layer1_output_tile_63, i64 0, i64 %zext_ln82_2" [src/conv1_tile.cpp:82]   --->   Operation 103 'getelementptr' 'layer1_output_tile_63_addr' <Predicate = (!icmp_ln79)> <Delay = 0.00>
ST_2 : Operation 104 [2/2] (1.23ns)   --->   "%layer1_output_tile_load = load i9 %layer1_output_tile_addr" [src/conv1_tile.cpp:82]   --->   Operation 104 'load' 'layer1_output_tile_load' <Predicate = (!icmp_ln79)> <Delay = 1.23> <CoreInst = "RAM">   --->   Core 83 'RAM' <Latency = 1> <II = 1> <Delay = 1.23> <Storage> <Opcode : 'load' 'store'> <Ports = 2> <Width = 32> <Depth = 289> <RAM>
ST_2 : Operation 105 [2/2] (1.23ns)   --->   "%layer1_output_tile_1_load = load i9 %layer1_output_tile_1_addr" [src/conv1_tile.cpp:82]   --->   Operation 105 'load' 'layer1_output_tile_1_load' <Predicate = (!icmp_ln79)> <Delay = 1.23> <CoreInst = "RAM">   --->   Core 83 'RAM' <Latency = 1> <II = 1> <Delay = 1.23> <Storage> <Opcode : 'load' 'store'> <Ports = 2> <Width = 32> <Depth = 289> <RAM>
ST_2 : Operation 106 [2/2] (1.23ns)   --->   "%layer1_output_tile_2_load = load i9 %layer1_output_tile_2_addr" [src/conv1_tile.cpp:82]   --->   Operation 106 'load' 'layer1_output_tile_2_load' <Predicate = (!icmp_ln79)> <Delay = 1.23> <CoreInst = "RAM">   --->   Core 83 'RAM' <Latency = 1> <II = 1> <Delay = 1.23> <Storage> <Opcode : 'load' 'store'> <Ports = 2> <Width = 32> <Depth = 289> <RAM>
ST_2 : Operation 107 [2/2] (1.23ns)   --->   "%layer1_output_tile_3_load = load i9 %layer1_output_tile_3_addr" [src/conv1_tile.cpp:82]   --->   Operation 107 'load' 'layer1_output_tile_3_load' <Predicate = (!icmp_ln79)> <Delay = 1.23> <CoreInst = "RAM">   --->   Core 83 'RAM' <Latency = 1> <II = 1> <Delay = 1.23> <Storage> <Opcode : 'load' 'store'> <Ports = 2> <Width = 32> <Depth = 289> <RAM>
ST_2 : Operation 108 [2/2] (1.23ns)   --->   "%layer1_output_tile_4_load = load i9 %layer1_output_tile_4_addr" [src/conv1_tile.cpp:82]   --->   Operation 108 'load' 'layer1_output_tile_4_load' <Predicate = (!icmp_ln79)> <Delay = 1.23> <CoreInst = "RAM">   --->   Core 83 'RAM' <Latency = 1> <II = 1> <Delay = 1.23> <Storage> <Opcode : 'load' 'store'> <Ports = 2> <Width = 32> <Depth = 289> <RAM>
ST_2 : Operation 109 [2/2] (1.23ns)   --->   "%layer1_output_tile_5_load = load i9 %layer1_output_tile_5_addr" [src/conv1_tile.cpp:82]   --->   Operation 109 'load' 'layer1_output_tile_5_load' <Predicate = (!icmp_ln79)> <Delay = 1.23> <CoreInst = "RAM">   --->   Core 83 'RAM' <Latency = 1> <II = 1> <Delay = 1.23> <Storage> <Opcode : 'load' 'store'> <Ports = 2> <Width = 32> <Depth = 289> <RAM>
ST_2 : Operation 110 [2/2] (1.23ns)   --->   "%layer1_output_tile_6_load = load i9 %layer1_output_tile_6_addr" [src/conv1_tile.cpp:82]   --->   Operation 110 'load' 'layer1_output_tile_6_load' <Predicate = (!icmp_ln79)> <Delay = 1.23> <CoreInst = "RAM">   --->   Core 83 'RAM' <Latency = 1> <II = 1> <Delay = 1.23> <Storage> <Opcode : 'load' 'store'> <Ports = 2> <Width = 32> <Depth = 289> <RAM>
ST_2 : Operation 111 [2/2] (1.23ns)   --->   "%layer1_output_tile_7_load = load i9 %layer1_output_tile_7_addr" [src/conv1_tile.cpp:82]   --->   Operation 111 'load' 'layer1_output_tile_7_load' <Predicate = (!icmp_ln79)> <Delay = 1.23> <CoreInst = "RAM">   --->   Core 83 'RAM' <Latency = 1> <II = 1> <Delay = 1.23> <Storage> <Opcode : 'load' 'store'> <Ports = 2> <Width = 32> <Depth = 289> <RAM>
ST_2 : Operation 112 [2/2] (1.23ns)   --->   "%layer1_output_tile_8_load = load i9 %layer1_output_tile_8_addr" [src/conv1_tile.cpp:82]   --->   Operation 112 'load' 'layer1_output_tile_8_load' <Predicate = (!icmp_ln79)> <Delay = 1.23> <CoreInst = "RAM">   --->   Core 83 'RAM' <Latency = 1> <II = 1> <Delay = 1.23> <Storage> <Opcode : 'load' 'store'> <Ports = 2> <Width = 32> <Depth = 289> <RAM>
ST_2 : Operation 113 [2/2] (1.23ns)   --->   "%layer1_output_tile_9_load = load i9 %layer1_output_tile_9_addr" [src/conv1_tile.cpp:82]   --->   Operation 113 'load' 'layer1_output_tile_9_load' <Predicate = (!icmp_ln79)> <Delay = 1.23> <CoreInst = "RAM">   --->   Core 83 'RAM' <Latency = 1> <II = 1> <Delay = 1.23> <Storage> <Opcode : 'load' 'store'> <Ports = 2> <Width = 32> <Depth = 289> <RAM>
ST_2 : Operation 114 [2/2] (1.23ns)   --->   "%layer1_output_tile_10_load = load i9 %layer1_output_tile_10_addr" [src/conv1_tile.cpp:82]   --->   Operation 114 'load' 'layer1_output_tile_10_load' <Predicate = (!icmp_ln79)> <Delay = 1.23> <CoreInst = "RAM">   --->   Core 83 'RAM' <Latency = 1> <II = 1> <Delay = 1.23> <Storage> <Opcode : 'load' 'store'> <Ports = 2> <Width = 32> <Depth = 289> <RAM>
ST_2 : Operation 115 [2/2] (1.23ns)   --->   "%layer1_output_tile_11_load = load i9 %layer1_output_tile_11_addr" [src/conv1_tile.cpp:82]   --->   Operation 115 'load' 'layer1_output_tile_11_load' <Predicate = (!icmp_ln79)> <Delay = 1.23> <CoreInst = "RAM">   --->   Core 83 'RAM' <Latency = 1> <II = 1> <Delay = 1.23> <Storage> <Opcode : 'load' 'store'> <Ports = 2> <Width = 32> <Depth = 289> <RAM>
ST_2 : Operation 116 [2/2] (1.23ns)   --->   "%layer1_output_tile_12_load = load i9 %layer1_output_tile_12_addr" [src/conv1_tile.cpp:82]   --->   Operation 116 'load' 'layer1_output_tile_12_load' <Predicate = (!icmp_ln79)> <Delay = 1.23> <CoreInst = "RAM">   --->   Core 83 'RAM' <Latency = 1> <II = 1> <Delay = 1.23> <Storage> <Opcode : 'load' 'store'> <Ports = 2> <Width = 32> <Depth = 289> <RAM>
ST_2 : Operation 117 [2/2] (1.23ns)   --->   "%layer1_output_tile_13_load = load i9 %layer1_output_tile_13_addr" [src/conv1_tile.cpp:82]   --->   Operation 117 'load' 'layer1_output_tile_13_load' <Predicate = (!icmp_ln79)> <Delay = 1.23> <CoreInst = "RAM">   --->   Core 83 'RAM' <Latency = 1> <II = 1> <Delay = 1.23> <Storage> <Opcode : 'load' 'store'> <Ports = 2> <Width = 32> <Depth = 289> <RAM>
ST_2 : Operation 118 [2/2] (1.23ns)   --->   "%layer1_output_tile_14_load = load i9 %layer1_output_tile_14_addr" [src/conv1_tile.cpp:82]   --->   Operation 118 'load' 'layer1_output_tile_14_load' <Predicate = (!icmp_ln79)> <Delay = 1.23> <CoreInst = "RAM">   --->   Core 83 'RAM' <Latency = 1> <II = 1> <Delay = 1.23> <Storage> <Opcode : 'load' 'store'> <Ports = 2> <Width = 32> <Depth = 289> <RAM>
ST_2 : Operation 119 [2/2] (1.23ns)   --->   "%layer1_output_tile_15_load = load i9 %layer1_output_tile_15_addr" [src/conv1_tile.cpp:82]   --->   Operation 119 'load' 'layer1_output_tile_15_load' <Predicate = (!icmp_ln79)> <Delay = 1.23> <CoreInst = "RAM">   --->   Core 83 'RAM' <Latency = 1> <II = 1> <Delay = 1.23> <Storage> <Opcode : 'load' 'store'> <Ports = 2> <Width = 32> <Depth = 289> <RAM>
ST_2 : Operation 120 [2/2] (1.23ns)   --->   "%layer1_output_tile_16_load = load i9 %layer1_output_tile_16_addr" [src/conv1_tile.cpp:82]   --->   Operation 120 'load' 'layer1_output_tile_16_load' <Predicate = (!icmp_ln79)> <Delay = 1.23> <CoreInst = "RAM">   --->   Core 83 'RAM' <Latency = 1> <II = 1> <Delay = 1.23> <Storage> <Opcode : 'load' 'store'> <Ports = 2> <Width = 32> <Depth = 289> <RAM>
ST_2 : Operation 121 [2/2] (1.23ns)   --->   "%layer1_output_tile_17_load = load i9 %layer1_output_tile_17_addr" [src/conv1_tile.cpp:82]   --->   Operation 121 'load' 'layer1_output_tile_17_load' <Predicate = (!icmp_ln79)> <Delay = 1.23> <CoreInst = "RAM">   --->   Core 83 'RAM' <Latency = 1> <II = 1> <Delay = 1.23> <Storage> <Opcode : 'load' 'store'> <Ports = 2> <Width = 32> <Depth = 289> <RAM>
ST_2 : Operation 122 [2/2] (1.23ns)   --->   "%layer1_output_tile_18_load = load i9 %layer1_output_tile_18_addr" [src/conv1_tile.cpp:82]   --->   Operation 122 'load' 'layer1_output_tile_18_load' <Predicate = (!icmp_ln79)> <Delay = 1.23> <CoreInst = "RAM">   --->   Core 83 'RAM' <Latency = 1> <II = 1> <Delay = 1.23> <Storage> <Opcode : 'load' 'store'> <Ports = 2> <Width = 32> <Depth = 289> <RAM>
ST_2 : Operation 123 [2/2] (1.23ns)   --->   "%layer1_output_tile_19_load = load i9 %layer1_output_tile_19_addr" [src/conv1_tile.cpp:82]   --->   Operation 123 'load' 'layer1_output_tile_19_load' <Predicate = (!icmp_ln79)> <Delay = 1.23> <CoreInst = "RAM">   --->   Core 83 'RAM' <Latency = 1> <II = 1> <Delay = 1.23> <Storage> <Opcode : 'load' 'store'> <Ports = 2> <Width = 32> <Depth = 289> <RAM>
ST_2 : Operation 124 [2/2] (1.23ns)   --->   "%layer1_output_tile_20_load = load i9 %layer1_output_tile_20_addr" [src/conv1_tile.cpp:82]   --->   Operation 124 'load' 'layer1_output_tile_20_load' <Predicate = (!icmp_ln79)> <Delay = 1.23> <CoreInst = "RAM">   --->   Core 83 'RAM' <Latency = 1> <II = 1> <Delay = 1.23> <Storage> <Opcode : 'load' 'store'> <Ports = 2> <Width = 32> <Depth = 289> <RAM>
ST_2 : Operation 125 [2/2] (1.23ns)   --->   "%layer1_output_tile_21_load = load i9 %layer1_output_tile_21_addr" [src/conv1_tile.cpp:82]   --->   Operation 125 'load' 'layer1_output_tile_21_load' <Predicate = (!icmp_ln79)> <Delay = 1.23> <CoreInst = "RAM">   --->   Core 83 'RAM' <Latency = 1> <II = 1> <Delay = 1.23> <Storage> <Opcode : 'load' 'store'> <Ports = 2> <Width = 32> <Depth = 289> <RAM>
ST_2 : Operation 126 [2/2] (1.23ns)   --->   "%layer1_output_tile_22_load = load i9 %layer1_output_tile_22_addr" [src/conv1_tile.cpp:82]   --->   Operation 126 'load' 'layer1_output_tile_22_load' <Predicate = (!icmp_ln79)> <Delay = 1.23> <CoreInst = "RAM">   --->   Core 83 'RAM' <Latency = 1> <II = 1> <Delay = 1.23> <Storage> <Opcode : 'load' 'store'> <Ports = 2> <Width = 32> <Depth = 289> <RAM>
ST_2 : Operation 127 [2/2] (1.23ns)   --->   "%layer1_output_tile_23_load = load i9 %layer1_output_tile_23_addr" [src/conv1_tile.cpp:82]   --->   Operation 127 'load' 'layer1_output_tile_23_load' <Predicate = (!icmp_ln79)> <Delay = 1.23> <CoreInst = "RAM">   --->   Core 83 'RAM' <Latency = 1> <II = 1> <Delay = 1.23> <Storage> <Opcode : 'load' 'store'> <Ports = 2> <Width = 32> <Depth = 289> <RAM>
ST_2 : Operation 128 [2/2] (1.23ns)   --->   "%layer1_output_tile_24_load = load i9 %layer1_output_tile_24_addr" [src/conv1_tile.cpp:82]   --->   Operation 128 'load' 'layer1_output_tile_24_load' <Predicate = (!icmp_ln79)> <Delay = 1.23> <CoreInst = "RAM">   --->   Core 83 'RAM' <Latency = 1> <II = 1> <Delay = 1.23> <Storage> <Opcode : 'load' 'store'> <Ports = 2> <Width = 32> <Depth = 289> <RAM>
ST_2 : Operation 129 [2/2] (1.23ns)   --->   "%layer1_output_tile_25_load = load i9 %layer1_output_tile_25_addr" [src/conv1_tile.cpp:82]   --->   Operation 129 'load' 'layer1_output_tile_25_load' <Predicate = (!icmp_ln79)> <Delay = 1.23> <CoreInst = "RAM">   --->   Core 83 'RAM' <Latency = 1> <II = 1> <Delay = 1.23> <Storage> <Opcode : 'load' 'store'> <Ports = 2> <Width = 32> <Depth = 289> <RAM>
ST_2 : Operation 130 [2/2] (1.23ns)   --->   "%layer1_output_tile_26_load = load i9 %layer1_output_tile_26_addr" [src/conv1_tile.cpp:82]   --->   Operation 130 'load' 'layer1_output_tile_26_load' <Predicate = (!icmp_ln79)> <Delay = 1.23> <CoreInst = "RAM">   --->   Core 83 'RAM' <Latency = 1> <II = 1> <Delay = 1.23> <Storage> <Opcode : 'load' 'store'> <Ports = 2> <Width = 32> <Depth = 289> <RAM>
ST_2 : Operation 131 [2/2] (1.23ns)   --->   "%layer1_output_tile_27_load = load i9 %layer1_output_tile_27_addr" [src/conv1_tile.cpp:82]   --->   Operation 131 'load' 'layer1_output_tile_27_load' <Predicate = (!icmp_ln79)> <Delay = 1.23> <CoreInst = "RAM">   --->   Core 83 'RAM' <Latency = 1> <II = 1> <Delay = 1.23> <Storage> <Opcode : 'load' 'store'> <Ports = 2> <Width = 32> <Depth = 289> <RAM>
ST_2 : Operation 132 [2/2] (1.23ns)   --->   "%layer1_output_tile_28_load = load i9 %layer1_output_tile_28_addr" [src/conv1_tile.cpp:82]   --->   Operation 132 'load' 'layer1_output_tile_28_load' <Predicate = (!icmp_ln79)> <Delay = 1.23> <CoreInst = "RAM">   --->   Core 83 'RAM' <Latency = 1> <II = 1> <Delay = 1.23> <Storage> <Opcode : 'load' 'store'> <Ports = 2> <Width = 32> <Depth = 289> <RAM>
ST_2 : Operation 133 [2/2] (1.23ns)   --->   "%layer1_output_tile_29_load = load i9 %layer1_output_tile_29_addr" [src/conv1_tile.cpp:82]   --->   Operation 133 'load' 'layer1_output_tile_29_load' <Predicate = (!icmp_ln79)> <Delay = 1.23> <CoreInst = "RAM">   --->   Core 83 'RAM' <Latency = 1> <II = 1> <Delay = 1.23> <Storage> <Opcode : 'load' 'store'> <Ports = 2> <Width = 32> <Depth = 289> <RAM>
ST_2 : Operation 134 [2/2] (1.23ns)   --->   "%layer1_output_tile_30_load = load i9 %layer1_output_tile_30_addr" [src/conv1_tile.cpp:82]   --->   Operation 134 'load' 'layer1_output_tile_30_load' <Predicate = (!icmp_ln79)> <Delay = 1.23> <CoreInst = "RAM">   --->   Core 83 'RAM' <Latency = 1> <II = 1> <Delay = 1.23> <Storage> <Opcode : 'load' 'store'> <Ports = 2> <Width = 32> <Depth = 289> <RAM>
ST_2 : Operation 135 [2/2] (1.23ns)   --->   "%layer1_output_tile_31_load = load i9 %layer1_output_tile_31_addr" [src/conv1_tile.cpp:82]   --->   Operation 135 'load' 'layer1_output_tile_31_load' <Predicate = (!icmp_ln79)> <Delay = 1.23> <CoreInst = "RAM">   --->   Core 83 'RAM' <Latency = 1> <II = 1> <Delay = 1.23> <Storage> <Opcode : 'load' 'store'> <Ports = 2> <Width = 32> <Depth = 289> <RAM>
ST_2 : Operation 136 [2/2] (1.23ns)   --->   "%layer1_output_tile_32_load = load i9 %layer1_output_tile_32_addr" [src/conv1_tile.cpp:82]   --->   Operation 136 'load' 'layer1_output_tile_32_load' <Predicate = (!icmp_ln79)> <Delay = 1.23> <CoreInst = "RAM">   --->   Core 83 'RAM' <Latency = 1> <II = 1> <Delay = 1.23> <Storage> <Opcode : 'load' 'store'> <Ports = 2> <Width = 32> <Depth = 289> <RAM>
ST_2 : Operation 137 [2/2] (1.23ns)   --->   "%layer1_output_tile_33_load = load i9 %layer1_output_tile_33_addr" [src/conv1_tile.cpp:82]   --->   Operation 137 'load' 'layer1_output_tile_33_load' <Predicate = (!icmp_ln79)> <Delay = 1.23> <CoreInst = "RAM">   --->   Core 83 'RAM' <Latency = 1> <II = 1> <Delay = 1.23> <Storage> <Opcode : 'load' 'store'> <Ports = 2> <Width = 32> <Depth = 289> <RAM>
ST_2 : Operation 138 [2/2] (1.23ns)   --->   "%layer1_output_tile_34_load = load i9 %layer1_output_tile_34_addr" [src/conv1_tile.cpp:82]   --->   Operation 138 'load' 'layer1_output_tile_34_load' <Predicate = (!icmp_ln79)> <Delay = 1.23> <CoreInst = "RAM">   --->   Core 83 'RAM' <Latency = 1> <II = 1> <Delay = 1.23> <Storage> <Opcode : 'load' 'store'> <Ports = 2> <Width = 32> <Depth = 289> <RAM>
ST_2 : Operation 139 [2/2] (1.23ns)   --->   "%layer1_output_tile_35_load = load i9 %layer1_output_tile_35_addr" [src/conv1_tile.cpp:82]   --->   Operation 139 'load' 'layer1_output_tile_35_load' <Predicate = (!icmp_ln79)> <Delay = 1.23> <CoreInst = "RAM">   --->   Core 83 'RAM' <Latency = 1> <II = 1> <Delay = 1.23> <Storage> <Opcode : 'load' 'store'> <Ports = 2> <Width = 32> <Depth = 289> <RAM>
ST_2 : Operation 140 [2/2] (1.23ns)   --->   "%layer1_output_tile_36_load = load i9 %layer1_output_tile_36_addr" [src/conv1_tile.cpp:82]   --->   Operation 140 'load' 'layer1_output_tile_36_load' <Predicate = (!icmp_ln79)> <Delay = 1.23> <CoreInst = "RAM">   --->   Core 83 'RAM' <Latency = 1> <II = 1> <Delay = 1.23> <Storage> <Opcode : 'load' 'store'> <Ports = 2> <Width = 32> <Depth = 289> <RAM>
ST_2 : Operation 141 [2/2] (1.23ns)   --->   "%layer1_output_tile_37_load = load i9 %layer1_output_tile_37_addr" [src/conv1_tile.cpp:82]   --->   Operation 141 'load' 'layer1_output_tile_37_load' <Predicate = (!icmp_ln79)> <Delay = 1.23> <CoreInst = "RAM">   --->   Core 83 'RAM' <Latency = 1> <II = 1> <Delay = 1.23> <Storage> <Opcode : 'load' 'store'> <Ports = 2> <Width = 32> <Depth = 289> <RAM>
ST_2 : Operation 142 [2/2] (1.23ns)   --->   "%layer1_output_tile_38_load = load i9 %layer1_output_tile_38_addr" [src/conv1_tile.cpp:82]   --->   Operation 142 'load' 'layer1_output_tile_38_load' <Predicate = (!icmp_ln79)> <Delay = 1.23> <CoreInst = "RAM">   --->   Core 83 'RAM' <Latency = 1> <II = 1> <Delay = 1.23> <Storage> <Opcode : 'load' 'store'> <Ports = 2> <Width = 32> <Depth = 289> <RAM>
ST_2 : Operation 143 [2/2] (1.23ns)   --->   "%layer1_output_tile_39_load = load i9 %layer1_output_tile_39_addr" [src/conv1_tile.cpp:82]   --->   Operation 143 'load' 'layer1_output_tile_39_load' <Predicate = (!icmp_ln79)> <Delay = 1.23> <CoreInst = "RAM">   --->   Core 83 'RAM' <Latency = 1> <II = 1> <Delay = 1.23> <Storage> <Opcode : 'load' 'store'> <Ports = 2> <Width = 32> <Depth = 289> <RAM>
ST_2 : Operation 144 [2/2] (1.23ns)   --->   "%layer1_output_tile_40_load = load i9 %layer1_output_tile_40_addr" [src/conv1_tile.cpp:82]   --->   Operation 144 'load' 'layer1_output_tile_40_load' <Predicate = (!icmp_ln79)> <Delay = 1.23> <CoreInst = "RAM">   --->   Core 83 'RAM' <Latency = 1> <II = 1> <Delay = 1.23> <Storage> <Opcode : 'load' 'store'> <Ports = 2> <Width = 32> <Depth = 289> <RAM>
ST_2 : Operation 145 [2/2] (1.23ns)   --->   "%layer1_output_tile_41_load = load i9 %layer1_output_tile_41_addr" [src/conv1_tile.cpp:82]   --->   Operation 145 'load' 'layer1_output_tile_41_load' <Predicate = (!icmp_ln79)> <Delay = 1.23> <CoreInst = "RAM">   --->   Core 83 'RAM' <Latency = 1> <II = 1> <Delay = 1.23> <Storage> <Opcode : 'load' 'store'> <Ports = 2> <Width = 32> <Depth = 289> <RAM>
ST_2 : Operation 146 [2/2] (1.23ns)   --->   "%layer1_output_tile_42_load = load i9 %layer1_output_tile_42_addr" [src/conv1_tile.cpp:82]   --->   Operation 146 'load' 'layer1_output_tile_42_load' <Predicate = (!icmp_ln79)> <Delay = 1.23> <CoreInst = "RAM">   --->   Core 83 'RAM' <Latency = 1> <II = 1> <Delay = 1.23> <Storage> <Opcode : 'load' 'store'> <Ports = 2> <Width = 32> <Depth = 289> <RAM>
ST_2 : Operation 147 [2/2] (1.23ns)   --->   "%layer1_output_tile_43_load = load i9 %layer1_output_tile_43_addr" [src/conv1_tile.cpp:82]   --->   Operation 147 'load' 'layer1_output_tile_43_load' <Predicate = (!icmp_ln79)> <Delay = 1.23> <CoreInst = "RAM">   --->   Core 83 'RAM' <Latency = 1> <II = 1> <Delay = 1.23> <Storage> <Opcode : 'load' 'store'> <Ports = 2> <Width = 32> <Depth = 289> <RAM>
ST_2 : Operation 148 [2/2] (1.23ns)   --->   "%layer1_output_tile_44_load = load i9 %layer1_output_tile_44_addr" [src/conv1_tile.cpp:82]   --->   Operation 148 'load' 'layer1_output_tile_44_load' <Predicate = (!icmp_ln79)> <Delay = 1.23> <CoreInst = "RAM">   --->   Core 83 'RAM' <Latency = 1> <II = 1> <Delay = 1.23> <Storage> <Opcode : 'load' 'store'> <Ports = 2> <Width = 32> <Depth = 289> <RAM>
ST_2 : Operation 149 [2/2] (1.23ns)   --->   "%layer1_output_tile_45_load = load i9 %layer1_output_tile_45_addr" [src/conv1_tile.cpp:82]   --->   Operation 149 'load' 'layer1_output_tile_45_load' <Predicate = (!icmp_ln79)> <Delay = 1.23> <CoreInst = "RAM">   --->   Core 83 'RAM' <Latency = 1> <II = 1> <Delay = 1.23> <Storage> <Opcode : 'load' 'store'> <Ports = 2> <Width = 32> <Depth = 289> <RAM>
ST_2 : Operation 150 [2/2] (1.23ns)   --->   "%layer1_output_tile_46_load = load i9 %layer1_output_tile_46_addr" [src/conv1_tile.cpp:82]   --->   Operation 150 'load' 'layer1_output_tile_46_load' <Predicate = (!icmp_ln79)> <Delay = 1.23> <CoreInst = "RAM">   --->   Core 83 'RAM' <Latency = 1> <II = 1> <Delay = 1.23> <Storage> <Opcode : 'load' 'store'> <Ports = 2> <Width = 32> <Depth = 289> <RAM>
ST_2 : Operation 151 [2/2] (1.23ns)   --->   "%layer1_output_tile_47_load = load i9 %layer1_output_tile_47_addr" [src/conv1_tile.cpp:82]   --->   Operation 151 'load' 'layer1_output_tile_47_load' <Predicate = (!icmp_ln79)> <Delay = 1.23> <CoreInst = "RAM">   --->   Core 83 'RAM' <Latency = 1> <II = 1> <Delay = 1.23> <Storage> <Opcode : 'load' 'store'> <Ports = 2> <Width = 32> <Depth = 289> <RAM>
ST_2 : Operation 152 [2/2] (1.23ns)   --->   "%layer1_output_tile_48_load = load i9 %layer1_output_tile_48_addr" [src/conv1_tile.cpp:82]   --->   Operation 152 'load' 'layer1_output_tile_48_load' <Predicate = (!icmp_ln79)> <Delay = 1.23> <CoreInst = "RAM">   --->   Core 83 'RAM' <Latency = 1> <II = 1> <Delay = 1.23> <Storage> <Opcode : 'load' 'store'> <Ports = 2> <Width = 32> <Depth = 289> <RAM>
ST_2 : Operation 153 [2/2] (1.23ns)   --->   "%layer1_output_tile_49_load = load i9 %layer1_output_tile_49_addr" [src/conv1_tile.cpp:82]   --->   Operation 153 'load' 'layer1_output_tile_49_load' <Predicate = (!icmp_ln79)> <Delay = 1.23> <CoreInst = "RAM">   --->   Core 83 'RAM' <Latency = 1> <II = 1> <Delay = 1.23> <Storage> <Opcode : 'load' 'store'> <Ports = 2> <Width = 32> <Depth = 289> <RAM>
ST_2 : Operation 154 [2/2] (1.23ns)   --->   "%layer1_output_tile_50_load = load i9 %layer1_output_tile_50_addr" [src/conv1_tile.cpp:82]   --->   Operation 154 'load' 'layer1_output_tile_50_load' <Predicate = (!icmp_ln79)> <Delay = 1.23> <CoreInst = "RAM">   --->   Core 83 'RAM' <Latency = 1> <II = 1> <Delay = 1.23> <Storage> <Opcode : 'load' 'store'> <Ports = 2> <Width = 32> <Depth = 289> <RAM>
ST_2 : Operation 155 [2/2] (1.23ns)   --->   "%layer1_output_tile_51_load = load i9 %layer1_output_tile_51_addr" [src/conv1_tile.cpp:82]   --->   Operation 155 'load' 'layer1_output_tile_51_load' <Predicate = (!icmp_ln79)> <Delay = 1.23> <CoreInst = "RAM">   --->   Core 83 'RAM' <Latency = 1> <II = 1> <Delay = 1.23> <Storage> <Opcode : 'load' 'store'> <Ports = 2> <Width = 32> <Depth = 289> <RAM>
ST_2 : Operation 156 [2/2] (1.23ns)   --->   "%layer1_output_tile_52_load = load i9 %layer1_output_tile_52_addr" [src/conv1_tile.cpp:82]   --->   Operation 156 'load' 'layer1_output_tile_52_load' <Predicate = (!icmp_ln79)> <Delay = 1.23> <CoreInst = "RAM">   --->   Core 83 'RAM' <Latency = 1> <II = 1> <Delay = 1.23> <Storage> <Opcode : 'load' 'store'> <Ports = 2> <Width = 32> <Depth = 289> <RAM>
ST_2 : Operation 157 [2/2] (1.23ns)   --->   "%layer1_output_tile_53_load = load i9 %layer1_output_tile_53_addr" [src/conv1_tile.cpp:82]   --->   Operation 157 'load' 'layer1_output_tile_53_load' <Predicate = (!icmp_ln79)> <Delay = 1.23> <CoreInst = "RAM">   --->   Core 83 'RAM' <Latency = 1> <II = 1> <Delay = 1.23> <Storage> <Opcode : 'load' 'store'> <Ports = 2> <Width = 32> <Depth = 289> <RAM>
ST_2 : Operation 158 [2/2] (1.23ns)   --->   "%layer1_output_tile_54_load = load i9 %layer1_output_tile_54_addr" [src/conv1_tile.cpp:82]   --->   Operation 158 'load' 'layer1_output_tile_54_load' <Predicate = (!icmp_ln79)> <Delay = 1.23> <CoreInst = "RAM">   --->   Core 83 'RAM' <Latency = 1> <II = 1> <Delay = 1.23> <Storage> <Opcode : 'load' 'store'> <Ports = 2> <Width = 32> <Depth = 289> <RAM>
ST_2 : Operation 159 [2/2] (1.23ns)   --->   "%layer1_output_tile_55_load = load i9 %layer1_output_tile_55_addr" [src/conv1_tile.cpp:82]   --->   Operation 159 'load' 'layer1_output_tile_55_load' <Predicate = (!icmp_ln79)> <Delay = 1.23> <CoreInst = "RAM">   --->   Core 83 'RAM' <Latency = 1> <II = 1> <Delay = 1.23> <Storage> <Opcode : 'load' 'store'> <Ports = 2> <Width = 32> <Depth = 289> <RAM>
ST_2 : Operation 160 [2/2] (1.23ns)   --->   "%layer1_output_tile_56_load = load i9 %layer1_output_tile_56_addr" [src/conv1_tile.cpp:82]   --->   Operation 160 'load' 'layer1_output_tile_56_load' <Predicate = (!icmp_ln79)> <Delay = 1.23> <CoreInst = "RAM">   --->   Core 83 'RAM' <Latency = 1> <II = 1> <Delay = 1.23> <Storage> <Opcode : 'load' 'store'> <Ports = 2> <Width = 32> <Depth = 289> <RAM>
ST_2 : Operation 161 [2/2] (1.23ns)   --->   "%layer1_output_tile_57_load = load i9 %layer1_output_tile_57_addr" [src/conv1_tile.cpp:82]   --->   Operation 161 'load' 'layer1_output_tile_57_load' <Predicate = (!icmp_ln79)> <Delay = 1.23> <CoreInst = "RAM">   --->   Core 83 'RAM' <Latency = 1> <II = 1> <Delay = 1.23> <Storage> <Opcode : 'load' 'store'> <Ports = 2> <Width = 32> <Depth = 289> <RAM>
ST_2 : Operation 162 [2/2] (1.23ns)   --->   "%layer1_output_tile_58_load = load i9 %layer1_output_tile_58_addr" [src/conv1_tile.cpp:82]   --->   Operation 162 'load' 'layer1_output_tile_58_load' <Predicate = (!icmp_ln79)> <Delay = 1.23> <CoreInst = "RAM">   --->   Core 83 'RAM' <Latency = 1> <II = 1> <Delay = 1.23> <Storage> <Opcode : 'load' 'store'> <Ports = 2> <Width = 32> <Depth = 289> <RAM>
ST_2 : Operation 163 [2/2] (1.23ns)   --->   "%layer1_output_tile_59_load = load i9 %layer1_output_tile_59_addr" [src/conv1_tile.cpp:82]   --->   Operation 163 'load' 'layer1_output_tile_59_load' <Predicate = (!icmp_ln79)> <Delay = 1.23> <CoreInst = "RAM">   --->   Core 83 'RAM' <Latency = 1> <II = 1> <Delay = 1.23> <Storage> <Opcode : 'load' 'store'> <Ports = 2> <Width = 32> <Depth = 289> <RAM>
ST_2 : Operation 164 [2/2] (1.23ns)   --->   "%layer1_output_tile_60_load = load i9 %layer1_output_tile_60_addr" [src/conv1_tile.cpp:82]   --->   Operation 164 'load' 'layer1_output_tile_60_load' <Predicate = (!icmp_ln79)> <Delay = 1.23> <CoreInst = "RAM">   --->   Core 83 'RAM' <Latency = 1> <II = 1> <Delay = 1.23> <Storage> <Opcode : 'load' 'store'> <Ports = 2> <Width = 32> <Depth = 289> <RAM>
ST_2 : Operation 165 [2/2] (1.23ns)   --->   "%layer1_output_tile_61_load = load i9 %layer1_output_tile_61_addr" [src/conv1_tile.cpp:82]   --->   Operation 165 'load' 'layer1_output_tile_61_load' <Predicate = (!icmp_ln79)> <Delay = 1.23> <CoreInst = "RAM">   --->   Core 83 'RAM' <Latency = 1> <II = 1> <Delay = 1.23> <Storage> <Opcode : 'load' 'store'> <Ports = 2> <Width = 32> <Depth = 289> <RAM>
ST_2 : Operation 166 [2/2] (1.23ns)   --->   "%layer1_output_tile_62_load = load i9 %layer1_output_tile_62_addr" [src/conv1_tile.cpp:82]   --->   Operation 166 'load' 'layer1_output_tile_62_load' <Predicate = (!icmp_ln79)> <Delay = 1.23> <CoreInst = "RAM">   --->   Core 83 'RAM' <Latency = 1> <II = 1> <Delay = 1.23> <Storage> <Opcode : 'load' 'store'> <Ports = 2> <Width = 32> <Depth = 289> <RAM>
ST_2 : Operation 167 [2/2] (1.23ns)   --->   "%layer1_output_tile_63_load = load i9 %layer1_output_tile_63_addr" [src/conv1_tile.cpp:82]   --->   Operation 167 'load' 'layer1_output_tile_63_load' <Predicate = (!icmp_ln79)> <Delay = 1.23> <CoreInst = "RAM">   --->   Core 83 'RAM' <Latency = 1> <II = 1> <Delay = 1.23> <Storage> <Opcode : 'load' 'store'> <Ports = 2> <Width = 32> <Depth = 289> <RAM>
ST_2 : Operation 168 [1/1] (0.78ns)   --->   "%add_ln81 = add i5 %select_ln80, i5 1" [src/conv1_tile.cpp:81]   --->   Operation 168 'add' 'add_ln81' <Predicate = (!icmp_ln79)> <Delay = 0.78> <CoreInst = "Adder">   --->   Core 1 'Adder' <Latency = 0> <II = 1> <Delay = 0.78> <FuncUnit> <Opcode : 'add' 'sub'> <InPorts = 2> <OutPorts = 1>
ST_2 : Operation 169 [1/1] (0.78ns)   --->   "%add_ln80_1 = add i10 %indvar_flatten479_load, i10 1" [src/conv1_tile.cpp:80]   --->   Operation 169 'add' 'add_ln80_1' <Predicate = (!icmp_ln79)> <Delay = 0.78> <CoreInst = "Adder">   --->   Core 1 'Adder' <Latency = 0> <II = 1> <Delay = 0.78> <FuncUnit> <Opcode : 'add' 'sub'> <InPorts = 2> <OutPorts = 1>
ST_2 : Operation 170 [1/1] (0.40ns)   --->   "%select_ln80_2 = select i1 %icmp_ln80, i10 1, i10 %add_ln80_1" [src/conv1_tile.cpp:80]   --->   Operation 170 'select' 'select_ln80_2' <Predicate = (!icmp_ln79)> <Delay = 0.40> <CoreInst = "Sel">   --->   Core 73 'Sel' <Latency = 0> <II = 1> <Delay = 0.40> <FuncUnit> <Opcode : 'select'> <InPorts = 3> <OutPorts = 1>
ST_2 : Operation 171 [1/1] (0.42ns)   --->   "%store_ln81 = store i15 %add_ln79_1, i15 %indvar_flatten492" [src/conv1_tile.cpp:81]   --->   Operation 171 'store' 'store_ln81' <Predicate = (!icmp_ln79)> <Delay = 0.42>
ST_2 : Operation 172 [1/1] (0.42ns)   --->   "%store_ln81 = store i10 %select_ln80_2, i10 %indvar_flatten479" [src/conv1_tile.cpp:81]   --->   Operation 172 'store' 'store_ln81' <Predicate = (!icmp_ln79)> <Delay = 0.42>
ST_2 : Operation 173 [1/1] (0.42ns)   --->   "%store_ln81 = store i5 %select_ln80_1, i5 %th_1" [src/conv1_tile.cpp:81]   --->   Operation 173 'store' 'store_ln81' <Predicate = (!icmp_ln79)> <Delay = 0.42>
ST_2 : Operation 174 [1/1] (0.42ns)   --->   "%store_ln81 = store i5 %add_ln81, i5 %tw" [src/conv1_tile.cpp:81]   --->   Operation 174 'store' 'store_ln81' <Predicate = (!icmp_ln79)> <Delay = 0.42>
ST_2 : Operation 254 [1/1] (0.00ns)   --->   "%ret_ln0 = ret"   --->   Operation 254 'ret' 'ret_ln0' <Predicate = (icmp_ln79)> <Delay = 0.00>

State 3 <SV = 2> <Delay = 3.80>
ST_3 : Operation 175 [1/1] (0.00ns)   --->   "%feat_load = load i7 %feat" [src/conv1_tile.cpp:79]   --->   Operation 175 'load' 'feat_load' <Predicate = true> <Delay = 0.00>
ST_3 : Operation 176 [1/1] (0.77ns)   --->   "%add_ln79 = add i7 %feat_load, i7 1" [src/conv1_tile.cpp:79]   --->   Operation 176 'add' 'add_ln79' <Predicate = (icmp_ln80)> <Delay = 0.77> <CoreInst = "Adder">   --->   Core 1 'Adder' <Latency = 0> <II = 1> <Delay = 0.77> <FuncUnit> <Opcode : 'add' 'sub'> <InPorts = 2> <OutPorts = 1>
ST_3 : Operation 177 [1/1] (0.00ns)   --->   "%specloopname_ln0 = specloopname void @_ssdm_op_SpecLoopName, void @STREAM_OUT_CONV1_VITIS_LOOP_80_3_VITIS_LOOP_81_4_str"   --->   Operation 177 'specloopname' 'specloopname_ln0' <Predicate = true> <Delay = 0.00>
ST_3 : Operation 178 [1/1] (0.00ns)   --->   "%speclooptripcount_ln0 = speclooptripcount void @_ssdm_op_SpecLoopTripCount, i64 18496, i64 18496, i64 18496"   --->   Operation 178 'speclooptripcount' 'speclooptripcount_ln0' <Predicate = true> <Delay = 0.00>
ST_3 : Operation 179 [1/1] (0.36ns)   --->   "%select_ln79_1 = select i1 %icmp_ln80, i7 %add_ln79, i7 %feat_load" [src/conv1_tile.cpp:79]   --->   Operation 179 'select' 'select_ln79_1' <Predicate = true> <Delay = 0.36> <CoreInst = "Sel">   --->   Core 73 'Sel' <Latency = 0> <II = 1> <Delay = 0.36> <FuncUnit> <Opcode : 'select'> <InPorts = 3> <OutPorts = 1>
ST_3 : Operation 180 [1/1] (0.00ns)   --->   "%trunc_ln79 = trunc i7 %select_ln79_1" [src/conv1_tile.cpp:79]   --->   Operation 180 'trunc' 'trunc_ln79' <Predicate = true> <Delay = 0.00>
ST_3 : Operation 181 [1/1] (0.00ns)   --->   "%specpipeline_ln0 = specpipeline void @_ssdm_op_SpecPipeline, i32 4294967295, i32 0, i32 1, i32 0, void @p_str"   --->   Operation 181 'specpipeline' 'specpipeline_ln0' <Predicate = true> <Delay = 0.00>
ST_3 : Operation 182 [1/1] (0.00ns)   --->   "%specloopname_ln0 = specloopname void @_ssdm_op_SpecLoopName, void @VITIS_LOOP_80_3_VITIS_LOOP_81_4_str"   --->   Operation 182 'specloopname' 'specloopname_ln0' <Predicate = true> <Delay = 0.00>
ST_3 : Operation 183 [1/1] (0.00ns)   --->   "%specpipeline_ln0 = specpipeline void @_ssdm_op_SpecPipeline, i32 4294967295, i32 0, i32 1, i32 0, void @p_str"   --->   Operation 183 'specpipeline' 'specpipeline_ln0' <Predicate = true> <Delay = 0.00>
ST_3 : Operation 184 [1/1] (0.00ns)   --->   "%specloopname_ln81 = specloopname void @_ssdm_op_SpecLoopName, void @empty_8" [src/conv1_tile.cpp:81]   --->   Operation 184 'specloopname' 'specloopname_ln81' <Predicate = true> <Delay = 0.00>
ST_3 : Operation 185 [1/2] (1.23ns)   --->   "%layer1_output_tile_load = load i9 %layer1_output_tile_addr" [src/conv1_tile.cpp:82]   --->   Operation 185 'load' 'layer1_output_tile_load' <Predicate = true> <Delay = 1.23> <CoreInst = "RAM">   --->   Core 83 'RAM' <Latency = 1> <II = 1> <Delay = 1.23> <Storage> <Opcode : 'load' 'store'> <Ports = 2> <Width = 32> <Depth = 289> <RAM>
ST_3 : Operation 186 [1/2] (1.23ns)   --->   "%layer1_output_tile_1_load = load i9 %layer1_output_tile_1_addr" [src/conv1_tile.cpp:82]   --->   Operation 186 'load' 'layer1_output_tile_1_load' <Predicate = true> <Delay = 1.23> <CoreInst = "RAM">   --->   Core 83 'RAM' <Latency = 1> <II = 1> <Delay = 1.23> <Storage> <Opcode : 'load' 'store'> <Ports = 2> <Width = 32> <Depth = 289> <RAM>
ST_3 : Operation 187 [1/2] (1.23ns)   --->   "%layer1_output_tile_2_load = load i9 %layer1_output_tile_2_addr" [src/conv1_tile.cpp:82]   --->   Operation 187 'load' 'layer1_output_tile_2_load' <Predicate = true> <Delay = 1.23> <CoreInst = "RAM">   --->   Core 83 'RAM' <Latency = 1> <II = 1> <Delay = 1.23> <Storage> <Opcode : 'load' 'store'> <Ports = 2> <Width = 32> <Depth = 289> <RAM>
ST_3 : Operation 188 [1/2] (1.23ns)   --->   "%layer1_output_tile_3_load = load i9 %layer1_output_tile_3_addr" [src/conv1_tile.cpp:82]   --->   Operation 188 'load' 'layer1_output_tile_3_load' <Predicate = true> <Delay = 1.23> <CoreInst = "RAM">   --->   Core 83 'RAM' <Latency = 1> <II = 1> <Delay = 1.23> <Storage> <Opcode : 'load' 'store'> <Ports = 2> <Width = 32> <Depth = 289> <RAM>
ST_3 : Operation 189 [1/2] (1.23ns)   --->   "%layer1_output_tile_4_load = load i9 %layer1_output_tile_4_addr" [src/conv1_tile.cpp:82]   --->   Operation 189 'load' 'layer1_output_tile_4_load' <Predicate = true> <Delay = 1.23> <CoreInst = "RAM">   --->   Core 83 'RAM' <Latency = 1> <II = 1> <Delay = 1.23> <Storage> <Opcode : 'load' 'store'> <Ports = 2> <Width = 32> <Depth = 289> <RAM>
ST_3 : Operation 190 [1/2] (1.23ns)   --->   "%layer1_output_tile_5_load = load i9 %layer1_output_tile_5_addr" [src/conv1_tile.cpp:82]   --->   Operation 190 'load' 'layer1_output_tile_5_load' <Predicate = true> <Delay = 1.23> <CoreInst = "RAM">   --->   Core 83 'RAM' <Latency = 1> <II = 1> <Delay = 1.23> <Storage> <Opcode : 'load' 'store'> <Ports = 2> <Width = 32> <Depth = 289> <RAM>
ST_3 : Operation 191 [1/2] (1.23ns)   --->   "%layer1_output_tile_6_load = load i9 %layer1_output_tile_6_addr" [src/conv1_tile.cpp:82]   --->   Operation 191 'load' 'layer1_output_tile_6_load' <Predicate = true> <Delay = 1.23> <CoreInst = "RAM">   --->   Core 83 'RAM' <Latency = 1> <II = 1> <Delay = 1.23> <Storage> <Opcode : 'load' 'store'> <Ports = 2> <Width = 32> <Depth = 289> <RAM>
ST_3 : Operation 192 [1/2] (1.23ns)   --->   "%layer1_output_tile_7_load = load i9 %layer1_output_tile_7_addr" [src/conv1_tile.cpp:82]   --->   Operation 192 'load' 'layer1_output_tile_7_load' <Predicate = true> <Delay = 1.23> <CoreInst = "RAM">   --->   Core 83 'RAM' <Latency = 1> <II = 1> <Delay = 1.23> <Storage> <Opcode : 'load' 'store'> <Ports = 2> <Width = 32> <Depth = 289> <RAM>
ST_3 : Operation 193 [1/2] (1.23ns)   --->   "%layer1_output_tile_8_load = load i9 %layer1_output_tile_8_addr" [src/conv1_tile.cpp:82]   --->   Operation 193 'load' 'layer1_output_tile_8_load' <Predicate = true> <Delay = 1.23> <CoreInst = "RAM">   --->   Core 83 'RAM' <Latency = 1> <II = 1> <Delay = 1.23> <Storage> <Opcode : 'load' 'store'> <Ports = 2> <Width = 32> <Depth = 289> <RAM>
ST_3 : Operation 194 [1/2] (1.23ns)   --->   "%layer1_output_tile_9_load = load i9 %layer1_output_tile_9_addr" [src/conv1_tile.cpp:82]   --->   Operation 194 'load' 'layer1_output_tile_9_load' <Predicate = true> <Delay = 1.23> <CoreInst = "RAM">   --->   Core 83 'RAM' <Latency = 1> <II = 1> <Delay = 1.23> <Storage> <Opcode : 'load' 'store'> <Ports = 2> <Width = 32> <Depth = 289> <RAM>
ST_3 : Operation 195 [1/2] (1.23ns)   --->   "%layer1_output_tile_10_load = load i9 %layer1_output_tile_10_addr" [src/conv1_tile.cpp:82]   --->   Operation 195 'load' 'layer1_output_tile_10_load' <Predicate = true> <Delay = 1.23> <CoreInst = "RAM">   --->   Core 83 'RAM' <Latency = 1> <II = 1> <Delay = 1.23> <Storage> <Opcode : 'load' 'store'> <Ports = 2> <Width = 32> <Depth = 289> <RAM>
ST_3 : Operation 196 [1/2] (1.23ns)   --->   "%layer1_output_tile_11_load = load i9 %layer1_output_tile_11_addr" [src/conv1_tile.cpp:82]   --->   Operation 196 'load' 'layer1_output_tile_11_load' <Predicate = true> <Delay = 1.23> <CoreInst = "RAM">   --->   Core 83 'RAM' <Latency = 1> <II = 1> <Delay = 1.23> <Storage> <Opcode : 'load' 'store'> <Ports = 2> <Width = 32> <Depth = 289> <RAM>
ST_3 : Operation 197 [1/2] (1.23ns)   --->   "%layer1_output_tile_12_load = load i9 %layer1_output_tile_12_addr" [src/conv1_tile.cpp:82]   --->   Operation 197 'load' 'layer1_output_tile_12_load' <Predicate = true> <Delay = 1.23> <CoreInst = "RAM">   --->   Core 83 'RAM' <Latency = 1> <II = 1> <Delay = 1.23> <Storage> <Opcode : 'load' 'store'> <Ports = 2> <Width = 32> <Depth = 289> <RAM>
ST_3 : Operation 198 [1/2] (1.23ns)   --->   "%layer1_output_tile_13_load = load i9 %layer1_output_tile_13_addr" [src/conv1_tile.cpp:82]   --->   Operation 198 'load' 'layer1_output_tile_13_load' <Predicate = true> <Delay = 1.23> <CoreInst = "RAM">   --->   Core 83 'RAM' <Latency = 1> <II = 1> <Delay = 1.23> <Storage> <Opcode : 'load' 'store'> <Ports = 2> <Width = 32> <Depth = 289> <RAM>
ST_3 : Operation 199 [1/2] (1.23ns)   --->   "%layer1_output_tile_14_load = load i9 %layer1_output_tile_14_addr" [src/conv1_tile.cpp:82]   --->   Operation 199 'load' 'layer1_output_tile_14_load' <Predicate = true> <Delay = 1.23> <CoreInst = "RAM">   --->   Core 83 'RAM' <Latency = 1> <II = 1> <Delay = 1.23> <Storage> <Opcode : 'load' 'store'> <Ports = 2> <Width = 32> <Depth = 289> <RAM>
ST_3 : Operation 200 [1/2] (1.23ns)   --->   "%layer1_output_tile_15_load = load i9 %layer1_output_tile_15_addr" [src/conv1_tile.cpp:82]   --->   Operation 200 'load' 'layer1_output_tile_15_load' <Predicate = true> <Delay = 1.23> <CoreInst = "RAM">   --->   Core 83 'RAM' <Latency = 1> <II = 1> <Delay = 1.23> <Storage> <Opcode : 'load' 'store'> <Ports = 2> <Width = 32> <Depth = 289> <RAM>
ST_3 : Operation 201 [1/2] (1.23ns)   --->   "%layer1_output_tile_16_load = load i9 %layer1_output_tile_16_addr" [src/conv1_tile.cpp:82]   --->   Operation 201 'load' 'layer1_output_tile_16_load' <Predicate = true> <Delay = 1.23> <CoreInst = "RAM">   --->   Core 83 'RAM' <Latency = 1> <II = 1> <Delay = 1.23> <Storage> <Opcode : 'load' 'store'> <Ports = 2> <Width = 32> <Depth = 289> <RAM>
ST_3 : Operation 202 [1/2] (1.23ns)   --->   "%layer1_output_tile_17_load = load i9 %layer1_output_tile_17_addr" [src/conv1_tile.cpp:82]   --->   Operation 202 'load' 'layer1_output_tile_17_load' <Predicate = true> <Delay = 1.23> <CoreInst = "RAM">   --->   Core 83 'RAM' <Latency = 1> <II = 1> <Delay = 1.23> <Storage> <Opcode : 'load' 'store'> <Ports = 2> <Width = 32> <Depth = 289> <RAM>
ST_3 : Operation 203 [1/2] (1.23ns)   --->   "%layer1_output_tile_18_load = load i9 %layer1_output_tile_18_addr" [src/conv1_tile.cpp:82]   --->   Operation 203 'load' 'layer1_output_tile_18_load' <Predicate = true> <Delay = 1.23> <CoreInst = "RAM">   --->   Core 83 'RAM' <Latency = 1> <II = 1> <Delay = 1.23> <Storage> <Opcode : 'load' 'store'> <Ports = 2> <Width = 32> <Depth = 289> <RAM>
ST_3 : Operation 204 [1/2] (1.23ns)   --->   "%layer1_output_tile_19_load = load i9 %layer1_output_tile_19_addr" [src/conv1_tile.cpp:82]   --->   Operation 204 'load' 'layer1_output_tile_19_load' <Predicate = true> <Delay = 1.23> <CoreInst = "RAM">   --->   Core 83 'RAM' <Latency = 1> <II = 1> <Delay = 1.23> <Storage> <Opcode : 'load' 'store'> <Ports = 2> <Width = 32> <Depth = 289> <RAM>
ST_3 : Operation 205 [1/2] (1.23ns)   --->   "%layer1_output_tile_20_load = load i9 %layer1_output_tile_20_addr" [src/conv1_tile.cpp:82]   --->   Operation 205 'load' 'layer1_output_tile_20_load' <Predicate = true> <Delay = 1.23> <CoreInst = "RAM">   --->   Core 83 'RAM' <Latency = 1> <II = 1> <Delay = 1.23> <Storage> <Opcode : 'load' 'store'> <Ports = 2> <Width = 32> <Depth = 289> <RAM>
ST_3 : Operation 206 [1/2] (1.23ns)   --->   "%layer1_output_tile_21_load = load i9 %layer1_output_tile_21_addr" [src/conv1_tile.cpp:82]   --->   Operation 206 'load' 'layer1_output_tile_21_load' <Predicate = true> <Delay = 1.23> <CoreInst = "RAM">   --->   Core 83 'RAM' <Latency = 1> <II = 1> <Delay = 1.23> <Storage> <Opcode : 'load' 'store'> <Ports = 2> <Width = 32> <Depth = 289> <RAM>
ST_3 : Operation 207 [1/2] (1.23ns)   --->   "%layer1_output_tile_22_load = load i9 %layer1_output_tile_22_addr" [src/conv1_tile.cpp:82]   --->   Operation 207 'load' 'layer1_output_tile_22_load' <Predicate = true> <Delay = 1.23> <CoreInst = "RAM">   --->   Core 83 'RAM' <Latency = 1> <II = 1> <Delay = 1.23> <Storage> <Opcode : 'load' 'store'> <Ports = 2> <Width = 32> <Depth = 289> <RAM>
ST_3 : Operation 208 [1/2] (1.23ns)   --->   "%layer1_output_tile_23_load = load i9 %layer1_output_tile_23_addr" [src/conv1_tile.cpp:82]   --->   Operation 208 'load' 'layer1_output_tile_23_load' <Predicate = true> <Delay = 1.23> <CoreInst = "RAM">   --->   Core 83 'RAM' <Latency = 1> <II = 1> <Delay = 1.23> <Storage> <Opcode : 'load' 'store'> <Ports = 2> <Width = 32> <Depth = 289> <RAM>
ST_3 : Operation 209 [1/2] (1.23ns)   --->   "%layer1_output_tile_24_load = load i9 %layer1_output_tile_24_addr" [src/conv1_tile.cpp:82]   --->   Operation 209 'load' 'layer1_output_tile_24_load' <Predicate = true> <Delay = 1.23> <CoreInst = "RAM">   --->   Core 83 'RAM' <Latency = 1> <II = 1> <Delay = 1.23> <Storage> <Opcode : 'load' 'store'> <Ports = 2> <Width = 32> <Depth = 289> <RAM>
ST_3 : Operation 210 [1/2] (1.23ns)   --->   "%layer1_output_tile_25_load = load i9 %layer1_output_tile_25_addr" [src/conv1_tile.cpp:82]   --->   Operation 210 'load' 'layer1_output_tile_25_load' <Predicate = true> <Delay = 1.23> <CoreInst = "RAM">   --->   Core 83 'RAM' <Latency = 1> <II = 1> <Delay = 1.23> <Storage> <Opcode : 'load' 'store'> <Ports = 2> <Width = 32> <Depth = 289> <RAM>
ST_3 : Operation 211 [1/2] (1.23ns)   --->   "%layer1_output_tile_26_load = load i9 %layer1_output_tile_26_addr" [src/conv1_tile.cpp:82]   --->   Operation 211 'load' 'layer1_output_tile_26_load' <Predicate = true> <Delay = 1.23> <CoreInst = "RAM">   --->   Core 83 'RAM' <Latency = 1> <II = 1> <Delay = 1.23> <Storage> <Opcode : 'load' 'store'> <Ports = 2> <Width = 32> <Depth = 289> <RAM>
ST_3 : Operation 212 [1/2] (1.23ns)   --->   "%layer1_output_tile_27_load = load i9 %layer1_output_tile_27_addr" [src/conv1_tile.cpp:82]   --->   Operation 212 'load' 'layer1_output_tile_27_load' <Predicate = true> <Delay = 1.23> <CoreInst = "RAM">   --->   Core 83 'RAM' <Latency = 1> <II = 1> <Delay = 1.23> <Storage> <Opcode : 'load' 'store'> <Ports = 2> <Width = 32> <Depth = 289> <RAM>
ST_3 : Operation 213 [1/2] (1.23ns)   --->   "%layer1_output_tile_28_load = load i9 %layer1_output_tile_28_addr" [src/conv1_tile.cpp:82]   --->   Operation 213 'load' 'layer1_output_tile_28_load' <Predicate = true> <Delay = 1.23> <CoreInst = "RAM">   --->   Core 83 'RAM' <Latency = 1> <II = 1> <Delay = 1.23> <Storage> <Opcode : 'load' 'store'> <Ports = 2> <Width = 32> <Depth = 289> <RAM>
ST_3 : Operation 214 [1/2] (1.23ns)   --->   "%layer1_output_tile_29_load = load i9 %layer1_output_tile_29_addr" [src/conv1_tile.cpp:82]   --->   Operation 214 'load' 'layer1_output_tile_29_load' <Predicate = true> <Delay = 1.23> <CoreInst = "RAM">   --->   Core 83 'RAM' <Latency = 1> <II = 1> <Delay = 1.23> <Storage> <Opcode : 'load' 'store'> <Ports = 2> <Width = 32> <Depth = 289> <RAM>
ST_3 : Operation 215 [1/2] (1.23ns)   --->   "%layer1_output_tile_30_load = load i9 %layer1_output_tile_30_addr" [src/conv1_tile.cpp:82]   --->   Operation 215 'load' 'layer1_output_tile_30_load' <Predicate = true> <Delay = 1.23> <CoreInst = "RAM">   --->   Core 83 'RAM' <Latency = 1> <II = 1> <Delay = 1.23> <Storage> <Opcode : 'load' 'store'> <Ports = 2> <Width = 32> <Depth = 289> <RAM>
ST_3 : Operation 216 [1/2] (1.23ns)   --->   "%layer1_output_tile_31_load = load i9 %layer1_output_tile_31_addr" [src/conv1_tile.cpp:82]   --->   Operation 216 'load' 'layer1_output_tile_31_load' <Predicate = true> <Delay = 1.23> <CoreInst = "RAM">   --->   Core 83 'RAM' <Latency = 1> <II = 1> <Delay = 1.23> <Storage> <Opcode : 'load' 'store'> <Ports = 2> <Width = 32> <Depth = 289> <RAM>
ST_3 : Operation 217 [1/2] (1.23ns)   --->   "%layer1_output_tile_32_load = load i9 %layer1_output_tile_32_addr" [src/conv1_tile.cpp:82]   --->   Operation 217 'load' 'layer1_output_tile_32_load' <Predicate = true> <Delay = 1.23> <CoreInst = "RAM">   --->   Core 83 'RAM' <Latency = 1> <II = 1> <Delay = 1.23> <Storage> <Opcode : 'load' 'store'> <Ports = 2> <Width = 32> <Depth = 289> <RAM>
ST_3 : Operation 218 [1/2] (1.23ns)   --->   "%layer1_output_tile_33_load = load i9 %layer1_output_tile_33_addr" [src/conv1_tile.cpp:82]   --->   Operation 218 'load' 'layer1_output_tile_33_load' <Predicate = true> <Delay = 1.23> <CoreInst = "RAM">   --->   Core 83 'RAM' <Latency = 1> <II = 1> <Delay = 1.23> <Storage> <Opcode : 'load' 'store'> <Ports = 2> <Width = 32> <Depth = 289> <RAM>
ST_3 : Operation 219 [1/2] (1.23ns)   --->   "%layer1_output_tile_34_load = load i9 %layer1_output_tile_34_addr" [src/conv1_tile.cpp:82]   --->   Operation 219 'load' 'layer1_output_tile_34_load' <Predicate = true> <Delay = 1.23> <CoreInst = "RAM">   --->   Core 83 'RAM' <Latency = 1> <II = 1> <Delay = 1.23> <Storage> <Opcode : 'load' 'store'> <Ports = 2> <Width = 32> <Depth = 289> <RAM>
ST_3 : Operation 220 [1/2] (1.23ns)   --->   "%layer1_output_tile_35_load = load i9 %layer1_output_tile_35_addr" [src/conv1_tile.cpp:82]   --->   Operation 220 'load' 'layer1_output_tile_35_load' <Predicate = true> <Delay = 1.23> <CoreInst = "RAM">   --->   Core 83 'RAM' <Latency = 1> <II = 1> <Delay = 1.23> <Storage> <Opcode : 'load' 'store'> <Ports = 2> <Width = 32> <Depth = 289> <RAM>
ST_3 : Operation 221 [1/2] (1.23ns)   --->   "%layer1_output_tile_36_load = load i9 %layer1_output_tile_36_addr" [src/conv1_tile.cpp:82]   --->   Operation 221 'load' 'layer1_output_tile_36_load' <Predicate = true> <Delay = 1.23> <CoreInst = "RAM">   --->   Core 83 'RAM' <Latency = 1> <II = 1> <Delay = 1.23> <Storage> <Opcode : 'load' 'store'> <Ports = 2> <Width = 32> <Depth = 289> <RAM>
ST_3 : Operation 222 [1/2] (1.23ns)   --->   "%layer1_output_tile_37_load = load i9 %layer1_output_tile_37_addr" [src/conv1_tile.cpp:82]   --->   Operation 222 'load' 'layer1_output_tile_37_load' <Predicate = true> <Delay = 1.23> <CoreInst = "RAM">   --->   Core 83 'RAM' <Latency = 1> <II = 1> <Delay = 1.23> <Storage> <Opcode : 'load' 'store'> <Ports = 2> <Width = 32> <Depth = 289> <RAM>
ST_3 : Operation 223 [1/2] (1.23ns)   --->   "%layer1_output_tile_38_load = load i9 %layer1_output_tile_38_addr" [src/conv1_tile.cpp:82]   --->   Operation 223 'load' 'layer1_output_tile_38_load' <Predicate = true> <Delay = 1.23> <CoreInst = "RAM">   --->   Core 83 'RAM' <Latency = 1> <II = 1> <Delay = 1.23> <Storage> <Opcode : 'load' 'store'> <Ports = 2> <Width = 32> <Depth = 289> <RAM>
ST_3 : Operation 224 [1/2] (1.23ns)   --->   "%layer1_output_tile_39_load = load i9 %layer1_output_tile_39_addr" [src/conv1_tile.cpp:82]   --->   Operation 224 'load' 'layer1_output_tile_39_load' <Predicate = true> <Delay = 1.23> <CoreInst = "RAM">   --->   Core 83 'RAM' <Latency = 1> <II = 1> <Delay = 1.23> <Storage> <Opcode : 'load' 'store'> <Ports = 2> <Width = 32> <Depth = 289> <RAM>
ST_3 : Operation 225 [1/2] (1.23ns)   --->   "%layer1_output_tile_40_load = load i9 %layer1_output_tile_40_addr" [src/conv1_tile.cpp:82]   --->   Operation 225 'load' 'layer1_output_tile_40_load' <Predicate = true> <Delay = 1.23> <CoreInst = "RAM">   --->   Core 83 'RAM' <Latency = 1> <II = 1> <Delay = 1.23> <Storage> <Opcode : 'load' 'store'> <Ports = 2> <Width = 32> <Depth = 289> <RAM>
ST_3 : Operation 226 [1/2] (1.23ns)   --->   "%layer1_output_tile_41_load = load i9 %layer1_output_tile_41_addr" [src/conv1_tile.cpp:82]   --->   Operation 226 'load' 'layer1_output_tile_41_load' <Predicate = true> <Delay = 1.23> <CoreInst = "RAM">   --->   Core 83 'RAM' <Latency = 1> <II = 1> <Delay = 1.23> <Storage> <Opcode : 'load' 'store'> <Ports = 2> <Width = 32> <Depth = 289> <RAM>
ST_3 : Operation 227 [1/2] (1.23ns)   --->   "%layer1_output_tile_42_load = load i9 %layer1_output_tile_42_addr" [src/conv1_tile.cpp:82]   --->   Operation 227 'load' 'layer1_output_tile_42_load' <Predicate = true> <Delay = 1.23> <CoreInst = "RAM">   --->   Core 83 'RAM' <Latency = 1> <II = 1> <Delay = 1.23> <Storage> <Opcode : 'load' 'store'> <Ports = 2> <Width = 32> <Depth = 289> <RAM>
ST_3 : Operation 228 [1/2] (1.23ns)   --->   "%layer1_output_tile_43_load = load i9 %layer1_output_tile_43_addr" [src/conv1_tile.cpp:82]   --->   Operation 228 'load' 'layer1_output_tile_43_load' <Predicate = true> <Delay = 1.23> <CoreInst = "RAM">   --->   Core 83 'RAM' <Latency = 1> <II = 1> <Delay = 1.23> <Storage> <Opcode : 'load' 'store'> <Ports = 2> <Width = 32> <Depth = 289> <RAM>
ST_3 : Operation 229 [1/2] (1.23ns)   --->   "%layer1_output_tile_44_load = load i9 %layer1_output_tile_44_addr" [src/conv1_tile.cpp:82]   --->   Operation 229 'load' 'layer1_output_tile_44_load' <Predicate = true> <Delay = 1.23> <CoreInst = "RAM">   --->   Core 83 'RAM' <Latency = 1> <II = 1> <Delay = 1.23> <Storage> <Opcode : 'load' 'store'> <Ports = 2> <Width = 32> <Depth = 289> <RAM>
ST_3 : Operation 230 [1/2] (1.23ns)   --->   "%layer1_output_tile_45_load = load i9 %layer1_output_tile_45_addr" [src/conv1_tile.cpp:82]   --->   Operation 230 'load' 'layer1_output_tile_45_load' <Predicate = true> <Delay = 1.23> <CoreInst = "RAM">   --->   Core 83 'RAM' <Latency = 1> <II = 1> <Delay = 1.23> <Storage> <Opcode : 'load' 'store'> <Ports = 2> <Width = 32> <Depth = 289> <RAM>
ST_3 : Operation 231 [1/2] (1.23ns)   --->   "%layer1_output_tile_46_load = load i9 %layer1_output_tile_46_addr" [src/conv1_tile.cpp:82]   --->   Operation 231 'load' 'layer1_output_tile_46_load' <Predicate = true> <Delay = 1.23> <CoreInst = "RAM">   --->   Core 83 'RAM' <Latency = 1> <II = 1> <Delay = 1.23> <Storage> <Opcode : 'load' 'store'> <Ports = 2> <Width = 32> <Depth = 289> <RAM>
ST_3 : Operation 232 [1/2] (1.23ns)   --->   "%layer1_output_tile_47_load = load i9 %layer1_output_tile_47_addr" [src/conv1_tile.cpp:82]   --->   Operation 232 'load' 'layer1_output_tile_47_load' <Predicate = true> <Delay = 1.23> <CoreInst = "RAM">   --->   Core 83 'RAM' <Latency = 1> <II = 1> <Delay = 1.23> <Storage> <Opcode : 'load' 'store'> <Ports = 2> <Width = 32> <Depth = 289> <RAM>
ST_3 : Operation 233 [1/2] (1.23ns)   --->   "%layer1_output_tile_48_load = load i9 %layer1_output_tile_48_addr" [src/conv1_tile.cpp:82]   --->   Operation 233 'load' 'layer1_output_tile_48_load' <Predicate = true> <Delay = 1.23> <CoreInst = "RAM">   --->   Core 83 'RAM' <Latency = 1> <II = 1> <Delay = 1.23> <Storage> <Opcode : 'load' 'store'> <Ports = 2> <Width = 32> <Depth = 289> <RAM>
ST_3 : Operation 234 [1/2] (1.23ns)   --->   "%layer1_output_tile_49_load = load i9 %layer1_output_tile_49_addr" [src/conv1_tile.cpp:82]   --->   Operation 234 'load' 'layer1_output_tile_49_load' <Predicate = true> <Delay = 1.23> <CoreInst = "RAM">   --->   Core 83 'RAM' <Latency = 1> <II = 1> <Delay = 1.23> <Storage> <Opcode : 'load' 'store'> <Ports = 2> <Width = 32> <Depth = 289> <RAM>
ST_3 : Operation 235 [1/2] (1.23ns)   --->   "%layer1_output_tile_50_load = load i9 %layer1_output_tile_50_addr" [src/conv1_tile.cpp:82]   --->   Operation 235 'load' 'layer1_output_tile_50_load' <Predicate = true> <Delay = 1.23> <CoreInst = "RAM">   --->   Core 83 'RAM' <Latency = 1> <II = 1> <Delay = 1.23> <Storage> <Opcode : 'load' 'store'> <Ports = 2> <Width = 32> <Depth = 289> <RAM>
ST_3 : Operation 236 [1/2] (1.23ns)   --->   "%layer1_output_tile_51_load = load i9 %layer1_output_tile_51_addr" [src/conv1_tile.cpp:82]   --->   Operation 236 'load' 'layer1_output_tile_51_load' <Predicate = true> <Delay = 1.23> <CoreInst = "RAM">   --->   Core 83 'RAM' <Latency = 1> <II = 1> <Delay = 1.23> <Storage> <Opcode : 'load' 'store'> <Ports = 2> <Width = 32> <Depth = 289> <RAM>
ST_3 : Operation 237 [1/2] (1.23ns)   --->   "%layer1_output_tile_52_load = load i9 %layer1_output_tile_52_addr" [src/conv1_tile.cpp:82]   --->   Operation 237 'load' 'layer1_output_tile_52_load' <Predicate = true> <Delay = 1.23> <CoreInst = "RAM">   --->   Core 83 'RAM' <Latency = 1> <II = 1> <Delay = 1.23> <Storage> <Opcode : 'load' 'store'> <Ports = 2> <Width = 32> <Depth = 289> <RAM>
ST_3 : Operation 238 [1/2] (1.23ns)   --->   "%layer1_output_tile_53_load = load i9 %layer1_output_tile_53_addr" [src/conv1_tile.cpp:82]   --->   Operation 238 'load' 'layer1_output_tile_53_load' <Predicate = true> <Delay = 1.23> <CoreInst = "RAM">   --->   Core 83 'RAM' <Latency = 1> <II = 1> <Delay = 1.23> <Storage> <Opcode : 'load' 'store'> <Ports = 2> <Width = 32> <Depth = 289> <RAM>
ST_3 : Operation 239 [1/2] (1.23ns)   --->   "%layer1_output_tile_54_load = load i9 %layer1_output_tile_54_addr" [src/conv1_tile.cpp:82]   --->   Operation 239 'load' 'layer1_output_tile_54_load' <Predicate = true> <Delay = 1.23> <CoreInst = "RAM">   --->   Core 83 'RAM' <Latency = 1> <II = 1> <Delay = 1.23> <Storage> <Opcode : 'load' 'store'> <Ports = 2> <Width = 32> <Depth = 289> <RAM>
ST_3 : Operation 240 [1/2] (1.23ns)   --->   "%layer1_output_tile_55_load = load i9 %layer1_output_tile_55_addr" [src/conv1_tile.cpp:82]   --->   Operation 240 'load' 'layer1_output_tile_55_load' <Predicate = true> <Delay = 1.23> <CoreInst = "RAM">   --->   Core 83 'RAM' <Latency = 1> <II = 1> <Delay = 1.23> <Storage> <Opcode : 'load' 'store'> <Ports = 2> <Width = 32> <Depth = 289> <RAM>
ST_3 : Operation 241 [1/2] (1.23ns)   --->   "%layer1_output_tile_56_load = load i9 %layer1_output_tile_56_addr" [src/conv1_tile.cpp:82]   --->   Operation 241 'load' 'layer1_output_tile_56_load' <Predicate = true> <Delay = 1.23> <CoreInst = "RAM">   --->   Core 83 'RAM' <Latency = 1> <II = 1> <Delay = 1.23> <Storage> <Opcode : 'load' 'store'> <Ports = 2> <Width = 32> <Depth = 289> <RAM>
ST_3 : Operation 242 [1/2] (1.23ns)   --->   "%layer1_output_tile_57_load = load i9 %layer1_output_tile_57_addr" [src/conv1_tile.cpp:82]   --->   Operation 242 'load' 'layer1_output_tile_57_load' <Predicate = true> <Delay = 1.23> <CoreInst = "RAM">   --->   Core 83 'RAM' <Latency = 1> <II = 1> <Delay = 1.23> <Storage> <Opcode : 'load' 'store'> <Ports = 2> <Width = 32> <Depth = 289> <RAM>
ST_3 : Operation 243 [1/2] (1.23ns)   --->   "%layer1_output_tile_58_load = load i9 %layer1_output_tile_58_addr" [src/conv1_tile.cpp:82]   --->   Operation 243 'load' 'layer1_output_tile_58_load' <Predicate = true> <Delay = 1.23> <CoreInst = "RAM">   --->   Core 83 'RAM' <Latency = 1> <II = 1> <Delay = 1.23> <Storage> <Opcode : 'load' 'store'> <Ports = 2> <Width = 32> <Depth = 289> <RAM>
ST_3 : Operation 244 [1/2] (1.23ns)   --->   "%layer1_output_tile_59_load = load i9 %layer1_output_tile_59_addr" [src/conv1_tile.cpp:82]   --->   Operation 244 'load' 'layer1_output_tile_59_load' <Predicate = true> <Delay = 1.23> <CoreInst = "RAM">   --->   Core 83 'RAM' <Latency = 1> <II = 1> <Delay = 1.23> <Storage> <Opcode : 'load' 'store'> <Ports = 2> <Width = 32> <Depth = 289> <RAM>
ST_3 : Operation 245 [1/2] (1.23ns)   --->   "%layer1_output_tile_60_load = load i9 %layer1_output_tile_60_addr" [src/conv1_tile.cpp:82]   --->   Operation 245 'load' 'layer1_output_tile_60_load' <Predicate = true> <Delay = 1.23> <CoreInst = "RAM">   --->   Core 83 'RAM' <Latency = 1> <II = 1> <Delay = 1.23> <Storage> <Opcode : 'load' 'store'> <Ports = 2> <Width = 32> <Depth = 289> <RAM>
ST_3 : Operation 246 [1/2] (1.23ns)   --->   "%layer1_output_tile_61_load = load i9 %layer1_output_tile_61_addr" [src/conv1_tile.cpp:82]   --->   Operation 246 'load' 'layer1_output_tile_61_load' <Predicate = true> <Delay = 1.23> <CoreInst = "RAM">   --->   Core 83 'RAM' <Latency = 1> <II = 1> <Delay = 1.23> <Storage> <Opcode : 'load' 'store'> <Ports = 2> <Width = 32> <Depth = 289> <RAM>
ST_3 : Operation 247 [1/2] (1.23ns)   --->   "%layer1_output_tile_62_load = load i9 %layer1_output_tile_62_addr" [src/conv1_tile.cpp:82]   --->   Operation 247 'load' 'layer1_output_tile_62_load' <Predicate = true> <Delay = 1.23> <CoreInst = "RAM">   --->   Core 83 'RAM' <Latency = 1> <II = 1> <Delay = 1.23> <Storage> <Opcode : 'load' 'store'> <Ports = 2> <Width = 32> <Depth = 289> <RAM>
ST_3 : Operation 248 [1/2] (1.23ns)   --->   "%layer1_output_tile_63_load = load i9 %layer1_output_tile_63_addr" [src/conv1_tile.cpp:82]   --->   Operation 248 'load' 'layer1_output_tile_63_load' <Predicate = true> <Delay = 1.23> <CoreInst = "RAM">   --->   Core 83 'RAM' <Latency = 1> <II = 1> <Delay = 1.23> <Storage> <Opcode : 'load' 'store'> <Ports = 2> <Width = 32> <Depth = 289> <RAM>
ST_3 : Operation 249 [1/1] (0.85ns)   --->   "%tmp_253 = mux i32 @_ssdm_op_Mux.ap_auto.64f32.i6, i32 %layer1_output_tile_load, i32 %layer1_output_tile_1_load, i32 %layer1_output_tile_2_load, i32 %layer1_output_tile_3_load, i32 %layer1_output_tile_4_load, i32 %layer1_output_tile_5_load, i32 %layer1_output_tile_6_load, i32 %layer1_output_tile_7_load, i32 %layer1_output_tile_8_load, i32 %layer1_output_tile_9_load, i32 %layer1_output_tile_10_load, i32 %layer1_output_tile_11_load, i32 %layer1_output_tile_12_load, i32 %layer1_output_tile_13_load, i32 %layer1_output_tile_14_load, i32 %layer1_output_tile_15_load, i32 %layer1_output_tile_16_load, i32 %layer1_output_tile_17_load, i32 %layer1_output_tile_18_load, i32 %layer1_output_tile_19_load, i32 %layer1_output_tile_20_load, i32 %layer1_output_tile_21_load, i32 %layer1_output_tile_22_load, i32 %layer1_output_tile_23_load, i32 %layer1_output_tile_24_load, i32 %layer1_output_tile_25_load, i32 %layer1_output_tile_26_load, i32 %layer1_output_tile_27_load, i32 %layer1_output_tile_28_load, i32 %layer1_output_tile_29_load, i32 %layer1_output_tile_30_load, i32 %layer1_output_tile_31_load, i32 %layer1_output_tile_32_load, i32 %layer1_output_tile_33_load, i32 %layer1_output_tile_34_load, i32 %layer1_output_tile_35_load, i32 %layer1_output_tile_36_load, i32 %layer1_output_tile_37_load, i32 %layer1_output_tile_38_load, i32 %layer1_output_tile_39_load, i32 %layer1_output_tile_40_load, i32 %layer1_output_tile_41_load, i32 %layer1_output_tile_42_load, i32 %layer1_output_tile_43_load, i32 %layer1_output_tile_44_load, i32 %layer1_output_tile_45_load, i32 %layer1_output_tile_46_load, i32 %layer1_output_tile_47_load, i32 %layer1_output_tile_48_load, i32 %layer1_output_tile_49_load, i32 %layer1_output_tile_50_load, i32 %layer1_output_tile_51_load, i32 %layer1_output_tile_52_load, i32 %layer1_output_tile_53_load, i32 %layer1_output_tile_54_load, i32 %layer1_output_tile_55_load, i32 %layer1_output_tile_56_load, i32 %layer1_output_tile_57_load, i32 %layer1_output_tile_58_load, i32 %layer1_output_tile_59_load, i32 %layer1_output_tile_60_load, i32 %layer1_output_tile_61_load, i32 %layer1_output_tile_62_load, i32 %layer1_output_tile_63_load, i6 %trunc_ln79" [src/conv1_tile.cpp:82]   --->   Operation 249 'mux' 'tmp_253' <Predicate = true> <Delay = 0.85> <CoreInst = "Multiplexer">   --->   Core 76 'Multiplexer' <Latency = 0> <II = 1> <Delay = 0.85> <FuncUnit> <Opcode : 'mux'> <InPorts = 2> <OutPorts = 1>
ST_3 : Operation 250 [1/1] (0.00ns)   --->   "%bitcast_ln82 = bitcast i32 %tmp_253" [src/conv1_tile.cpp:82]   --->   Operation 250 'bitcast' 'bitcast_ln82' <Predicate = true> <Delay = 0.00>
ST_3 : Operation 251 [1/1] (1.71ns)   --->   "%write_ln82 = write void @_ssdm_op_Write.ap_fifo.volatile.i32P0A, i32 %conv1_to_conv2, i32 %bitcast_ln82" [src/conv1_tile.cpp:82]   --->   Operation 251 'write' 'write_ln82' <Predicate = true> <Delay = 1.71> <CoreInst = "FIFO">   --->   Core 78 'FIFO' <Latency = 0> <II = 1> <Delay = 1.71> <Storage> <Opcode : 'read' 'write' 'nbread' 'nbwrite'> <Ports = 0> <Width = 32> <Depth = 512> <FIFO>
ST_3 : Operation 252 [1/1] (0.42ns)   --->   "%store_ln81 = store i7 %select_ln79_1, i7 %feat" [src/conv1_tile.cpp:81]   --->   Operation 252 'store' 'store_ln81' <Predicate = true> <Delay = 0.42>
ST_3 : Operation 253 [1/1] (0.00ns)   --->   "%br_ln81 = br void %for.inc114" [src/conv1_tile.cpp:81]   --->   Operation 253 'br' 'br_ln81' <Predicate = true> <Delay = 0.00>


============================================================
+ Verbose Summary: Timing violations
============================================================
Target clock period: 10.000ns, clock uncertainty: 2.700ns.

 <State 1>: 0.427ns
The critical path consists of the following:
	'alloca' operation ('indvar_flatten492') [70]  (0.000 ns)
	'store' operation ('store_ln0') of constant 0 on local variable 'indvar_flatten492' [72]  (0.427 ns)

 <State 2>: 4.647ns
The critical path consists of the following:
	'load' operation ('indvar_flatten479_load', src/conv1_tile.cpp:80) on local variable 'indvar_flatten479' [87]  (0.000 ns)
	'icmp' operation ('icmp_ln80', src/conv1_tile.cpp:80) [92]  (0.787 ns)
	'select' operation ('select_ln79', src/conv1_tile.cpp:79) [93]  (0.414 ns)
	'add' operation ('add_ln80', src/conv1_tile.cpp:80) [100]  (0.789 ns)
	'select' operation ('select_ln80_1', src/conv1_tile.cpp:80) [104]  (0.414 ns)
	'add' operation ('add_ln82', src/conv1_tile.cpp:82) [107]  (0.000 ns)
	'add' operation ('add_ln82_1', src/conv1_tile.cpp:82) [110]  (1.006 ns)
	'getelementptr' operation ('layer1_output_tile_addr', src/conv1_tile.cpp:82) [112]  (0.000 ns)
	'load' operation ('layer1_output_tile_load', src/conv1_tile.cpp:82) on array 'layer1_output_tile' [177]  (1.237 ns)

 <State 3>: 3.804ns
The critical path consists of the following:
	'load' operation ('layer1_output_tile_load', src/conv1_tile.cpp:82) on array 'layer1_output_tile' [177]  (1.237 ns)
	'mux' operation ('tmp_253', src/conv1_tile.cpp:82) [241]  (0.854 ns)
	fifo write operation ('write_ln82', src/conv1_tile.cpp:82) on port 'conv1_to_conv2' (src/conv1_tile.cpp:82) [243]  (1.713 ns)


============================================================
+ Verbose Summary: Binding
============================================================
N/A
* FSMD analyzer results:
  - Output states:
 - Input state : 
  - Chain level:
	State 1
	State 2
	State 3


============================================================
+ Verbose Summary: Datapath Resource usage 
============================================================
N/A
