src/conv2.cpp:13:9: warning: HLS pragma dump _XLX_SEP_ PragmaIsValid=1_XLX_SEP_ PragmaType=inline_XLX_SEP_ PragmaContext=_XLX_SEP_ PragmaFunction=conv2_XLX_SEP_ PragmaOptions=off_XLX_SEP_ [-Wdump-hls-pragmas]
#pragma HLS INLINE off
        ^
src/conv2.cpp:14:9: warning: HLS pragma dump _XLX_SEP_ PragmaIsValid=1_XLX_SEP_ PragmaType=stream_XLX_SEP_ PragmaContext=_XLX_SEP_ PragmaFunction=conv2_XLX_SEP_ PragmaOptions=variable=conv2_to_conv3 depth=512_XLX_SEP_ [-Wdump-hls-pragmas]
#pragma HLS STREAM variable=conv2_to_conv3 depth=512
        ^
src/conv2.cpp:18:9: warning: missing argument for 'variable' [-Winvalid-hls-pragmas]
#pragma HLS BIND_OP op=mul impl=dsp
        ^
src/conv2.cpp:18:9: warning: HLS pragma dump _XLX_SEP_ PragmaIsValid=0_XLX_SEP_ PragmaType=bind_op_XLX_SEP_ PragmaContext=_XLX_SEP_ PragmaFunction=conv2_XLX_SEP_ PragmaOptions=op=mul impl=dsp_XLX_SEP_ [-Wdump-hls-pragmas]
src/conv2.cpp:19:9: warning: missing argument for 'variable' [-Winvalid-hls-pragmas]
#pragma HLS BIND_OP op=add impl=dsp
        ^
src/conv2.cpp:19:9: warning: HLS pragma dump _XLX_SEP_ PragmaIsValid=0_XLX_SEP_ PragmaType=bind_op_XLX_SEP_ PragmaContext=_XLX_SEP_ PragmaFunction=conv2_XLX_SEP_ PragmaOptions=op=add impl=dsp_XLX_SEP_ [-Wdump-hls-pragmas]
src/conv2.cpp:26:9: warning: HLS pragma dump _XLX_SEP_ PragmaIsValid=1_XLX_SEP_ PragmaType=array_partition_XLX_SEP_ PragmaContext=_XLX_SEP_ PragmaFunction=conv2_XLX_SEP_ PragmaOptions=variable=conv2_weights cyclic factor=4 dim=2_XLX_SEP_ [-Wdump-hls-pragmas]
#pragma HLS ARRAY_PARTITION variable=conv2_weights cyclic factor=4 dim=2
        ^
src/conv2.cpp:27:9: warning: HLS pragma dump _XLX_SEP_ PragmaIsValid=1_XLX_SEP_ PragmaType=array_partition_XLX_SEP_ PragmaContext=_XLX_SEP_ PragmaFunction=conv2_XLX_SEP_ PragmaOptions=variable=conv2_biases complete dim=1_XLX_SEP_ [-Wdump-hls-pragmas]
#pragma HLS ARRAY_PARTITION variable=conv2_biases complete dim=1
        ^
src/conv2.cpp:28:9: warning: HLS pragma dump _XLX_SEP_ PragmaIsValid=1_XLX_SEP_ PragmaType=array_partition_XLX_SEP_ PragmaContext=_XLX_SEP_ PragmaFunction=conv2_XLX_SEP_ PragmaOptions=variable=input_tile cyclic factor=4 dim=1_XLX_SEP_ [-Wdump-hls-pragmas]
#pragma HLS ARRAY_PARTITION variable=input_tile cyclic factor=4 dim=1
        ^
src/conv2.cpp:45:9: warning: HLS pragma dump _XLX_SEP_ PragmaIsValid=1_XLX_SEP_ PragmaType=pipeline_XLX_SEP_ PragmaContext=_XLX_SEP_ PragmaFunction=conv2_XLX_SEP_ PragmaOptions=II=1_XLX_SEP_ [-Wdump-hls-pragmas]
#pragma HLS PIPELINE II=1
        ^
src/conv2.cpp:56:9: warning: HLS pragma dump _XLX_SEP_ PragmaIsValid=1_XLX_SEP_ PragmaType=unroll_XLX_SEP_ PragmaContext=_XLX_SEP_ PragmaFunction=conv2_XLX_SEP_ PragmaOptions=FACTOR=4_XLX_SEP_ [-Wdump-hls-pragmas]
#pragma HLS UNROLL FACTOR=4
        ^
src/conv2.cpp:60:9: warning: HLS pragma dump _XLX_SEP_ PragmaIsValid=1_XLX_SEP_ PragmaType=pipeline_XLX_SEP_ PragmaContext=_XLX_SEP_ PragmaFunction=conv2_XLX_SEP_ PragmaOptions=II=1_XLX_SEP_ [-Wdump-hls-pragmas]
#pragma HLS PIPELINE II=1
        ^
src/conv2.cpp:74:9: warning: HLS pragma dump _XLX_SEP_ PragmaIsValid=1_XLX_SEP_ PragmaType=pipeline_XLX_SEP_ PragmaContext=_XLX_SEP_ PragmaFunction=conv2_XLX_SEP_ PragmaOptions=II = 1_XLX_SEP_ [-Wdump-hls-pragmas]
#pragma HLS PIPELINE II = 1
        ^
13 warnings generated.
