

================================================================
== Vitis HLS Report for 'conv3_Pipeline_VITIS_LOOP_435_1_VITIS_LOOP_436_2_VITIS_LOOP_437_3'
================================================================
* Date:           Fri Oct 31 13:48:03 2025

* Version:        2023.1 (Build 3854077 on May  4 2023)
* Project:        srcnn_hls
* Solution:       solution1 (Vivado IP Flow Target)
* Product family: zynquplus
* Target device:  xck26-sfvc784-2LV-c


================================================================
== Performance Estimates
================================================================
+ Timing: 
    * Summary: 
    +--------+----------+----------+------------+
    |  Clock |  Target  | Estimated| Uncertainty|
    +--------+----------+----------+------------+
    |ap_clk  |  10.00 ns|  5.334 ns|     2.70 ns|
    +--------+----------+----------+------------+

+ Latency: 
    * Summary: 
    +---------+---------+-----------+-----------+------+------+---------+
    |  Latency (cycles) |   Latency (absolute)  |   Interval  | Pipeline|
    |   min   |   max   |    min    |    max    |  min |  max |   Type  |
    +---------+---------+-----------+-----------+------+------+---------+
    |     9250|     9250|  92.500 us|  92.500 us|  9250|  9250|       no|
    +---------+---------+-----------+-----------+------+------+---------+

    + Detail: 
        * Instance: 
        N/A

        * Loop: 
        +------------------------------------------------------+---------+---------+----------+-----------+-----------+------+----------+
        |                                                      |  Latency (cycles) | Iteration|  Initiation Interval  | Trip |          |
        |                       Loop Name                      |   min   |   max   |  Latency |  achieved |   target  | Count| Pipelined|
        +------------------------------------------------------+---------+---------+----------+-----------+-----------+------+----------+
        |- VITIS_LOOP_435_1_VITIS_LOOP_436_2_VITIS_LOOP_437_3  |     9248|     9248|         2|          1|          1|  9248|       yes|
        +------------------------------------------------------+---------+---------+----------+-----------+-----------+------+----------+

============================================================
+ Verbose Summary: Synthesis Manager
============================================================
InlineROM: 1
ExposeGlobal: 0
============================================================
+ Verbose Summary: CDFG Model
============================================================
IsTopModel: 0
ResetActiveHigh: 1
IsCombinational: 0
IsDatapathOnly: 0
HasWiredReturn: 1
HasMFsm: 2
HasVarLatency: 1
IsPipeline: 0
IsRtlPipelined: 0
IsInstanceOverlapped: 0
IsDontTouch: 0
HasImplIP: 0
IsGatedGlobalClock: 0

+ Individual pipeline summary: 
  * Pipeline-0: initiation interval (II) = 1, depth = 2


============================================================
+ Verbose Summary: Schedule
============================================================
* Number of FSM states : 2
* Pipeline : 1
  Pipeline-0 : II = 1, D = 2, States = { 1 2 }
* Dataflow Pipeline: 0

* FSM state transitions: 
1 --> 2 
2 --> 

* FSM state operations: 

State 1 <SV = 0> <Delay = 1.25>
ST_1 : Operation 5 [1/1] (0.00ns)   --->   "%j_1 = alloca i32 1"   --->   Operation 5 'alloca' 'j_1' <Predicate = true> <Delay = 0.00>
ST_1 : Operation 6 [1/1] (0.00ns)   --->   "%i_1 = alloca i32 1"   --->   Operation 6 'alloca' 'i_1' <Predicate = true> <Delay = 0.00>
ST_1 : Operation 7 [1/1] (0.00ns)   --->   "%indvar_flatten = alloca i32 1"   --->   Operation 7 'alloca' 'indvar_flatten' <Predicate = true> <Delay = 0.00>
ST_1 : Operation 8 [1/1] (0.00ns)   --->   "%feat = alloca i32 1"   --->   Operation 8 'alloca' 'feat' <Predicate = true> <Delay = 0.00>
ST_1 : Operation 9 [1/1] (0.00ns)   --->   "%indvar_flatten12 = alloca i32 1"   --->   Operation 9 'alloca' 'indvar_flatten12' <Predicate = true> <Delay = 0.00>
ST_1 : Operation 10 [1/1] (0.00ns)   --->   "%specmemcore_ln0 = specmemcore void @_ssdm_op_SpecMemCore, i32 %conv2_to_conv3, i64 666, i64 9, i64 18446744073709551615"   --->   Operation 10 'specmemcore' 'specmemcore_ln0' <Predicate = true> <Delay = 0.00>
ST_1 : Operation 11 [1/1] (0.00ns)   --->   "%specinterface_ln0 = specinterface void @_ssdm_op_SpecInterface, i32 %conv2_to_conv3, void @empty_23, i32 0, i32 0, void @empty_42, i32 0, i32 0, void @empty_42, void @empty_42, void @empty_42, i32 0, i32 0, i32 0, i32 0, void @empty_42, void @empty_42, i32 4294967295, i32 0"   --->   Operation 11 'specinterface' 'specinterface_ln0' <Predicate = true> <Delay = 0.00>
ST_1 : Operation 12 [1/1] (0.42ns)   --->   "%store_ln0 = store i14 0, i14 %indvar_flatten12"   --->   Operation 12 'store' 'store_ln0' <Predicate = true> <Delay = 0.42>
ST_1 : Operation 13 [1/1] (0.42ns)   --->   "%store_ln0 = store i6 0, i6 %feat"   --->   Operation 13 'store' 'store_ln0' <Predicate = true> <Delay = 0.42>
ST_1 : Operation 14 [1/1] (0.42ns)   --->   "%store_ln0 = store i10 0, i10 %indvar_flatten"   --->   Operation 14 'store' 'store_ln0' <Predicate = true> <Delay = 0.42>
ST_1 : Operation 15 [1/1] (0.42ns)   --->   "%store_ln0 = store i5 0, i5 %i_1"   --->   Operation 15 'store' 'store_ln0' <Predicate = true> <Delay = 0.42>
ST_1 : Operation 16 [1/1] (0.42ns)   --->   "%store_ln0 = store i5 0, i5 %j_1"   --->   Operation 16 'store' 'store_ln0' <Predicate = true> <Delay = 0.42>
ST_1 : Operation 17 [1/1] (0.00ns)   --->   "%br_ln0 = br void %for.inc"   --->   Operation 17 'br' 'br_ln0' <Predicate = true> <Delay = 0.00>
ST_1 : Operation 18 [1/1] (0.00ns)   --->   "%indvar_flatten12_load = load i14 %indvar_flatten12" [src/srcnn.cpp:435]   --->   Operation 18 'load' 'indvar_flatten12_load' <Predicate = true> <Delay = 0.00>
ST_1 : Operation 19 [1/1] (0.00ns)   --->   "%specpipeline_ln0 = specpipeline void @_ssdm_op_SpecPipeline, i32 4294967295, i32 0, i32 1, i32 0, void @p_str"   --->   Operation 19 'specpipeline' 'specpipeline_ln0' <Predicate = true> <Delay = 0.00>
ST_1 : Operation 20 [1/1] (0.83ns)   --->   "%icmp_ln435 = icmp_eq  i14 %indvar_flatten12_load, i14 9248" [src/srcnn.cpp:435]   --->   Operation 20 'icmp' 'icmp_ln435' <Predicate = true> <Delay = 0.83> <CoreInst = "Cmp">   --->   Core 9 'Cmp' <Latency = 0> <II = 1> <Delay = 0.83> <FuncUnit> <Opcode : 'icmp'> <InPorts = 2> <OutPorts = 1>
ST_1 : Operation 21 [1/1] (0.83ns)   --->   "%add_ln435_1 = add i14 %indvar_flatten12_load, i14 1" [src/srcnn.cpp:435]   --->   Operation 21 'add' 'add_ln435_1' <Predicate = true> <Delay = 0.83> <CoreInst = "Adder">   --->   Core 1 'Adder' <Latency = 0> <II = 1> <Delay = 0.83> <FuncUnit> <Opcode : 'add' 'sub'> <InPorts = 2> <OutPorts = 1>
ST_1 : Operation 22 [1/1] (0.00ns)   --->   "%br_ln435 = br i1 %icmp_ln435, void %for.inc16, void %OUT_STATIONARY_CONV3.exitStub" [src/srcnn.cpp:435]   --->   Operation 22 'br' 'br_ln435' <Predicate = true> <Delay = 0.00>
ST_1 : Operation 23 [1/1] (0.42ns)   --->   "%store_ln437 = store i14 %add_ln435_1, i14 %indvar_flatten12" [src/srcnn.cpp:437]   --->   Operation 23 'store' 'store_ln437' <Predicate = (!icmp_ln435)> <Delay = 0.42>
ST_1 : Operation 70 [1/1] (0.00ns)   --->   "%ret_ln0 = ret"   --->   Operation 70 'ret' 'ret_ln0' <Predicate = (icmp_ln435)> <Delay = 0.00>

State 2 <SV = 1> <Delay = 5.33>
ST_2 : Operation 24 [1/1] (0.00ns)   --->   "%j_1_load = load i5 %j_1" [src/srcnn.cpp:437]   --->   Operation 24 'load' 'j_1_load' <Predicate = true> <Delay = 0.00>
ST_2 : Operation 25 [1/1] (0.00ns)   --->   "%i_1_load = load i5 %i_1" [src/srcnn.cpp:435]   --->   Operation 25 'load' 'i_1_load' <Predicate = true> <Delay = 0.00>
ST_2 : Operation 26 [1/1] (0.00ns)   --->   "%indvar_flatten_load = load i10 %indvar_flatten" [src/srcnn.cpp:436]   --->   Operation 26 'load' 'indvar_flatten_load' <Predicate = true> <Delay = 0.00>
ST_2 : Operation 27 [1/1] (0.00ns)   --->   "%feat_load = load i6 %feat" [src/srcnn.cpp:435]   --->   Operation 27 'load' 'feat_load' <Predicate = true> <Delay = 0.00>
ST_2 : Operation 28 [1/1] (0.78ns)   --->   "%add_ln435 = add i6 %feat_load, i6 1" [src/srcnn.cpp:435]   --->   Operation 28 'add' 'add_ln435' <Predicate = true> <Delay = 0.78> <CoreInst = "Adder">   --->   Core 1 'Adder' <Latency = 0> <II = 1> <Delay = 0.78> <FuncUnit> <Opcode : 'add' 'sub'> <InPorts = 2> <OutPorts = 1>
ST_2 : Operation 29 [1/1] (0.00ns)   --->   "%specloopname_ln0 = specloopname void @_ssdm_op_SpecLoopName, void @VITIS_LOOP_435_1_VITIS_LOOP_436_2_VITIS_LOOP_437_3_str"   --->   Operation 29 'specloopname' 'specloopname_ln0' <Predicate = true> <Delay = 0.00>
ST_2 : Operation 30 [1/1] (0.00ns)   --->   "%speclooptripcount_ln0 = speclooptripcount void @_ssdm_op_SpecLoopTripCount, i64 9248, i64 9248, i64 9248"   --->   Operation 30 'speclooptripcount' 'speclooptripcount_ln0' <Predicate = true> <Delay = 0.00>
ST_2 : Operation 31 [1/1] (0.78ns)   --->   "%icmp_ln436 = icmp_eq  i10 %indvar_flatten_load, i10 289" [src/srcnn.cpp:436]   --->   Operation 31 'icmp' 'icmp_ln436' <Predicate = true> <Delay = 0.78> <CoreInst = "Cmp">   --->   Core 9 'Cmp' <Latency = 0> <II = 1> <Delay = 0.78> <FuncUnit> <Opcode : 'icmp'> <InPorts = 2> <OutPorts = 1>
ST_2 : Operation 32 [1/1] (0.41ns)   --->   "%select_ln435 = select i1 %icmp_ln436, i5 0, i5 %i_1_load" [src/srcnn.cpp:435]   --->   Operation 32 'select' 'select_ln435' <Predicate = true> <Delay = 0.41> <CoreInst = "Sel">   --->   Core 73 'Sel' <Latency = 0> <II = 1> <Delay = 0.41> <FuncUnit> <Opcode : 'select'> <InPorts = 3> <OutPorts = 1>
ST_2 : Operation 33 [1/1] (0.38ns)   --->   "%select_ln435_1 = select i1 %icmp_ln436, i6 %add_ln435, i6 %feat_load" [src/srcnn.cpp:435]   --->   Operation 33 'select' 'select_ln435_1' <Predicate = true> <Delay = 0.38> <CoreInst = "Sel">   --->   Core 73 'Sel' <Latency = 0> <II = 1> <Delay = 0.38> <FuncUnit> <Opcode : 'select'> <InPorts = 3> <OutPorts = 1>
ST_2 : Operation 34 [1/1] (0.00ns)   --->   "%zext_ln438 = zext i6 %select_ln435_1" [src/srcnn.cpp:438]   --->   Operation 34 'zext' 'zext_ln438' <Predicate = true> <Delay = 0.00>
ST_2 : Operation 35 [1/1] (0.00ns)   --->   "%tmp_24 = bitconcatenate i10 @_ssdm_op_BitConcatenate.i10.i6.i4, i6 %select_ln435_1, i4 0" [src/srcnn.cpp:438]   --->   Operation 35 'bitconcatenate' 'tmp_24' <Predicate = true> <Delay = 0.00>
ST_2 : Operation 36 [1/1] (0.00ns)   --->   "%zext_ln438_1 = zext i10 %tmp_24" [src/srcnn.cpp:438]   --->   Operation 36 'zext' 'zext_ln438_1' <Predicate = true> <Delay = 0.00>
ST_2 : Operation 37 [1/1] (0.00ns) (grouped into TernaryAdder)   --->   "%add_ln438 = add i11 %zext_ln438_1, i11 %zext_ln438" [src/srcnn.cpp:438]   --->   Operation 37 'add' 'add_ln438' <Predicate = true> <Delay = 0.00> <CoreInst = "TAddSub">   --->   Core 10 'TAddSub' <Latency = 0> <II = 1> <Delay = 0.38> <IPBlock> <Opcode : '<invalid operator> ' 'add' 'sub'> <InPorts = 3> <OutPorts = 1> <Sync> <CReg>
ST_2 : Operation 38 [1/1] (0.00ns)   --->   "%specpipeline_ln0 = specpipeline void @_ssdm_op_SpecPipeline, i32 4294967295, i32 0, i32 1, i32 0, void @p_str"   --->   Operation 38 'specpipeline' 'specpipeline_ln0' <Predicate = true> <Delay = 0.00>
ST_2 : Operation 39 [1/1] (0.00ns) (grouped into LUT with out node and_ln435)   --->   "%xor_ln435 = xor i1 %icmp_ln436, i1 1" [src/srcnn.cpp:435]   --->   Operation 39 'xor' 'xor_ln435' <Predicate = true> <Delay = 0.00> <CoreInst = "LogicGate">   --->   Core 74 'LogicGate' <Latency = 0> <II = 1> <Delay = 0.28> <FuncUnit> <Opcode : 'and' 'or' 'xor'> <InPorts = 2> <OutPorts = 1>
ST_2 : Operation 40 [1/1] (0.78ns)   --->   "%icmp_ln437 = icmp_eq  i5 %j_1_load, i5 17" [src/srcnn.cpp:437]   --->   Operation 40 'icmp' 'icmp_ln437' <Predicate = true> <Delay = 0.78> <CoreInst = "Cmp">   --->   Core 9 'Cmp' <Latency = 0> <II = 1> <Delay = 0.78> <FuncUnit> <Opcode : 'icmp'> <InPorts = 2> <OutPorts = 1>
ST_2 : Operation 41 [1/1] (0.28ns) (out node of the LUT)   --->   "%and_ln435 = and i1 %icmp_ln437, i1 %xor_ln435" [src/srcnn.cpp:435]   --->   Operation 41 'and' 'and_ln435' <Predicate = true> <Delay = 0.28> <CoreInst = "LogicGate">   --->   Core 74 'LogicGate' <Latency = 0> <II = 1> <Delay = 0.28> <FuncUnit> <Opcode : 'and' 'or' 'xor'> <InPorts = 2> <OutPorts = 1>
ST_2 : Operation 42 [1/1] (0.78ns)   --->   "%add_ln436 = add i5 %select_ln435, i5 1" [src/srcnn.cpp:436]   --->   Operation 42 'add' 'add_ln436' <Predicate = true> <Delay = 0.78> <CoreInst = "Adder">   --->   Core 1 'Adder' <Latency = 0> <II = 1> <Delay = 0.78> <FuncUnit> <Opcode : 'add' 'sub'> <InPorts = 2> <OutPorts = 1>
ST_2 : Operation 43 [1/1] (0.00ns)   --->   "%specloopname_ln0 = specloopname void @_ssdm_op_SpecLoopName, void @VITIS_LOOP_436_2_VITIS_LOOP_437_3_str"   --->   Operation 43 'specloopname' 'specloopname_ln0' <Predicate = true> <Delay = 0.00>
ST_2 : Operation 44 [1/1] (0.00ns) (grouped into LUT with out node select_ln436)   --->   "%or_ln436 = or i1 %and_ln435, i1 %icmp_ln436" [src/srcnn.cpp:436]   --->   Operation 44 'or' 'or_ln436' <Predicate = true> <Delay = 0.00> <CoreInst = "LogicGate">   --->   Core 74 'LogicGate' <Latency = 0> <II = 1> <Delay = 0.28> <FuncUnit> <Opcode : 'and' 'or' 'xor'> <InPorts = 2> <OutPorts = 1>
ST_2 : Operation 45 [1/1] (0.41ns) (out node of the LUT)   --->   "%select_ln436 = select i1 %or_ln436, i5 0, i5 %j_1_load" [src/srcnn.cpp:436]   --->   Operation 45 'select' 'select_ln436' <Predicate = true> <Delay = 0.41> <CoreInst = "Sel">   --->   Core 73 'Sel' <Latency = 0> <II = 1> <Delay = 0.41> <FuncUnit> <Opcode : 'select'> <InPorts = 3> <OutPorts = 1>
ST_2 : Operation 46 [1/1] (0.41ns)   --->   "%select_ln436_1 = select i1 %and_ln435, i5 %add_ln436, i5 %select_ln435" [src/srcnn.cpp:436]   --->   Operation 46 'select' 'select_ln436_1' <Predicate = true> <Delay = 0.41> <CoreInst = "Sel">   --->   Core 73 'Sel' <Latency = 0> <II = 1> <Delay = 0.41> <FuncUnit> <Opcode : 'select'> <InPorts = 3> <OutPorts = 1>
ST_2 : Operation 47 [1/1] (0.00ns)   --->   "%zext_ln438_2 = zext i5 %select_ln436_1" [src/srcnn.cpp:438]   --->   Operation 47 'zext' 'zext_ln438_2' <Predicate = true> <Delay = 0.00>
ST_2 : Operation 48 [1/1] (0.91ns) (root node of TernaryAdder)   --->   "%add_ln438_1 = add i11 %add_ln438, i11 %zext_ln438_2" [src/srcnn.cpp:438]   --->   Operation 48 'add' 'add_ln438_1' <Predicate = true> <Delay = 0.91> <CoreInst = "TAddSub">   --->   Core 10 'TAddSub' <Latency = 0> <II = 1> <Delay = 0.38> <IPBlock> <Opcode : '<invalid operator> ' 'add' 'sub'> <InPorts = 3> <OutPorts = 1> <Sync> <CReg>
ST_2 : Operation 49 [1/1] (0.00ns)   --->   "%zext_ln438_3 = zext i11 %add_ln438_1" [src/srcnn.cpp:438]   --->   Operation 49 'zext' 'zext_ln438_3' <Predicate = true> <Delay = 0.00>
ST_2 : Operation 50 [1/1] (0.00ns)   --->   "%trunc_ln438 = trunc i11 %add_ln438_1" [src/srcnn.cpp:438]   --->   Operation 50 'trunc' 'trunc_ln438' <Predicate = true> <Delay = 0.00>
ST_2 : Operation 51 [1/1] (0.00ns)   --->   "%p_shl = bitconcatenate i14 @_ssdm_op_BitConcatenate.i14.i10.i4, i10 %trunc_ln438, i4 0" [src/srcnn.cpp:438]   --->   Operation 51 'bitconcatenate' 'p_shl' <Predicate = true> <Delay = 0.00>
ST_2 : Operation 52 [1/1] (0.00ns) (grouped into TernaryAdder)   --->   "%add_ln438_2 = add i14 %p_shl, i14 %zext_ln438_3" [src/srcnn.cpp:438]   --->   Operation 52 'add' 'add_ln438_2' <Predicate = true> <Delay = 0.00> <CoreInst = "TAddSub">   --->   Core 10 'TAddSub' <Latency = 0> <II = 1> <Delay = 0.38> <IPBlock> <Opcode : '<invalid operator> ' 'add' 'sub'> <InPorts = 3> <OutPorts = 1> <Sync> <CReg>
ST_2 : Operation 53 [1/1] (0.00ns)   --->   "%specpipeline_ln0 = specpipeline void @_ssdm_op_SpecPipeline, i32 4294967295, i32 0, i32 1, i32 0, void @p_str"   --->   Operation 53 'specpipeline' 'specpipeline_ln0' <Predicate = true> <Delay = 0.00>
ST_2 : Operation 54 [1/1] (0.00ns)   --->   "%zext_ln438_4 = zext i5 %select_ln436" [src/srcnn.cpp:438]   --->   Operation 54 'zext' 'zext_ln438_4' <Predicate = true> <Delay = 0.00>
ST_2 : Operation 55 [1/1] (0.77ns) (root node of TernaryAdder)   --->   "%add_ln438_3 = add i14 %add_ln438_2, i14 %zext_ln438_4" [src/srcnn.cpp:438]   --->   Operation 55 'add' 'add_ln438_3' <Predicate = true> <Delay = 0.77> <CoreInst = "TAddSub">   --->   Core 10 'TAddSub' <Latency = 0> <II = 1> <Delay = 0.38> <IPBlock> <Opcode : '<invalid operator> ' 'add' 'sub'> <InPorts = 3> <OutPorts = 1> <Sync> <CReg>
ST_2 : Operation 56 [1/1] (0.00ns)   --->   "%zext_ln438_5 = zext i14 %add_ln438_3" [src/srcnn.cpp:438]   --->   Operation 56 'zext' 'zext_ln438_5' <Predicate = true> <Delay = 0.00>
ST_2 : Operation 57 [1/1] (0.00ns)   --->   "%input_tile_addr = getelementptr i32 %input_tile, i64 0, i64 %zext_ln438_5" [src/srcnn.cpp:438]   --->   Operation 57 'getelementptr' 'input_tile_addr' <Predicate = true> <Delay = 0.00>
ST_2 : Operation 58 [1/1] (0.00ns)   --->   "%specloopname_ln437 = specloopname void @_ssdm_op_SpecLoopName, void @empty" [src/srcnn.cpp:437]   --->   Operation 58 'specloopname' 'specloopname_ln437' <Predicate = true> <Delay = 0.00>
ST_2 : Operation 59 [1/1] (2.97ns)   --->   "%conv2_to_conv3_read = read i32 @_ssdm_op_Read.ap_fifo.volatile.i32P0A, i32 %conv2_to_conv3" [src/srcnn.cpp:438]   --->   Operation 59 'read' 'conv2_to_conv3_read' <Predicate = true> <Delay = 2.97> <CoreInst = "FIFO_LUTRAM">   --->   Core 80 'FIFO_LUTRAM' <Latency = 0> <II = 1> <Delay = 2.97> <Storage> <Opcode : 'read' 'write' 'nbread' 'nbwrite'> <Ports = 0> <Width = 32> <Depth = 512> <FIFO>
ST_2 : Operation 60 [1/1] (0.00ns)   --->   "%bitcast_ln438 = bitcast i32 %conv2_to_conv3_read" [src/srcnn.cpp:438]   --->   Operation 60 'bitcast' 'bitcast_ln438' <Predicate = true> <Delay = 0.00>
ST_2 : Operation 61 [1/1] (1.23ns)   --->   "%store_ln438 = store i32 %bitcast_ln438, i14 %input_tile_addr" [src/srcnn.cpp:438]   --->   Operation 61 'store' 'store_ln438' <Predicate = true> <Delay = 1.23> <CoreInst = "RAM_1WnR">   --->   Core 84 'RAM_1WnR' <Latency = 1> <II = 1> <Delay = 1.23> <Storage> <Opcode : 'load' 'store'> <Ports = 17> <Width = 32> <Depth = 9248> <RAM>
ST_2 : Operation 62 [1/1] (0.78ns)   --->   "%add_ln437 = add i5 %select_ln436, i5 1" [src/srcnn.cpp:437]   --->   Operation 62 'add' 'add_ln437' <Predicate = true> <Delay = 0.78> <CoreInst = "Adder">   --->   Core 1 'Adder' <Latency = 0> <II = 1> <Delay = 0.78> <FuncUnit> <Opcode : 'add' 'sub'> <InPorts = 2> <OutPorts = 1>
ST_2 : Operation 63 [1/1] (0.78ns)   --->   "%add_ln436_1 = add i10 %indvar_flatten_load, i10 1" [src/srcnn.cpp:436]   --->   Operation 63 'add' 'add_ln436_1' <Predicate = true> <Delay = 0.78> <CoreInst = "Adder">   --->   Core 1 'Adder' <Latency = 0> <II = 1> <Delay = 0.78> <FuncUnit> <Opcode : 'add' 'sub'> <InPorts = 2> <OutPorts = 1>
ST_2 : Operation 64 [1/1] (0.40ns)   --->   "%select_ln436_2 = select i1 %icmp_ln436, i10 1, i10 %add_ln436_1" [src/srcnn.cpp:436]   --->   Operation 64 'select' 'select_ln436_2' <Predicate = true> <Delay = 0.40> <CoreInst = "Sel">   --->   Core 73 'Sel' <Latency = 0> <II = 1> <Delay = 0.40> <FuncUnit> <Opcode : 'select'> <InPorts = 3> <OutPorts = 1>
ST_2 : Operation 65 [1/1] (0.42ns)   --->   "%store_ln437 = store i6 %select_ln435_1, i6 %feat" [src/srcnn.cpp:437]   --->   Operation 65 'store' 'store_ln437' <Predicate = true> <Delay = 0.42>
ST_2 : Operation 66 [1/1] (0.42ns)   --->   "%store_ln437 = store i10 %select_ln436_2, i10 %indvar_flatten" [src/srcnn.cpp:437]   --->   Operation 66 'store' 'store_ln437' <Predicate = true> <Delay = 0.42>
ST_2 : Operation 67 [1/1] (0.42ns)   --->   "%store_ln437 = store i5 %select_ln436_1, i5 %i_1" [src/srcnn.cpp:437]   --->   Operation 67 'store' 'store_ln437' <Predicate = true> <Delay = 0.42>
ST_2 : Operation 68 [1/1] (0.42ns)   --->   "%store_ln437 = store i5 %add_ln437, i5 %j_1" [src/srcnn.cpp:437]   --->   Operation 68 'store' 'store_ln437' <Predicate = true> <Delay = 0.42>
ST_2 : Operation 69 [1/1] (0.00ns)   --->   "%br_ln437 = br void %for.inc" [src/srcnn.cpp:437]   --->   Operation 69 'br' 'br_ln437' <Predicate = true> <Delay = 0.00>


============================================================
+ Verbose Summary: Timing violations
============================================================
Target clock period: 10.000ns, clock uncertainty: 2.700ns.

 <State 1>: 1.258ns
The critical path consists of the following:
	'alloca' operation ('indvar_flatten12') [7]  (0.000 ns)
	'load' operation ('indvar_flatten12_load', src/srcnn.cpp:435) on local variable 'indvar_flatten12' [17]  (0.000 ns)
	'add' operation ('add_ln435_1', src/srcnn.cpp:435) [20]  (0.831 ns)
	'store' operation ('store_ln437', src/srcnn.cpp:437) of variable 'add_ln435_1', src/srcnn.cpp:435 on local variable 'indvar_flatten12' [64]  (0.427 ns)

 <State 2>: 5.334ns
The critical path consists of the following:
	'load' operation ('indvar_flatten_load', src/srcnn.cpp:436) on local variable 'indvar_flatten' [25]  (0.000 ns)
	'icmp' operation ('icmp_ln436', src/srcnn.cpp:436) [30]  (0.787 ns)
	'select' operation ('select_ln435', src/srcnn.cpp:435) [31]  (0.414 ns)
	'add' operation ('add_ln436', src/srcnn.cpp:436) [41]  (0.789 ns)
	'select' operation ('select_ln436_1', src/srcnn.cpp:436) [45]  (0.414 ns)
	'add' operation ('add_ln438_1', src/srcnn.cpp:438) [47]  (0.914 ns)
	'add' operation ('add_ln438_2', src/srcnn.cpp:438) [51]  (0.000 ns)
	'add' operation ('add_ln438_3', src/srcnn.cpp:438) [54]  (0.778 ns)
	'getelementptr' operation ('input_tile_addr', src/srcnn.cpp:438) [56]  (0.000 ns)
	'store' operation ('store_ln438', src/srcnn.cpp:438) of variable 'bitcast_ln438', src/srcnn.cpp:438 on array 'input_tile' [60]  (1.237 ns)


============================================================
+ Verbose Summary: Binding
============================================================
N/A
* FSMD analyzer results:
  - Output states:
 - Input state : 
  - Chain level:
	State 1
	State 2


============================================================
+ Verbose Summary: Datapath Resource usage 
============================================================
N/A
