

================================================================
== Vitis HLS Report for 'dataflow_parent_loop_proc'
================================================================
* Date:           Thu Oct 30 18:13:33 2025

* Version:        2023.1 (Build 3854077 on May  4 2023)
* Project:        srcnn_hls
* Solution:       solution1 (Vivado IP Flow Target)
* Product family: zynquplus
* Target device:  xck26-sfvc784-2LV-c


================================================================
== Performance Estimates
================================================================
+ Timing: 
    * Summary: 
    +--------+----------+----------+------------+
    |  Clock |  Target  | Estimated| Uncertainty|
    +--------+----------+----------+------------+
    |ap_clk  |  10.00 ns|  7.300 ns|     2.70 ns|
    +--------+----------+----------+------------+

+ Latency: 
    * Summary: 
    +----------+----------+-----------+-----------+----------+----------+---------+
    |   Latency (cycles)  |   Latency (absolute)  |       Interval      | Pipeline|
    |    min   |    max   |    min    |    max    |    min   |    max   |   Type  |
    +----------+----------+-----------+-----------+----------+----------+---------+
    |  23928306|  23928306|  0.239 sec|  0.239 sec|  23928306|  23928306|       no|
    +----------+----------+-----------+-----------+----------+----------+---------+

    + Detail: 
        * Instance: 
        N/A

        * Loop: 
        +-------------------------+----------+----------+----------+-----------+-----------+------+----------+
        |                         |   Latency (cycles)  | Iteration|  Initiation Interval  | Trip |          |
        |        Loop Name        |    min   |    max   |  Latency |  achieved |   target  | Count| Pipelined|
        +-------------------------+----------+----------+----------+-----------+-----------+------+----------+
        |- tile_height_loop_MAIN  |  23928305|  23928305|    106354|          -|          -|   225|        no|
        +-------------------------+----------+----------+----------+-----------+-----------+------+----------+

============================================================
+ Verbose Summary: Synthesis Manager
============================================================
InlineROM: 1
ExposeGlobal: 0
============================================================
+ Verbose Summary: CDFG Model
============================================================
IsTopModel: 0
ResetActiveHigh: 1
IsCombinational: 2
IsDatapathOnly: 0
HasWiredReturn: 1
HasMFsm: 0
HasVarLatency: 1
IsPipeline: 0
IsRtlPipelined: 0
IsInstanceOverlapped: 0
IsDontTouch: 0
HasImplIP: 0
IsGatedGlobalClock: 0


============================================================
+ Verbose Summary: Schedule
============================================================
* Number of FSM states : 3
* Pipeline : 0
* Dataflow Pipeline: 1
  DF-Pipeline-0: Size = 2, States = { 2 3 }

* FSM state transitions: 
1 --> 2 
2 --> 3 
3 --> 2 

* FSM state operations: 

State 1 <SV = 0> <Delay = 0.42>
ST_1 : Operation 4 [1/1] (0.00ns)   --->   "%specmemcore_ln0 = specmemcore void @_ssdm_op_SpecMemCore, i32 %conv3_biases_local, i64 666, i64 25, i64 18446744073709551615"   --->   Operation 4 'specmemcore' 'specmemcore_ln0' <Predicate = true> <Delay = 0.00>
ST_1 : Operation 5 [1/1] (0.00ns)   --->   "%specmemcore_ln0 = specmemcore void @_ssdm_op_SpecMemCore, i32 %conv3_weights_local_31, i64 666, i64 25, i64 18446744073709551615"   --->   Operation 5 'specmemcore' 'specmemcore_ln0' <Predicate = true> <Delay = 0.00>
ST_1 : Operation 6 [1/1] (0.00ns)   --->   "%specmemcore_ln0 = specmemcore void @_ssdm_op_SpecMemCore, i32 %conv3_weights_local_30, i64 666, i64 25, i64 18446744073709551615"   --->   Operation 6 'specmemcore' 'specmemcore_ln0' <Predicate = true> <Delay = 0.00>
ST_1 : Operation 7 [1/1] (0.00ns)   --->   "%specmemcore_ln0 = specmemcore void @_ssdm_op_SpecMemCore, i32 %conv3_weights_local_29, i64 666, i64 25, i64 18446744073709551615"   --->   Operation 7 'specmemcore' 'specmemcore_ln0' <Predicate = true> <Delay = 0.00>
ST_1 : Operation 8 [1/1] (0.00ns)   --->   "%specmemcore_ln0 = specmemcore void @_ssdm_op_SpecMemCore, i32 %conv3_weights_local_28, i64 666, i64 25, i64 18446744073709551615"   --->   Operation 8 'specmemcore' 'specmemcore_ln0' <Predicate = true> <Delay = 0.00>
ST_1 : Operation 9 [1/1] (0.00ns)   --->   "%specmemcore_ln0 = specmemcore void @_ssdm_op_SpecMemCore, i32 %conv3_weights_local_27, i64 666, i64 25, i64 18446744073709551615"   --->   Operation 9 'specmemcore' 'specmemcore_ln0' <Predicate = true> <Delay = 0.00>
ST_1 : Operation 10 [1/1] (0.00ns)   --->   "%specmemcore_ln0 = specmemcore void @_ssdm_op_SpecMemCore, i32 %conv3_weights_local_26, i64 666, i64 25, i64 18446744073709551615"   --->   Operation 10 'specmemcore' 'specmemcore_ln0' <Predicate = true> <Delay = 0.00>
ST_1 : Operation 11 [1/1] (0.00ns)   --->   "%specmemcore_ln0 = specmemcore void @_ssdm_op_SpecMemCore, i32 %conv3_weights_local_25, i64 666, i64 25, i64 18446744073709551615"   --->   Operation 11 'specmemcore' 'specmemcore_ln0' <Predicate = true> <Delay = 0.00>
ST_1 : Operation 12 [1/1] (0.00ns)   --->   "%specmemcore_ln0 = specmemcore void @_ssdm_op_SpecMemCore, i32 %conv3_weights_local_24, i64 666, i64 25, i64 18446744073709551615"   --->   Operation 12 'specmemcore' 'specmemcore_ln0' <Predicate = true> <Delay = 0.00>
ST_1 : Operation 13 [1/1] (0.00ns)   --->   "%specmemcore_ln0 = specmemcore void @_ssdm_op_SpecMemCore, i32 %conv3_weights_local_23, i64 666, i64 25, i64 18446744073709551615"   --->   Operation 13 'specmemcore' 'specmemcore_ln0' <Predicate = true> <Delay = 0.00>
ST_1 : Operation 14 [1/1] (0.00ns)   --->   "%specmemcore_ln0 = specmemcore void @_ssdm_op_SpecMemCore, i32 %conv3_weights_local_22, i64 666, i64 25, i64 18446744073709551615"   --->   Operation 14 'specmemcore' 'specmemcore_ln0' <Predicate = true> <Delay = 0.00>
ST_1 : Operation 15 [1/1] (0.00ns)   --->   "%specmemcore_ln0 = specmemcore void @_ssdm_op_SpecMemCore, i32 %conv3_weights_local_21, i64 666, i64 25, i64 18446744073709551615"   --->   Operation 15 'specmemcore' 'specmemcore_ln0' <Predicate = true> <Delay = 0.00>
ST_1 : Operation 16 [1/1] (0.00ns)   --->   "%specmemcore_ln0 = specmemcore void @_ssdm_op_SpecMemCore, i32 %conv3_weights_local_20, i64 666, i64 25, i64 18446744073709551615"   --->   Operation 16 'specmemcore' 'specmemcore_ln0' <Predicate = true> <Delay = 0.00>
ST_1 : Operation 17 [1/1] (0.00ns)   --->   "%specmemcore_ln0 = specmemcore void @_ssdm_op_SpecMemCore, i32 %conv3_weights_local_19, i64 666, i64 25, i64 18446744073709551615"   --->   Operation 17 'specmemcore' 'specmemcore_ln0' <Predicate = true> <Delay = 0.00>
ST_1 : Operation 18 [1/1] (0.00ns)   --->   "%specmemcore_ln0 = specmemcore void @_ssdm_op_SpecMemCore, i32 %conv3_weights_local_18, i64 666, i64 25, i64 18446744073709551615"   --->   Operation 18 'specmemcore' 'specmemcore_ln0' <Predicate = true> <Delay = 0.00>
ST_1 : Operation 19 [1/1] (0.00ns)   --->   "%specmemcore_ln0 = specmemcore void @_ssdm_op_SpecMemCore, i32 %conv3_weights_local_17, i64 666, i64 25, i64 18446744073709551615"   --->   Operation 19 'specmemcore' 'specmemcore_ln0' <Predicate = true> <Delay = 0.00>
ST_1 : Operation 20 [1/1] (0.00ns)   --->   "%specmemcore_ln0 = specmemcore void @_ssdm_op_SpecMemCore, i32 %conv3_weights_local_16, i64 666, i64 25, i64 18446744073709551615"   --->   Operation 20 'specmemcore' 'specmemcore_ln0' <Predicate = true> <Delay = 0.00>
ST_1 : Operation 21 [1/1] (0.00ns)   --->   "%specmemcore_ln0 = specmemcore void @_ssdm_op_SpecMemCore, i32 %conv3_weights_local_15, i64 666, i64 25, i64 18446744073709551615"   --->   Operation 21 'specmemcore' 'specmemcore_ln0' <Predicate = true> <Delay = 0.00>
ST_1 : Operation 22 [1/1] (0.00ns)   --->   "%specmemcore_ln0 = specmemcore void @_ssdm_op_SpecMemCore, i32 %conv3_weights_local_14, i64 666, i64 25, i64 18446744073709551615"   --->   Operation 22 'specmemcore' 'specmemcore_ln0' <Predicate = true> <Delay = 0.00>
ST_1 : Operation 23 [1/1] (0.00ns)   --->   "%specmemcore_ln0 = specmemcore void @_ssdm_op_SpecMemCore, i32 %conv3_weights_local_13, i64 666, i64 25, i64 18446744073709551615"   --->   Operation 23 'specmemcore' 'specmemcore_ln0' <Predicate = true> <Delay = 0.00>
ST_1 : Operation 24 [1/1] (0.00ns)   --->   "%specmemcore_ln0 = specmemcore void @_ssdm_op_SpecMemCore, i32 %conv3_weights_local_12, i64 666, i64 25, i64 18446744073709551615"   --->   Operation 24 'specmemcore' 'specmemcore_ln0' <Predicate = true> <Delay = 0.00>
ST_1 : Operation 25 [1/1] (0.00ns)   --->   "%specmemcore_ln0 = specmemcore void @_ssdm_op_SpecMemCore, i32 %conv3_weights_local_11, i64 666, i64 25, i64 18446744073709551615"   --->   Operation 25 'specmemcore' 'specmemcore_ln0' <Predicate = true> <Delay = 0.00>
ST_1 : Operation 26 [1/1] (0.00ns)   --->   "%specmemcore_ln0 = specmemcore void @_ssdm_op_SpecMemCore, i32 %conv3_weights_local_10, i64 666, i64 25, i64 18446744073709551615"   --->   Operation 26 'specmemcore' 'specmemcore_ln0' <Predicate = true> <Delay = 0.00>
ST_1 : Operation 27 [1/1] (0.00ns)   --->   "%specmemcore_ln0 = specmemcore void @_ssdm_op_SpecMemCore, i32 %conv3_weights_local_9, i64 666, i64 25, i64 18446744073709551615"   --->   Operation 27 'specmemcore' 'specmemcore_ln0' <Predicate = true> <Delay = 0.00>
ST_1 : Operation 28 [1/1] (0.00ns)   --->   "%specmemcore_ln0 = specmemcore void @_ssdm_op_SpecMemCore, i32 %conv3_weights_local_8, i64 666, i64 25, i64 18446744073709551615"   --->   Operation 28 'specmemcore' 'specmemcore_ln0' <Predicate = true> <Delay = 0.00>
ST_1 : Operation 29 [1/1] (0.00ns)   --->   "%specmemcore_ln0 = specmemcore void @_ssdm_op_SpecMemCore, i32 %conv3_weights_local_7, i64 666, i64 25, i64 18446744073709551615"   --->   Operation 29 'specmemcore' 'specmemcore_ln0' <Predicate = true> <Delay = 0.00>
ST_1 : Operation 30 [1/1] (0.00ns)   --->   "%specmemcore_ln0 = specmemcore void @_ssdm_op_SpecMemCore, i32 %conv3_weights_local_6, i64 666, i64 25, i64 18446744073709551615"   --->   Operation 30 'specmemcore' 'specmemcore_ln0' <Predicate = true> <Delay = 0.00>
ST_1 : Operation 31 [1/1] (0.00ns)   --->   "%specmemcore_ln0 = specmemcore void @_ssdm_op_SpecMemCore, i32 %conv3_weights_local_5, i64 666, i64 25, i64 18446744073709551615"   --->   Operation 31 'specmemcore' 'specmemcore_ln0' <Predicate = true> <Delay = 0.00>
ST_1 : Operation 32 [1/1] (0.00ns)   --->   "%specmemcore_ln0 = specmemcore void @_ssdm_op_SpecMemCore, i32 %conv3_weights_local_4, i64 666, i64 25, i64 18446744073709551615"   --->   Operation 32 'specmemcore' 'specmemcore_ln0' <Predicate = true> <Delay = 0.00>
ST_1 : Operation 33 [1/1] (0.00ns)   --->   "%specmemcore_ln0 = specmemcore void @_ssdm_op_SpecMemCore, i32 %conv3_weights_local_3, i64 666, i64 25, i64 18446744073709551615"   --->   Operation 33 'specmemcore' 'specmemcore_ln0' <Predicate = true> <Delay = 0.00>
ST_1 : Operation 34 [1/1] (0.00ns)   --->   "%specmemcore_ln0 = specmemcore void @_ssdm_op_SpecMemCore, i32 %conv3_weights_local_2, i64 666, i64 25, i64 18446744073709551615"   --->   Operation 34 'specmemcore' 'specmemcore_ln0' <Predicate = true> <Delay = 0.00>
ST_1 : Operation 35 [1/1] (0.00ns)   --->   "%specmemcore_ln0 = specmemcore void @_ssdm_op_SpecMemCore, i32 %conv3_weights_local_1, i64 666, i64 25, i64 18446744073709551615"   --->   Operation 35 'specmemcore' 'specmemcore_ln0' <Predicate = true> <Delay = 0.00>
ST_1 : Operation 36 [1/1] (0.00ns)   --->   "%specmemcore_ln0 = specmemcore void @_ssdm_op_SpecMemCore, i32 %conv3_weights_local, i64 666, i64 25, i64 18446744073709551615"   --->   Operation 36 'specmemcore' 'specmemcore_ln0' <Predicate = true> <Delay = 0.00>
ST_1 : Operation 37 [1/1] (0.00ns)   --->   "%specmemcore_ln0 = specmemcore void @_ssdm_op_SpecMemCore, i32 %conv2_biases_local, i64 666, i64 25, i64 18446744073709551615"   --->   Operation 37 'specmemcore' 'specmemcore_ln0' <Predicate = true> <Delay = 0.00>
ST_1 : Operation 38 [1/1] (0.00ns)   --->   "%specmemcore_ln0 = specmemcore void @_ssdm_op_SpecMemCore, i32 %conv2_weights_local_3, i64 666, i64 25, i64 18446744073709551615"   --->   Operation 38 'specmemcore' 'specmemcore_ln0' <Predicate = true> <Delay = 0.00>
ST_1 : Operation 39 [1/1] (0.00ns)   --->   "%specmemcore_ln0 = specmemcore void @_ssdm_op_SpecMemCore, i32 %conv2_weights_local_2, i64 666, i64 25, i64 18446744073709551615"   --->   Operation 39 'specmemcore' 'specmemcore_ln0' <Predicate = true> <Delay = 0.00>
ST_1 : Operation 40 [1/1] (0.00ns)   --->   "%specmemcore_ln0 = specmemcore void @_ssdm_op_SpecMemCore, i32 %conv2_weights_local_1, i64 666, i64 25, i64 18446744073709551615"   --->   Operation 40 'specmemcore' 'specmemcore_ln0' <Predicate = true> <Delay = 0.00>
ST_1 : Operation 41 [1/1] (0.00ns)   --->   "%specmemcore_ln0 = specmemcore void @_ssdm_op_SpecMemCore, i32 %conv2_weights_local, i64 666, i64 25, i64 18446744073709551615"   --->   Operation 41 'specmemcore' 'specmemcore_ln0' <Predicate = true> <Delay = 0.00>
ST_1 : Operation 42 [1/1] (0.00ns)   --->   "%specmemcore_ln0 = specmemcore void @_ssdm_op_SpecMemCore, i32 %conv1_biases_local, i64 666, i64 25, i64 18446744073709551615"   --->   Operation 42 'specmemcore' 'specmemcore_ln0' <Predicate = true> <Delay = 0.00>
ST_1 : Operation 43 [1/1] (0.00ns)   --->   "%specmemcore_ln0 = specmemcore void @_ssdm_op_SpecMemCore, i32 %conv1_weights_local_161, i64 666, i64 27, i64 18446744073709551615"   --->   Operation 43 'specmemcore' 'specmemcore_ln0' <Predicate = true> <Delay = 0.00>
ST_1 : Operation 44 [1/1] (0.00ns)   --->   "%specmemcore_ln0 = specmemcore void @_ssdm_op_SpecMemCore, i32 %conv1_weights_local_160, i64 666, i64 27, i64 18446744073709551615"   --->   Operation 44 'specmemcore' 'specmemcore_ln0' <Predicate = true> <Delay = 0.00>
ST_1 : Operation 45 [1/1] (0.00ns)   --->   "%specmemcore_ln0 = specmemcore void @_ssdm_op_SpecMemCore, i32 %conv1_weights_local_159, i64 666, i64 27, i64 18446744073709551615"   --->   Operation 45 'specmemcore' 'specmemcore_ln0' <Predicate = true> <Delay = 0.00>
ST_1 : Operation 46 [1/1] (0.00ns)   --->   "%specmemcore_ln0 = specmemcore void @_ssdm_op_SpecMemCore, i32 %conv1_weights_local_158, i64 666, i64 27, i64 18446744073709551615"   --->   Operation 46 'specmemcore' 'specmemcore_ln0' <Predicate = true> <Delay = 0.00>
ST_1 : Operation 47 [1/1] (0.00ns)   --->   "%specmemcore_ln0 = specmemcore void @_ssdm_op_SpecMemCore, i32 %conv1_weights_local_157, i64 666, i64 27, i64 18446744073709551615"   --->   Operation 47 'specmemcore' 'specmemcore_ln0' <Predicate = true> <Delay = 0.00>
ST_1 : Operation 48 [1/1] (0.00ns)   --->   "%specmemcore_ln0 = specmemcore void @_ssdm_op_SpecMemCore, i32 %conv1_weights_local_156, i64 666, i64 27, i64 18446744073709551615"   --->   Operation 48 'specmemcore' 'specmemcore_ln0' <Predicate = true> <Delay = 0.00>
ST_1 : Operation 49 [1/1] (0.00ns)   --->   "%specmemcore_ln0 = specmemcore void @_ssdm_op_SpecMemCore, i32 %conv1_weights_local_155, i64 666, i64 27, i64 18446744073709551615"   --->   Operation 49 'specmemcore' 'specmemcore_ln0' <Predicate = true> <Delay = 0.00>
ST_1 : Operation 50 [1/1] (0.00ns)   --->   "%specmemcore_ln0 = specmemcore void @_ssdm_op_SpecMemCore, i32 %conv1_weights_local_154, i64 666, i64 27, i64 18446744073709551615"   --->   Operation 50 'specmemcore' 'specmemcore_ln0' <Predicate = true> <Delay = 0.00>
ST_1 : Operation 51 [1/1] (0.00ns)   --->   "%specmemcore_ln0 = specmemcore void @_ssdm_op_SpecMemCore, i32 %conv1_weights_local_153, i64 666, i64 27, i64 18446744073709551615"   --->   Operation 51 'specmemcore' 'specmemcore_ln0' <Predicate = true> <Delay = 0.00>
ST_1 : Operation 52 [1/1] (0.00ns)   --->   "%specmemcore_ln0 = specmemcore void @_ssdm_op_SpecMemCore, i32 %conv1_weights_local_152, i64 666, i64 27, i64 18446744073709551615"   --->   Operation 52 'specmemcore' 'specmemcore_ln0' <Predicate = true> <Delay = 0.00>
ST_1 : Operation 53 [1/1] (0.00ns)   --->   "%specmemcore_ln0 = specmemcore void @_ssdm_op_SpecMemCore, i32 %conv1_weights_local_151, i64 666, i64 27, i64 18446744073709551615"   --->   Operation 53 'specmemcore' 'specmemcore_ln0' <Predicate = true> <Delay = 0.00>
ST_1 : Operation 54 [1/1] (0.00ns)   --->   "%specmemcore_ln0 = specmemcore void @_ssdm_op_SpecMemCore, i32 %conv1_weights_local_150, i64 666, i64 27, i64 18446744073709551615"   --->   Operation 54 'specmemcore' 'specmemcore_ln0' <Predicate = true> <Delay = 0.00>
ST_1 : Operation 55 [1/1] (0.00ns)   --->   "%specmemcore_ln0 = specmemcore void @_ssdm_op_SpecMemCore, i32 %conv1_weights_local_149, i64 666, i64 27, i64 18446744073709551615"   --->   Operation 55 'specmemcore' 'specmemcore_ln0' <Predicate = true> <Delay = 0.00>
ST_1 : Operation 56 [1/1] (0.00ns)   --->   "%specmemcore_ln0 = specmemcore void @_ssdm_op_SpecMemCore, i32 %conv1_weights_local_148, i64 666, i64 27, i64 18446744073709551615"   --->   Operation 56 'specmemcore' 'specmemcore_ln0' <Predicate = true> <Delay = 0.00>
ST_1 : Operation 57 [1/1] (0.00ns)   --->   "%specmemcore_ln0 = specmemcore void @_ssdm_op_SpecMemCore, i32 %conv1_weights_local_147, i64 666, i64 27, i64 18446744073709551615"   --->   Operation 57 'specmemcore' 'specmemcore_ln0' <Predicate = true> <Delay = 0.00>
ST_1 : Operation 58 [1/1] (0.00ns)   --->   "%specmemcore_ln0 = specmemcore void @_ssdm_op_SpecMemCore, i32 %conv1_weights_local_146, i64 666, i64 27, i64 18446744073709551615"   --->   Operation 58 'specmemcore' 'specmemcore_ln0' <Predicate = true> <Delay = 0.00>
ST_1 : Operation 59 [1/1] (0.00ns)   --->   "%specmemcore_ln0 = specmemcore void @_ssdm_op_SpecMemCore, i32 %conv1_weights_local_145, i64 666, i64 27, i64 18446744073709551615"   --->   Operation 59 'specmemcore' 'specmemcore_ln0' <Predicate = true> <Delay = 0.00>
ST_1 : Operation 60 [1/1] (0.00ns)   --->   "%specmemcore_ln0 = specmemcore void @_ssdm_op_SpecMemCore, i32 %conv1_weights_local_144, i64 666, i64 27, i64 18446744073709551615"   --->   Operation 60 'specmemcore' 'specmemcore_ln0' <Predicate = true> <Delay = 0.00>
ST_1 : Operation 61 [1/1] (0.00ns)   --->   "%specmemcore_ln0 = specmemcore void @_ssdm_op_SpecMemCore, i32 %conv1_weights_local_143, i64 666, i64 27, i64 18446744073709551615"   --->   Operation 61 'specmemcore' 'specmemcore_ln0' <Predicate = true> <Delay = 0.00>
ST_1 : Operation 62 [1/1] (0.00ns)   --->   "%specmemcore_ln0 = specmemcore void @_ssdm_op_SpecMemCore, i32 %conv1_weights_local_142, i64 666, i64 27, i64 18446744073709551615"   --->   Operation 62 'specmemcore' 'specmemcore_ln0' <Predicate = true> <Delay = 0.00>
ST_1 : Operation 63 [1/1] (0.00ns)   --->   "%specmemcore_ln0 = specmemcore void @_ssdm_op_SpecMemCore, i32 %conv1_weights_local_141, i64 666, i64 27, i64 18446744073709551615"   --->   Operation 63 'specmemcore' 'specmemcore_ln0' <Predicate = true> <Delay = 0.00>
ST_1 : Operation 64 [1/1] (0.00ns)   --->   "%specmemcore_ln0 = specmemcore void @_ssdm_op_SpecMemCore, i32 %conv1_weights_local_140, i64 666, i64 27, i64 18446744073709551615"   --->   Operation 64 'specmemcore' 'specmemcore_ln0' <Predicate = true> <Delay = 0.00>
ST_1 : Operation 65 [1/1] (0.00ns)   --->   "%specmemcore_ln0 = specmemcore void @_ssdm_op_SpecMemCore, i32 %conv1_weights_local_139, i64 666, i64 27, i64 18446744073709551615"   --->   Operation 65 'specmemcore' 'specmemcore_ln0' <Predicate = true> <Delay = 0.00>
ST_1 : Operation 66 [1/1] (0.00ns)   --->   "%specmemcore_ln0 = specmemcore void @_ssdm_op_SpecMemCore, i32 %conv1_weights_local_138, i64 666, i64 27, i64 18446744073709551615"   --->   Operation 66 'specmemcore' 'specmemcore_ln0' <Predicate = true> <Delay = 0.00>
ST_1 : Operation 67 [1/1] (0.00ns)   --->   "%specmemcore_ln0 = specmemcore void @_ssdm_op_SpecMemCore, i32 %conv1_weights_local_137, i64 666, i64 27, i64 18446744073709551615"   --->   Operation 67 'specmemcore' 'specmemcore_ln0' <Predicate = true> <Delay = 0.00>
ST_1 : Operation 68 [1/1] (0.00ns)   --->   "%specmemcore_ln0 = specmemcore void @_ssdm_op_SpecMemCore, i32 %conv1_weights_local_136, i64 666, i64 27, i64 18446744073709551615"   --->   Operation 68 'specmemcore' 'specmemcore_ln0' <Predicate = true> <Delay = 0.00>
ST_1 : Operation 69 [1/1] (0.00ns)   --->   "%specmemcore_ln0 = specmemcore void @_ssdm_op_SpecMemCore, i32 %conv1_weights_local_135, i64 666, i64 27, i64 18446744073709551615"   --->   Operation 69 'specmemcore' 'specmemcore_ln0' <Predicate = true> <Delay = 0.00>
ST_1 : Operation 70 [1/1] (0.00ns)   --->   "%specmemcore_ln0 = specmemcore void @_ssdm_op_SpecMemCore, i32 %conv1_weights_local_134, i64 666, i64 27, i64 18446744073709551615"   --->   Operation 70 'specmemcore' 'specmemcore_ln0' <Predicate = true> <Delay = 0.00>
ST_1 : Operation 71 [1/1] (0.00ns)   --->   "%specmemcore_ln0 = specmemcore void @_ssdm_op_SpecMemCore, i32 %conv1_weights_local_133, i64 666, i64 27, i64 18446744073709551615"   --->   Operation 71 'specmemcore' 'specmemcore_ln0' <Predicate = true> <Delay = 0.00>
ST_1 : Operation 72 [1/1] (0.00ns)   --->   "%specmemcore_ln0 = specmemcore void @_ssdm_op_SpecMemCore, i32 %conv1_weights_local_132, i64 666, i64 27, i64 18446744073709551615"   --->   Operation 72 'specmemcore' 'specmemcore_ln0' <Predicate = true> <Delay = 0.00>
ST_1 : Operation 73 [1/1] (0.00ns)   --->   "%specmemcore_ln0 = specmemcore void @_ssdm_op_SpecMemCore, i32 %conv1_weights_local_131, i64 666, i64 27, i64 18446744073709551615"   --->   Operation 73 'specmemcore' 'specmemcore_ln0' <Predicate = true> <Delay = 0.00>
ST_1 : Operation 74 [1/1] (0.00ns)   --->   "%specmemcore_ln0 = specmemcore void @_ssdm_op_SpecMemCore, i32 %conv1_weights_local_130, i64 666, i64 27, i64 18446744073709551615"   --->   Operation 74 'specmemcore' 'specmemcore_ln0' <Predicate = true> <Delay = 0.00>
ST_1 : Operation 75 [1/1] (0.00ns)   --->   "%specmemcore_ln0 = specmemcore void @_ssdm_op_SpecMemCore, i32 %conv1_weights_local_129, i64 666, i64 27, i64 18446744073709551615"   --->   Operation 75 'specmemcore' 'specmemcore_ln0' <Predicate = true> <Delay = 0.00>
ST_1 : Operation 76 [1/1] (0.00ns)   --->   "%specmemcore_ln0 = specmemcore void @_ssdm_op_SpecMemCore, i32 %conv1_weights_local_128, i64 666, i64 27, i64 18446744073709551615"   --->   Operation 76 'specmemcore' 'specmemcore_ln0' <Predicate = true> <Delay = 0.00>
ST_1 : Operation 77 [1/1] (0.00ns)   --->   "%specmemcore_ln0 = specmemcore void @_ssdm_op_SpecMemCore, i32 %conv1_weights_local_127, i64 666, i64 27, i64 18446744073709551615"   --->   Operation 77 'specmemcore' 'specmemcore_ln0' <Predicate = true> <Delay = 0.00>
ST_1 : Operation 78 [1/1] (0.00ns)   --->   "%specmemcore_ln0 = specmemcore void @_ssdm_op_SpecMemCore, i32 %conv1_weights_local_126, i64 666, i64 27, i64 18446744073709551615"   --->   Operation 78 'specmemcore' 'specmemcore_ln0' <Predicate = true> <Delay = 0.00>
ST_1 : Operation 79 [1/1] (0.00ns)   --->   "%specmemcore_ln0 = specmemcore void @_ssdm_op_SpecMemCore, i32 %conv1_weights_local_125, i64 666, i64 27, i64 18446744073709551615"   --->   Operation 79 'specmemcore' 'specmemcore_ln0' <Predicate = true> <Delay = 0.00>
ST_1 : Operation 80 [1/1] (0.00ns)   --->   "%specmemcore_ln0 = specmemcore void @_ssdm_op_SpecMemCore, i32 %conv1_weights_local_124, i64 666, i64 27, i64 18446744073709551615"   --->   Operation 80 'specmemcore' 'specmemcore_ln0' <Predicate = true> <Delay = 0.00>
ST_1 : Operation 81 [1/1] (0.00ns)   --->   "%specmemcore_ln0 = specmemcore void @_ssdm_op_SpecMemCore, i32 %conv1_weights_local_123, i64 666, i64 27, i64 18446744073709551615"   --->   Operation 81 'specmemcore' 'specmemcore_ln0' <Predicate = true> <Delay = 0.00>
ST_1 : Operation 82 [1/1] (0.00ns)   --->   "%specmemcore_ln0 = specmemcore void @_ssdm_op_SpecMemCore, i32 %conv1_weights_local_122, i64 666, i64 27, i64 18446744073709551615"   --->   Operation 82 'specmemcore' 'specmemcore_ln0' <Predicate = true> <Delay = 0.00>
ST_1 : Operation 83 [1/1] (0.00ns)   --->   "%specmemcore_ln0 = specmemcore void @_ssdm_op_SpecMemCore, i32 %conv1_weights_local_121, i64 666, i64 27, i64 18446744073709551615"   --->   Operation 83 'specmemcore' 'specmemcore_ln0' <Predicate = true> <Delay = 0.00>
ST_1 : Operation 84 [1/1] (0.00ns)   --->   "%specmemcore_ln0 = specmemcore void @_ssdm_op_SpecMemCore, i32 %conv1_weights_local_120, i64 666, i64 27, i64 18446744073709551615"   --->   Operation 84 'specmemcore' 'specmemcore_ln0' <Predicate = true> <Delay = 0.00>
ST_1 : Operation 85 [1/1] (0.00ns)   --->   "%specmemcore_ln0 = specmemcore void @_ssdm_op_SpecMemCore, i32 %conv1_weights_local_119, i64 666, i64 27, i64 18446744073709551615"   --->   Operation 85 'specmemcore' 'specmemcore_ln0' <Predicate = true> <Delay = 0.00>
ST_1 : Operation 86 [1/1] (0.00ns)   --->   "%specmemcore_ln0 = specmemcore void @_ssdm_op_SpecMemCore, i32 %conv1_weights_local_118, i64 666, i64 27, i64 18446744073709551615"   --->   Operation 86 'specmemcore' 'specmemcore_ln0' <Predicate = true> <Delay = 0.00>
ST_1 : Operation 87 [1/1] (0.00ns)   --->   "%specmemcore_ln0 = specmemcore void @_ssdm_op_SpecMemCore, i32 %conv1_weights_local_117, i64 666, i64 27, i64 18446744073709551615"   --->   Operation 87 'specmemcore' 'specmemcore_ln0' <Predicate = true> <Delay = 0.00>
ST_1 : Operation 88 [1/1] (0.00ns)   --->   "%specmemcore_ln0 = specmemcore void @_ssdm_op_SpecMemCore, i32 %conv1_weights_local_116, i64 666, i64 27, i64 18446744073709551615"   --->   Operation 88 'specmemcore' 'specmemcore_ln0' <Predicate = true> <Delay = 0.00>
ST_1 : Operation 89 [1/1] (0.00ns)   --->   "%specmemcore_ln0 = specmemcore void @_ssdm_op_SpecMemCore, i32 %conv1_weights_local_115, i64 666, i64 27, i64 18446744073709551615"   --->   Operation 89 'specmemcore' 'specmemcore_ln0' <Predicate = true> <Delay = 0.00>
ST_1 : Operation 90 [1/1] (0.00ns)   --->   "%specmemcore_ln0 = specmemcore void @_ssdm_op_SpecMemCore, i32 %conv1_weights_local_114, i64 666, i64 27, i64 18446744073709551615"   --->   Operation 90 'specmemcore' 'specmemcore_ln0' <Predicate = true> <Delay = 0.00>
ST_1 : Operation 91 [1/1] (0.00ns)   --->   "%specmemcore_ln0 = specmemcore void @_ssdm_op_SpecMemCore, i32 %conv1_weights_local_113, i64 666, i64 27, i64 18446744073709551615"   --->   Operation 91 'specmemcore' 'specmemcore_ln0' <Predicate = true> <Delay = 0.00>
ST_1 : Operation 92 [1/1] (0.00ns)   --->   "%specmemcore_ln0 = specmemcore void @_ssdm_op_SpecMemCore, i32 %conv1_weights_local_112, i64 666, i64 27, i64 18446744073709551615"   --->   Operation 92 'specmemcore' 'specmemcore_ln0' <Predicate = true> <Delay = 0.00>
ST_1 : Operation 93 [1/1] (0.00ns)   --->   "%specmemcore_ln0 = specmemcore void @_ssdm_op_SpecMemCore, i32 %conv1_weights_local_111, i64 666, i64 27, i64 18446744073709551615"   --->   Operation 93 'specmemcore' 'specmemcore_ln0' <Predicate = true> <Delay = 0.00>
ST_1 : Operation 94 [1/1] (0.00ns)   --->   "%specmemcore_ln0 = specmemcore void @_ssdm_op_SpecMemCore, i32 %conv1_weights_local_110, i64 666, i64 27, i64 18446744073709551615"   --->   Operation 94 'specmemcore' 'specmemcore_ln0' <Predicate = true> <Delay = 0.00>
ST_1 : Operation 95 [1/1] (0.00ns)   --->   "%specmemcore_ln0 = specmemcore void @_ssdm_op_SpecMemCore, i32 %conv1_weights_local_109, i64 666, i64 27, i64 18446744073709551615"   --->   Operation 95 'specmemcore' 'specmemcore_ln0' <Predicate = true> <Delay = 0.00>
ST_1 : Operation 96 [1/1] (0.00ns)   --->   "%specmemcore_ln0 = specmemcore void @_ssdm_op_SpecMemCore, i32 %conv1_weights_local_108, i64 666, i64 27, i64 18446744073709551615"   --->   Operation 96 'specmemcore' 'specmemcore_ln0' <Predicate = true> <Delay = 0.00>
ST_1 : Operation 97 [1/1] (0.00ns)   --->   "%specmemcore_ln0 = specmemcore void @_ssdm_op_SpecMemCore, i32 %conv1_weights_local_107, i64 666, i64 27, i64 18446744073709551615"   --->   Operation 97 'specmemcore' 'specmemcore_ln0' <Predicate = true> <Delay = 0.00>
ST_1 : Operation 98 [1/1] (0.00ns)   --->   "%specmemcore_ln0 = specmemcore void @_ssdm_op_SpecMemCore, i32 %conv1_weights_local_106, i64 666, i64 27, i64 18446744073709551615"   --->   Operation 98 'specmemcore' 'specmemcore_ln0' <Predicate = true> <Delay = 0.00>
ST_1 : Operation 99 [1/1] (0.00ns)   --->   "%specmemcore_ln0 = specmemcore void @_ssdm_op_SpecMemCore, i32 %conv1_weights_local_105, i64 666, i64 27, i64 18446744073709551615"   --->   Operation 99 'specmemcore' 'specmemcore_ln0' <Predicate = true> <Delay = 0.00>
ST_1 : Operation 100 [1/1] (0.00ns)   --->   "%specmemcore_ln0 = specmemcore void @_ssdm_op_SpecMemCore, i32 %conv1_weights_local_104, i64 666, i64 27, i64 18446744073709551615"   --->   Operation 100 'specmemcore' 'specmemcore_ln0' <Predicate = true> <Delay = 0.00>
ST_1 : Operation 101 [1/1] (0.00ns)   --->   "%specmemcore_ln0 = specmemcore void @_ssdm_op_SpecMemCore, i32 %conv1_weights_local_103, i64 666, i64 27, i64 18446744073709551615"   --->   Operation 101 'specmemcore' 'specmemcore_ln0' <Predicate = true> <Delay = 0.00>
ST_1 : Operation 102 [1/1] (0.00ns)   --->   "%specmemcore_ln0 = specmemcore void @_ssdm_op_SpecMemCore, i32 %conv1_weights_local_102, i64 666, i64 27, i64 18446744073709551615"   --->   Operation 102 'specmemcore' 'specmemcore_ln0' <Predicate = true> <Delay = 0.00>
ST_1 : Operation 103 [1/1] (0.00ns)   --->   "%specmemcore_ln0 = specmemcore void @_ssdm_op_SpecMemCore, i32 %conv1_weights_local_101, i64 666, i64 27, i64 18446744073709551615"   --->   Operation 103 'specmemcore' 'specmemcore_ln0' <Predicate = true> <Delay = 0.00>
ST_1 : Operation 104 [1/1] (0.00ns)   --->   "%specmemcore_ln0 = specmemcore void @_ssdm_op_SpecMemCore, i32 %conv1_weights_local_100, i64 666, i64 27, i64 18446744073709551615"   --->   Operation 104 'specmemcore' 'specmemcore_ln0' <Predicate = true> <Delay = 0.00>
ST_1 : Operation 105 [1/1] (0.00ns)   --->   "%specmemcore_ln0 = specmemcore void @_ssdm_op_SpecMemCore, i32 %conv1_weights_local_99, i64 666, i64 27, i64 18446744073709551615"   --->   Operation 105 'specmemcore' 'specmemcore_ln0' <Predicate = true> <Delay = 0.00>
ST_1 : Operation 106 [1/1] (0.00ns)   --->   "%specmemcore_ln0 = specmemcore void @_ssdm_op_SpecMemCore, i32 %conv1_weights_local_98, i64 666, i64 27, i64 18446744073709551615"   --->   Operation 106 'specmemcore' 'specmemcore_ln0' <Predicate = true> <Delay = 0.00>
ST_1 : Operation 107 [1/1] (0.00ns)   --->   "%specmemcore_ln0 = specmemcore void @_ssdm_op_SpecMemCore, i32 %conv1_weights_local_97, i64 666, i64 27, i64 18446744073709551615"   --->   Operation 107 'specmemcore' 'specmemcore_ln0' <Predicate = true> <Delay = 0.00>
ST_1 : Operation 108 [1/1] (0.00ns)   --->   "%specmemcore_ln0 = specmemcore void @_ssdm_op_SpecMemCore, i32 %conv1_weights_local_96, i64 666, i64 27, i64 18446744073709551615"   --->   Operation 108 'specmemcore' 'specmemcore_ln0' <Predicate = true> <Delay = 0.00>
ST_1 : Operation 109 [1/1] (0.00ns)   --->   "%specmemcore_ln0 = specmemcore void @_ssdm_op_SpecMemCore, i32 %conv1_weights_local_95, i64 666, i64 27, i64 18446744073709551615"   --->   Operation 109 'specmemcore' 'specmemcore_ln0' <Predicate = true> <Delay = 0.00>
ST_1 : Operation 110 [1/1] (0.00ns)   --->   "%specmemcore_ln0 = specmemcore void @_ssdm_op_SpecMemCore, i32 %conv1_weights_local_94, i64 666, i64 27, i64 18446744073709551615"   --->   Operation 110 'specmemcore' 'specmemcore_ln0' <Predicate = true> <Delay = 0.00>
ST_1 : Operation 111 [1/1] (0.00ns)   --->   "%specmemcore_ln0 = specmemcore void @_ssdm_op_SpecMemCore, i32 %conv1_weights_local_93, i64 666, i64 27, i64 18446744073709551615"   --->   Operation 111 'specmemcore' 'specmemcore_ln0' <Predicate = true> <Delay = 0.00>
ST_1 : Operation 112 [1/1] (0.00ns)   --->   "%specmemcore_ln0 = specmemcore void @_ssdm_op_SpecMemCore, i32 %conv1_weights_local_92, i64 666, i64 27, i64 18446744073709551615"   --->   Operation 112 'specmemcore' 'specmemcore_ln0' <Predicate = true> <Delay = 0.00>
ST_1 : Operation 113 [1/1] (0.00ns)   --->   "%specmemcore_ln0 = specmemcore void @_ssdm_op_SpecMemCore, i32 %conv1_weights_local_91, i64 666, i64 27, i64 18446744073709551615"   --->   Operation 113 'specmemcore' 'specmemcore_ln0' <Predicate = true> <Delay = 0.00>
ST_1 : Operation 114 [1/1] (0.00ns)   --->   "%specmemcore_ln0 = specmemcore void @_ssdm_op_SpecMemCore, i32 %conv1_weights_local_90, i64 666, i64 27, i64 18446744073709551615"   --->   Operation 114 'specmemcore' 'specmemcore_ln0' <Predicate = true> <Delay = 0.00>
ST_1 : Operation 115 [1/1] (0.00ns)   --->   "%specmemcore_ln0 = specmemcore void @_ssdm_op_SpecMemCore, i32 %conv1_weights_local_89, i64 666, i64 27, i64 18446744073709551615"   --->   Operation 115 'specmemcore' 'specmemcore_ln0' <Predicate = true> <Delay = 0.00>
ST_1 : Operation 116 [1/1] (0.00ns)   --->   "%specmemcore_ln0 = specmemcore void @_ssdm_op_SpecMemCore, i32 %conv1_weights_local_88, i64 666, i64 27, i64 18446744073709551615"   --->   Operation 116 'specmemcore' 'specmemcore_ln0' <Predicate = true> <Delay = 0.00>
ST_1 : Operation 117 [1/1] (0.00ns)   --->   "%specmemcore_ln0 = specmemcore void @_ssdm_op_SpecMemCore, i32 %conv1_weights_local_87, i64 666, i64 27, i64 18446744073709551615"   --->   Operation 117 'specmemcore' 'specmemcore_ln0' <Predicate = true> <Delay = 0.00>
ST_1 : Operation 118 [1/1] (0.00ns)   --->   "%specmemcore_ln0 = specmemcore void @_ssdm_op_SpecMemCore, i32 %conv1_weights_local_86, i64 666, i64 27, i64 18446744073709551615"   --->   Operation 118 'specmemcore' 'specmemcore_ln0' <Predicate = true> <Delay = 0.00>
ST_1 : Operation 119 [1/1] (0.00ns)   --->   "%specmemcore_ln0 = specmemcore void @_ssdm_op_SpecMemCore, i32 %conv1_weights_local_85, i64 666, i64 27, i64 18446744073709551615"   --->   Operation 119 'specmemcore' 'specmemcore_ln0' <Predicate = true> <Delay = 0.00>
ST_1 : Operation 120 [1/1] (0.00ns)   --->   "%specmemcore_ln0 = specmemcore void @_ssdm_op_SpecMemCore, i32 %conv1_weights_local_84, i64 666, i64 27, i64 18446744073709551615"   --->   Operation 120 'specmemcore' 'specmemcore_ln0' <Predicate = true> <Delay = 0.00>
ST_1 : Operation 121 [1/1] (0.00ns)   --->   "%specmemcore_ln0 = specmemcore void @_ssdm_op_SpecMemCore, i32 %conv1_weights_local_83, i64 666, i64 27, i64 18446744073709551615"   --->   Operation 121 'specmemcore' 'specmemcore_ln0' <Predicate = true> <Delay = 0.00>
ST_1 : Operation 122 [1/1] (0.00ns)   --->   "%specmemcore_ln0 = specmemcore void @_ssdm_op_SpecMemCore, i32 %conv1_weights_local_82, i64 666, i64 27, i64 18446744073709551615"   --->   Operation 122 'specmemcore' 'specmemcore_ln0' <Predicate = true> <Delay = 0.00>
ST_1 : Operation 123 [1/1] (0.00ns)   --->   "%specmemcore_ln0 = specmemcore void @_ssdm_op_SpecMemCore, i32 %conv1_weights_local_81, i64 666, i64 27, i64 18446744073709551615"   --->   Operation 123 'specmemcore' 'specmemcore_ln0' <Predicate = true> <Delay = 0.00>
ST_1 : Operation 124 [1/1] (0.00ns)   --->   "%specmemcore_ln0 = specmemcore void @_ssdm_op_SpecMemCore, i32 %conv1_weights_local_80, i64 666, i64 27, i64 18446744073709551615"   --->   Operation 124 'specmemcore' 'specmemcore_ln0' <Predicate = true> <Delay = 0.00>
ST_1 : Operation 125 [1/1] (0.00ns)   --->   "%specmemcore_ln0 = specmemcore void @_ssdm_op_SpecMemCore, i32 %conv1_weights_local_79, i64 666, i64 27, i64 18446744073709551615"   --->   Operation 125 'specmemcore' 'specmemcore_ln0' <Predicate = true> <Delay = 0.00>
ST_1 : Operation 126 [1/1] (0.00ns)   --->   "%specmemcore_ln0 = specmemcore void @_ssdm_op_SpecMemCore, i32 %conv1_weights_local_78, i64 666, i64 27, i64 18446744073709551615"   --->   Operation 126 'specmemcore' 'specmemcore_ln0' <Predicate = true> <Delay = 0.00>
ST_1 : Operation 127 [1/1] (0.00ns)   --->   "%specmemcore_ln0 = specmemcore void @_ssdm_op_SpecMemCore, i32 %conv1_weights_local_77, i64 666, i64 27, i64 18446744073709551615"   --->   Operation 127 'specmemcore' 'specmemcore_ln0' <Predicate = true> <Delay = 0.00>
ST_1 : Operation 128 [1/1] (0.00ns)   --->   "%specmemcore_ln0 = specmemcore void @_ssdm_op_SpecMemCore, i32 %conv1_weights_local_76, i64 666, i64 27, i64 18446744073709551615"   --->   Operation 128 'specmemcore' 'specmemcore_ln0' <Predicate = true> <Delay = 0.00>
ST_1 : Operation 129 [1/1] (0.00ns)   --->   "%specmemcore_ln0 = specmemcore void @_ssdm_op_SpecMemCore, i32 %conv1_weights_local_75, i64 666, i64 27, i64 18446744073709551615"   --->   Operation 129 'specmemcore' 'specmemcore_ln0' <Predicate = true> <Delay = 0.00>
ST_1 : Operation 130 [1/1] (0.00ns)   --->   "%specmemcore_ln0 = specmemcore void @_ssdm_op_SpecMemCore, i32 %conv1_weights_local_74, i64 666, i64 27, i64 18446744073709551615"   --->   Operation 130 'specmemcore' 'specmemcore_ln0' <Predicate = true> <Delay = 0.00>
ST_1 : Operation 131 [1/1] (0.00ns)   --->   "%specmemcore_ln0 = specmemcore void @_ssdm_op_SpecMemCore, i32 %conv1_weights_local_73, i64 666, i64 27, i64 18446744073709551615"   --->   Operation 131 'specmemcore' 'specmemcore_ln0' <Predicate = true> <Delay = 0.00>
ST_1 : Operation 132 [1/1] (0.00ns)   --->   "%specmemcore_ln0 = specmemcore void @_ssdm_op_SpecMemCore, i32 %conv1_weights_local_72, i64 666, i64 27, i64 18446744073709551615"   --->   Operation 132 'specmemcore' 'specmemcore_ln0' <Predicate = true> <Delay = 0.00>
ST_1 : Operation 133 [1/1] (0.00ns)   --->   "%specmemcore_ln0 = specmemcore void @_ssdm_op_SpecMemCore, i32 %conv1_weights_local_71, i64 666, i64 27, i64 18446744073709551615"   --->   Operation 133 'specmemcore' 'specmemcore_ln0' <Predicate = true> <Delay = 0.00>
ST_1 : Operation 134 [1/1] (0.00ns)   --->   "%specmemcore_ln0 = specmemcore void @_ssdm_op_SpecMemCore, i32 %conv1_weights_local_70, i64 666, i64 27, i64 18446744073709551615"   --->   Operation 134 'specmemcore' 'specmemcore_ln0' <Predicate = true> <Delay = 0.00>
ST_1 : Operation 135 [1/1] (0.00ns)   --->   "%specmemcore_ln0 = specmemcore void @_ssdm_op_SpecMemCore, i32 %conv1_weights_local_69, i64 666, i64 27, i64 18446744073709551615"   --->   Operation 135 'specmemcore' 'specmemcore_ln0' <Predicate = true> <Delay = 0.00>
ST_1 : Operation 136 [1/1] (0.00ns)   --->   "%specmemcore_ln0 = specmemcore void @_ssdm_op_SpecMemCore, i32 %conv1_weights_local_68, i64 666, i64 27, i64 18446744073709551615"   --->   Operation 136 'specmemcore' 'specmemcore_ln0' <Predicate = true> <Delay = 0.00>
ST_1 : Operation 137 [1/1] (0.00ns)   --->   "%specmemcore_ln0 = specmemcore void @_ssdm_op_SpecMemCore, i32 %conv1_weights_local_67, i64 666, i64 27, i64 18446744073709551615"   --->   Operation 137 'specmemcore' 'specmemcore_ln0' <Predicate = true> <Delay = 0.00>
ST_1 : Operation 138 [1/1] (0.00ns)   --->   "%specmemcore_ln0 = specmemcore void @_ssdm_op_SpecMemCore, i32 %conv1_weights_local_66, i64 666, i64 27, i64 18446744073709551615"   --->   Operation 138 'specmemcore' 'specmemcore_ln0' <Predicate = true> <Delay = 0.00>
ST_1 : Operation 139 [1/1] (0.00ns)   --->   "%specmemcore_ln0 = specmemcore void @_ssdm_op_SpecMemCore, i32 %conv1_weights_local_65, i64 666, i64 27, i64 18446744073709551615"   --->   Operation 139 'specmemcore' 'specmemcore_ln0' <Predicate = true> <Delay = 0.00>
ST_1 : Operation 140 [1/1] (0.00ns)   --->   "%specmemcore_ln0 = specmemcore void @_ssdm_op_SpecMemCore, i32 %conv1_weights_local_64, i64 666, i64 27, i64 18446744073709551615"   --->   Operation 140 'specmemcore' 'specmemcore_ln0' <Predicate = true> <Delay = 0.00>
ST_1 : Operation 141 [1/1] (0.00ns)   --->   "%specmemcore_ln0 = specmemcore void @_ssdm_op_SpecMemCore, i32 %conv1_weights_local_63, i64 666, i64 27, i64 18446744073709551615"   --->   Operation 141 'specmemcore' 'specmemcore_ln0' <Predicate = true> <Delay = 0.00>
ST_1 : Operation 142 [1/1] (0.00ns)   --->   "%specmemcore_ln0 = specmemcore void @_ssdm_op_SpecMemCore, i32 %conv1_weights_local_62, i64 666, i64 27, i64 18446744073709551615"   --->   Operation 142 'specmemcore' 'specmemcore_ln0' <Predicate = true> <Delay = 0.00>
ST_1 : Operation 143 [1/1] (0.00ns)   --->   "%specmemcore_ln0 = specmemcore void @_ssdm_op_SpecMemCore, i32 %conv1_weights_local_61, i64 666, i64 27, i64 18446744073709551615"   --->   Operation 143 'specmemcore' 'specmemcore_ln0' <Predicate = true> <Delay = 0.00>
ST_1 : Operation 144 [1/1] (0.00ns)   --->   "%specmemcore_ln0 = specmemcore void @_ssdm_op_SpecMemCore, i32 %conv1_weights_local_60, i64 666, i64 27, i64 18446744073709551615"   --->   Operation 144 'specmemcore' 'specmemcore_ln0' <Predicate = true> <Delay = 0.00>
ST_1 : Operation 145 [1/1] (0.00ns)   --->   "%specmemcore_ln0 = specmemcore void @_ssdm_op_SpecMemCore, i32 %conv1_weights_local_59, i64 666, i64 27, i64 18446744073709551615"   --->   Operation 145 'specmemcore' 'specmemcore_ln0' <Predicate = true> <Delay = 0.00>
ST_1 : Operation 146 [1/1] (0.00ns)   --->   "%specmemcore_ln0 = specmemcore void @_ssdm_op_SpecMemCore, i32 %conv1_weights_local_58, i64 666, i64 27, i64 18446744073709551615"   --->   Operation 146 'specmemcore' 'specmemcore_ln0' <Predicate = true> <Delay = 0.00>
ST_1 : Operation 147 [1/1] (0.00ns)   --->   "%specmemcore_ln0 = specmemcore void @_ssdm_op_SpecMemCore, i32 %conv1_weights_local_57, i64 666, i64 27, i64 18446744073709551615"   --->   Operation 147 'specmemcore' 'specmemcore_ln0' <Predicate = true> <Delay = 0.00>
ST_1 : Operation 148 [1/1] (0.00ns)   --->   "%specmemcore_ln0 = specmemcore void @_ssdm_op_SpecMemCore, i32 %conv1_weights_local_56, i64 666, i64 27, i64 18446744073709551615"   --->   Operation 148 'specmemcore' 'specmemcore_ln0' <Predicate = true> <Delay = 0.00>
ST_1 : Operation 149 [1/1] (0.00ns)   --->   "%specmemcore_ln0 = specmemcore void @_ssdm_op_SpecMemCore, i32 %conv1_weights_local_55, i64 666, i64 27, i64 18446744073709551615"   --->   Operation 149 'specmemcore' 'specmemcore_ln0' <Predicate = true> <Delay = 0.00>
ST_1 : Operation 150 [1/1] (0.00ns)   --->   "%specmemcore_ln0 = specmemcore void @_ssdm_op_SpecMemCore, i32 %conv1_weights_local_54, i64 666, i64 27, i64 18446744073709551615"   --->   Operation 150 'specmemcore' 'specmemcore_ln0' <Predicate = true> <Delay = 0.00>
ST_1 : Operation 151 [1/1] (0.00ns)   --->   "%specmemcore_ln0 = specmemcore void @_ssdm_op_SpecMemCore, i32 %conv1_weights_local_53, i64 666, i64 27, i64 18446744073709551615"   --->   Operation 151 'specmemcore' 'specmemcore_ln0' <Predicate = true> <Delay = 0.00>
ST_1 : Operation 152 [1/1] (0.00ns)   --->   "%specmemcore_ln0 = specmemcore void @_ssdm_op_SpecMemCore, i32 %conv1_weights_local_52, i64 666, i64 27, i64 18446744073709551615"   --->   Operation 152 'specmemcore' 'specmemcore_ln0' <Predicate = true> <Delay = 0.00>
ST_1 : Operation 153 [1/1] (0.00ns)   --->   "%specmemcore_ln0 = specmemcore void @_ssdm_op_SpecMemCore, i32 %conv1_weights_local_51, i64 666, i64 27, i64 18446744073709551615"   --->   Operation 153 'specmemcore' 'specmemcore_ln0' <Predicate = true> <Delay = 0.00>
ST_1 : Operation 154 [1/1] (0.00ns)   --->   "%specmemcore_ln0 = specmemcore void @_ssdm_op_SpecMemCore, i32 %conv1_weights_local_50, i64 666, i64 27, i64 18446744073709551615"   --->   Operation 154 'specmemcore' 'specmemcore_ln0' <Predicate = true> <Delay = 0.00>
ST_1 : Operation 155 [1/1] (0.00ns)   --->   "%specmemcore_ln0 = specmemcore void @_ssdm_op_SpecMemCore, i32 %conv1_weights_local_49, i64 666, i64 27, i64 18446744073709551615"   --->   Operation 155 'specmemcore' 'specmemcore_ln0' <Predicate = true> <Delay = 0.00>
ST_1 : Operation 156 [1/1] (0.00ns)   --->   "%specmemcore_ln0 = specmemcore void @_ssdm_op_SpecMemCore, i32 %conv1_weights_local_48, i64 666, i64 27, i64 18446744073709551615"   --->   Operation 156 'specmemcore' 'specmemcore_ln0' <Predicate = true> <Delay = 0.00>
ST_1 : Operation 157 [1/1] (0.00ns)   --->   "%specmemcore_ln0 = specmemcore void @_ssdm_op_SpecMemCore, i32 %conv1_weights_local_47, i64 666, i64 27, i64 18446744073709551615"   --->   Operation 157 'specmemcore' 'specmemcore_ln0' <Predicate = true> <Delay = 0.00>
ST_1 : Operation 158 [1/1] (0.00ns)   --->   "%specmemcore_ln0 = specmemcore void @_ssdm_op_SpecMemCore, i32 %conv1_weights_local_46, i64 666, i64 27, i64 18446744073709551615"   --->   Operation 158 'specmemcore' 'specmemcore_ln0' <Predicate = true> <Delay = 0.00>
ST_1 : Operation 159 [1/1] (0.00ns)   --->   "%specmemcore_ln0 = specmemcore void @_ssdm_op_SpecMemCore, i32 %conv1_weights_local_45, i64 666, i64 27, i64 18446744073709551615"   --->   Operation 159 'specmemcore' 'specmemcore_ln0' <Predicate = true> <Delay = 0.00>
ST_1 : Operation 160 [1/1] (0.00ns)   --->   "%specmemcore_ln0 = specmemcore void @_ssdm_op_SpecMemCore, i32 %conv1_weights_local_44, i64 666, i64 27, i64 18446744073709551615"   --->   Operation 160 'specmemcore' 'specmemcore_ln0' <Predicate = true> <Delay = 0.00>
ST_1 : Operation 161 [1/1] (0.00ns)   --->   "%specmemcore_ln0 = specmemcore void @_ssdm_op_SpecMemCore, i32 %conv1_weights_local_43, i64 666, i64 27, i64 18446744073709551615"   --->   Operation 161 'specmemcore' 'specmemcore_ln0' <Predicate = true> <Delay = 0.00>
ST_1 : Operation 162 [1/1] (0.00ns)   --->   "%specmemcore_ln0 = specmemcore void @_ssdm_op_SpecMemCore, i32 %conv1_weights_local_42, i64 666, i64 27, i64 18446744073709551615"   --->   Operation 162 'specmemcore' 'specmemcore_ln0' <Predicate = true> <Delay = 0.00>
ST_1 : Operation 163 [1/1] (0.00ns)   --->   "%specmemcore_ln0 = specmemcore void @_ssdm_op_SpecMemCore, i32 %conv1_weights_local_41, i64 666, i64 27, i64 18446744073709551615"   --->   Operation 163 'specmemcore' 'specmemcore_ln0' <Predicate = true> <Delay = 0.00>
ST_1 : Operation 164 [1/1] (0.00ns)   --->   "%specmemcore_ln0 = specmemcore void @_ssdm_op_SpecMemCore, i32 %conv1_weights_local_40, i64 666, i64 27, i64 18446744073709551615"   --->   Operation 164 'specmemcore' 'specmemcore_ln0' <Predicate = true> <Delay = 0.00>
ST_1 : Operation 165 [1/1] (0.00ns)   --->   "%specmemcore_ln0 = specmemcore void @_ssdm_op_SpecMemCore, i32 %conv1_weights_local_39, i64 666, i64 27, i64 18446744073709551615"   --->   Operation 165 'specmemcore' 'specmemcore_ln0' <Predicate = true> <Delay = 0.00>
ST_1 : Operation 166 [1/1] (0.00ns)   --->   "%specmemcore_ln0 = specmemcore void @_ssdm_op_SpecMemCore, i32 %conv1_weights_local_38, i64 666, i64 27, i64 18446744073709551615"   --->   Operation 166 'specmemcore' 'specmemcore_ln0' <Predicate = true> <Delay = 0.00>
ST_1 : Operation 167 [1/1] (0.00ns)   --->   "%specmemcore_ln0 = specmemcore void @_ssdm_op_SpecMemCore, i32 %conv1_weights_local_37, i64 666, i64 27, i64 18446744073709551615"   --->   Operation 167 'specmemcore' 'specmemcore_ln0' <Predicate = true> <Delay = 0.00>
ST_1 : Operation 168 [1/1] (0.00ns)   --->   "%specmemcore_ln0 = specmemcore void @_ssdm_op_SpecMemCore, i32 %conv1_weights_local_36, i64 666, i64 27, i64 18446744073709551615"   --->   Operation 168 'specmemcore' 'specmemcore_ln0' <Predicate = true> <Delay = 0.00>
ST_1 : Operation 169 [1/1] (0.00ns)   --->   "%specmemcore_ln0 = specmemcore void @_ssdm_op_SpecMemCore, i32 %conv1_weights_local_35, i64 666, i64 27, i64 18446744073709551615"   --->   Operation 169 'specmemcore' 'specmemcore_ln0' <Predicate = true> <Delay = 0.00>
ST_1 : Operation 170 [1/1] (0.00ns)   --->   "%specmemcore_ln0 = specmemcore void @_ssdm_op_SpecMemCore, i32 %conv1_weights_local_34, i64 666, i64 27, i64 18446744073709551615"   --->   Operation 170 'specmemcore' 'specmemcore_ln0' <Predicate = true> <Delay = 0.00>
ST_1 : Operation 171 [1/1] (0.00ns)   --->   "%specmemcore_ln0 = specmemcore void @_ssdm_op_SpecMemCore, i32 %conv1_weights_local_33, i64 666, i64 27, i64 18446744073709551615"   --->   Operation 171 'specmemcore' 'specmemcore_ln0' <Predicate = true> <Delay = 0.00>
ST_1 : Operation 172 [1/1] (0.00ns)   --->   "%specmemcore_ln0 = specmemcore void @_ssdm_op_SpecMemCore, i32 %conv1_weights_local_32, i64 666, i64 27, i64 18446744073709551615"   --->   Operation 172 'specmemcore' 'specmemcore_ln0' <Predicate = true> <Delay = 0.00>
ST_1 : Operation 173 [1/1] (0.00ns)   --->   "%specmemcore_ln0 = specmemcore void @_ssdm_op_SpecMemCore, i32 %conv1_weights_local_31, i64 666, i64 27, i64 18446744073709551615"   --->   Operation 173 'specmemcore' 'specmemcore_ln0' <Predicate = true> <Delay = 0.00>
ST_1 : Operation 174 [1/1] (0.00ns)   --->   "%specmemcore_ln0 = specmemcore void @_ssdm_op_SpecMemCore, i32 %conv1_weights_local_30, i64 666, i64 27, i64 18446744073709551615"   --->   Operation 174 'specmemcore' 'specmemcore_ln0' <Predicate = true> <Delay = 0.00>
ST_1 : Operation 175 [1/1] (0.00ns)   --->   "%specmemcore_ln0 = specmemcore void @_ssdm_op_SpecMemCore, i32 %conv1_weights_local_29, i64 666, i64 27, i64 18446744073709551615"   --->   Operation 175 'specmemcore' 'specmemcore_ln0' <Predicate = true> <Delay = 0.00>
ST_1 : Operation 176 [1/1] (0.00ns)   --->   "%specmemcore_ln0 = specmemcore void @_ssdm_op_SpecMemCore, i32 %conv1_weights_local_28, i64 666, i64 27, i64 18446744073709551615"   --->   Operation 176 'specmemcore' 'specmemcore_ln0' <Predicate = true> <Delay = 0.00>
ST_1 : Operation 177 [1/1] (0.00ns)   --->   "%specmemcore_ln0 = specmemcore void @_ssdm_op_SpecMemCore, i32 %conv1_weights_local_27, i64 666, i64 27, i64 18446744073709551615"   --->   Operation 177 'specmemcore' 'specmemcore_ln0' <Predicate = true> <Delay = 0.00>
ST_1 : Operation 178 [1/1] (0.00ns)   --->   "%specmemcore_ln0 = specmemcore void @_ssdm_op_SpecMemCore, i32 %conv1_weights_local_26, i64 666, i64 27, i64 18446744073709551615"   --->   Operation 178 'specmemcore' 'specmemcore_ln0' <Predicate = true> <Delay = 0.00>
ST_1 : Operation 179 [1/1] (0.00ns)   --->   "%specmemcore_ln0 = specmemcore void @_ssdm_op_SpecMemCore, i32 %conv1_weights_local_25, i64 666, i64 27, i64 18446744073709551615"   --->   Operation 179 'specmemcore' 'specmemcore_ln0' <Predicate = true> <Delay = 0.00>
ST_1 : Operation 180 [1/1] (0.00ns)   --->   "%specmemcore_ln0 = specmemcore void @_ssdm_op_SpecMemCore, i32 %conv1_weights_local_24, i64 666, i64 27, i64 18446744073709551615"   --->   Operation 180 'specmemcore' 'specmemcore_ln0' <Predicate = true> <Delay = 0.00>
ST_1 : Operation 181 [1/1] (0.00ns)   --->   "%specmemcore_ln0 = specmemcore void @_ssdm_op_SpecMemCore, i32 %conv1_weights_local_23, i64 666, i64 27, i64 18446744073709551615"   --->   Operation 181 'specmemcore' 'specmemcore_ln0' <Predicate = true> <Delay = 0.00>
ST_1 : Operation 182 [1/1] (0.00ns)   --->   "%specmemcore_ln0 = specmemcore void @_ssdm_op_SpecMemCore, i32 %conv1_weights_local_22, i64 666, i64 27, i64 18446744073709551615"   --->   Operation 182 'specmemcore' 'specmemcore_ln0' <Predicate = true> <Delay = 0.00>
ST_1 : Operation 183 [1/1] (0.00ns)   --->   "%specmemcore_ln0 = specmemcore void @_ssdm_op_SpecMemCore, i32 %conv1_weights_local_21, i64 666, i64 27, i64 18446744073709551615"   --->   Operation 183 'specmemcore' 'specmemcore_ln0' <Predicate = true> <Delay = 0.00>
ST_1 : Operation 184 [1/1] (0.00ns)   --->   "%specmemcore_ln0 = specmemcore void @_ssdm_op_SpecMemCore, i32 %conv1_weights_local_20, i64 666, i64 27, i64 18446744073709551615"   --->   Operation 184 'specmemcore' 'specmemcore_ln0' <Predicate = true> <Delay = 0.00>
ST_1 : Operation 185 [1/1] (0.00ns)   --->   "%specmemcore_ln0 = specmemcore void @_ssdm_op_SpecMemCore, i32 %conv1_weights_local_19, i64 666, i64 27, i64 18446744073709551615"   --->   Operation 185 'specmemcore' 'specmemcore_ln0' <Predicate = true> <Delay = 0.00>
ST_1 : Operation 186 [1/1] (0.00ns)   --->   "%specmemcore_ln0 = specmemcore void @_ssdm_op_SpecMemCore, i32 %conv1_weights_local_18, i64 666, i64 27, i64 18446744073709551615"   --->   Operation 186 'specmemcore' 'specmemcore_ln0' <Predicate = true> <Delay = 0.00>
ST_1 : Operation 187 [1/1] (0.00ns)   --->   "%specmemcore_ln0 = specmemcore void @_ssdm_op_SpecMemCore, i32 %conv1_weights_local_17, i64 666, i64 27, i64 18446744073709551615"   --->   Operation 187 'specmemcore' 'specmemcore_ln0' <Predicate = true> <Delay = 0.00>
ST_1 : Operation 188 [1/1] (0.00ns)   --->   "%specmemcore_ln0 = specmemcore void @_ssdm_op_SpecMemCore, i32 %conv1_weights_local_16, i64 666, i64 27, i64 18446744073709551615"   --->   Operation 188 'specmemcore' 'specmemcore_ln0' <Predicate = true> <Delay = 0.00>
ST_1 : Operation 189 [1/1] (0.00ns)   --->   "%specmemcore_ln0 = specmemcore void @_ssdm_op_SpecMemCore, i32 %conv1_weights_local_15, i64 666, i64 27, i64 18446744073709551615"   --->   Operation 189 'specmemcore' 'specmemcore_ln0' <Predicate = true> <Delay = 0.00>
ST_1 : Operation 190 [1/1] (0.00ns)   --->   "%specmemcore_ln0 = specmemcore void @_ssdm_op_SpecMemCore, i32 %conv1_weights_local_14, i64 666, i64 27, i64 18446744073709551615"   --->   Operation 190 'specmemcore' 'specmemcore_ln0' <Predicate = true> <Delay = 0.00>
ST_1 : Operation 191 [1/1] (0.00ns)   --->   "%specmemcore_ln0 = specmemcore void @_ssdm_op_SpecMemCore, i32 %conv1_weights_local_13, i64 666, i64 27, i64 18446744073709551615"   --->   Operation 191 'specmemcore' 'specmemcore_ln0' <Predicate = true> <Delay = 0.00>
ST_1 : Operation 192 [1/1] (0.00ns)   --->   "%specmemcore_ln0 = specmemcore void @_ssdm_op_SpecMemCore, i32 %conv1_weights_local_12, i64 666, i64 27, i64 18446744073709551615"   --->   Operation 192 'specmemcore' 'specmemcore_ln0' <Predicate = true> <Delay = 0.00>
ST_1 : Operation 193 [1/1] (0.00ns)   --->   "%specmemcore_ln0 = specmemcore void @_ssdm_op_SpecMemCore, i32 %conv1_weights_local_11, i64 666, i64 27, i64 18446744073709551615"   --->   Operation 193 'specmemcore' 'specmemcore_ln0' <Predicate = true> <Delay = 0.00>
ST_1 : Operation 194 [1/1] (0.00ns)   --->   "%specmemcore_ln0 = specmemcore void @_ssdm_op_SpecMemCore, i32 %conv1_weights_local_10, i64 666, i64 27, i64 18446744073709551615"   --->   Operation 194 'specmemcore' 'specmemcore_ln0' <Predicate = true> <Delay = 0.00>
ST_1 : Operation 195 [1/1] (0.00ns)   --->   "%specmemcore_ln0 = specmemcore void @_ssdm_op_SpecMemCore, i32 %conv1_weights_local_9, i64 666, i64 27, i64 18446744073709551615"   --->   Operation 195 'specmemcore' 'specmemcore_ln0' <Predicate = true> <Delay = 0.00>
ST_1 : Operation 196 [1/1] (0.00ns)   --->   "%specmemcore_ln0 = specmemcore void @_ssdm_op_SpecMemCore, i32 %conv1_weights_local_8, i64 666, i64 27, i64 18446744073709551615"   --->   Operation 196 'specmemcore' 'specmemcore_ln0' <Predicate = true> <Delay = 0.00>
ST_1 : Operation 197 [1/1] (0.00ns)   --->   "%specmemcore_ln0 = specmemcore void @_ssdm_op_SpecMemCore, i32 %conv1_weights_local_7, i64 666, i64 27, i64 18446744073709551615"   --->   Operation 197 'specmemcore' 'specmemcore_ln0' <Predicate = true> <Delay = 0.00>
ST_1 : Operation 198 [1/1] (0.00ns)   --->   "%specmemcore_ln0 = specmemcore void @_ssdm_op_SpecMemCore, i32 %conv1_weights_local_6, i64 666, i64 27, i64 18446744073709551615"   --->   Operation 198 'specmemcore' 'specmemcore_ln0' <Predicate = true> <Delay = 0.00>
ST_1 : Operation 199 [1/1] (0.00ns)   --->   "%specmemcore_ln0 = specmemcore void @_ssdm_op_SpecMemCore, i32 %conv1_weights_local_5, i64 666, i64 27, i64 18446744073709551615"   --->   Operation 199 'specmemcore' 'specmemcore_ln0' <Predicate = true> <Delay = 0.00>
ST_1 : Operation 200 [1/1] (0.00ns)   --->   "%specmemcore_ln0 = specmemcore void @_ssdm_op_SpecMemCore, i32 %conv1_weights_local_4, i64 666, i64 27, i64 18446744073709551615"   --->   Operation 200 'specmemcore' 'specmemcore_ln0' <Predicate = true> <Delay = 0.00>
ST_1 : Operation 201 [1/1] (0.00ns)   --->   "%specmemcore_ln0 = specmemcore void @_ssdm_op_SpecMemCore, i32 %conv1_weights_local_3, i64 666, i64 27, i64 18446744073709551615"   --->   Operation 201 'specmemcore' 'specmemcore_ln0' <Predicate = true> <Delay = 0.00>
ST_1 : Operation 202 [1/1] (0.00ns)   --->   "%specmemcore_ln0 = specmemcore void @_ssdm_op_SpecMemCore, i32 %conv1_weights_local_2, i64 666, i64 27, i64 18446744073709551615"   --->   Operation 202 'specmemcore' 'specmemcore_ln0' <Predicate = true> <Delay = 0.00>
ST_1 : Operation 203 [1/1] (0.00ns)   --->   "%specmemcore_ln0 = specmemcore void @_ssdm_op_SpecMemCore, i32 %conv1_weights_local_1, i64 666, i64 27, i64 18446744073709551615"   --->   Operation 203 'specmemcore' 'specmemcore_ln0' <Predicate = true> <Delay = 0.00>
ST_1 : Operation 204 [1/1] (0.00ns)   --->   "%specmemcore_ln0 = specmemcore void @_ssdm_op_SpecMemCore, i32 %conv1_weights_local, i64 666, i64 27, i64 18446744073709551615"   --->   Operation 204 'specmemcore' 'specmemcore_ln0' <Predicate = true> <Delay = 0.00>
ST_1 : Operation 205 [1/1] (0.00ns)   --->   "%specinterface_ln0 = specinterface void @_ssdm_op_SpecInterface, i32 %gmem_out, void @empty_131, i32 0, i32 0, void @empty_132, i32 0, i32 65025, void @empty_163, void @empty_134, void @empty_132, i32 16, i32 16, i32 16, i32 16, void @empty_132, void @empty_132, i32 4294967295, i32 0"   --->   Operation 205 'specinterface' 'specinterface_ln0' <Predicate = true> <Delay = 0.00>
ST_1 : Operation 206 [1/1] (0.00ns)   --->   "%specinterface_ln0 = specinterface void @_ssdm_op_SpecInterface, i32 %gmem_in, void @empty_131, i32 0, i32 0, void @empty_132, i32 0, i32 65025, void @empty_133, void @empty_134, void @empty_132, i32 16, i32 16, i32 16, i32 16, void @empty_132, void @empty_132, i32 4294967295, i32 0"   --->   Operation 206 'specinterface' 'specinterface_ln0' <Predicate = true> <Delay = 0.00>
ST_1 : Operation 207 [1/1] (0.00ns)   --->   "%output_ftmap_read = read i64 @_ssdm_op_Read.ap_auto.i64, i64 %output_ftmap"   --->   Operation 207 'read' 'output_ftmap_read' <Predicate = true> <Delay = 0.00>
ST_1 : Operation 208 [1/1] (0.00ns)   --->   "%input_ftmap_read = read i64 @_ssdm_op_Read.ap_auto.i64, i64 %input_ftmap"   --->   Operation 208 'read' 'input_ftmap_read' <Predicate = true> <Delay = 0.00>
ST_1 : Operation 209 [1/1] (0.42ns)   --->   "%br_ln0 = br void %for.cond"   --->   Operation 209 'br' 'br_ln0' <Predicate = true> <Delay = 0.42>

State 2 <SV = 1> <Delay = 4.44>
ST_2 : Operation 210 [1/1] (0.00ns)   --->   "%tile_n = phi i8 0, void %newFuncRoot, i8 %add_ln105, void %codeRepl" [src/srcnn.cpp:105]   --->   Operation 210 'phi' 'tile_n' <Predicate = true> <Delay = 0.00>
ST_2 : Operation 211 [1/1] (0.76ns)   --->   "%icmp_ln105 = icmp_eq  i8 %tile_n, i8 225" [src/srcnn.cpp:105]   --->   Operation 211 'icmp' 'icmp_ln105' <Predicate = true> <Delay = 0.76> <CoreInst = "Cmp">   --->   Core 9 'Cmp' <Latency = 0> <II = 1> <Delay = 0.76> <FuncUnit> <Opcode : 'icmp'> <InPorts = 2> <OutPorts = 1>
ST_2 : Operation 212 [1/1] (0.76ns)   --->   "%add_ln105 = add i8 %tile_n, i8 1" [src/srcnn.cpp:105]   --->   Operation 212 'add' 'add_ln105' <Predicate = true> <Delay = 0.76> <CoreInst = "Adder">   --->   Core 1 'Adder' <Latency = 0> <II = 1> <Delay = 0.76> <FuncUnit> <Opcode : 'add' 'sub'> <InPorts = 2> <OutPorts = 1>
ST_2 : Operation 213 [1/1] (0.00ns)   --->   "%specdataflowpipeline_ln105 = specdataflowpipeline void @_ssdm_op_SpecDataflowPipeline, i32 4294967295, i32 0, void @dataflow_parent_loop_str, i8 %tile_n, i8 225, i32 0" [src/srcnn.cpp:105]   --->   Operation 213 'specdataflowpipeline' 'specdataflowpipeline_ln105' <Predicate = true> <Delay = 0.00>
ST_2 : Operation 214 [1/1] (0.00ns)   --->   "%br_ln105 = br i1 %icmp_ln105, void %codeRepl, void %for.end.exitStub" [src/srcnn.cpp:105]   --->   Operation 214 'br' 'br_ln105' <Predicate = true> <Delay = 0.00>
ST_2 : Operation 215 [2/2] (3.67ns)   --->   "%call_ln115 = call void @dataflow_in_loop_tile_height_loop_MAIN.1, i8 %tile_n, i32 %gmem_in, i64 %input_ftmap_read, i32 %conv1_weights_local, i32 %conv1_weights_local_1, i32 %conv1_weights_local_2, i32 %conv1_weights_local_3, i32 %conv1_weights_local_4, i32 %conv1_weights_local_5, i32 %conv1_weights_local_6, i32 %conv1_weights_local_7, i32 %conv1_weights_local_8, i32 %conv1_weights_local_9, i32 %conv1_weights_local_10, i32 %conv1_weights_local_11, i32 %conv1_weights_local_12, i32 %conv1_weights_local_13, i32 %conv1_weights_local_14, i32 %conv1_weights_local_15, i32 %conv1_weights_local_16, i32 %conv1_weights_local_17, i32 %conv1_weights_local_18, i32 %conv1_weights_local_19, i32 %conv1_weights_local_20, i32 %conv1_weights_local_21, i32 %conv1_weights_local_22, i32 %conv1_weights_local_23, i32 %conv1_weights_local_24, i32 %conv1_weights_local_25, i32 %conv1_weights_local_26, i32 %conv1_weights_local_27, i32 %conv1_weights_local_28, i32 %conv1_weights_local_29, i32 %conv1_weights_local_30, i32 %conv1_weights_local_31, i32 %conv1_weights_local_32, i32 %conv1_weights_local_33, i32 %conv1_weights_local_34, i32 %conv1_weights_local_35, i32 %conv1_weights_local_36, i32 %conv1_weights_local_37, i32 %conv1_weights_local_38, i32 %conv1_weights_local_39, i32 %conv1_weights_local_40, i32 %conv1_weights_local_41, i32 %conv1_weights_local_42, i32 %conv1_weights_local_43, i32 %conv1_weights_local_44, i32 %conv1_weights_local_45, i32 %conv1_weights_local_46, i32 %conv1_weights_local_47, i32 %conv1_weights_local_48, i32 %conv1_weights_local_49, i32 %conv1_weights_local_50, i32 %conv1_weights_local_51, i32 %conv1_weights_local_52, i32 %conv1_weights_local_53, i32 %conv1_weights_local_54, i32 %conv1_weights_local_55, i32 %conv1_weights_local_56, i32 %conv1_weights_local_57, i32 %conv1_weights_local_58, i32 %conv1_weights_local_59, i32 %conv1_weights_local_60, i32 %conv1_weights_local_61, i32 %conv1_weights_local_62, i32 %conv1_weights_local_63, i32 %conv1_weights_local_64, i32 %conv1_weights_local_65, i32 %conv1_weights_local_66, i32 %conv1_weights_local_67, i32 %conv1_weights_local_68, i32 %conv1_weights_local_69, i32 %conv1_weights_local_70, i32 %conv1_weights_local_71, i32 %conv1_weights_local_72, i32 %conv1_weights_local_73, i32 %conv1_weights_local_74, i32 %conv1_weights_local_75, i32 %conv1_weights_local_76, i32 %conv1_weights_local_77, i32 %conv1_weights_local_78, i32 %conv1_weights_local_79, i32 %conv1_weights_local_80, i32 %conv1_weights_local_81, i32 %conv1_weights_local_82, i32 %conv1_weights_local_83, i32 %conv1_weights_local_84, i32 %conv1_weights_local_85, i32 %conv1_weights_local_86, i32 %conv1_weights_local_87, i32 %conv1_weights_local_88, i32 %conv1_weights_local_89, i32 %conv1_weights_local_90, i32 %conv1_weights_local_91, i32 %conv1_weights_local_92, i32 %conv1_weights_local_93, i32 %conv1_weights_local_94, i32 %conv1_weights_local_95, i32 %conv1_weights_local_96, i32 %conv1_weights_local_97, i32 %conv1_weights_local_98, i32 %conv1_weights_local_99, i32 %conv1_weights_local_100, i32 %conv1_weights_local_101, i32 %conv1_weights_local_102, i32 %conv1_weights_local_103, i32 %conv1_weights_local_104, i32 %conv1_weights_local_105, i32 %conv1_weights_local_106, i32 %conv1_weights_local_107, i32 %conv1_weights_local_108, i32 %conv1_weights_local_109, i32 %conv1_weights_local_110, i32 %conv1_weights_local_111, i32 %conv1_weights_local_112, i32 %conv1_weights_local_113, i32 %conv1_weights_local_114, i32 %conv1_weights_local_115, i32 %conv1_weights_local_116, i32 %conv1_weights_local_117, i32 %conv1_weights_local_118, i32 %conv1_weights_local_119, i32 %conv1_weights_local_120, i32 %conv1_weights_local_121, i32 %conv1_weights_local_122, i32 %conv1_weights_local_123, i32 %conv1_weights_local_124, i32 %conv1_weights_local_125, i32 %conv1_weights_local_126, i32 %conv1_weights_local_127, i32 %conv1_weights_local_128, i32 %conv1_weights_local_129, i32 %conv1_weights_local_130, i32 %conv1_weights_local_131, i32 %conv1_weights_local_132, i32 %conv1_weights_local_133, i32 %conv1_weights_local_134, i32 %conv1_weights_local_135, i32 %conv1_weights_local_136, i32 %conv1_weights_local_137, i32 %conv1_weights_local_138, i32 %conv1_weights_local_139, i32 %conv1_weights_local_140, i32 %conv1_weights_local_141, i32 %conv1_weights_local_142, i32 %conv1_weights_local_143, i32 %conv1_weights_local_144, i32 %conv1_weights_local_145, i32 %conv1_weights_local_146, i32 %conv1_weights_local_147, i32 %conv1_weights_local_148, i32 %conv1_weights_local_149, i32 %conv1_weights_local_150, i32 %conv1_weights_local_151, i32 %conv1_weights_local_152, i32 %conv1_weights_local_153, i32 %conv1_weights_local_154, i32 %conv1_weights_local_155, i32 %conv1_weights_local_156, i32 %conv1_weights_local_157, i32 %conv1_weights_local_158, i32 %conv1_weights_local_159, i32 %conv1_weights_local_160, i32 %conv1_weights_local_161, i32 %conv1_biases_local, i32 %conv2_weights_local, i32 %conv2_weights_local_1, i32 %conv2_weights_local_2, i32 %conv2_weights_local_3, i32 %conv2_biases_local, i32 %conv3_biases_local, i32 %conv3_weights_local, i32 %conv3_weights_local_1, i32 %conv3_weights_local_2, i32 %conv3_weights_local_3, i32 %conv3_weights_local_4, i32 %conv3_weights_local_5, i32 %conv3_weights_local_6, i32 %conv3_weights_local_7, i32 %conv3_weights_local_8, i32 %conv3_weights_local_9, i32 %conv3_weights_local_10, i32 %conv3_weights_local_11, i32 %conv3_weights_local_12, i32 %conv3_weights_local_13, i32 %conv3_weights_local_14, i32 %conv3_weights_local_15, i32 %conv3_weights_local_16, i32 %conv3_weights_local_17, i32 %conv3_weights_local_18, i32 %conv3_weights_local_19, i32 %conv3_weights_local_20, i32 %conv3_weights_local_21, i32 %conv3_weights_local_22, i32 %conv3_weights_local_23, i32 %conv3_weights_local_24, i32 %conv3_weights_local_25, i32 %conv3_weights_local_26, i32 %conv3_weights_local_27, i32 %conv3_weights_local_28, i32 %conv3_weights_local_29, i32 %conv3_weights_local_30, i32 %conv3_weights_local_31, i32 %gmem_out, i64 %output_ftmap_read" [src/srcnn.cpp:115]   --->   Operation 215 'call' 'call_ln115' <Predicate = (!icmp_ln105)> <Delay = 3.67> <CoreType = "Generic">   --->   Core 0 '' <Latency = 0> <II = 1> <Delay = 1.00> <Generic> <Opcode : >
ST_2 : Operation 216 [1/1] (0.00ns)   --->   "%ret_ln0 = ret"   --->   Operation 216 'ret' 'ret_ln0' <Predicate = (icmp_ln105)> <Delay = 0.00>

State 3 <SV = 2> <Delay = 0.00>
ST_3 : Operation 217 [1/1] (0.00ns)   --->   "%speclooptripcount_ln115 = speclooptripcount void @_ssdm_op_SpecLoopTripCount, i64 225, i64 225, i64 225" [src/srcnn.cpp:115]   --->   Operation 217 'speclooptripcount' 'speclooptripcount_ln115' <Predicate = (!icmp_ln105)> <Delay = 0.00>
ST_3 : Operation 218 [1/1] (0.00ns)   --->   "%specloopname_ln105 = specloopname void @_ssdm_op_SpecLoopName, void @empty_153" [src/srcnn.cpp:105]   --->   Operation 218 'specloopname' 'specloopname_ln105' <Predicate = (!icmp_ln105)> <Delay = 0.00>
ST_3 : Operation 219 [1/2] (0.00ns)   --->   "%call_ln115 = call void @dataflow_in_loop_tile_height_loop_MAIN.1, i8 %tile_n, i32 %gmem_in, i64 %input_ftmap_read, i32 %conv1_weights_local, i32 %conv1_weights_local_1, i32 %conv1_weights_local_2, i32 %conv1_weights_local_3, i32 %conv1_weights_local_4, i32 %conv1_weights_local_5, i32 %conv1_weights_local_6, i32 %conv1_weights_local_7, i32 %conv1_weights_local_8, i32 %conv1_weights_local_9, i32 %conv1_weights_local_10, i32 %conv1_weights_local_11, i32 %conv1_weights_local_12, i32 %conv1_weights_local_13, i32 %conv1_weights_local_14, i32 %conv1_weights_local_15, i32 %conv1_weights_local_16, i32 %conv1_weights_local_17, i32 %conv1_weights_local_18, i32 %conv1_weights_local_19, i32 %conv1_weights_local_20, i32 %conv1_weights_local_21, i32 %conv1_weights_local_22, i32 %conv1_weights_local_23, i32 %conv1_weights_local_24, i32 %conv1_weights_local_25, i32 %conv1_weights_local_26, i32 %conv1_weights_local_27, i32 %conv1_weights_local_28, i32 %conv1_weights_local_29, i32 %conv1_weights_local_30, i32 %conv1_weights_local_31, i32 %conv1_weights_local_32, i32 %conv1_weights_local_33, i32 %conv1_weights_local_34, i32 %conv1_weights_local_35, i32 %conv1_weights_local_36, i32 %conv1_weights_local_37, i32 %conv1_weights_local_38, i32 %conv1_weights_local_39, i32 %conv1_weights_local_40, i32 %conv1_weights_local_41, i32 %conv1_weights_local_42, i32 %conv1_weights_local_43, i32 %conv1_weights_local_44, i32 %conv1_weights_local_45, i32 %conv1_weights_local_46, i32 %conv1_weights_local_47, i32 %conv1_weights_local_48, i32 %conv1_weights_local_49, i32 %conv1_weights_local_50, i32 %conv1_weights_local_51, i32 %conv1_weights_local_52, i32 %conv1_weights_local_53, i32 %conv1_weights_local_54, i32 %conv1_weights_local_55, i32 %conv1_weights_local_56, i32 %conv1_weights_local_57, i32 %conv1_weights_local_58, i32 %conv1_weights_local_59, i32 %conv1_weights_local_60, i32 %conv1_weights_local_61, i32 %conv1_weights_local_62, i32 %conv1_weights_local_63, i32 %conv1_weights_local_64, i32 %conv1_weights_local_65, i32 %conv1_weights_local_66, i32 %conv1_weights_local_67, i32 %conv1_weights_local_68, i32 %conv1_weights_local_69, i32 %conv1_weights_local_70, i32 %conv1_weights_local_71, i32 %conv1_weights_local_72, i32 %conv1_weights_local_73, i32 %conv1_weights_local_74, i32 %conv1_weights_local_75, i32 %conv1_weights_local_76, i32 %conv1_weights_local_77, i32 %conv1_weights_local_78, i32 %conv1_weights_local_79, i32 %conv1_weights_local_80, i32 %conv1_weights_local_81, i32 %conv1_weights_local_82, i32 %conv1_weights_local_83, i32 %conv1_weights_local_84, i32 %conv1_weights_local_85, i32 %conv1_weights_local_86, i32 %conv1_weights_local_87, i32 %conv1_weights_local_88, i32 %conv1_weights_local_89, i32 %conv1_weights_local_90, i32 %conv1_weights_local_91, i32 %conv1_weights_local_92, i32 %conv1_weights_local_93, i32 %conv1_weights_local_94, i32 %conv1_weights_local_95, i32 %conv1_weights_local_96, i32 %conv1_weights_local_97, i32 %conv1_weights_local_98, i32 %conv1_weights_local_99, i32 %conv1_weights_local_100, i32 %conv1_weights_local_101, i32 %conv1_weights_local_102, i32 %conv1_weights_local_103, i32 %conv1_weights_local_104, i32 %conv1_weights_local_105, i32 %conv1_weights_local_106, i32 %conv1_weights_local_107, i32 %conv1_weights_local_108, i32 %conv1_weights_local_109, i32 %conv1_weights_local_110, i32 %conv1_weights_local_111, i32 %conv1_weights_local_112, i32 %conv1_weights_local_113, i32 %conv1_weights_local_114, i32 %conv1_weights_local_115, i32 %conv1_weights_local_116, i32 %conv1_weights_local_117, i32 %conv1_weights_local_118, i32 %conv1_weights_local_119, i32 %conv1_weights_local_120, i32 %conv1_weights_local_121, i32 %conv1_weights_local_122, i32 %conv1_weights_local_123, i32 %conv1_weights_local_124, i32 %conv1_weights_local_125, i32 %conv1_weights_local_126, i32 %conv1_weights_local_127, i32 %conv1_weights_local_128, i32 %conv1_weights_local_129, i32 %conv1_weights_local_130, i32 %conv1_weights_local_131, i32 %conv1_weights_local_132, i32 %conv1_weights_local_133, i32 %conv1_weights_local_134, i32 %conv1_weights_local_135, i32 %conv1_weights_local_136, i32 %conv1_weights_local_137, i32 %conv1_weights_local_138, i32 %conv1_weights_local_139, i32 %conv1_weights_local_140, i32 %conv1_weights_local_141, i32 %conv1_weights_local_142, i32 %conv1_weights_local_143, i32 %conv1_weights_local_144, i32 %conv1_weights_local_145, i32 %conv1_weights_local_146, i32 %conv1_weights_local_147, i32 %conv1_weights_local_148, i32 %conv1_weights_local_149, i32 %conv1_weights_local_150, i32 %conv1_weights_local_151, i32 %conv1_weights_local_152, i32 %conv1_weights_local_153, i32 %conv1_weights_local_154, i32 %conv1_weights_local_155, i32 %conv1_weights_local_156, i32 %conv1_weights_local_157, i32 %conv1_weights_local_158, i32 %conv1_weights_local_159, i32 %conv1_weights_local_160, i32 %conv1_weights_local_161, i32 %conv1_biases_local, i32 %conv2_weights_local, i32 %conv2_weights_local_1, i32 %conv2_weights_local_2, i32 %conv2_weights_local_3, i32 %conv2_biases_local, i32 %conv3_biases_local, i32 %conv3_weights_local, i32 %conv3_weights_local_1, i32 %conv3_weights_local_2, i32 %conv3_weights_local_3, i32 %conv3_weights_local_4, i32 %conv3_weights_local_5, i32 %conv3_weights_local_6, i32 %conv3_weights_local_7, i32 %conv3_weights_local_8, i32 %conv3_weights_local_9, i32 %conv3_weights_local_10, i32 %conv3_weights_local_11, i32 %conv3_weights_local_12, i32 %conv3_weights_local_13, i32 %conv3_weights_local_14, i32 %conv3_weights_local_15, i32 %conv3_weights_local_16, i32 %conv3_weights_local_17, i32 %conv3_weights_local_18, i32 %conv3_weights_local_19, i32 %conv3_weights_local_20, i32 %conv3_weights_local_21, i32 %conv3_weights_local_22, i32 %conv3_weights_local_23, i32 %conv3_weights_local_24, i32 %conv3_weights_local_25, i32 %conv3_weights_local_26, i32 %conv3_weights_local_27, i32 %conv3_weights_local_28, i32 %conv3_weights_local_29, i32 %conv3_weights_local_30, i32 %conv3_weights_local_31, i32 %gmem_out, i64 %output_ftmap_read" [src/srcnn.cpp:115]   --->   Operation 219 'call' 'call_ln115' <Predicate = (!icmp_ln105)> <Delay = 0.00> <CoreType = "Generic">   --->   Core 0 '' <Latency = 0> <II = 1> <Delay = 1.00> <Generic> <Opcode : >
ST_3 : Operation 220 [1/1] (0.00ns)   --->   "%br_ln105 = br void %for.cond" [src/srcnn.cpp:105]   --->   Operation 220 'br' 'br_ln105' <Predicate = (!icmp_ln105)> <Delay = 0.00>


============================================================
+ Verbose Summary: Timing violations
============================================================
Target clock period: 10.000ns, clock uncertainty: 2.700ns.

 <State 1>: 0.427ns
The critical path consists of the following:
	multiplexor before 'phi' operation ('tile_n', src/srcnn.cpp:105) with incoming values : ('add_ln105', src/srcnn.cpp:105) [413]  (0.427 ns)

 <State 2>: 4.441ns
The critical path consists of the following:
	'phi' operation ('tile_n', src/srcnn.cpp:105) with incoming values : ('add_ln105', src/srcnn.cpp:105) [413]  (0.000 ns)
	'call' operation ('call_ln115', src/srcnn.cpp:115) to 'dataflow_in_loop_tile_height_loop_MAIN.1' [421]  (3.676 ns)
	blocking operation 0.765 ns on control path)

 <State 3>: 0.000ns
The critical path consists of the following:


============================================================
+ Verbose Summary: Binding
============================================================
N/A
* FSMD analyzer results:
  - Output states:
 - Input state : 
  - Chain level:
	State 1
	State 2
	State 3


============================================================
+ Verbose Summary: Datapath Resource usage 
============================================================
N/A
