

================================================================
== Vitis HLS Report for 'dataflow_in_loop_tile_height_loop_MAIN_1'
================================================================
* Date:           Thu Oct 30 18:13:32 2025

* Version:        2023.1 (Build 3854077 on May  4 2023)
* Project:        srcnn_hls
* Solution:       solution1 (Vivado IP Flow Target)
* Product family: zynquplus
* Target device:  xck26-sfvc784-2LV-c


================================================================
== Performance Estimates
================================================================
+ Timing: 
    * Summary: 
    +--------+----------+----------+------------+
    |  Clock |  Target  | Estimated| Uncertainty|
    +--------+----------+----------+------------+
    |ap_clk  |  10.00 ns|  7.300 ns|     2.70 ns|
    +--------+----------+----------+------------+

+ Latency: 
    * Summary: 
    +---------+---------+----------+----------+--------+--------+----------+
    |  Latency (cycles) |  Latency (absolute) |     Interval    | Pipeline |
    |   min   |   max   |    min   |    max   |   min  |   max  |   Type   |
    +---------+---------+----------+----------+--------+--------+----------+
    |   106352|   106352|  1.064 ms|  1.064 ms|  106348|  106348|  dataflow|
    +---------+---------+----------+----------+--------+--------+----------+

    + Detail: 
        * Instance: 
        N/A

        * Loop: 
        N/A

============================================================
+ Verbose Summary: Synthesis Manager
============================================================
InlineROM: 1
ExposeGlobal: 0
============================================================
+ Verbose Summary: CDFG Model
============================================================
IsTopModel: 0
ResetActiveHigh: 1
IsCombinational: 2
IsDatapathOnly: 0
HasWiredReturn: 1
HasMFsm: 0
HasVarLatency: 1
IsPipeline: 0
IsRtlPipelined: 0
IsInstanceOverlapped: 0
IsDontTouch: 0
HasImplIP: 0
IsGatedGlobalClock: 0


============================================================
+ Verbose Summary: Schedule
============================================================
* Number of FSM states : 9
* Pipeline : 0
* Dataflow Pipeline: 1
  DF-Pipeline-0: Size = 9, States = { 1 2 3 4 5 6 7 8 9 }

* FSM state transitions: 
1 --> 2 
2 --> 3 
3 --> 4 
4 --> 5 
5 --> 6 
6 --> 7 
7 --> 8 
8 --> 9 
9 --> 

* FSM state operations: 

State 1 <SV = 0> <Delay = 2.11>
ST_1 : Operation 10 [1/1] (0.00ns)   --->   "%tile_n_0_read = read i8 @_ssdm_op_Read.ap_auto.i8, i8 %tile_n_0"   --->   Operation 10 'read' 'tile_n_0_read' <Predicate = true> <Delay = 0.00>
ST_1 : Operation 11 [1/1] (0.00ns)   --->   "%output_ftmap_c = alloca i64 1"   --->   Operation 11 'alloca' 'output_ftmap_c' <Predicate = true> <Delay = 0.00> <CoreInst = "FIFO_SRL">   --->   Core 81 'FIFO_SRL' <Latency = 0> <II = 1> <Delay = 1.88> <Storage> <Opcode : 'read' 'write' 'nbread' 'nbwrite'> <Ports = 0> <Width = 64> <Depth = 6> <FIFO>
ST_1 : Operation 12 [1/1] (0.00ns)   --->   "%pixel_h_loc_c = alloca i64 1"   --->   Operation 12 'alloca' 'pixel_h_loc_c' <Predicate = true> <Delay = 0.00> <CoreInst = "FIFO_SRL">   --->   Core 81 'FIFO_SRL' <Latency = 0> <II = 1> <Delay = 1.83> <Storage> <Opcode : 'read' 'write' 'nbread' 'nbwrite'> <Ports = 0> <Width = 9> <Depth = 4> <FIFO>
ST_1 : Operation 13 [1/1] (0.00ns)   --->   "%pixel_w_loc_c = alloca i64 1"   --->   Operation 13 'alloca' 'pixel_w_loc_c' <Predicate = true> <Delay = 0.00> <CoreInst = "FIFO_SRL">   --->   Core 81 'FIFO_SRL' <Latency = 0> <II = 1> <Delay = 1.83> <Storage> <Opcode : 'read' 'write' 'nbread' 'nbwrite'> <Ports = 0> <Width = 8> <Depth = 4> <FIFO>
ST_1 : Operation 14 [1/1] (0.00ns)   --->   "%conv2_to_conv3 = alloca i64 1" [src/srcnn.cpp:115]   --->   Operation 14 'alloca' 'conv2_to_conv3' <Predicate = true> <Delay = 0.00> <CoreInst = "FIFO_LUTRAM">   --->   Core 80 'FIFO_LUTRAM' <Latency = 0> <II = 1> <Delay = 2.97> <Storage> <Opcode : 'read' 'write' 'nbread' 'nbwrite'> <Ports = 0> <Width = 32> <Depth = 512> <FIFO>
ST_1 : Operation 15 [1/1] (0.00ns)   --->   "%conv1_to_conv2 = alloca i64 1" [src/srcnn.cpp:114]   --->   Operation 15 'alloca' 'conv1_to_conv2' <Predicate = true> <Delay = 0.00> <CoreInst = "FIFO_LUTRAM">   --->   Core 80 'FIFO_LUTRAM' <Latency = 0> <II = 1> <Delay = 2.97> <Storage> <Opcode : 'read' 'write' 'nbread' 'nbwrite'> <Ports = 0> <Width = 32> <Depth = 512> <FIFO>
ST_1 : Operation 16 [1/1] (0.00ns)   --->   "%layer3_output_tile_0 = alloca i64 1" [src/srcnn.cpp:111]   --->   Operation 16 'alloca' 'layer3_output_tile_0' <Predicate = true> <Delay = 0.00>
ST_1 : Operation 17 [2/2] (2.11ns)   --->   "%call_ret = call i17 @dataflow_in_loop_tile_height_loop_MAIN.1_Block_newFuncRoot4_proc, i8 %tile_n_0_read"   --->   Operation 17 'call' 'call_ret' <Predicate = true> <Delay = 2.11> <CoreType = "Generic">   --->   Core 0 '' <Latency = 0> <II = 1> <Delay = 1.00> <Generic> <Opcode : >
ST_1 : Operation 18 [2/2] (0.00ns)   --->   "%conv3_biases_local_load_loc_channel = call i32 @dataflow_in_loop_tile_height_loop_MAIN.1_Block_newFuncRoot47_proc, i32 %conv3_biases_local"   --->   Operation 18 'call' 'conv3_biases_local_load_loc_channel' <Predicate = true> <Delay = 0.00> <CoreInst = "FIFO_SRL">   --->   Core 81 'FIFO_SRL' <Latency = 0> <II = 1> <Delay = 1.83> <Storage> <Opcode : 'read' 'write' 'nbread' 'nbwrite'> <Ports = 0> <Width = 32> <Depth = 2> <FIFO>

State 2 <SV = 1> <Delay = 5.89>
ST_2 : Operation 19 [1/1] (0.00ns)   --->   "%input_ftmap_read = read i64 @_ssdm_op_Read.ap_auto.i64, i64 %input_ftmap"   --->   Operation 19 'read' 'input_ftmap_read' <Predicate = true> <Delay = 0.00>
ST_2 : Operation 20 [1/2] (2.21ns)   --->   "%call_ret = call i17 @dataflow_in_loop_tile_height_loop_MAIN.1_Block_newFuncRoot4_proc, i8 %tile_n_0_read"   --->   Operation 20 'call' 'call_ret' <Predicate = true> <Delay = 2.21> <CoreType = "Generic">   --->   Core 0 '' <Latency = 0> <II = 1> <Delay = 1.00> <Generic> <Opcode : >
ST_2 : Operation 21 [1/1] (0.00ns)   --->   "%pixel_w_loc_c16_channel = extractvalue i17 %call_ret"   --->   Operation 21 'extractvalue' 'pixel_w_loc_c16_channel' <Predicate = true> <Delay = 0.00> <CoreInst = "FIFO_SRL">   --->   Core 81 'FIFO_SRL' <Latency = 0> <II = 1> <Delay = 1.83> <Storage> <Opcode : 'read' 'write' 'nbread' 'nbwrite'> <Ports = 0> <Width = 8> <Depth = 2> <FIFO>
ST_2 : Operation 22 [1/1] (0.00ns)   --->   "%pixel_h_loc_c17_channel = extractvalue i17 %call_ret"   --->   Operation 22 'extractvalue' 'pixel_h_loc_c17_channel' <Predicate = true> <Delay = 0.00> <CoreInst = "FIFO_SRL">   --->   Core 81 'FIFO_SRL' <Latency = 0> <II = 1> <Delay = 1.83> <Storage> <Opcode : 'read' 'write' 'nbread' 'nbwrite'> <Ports = 0> <Width = 9> <Depth = 2> <FIFO>
ST_2 : Operation 23 [2/2] (3.67ns)   --->   "%call_ln120 = call void @conv1_tile, i32 %gmem_in, i64 %input_ftmap_read, i9 %pixel_h_loc_c17_channel, i8 %pixel_w_loc_c16_channel, i32 %conv1_weights_local_0_0_0, i32 %conv1_weights_local_0_0_1, i32 %conv1_weights_local_0_0_2, i32 %conv1_weights_local_0_0_3, i32 %conv1_weights_local_0_0_4, i32 %conv1_weights_local_0_0_5, i32 %conv1_weights_local_0_0_6, i32 %conv1_weights_local_0_0_7, i32 %conv1_weights_local_0_0_8, i32 %conv1_weights_local_0_1_0, i32 %conv1_weights_local_0_1_1, i32 %conv1_weights_local_0_1_2, i32 %conv1_weights_local_0_1_3, i32 %conv1_weights_local_0_1_4, i32 %conv1_weights_local_0_1_5, i32 %conv1_weights_local_0_1_6, i32 %conv1_weights_local_0_1_7, i32 %conv1_weights_local_0_1_8, i32 %conv1_weights_local_0_2_0, i32 %conv1_weights_local_0_2_1, i32 %conv1_weights_local_0_2_2, i32 %conv1_weights_local_0_2_3, i32 %conv1_weights_local_0_2_4, i32 %conv1_weights_local_0_2_5, i32 %conv1_weights_local_0_2_6, i32 %conv1_weights_local_0_2_7, i32 %conv1_weights_local_0_2_8, i32 %conv1_weights_local_0_3_0, i32 %conv1_weights_local_0_3_1, i32 %conv1_weights_local_0_3_2, i32 %conv1_weights_local_0_3_3, i32 %conv1_weights_local_0_3_4, i32 %conv1_weights_local_0_3_5, i32 %conv1_weights_local_0_3_6, i32 %conv1_weights_local_0_3_7, i32 %conv1_weights_local_0_3_8, i32 %conv1_weights_local_0_4_0, i32 %conv1_weights_local_0_4_1, i32 %conv1_weights_local_0_4_2, i32 %conv1_weights_local_0_4_3, i32 %conv1_weights_local_0_4_4, i32 %conv1_weights_local_0_4_5, i32 %conv1_weights_local_0_4_6, i32 %conv1_weights_local_0_4_7, i32 %conv1_weights_local_0_4_8, i32 %conv1_weights_local_0_5_0, i32 %conv1_weights_local_0_5_1, i32 %conv1_weights_local_0_5_2, i32 %conv1_weights_local_0_5_3, i32 %conv1_weights_local_0_5_4, i32 %conv1_weights_local_0_5_5, i32 %conv1_weights_local_0_5_6, i32 %conv1_weights_local_0_5_7, i32 %conv1_weights_local_0_5_8, i32 %conv1_weights_local_0_6_0, i32 %conv1_weights_local_0_6_1, i32 %conv1_weights_local_0_6_2, i32 %conv1_weights_local_0_6_3, i32 %conv1_weights_local_0_6_4, i32 %conv1_weights_local_0_6_5, i32 %conv1_weights_local_0_6_6, i32 %conv1_weights_local_0_6_7, i32 %conv1_weights_local_0_6_8, i32 %conv1_weights_local_0_7_0, i32 %conv1_weights_local_0_7_1, i32 %conv1_weights_local_0_7_2, i32 %conv1_weights_local_0_7_3, i32 %conv1_weights_local_0_7_4, i32 %conv1_weights_local_0_7_5, i32 %conv1_weights_local_0_7_6, i32 %conv1_weights_local_0_7_7, i32 %conv1_weights_local_0_7_8, i32 %conv1_weights_local_0_8_0, i32 %conv1_weights_local_0_8_1, i32 %conv1_weights_local_0_8_2, i32 %conv1_weights_local_0_8_3, i32 %conv1_weights_local_0_8_4, i32 %conv1_weights_local_0_8_5, i32 %conv1_weights_local_0_8_6, i32 %conv1_weights_local_0_8_7, i32 %conv1_weights_local_0_8_8, i32 %conv1_weights_local_1_0_0, i32 %conv1_weights_local_1_0_1, i32 %conv1_weights_local_1_0_2, i32 %conv1_weights_local_1_0_3, i32 %conv1_weights_local_1_0_4, i32 %conv1_weights_local_1_0_5, i32 %conv1_weights_local_1_0_6, i32 %conv1_weights_local_1_0_7, i32 %conv1_weights_local_1_0_8, i32 %conv1_weights_local_1_1_0, i32 %conv1_weights_local_1_1_1, i32 %conv1_weights_local_1_1_2, i32 %conv1_weights_local_1_1_3, i32 %conv1_weights_local_1_1_4, i32 %conv1_weights_local_1_1_5, i32 %conv1_weights_local_1_1_6, i32 %conv1_weights_local_1_1_7, i32 %conv1_weights_local_1_1_8, i32 %conv1_weights_local_1_2_0, i32 %conv1_weights_local_1_2_1, i32 %conv1_weights_local_1_2_2, i32 %conv1_weights_local_1_2_3, i32 %conv1_weights_local_1_2_4, i32 %conv1_weights_local_1_2_5, i32 %conv1_weights_local_1_2_6, i32 %conv1_weights_local_1_2_7, i32 %conv1_weights_local_1_2_8, i32 %conv1_weights_local_1_3_0, i32 %conv1_weights_local_1_3_1, i32 %conv1_weights_local_1_3_2, i32 %conv1_weights_local_1_3_3, i32 %conv1_weights_local_1_3_4, i32 %conv1_weights_local_1_3_5, i32 %conv1_weights_local_1_3_6, i32 %conv1_weights_local_1_3_7, i32 %conv1_weights_local_1_3_8, i32 %conv1_weights_local_1_4_0, i32 %conv1_weights_local_1_4_1, i32 %conv1_weights_local_1_4_2, i32 %conv1_weights_local_1_4_3, i32 %conv1_weights_local_1_4_4, i32 %conv1_weights_local_1_4_5, i32 %conv1_weights_local_1_4_6, i32 %conv1_weights_local_1_4_7, i32 %conv1_weights_local_1_4_8, i32 %conv1_weights_local_1_5_0, i32 %conv1_weights_local_1_5_1, i32 %conv1_weights_local_1_5_2, i32 %conv1_weights_local_1_5_3, i32 %conv1_weights_local_1_5_4, i32 %conv1_weights_local_1_5_5, i32 %conv1_weights_local_1_5_6, i32 %conv1_weights_local_1_5_7, i32 %conv1_weights_local_1_5_8, i32 %conv1_weights_local_1_6_0, i32 %conv1_weights_local_1_6_1, i32 %conv1_weights_local_1_6_2, i32 %conv1_weights_local_1_6_3, i32 %conv1_weights_local_1_6_4, i32 %conv1_weights_local_1_6_5, i32 %conv1_weights_local_1_6_6, i32 %conv1_weights_local_1_6_7, i32 %conv1_weights_local_1_6_8, i32 %conv1_weights_local_1_7_0, i32 %conv1_weights_local_1_7_1, i32 %conv1_weights_local_1_7_2, i32 %conv1_weights_local_1_7_3, i32 %conv1_weights_local_1_7_4, i32 %conv1_weights_local_1_7_5, i32 %conv1_weights_local_1_7_6, i32 %conv1_weights_local_1_7_7, i32 %conv1_weights_local_1_7_8, i32 %conv1_weights_local_1_8_0, i32 %conv1_weights_local_1_8_1, i32 %conv1_weights_local_1_8_2, i32 %conv1_weights_local_1_8_3, i32 %conv1_weights_local_1_8_4, i32 %conv1_weights_local_1_8_5, i32 %conv1_weights_local_1_8_6, i32 %conv1_weights_local_1_8_7, i32 %conv1_weights_local_1_8_8, i32 %conv1_biases_local, i32 %conv1_to_conv2, i8 %pixel_w_loc_c, i9 %pixel_h_loc_c" [src/srcnn.cpp:120]   --->   Operation 23 'call' 'call_ln120' <Predicate = true> <Delay = 3.67> <CoreType = "Generic">   --->   Core 0 '' <Latency = 0> <II = 1> <Delay = 1.00> <Generic> <Opcode : >
ST_2 : Operation 24 [1/2] (1.23ns)   --->   "%conv3_biases_local_load_loc_channel = call i32 @dataflow_in_loop_tile_height_loop_MAIN.1_Block_newFuncRoot47_proc, i32 %conv3_biases_local"   --->   Operation 24 'call' 'conv3_biases_local_load_loc_channel' <Predicate = true> <Delay = 1.23> <CoreInst = "FIFO_SRL">   --->   Core 81 'FIFO_SRL' <Latency = 0> <II = 1> <Delay = 1.83> <Storage> <Opcode : 'read' 'write' 'nbread' 'nbwrite'> <Ports = 0> <Width = 32> <Depth = 2> <FIFO>

State 3 <SV = 2> <Delay = 0.00>
ST_3 : Operation 25 [1/2] (0.00ns)   --->   "%call_ln120 = call void @conv1_tile, i32 %gmem_in, i64 %input_ftmap_read, i9 %pixel_h_loc_c17_channel, i8 %pixel_w_loc_c16_channel, i32 %conv1_weights_local_0_0_0, i32 %conv1_weights_local_0_0_1, i32 %conv1_weights_local_0_0_2, i32 %conv1_weights_local_0_0_3, i32 %conv1_weights_local_0_0_4, i32 %conv1_weights_local_0_0_5, i32 %conv1_weights_local_0_0_6, i32 %conv1_weights_local_0_0_7, i32 %conv1_weights_local_0_0_8, i32 %conv1_weights_local_0_1_0, i32 %conv1_weights_local_0_1_1, i32 %conv1_weights_local_0_1_2, i32 %conv1_weights_local_0_1_3, i32 %conv1_weights_local_0_1_4, i32 %conv1_weights_local_0_1_5, i32 %conv1_weights_local_0_1_6, i32 %conv1_weights_local_0_1_7, i32 %conv1_weights_local_0_1_8, i32 %conv1_weights_local_0_2_0, i32 %conv1_weights_local_0_2_1, i32 %conv1_weights_local_0_2_2, i32 %conv1_weights_local_0_2_3, i32 %conv1_weights_local_0_2_4, i32 %conv1_weights_local_0_2_5, i32 %conv1_weights_local_0_2_6, i32 %conv1_weights_local_0_2_7, i32 %conv1_weights_local_0_2_8, i32 %conv1_weights_local_0_3_0, i32 %conv1_weights_local_0_3_1, i32 %conv1_weights_local_0_3_2, i32 %conv1_weights_local_0_3_3, i32 %conv1_weights_local_0_3_4, i32 %conv1_weights_local_0_3_5, i32 %conv1_weights_local_0_3_6, i32 %conv1_weights_local_0_3_7, i32 %conv1_weights_local_0_3_8, i32 %conv1_weights_local_0_4_0, i32 %conv1_weights_local_0_4_1, i32 %conv1_weights_local_0_4_2, i32 %conv1_weights_local_0_4_3, i32 %conv1_weights_local_0_4_4, i32 %conv1_weights_local_0_4_5, i32 %conv1_weights_local_0_4_6, i32 %conv1_weights_local_0_4_7, i32 %conv1_weights_local_0_4_8, i32 %conv1_weights_local_0_5_0, i32 %conv1_weights_local_0_5_1, i32 %conv1_weights_local_0_5_2, i32 %conv1_weights_local_0_5_3, i32 %conv1_weights_local_0_5_4, i32 %conv1_weights_local_0_5_5, i32 %conv1_weights_local_0_5_6, i32 %conv1_weights_local_0_5_7, i32 %conv1_weights_local_0_5_8, i32 %conv1_weights_local_0_6_0, i32 %conv1_weights_local_0_6_1, i32 %conv1_weights_local_0_6_2, i32 %conv1_weights_local_0_6_3, i32 %conv1_weights_local_0_6_4, i32 %conv1_weights_local_0_6_5, i32 %conv1_weights_local_0_6_6, i32 %conv1_weights_local_0_6_7, i32 %conv1_weights_local_0_6_8, i32 %conv1_weights_local_0_7_0, i32 %conv1_weights_local_0_7_1, i32 %conv1_weights_local_0_7_2, i32 %conv1_weights_local_0_7_3, i32 %conv1_weights_local_0_7_4, i32 %conv1_weights_local_0_7_5, i32 %conv1_weights_local_0_7_6, i32 %conv1_weights_local_0_7_7, i32 %conv1_weights_local_0_7_8, i32 %conv1_weights_local_0_8_0, i32 %conv1_weights_local_0_8_1, i32 %conv1_weights_local_0_8_2, i32 %conv1_weights_local_0_8_3, i32 %conv1_weights_local_0_8_4, i32 %conv1_weights_local_0_8_5, i32 %conv1_weights_local_0_8_6, i32 %conv1_weights_local_0_8_7, i32 %conv1_weights_local_0_8_8, i32 %conv1_weights_local_1_0_0, i32 %conv1_weights_local_1_0_1, i32 %conv1_weights_local_1_0_2, i32 %conv1_weights_local_1_0_3, i32 %conv1_weights_local_1_0_4, i32 %conv1_weights_local_1_0_5, i32 %conv1_weights_local_1_0_6, i32 %conv1_weights_local_1_0_7, i32 %conv1_weights_local_1_0_8, i32 %conv1_weights_local_1_1_0, i32 %conv1_weights_local_1_1_1, i32 %conv1_weights_local_1_1_2, i32 %conv1_weights_local_1_1_3, i32 %conv1_weights_local_1_1_4, i32 %conv1_weights_local_1_1_5, i32 %conv1_weights_local_1_1_6, i32 %conv1_weights_local_1_1_7, i32 %conv1_weights_local_1_1_8, i32 %conv1_weights_local_1_2_0, i32 %conv1_weights_local_1_2_1, i32 %conv1_weights_local_1_2_2, i32 %conv1_weights_local_1_2_3, i32 %conv1_weights_local_1_2_4, i32 %conv1_weights_local_1_2_5, i32 %conv1_weights_local_1_2_6, i32 %conv1_weights_local_1_2_7, i32 %conv1_weights_local_1_2_8, i32 %conv1_weights_local_1_3_0, i32 %conv1_weights_local_1_3_1, i32 %conv1_weights_local_1_3_2, i32 %conv1_weights_local_1_3_3, i32 %conv1_weights_local_1_3_4, i32 %conv1_weights_local_1_3_5, i32 %conv1_weights_local_1_3_6, i32 %conv1_weights_local_1_3_7, i32 %conv1_weights_local_1_3_8, i32 %conv1_weights_local_1_4_0, i32 %conv1_weights_local_1_4_1, i32 %conv1_weights_local_1_4_2, i32 %conv1_weights_local_1_4_3, i32 %conv1_weights_local_1_4_4, i32 %conv1_weights_local_1_4_5, i32 %conv1_weights_local_1_4_6, i32 %conv1_weights_local_1_4_7, i32 %conv1_weights_local_1_4_8, i32 %conv1_weights_local_1_5_0, i32 %conv1_weights_local_1_5_1, i32 %conv1_weights_local_1_5_2, i32 %conv1_weights_local_1_5_3, i32 %conv1_weights_local_1_5_4, i32 %conv1_weights_local_1_5_5, i32 %conv1_weights_local_1_5_6, i32 %conv1_weights_local_1_5_7, i32 %conv1_weights_local_1_5_8, i32 %conv1_weights_local_1_6_0, i32 %conv1_weights_local_1_6_1, i32 %conv1_weights_local_1_6_2, i32 %conv1_weights_local_1_6_3, i32 %conv1_weights_local_1_6_4, i32 %conv1_weights_local_1_6_5, i32 %conv1_weights_local_1_6_6, i32 %conv1_weights_local_1_6_7, i32 %conv1_weights_local_1_6_8, i32 %conv1_weights_local_1_7_0, i32 %conv1_weights_local_1_7_1, i32 %conv1_weights_local_1_7_2, i32 %conv1_weights_local_1_7_3, i32 %conv1_weights_local_1_7_4, i32 %conv1_weights_local_1_7_5, i32 %conv1_weights_local_1_7_6, i32 %conv1_weights_local_1_7_7, i32 %conv1_weights_local_1_7_8, i32 %conv1_weights_local_1_8_0, i32 %conv1_weights_local_1_8_1, i32 %conv1_weights_local_1_8_2, i32 %conv1_weights_local_1_8_3, i32 %conv1_weights_local_1_8_4, i32 %conv1_weights_local_1_8_5, i32 %conv1_weights_local_1_8_6, i32 %conv1_weights_local_1_8_7, i32 %conv1_weights_local_1_8_8, i32 %conv1_biases_local, i32 %conv1_to_conv2, i8 %pixel_w_loc_c, i9 %pixel_h_loc_c" [src/srcnn.cpp:120]   --->   Operation 25 'call' 'call_ln120' <Predicate = true> <Delay = 0.00> <CoreType = "Generic">   --->   Core 0 '' <Latency = 0> <II = 1> <Delay = 1.00> <Generic> <Opcode : >

State 4 <SV = 3> <Delay = 0.00>
ST_4 : Operation 26 [2/2] (0.00ns)   --->   "%call_ln121 = call void @conv2, i32 %conv1_to_conv2, i32 %conv2_weights_local_0_0, i32 %conv2_weights_local_0_1, i32 %conv2_weights_local_1_0, i32 %conv2_weights_local_1_1, i32 %conv2_biases_local, i32 %conv2_to_conv3" [src/srcnn.cpp:121]   --->   Operation 26 'call' 'call_ln121' <Predicate = true> <Delay = 0.00> <CoreType = "Generic">   --->   Core 0 '' <Latency = 0> <II = 1> <Delay = 1.00> <Generic> <Opcode : >

State 5 <SV = 4> <Delay = 0.00>
ST_5 : Operation 27 [1/2] (0.00ns)   --->   "%call_ln121 = call void @conv2, i32 %conv1_to_conv2, i32 %conv2_weights_local_0_0, i32 %conv2_weights_local_0_1, i32 %conv2_weights_local_1_0, i32 %conv2_weights_local_1_1, i32 %conv2_biases_local, i32 %conv2_to_conv3" [src/srcnn.cpp:121]   --->   Operation 27 'call' 'call_ln121' <Predicate = true> <Delay = 0.00> <CoreType = "Generic">   --->   Core 0 '' <Latency = 0> <II = 1> <Delay = 1.00> <Generic> <Opcode : >

State 6 <SV = 5> <Delay = 1.83>
ST_6 : Operation 28 [2/2] (1.83ns)   --->   "%call_ln122 = call void @conv37, i32 %conv2_to_conv3, i32 %conv3_weights_local_0_0_0, i32 %conv3_weights_local_0_0_1, i32 %conv3_weights_local_0_1_0, i32 %conv3_weights_local_0_1_1, i32 %conv3_weights_local_1_0_0, i32 %conv3_weights_local_1_0_1, i32 %conv3_weights_local_1_1_0, i32 %conv3_weights_local_1_1_1, i32 %conv3_weights_local_2_0_0, i32 %conv3_weights_local_2_0_1, i32 %conv3_weights_local_2_1_0, i32 %conv3_weights_local_2_1_1, i32 %conv3_weights_local_3_0_0, i32 %conv3_weights_local_3_0_1, i32 %conv3_weights_local_3_1_0, i32 %conv3_weights_local_3_1_1, i32 %conv3_weights_local_4_0_0, i32 %conv3_weights_local_4_0_1, i32 %conv3_weights_local_4_1_0, i32 %conv3_weights_local_4_1_1, i32 %conv3_weights_local_5_0_0, i32 %conv3_weights_local_5_0_1, i32 %conv3_weights_local_5_1_0, i32 %conv3_weights_local_5_1_1, i32 %conv3_weights_local_6_0_0, i32 %conv3_weights_local_6_0_1, i32 %conv3_weights_local_6_1_0, i32 %conv3_weights_local_6_1_1, i32 %conv3_weights_local_7_0_0, i32 %conv3_weights_local_7_0_1, i32 %conv3_weights_local_7_1_0, i32 %conv3_weights_local_7_1_1, i32 %conv3_biases_local_load_loc_channel, i32 %layer3_output_tile_0" [src/srcnn.cpp:122]   --->   Operation 28 'call' 'call_ln122' <Predicate = true> <Delay = 1.83> <CoreType = "Generic">   --->   Core 0 '' <Latency = 0> <II = 1> <Delay = 1.00> <Generic> <Opcode : >

State 7 <SV = 6> <Delay = 1.88>
ST_7 : Operation 29 [1/1] (0.00ns)   --->   "%output_ftmap_read = read i64 @_ssdm_op_Read.ap_auto.i64, i64 %output_ftmap"   --->   Operation 29 'read' 'output_ftmap_read' <Predicate = true> <Delay = 0.00>
ST_7 : Operation 30 [1/1] (1.88ns)   --->   "%call_ln0 = call void @entry_proc, i64 %output_ftmap_read, i64 %output_ftmap_c"   --->   Operation 30 'call' 'call_ln0' <Predicate = true> <Delay = 1.88> <CoreType = "Generic">   --->   Core 0 '' <Latency = 0> <II = 1> <Delay = 1.00> <Generic> <Opcode : >
ST_7 : Operation 31 [1/2] (0.00ns)   --->   "%call_ln122 = call void @conv37, i32 %conv2_to_conv3, i32 %conv3_weights_local_0_0_0, i32 %conv3_weights_local_0_0_1, i32 %conv3_weights_local_0_1_0, i32 %conv3_weights_local_0_1_1, i32 %conv3_weights_local_1_0_0, i32 %conv3_weights_local_1_0_1, i32 %conv3_weights_local_1_1_0, i32 %conv3_weights_local_1_1_1, i32 %conv3_weights_local_2_0_0, i32 %conv3_weights_local_2_0_1, i32 %conv3_weights_local_2_1_0, i32 %conv3_weights_local_2_1_1, i32 %conv3_weights_local_3_0_0, i32 %conv3_weights_local_3_0_1, i32 %conv3_weights_local_3_1_0, i32 %conv3_weights_local_3_1_1, i32 %conv3_weights_local_4_0_0, i32 %conv3_weights_local_4_0_1, i32 %conv3_weights_local_4_1_0, i32 %conv3_weights_local_4_1_1, i32 %conv3_weights_local_5_0_0, i32 %conv3_weights_local_5_0_1, i32 %conv3_weights_local_5_1_0, i32 %conv3_weights_local_5_1_1, i32 %conv3_weights_local_6_0_0, i32 %conv3_weights_local_6_0_1, i32 %conv3_weights_local_6_1_0, i32 %conv3_weights_local_6_1_1, i32 %conv3_weights_local_7_0_0, i32 %conv3_weights_local_7_0_1, i32 %conv3_weights_local_7_1_0, i32 %conv3_weights_local_7_1_1, i32 %conv3_biases_local_load_loc_channel, i32 %layer3_output_tile_0" [src/srcnn.cpp:122]   --->   Operation 31 'call' 'call_ln122' <Predicate = true> <Delay = 0.00> <CoreType = "Generic">   --->   Core 0 '' <Latency = 0> <II = 1> <Delay = 1.00> <Generic> <Opcode : >

State 8 <SV = 7> <Delay = 0.00>
ST_8 : Operation 32 [2/2] (0.00ns)   --->   "%call_ln125 = call void @reconstructor, i32 %gmem_out, i64 %output_ftmap_c, i32 %layer3_output_tile_0, i9 %pixel_h_loc_c, i8 %pixel_w_loc_c" [src/srcnn.cpp:125]   --->   Operation 32 'call' 'call_ln125' <Predicate = true> <Delay = 0.00> <CoreType = "Generic">   --->   Core 0 '' <Latency = 0> <II = 1> <Delay = 1.00> <Generic> <Opcode : >

State 9 <SV = 8> <Delay = 0.00>
ST_9 : Operation 33 [1/1] (0.00ns)   --->   "%empty = specchannel i32 @_ssdm_op_SpecChannel, void @output_ftmap_c_str, i32 1, void @p_str, void @p_str, i32 6, i32 0, i64 %output_ftmap_c, i64 %output_ftmap_c"   --->   Operation 33 'specchannel' 'empty' <Predicate = true> <Delay = 0.00>
ST_9 : Operation 34 [1/1] (0.00ns)   --->   "%specinterface_ln0 = specinterface void @_ssdm_op_SpecInterface, i64 %output_ftmap_c, void @ap_fifo_str, i32 0, i32 0, void @p_str, i32 0, i32 0, void @p_str, void @p_str, void @p_str, i32 2, i32 2, i32 16, i32 16, void @p_str, void @p_str, i32 4294967295, i32 0"   --->   Operation 34 'specinterface' 'specinterface_ln0' <Predicate = true> <Delay = 0.00>
ST_9 : Operation 35 [1/1] (0.00ns)   --->   "%empty_230 = specchannel i32 @_ssdm_op_SpecChannel, void @pixel_h_OC_loc_c_str, i32 1, void @p_str, void @p_str, i32 4, i32 0, i9 %pixel_h_loc_c, i9 %pixel_h_loc_c"   --->   Operation 35 'specchannel' 'empty_230' <Predicate = true> <Delay = 0.00>
ST_9 : Operation 36 [1/1] (0.00ns)   --->   "%specinterface_ln0 = specinterface void @_ssdm_op_SpecInterface, i9 %pixel_h_loc_c, void @ap_fifo_str, i32 0, i32 0, void @p_str, i32 0, i32 0, void @p_str, void @p_str, void @p_str, i32 2, i32 2, i32 16, i32 16, void @p_str, void @p_str, i32 4294967295, i32 0"   --->   Operation 36 'specinterface' 'specinterface_ln0' <Predicate = true> <Delay = 0.00>
ST_9 : Operation 37 [1/1] (0.00ns)   --->   "%empty_231 = specchannel i32 @_ssdm_op_SpecChannel, void @pixel_w_OC_loc_c_str, i32 1, void @p_str, void @p_str, i32 4, i32 0, i8 %pixel_w_loc_c, i8 %pixel_w_loc_c"   --->   Operation 37 'specchannel' 'empty_231' <Predicate = true> <Delay = 0.00>
ST_9 : Operation 38 [1/1] (0.00ns)   --->   "%specinterface_ln0 = specinterface void @_ssdm_op_SpecInterface, i8 %pixel_w_loc_c, void @ap_fifo_str, i32 0, i32 0, void @p_str, i32 0, i32 0, void @p_str, void @p_str, void @p_str, i32 2, i32 2, i32 16, i32 16, void @p_str, void @p_str, i32 4294967295, i32 0"   --->   Operation 38 'specinterface' 'specinterface_ln0' <Predicate = true> <Delay = 0.00>
ST_9 : Operation 39 [1/1] (0.00ns)   --->   "%specdataflowpipeline_ln0 = specdataflowpipeline void @_ssdm_op_SpecDataflowPipeline, i32 4294967295, i32 0, void @empty_132"   --->   Operation 39 'specdataflowpipeline' 'specdataflowpipeline_ln0' <Predicate = true> <Delay = 0.00>
ST_9 : Operation 40 [1/1] (0.00ns)   --->   "%specmemcore_ln0 = specmemcore void @_ssdm_op_SpecMemCore, i32 %conv3_biases_local, i64 666, i64 25, i64 18446744073709551615"   --->   Operation 40 'specmemcore' 'specmemcore_ln0' <Predicate = true> <Delay = 0.00>
ST_9 : Operation 41 [1/1] (0.00ns)   --->   "%specmemcore_ln0 = specmemcore void @_ssdm_op_SpecMemCore, i32 %conv3_weights_local_0_0_0, i64 666, i64 25, i64 18446744073709551615"   --->   Operation 41 'specmemcore' 'specmemcore_ln0' <Predicate = true> <Delay = 0.00>
ST_9 : Operation 42 [1/1] (0.00ns)   --->   "%specmemcore_ln0 = specmemcore void @_ssdm_op_SpecMemCore, i32 %conv3_weights_local_0_0_1, i64 666, i64 25, i64 18446744073709551615"   --->   Operation 42 'specmemcore' 'specmemcore_ln0' <Predicate = true> <Delay = 0.00>
ST_9 : Operation 43 [1/1] (0.00ns)   --->   "%specmemcore_ln0 = specmemcore void @_ssdm_op_SpecMemCore, i32 %conv3_weights_local_0_1_0, i64 666, i64 25, i64 18446744073709551615"   --->   Operation 43 'specmemcore' 'specmemcore_ln0' <Predicate = true> <Delay = 0.00>
ST_9 : Operation 44 [1/1] (0.00ns)   --->   "%specmemcore_ln0 = specmemcore void @_ssdm_op_SpecMemCore, i32 %conv3_weights_local_0_1_1, i64 666, i64 25, i64 18446744073709551615"   --->   Operation 44 'specmemcore' 'specmemcore_ln0' <Predicate = true> <Delay = 0.00>
ST_9 : Operation 45 [1/1] (0.00ns)   --->   "%specmemcore_ln0 = specmemcore void @_ssdm_op_SpecMemCore, i32 %conv3_weights_local_1_0_0, i64 666, i64 25, i64 18446744073709551615"   --->   Operation 45 'specmemcore' 'specmemcore_ln0' <Predicate = true> <Delay = 0.00>
ST_9 : Operation 46 [1/1] (0.00ns)   --->   "%specmemcore_ln0 = specmemcore void @_ssdm_op_SpecMemCore, i32 %conv3_weights_local_1_0_1, i64 666, i64 25, i64 18446744073709551615"   --->   Operation 46 'specmemcore' 'specmemcore_ln0' <Predicate = true> <Delay = 0.00>
ST_9 : Operation 47 [1/1] (0.00ns)   --->   "%specmemcore_ln0 = specmemcore void @_ssdm_op_SpecMemCore, i32 %conv3_weights_local_1_1_0, i64 666, i64 25, i64 18446744073709551615"   --->   Operation 47 'specmemcore' 'specmemcore_ln0' <Predicate = true> <Delay = 0.00>
ST_9 : Operation 48 [1/1] (0.00ns)   --->   "%specmemcore_ln0 = specmemcore void @_ssdm_op_SpecMemCore, i32 %conv3_weights_local_1_1_1, i64 666, i64 25, i64 18446744073709551615"   --->   Operation 48 'specmemcore' 'specmemcore_ln0' <Predicate = true> <Delay = 0.00>
ST_9 : Operation 49 [1/1] (0.00ns)   --->   "%specmemcore_ln0 = specmemcore void @_ssdm_op_SpecMemCore, i32 %conv3_weights_local_2_0_0, i64 666, i64 25, i64 18446744073709551615"   --->   Operation 49 'specmemcore' 'specmemcore_ln0' <Predicate = true> <Delay = 0.00>
ST_9 : Operation 50 [1/1] (0.00ns)   --->   "%specmemcore_ln0 = specmemcore void @_ssdm_op_SpecMemCore, i32 %conv3_weights_local_2_0_1, i64 666, i64 25, i64 18446744073709551615"   --->   Operation 50 'specmemcore' 'specmemcore_ln0' <Predicate = true> <Delay = 0.00>
ST_9 : Operation 51 [1/1] (0.00ns)   --->   "%specmemcore_ln0 = specmemcore void @_ssdm_op_SpecMemCore, i32 %conv3_weights_local_2_1_0, i64 666, i64 25, i64 18446744073709551615"   --->   Operation 51 'specmemcore' 'specmemcore_ln0' <Predicate = true> <Delay = 0.00>
ST_9 : Operation 52 [1/1] (0.00ns)   --->   "%specmemcore_ln0 = specmemcore void @_ssdm_op_SpecMemCore, i32 %conv3_weights_local_2_1_1, i64 666, i64 25, i64 18446744073709551615"   --->   Operation 52 'specmemcore' 'specmemcore_ln0' <Predicate = true> <Delay = 0.00>
ST_9 : Operation 53 [1/1] (0.00ns)   --->   "%specmemcore_ln0 = specmemcore void @_ssdm_op_SpecMemCore, i32 %conv3_weights_local_3_0_0, i64 666, i64 25, i64 18446744073709551615"   --->   Operation 53 'specmemcore' 'specmemcore_ln0' <Predicate = true> <Delay = 0.00>
ST_9 : Operation 54 [1/1] (0.00ns)   --->   "%specmemcore_ln0 = specmemcore void @_ssdm_op_SpecMemCore, i32 %conv3_weights_local_3_0_1, i64 666, i64 25, i64 18446744073709551615"   --->   Operation 54 'specmemcore' 'specmemcore_ln0' <Predicate = true> <Delay = 0.00>
ST_9 : Operation 55 [1/1] (0.00ns)   --->   "%specmemcore_ln0 = specmemcore void @_ssdm_op_SpecMemCore, i32 %conv3_weights_local_3_1_0, i64 666, i64 25, i64 18446744073709551615"   --->   Operation 55 'specmemcore' 'specmemcore_ln0' <Predicate = true> <Delay = 0.00>
ST_9 : Operation 56 [1/1] (0.00ns)   --->   "%specmemcore_ln0 = specmemcore void @_ssdm_op_SpecMemCore, i32 %conv3_weights_local_3_1_1, i64 666, i64 25, i64 18446744073709551615"   --->   Operation 56 'specmemcore' 'specmemcore_ln0' <Predicate = true> <Delay = 0.00>
ST_9 : Operation 57 [1/1] (0.00ns)   --->   "%specmemcore_ln0 = specmemcore void @_ssdm_op_SpecMemCore, i32 %conv3_weights_local_4_0_0, i64 666, i64 25, i64 18446744073709551615"   --->   Operation 57 'specmemcore' 'specmemcore_ln0' <Predicate = true> <Delay = 0.00>
ST_9 : Operation 58 [1/1] (0.00ns)   --->   "%specmemcore_ln0 = specmemcore void @_ssdm_op_SpecMemCore, i32 %conv3_weights_local_4_0_1, i64 666, i64 25, i64 18446744073709551615"   --->   Operation 58 'specmemcore' 'specmemcore_ln0' <Predicate = true> <Delay = 0.00>
ST_9 : Operation 59 [1/1] (0.00ns)   --->   "%specmemcore_ln0 = specmemcore void @_ssdm_op_SpecMemCore, i32 %conv3_weights_local_4_1_0, i64 666, i64 25, i64 18446744073709551615"   --->   Operation 59 'specmemcore' 'specmemcore_ln0' <Predicate = true> <Delay = 0.00>
ST_9 : Operation 60 [1/1] (0.00ns)   --->   "%specmemcore_ln0 = specmemcore void @_ssdm_op_SpecMemCore, i32 %conv3_weights_local_4_1_1, i64 666, i64 25, i64 18446744073709551615"   --->   Operation 60 'specmemcore' 'specmemcore_ln0' <Predicate = true> <Delay = 0.00>
ST_9 : Operation 61 [1/1] (0.00ns)   --->   "%specmemcore_ln0 = specmemcore void @_ssdm_op_SpecMemCore, i32 %conv3_weights_local_5_0_0, i64 666, i64 25, i64 18446744073709551615"   --->   Operation 61 'specmemcore' 'specmemcore_ln0' <Predicate = true> <Delay = 0.00>
ST_9 : Operation 62 [1/1] (0.00ns)   --->   "%specmemcore_ln0 = specmemcore void @_ssdm_op_SpecMemCore, i32 %conv3_weights_local_5_0_1, i64 666, i64 25, i64 18446744073709551615"   --->   Operation 62 'specmemcore' 'specmemcore_ln0' <Predicate = true> <Delay = 0.00>
ST_9 : Operation 63 [1/1] (0.00ns)   --->   "%specmemcore_ln0 = specmemcore void @_ssdm_op_SpecMemCore, i32 %conv3_weights_local_5_1_0, i64 666, i64 25, i64 18446744073709551615"   --->   Operation 63 'specmemcore' 'specmemcore_ln0' <Predicate = true> <Delay = 0.00>
ST_9 : Operation 64 [1/1] (0.00ns)   --->   "%specmemcore_ln0 = specmemcore void @_ssdm_op_SpecMemCore, i32 %conv3_weights_local_5_1_1, i64 666, i64 25, i64 18446744073709551615"   --->   Operation 64 'specmemcore' 'specmemcore_ln0' <Predicate = true> <Delay = 0.00>
ST_9 : Operation 65 [1/1] (0.00ns)   --->   "%specmemcore_ln0 = specmemcore void @_ssdm_op_SpecMemCore, i32 %conv3_weights_local_6_0_0, i64 666, i64 25, i64 18446744073709551615"   --->   Operation 65 'specmemcore' 'specmemcore_ln0' <Predicate = true> <Delay = 0.00>
ST_9 : Operation 66 [1/1] (0.00ns)   --->   "%specmemcore_ln0 = specmemcore void @_ssdm_op_SpecMemCore, i32 %conv3_weights_local_6_0_1, i64 666, i64 25, i64 18446744073709551615"   --->   Operation 66 'specmemcore' 'specmemcore_ln0' <Predicate = true> <Delay = 0.00>
ST_9 : Operation 67 [1/1] (0.00ns)   --->   "%specmemcore_ln0 = specmemcore void @_ssdm_op_SpecMemCore, i32 %conv3_weights_local_6_1_0, i64 666, i64 25, i64 18446744073709551615"   --->   Operation 67 'specmemcore' 'specmemcore_ln0' <Predicate = true> <Delay = 0.00>
ST_9 : Operation 68 [1/1] (0.00ns)   --->   "%specmemcore_ln0 = specmemcore void @_ssdm_op_SpecMemCore, i32 %conv3_weights_local_6_1_1, i64 666, i64 25, i64 18446744073709551615"   --->   Operation 68 'specmemcore' 'specmemcore_ln0' <Predicate = true> <Delay = 0.00>
ST_9 : Operation 69 [1/1] (0.00ns)   --->   "%specmemcore_ln0 = specmemcore void @_ssdm_op_SpecMemCore, i32 %conv3_weights_local_7_0_0, i64 666, i64 25, i64 18446744073709551615"   --->   Operation 69 'specmemcore' 'specmemcore_ln0' <Predicate = true> <Delay = 0.00>
ST_9 : Operation 70 [1/1] (0.00ns)   --->   "%specmemcore_ln0 = specmemcore void @_ssdm_op_SpecMemCore, i32 %conv3_weights_local_7_0_1, i64 666, i64 25, i64 18446744073709551615"   --->   Operation 70 'specmemcore' 'specmemcore_ln0' <Predicate = true> <Delay = 0.00>
ST_9 : Operation 71 [1/1] (0.00ns)   --->   "%specmemcore_ln0 = specmemcore void @_ssdm_op_SpecMemCore, i32 %conv3_weights_local_7_1_0, i64 666, i64 25, i64 18446744073709551615"   --->   Operation 71 'specmemcore' 'specmemcore_ln0' <Predicate = true> <Delay = 0.00>
ST_9 : Operation 72 [1/1] (0.00ns)   --->   "%specmemcore_ln0 = specmemcore void @_ssdm_op_SpecMemCore, i32 %conv3_weights_local_7_1_1, i64 666, i64 25, i64 18446744073709551615"   --->   Operation 72 'specmemcore' 'specmemcore_ln0' <Predicate = true> <Delay = 0.00>
ST_9 : Operation 73 [1/1] (0.00ns)   --->   "%specmemcore_ln0 = specmemcore void @_ssdm_op_SpecMemCore, i32 %conv2_biases_local, i64 666, i64 25, i64 18446744073709551615"   --->   Operation 73 'specmemcore' 'specmemcore_ln0' <Predicate = true> <Delay = 0.00>
ST_9 : Operation 74 [1/1] (0.00ns)   --->   "%specmemcore_ln0 = specmemcore void @_ssdm_op_SpecMemCore, i32 %conv2_weights_local_0_0, i64 666, i64 25, i64 18446744073709551615"   --->   Operation 74 'specmemcore' 'specmemcore_ln0' <Predicate = true> <Delay = 0.00>
ST_9 : Operation 75 [1/1] (0.00ns)   --->   "%specmemcore_ln0 = specmemcore void @_ssdm_op_SpecMemCore, i32 %conv2_weights_local_0_1, i64 666, i64 25, i64 18446744073709551615"   --->   Operation 75 'specmemcore' 'specmemcore_ln0' <Predicate = true> <Delay = 0.00>
ST_9 : Operation 76 [1/1] (0.00ns)   --->   "%specmemcore_ln0 = specmemcore void @_ssdm_op_SpecMemCore, i32 %conv2_weights_local_1_0, i64 666, i64 25, i64 18446744073709551615"   --->   Operation 76 'specmemcore' 'specmemcore_ln0' <Predicate = true> <Delay = 0.00>
ST_9 : Operation 77 [1/1] (0.00ns)   --->   "%specmemcore_ln0 = specmemcore void @_ssdm_op_SpecMemCore, i32 %conv2_weights_local_1_1, i64 666, i64 25, i64 18446744073709551615"   --->   Operation 77 'specmemcore' 'specmemcore_ln0' <Predicate = true> <Delay = 0.00>
ST_9 : Operation 78 [1/1] (0.00ns)   --->   "%specmemcore_ln0 = specmemcore void @_ssdm_op_SpecMemCore, i32 %conv1_biases_local, i64 666, i64 25, i64 18446744073709551615"   --->   Operation 78 'specmemcore' 'specmemcore_ln0' <Predicate = true> <Delay = 0.00>
ST_9 : Operation 79 [1/1] (0.00ns)   --->   "%specmemcore_ln0 = specmemcore void @_ssdm_op_SpecMemCore, i32 %conv1_weights_local_0_0_0, i64 666, i64 27, i64 18446744073709551615"   --->   Operation 79 'specmemcore' 'specmemcore_ln0' <Predicate = true> <Delay = 0.00>
ST_9 : Operation 80 [1/1] (0.00ns)   --->   "%specmemcore_ln0 = specmemcore void @_ssdm_op_SpecMemCore, i32 %conv1_weights_local_0_0_1, i64 666, i64 27, i64 18446744073709551615"   --->   Operation 80 'specmemcore' 'specmemcore_ln0' <Predicate = true> <Delay = 0.00>
ST_9 : Operation 81 [1/1] (0.00ns)   --->   "%specmemcore_ln0 = specmemcore void @_ssdm_op_SpecMemCore, i32 %conv1_weights_local_0_0_2, i64 666, i64 27, i64 18446744073709551615"   --->   Operation 81 'specmemcore' 'specmemcore_ln0' <Predicate = true> <Delay = 0.00>
ST_9 : Operation 82 [1/1] (0.00ns)   --->   "%specmemcore_ln0 = specmemcore void @_ssdm_op_SpecMemCore, i32 %conv1_weights_local_0_0_3, i64 666, i64 27, i64 18446744073709551615"   --->   Operation 82 'specmemcore' 'specmemcore_ln0' <Predicate = true> <Delay = 0.00>
ST_9 : Operation 83 [1/1] (0.00ns)   --->   "%specmemcore_ln0 = specmemcore void @_ssdm_op_SpecMemCore, i32 %conv1_weights_local_0_0_4, i64 666, i64 27, i64 18446744073709551615"   --->   Operation 83 'specmemcore' 'specmemcore_ln0' <Predicate = true> <Delay = 0.00>
ST_9 : Operation 84 [1/1] (0.00ns)   --->   "%specmemcore_ln0 = specmemcore void @_ssdm_op_SpecMemCore, i32 %conv1_weights_local_0_0_5, i64 666, i64 27, i64 18446744073709551615"   --->   Operation 84 'specmemcore' 'specmemcore_ln0' <Predicate = true> <Delay = 0.00>
ST_9 : Operation 85 [1/1] (0.00ns)   --->   "%specmemcore_ln0 = specmemcore void @_ssdm_op_SpecMemCore, i32 %conv1_weights_local_0_0_6, i64 666, i64 27, i64 18446744073709551615"   --->   Operation 85 'specmemcore' 'specmemcore_ln0' <Predicate = true> <Delay = 0.00>
ST_9 : Operation 86 [1/1] (0.00ns)   --->   "%specmemcore_ln0 = specmemcore void @_ssdm_op_SpecMemCore, i32 %conv1_weights_local_0_0_7, i64 666, i64 27, i64 18446744073709551615"   --->   Operation 86 'specmemcore' 'specmemcore_ln0' <Predicate = true> <Delay = 0.00>
ST_9 : Operation 87 [1/1] (0.00ns)   --->   "%specmemcore_ln0 = specmemcore void @_ssdm_op_SpecMemCore, i32 %conv1_weights_local_0_0_8, i64 666, i64 27, i64 18446744073709551615"   --->   Operation 87 'specmemcore' 'specmemcore_ln0' <Predicate = true> <Delay = 0.00>
ST_9 : Operation 88 [1/1] (0.00ns)   --->   "%specmemcore_ln0 = specmemcore void @_ssdm_op_SpecMemCore, i32 %conv1_weights_local_0_1_0, i64 666, i64 27, i64 18446744073709551615"   --->   Operation 88 'specmemcore' 'specmemcore_ln0' <Predicate = true> <Delay = 0.00>
ST_9 : Operation 89 [1/1] (0.00ns)   --->   "%specmemcore_ln0 = specmemcore void @_ssdm_op_SpecMemCore, i32 %conv1_weights_local_0_1_1, i64 666, i64 27, i64 18446744073709551615"   --->   Operation 89 'specmemcore' 'specmemcore_ln0' <Predicate = true> <Delay = 0.00>
ST_9 : Operation 90 [1/1] (0.00ns)   --->   "%specmemcore_ln0 = specmemcore void @_ssdm_op_SpecMemCore, i32 %conv1_weights_local_0_1_2, i64 666, i64 27, i64 18446744073709551615"   --->   Operation 90 'specmemcore' 'specmemcore_ln0' <Predicate = true> <Delay = 0.00>
ST_9 : Operation 91 [1/1] (0.00ns)   --->   "%specmemcore_ln0 = specmemcore void @_ssdm_op_SpecMemCore, i32 %conv1_weights_local_0_1_3, i64 666, i64 27, i64 18446744073709551615"   --->   Operation 91 'specmemcore' 'specmemcore_ln0' <Predicate = true> <Delay = 0.00>
ST_9 : Operation 92 [1/1] (0.00ns)   --->   "%specmemcore_ln0 = specmemcore void @_ssdm_op_SpecMemCore, i32 %conv1_weights_local_0_1_4, i64 666, i64 27, i64 18446744073709551615"   --->   Operation 92 'specmemcore' 'specmemcore_ln0' <Predicate = true> <Delay = 0.00>
ST_9 : Operation 93 [1/1] (0.00ns)   --->   "%specmemcore_ln0 = specmemcore void @_ssdm_op_SpecMemCore, i32 %conv1_weights_local_0_1_5, i64 666, i64 27, i64 18446744073709551615"   --->   Operation 93 'specmemcore' 'specmemcore_ln0' <Predicate = true> <Delay = 0.00>
ST_9 : Operation 94 [1/1] (0.00ns)   --->   "%specmemcore_ln0 = specmemcore void @_ssdm_op_SpecMemCore, i32 %conv1_weights_local_0_1_6, i64 666, i64 27, i64 18446744073709551615"   --->   Operation 94 'specmemcore' 'specmemcore_ln0' <Predicate = true> <Delay = 0.00>
ST_9 : Operation 95 [1/1] (0.00ns)   --->   "%specmemcore_ln0 = specmemcore void @_ssdm_op_SpecMemCore, i32 %conv1_weights_local_0_1_7, i64 666, i64 27, i64 18446744073709551615"   --->   Operation 95 'specmemcore' 'specmemcore_ln0' <Predicate = true> <Delay = 0.00>
ST_9 : Operation 96 [1/1] (0.00ns)   --->   "%specmemcore_ln0 = specmemcore void @_ssdm_op_SpecMemCore, i32 %conv1_weights_local_0_1_8, i64 666, i64 27, i64 18446744073709551615"   --->   Operation 96 'specmemcore' 'specmemcore_ln0' <Predicate = true> <Delay = 0.00>
ST_9 : Operation 97 [1/1] (0.00ns)   --->   "%specmemcore_ln0 = specmemcore void @_ssdm_op_SpecMemCore, i32 %conv1_weights_local_0_2_0, i64 666, i64 27, i64 18446744073709551615"   --->   Operation 97 'specmemcore' 'specmemcore_ln0' <Predicate = true> <Delay = 0.00>
ST_9 : Operation 98 [1/1] (0.00ns)   --->   "%specmemcore_ln0 = specmemcore void @_ssdm_op_SpecMemCore, i32 %conv1_weights_local_0_2_1, i64 666, i64 27, i64 18446744073709551615"   --->   Operation 98 'specmemcore' 'specmemcore_ln0' <Predicate = true> <Delay = 0.00>
ST_9 : Operation 99 [1/1] (0.00ns)   --->   "%specmemcore_ln0 = specmemcore void @_ssdm_op_SpecMemCore, i32 %conv1_weights_local_0_2_2, i64 666, i64 27, i64 18446744073709551615"   --->   Operation 99 'specmemcore' 'specmemcore_ln0' <Predicate = true> <Delay = 0.00>
ST_9 : Operation 100 [1/1] (0.00ns)   --->   "%specmemcore_ln0 = specmemcore void @_ssdm_op_SpecMemCore, i32 %conv1_weights_local_0_2_3, i64 666, i64 27, i64 18446744073709551615"   --->   Operation 100 'specmemcore' 'specmemcore_ln0' <Predicate = true> <Delay = 0.00>
ST_9 : Operation 101 [1/1] (0.00ns)   --->   "%specmemcore_ln0 = specmemcore void @_ssdm_op_SpecMemCore, i32 %conv1_weights_local_0_2_4, i64 666, i64 27, i64 18446744073709551615"   --->   Operation 101 'specmemcore' 'specmemcore_ln0' <Predicate = true> <Delay = 0.00>
ST_9 : Operation 102 [1/1] (0.00ns)   --->   "%specmemcore_ln0 = specmemcore void @_ssdm_op_SpecMemCore, i32 %conv1_weights_local_0_2_5, i64 666, i64 27, i64 18446744073709551615"   --->   Operation 102 'specmemcore' 'specmemcore_ln0' <Predicate = true> <Delay = 0.00>
ST_9 : Operation 103 [1/1] (0.00ns)   --->   "%specmemcore_ln0 = specmemcore void @_ssdm_op_SpecMemCore, i32 %conv1_weights_local_0_2_6, i64 666, i64 27, i64 18446744073709551615"   --->   Operation 103 'specmemcore' 'specmemcore_ln0' <Predicate = true> <Delay = 0.00>
ST_9 : Operation 104 [1/1] (0.00ns)   --->   "%specmemcore_ln0 = specmemcore void @_ssdm_op_SpecMemCore, i32 %conv1_weights_local_0_2_7, i64 666, i64 27, i64 18446744073709551615"   --->   Operation 104 'specmemcore' 'specmemcore_ln0' <Predicate = true> <Delay = 0.00>
ST_9 : Operation 105 [1/1] (0.00ns)   --->   "%specmemcore_ln0 = specmemcore void @_ssdm_op_SpecMemCore, i32 %conv1_weights_local_0_2_8, i64 666, i64 27, i64 18446744073709551615"   --->   Operation 105 'specmemcore' 'specmemcore_ln0' <Predicate = true> <Delay = 0.00>
ST_9 : Operation 106 [1/1] (0.00ns)   --->   "%specmemcore_ln0 = specmemcore void @_ssdm_op_SpecMemCore, i32 %conv1_weights_local_0_3_0, i64 666, i64 27, i64 18446744073709551615"   --->   Operation 106 'specmemcore' 'specmemcore_ln0' <Predicate = true> <Delay = 0.00>
ST_9 : Operation 107 [1/1] (0.00ns)   --->   "%specmemcore_ln0 = specmemcore void @_ssdm_op_SpecMemCore, i32 %conv1_weights_local_0_3_1, i64 666, i64 27, i64 18446744073709551615"   --->   Operation 107 'specmemcore' 'specmemcore_ln0' <Predicate = true> <Delay = 0.00>
ST_9 : Operation 108 [1/1] (0.00ns)   --->   "%specmemcore_ln0 = specmemcore void @_ssdm_op_SpecMemCore, i32 %conv1_weights_local_0_3_2, i64 666, i64 27, i64 18446744073709551615"   --->   Operation 108 'specmemcore' 'specmemcore_ln0' <Predicate = true> <Delay = 0.00>
ST_9 : Operation 109 [1/1] (0.00ns)   --->   "%specmemcore_ln0 = specmemcore void @_ssdm_op_SpecMemCore, i32 %conv1_weights_local_0_3_3, i64 666, i64 27, i64 18446744073709551615"   --->   Operation 109 'specmemcore' 'specmemcore_ln0' <Predicate = true> <Delay = 0.00>
ST_9 : Operation 110 [1/1] (0.00ns)   --->   "%specmemcore_ln0 = specmemcore void @_ssdm_op_SpecMemCore, i32 %conv1_weights_local_0_3_4, i64 666, i64 27, i64 18446744073709551615"   --->   Operation 110 'specmemcore' 'specmemcore_ln0' <Predicate = true> <Delay = 0.00>
ST_9 : Operation 111 [1/1] (0.00ns)   --->   "%specmemcore_ln0 = specmemcore void @_ssdm_op_SpecMemCore, i32 %conv1_weights_local_0_3_5, i64 666, i64 27, i64 18446744073709551615"   --->   Operation 111 'specmemcore' 'specmemcore_ln0' <Predicate = true> <Delay = 0.00>
ST_9 : Operation 112 [1/1] (0.00ns)   --->   "%specmemcore_ln0 = specmemcore void @_ssdm_op_SpecMemCore, i32 %conv1_weights_local_0_3_6, i64 666, i64 27, i64 18446744073709551615"   --->   Operation 112 'specmemcore' 'specmemcore_ln0' <Predicate = true> <Delay = 0.00>
ST_9 : Operation 113 [1/1] (0.00ns)   --->   "%specmemcore_ln0 = specmemcore void @_ssdm_op_SpecMemCore, i32 %conv1_weights_local_0_3_7, i64 666, i64 27, i64 18446744073709551615"   --->   Operation 113 'specmemcore' 'specmemcore_ln0' <Predicate = true> <Delay = 0.00>
ST_9 : Operation 114 [1/1] (0.00ns)   --->   "%specmemcore_ln0 = specmemcore void @_ssdm_op_SpecMemCore, i32 %conv1_weights_local_0_3_8, i64 666, i64 27, i64 18446744073709551615"   --->   Operation 114 'specmemcore' 'specmemcore_ln0' <Predicate = true> <Delay = 0.00>
ST_9 : Operation 115 [1/1] (0.00ns)   --->   "%specmemcore_ln0 = specmemcore void @_ssdm_op_SpecMemCore, i32 %conv1_weights_local_0_4_0, i64 666, i64 27, i64 18446744073709551615"   --->   Operation 115 'specmemcore' 'specmemcore_ln0' <Predicate = true> <Delay = 0.00>
ST_9 : Operation 116 [1/1] (0.00ns)   --->   "%specmemcore_ln0 = specmemcore void @_ssdm_op_SpecMemCore, i32 %conv1_weights_local_0_4_1, i64 666, i64 27, i64 18446744073709551615"   --->   Operation 116 'specmemcore' 'specmemcore_ln0' <Predicate = true> <Delay = 0.00>
ST_9 : Operation 117 [1/1] (0.00ns)   --->   "%specmemcore_ln0 = specmemcore void @_ssdm_op_SpecMemCore, i32 %conv1_weights_local_0_4_2, i64 666, i64 27, i64 18446744073709551615"   --->   Operation 117 'specmemcore' 'specmemcore_ln0' <Predicate = true> <Delay = 0.00>
ST_9 : Operation 118 [1/1] (0.00ns)   --->   "%specmemcore_ln0 = specmemcore void @_ssdm_op_SpecMemCore, i32 %conv1_weights_local_0_4_3, i64 666, i64 27, i64 18446744073709551615"   --->   Operation 118 'specmemcore' 'specmemcore_ln0' <Predicate = true> <Delay = 0.00>
ST_9 : Operation 119 [1/1] (0.00ns)   --->   "%specmemcore_ln0 = specmemcore void @_ssdm_op_SpecMemCore, i32 %conv1_weights_local_0_4_4, i64 666, i64 27, i64 18446744073709551615"   --->   Operation 119 'specmemcore' 'specmemcore_ln0' <Predicate = true> <Delay = 0.00>
ST_9 : Operation 120 [1/1] (0.00ns)   --->   "%specmemcore_ln0 = specmemcore void @_ssdm_op_SpecMemCore, i32 %conv1_weights_local_0_4_5, i64 666, i64 27, i64 18446744073709551615"   --->   Operation 120 'specmemcore' 'specmemcore_ln0' <Predicate = true> <Delay = 0.00>
ST_9 : Operation 121 [1/1] (0.00ns)   --->   "%specmemcore_ln0 = specmemcore void @_ssdm_op_SpecMemCore, i32 %conv1_weights_local_0_4_6, i64 666, i64 27, i64 18446744073709551615"   --->   Operation 121 'specmemcore' 'specmemcore_ln0' <Predicate = true> <Delay = 0.00>
ST_9 : Operation 122 [1/1] (0.00ns)   --->   "%specmemcore_ln0 = specmemcore void @_ssdm_op_SpecMemCore, i32 %conv1_weights_local_0_4_7, i64 666, i64 27, i64 18446744073709551615"   --->   Operation 122 'specmemcore' 'specmemcore_ln0' <Predicate = true> <Delay = 0.00>
ST_9 : Operation 123 [1/1] (0.00ns)   --->   "%specmemcore_ln0 = specmemcore void @_ssdm_op_SpecMemCore, i32 %conv1_weights_local_0_4_8, i64 666, i64 27, i64 18446744073709551615"   --->   Operation 123 'specmemcore' 'specmemcore_ln0' <Predicate = true> <Delay = 0.00>
ST_9 : Operation 124 [1/1] (0.00ns)   --->   "%specmemcore_ln0 = specmemcore void @_ssdm_op_SpecMemCore, i32 %conv1_weights_local_0_5_0, i64 666, i64 27, i64 18446744073709551615"   --->   Operation 124 'specmemcore' 'specmemcore_ln0' <Predicate = true> <Delay = 0.00>
ST_9 : Operation 125 [1/1] (0.00ns)   --->   "%specmemcore_ln0 = specmemcore void @_ssdm_op_SpecMemCore, i32 %conv1_weights_local_0_5_1, i64 666, i64 27, i64 18446744073709551615"   --->   Operation 125 'specmemcore' 'specmemcore_ln0' <Predicate = true> <Delay = 0.00>
ST_9 : Operation 126 [1/1] (0.00ns)   --->   "%specmemcore_ln0 = specmemcore void @_ssdm_op_SpecMemCore, i32 %conv1_weights_local_0_5_2, i64 666, i64 27, i64 18446744073709551615"   --->   Operation 126 'specmemcore' 'specmemcore_ln0' <Predicate = true> <Delay = 0.00>
ST_9 : Operation 127 [1/1] (0.00ns)   --->   "%specmemcore_ln0 = specmemcore void @_ssdm_op_SpecMemCore, i32 %conv1_weights_local_0_5_3, i64 666, i64 27, i64 18446744073709551615"   --->   Operation 127 'specmemcore' 'specmemcore_ln0' <Predicate = true> <Delay = 0.00>
ST_9 : Operation 128 [1/1] (0.00ns)   --->   "%specmemcore_ln0 = specmemcore void @_ssdm_op_SpecMemCore, i32 %conv1_weights_local_0_5_4, i64 666, i64 27, i64 18446744073709551615"   --->   Operation 128 'specmemcore' 'specmemcore_ln0' <Predicate = true> <Delay = 0.00>
ST_9 : Operation 129 [1/1] (0.00ns)   --->   "%specmemcore_ln0 = specmemcore void @_ssdm_op_SpecMemCore, i32 %conv1_weights_local_0_5_5, i64 666, i64 27, i64 18446744073709551615"   --->   Operation 129 'specmemcore' 'specmemcore_ln0' <Predicate = true> <Delay = 0.00>
ST_9 : Operation 130 [1/1] (0.00ns)   --->   "%specmemcore_ln0 = specmemcore void @_ssdm_op_SpecMemCore, i32 %conv1_weights_local_0_5_6, i64 666, i64 27, i64 18446744073709551615"   --->   Operation 130 'specmemcore' 'specmemcore_ln0' <Predicate = true> <Delay = 0.00>
ST_9 : Operation 131 [1/1] (0.00ns)   --->   "%specmemcore_ln0 = specmemcore void @_ssdm_op_SpecMemCore, i32 %conv1_weights_local_0_5_7, i64 666, i64 27, i64 18446744073709551615"   --->   Operation 131 'specmemcore' 'specmemcore_ln0' <Predicate = true> <Delay = 0.00>
ST_9 : Operation 132 [1/1] (0.00ns)   --->   "%specmemcore_ln0 = specmemcore void @_ssdm_op_SpecMemCore, i32 %conv1_weights_local_0_5_8, i64 666, i64 27, i64 18446744073709551615"   --->   Operation 132 'specmemcore' 'specmemcore_ln0' <Predicate = true> <Delay = 0.00>
ST_9 : Operation 133 [1/1] (0.00ns)   --->   "%specmemcore_ln0 = specmemcore void @_ssdm_op_SpecMemCore, i32 %conv1_weights_local_0_6_0, i64 666, i64 27, i64 18446744073709551615"   --->   Operation 133 'specmemcore' 'specmemcore_ln0' <Predicate = true> <Delay = 0.00>
ST_9 : Operation 134 [1/1] (0.00ns)   --->   "%specmemcore_ln0 = specmemcore void @_ssdm_op_SpecMemCore, i32 %conv1_weights_local_0_6_1, i64 666, i64 27, i64 18446744073709551615"   --->   Operation 134 'specmemcore' 'specmemcore_ln0' <Predicate = true> <Delay = 0.00>
ST_9 : Operation 135 [1/1] (0.00ns)   --->   "%specmemcore_ln0 = specmemcore void @_ssdm_op_SpecMemCore, i32 %conv1_weights_local_0_6_2, i64 666, i64 27, i64 18446744073709551615"   --->   Operation 135 'specmemcore' 'specmemcore_ln0' <Predicate = true> <Delay = 0.00>
ST_9 : Operation 136 [1/1] (0.00ns)   --->   "%specmemcore_ln0 = specmemcore void @_ssdm_op_SpecMemCore, i32 %conv1_weights_local_0_6_3, i64 666, i64 27, i64 18446744073709551615"   --->   Operation 136 'specmemcore' 'specmemcore_ln0' <Predicate = true> <Delay = 0.00>
ST_9 : Operation 137 [1/1] (0.00ns)   --->   "%specmemcore_ln0 = specmemcore void @_ssdm_op_SpecMemCore, i32 %conv1_weights_local_0_6_4, i64 666, i64 27, i64 18446744073709551615"   --->   Operation 137 'specmemcore' 'specmemcore_ln0' <Predicate = true> <Delay = 0.00>
ST_9 : Operation 138 [1/1] (0.00ns)   --->   "%specmemcore_ln0 = specmemcore void @_ssdm_op_SpecMemCore, i32 %conv1_weights_local_0_6_5, i64 666, i64 27, i64 18446744073709551615"   --->   Operation 138 'specmemcore' 'specmemcore_ln0' <Predicate = true> <Delay = 0.00>
ST_9 : Operation 139 [1/1] (0.00ns)   --->   "%specmemcore_ln0 = specmemcore void @_ssdm_op_SpecMemCore, i32 %conv1_weights_local_0_6_6, i64 666, i64 27, i64 18446744073709551615"   --->   Operation 139 'specmemcore' 'specmemcore_ln0' <Predicate = true> <Delay = 0.00>
ST_9 : Operation 140 [1/1] (0.00ns)   --->   "%specmemcore_ln0 = specmemcore void @_ssdm_op_SpecMemCore, i32 %conv1_weights_local_0_6_7, i64 666, i64 27, i64 18446744073709551615"   --->   Operation 140 'specmemcore' 'specmemcore_ln0' <Predicate = true> <Delay = 0.00>
ST_9 : Operation 141 [1/1] (0.00ns)   --->   "%specmemcore_ln0 = specmemcore void @_ssdm_op_SpecMemCore, i32 %conv1_weights_local_0_6_8, i64 666, i64 27, i64 18446744073709551615"   --->   Operation 141 'specmemcore' 'specmemcore_ln0' <Predicate = true> <Delay = 0.00>
ST_9 : Operation 142 [1/1] (0.00ns)   --->   "%specmemcore_ln0 = specmemcore void @_ssdm_op_SpecMemCore, i32 %conv1_weights_local_0_7_0, i64 666, i64 27, i64 18446744073709551615"   --->   Operation 142 'specmemcore' 'specmemcore_ln0' <Predicate = true> <Delay = 0.00>
ST_9 : Operation 143 [1/1] (0.00ns)   --->   "%specmemcore_ln0 = specmemcore void @_ssdm_op_SpecMemCore, i32 %conv1_weights_local_0_7_1, i64 666, i64 27, i64 18446744073709551615"   --->   Operation 143 'specmemcore' 'specmemcore_ln0' <Predicate = true> <Delay = 0.00>
ST_9 : Operation 144 [1/1] (0.00ns)   --->   "%specmemcore_ln0 = specmemcore void @_ssdm_op_SpecMemCore, i32 %conv1_weights_local_0_7_2, i64 666, i64 27, i64 18446744073709551615"   --->   Operation 144 'specmemcore' 'specmemcore_ln0' <Predicate = true> <Delay = 0.00>
ST_9 : Operation 145 [1/1] (0.00ns)   --->   "%specmemcore_ln0 = specmemcore void @_ssdm_op_SpecMemCore, i32 %conv1_weights_local_0_7_3, i64 666, i64 27, i64 18446744073709551615"   --->   Operation 145 'specmemcore' 'specmemcore_ln0' <Predicate = true> <Delay = 0.00>
ST_9 : Operation 146 [1/1] (0.00ns)   --->   "%specmemcore_ln0 = specmemcore void @_ssdm_op_SpecMemCore, i32 %conv1_weights_local_0_7_4, i64 666, i64 27, i64 18446744073709551615"   --->   Operation 146 'specmemcore' 'specmemcore_ln0' <Predicate = true> <Delay = 0.00>
ST_9 : Operation 147 [1/1] (0.00ns)   --->   "%specmemcore_ln0 = specmemcore void @_ssdm_op_SpecMemCore, i32 %conv1_weights_local_0_7_5, i64 666, i64 27, i64 18446744073709551615"   --->   Operation 147 'specmemcore' 'specmemcore_ln0' <Predicate = true> <Delay = 0.00>
ST_9 : Operation 148 [1/1] (0.00ns)   --->   "%specmemcore_ln0 = specmemcore void @_ssdm_op_SpecMemCore, i32 %conv1_weights_local_0_7_6, i64 666, i64 27, i64 18446744073709551615"   --->   Operation 148 'specmemcore' 'specmemcore_ln0' <Predicate = true> <Delay = 0.00>
ST_9 : Operation 149 [1/1] (0.00ns)   --->   "%specmemcore_ln0 = specmemcore void @_ssdm_op_SpecMemCore, i32 %conv1_weights_local_0_7_7, i64 666, i64 27, i64 18446744073709551615"   --->   Operation 149 'specmemcore' 'specmemcore_ln0' <Predicate = true> <Delay = 0.00>
ST_9 : Operation 150 [1/1] (0.00ns)   --->   "%specmemcore_ln0 = specmemcore void @_ssdm_op_SpecMemCore, i32 %conv1_weights_local_0_7_8, i64 666, i64 27, i64 18446744073709551615"   --->   Operation 150 'specmemcore' 'specmemcore_ln0' <Predicate = true> <Delay = 0.00>
ST_9 : Operation 151 [1/1] (0.00ns)   --->   "%specmemcore_ln0 = specmemcore void @_ssdm_op_SpecMemCore, i32 %conv1_weights_local_0_8_0, i64 666, i64 27, i64 18446744073709551615"   --->   Operation 151 'specmemcore' 'specmemcore_ln0' <Predicate = true> <Delay = 0.00>
ST_9 : Operation 152 [1/1] (0.00ns)   --->   "%specmemcore_ln0 = specmemcore void @_ssdm_op_SpecMemCore, i32 %conv1_weights_local_0_8_1, i64 666, i64 27, i64 18446744073709551615"   --->   Operation 152 'specmemcore' 'specmemcore_ln0' <Predicate = true> <Delay = 0.00>
ST_9 : Operation 153 [1/1] (0.00ns)   --->   "%specmemcore_ln0 = specmemcore void @_ssdm_op_SpecMemCore, i32 %conv1_weights_local_0_8_2, i64 666, i64 27, i64 18446744073709551615"   --->   Operation 153 'specmemcore' 'specmemcore_ln0' <Predicate = true> <Delay = 0.00>
ST_9 : Operation 154 [1/1] (0.00ns)   --->   "%specmemcore_ln0 = specmemcore void @_ssdm_op_SpecMemCore, i32 %conv1_weights_local_0_8_3, i64 666, i64 27, i64 18446744073709551615"   --->   Operation 154 'specmemcore' 'specmemcore_ln0' <Predicate = true> <Delay = 0.00>
ST_9 : Operation 155 [1/1] (0.00ns)   --->   "%specmemcore_ln0 = specmemcore void @_ssdm_op_SpecMemCore, i32 %conv1_weights_local_0_8_4, i64 666, i64 27, i64 18446744073709551615"   --->   Operation 155 'specmemcore' 'specmemcore_ln0' <Predicate = true> <Delay = 0.00>
ST_9 : Operation 156 [1/1] (0.00ns)   --->   "%specmemcore_ln0 = specmemcore void @_ssdm_op_SpecMemCore, i32 %conv1_weights_local_0_8_5, i64 666, i64 27, i64 18446744073709551615"   --->   Operation 156 'specmemcore' 'specmemcore_ln0' <Predicate = true> <Delay = 0.00>
ST_9 : Operation 157 [1/1] (0.00ns)   --->   "%specmemcore_ln0 = specmemcore void @_ssdm_op_SpecMemCore, i32 %conv1_weights_local_0_8_6, i64 666, i64 27, i64 18446744073709551615"   --->   Operation 157 'specmemcore' 'specmemcore_ln0' <Predicate = true> <Delay = 0.00>
ST_9 : Operation 158 [1/1] (0.00ns)   --->   "%specmemcore_ln0 = specmemcore void @_ssdm_op_SpecMemCore, i32 %conv1_weights_local_0_8_7, i64 666, i64 27, i64 18446744073709551615"   --->   Operation 158 'specmemcore' 'specmemcore_ln0' <Predicate = true> <Delay = 0.00>
ST_9 : Operation 159 [1/1] (0.00ns)   --->   "%specmemcore_ln0 = specmemcore void @_ssdm_op_SpecMemCore, i32 %conv1_weights_local_0_8_8, i64 666, i64 27, i64 18446744073709551615"   --->   Operation 159 'specmemcore' 'specmemcore_ln0' <Predicate = true> <Delay = 0.00>
ST_9 : Operation 160 [1/1] (0.00ns)   --->   "%specmemcore_ln0 = specmemcore void @_ssdm_op_SpecMemCore, i32 %conv1_weights_local_1_0_0, i64 666, i64 27, i64 18446744073709551615"   --->   Operation 160 'specmemcore' 'specmemcore_ln0' <Predicate = true> <Delay = 0.00>
ST_9 : Operation 161 [1/1] (0.00ns)   --->   "%specmemcore_ln0 = specmemcore void @_ssdm_op_SpecMemCore, i32 %conv1_weights_local_1_0_1, i64 666, i64 27, i64 18446744073709551615"   --->   Operation 161 'specmemcore' 'specmemcore_ln0' <Predicate = true> <Delay = 0.00>
ST_9 : Operation 162 [1/1] (0.00ns)   --->   "%specmemcore_ln0 = specmemcore void @_ssdm_op_SpecMemCore, i32 %conv1_weights_local_1_0_2, i64 666, i64 27, i64 18446744073709551615"   --->   Operation 162 'specmemcore' 'specmemcore_ln0' <Predicate = true> <Delay = 0.00>
ST_9 : Operation 163 [1/1] (0.00ns)   --->   "%specmemcore_ln0 = specmemcore void @_ssdm_op_SpecMemCore, i32 %conv1_weights_local_1_0_3, i64 666, i64 27, i64 18446744073709551615"   --->   Operation 163 'specmemcore' 'specmemcore_ln0' <Predicate = true> <Delay = 0.00>
ST_9 : Operation 164 [1/1] (0.00ns)   --->   "%specmemcore_ln0 = specmemcore void @_ssdm_op_SpecMemCore, i32 %conv1_weights_local_1_0_4, i64 666, i64 27, i64 18446744073709551615"   --->   Operation 164 'specmemcore' 'specmemcore_ln0' <Predicate = true> <Delay = 0.00>
ST_9 : Operation 165 [1/1] (0.00ns)   --->   "%specmemcore_ln0 = specmemcore void @_ssdm_op_SpecMemCore, i32 %conv1_weights_local_1_0_5, i64 666, i64 27, i64 18446744073709551615"   --->   Operation 165 'specmemcore' 'specmemcore_ln0' <Predicate = true> <Delay = 0.00>
ST_9 : Operation 166 [1/1] (0.00ns)   --->   "%specmemcore_ln0 = specmemcore void @_ssdm_op_SpecMemCore, i32 %conv1_weights_local_1_0_6, i64 666, i64 27, i64 18446744073709551615"   --->   Operation 166 'specmemcore' 'specmemcore_ln0' <Predicate = true> <Delay = 0.00>
ST_9 : Operation 167 [1/1] (0.00ns)   --->   "%specmemcore_ln0 = specmemcore void @_ssdm_op_SpecMemCore, i32 %conv1_weights_local_1_0_7, i64 666, i64 27, i64 18446744073709551615"   --->   Operation 167 'specmemcore' 'specmemcore_ln0' <Predicate = true> <Delay = 0.00>
ST_9 : Operation 168 [1/1] (0.00ns)   --->   "%specmemcore_ln0 = specmemcore void @_ssdm_op_SpecMemCore, i32 %conv1_weights_local_1_0_8, i64 666, i64 27, i64 18446744073709551615"   --->   Operation 168 'specmemcore' 'specmemcore_ln0' <Predicate = true> <Delay = 0.00>
ST_9 : Operation 169 [1/1] (0.00ns)   --->   "%specmemcore_ln0 = specmemcore void @_ssdm_op_SpecMemCore, i32 %conv1_weights_local_1_1_0, i64 666, i64 27, i64 18446744073709551615"   --->   Operation 169 'specmemcore' 'specmemcore_ln0' <Predicate = true> <Delay = 0.00>
ST_9 : Operation 170 [1/1] (0.00ns)   --->   "%specmemcore_ln0 = specmemcore void @_ssdm_op_SpecMemCore, i32 %conv1_weights_local_1_1_1, i64 666, i64 27, i64 18446744073709551615"   --->   Operation 170 'specmemcore' 'specmemcore_ln0' <Predicate = true> <Delay = 0.00>
ST_9 : Operation 171 [1/1] (0.00ns)   --->   "%specmemcore_ln0 = specmemcore void @_ssdm_op_SpecMemCore, i32 %conv1_weights_local_1_1_2, i64 666, i64 27, i64 18446744073709551615"   --->   Operation 171 'specmemcore' 'specmemcore_ln0' <Predicate = true> <Delay = 0.00>
ST_9 : Operation 172 [1/1] (0.00ns)   --->   "%specmemcore_ln0 = specmemcore void @_ssdm_op_SpecMemCore, i32 %conv1_weights_local_1_1_3, i64 666, i64 27, i64 18446744073709551615"   --->   Operation 172 'specmemcore' 'specmemcore_ln0' <Predicate = true> <Delay = 0.00>
ST_9 : Operation 173 [1/1] (0.00ns)   --->   "%specmemcore_ln0 = specmemcore void @_ssdm_op_SpecMemCore, i32 %conv1_weights_local_1_1_4, i64 666, i64 27, i64 18446744073709551615"   --->   Operation 173 'specmemcore' 'specmemcore_ln0' <Predicate = true> <Delay = 0.00>
ST_9 : Operation 174 [1/1] (0.00ns)   --->   "%specmemcore_ln0 = specmemcore void @_ssdm_op_SpecMemCore, i32 %conv1_weights_local_1_1_5, i64 666, i64 27, i64 18446744073709551615"   --->   Operation 174 'specmemcore' 'specmemcore_ln0' <Predicate = true> <Delay = 0.00>
ST_9 : Operation 175 [1/1] (0.00ns)   --->   "%specmemcore_ln0 = specmemcore void @_ssdm_op_SpecMemCore, i32 %conv1_weights_local_1_1_6, i64 666, i64 27, i64 18446744073709551615"   --->   Operation 175 'specmemcore' 'specmemcore_ln0' <Predicate = true> <Delay = 0.00>
ST_9 : Operation 176 [1/1] (0.00ns)   --->   "%specmemcore_ln0 = specmemcore void @_ssdm_op_SpecMemCore, i32 %conv1_weights_local_1_1_7, i64 666, i64 27, i64 18446744073709551615"   --->   Operation 176 'specmemcore' 'specmemcore_ln0' <Predicate = true> <Delay = 0.00>
ST_9 : Operation 177 [1/1] (0.00ns)   --->   "%specmemcore_ln0 = specmemcore void @_ssdm_op_SpecMemCore, i32 %conv1_weights_local_1_1_8, i64 666, i64 27, i64 18446744073709551615"   --->   Operation 177 'specmemcore' 'specmemcore_ln0' <Predicate = true> <Delay = 0.00>
ST_9 : Operation 178 [1/1] (0.00ns)   --->   "%specmemcore_ln0 = specmemcore void @_ssdm_op_SpecMemCore, i32 %conv1_weights_local_1_2_0, i64 666, i64 27, i64 18446744073709551615"   --->   Operation 178 'specmemcore' 'specmemcore_ln0' <Predicate = true> <Delay = 0.00>
ST_9 : Operation 179 [1/1] (0.00ns)   --->   "%specmemcore_ln0 = specmemcore void @_ssdm_op_SpecMemCore, i32 %conv1_weights_local_1_2_1, i64 666, i64 27, i64 18446744073709551615"   --->   Operation 179 'specmemcore' 'specmemcore_ln0' <Predicate = true> <Delay = 0.00>
ST_9 : Operation 180 [1/1] (0.00ns)   --->   "%specmemcore_ln0 = specmemcore void @_ssdm_op_SpecMemCore, i32 %conv1_weights_local_1_2_2, i64 666, i64 27, i64 18446744073709551615"   --->   Operation 180 'specmemcore' 'specmemcore_ln0' <Predicate = true> <Delay = 0.00>
ST_9 : Operation 181 [1/1] (0.00ns)   --->   "%specmemcore_ln0 = specmemcore void @_ssdm_op_SpecMemCore, i32 %conv1_weights_local_1_2_3, i64 666, i64 27, i64 18446744073709551615"   --->   Operation 181 'specmemcore' 'specmemcore_ln0' <Predicate = true> <Delay = 0.00>
ST_9 : Operation 182 [1/1] (0.00ns)   --->   "%specmemcore_ln0 = specmemcore void @_ssdm_op_SpecMemCore, i32 %conv1_weights_local_1_2_4, i64 666, i64 27, i64 18446744073709551615"   --->   Operation 182 'specmemcore' 'specmemcore_ln0' <Predicate = true> <Delay = 0.00>
ST_9 : Operation 183 [1/1] (0.00ns)   --->   "%specmemcore_ln0 = specmemcore void @_ssdm_op_SpecMemCore, i32 %conv1_weights_local_1_2_5, i64 666, i64 27, i64 18446744073709551615"   --->   Operation 183 'specmemcore' 'specmemcore_ln0' <Predicate = true> <Delay = 0.00>
ST_9 : Operation 184 [1/1] (0.00ns)   --->   "%specmemcore_ln0 = specmemcore void @_ssdm_op_SpecMemCore, i32 %conv1_weights_local_1_2_6, i64 666, i64 27, i64 18446744073709551615"   --->   Operation 184 'specmemcore' 'specmemcore_ln0' <Predicate = true> <Delay = 0.00>
ST_9 : Operation 185 [1/1] (0.00ns)   --->   "%specmemcore_ln0 = specmemcore void @_ssdm_op_SpecMemCore, i32 %conv1_weights_local_1_2_7, i64 666, i64 27, i64 18446744073709551615"   --->   Operation 185 'specmemcore' 'specmemcore_ln0' <Predicate = true> <Delay = 0.00>
ST_9 : Operation 186 [1/1] (0.00ns)   --->   "%specmemcore_ln0 = specmemcore void @_ssdm_op_SpecMemCore, i32 %conv1_weights_local_1_2_8, i64 666, i64 27, i64 18446744073709551615"   --->   Operation 186 'specmemcore' 'specmemcore_ln0' <Predicate = true> <Delay = 0.00>
ST_9 : Operation 187 [1/1] (0.00ns)   --->   "%specmemcore_ln0 = specmemcore void @_ssdm_op_SpecMemCore, i32 %conv1_weights_local_1_3_0, i64 666, i64 27, i64 18446744073709551615"   --->   Operation 187 'specmemcore' 'specmemcore_ln0' <Predicate = true> <Delay = 0.00>
ST_9 : Operation 188 [1/1] (0.00ns)   --->   "%specmemcore_ln0 = specmemcore void @_ssdm_op_SpecMemCore, i32 %conv1_weights_local_1_3_1, i64 666, i64 27, i64 18446744073709551615"   --->   Operation 188 'specmemcore' 'specmemcore_ln0' <Predicate = true> <Delay = 0.00>
ST_9 : Operation 189 [1/1] (0.00ns)   --->   "%specmemcore_ln0 = specmemcore void @_ssdm_op_SpecMemCore, i32 %conv1_weights_local_1_3_2, i64 666, i64 27, i64 18446744073709551615"   --->   Operation 189 'specmemcore' 'specmemcore_ln0' <Predicate = true> <Delay = 0.00>
ST_9 : Operation 190 [1/1] (0.00ns)   --->   "%specmemcore_ln0 = specmemcore void @_ssdm_op_SpecMemCore, i32 %conv1_weights_local_1_3_3, i64 666, i64 27, i64 18446744073709551615"   --->   Operation 190 'specmemcore' 'specmemcore_ln0' <Predicate = true> <Delay = 0.00>
ST_9 : Operation 191 [1/1] (0.00ns)   --->   "%specmemcore_ln0 = specmemcore void @_ssdm_op_SpecMemCore, i32 %conv1_weights_local_1_3_4, i64 666, i64 27, i64 18446744073709551615"   --->   Operation 191 'specmemcore' 'specmemcore_ln0' <Predicate = true> <Delay = 0.00>
ST_9 : Operation 192 [1/1] (0.00ns)   --->   "%specmemcore_ln0 = specmemcore void @_ssdm_op_SpecMemCore, i32 %conv1_weights_local_1_3_5, i64 666, i64 27, i64 18446744073709551615"   --->   Operation 192 'specmemcore' 'specmemcore_ln0' <Predicate = true> <Delay = 0.00>
ST_9 : Operation 193 [1/1] (0.00ns)   --->   "%specmemcore_ln0 = specmemcore void @_ssdm_op_SpecMemCore, i32 %conv1_weights_local_1_3_6, i64 666, i64 27, i64 18446744073709551615"   --->   Operation 193 'specmemcore' 'specmemcore_ln0' <Predicate = true> <Delay = 0.00>
ST_9 : Operation 194 [1/1] (0.00ns)   --->   "%specmemcore_ln0 = specmemcore void @_ssdm_op_SpecMemCore, i32 %conv1_weights_local_1_3_7, i64 666, i64 27, i64 18446744073709551615"   --->   Operation 194 'specmemcore' 'specmemcore_ln0' <Predicate = true> <Delay = 0.00>
ST_9 : Operation 195 [1/1] (0.00ns)   --->   "%specmemcore_ln0 = specmemcore void @_ssdm_op_SpecMemCore, i32 %conv1_weights_local_1_3_8, i64 666, i64 27, i64 18446744073709551615"   --->   Operation 195 'specmemcore' 'specmemcore_ln0' <Predicate = true> <Delay = 0.00>
ST_9 : Operation 196 [1/1] (0.00ns)   --->   "%specmemcore_ln0 = specmemcore void @_ssdm_op_SpecMemCore, i32 %conv1_weights_local_1_4_0, i64 666, i64 27, i64 18446744073709551615"   --->   Operation 196 'specmemcore' 'specmemcore_ln0' <Predicate = true> <Delay = 0.00>
ST_9 : Operation 197 [1/1] (0.00ns)   --->   "%specmemcore_ln0 = specmemcore void @_ssdm_op_SpecMemCore, i32 %conv1_weights_local_1_4_1, i64 666, i64 27, i64 18446744073709551615"   --->   Operation 197 'specmemcore' 'specmemcore_ln0' <Predicate = true> <Delay = 0.00>
ST_9 : Operation 198 [1/1] (0.00ns)   --->   "%specmemcore_ln0 = specmemcore void @_ssdm_op_SpecMemCore, i32 %conv1_weights_local_1_4_2, i64 666, i64 27, i64 18446744073709551615"   --->   Operation 198 'specmemcore' 'specmemcore_ln0' <Predicate = true> <Delay = 0.00>
ST_9 : Operation 199 [1/1] (0.00ns)   --->   "%specmemcore_ln0 = specmemcore void @_ssdm_op_SpecMemCore, i32 %conv1_weights_local_1_4_3, i64 666, i64 27, i64 18446744073709551615"   --->   Operation 199 'specmemcore' 'specmemcore_ln0' <Predicate = true> <Delay = 0.00>
ST_9 : Operation 200 [1/1] (0.00ns)   --->   "%specmemcore_ln0 = specmemcore void @_ssdm_op_SpecMemCore, i32 %conv1_weights_local_1_4_4, i64 666, i64 27, i64 18446744073709551615"   --->   Operation 200 'specmemcore' 'specmemcore_ln0' <Predicate = true> <Delay = 0.00>
ST_9 : Operation 201 [1/1] (0.00ns)   --->   "%specmemcore_ln0 = specmemcore void @_ssdm_op_SpecMemCore, i32 %conv1_weights_local_1_4_5, i64 666, i64 27, i64 18446744073709551615"   --->   Operation 201 'specmemcore' 'specmemcore_ln0' <Predicate = true> <Delay = 0.00>
ST_9 : Operation 202 [1/1] (0.00ns)   --->   "%specmemcore_ln0 = specmemcore void @_ssdm_op_SpecMemCore, i32 %conv1_weights_local_1_4_6, i64 666, i64 27, i64 18446744073709551615"   --->   Operation 202 'specmemcore' 'specmemcore_ln0' <Predicate = true> <Delay = 0.00>
ST_9 : Operation 203 [1/1] (0.00ns)   --->   "%specmemcore_ln0 = specmemcore void @_ssdm_op_SpecMemCore, i32 %conv1_weights_local_1_4_7, i64 666, i64 27, i64 18446744073709551615"   --->   Operation 203 'specmemcore' 'specmemcore_ln0' <Predicate = true> <Delay = 0.00>
ST_9 : Operation 204 [1/1] (0.00ns)   --->   "%specmemcore_ln0 = specmemcore void @_ssdm_op_SpecMemCore, i32 %conv1_weights_local_1_4_8, i64 666, i64 27, i64 18446744073709551615"   --->   Operation 204 'specmemcore' 'specmemcore_ln0' <Predicate = true> <Delay = 0.00>
ST_9 : Operation 205 [1/1] (0.00ns)   --->   "%specmemcore_ln0 = specmemcore void @_ssdm_op_SpecMemCore, i32 %conv1_weights_local_1_5_0, i64 666, i64 27, i64 18446744073709551615"   --->   Operation 205 'specmemcore' 'specmemcore_ln0' <Predicate = true> <Delay = 0.00>
ST_9 : Operation 206 [1/1] (0.00ns)   --->   "%specmemcore_ln0 = specmemcore void @_ssdm_op_SpecMemCore, i32 %conv1_weights_local_1_5_1, i64 666, i64 27, i64 18446744073709551615"   --->   Operation 206 'specmemcore' 'specmemcore_ln0' <Predicate = true> <Delay = 0.00>
ST_9 : Operation 207 [1/1] (0.00ns)   --->   "%specmemcore_ln0 = specmemcore void @_ssdm_op_SpecMemCore, i32 %conv1_weights_local_1_5_2, i64 666, i64 27, i64 18446744073709551615"   --->   Operation 207 'specmemcore' 'specmemcore_ln0' <Predicate = true> <Delay = 0.00>
ST_9 : Operation 208 [1/1] (0.00ns)   --->   "%specmemcore_ln0 = specmemcore void @_ssdm_op_SpecMemCore, i32 %conv1_weights_local_1_5_3, i64 666, i64 27, i64 18446744073709551615"   --->   Operation 208 'specmemcore' 'specmemcore_ln0' <Predicate = true> <Delay = 0.00>
ST_9 : Operation 209 [1/1] (0.00ns)   --->   "%specmemcore_ln0 = specmemcore void @_ssdm_op_SpecMemCore, i32 %conv1_weights_local_1_5_4, i64 666, i64 27, i64 18446744073709551615"   --->   Operation 209 'specmemcore' 'specmemcore_ln0' <Predicate = true> <Delay = 0.00>
ST_9 : Operation 210 [1/1] (0.00ns)   --->   "%specmemcore_ln0 = specmemcore void @_ssdm_op_SpecMemCore, i32 %conv1_weights_local_1_5_5, i64 666, i64 27, i64 18446744073709551615"   --->   Operation 210 'specmemcore' 'specmemcore_ln0' <Predicate = true> <Delay = 0.00>
ST_9 : Operation 211 [1/1] (0.00ns)   --->   "%specmemcore_ln0 = specmemcore void @_ssdm_op_SpecMemCore, i32 %conv1_weights_local_1_5_6, i64 666, i64 27, i64 18446744073709551615"   --->   Operation 211 'specmemcore' 'specmemcore_ln0' <Predicate = true> <Delay = 0.00>
ST_9 : Operation 212 [1/1] (0.00ns)   --->   "%specmemcore_ln0 = specmemcore void @_ssdm_op_SpecMemCore, i32 %conv1_weights_local_1_5_7, i64 666, i64 27, i64 18446744073709551615"   --->   Operation 212 'specmemcore' 'specmemcore_ln0' <Predicate = true> <Delay = 0.00>
ST_9 : Operation 213 [1/1] (0.00ns)   --->   "%specmemcore_ln0 = specmemcore void @_ssdm_op_SpecMemCore, i32 %conv1_weights_local_1_5_8, i64 666, i64 27, i64 18446744073709551615"   --->   Operation 213 'specmemcore' 'specmemcore_ln0' <Predicate = true> <Delay = 0.00>
ST_9 : Operation 214 [1/1] (0.00ns)   --->   "%specmemcore_ln0 = specmemcore void @_ssdm_op_SpecMemCore, i32 %conv1_weights_local_1_6_0, i64 666, i64 27, i64 18446744073709551615"   --->   Operation 214 'specmemcore' 'specmemcore_ln0' <Predicate = true> <Delay = 0.00>
ST_9 : Operation 215 [1/1] (0.00ns)   --->   "%specmemcore_ln0 = specmemcore void @_ssdm_op_SpecMemCore, i32 %conv1_weights_local_1_6_1, i64 666, i64 27, i64 18446744073709551615"   --->   Operation 215 'specmemcore' 'specmemcore_ln0' <Predicate = true> <Delay = 0.00>
ST_9 : Operation 216 [1/1] (0.00ns)   --->   "%specmemcore_ln0 = specmemcore void @_ssdm_op_SpecMemCore, i32 %conv1_weights_local_1_6_2, i64 666, i64 27, i64 18446744073709551615"   --->   Operation 216 'specmemcore' 'specmemcore_ln0' <Predicate = true> <Delay = 0.00>
ST_9 : Operation 217 [1/1] (0.00ns)   --->   "%specmemcore_ln0 = specmemcore void @_ssdm_op_SpecMemCore, i32 %conv1_weights_local_1_6_3, i64 666, i64 27, i64 18446744073709551615"   --->   Operation 217 'specmemcore' 'specmemcore_ln0' <Predicate = true> <Delay = 0.00>
ST_9 : Operation 218 [1/1] (0.00ns)   --->   "%specmemcore_ln0 = specmemcore void @_ssdm_op_SpecMemCore, i32 %conv1_weights_local_1_6_4, i64 666, i64 27, i64 18446744073709551615"   --->   Operation 218 'specmemcore' 'specmemcore_ln0' <Predicate = true> <Delay = 0.00>
ST_9 : Operation 219 [1/1] (0.00ns)   --->   "%specmemcore_ln0 = specmemcore void @_ssdm_op_SpecMemCore, i32 %conv1_weights_local_1_6_5, i64 666, i64 27, i64 18446744073709551615"   --->   Operation 219 'specmemcore' 'specmemcore_ln0' <Predicate = true> <Delay = 0.00>
ST_9 : Operation 220 [1/1] (0.00ns)   --->   "%specmemcore_ln0 = specmemcore void @_ssdm_op_SpecMemCore, i32 %conv1_weights_local_1_6_6, i64 666, i64 27, i64 18446744073709551615"   --->   Operation 220 'specmemcore' 'specmemcore_ln0' <Predicate = true> <Delay = 0.00>
ST_9 : Operation 221 [1/1] (0.00ns)   --->   "%specmemcore_ln0 = specmemcore void @_ssdm_op_SpecMemCore, i32 %conv1_weights_local_1_6_7, i64 666, i64 27, i64 18446744073709551615"   --->   Operation 221 'specmemcore' 'specmemcore_ln0' <Predicate = true> <Delay = 0.00>
ST_9 : Operation 222 [1/1] (0.00ns)   --->   "%specmemcore_ln0 = specmemcore void @_ssdm_op_SpecMemCore, i32 %conv1_weights_local_1_6_8, i64 666, i64 27, i64 18446744073709551615"   --->   Operation 222 'specmemcore' 'specmemcore_ln0' <Predicate = true> <Delay = 0.00>
ST_9 : Operation 223 [1/1] (0.00ns)   --->   "%specmemcore_ln0 = specmemcore void @_ssdm_op_SpecMemCore, i32 %conv1_weights_local_1_7_0, i64 666, i64 27, i64 18446744073709551615"   --->   Operation 223 'specmemcore' 'specmemcore_ln0' <Predicate = true> <Delay = 0.00>
ST_9 : Operation 224 [1/1] (0.00ns)   --->   "%specmemcore_ln0 = specmemcore void @_ssdm_op_SpecMemCore, i32 %conv1_weights_local_1_7_1, i64 666, i64 27, i64 18446744073709551615"   --->   Operation 224 'specmemcore' 'specmemcore_ln0' <Predicate = true> <Delay = 0.00>
ST_9 : Operation 225 [1/1] (0.00ns)   --->   "%specmemcore_ln0 = specmemcore void @_ssdm_op_SpecMemCore, i32 %conv1_weights_local_1_7_2, i64 666, i64 27, i64 18446744073709551615"   --->   Operation 225 'specmemcore' 'specmemcore_ln0' <Predicate = true> <Delay = 0.00>
ST_9 : Operation 226 [1/1] (0.00ns)   --->   "%specmemcore_ln0 = specmemcore void @_ssdm_op_SpecMemCore, i32 %conv1_weights_local_1_7_3, i64 666, i64 27, i64 18446744073709551615"   --->   Operation 226 'specmemcore' 'specmemcore_ln0' <Predicate = true> <Delay = 0.00>
ST_9 : Operation 227 [1/1] (0.00ns)   --->   "%specmemcore_ln0 = specmemcore void @_ssdm_op_SpecMemCore, i32 %conv1_weights_local_1_7_4, i64 666, i64 27, i64 18446744073709551615"   --->   Operation 227 'specmemcore' 'specmemcore_ln0' <Predicate = true> <Delay = 0.00>
ST_9 : Operation 228 [1/1] (0.00ns)   --->   "%specmemcore_ln0 = specmemcore void @_ssdm_op_SpecMemCore, i32 %conv1_weights_local_1_7_5, i64 666, i64 27, i64 18446744073709551615"   --->   Operation 228 'specmemcore' 'specmemcore_ln0' <Predicate = true> <Delay = 0.00>
ST_9 : Operation 229 [1/1] (0.00ns)   --->   "%specmemcore_ln0 = specmemcore void @_ssdm_op_SpecMemCore, i32 %conv1_weights_local_1_7_6, i64 666, i64 27, i64 18446744073709551615"   --->   Operation 229 'specmemcore' 'specmemcore_ln0' <Predicate = true> <Delay = 0.00>
ST_9 : Operation 230 [1/1] (0.00ns)   --->   "%specmemcore_ln0 = specmemcore void @_ssdm_op_SpecMemCore, i32 %conv1_weights_local_1_7_7, i64 666, i64 27, i64 18446744073709551615"   --->   Operation 230 'specmemcore' 'specmemcore_ln0' <Predicate = true> <Delay = 0.00>
ST_9 : Operation 231 [1/1] (0.00ns)   --->   "%specmemcore_ln0 = specmemcore void @_ssdm_op_SpecMemCore, i32 %conv1_weights_local_1_7_8, i64 666, i64 27, i64 18446744073709551615"   --->   Operation 231 'specmemcore' 'specmemcore_ln0' <Predicate = true> <Delay = 0.00>
ST_9 : Operation 232 [1/1] (0.00ns)   --->   "%specmemcore_ln0 = specmemcore void @_ssdm_op_SpecMemCore, i32 %conv1_weights_local_1_8_0, i64 666, i64 27, i64 18446744073709551615"   --->   Operation 232 'specmemcore' 'specmemcore_ln0' <Predicate = true> <Delay = 0.00>
ST_9 : Operation 233 [1/1] (0.00ns)   --->   "%specmemcore_ln0 = specmemcore void @_ssdm_op_SpecMemCore, i32 %conv1_weights_local_1_8_1, i64 666, i64 27, i64 18446744073709551615"   --->   Operation 233 'specmemcore' 'specmemcore_ln0' <Predicate = true> <Delay = 0.00>
ST_9 : Operation 234 [1/1] (0.00ns)   --->   "%specmemcore_ln0 = specmemcore void @_ssdm_op_SpecMemCore, i32 %conv1_weights_local_1_8_2, i64 666, i64 27, i64 18446744073709551615"   --->   Operation 234 'specmemcore' 'specmemcore_ln0' <Predicate = true> <Delay = 0.00>
ST_9 : Operation 235 [1/1] (0.00ns)   --->   "%specmemcore_ln0 = specmemcore void @_ssdm_op_SpecMemCore, i32 %conv1_weights_local_1_8_3, i64 666, i64 27, i64 18446744073709551615"   --->   Operation 235 'specmemcore' 'specmemcore_ln0' <Predicate = true> <Delay = 0.00>
ST_9 : Operation 236 [1/1] (0.00ns)   --->   "%specmemcore_ln0 = specmemcore void @_ssdm_op_SpecMemCore, i32 %conv1_weights_local_1_8_4, i64 666, i64 27, i64 18446744073709551615"   --->   Operation 236 'specmemcore' 'specmemcore_ln0' <Predicate = true> <Delay = 0.00>
ST_9 : Operation 237 [1/1] (0.00ns)   --->   "%specmemcore_ln0 = specmemcore void @_ssdm_op_SpecMemCore, i32 %conv1_weights_local_1_8_5, i64 666, i64 27, i64 18446744073709551615"   --->   Operation 237 'specmemcore' 'specmemcore_ln0' <Predicate = true> <Delay = 0.00>
ST_9 : Operation 238 [1/1] (0.00ns)   --->   "%specmemcore_ln0 = specmemcore void @_ssdm_op_SpecMemCore, i32 %conv1_weights_local_1_8_6, i64 666, i64 27, i64 18446744073709551615"   --->   Operation 238 'specmemcore' 'specmemcore_ln0' <Predicate = true> <Delay = 0.00>
ST_9 : Operation 239 [1/1] (0.00ns)   --->   "%specmemcore_ln0 = specmemcore void @_ssdm_op_SpecMemCore, i32 %conv1_weights_local_1_8_7, i64 666, i64 27, i64 18446744073709551615"   --->   Operation 239 'specmemcore' 'specmemcore_ln0' <Predicate = true> <Delay = 0.00>
ST_9 : Operation 240 [1/1] (0.00ns)   --->   "%specmemcore_ln0 = specmemcore void @_ssdm_op_SpecMemCore, i32 %conv1_weights_local_1_8_8, i64 666, i64 27, i64 18446744073709551615"   --->   Operation 240 'specmemcore' 'specmemcore_ln0' <Predicate = true> <Delay = 0.00>
ST_9 : Operation 241 [1/1] (0.00ns)   --->   "%specinterface_ln0 = specinterface void @_ssdm_op_SpecInterface, i32 %gmem_out, void @empty_131, i32 0, i32 0, void @empty_132, i32 0, i32 65025, void @empty_163, void @empty_134, void @empty_132, i32 16, i32 16, i32 16, i32 16, void @empty_132, void @empty_132, i32 4294967295, i32 0"   --->   Operation 241 'specinterface' 'specinterface_ln0' <Predicate = true> <Delay = 0.00>
ST_9 : Operation 242 [1/1] (0.00ns)   --->   "%specinterface_ln0 = specinterface void @_ssdm_op_SpecInterface, i32 %gmem_in, void @empty_131, i32 0, i32 0, void @empty_132, i32 0, i32 65025, void @empty_133, void @empty_134, void @empty_132, i32 16, i32 16, i32 16, i32 16, void @empty_132, void @empty_132, i32 4294967295, i32 0"   --->   Operation 242 'specinterface' 'specinterface_ln0' <Predicate = true> <Delay = 0.00>
ST_9 : Operation 243 [1/1] (0.00ns)   --->   "%empty_232 = specchannel i32 @_ssdm_op_SpecChannel, void @conv2_to_conv3_str, i32 1, void @p_str, void @p_str, i32 512, i32 512, i32 %conv2_to_conv3, i32 %conv2_to_conv3"   --->   Operation 243 'specchannel' 'empty_232' <Predicate = true> <Delay = 0.00>
ST_9 : Operation 244 [1/1] (0.00ns)   --->   "%specmemcore_ln119 = specmemcore void @_ssdm_op_SpecMemCore, i32 %conv2_to_conv3, i64 666, i64 9, i64 18446744073709551615" [src/srcnn.cpp:119]   --->   Operation 244 'specmemcore' 'specmemcore_ln119' <Predicate = true> <Delay = 0.00>
ST_9 : Operation 245 [1/1] (0.00ns)   --->   "%specinterface_ln0 = specinterface void @_ssdm_op_SpecInterface, i32 %conv2_to_conv3, void @empty_151, i32 0, i32 0, void @empty_132, i32 0, i32 0, void @empty_132, void @empty_132, void @empty_132, i32 0, i32 0, i32 0, i32 0, void @empty_132, void @empty_132, i32 4294967295, i32 0"   --->   Operation 245 'specinterface' 'specinterface_ln0' <Predicate = true> <Delay = 0.00>
ST_9 : Operation 246 [1/1] (0.00ns)   --->   "%empty_233 = specchannel i32 @_ssdm_op_SpecChannel, void @conv1_to_conv2_str, i32 1, void @p_str, void @p_str, i32 512, i32 512, i32 %conv1_to_conv2, i32 %conv1_to_conv2"   --->   Operation 246 'specchannel' 'empty_233' <Predicate = true> <Delay = 0.00>
ST_9 : Operation 247 [1/1] (0.00ns)   --->   "%specmemcore_ln118 = specmemcore void @_ssdm_op_SpecMemCore, i32 %conv1_to_conv2, i64 666, i64 9, i64 18446744073709551615" [src/srcnn.cpp:118]   --->   Operation 247 'specmemcore' 'specmemcore_ln118' <Predicate = true> <Delay = 0.00>
ST_9 : Operation 248 [1/1] (0.00ns)   --->   "%specinterface_ln0 = specinterface void @_ssdm_op_SpecInterface, i32 %conv1_to_conv2, void @empty_151, i32 0, i32 0, void @empty_132, i32 0, i32 0, void @empty_132, void @empty_132, void @empty_132, i32 0, i32 0, i32 0, i32 0, void @empty_132, void @empty_132, i32 4294967295, i32 0"   --->   Operation 248 'specinterface' 'specinterface_ln0' <Predicate = true> <Delay = 0.00>
ST_9 : Operation 249 [1/2] (0.00ns)   --->   "%call_ln125 = call void @reconstructor, i32 %gmem_out, i64 %output_ftmap_c, i32 %layer3_output_tile_0, i9 %pixel_h_loc_c, i8 %pixel_w_loc_c" [src/srcnn.cpp:125]   --->   Operation 249 'call' 'call_ln125' <Predicate = true> <Delay = 0.00> <CoreType = "Generic">   --->   Core 0 '' <Latency = 0> <II = 1> <Delay = 1.00> <Generic> <Opcode : >
ST_9 : Operation 250 [1/1] (0.00ns)   --->   "%ret_ln0 = ret"   --->   Operation 250 'ret' 'ret_ln0' <Predicate = true> <Delay = 0.00>


============================================================
+ Verbose Summary: Timing violations
============================================================
Target clock period: 10.000ns, clock uncertainty: 2.700ns.

 <State 1>: 2.110ns
The critical path consists of the following:
	wire read operation ('tile_n_0_read') on port 'tile_n_0' [209]  (0.000 ns)
	'call' operation ('call_ret') to 'dataflow_in_loop_tile_height_loop_MAIN.1_Block_newFuncRoot4_proc' [433]  (2.110 ns)

 <State 2>: 5.890ns
The critical path consists of the following:
	'call' operation ('call_ret') to 'dataflow_in_loop_tile_height_loop_MAIN.1_Block_newFuncRoot4_proc' [433]  (2.214 ns)
	'call' operation ('call_ln120', src/srcnn.cpp:120) to 'conv1_tile' [436]  (3.676 ns)

 <State 3>: 0.000ns
The critical path consists of the following:

 <State 4>: 0.000ns
The critical path consists of the following:

 <State 5>: 0.000ns
The critical path consists of the following:

 <State 6>: 1.838ns
The critical path consists of the following:
	'call' operation ('call_ln122', src/srcnn.cpp:122) to 'conv37' [439]  (1.838 ns)

 <State 7>: 1.885ns
The critical path consists of the following:
	wire read operation ('output_ftmap_read') on port 'output_ftmap' [207]  (0.000 ns)
	'call' operation ('call_ln0') to 'entry_proc' [432]  (1.885 ns)

 <State 8>: 0.000ns
The critical path consists of the following:

 <State 9>: 0.000ns
The critical path consists of the following:


============================================================
+ Verbose Summary: Binding
============================================================
N/A
* FSMD analyzer results:
  - Output states:
 - Input state : 
  - Chain level:
	State 1
	State 2
	State 3
	State 4
	State 5
	State 6
	State 7
	State 8
	State 9


============================================================
+ Verbose Summary: Datapath Resource usage 
============================================================
N/A
