

================================================================
== Vitis HLS Report for 'generic_fmax_double_s'
================================================================
* Date:           Fri Oct 31 13:02:32 2025

* Version:        2023.1 (Build 3854077 on May  4 2023)
* Project:        srcnn_hls
* Solution:       solution1 (Vivado IP Flow Target)
* Product family: zynquplus
* Target device:  xck26-sfvc784-2LV-c


================================================================
== Performance Estimates
================================================================
+ Timing: 
    * Summary: 
    +--------+----------+----------+------------+
    |  Clock |  Target  | Estimated| Uncertainty|
    +--------+----------+----------+------------+
    |ap_clk  |  10.00 ns|  1.525 ns|     2.70 ns|
    +--------+----------+----------+------------+

+ Latency: 
    * Summary: 
    +---------+---------+----------+----------+-----+-----+---------+
    |  Latency (cycles) |  Latency (absolute) |  Interval | Pipeline|
    |   min   |   max   |    min   |    max   | min | max |   Type  |
    +---------+---------+----------+----------+-----+-----+---------+
    |        0|        0|      0 ns|      0 ns|    1|    1|      yes|
    +---------+---------+----------+----------+-----+-----+---------+

    + Detail: 
        * Instance: 
        N/A

        * Loop: 
        N/A

============================================================
+ Verbose Summary: Synthesis Manager
============================================================
InlineROM: 1
ExposeGlobal: 0
============================================================
+ Verbose Summary: CDFG Model
============================================================
IsTopModel: 0
ResetActiveHigh: 1
IsCombinational: 0
IsDatapathOnly: 0
HasWiredReturn: 1
HasMFsm: 2
HasVarLatency: 0
IsPipeline: 1
IsRtlPipelined: 0
IsInstanceOverlapped: 0
IsDontTouch: 0
HasImplIP: 0
IsGatedGlobalClock: 0

+ Individual pipeline summary: 
  * Pipeline-0: initiation interval (II) = 1, depth = 1


============================================================
+ Verbose Summary: Schedule
============================================================
* Number of FSM states : 1
* Pipeline : 1
  Pipeline-0 : II = 1, D = 1, States = { 1 }
* Dataflow Pipeline: 0

* FSM state transitions: 
1 --> 

* FSM state operations: 

State 1 <SV = 0> <Delay = 1.52>
ST_1 : Operation 2 [1/1] (0.00ns)   --->   "%x_read = read i64 @_ssdm_op_Read.ap_auto.double, i64 %x" [C:\scratch\2023.1\hls_product\1026\2023.1\src\shared\hls\clib/src/hls\utils/x_hls_utils.h:488->C:\scratch\2023.1\hls_product\1026\2023.1\src\shared\hls\clib/hlsmath/include/FloatingPoint\hls_fmax.h:21]   --->   Operation 2 'read' 'x_read' <Predicate = true> <Delay = 0.00>
ST_1 : Operation 3 [1/1] (0.00ns)   --->   "%data = bitcast i64 %x_read" [C:\scratch\2023.1\hls_product\1026\2023.1\src\shared\hls\clib/src/hls\utils/x_hls_utils.h:488->C:\scratch\2023.1\hls_product\1026\2023.1\src\shared\hls\clib/hlsmath/include/FloatingPoint\hls_fmax.h:21]   --->   Operation 3 'bitcast' 'data' <Predicate = true> <Delay = 0.00>
ST_1 : Operation 4 [1/1] (0.00ns) (grouped into LUT with out node res)   --->   "%x_fp_sign = bitselect i1 @_ssdm_op_BitSelect.i1.i64.i32, i64 %data, i32 63" [C:\scratch\2023.1\hls_product\1026\2023.1\src\shared\hls\clib/src/hls\utils/x_hls_utils.h:489->C:\scratch\2023.1\hls_product\1026\2023.1\src\shared\hls\clib/hlsmath/include/FloatingPoint\hls_fmax.h:21]   --->   Operation 4 'bitselect' 'x_fp_sign' <Predicate = true> <Delay = 0.00>
ST_1 : Operation 5 [1/1] (0.00ns)   --->   "%x_fp_exp = partselect i11 @_ssdm_op_PartSelect.i11.i64.i32.i32, i64 %data, i32 52, i32 62" [C:\scratch\2023.1\hls_product\1026\2023.1\src\shared\hls\clib/src/hls\utils/x_hls_utils.h:490->C:\scratch\2023.1\hls_product\1026\2023.1\src\shared\hls\clib/hlsmath/include/FloatingPoint\hls_fmax.h:21]   --->   Operation 5 'partselect' 'x_fp_exp' <Predicate = true> <Delay = 0.00>
ST_1 : Operation 6 [1/1] (0.00ns)   --->   "%x_fp_sig = trunc i64 %data" [C:\scratch\2023.1\hls_product\1026\2023.1\src\shared\hls\clib/src/hls\utils/x_hls_utils.h:491->C:\scratch\2023.1\hls_product\1026\2023.1\src\shared\hls\clib/hlsmath/include/FloatingPoint\hls_fmax.h:21]   --->   Operation 6 'trunc' 'x_fp_sig' <Predicate = true> <Delay = 0.00>
ST_1 : Operation 7 [1/1] (0.79ns)   --->   "%icmp_ln25 = icmp_eq  i11 %x_fp_exp, i11 0" [C:\scratch\2023.1\hls_product\1026\2023.1\src\shared\hls\clib/hlsmath/include/FloatingPoint\hls_fmax.h:25]   --->   Operation 7 'icmp' 'icmp_ln25' <Predicate = true> <Delay = 0.79> <CoreInst = "Cmp">   --->   Core 9 'Cmp' <Latency = 0> <II = 1> <Delay = 0.79> <FuncUnit> <Opcode : 'icmp'> <InPorts = 2> <OutPorts = 1>
ST_1 : Operation 8 [1/1] (1.10ns)   --->   "%icmp_ln25_1 = icmp_eq  i52 %x_fp_sig, i52 0" [C:\scratch\2023.1\hls_product\1026\2023.1\src\shared\hls\clib/hlsmath/include/FloatingPoint\hls_fmax.h:25]   --->   Operation 8 'icmp' 'icmp_ln25_1' <Predicate = true> <Delay = 1.10> <CoreInst = "Cmp">   --->   Core 9 'Cmp' <Latency = 0> <II = 1> <Delay = 1.10> <FuncUnit> <Opcode : 'icmp'> <InPorts = 2> <OutPorts = 1>
ST_1 : Operation 9 [1/1] (0.00ns) (grouped into LUT with out node res)   --->   "%and_ln25 = and i1 %icmp_ln25, i1 %icmp_ln25_1" [C:\scratch\2023.1\hls_product\1026\2023.1\src\shared\hls\clib/hlsmath/include/FloatingPoint\hls_fmax.h:25]   --->   Operation 9 'and' 'and_ln25' <Predicate = true> <Delay = 0.00> <CoreInst = "LogicGate">   --->   Core 74 'LogicGate' <Latency = 0> <II = 1> <Delay = 0.28> <FuncUnit> <Opcode : 'and' 'or' 'xor'> <InPorts = 2> <OutPorts = 1>
ST_1 : Operation 10 [1/1] (0.79ns)   --->   "%icmp_ln18 = icmp_eq  i11 %x_fp_exp, i11 2047" [C:\scratch\2023.1\hls_product\1026\2023.1\src\shared\hls\clib/hlsmath/include/FloatingPoint/hls_isnan.h:18->C:\scratch\2023.1\hls_product\1026\2023.1\src\shared\hls\clib/hlsmath/include/FloatingPoint\hls_fmax.h:27]   --->   Operation 10 'icmp' 'icmp_ln18' <Predicate = true> <Delay = 0.79> <CoreInst = "Cmp">   --->   Core 9 'Cmp' <Latency = 0> <II = 1> <Delay = 0.79> <FuncUnit> <Opcode : 'icmp'> <InPorts = 2> <OutPorts = 1>
ST_1 : Operation 11 [1/1] (0.00ns) (grouped into LUT with out node res)   --->   "%xor_ln18 = xor i1 %icmp_ln25_1, i1 1" [C:\scratch\2023.1\hls_product\1026\2023.1\src\shared\hls\clib/hlsmath/include/FloatingPoint/hls_isnan.h:18->C:\scratch\2023.1\hls_product\1026\2023.1\src\shared\hls\clib/hlsmath/include/FloatingPoint\hls_fmax.h:27]   --->   Operation 11 'xor' 'xor_ln18' <Predicate = true> <Delay = 0.00> <CoreInst = "LogicGate">   --->   Core 74 'LogicGate' <Latency = 0> <II = 1> <Delay = 0.28> <FuncUnit> <Opcode : 'and' 'or' 'xor'> <InPorts = 2> <OutPorts = 1>
ST_1 : Operation 12 [1/1] (0.00ns) (grouped into LUT with out node res)   --->   "%and_ln18 = and i1 %icmp_ln18, i1 %xor_ln18" [C:\scratch\2023.1\hls_product\1026\2023.1\src\shared\hls\clib/hlsmath/include/FloatingPoint/hls_isnan.h:18->C:\scratch\2023.1\hls_product\1026\2023.1\src\shared\hls\clib/hlsmath/include/FloatingPoint\hls_fmax.h:27]   --->   Operation 12 'and' 'and_ln18' <Predicate = true> <Delay = 0.00> <CoreInst = "LogicGate">   --->   Core 74 'LogicGate' <Latency = 0> <II = 1> <Delay = 0.28> <FuncUnit> <Opcode : 'and' 'or' 'xor'> <InPorts = 2> <OutPorts = 1>
ST_1 : Operation 13 [1/1] (0.00ns) (grouped into LUT with out node res)   --->   "%or_ln18 = or i1 %and_ln25, i1 %and_ln18" [C:\scratch\2023.1\hls_product\1026\2023.1\src\shared\hls\clib/hlsmath/include/FloatingPoint/hls_isnan.h:18->C:\scratch\2023.1\hls_product\1026\2023.1\src\shared\hls\clib/hlsmath/include/FloatingPoint\hls_fmax.h:27]   --->   Operation 13 'or' 'or_ln18' <Predicate = true> <Delay = 0.00> <CoreInst = "LogicGate">   --->   Core 74 'LogicGate' <Latency = 0> <II = 1> <Delay = 0.28> <FuncUnit> <Opcode : 'and' 'or' 'xor'> <InPorts = 2> <OutPorts = 1>
ST_1 : Operation 14 [1/1] (0.00ns) (grouped into LUT with out node res)   --->   "%or_ln18_1 = or i1 %or_ln18, i1 %x_fp_sign" [C:\scratch\2023.1\hls_product\1026\2023.1\src\shared\hls\clib/hlsmath/include/FloatingPoint/hls_isnan.h:18->C:\scratch\2023.1\hls_product\1026\2023.1\src\shared\hls\clib/hlsmath/include/FloatingPoint\hls_fmax.h:27]   --->   Operation 14 'or' 'or_ln18_1' <Predicate = true> <Delay = 0.00> <CoreInst = "LogicGate">   --->   Core 74 'LogicGate' <Latency = 0> <II = 1> <Delay = 0.28> <FuncUnit> <Opcode : 'and' 'or' 'xor'> <InPorts = 2> <OutPorts = 1>
ST_1 : Operation 15 [1/1] (0.42ns) (out node of the LUT)   --->   "%res = select i1 %or_ln18_1, i64 0, i64 %x_read" [C:\scratch\2023.1\hls_product\1026\2023.1\src\shared\hls\clib/hlsmath/include/FloatingPoint/hls_isnan.h:18->C:\scratch\2023.1\hls_product\1026\2023.1\src\shared\hls\clib/hlsmath/include/FloatingPoint\hls_fmax.h:27]   --->   Operation 15 'select' 'res' <Predicate = true> <Delay = 0.42> <CoreInst = "Sel">   --->   Core 73 'Sel' <Latency = 0> <II = 1> <Delay = 0.42> <FuncUnit> <Opcode : 'select'> <InPorts = 3> <OutPorts = 1>
ST_1 : Operation 16 [1/1] (0.00ns)   --->   "%ret_ln42 = ret i64 %res" [C:\scratch\2023.1\hls_product\1026\2023.1\src\shared\hls\clib/hlsmath/include/FloatingPoint\hls_fmax.h:42]   --->   Operation 16 'ret' 'ret_ln42' <Predicate = true> <Delay = 0.00>


============================================================
+ Verbose Summary: Timing violations
============================================================
Target clock period: 10.000ns, clock uncertainty: 2.700ns.

 <State 1>: 1.525ns
The critical path consists of the following:
	wire read operation ('x_read', C:\scratch\2023.1\hls_product\1026\2023.1\src\shared\hls\clib/src/hls\utils/x_hls_utils.h:488->C:\scratch\2023.1\hls_product\1026\2023.1\src\shared\hls\clib/hlsmath/include/FloatingPoint\hls_fmax.h:21) on port 'x' (C:\scratch\2023.1\hls_product\1026\2023.1\src\shared\hls\clib/src/hls\utils/x_hls_utils.h:488->C:\scratch\2023.1\hls_product\1026\2023.1\src\shared\hls\clib/hlsmath/include/FloatingPoint\hls_fmax.h:21) [2]  (0.000 ns)
	'icmp' operation ('icmp_ln25_1', C:\scratch\2023.1\hls_product\1026\2023.1\src\shared\hls\clib/hlsmath/include/FloatingPoint\hls_fmax.h:25) [8]  (1.101 ns)
	'and' operation ('and_ln25', C:\scratch\2023.1\hls_product\1026\2023.1\src\shared\hls\clib/hlsmath/include/FloatingPoint\hls_fmax.h:25) [9]  (0.000 ns)
	'or' operation ('or_ln18', C:\scratch\2023.1\hls_product\1026\2023.1\src\shared\hls\clib/hlsmath/include/FloatingPoint/hls_isnan.h:18->C:\scratch\2023.1\hls_product\1026\2023.1\src\shared\hls\clib/hlsmath/include/FloatingPoint\hls_fmax.h:27) [13]  (0.000 ns)
	'or' operation ('or_ln18_1', C:\scratch\2023.1\hls_product\1026\2023.1\src\shared\hls\clib/hlsmath/include/FloatingPoint/hls_isnan.h:18->C:\scratch\2023.1\hls_product\1026\2023.1\src\shared\hls\clib/hlsmath/include/FloatingPoint\hls_fmax.h:27) [14]  (0.000 ns)
	'select' operation ('res', C:\scratch\2023.1\hls_product\1026\2023.1\src\shared\hls\clib/hlsmath/include/FloatingPoint/hls_isnan.h:18->C:\scratch\2023.1\hls_product\1026\2023.1\src\shared\hls\clib/hlsmath/include/FloatingPoint\hls_fmax.h:27) [15]  (0.424 ns)


============================================================
+ Verbose Summary: Binding
============================================================
N/A
* FSMD analyzer results:
  - Output states:
 - Input state : 
  - Chain level:
	State 1


============================================================
+ Verbose Summary: Datapath Resource usage 
============================================================
N/A
