

================================================================
== Vitis HLS Report for 'generic_fmin_float_s'
================================================================
* Date:           Tue Oct 28 17:21:28 2025

* Version:        2023.1 (Build 3854077 on May  4 2023)
* Project:        srcnn_hls
* Solution:       solution1 (Vivado IP Flow Target)
* Product family: zynquplus
* Target device:  xck26-sfvc784-2LV-c


================================================================
== Performance Estimates
================================================================
+ Timing: 
    * Summary: 
    +--------+----------+----------+------------+
    |  Clock |  Target  | Estimated| Uncertainty|
    +--------+----------+----------+------------+
    |ap_clk  |  10.00 ns|  1.465 ns|     2.70 ns|
    +--------+----------+----------+------------+

+ Latency: 
    * Summary: 
    +---------+---------+----------+----------+-----+-----+---------+
    |  Latency (cycles) |  Latency (absolute) |  Interval | Pipeline|
    |   min   |   max   |    min   |    max   | min | max |   Type  |
    +---------+---------+----------+----------+-----+-----+---------+
    |        0|        0|      0 ns|      0 ns|    1|    1|      yes|
    +---------+---------+----------+----------+-----+-----+---------+

    + Detail: 
        * Instance: 
        N/A

        * Loop: 
        N/A



================================================================
== Utilization Estimates
================================================================
* Summary: 
+-----------------+---------+------+--------+--------+-----+
|       Name      | BRAM_18K|  DSP |   FF   |   LUT  | URAM|
+-----------------+---------+------+--------+--------+-----+
|DSP              |        -|     -|       -|       -|    -|
|Expression       |        -|     -|       0|     150|    -|
|FIFO             |        -|     -|       -|       -|    -|
|Instance         |        -|     -|       -|       -|    -|
|Memory           |        -|     -|       -|       -|    -|
|Multiplexer      |        -|     -|       -|       -|    -|
|Register         |        -|     -|       -|       -|    -|
+-----------------+---------+------+--------+--------+-----+
|Total            |        0|     0|       0|     150|    0|
+-----------------+---------+------+--------+--------+-----+
|Available        |      288|  1248|  234240|  117120|   64|
+-----------------+---------+------+--------+--------+-----+
|Utilization (%)  |        0|     0|       0|      ~0|    0|
+-----------------+---------+------+--------+--------+-----+

+ Detail: 
    * Instance: 
    N/A

    * DSP: 
    N/A

    * Memory: 
    N/A

    * FIFO: 
    N/A

    * Expression: 
    +----------------------+----------+----+---+----+------------+------------+
    |     Variable Name    | Operation| DSP| FF| LUT| Bitwidth P0| Bitwidth P1|
    +----------------------+----------+----+---+----+------------+------------+
    |and_ln18_fu_54_p2     |       and|   0|  0|   2|           1|           1|
    |icmp_ln18_1_fu_48_p2  |      icmp|   0|  0|  30|          23|           1|
    |icmp_ln18_fu_42_p2    |      icmp|   0|  0|  15|           8|           2|
    |ymaggreater_fu_60_p2  |      icmp|   0|  0|  39|          32|          31|
    |ap_return             |    select|   0|  0|  32|           1|          31|
    |res_fu_66_p3          |    select|   0|  0|  32|           1|          32|
    +----------------------+----------+----+---+----+------------+------------+
    |Total                 |          |   0|  0| 150|          66|          98|
    +----------------------+----------+----+---+----+------------+------------+

    * Multiplexer: 
    N/A

    * Register: 
    N/A



================================================================
== Interface
================================================================
* Summary: 
+-----------+-----+-----+------------+---------------------+--------------+
| RTL Ports | Dir | Bits|  Protocol  |    Source Object    |    C Type    |
+-----------+-----+-----+------------+---------------------+--------------+
|ap_ready   |  out|    1|  ap_ctrl_hs|  generic_fmin<float>|  return value|
|ap_return  |  out|   32|  ap_ctrl_hs|  generic_fmin<float>|  return value|
|x          |   in|   32|     ap_none|                    x|        scalar|
+-----------+-----+-----+------------+---------------------+--------------+

============================================================
+ Verbose Summary: Synthesis Manager
============================================================
InlineROM: 1
ExposeGlobal: 0
============================================================
+ Verbose Summary: CDFG Model
============================================================
IsTopModel: 0
ResetActiveHigh: 1
IsCombinational: 1
IsDatapathOnly: 2
HasWiredReturn: 1
HasMFsm: 2
HasVarLatency: 0
IsPipeline: 1
IsRtlPipelined: 0
IsInstanceOverlapped: 0
IsDontTouch: 0
HasImplIP: 0
IsGatedGlobalClock: 0

+ Individual pipeline summary: 
  * Pipeline-0: initiation interval (II) = 1, depth = 1


============================================================
+ Verbose Summary: Schedule
============================================================
* Number of FSM states : 1
* Pipeline : 1
  Pipeline-0 : II = 1, D = 1, States = { 1 }
* Dataflow Pipeline: 0

* FSM state transitions: 
1 --> 

* FSM state operations: 

State 1 <SV = 0> <Delay = 1.46>
ST_1 : Operation 2 [1/1] (0.00ns)   --->   "%x_read = read i32 @_ssdm_op_Read.ap_auto.float, i32 %x" [C:\scratch\2023.1\hls_product\1026\2023.1\src\shared\hls\clib/src/hls\utils/x_hls_utils.h:317->C:\scratch\2023.1\hls_product\1026\2023.1\src\shared\hls\clib/hlsmath/include/FloatingPoint\hls_fmin.h:21]   --->   Operation 2 'read' 'x_read' <Predicate = true> <Delay = 0.00>
ST_1 : Operation 3 [1/1] (0.00ns)   --->   "%data = bitcast i32 %x_read" [C:\scratch\2023.1\hls_product\1026\2023.1\src\shared\hls\clib/src/hls\utils/x_hls_utils.h:317->C:\scratch\2023.1\hls_product\1026\2023.1\src\shared\hls\clib/hlsmath/include/FloatingPoint\hls_fmin.h:21]   --->   Operation 3 'bitcast' 'data' <Predicate = true> <Delay = 0.00>
ST_1 : Operation 4 [1/1] (0.00ns)   --->   "%x_fp_exp = partselect i8 @_ssdm_op_PartSelect.i8.i32.i32.i32, i32 %data, i32 23, i32 30" [C:\scratch\2023.1\hls_product\1026\2023.1\src\shared\hls\clib/src/hls\utils/x_hls_utils.h:324->C:\scratch\2023.1\hls_product\1026\2023.1\src\shared\hls\clib/hlsmath/include/FloatingPoint\hls_fmin.h:21]   --->   Operation 4 'partselect' 'x_fp_exp' <Predicate = true> <Delay = 0.00>
ST_1 : Operation 5 [1/1] (0.00ns)   --->   "%x_fp_sig = trunc i32 %data" [C:\scratch\2023.1\hls_product\1026\2023.1\src\shared\hls\clib/src/hls\utils/x_hls_utils.h:325->C:\scratch\2023.1\hls_product\1026\2023.1\src\shared\hls\clib/hlsmath/include/FloatingPoint\hls_fmin.h:21]   --->   Operation 5 'trunc' 'x_fp_sig' <Predicate = true> <Delay = 0.00>
ST_1 : Operation 6 [1/1] (0.76ns)   --->   "%icmp_ln18 = icmp_eq  i8 %x_fp_exp, i8 255" [C:\scratch\2023.1\hls_product\1026\2023.1\src\shared\hls\clib/hlsmath/include/FloatingPoint/hls_isnan.h:18->C:\scratch\2023.1\hls_product\1026\2023.1\src\shared\hls\clib/hlsmath/include/FloatingPoint\hls_fmin.h:27]   --->   Operation 6 'icmp' 'icmp_ln18' <Predicate = true> <Delay = 0.76> <CoreInst = "Cmp">   --->   Core 9 'Cmp' <Latency = 0> <II = 1> <Delay = 0.76> <FuncUnit> <Opcode : 'icmp'> <InPorts = 2> <OutPorts = 1>
ST_1 : Operation 7 [1/1] (0.92ns)   --->   "%icmp_ln18_1 = icmp_ne  i23 %x_fp_sig, i23 0" [C:\scratch\2023.1\hls_product\1026\2023.1\src\shared\hls\clib/hlsmath/include/FloatingPoint/hls_isnan.h:18->C:\scratch\2023.1\hls_product\1026\2023.1\src\shared\hls\clib/hlsmath/include/FloatingPoint\hls_fmin.h:27]   --->   Operation 7 'icmp' 'icmp_ln18_1' <Predicate = true> <Delay = 0.92> <CoreInst = "Cmp">   --->   Core 9 'Cmp' <Latency = 0> <II = 1> <Delay = 0.92> <FuncUnit> <Opcode : 'icmp'> <InPorts = 2> <OutPorts = 1>
ST_1 : Operation 8 [1/1] (0.00ns) (grouped into LUT with out node res_1)   --->   "%and_ln18 = and i1 %icmp_ln18, i1 %icmp_ln18_1" [C:\scratch\2023.1\hls_product\1026\2023.1\src\shared\hls\clib/hlsmath/include/FloatingPoint/hls_isnan.h:18->C:\scratch\2023.1\hls_product\1026\2023.1\src\shared\hls\clib/hlsmath/include/FloatingPoint\hls_fmin.h:27]   --->   Operation 8 'and' 'and_ln18' <Predicate = true> <Delay = 0.00> <CoreInst = "LogicGate">   --->   Core 74 'LogicGate' <Latency = 0> <II = 1> <Delay = 0.28> <FuncUnit> <Opcode : 'and' 'or' 'xor'> <InPorts = 2> <OutPorts = 1>
ST_1 : Operation 9 [1/1] (1.01ns)   --->   "%ymaggreater = icmp_slt  i32 %data, i32 1098907648" [C:\scratch\2023.1\hls_product\1026\2023.1\src\shared\hls\clib/hlsmath/include/FloatingPoint\hls_fmin.h:38]   --->   Operation 9 'icmp' 'ymaggreater' <Predicate = (!and_ln18)> <Delay = 1.01> <CoreInst = "Cmp">   --->   Core 9 'Cmp' <Latency = 0> <II = 1> <Delay = 1.01> <FuncUnit> <Opcode : 'icmp'> <InPorts = 2> <OutPorts = 1>
ST_1 : Operation 10 [1/1] (0.00ns) (grouped into LUT with out node res_1)   --->   "%res = select i1 %ymaggreater, i32 %x_read, i32 16" [C:\scratch\2023.1\hls_product\1026\2023.1\src\shared\hls\clib/hlsmath/include/FloatingPoint\hls_fmin.h:40]   --->   Operation 10 'select' 'res' <Predicate = (!and_ln18)> <Delay = 0.00> <CoreInst = "Sel">   --->   Core 73 'Sel' <Latency = 0> <II = 1> <Delay = 0.44> <FuncUnit> <Opcode : 'select'> <InPorts = 3> <OutPorts = 1>
ST_1 : Operation 11 [1/1] (0.44ns) (out node of the LUT)   --->   "%res_1 = select i1 %and_ln18, i32 16, i32 %res" [C:\scratch\2023.1\hls_product\1026\2023.1\src\shared\hls\clib/hlsmath/include/FloatingPoint/hls_isnan.h:18->C:\scratch\2023.1\hls_product\1026\2023.1\src\shared\hls\clib/hlsmath/include/FloatingPoint\hls_fmin.h:27]   --->   Operation 11 'select' 'res_1' <Predicate = true> <Delay = 0.44> <CoreInst = "Sel">   --->   Core 73 'Sel' <Latency = 0> <II = 1> <Delay = 0.44> <FuncUnit> <Opcode : 'select'> <InPorts = 3> <OutPorts = 1>
ST_1 : Operation 12 [1/1] (0.00ns)   --->   "%ret_ln42 = ret i32 %res_1" [C:\scratch\2023.1\hls_product\1026\2023.1\src\shared\hls\clib/hlsmath/include/FloatingPoint\hls_fmin.h:42]   --->   Operation 12 'ret' 'ret_ln42' <Predicate = true> <Delay = 0.00>


============================================================
+ Verbose Summary: Binding
============================================================
STG Binding: 
---------------- STG Properties BEGIN ----------------
- Is combinational: 1
- Is one-state seq: 0
- Is datapath-only: 0
- Is pipelined: 1
- Is top level: 0
Port [ Return ] is wired: 1; IO mode=ap_ctrl_hs:ce=0
Port [ x]:  wired=1; compound=0; hidden=0; nouse=0; global=0; static=0; extern=0; dir=0; type=0; pingpong=0; private_global=0; IO mode=ap_none:ce=0
---------------- STG Properties END ------------------

---------------- Datapath Model BEGIN ----------------

<LifeTime>
<method=bitvector/>
x_read      (read      ) [ 00]
data        (bitcast   ) [ 00]
x_fp_exp    (partselect) [ 00]
x_fp_sig    (trunc     ) [ 00]
icmp_ln18   (icmp      ) [ 00]
icmp_ln18_1 (icmp      ) [ 00]
and_ln18    (and       ) [ 01]
ymaggreater (icmp      ) [ 00]
res         (select    ) [ 00]
res_1       (select    ) [ 00]
ret_ln42    (ret       ) [ 00]
</LifeTime>

<model>

<comp_list>
<comp id="0" class="1000" name="x">
<pin_list>
<pin id="1" dir="1" index="0" bw="1" slack="0"/>
</pin_list>
<bind>
<StgValue><ssdm name="x"/></StgValue>
</bind>
</comp>

<comp id="2" class="1001" name="const_2">
<pin_list>
<pin id="3" dir="1" index="0" bw="1" slack="0"/>
</pin_list>
<bind>
<StgValue><ssdm name="_ssdm_op_Read.ap_auto.float"/></StgValue>
</bind>
</comp>

<comp id="4" class="1001" name="const_4">
<pin_list>
<pin id="5" dir="1" index="0" bw="1" slack="0"/>
</pin_list>
<bind>
<StgValue><ssdm name="_ssdm_op_PartSelect.i8.i32.i32.i32"/></StgValue>
</bind>
</comp>

<comp id="6" class="1001" name="const_6">
<pin_list>
<pin id="7" dir="1" index="0" bw="1" slack="0"/>
</pin_list>
<bind>
<StgValue><ssdm name=""/></StgValue>
</bind>
</comp>

<comp id="8" class="1001" name="const_8">
<pin_list>
<pin id="9" dir="1" index="0" bw="1" slack="0"/>
</pin_list>
<bind>
<StgValue><ssdm name=""/></StgValue>
</bind>
</comp>

<comp id="10" class="1001" name="const_10">
<pin_list>
<pin id="11" dir="1" index="0" bw="1" slack="0"/>
</pin_list>
<bind>
<StgValue><ssdm name=""/></StgValue>
</bind>
</comp>

<comp id="12" class="1001" name="const_12">
<pin_list>
<pin id="13" dir="1" index="0" bw="1" slack="0"/>
</pin_list>
<bind>
<StgValue><ssdm name=""/></StgValue>
</bind>
</comp>

<comp id="14" class="1001" name="const_14">
<pin_list>
<pin id="15" dir="1" index="0" bw="1" slack="0"/>
</pin_list>
<bind>
<StgValue><ssdm name=""/></StgValue>
</bind>
</comp>

<comp id="16" class="1001" name="const_16">
<pin_list>
<pin id="17" dir="1" index="0" bw="1" slack="0"/>
</pin_list>
<bind>
<StgValue><ssdm name=""/></StgValue>
</bind>
</comp>

<comp id="18" class="1004" name="x_read_read_fu_18">
<pin_list>
<pin id="19" dir="0" index="0" bw="32" slack="0"/>
<pin id="20" dir="0" index="1" bw="32" slack="0"/>
<pin id="21" dir="1" index="2" bw="32" slack="0"/>
</pin_list>
<bind>
<opcode="read(1150) " fcode="read"/>
<opset="x_read/1 "/>
</bind>
</comp>

<comp id="24" class="1004" name="data_fu_24">
<pin_list>
<pin id="25" dir="0" index="0" bw="32" slack="0"/>
<pin id="26" dir="1" index="1" bw="32" slack="0"/>
</pin_list>
<bind>
<opcode="bitcast(44) " fcode="bitcast"/>
<opset="data/1 "/>
</bind>
</comp>

<comp id="28" class="1004" name="x_fp_exp_fu_28">
<pin_list>
<pin id="29" dir="0" index="0" bw="8" slack="0"/>
<pin id="30" dir="0" index="1" bw="32" slack="0"/>
<pin id="31" dir="0" index="2" bw="6" slack="0"/>
<pin id="32" dir="0" index="3" bw="6" slack="0"/>
<pin id="33" dir="1" index="4" bw="8" slack="0"/>
</pin_list>
<bind>
<opcode="partselect(1002) " fcode="partselect"/>
<opset="x_fp_exp/1 "/>
</bind>
</comp>

<comp id="38" class="1004" name="x_fp_sig_fu_38">
<pin_list>
<pin id="39" dir="0" index="0" bw="32" slack="0"/>
<pin id="40" dir="1" index="1" bw="23" slack="0"/>
</pin_list>
<bind>
<opcode="trunc(33) " fcode="trunc"/>
<opset="x_fp_sig/1 "/>
</bind>
</comp>

<comp id="42" class="1004" name="icmp_ln18_fu_42">
<pin_list>
<pin id="43" dir="0" index="0" bw="8" slack="0"/>
<pin id="44" dir="0" index="1" bw="8" slack="0"/>
<pin id="45" dir="1" index="2" bw="1" slack="0"/>
</pin_list>
<bind>
<opcode="icmp(45) " fcode="icmp"/>
<opset="icmp_ln18/1 "/>
</bind>
</comp>

<comp id="48" class="1004" name="icmp_ln18_1_fu_48">
<pin_list>
<pin id="49" dir="0" index="0" bw="23" slack="0"/>
<pin id="50" dir="0" index="1" bw="23" slack="0"/>
<pin id="51" dir="1" index="2" bw="1" slack="0"/>
</pin_list>
<bind>
<opcode="icmp(45) " fcode="icmp"/>
<opset="icmp_ln18_1/1 "/>
</bind>
</comp>

<comp id="54" class="1004" name="and_ln18_fu_54">
<pin_list>
<pin id="55" dir="0" index="0" bw="1" slack="0"/>
<pin id="56" dir="0" index="1" bw="1" slack="0"/>
<pin id="57" dir="1" index="2" bw="1" slack="0"/>
</pin_list>
<bind>
<opcode="and(23) " fcode="and"/>
<opset="and_ln18/1 "/>
</bind>
</comp>

<comp id="60" class="1004" name="ymaggreater_fu_60">
<pin_list>
<pin id="61" dir="0" index="0" bw="32" slack="0"/>
<pin id="62" dir="0" index="1" bw="32" slack="0"/>
<pin id="63" dir="1" index="2" bw="1" slack="0"/>
</pin_list>
<bind>
<opcode="icmp(45) " fcode="icmp"/>
<opset="ymaggreater/1 "/>
</bind>
</comp>

<comp id="66" class="1004" name="res_fu_66">
<pin_list>
<pin id="67" dir="0" index="0" bw="1" slack="0"/>
<pin id="68" dir="0" index="1" bw="32" slack="0"/>
<pin id="69" dir="0" index="2" bw="32" slack="0"/>
<pin id="70" dir="1" index="3" bw="32" slack="0"/>
</pin_list>
<bind>
<opcode="select(49) " fcode="select"/>
<opset="res/1 "/>
</bind>
</comp>

<comp id="74" class="1004" name="res_1_fu_74">
<pin_list>
<pin id="75" dir="0" index="0" bw="1" slack="0"/>
<pin id="76" dir="0" index="1" bw="32" slack="0"/>
<pin id="77" dir="0" index="2" bw="32" slack="0"/>
<pin id="78" dir="1" index="3" bw="32" slack="2147483647"/>
</pin_list>
<bind>
<opcode="select(49) " fcode="select"/>
<opset="res_1/1 "/>
</bind>
</comp>

</comp_list>

<net_list>
<net id="22"><net_src comp="2" pin="0"/><net_sink comp="18" pin=0"/></net>

<net id="23"><net_src comp="0" pin="0"/><net_sink comp="18" pin=1"/></net>

<net id="27"><net_src comp="18" pin="2"/><net_sink comp="24" pin=0"/></net>

<net id="34"><net_src comp="4" pin="0"/><net_sink comp="28" pin=0"/></net>

<net id="35"><net_src comp="24" pin="1"/><net_sink comp="28" pin=1"/></net>

<net id="36"><net_src comp="6" pin="0"/><net_sink comp="28" pin=2"/></net>

<net id="37"><net_src comp="8" pin="0"/><net_sink comp="28" pin=3"/></net>

<net id="41"><net_src comp="24" pin="1"/><net_sink comp="38" pin=0"/></net>

<net id="46"><net_src comp="28" pin="4"/><net_sink comp="42" pin=0"/></net>

<net id="47"><net_src comp="10" pin="0"/><net_sink comp="42" pin=1"/></net>

<net id="52"><net_src comp="38" pin="1"/><net_sink comp="48" pin=0"/></net>

<net id="53"><net_src comp="12" pin="0"/><net_sink comp="48" pin=1"/></net>

<net id="58"><net_src comp="42" pin="2"/><net_sink comp="54" pin=0"/></net>

<net id="59"><net_src comp="48" pin="2"/><net_sink comp="54" pin=1"/></net>

<net id="64"><net_src comp="24" pin="1"/><net_sink comp="60" pin=0"/></net>

<net id="65"><net_src comp="14" pin="0"/><net_sink comp="60" pin=1"/></net>

<net id="71"><net_src comp="60" pin="2"/><net_sink comp="66" pin=0"/></net>

<net id="72"><net_src comp="18" pin="2"/><net_sink comp="66" pin=1"/></net>

<net id="73"><net_src comp="16" pin="0"/><net_sink comp="66" pin=2"/></net>

<net id="79"><net_src comp="54" pin="2"/><net_sink comp="74" pin=0"/></net>

<net id="80"><net_src comp="16" pin="0"/><net_sink comp="74" pin=1"/></net>

<net id="81"><net_src comp="66" pin="3"/><net_sink comp="74" pin=2"/></net>

</net_list>

</model> 
---------------- Datapath Model END ------------------

* FSMD analyzer results:
  - Output states:
 - Input state : 
	Port: generic_fmin<float> : x | {1 }
  - Chain level:
	State 1
		x_fp_exp : 1
		x_fp_sig : 1
		icmp_ln18 : 2
		icmp_ln18_1 : 2
		and_ln18 : 3
		ymaggreater : 1
		res : 2
		res_1 : 3
		ret_ln42 : 4


============================================================
+ Verbose Summary: Datapath Resource usage 
============================================================

* Functional unit list:
|----------|-------------------|---------|---------|
| Operation|  Functional Unit  |    FF   |   LUT   |
|----------|-------------------|---------|---------|
|          |  icmp_ln18_fu_42  |    0    |    15   |
|   icmp   | icmp_ln18_1_fu_48 |    0    |    30   |
|          | ymaggreater_fu_60 |    0    |    39   |
|----------|-------------------|---------|---------|
|  select  |     res_fu_66     |    0    |    32   |
|          |    res_1_fu_74    |    0    |    32   |
|----------|-------------------|---------|---------|
|    and   |   and_ln18_fu_54  |    0    |    2    |
|----------|-------------------|---------|---------|
|   read   | x_read_read_fu_18 |    0    |    0    |
|----------|-------------------|---------|---------|
|partselect|   x_fp_exp_fu_28  |    0    |    0    |
|----------|-------------------|---------|---------|
|   trunc  |   x_fp_sig_fu_38  |    0    |    0    |
|----------|-------------------|---------|---------|
|   Total  |                   |    0    |   150   |
|----------|-------------------|---------|---------|

Memories:
N/A

* Register list:
N/A

* Multiplexer (MUX) list: 
|--------|------|------|------|--------|
|  Comp  |  Pin | Size |  BW  | S x BW |
|--------|------|------|------|--------|
|  Total |      |      |      |    0   |
|--------|------|------|------|--------|



* Summary:
+-----------+--------+--------+
|           |   FF   |   LUT  |
+-----------+--------+--------+
|  Function |    0   |   150  |
|   Memory  |    -   |    -   |
|Multiplexer|    -   |    -   |
|  Register |    -   |    -   |
+-----------+--------+--------+
|   Total   |    0   |   150  |
+-----------+--------+--------+
