

================================================================
== Vitis HLS Report for 'generic_fmin_float_s'
================================================================
* Date:           Tue Oct 28 17:20:47 2025

* Version:        2023.1 (Build 3854077 on May  4 2023)
* Project:        srcnn_hls
* Solution:       solution1 (Vivado IP Flow Target)
* Product family: zynquplus
* Target device:  xck26-sfvc784-2LV-c


================================================================
== Performance Estimates
================================================================
+ Timing: 
    * Summary: 
    +--------+----------+----------+------------+
    |  Clock |  Target  | Estimated| Uncertainty|
    +--------+----------+----------+------------+
    |ap_clk  |  10.00 ns|  1.465 ns|     2.70 ns|
    +--------+----------+----------+------------+

+ Latency: 
    * Summary: 
    +---------+---------+----------+----------+-----+-----+---------+
    |  Latency (cycles) |  Latency (absolute) |  Interval | Pipeline|
    |   min   |   max   |    min   |    max   | min | max |   Type  |
    +---------+---------+----------+----------+-----+-----+---------+
    |        0|        0|      0 ns|      0 ns|    1|    1|      yes|
    +---------+---------+----------+----------+-----+-----+---------+

    + Detail: 
        * Instance: 
        N/A

        * Loop: 
        N/A

============================================================
+ Verbose Summary: Synthesis Manager
============================================================
InlineROM: 1
ExposeGlobal: 0
============================================================
+ Verbose Summary: CDFG Model
============================================================
IsTopModel: 0
ResetActiveHigh: 1
IsCombinational: 0
IsDatapathOnly: 0
HasWiredReturn: 1
HasMFsm: 2
HasVarLatency: 0
IsPipeline: 1
IsRtlPipelined: 0
IsInstanceOverlapped: 0
IsDontTouch: 0
HasImplIP: 0
IsGatedGlobalClock: 0

+ Individual pipeline summary: 
  * Pipeline-0: initiation interval (II) = 1, depth = 1


============================================================
+ Verbose Summary: Schedule
============================================================
* Number of FSM states : 1
* Pipeline : 1
  Pipeline-0 : II = 1, D = 1, States = { 1 }
* Dataflow Pipeline: 0

* FSM state transitions: 
1 --> 

* FSM state operations: 

State 1 <SV = 0> <Delay = 1.46>
ST_1 : Operation 2 [1/1] (0.00ns)   --->   "%x_read = read i32 @_ssdm_op_Read.ap_auto.float, i32 %x" [C:\scratch\2023.1\hls_product\1026\2023.1\src\shared\hls\clib/src/hls\utils/x_hls_utils.h:317->C:\scratch\2023.1\hls_product\1026\2023.1\src\shared\hls\clib/hlsmath/include/FloatingPoint\hls_fmin.h:21]   --->   Operation 2 'read' 'x_read' <Predicate = true> <Delay = 0.00>
ST_1 : Operation 3 [1/1] (0.00ns)   --->   "%data = bitcast i32 %x_read" [C:\scratch\2023.1\hls_product\1026\2023.1\src\shared\hls\clib/src/hls\utils/x_hls_utils.h:317->C:\scratch\2023.1\hls_product\1026\2023.1\src\shared\hls\clib/hlsmath/include/FloatingPoint\hls_fmin.h:21]   --->   Operation 3 'bitcast' 'data' <Predicate = true> <Delay = 0.00>
ST_1 : Operation 4 [1/1] (0.00ns)   --->   "%x_fp_exp = partselect i8 @_ssdm_op_PartSelect.i8.i32.i32.i32, i32 %data, i32 23, i32 30" [C:\scratch\2023.1\hls_product\1026\2023.1\src\shared\hls\clib/src/hls\utils/x_hls_utils.h:324->C:\scratch\2023.1\hls_product\1026\2023.1\src\shared\hls\clib/hlsmath/include/FloatingPoint\hls_fmin.h:21]   --->   Operation 4 'partselect' 'x_fp_exp' <Predicate = true> <Delay = 0.00>
ST_1 : Operation 5 [1/1] (0.00ns)   --->   "%x_fp_sig = trunc i32 %data" [C:\scratch\2023.1\hls_product\1026\2023.1\src\shared\hls\clib/src/hls\utils/x_hls_utils.h:325->C:\scratch\2023.1\hls_product\1026\2023.1\src\shared\hls\clib/hlsmath/include/FloatingPoint\hls_fmin.h:21]   --->   Operation 5 'trunc' 'x_fp_sig' <Predicate = true> <Delay = 0.00>
ST_1 : Operation 6 [1/1] (0.76ns)   --->   "%icmp_ln18 = icmp_eq  i8 %x_fp_exp, i8 255" [C:\scratch\2023.1\hls_product\1026\2023.1\src\shared\hls\clib/hlsmath/include/FloatingPoint/hls_isnan.h:18->C:\scratch\2023.1\hls_product\1026\2023.1\src\shared\hls\clib/hlsmath/include/FloatingPoint\hls_fmin.h:27]   --->   Operation 6 'icmp' 'icmp_ln18' <Predicate = true> <Delay = 0.76> <CoreInst = "Cmp">   --->   Core 9 'Cmp' <Latency = 0> <II = 1> <Delay = 0.76> <FuncUnit> <Opcode : 'icmp'> <InPorts = 2> <OutPorts = 1>
ST_1 : Operation 7 [1/1] (0.92ns)   --->   "%icmp_ln18_1 = icmp_ne  i23 %x_fp_sig, i23 0" [C:\scratch\2023.1\hls_product\1026\2023.1\src\shared\hls\clib/hlsmath/include/FloatingPoint/hls_isnan.h:18->C:\scratch\2023.1\hls_product\1026\2023.1\src\shared\hls\clib/hlsmath/include/FloatingPoint\hls_fmin.h:27]   --->   Operation 7 'icmp' 'icmp_ln18_1' <Predicate = true> <Delay = 0.92> <CoreInst = "Cmp">   --->   Core 9 'Cmp' <Latency = 0> <II = 1> <Delay = 0.92> <FuncUnit> <Opcode : 'icmp'> <InPorts = 2> <OutPorts = 1>
ST_1 : Operation 8 [1/1] (0.00ns) (grouped into LUT with out node res_1)   --->   "%and_ln18 = and i1 %icmp_ln18, i1 %icmp_ln18_1" [C:\scratch\2023.1\hls_product\1026\2023.1\src\shared\hls\clib/hlsmath/include/FloatingPoint/hls_isnan.h:18->C:\scratch\2023.1\hls_product\1026\2023.1\src\shared\hls\clib/hlsmath/include/FloatingPoint\hls_fmin.h:27]   --->   Operation 8 'and' 'and_ln18' <Predicate = true> <Delay = 0.00> <CoreInst = "LogicGate">   --->   Core 74 'LogicGate' <Latency = 0> <II = 1> <Delay = 0.28> <FuncUnit> <Opcode : 'and' 'or' 'xor'> <InPorts = 2> <OutPorts = 1>
ST_1 : Operation 9 [1/1] (1.01ns)   --->   "%ymaggreater = icmp_slt  i32 %data, i32 1098907648" [C:\scratch\2023.1\hls_product\1026\2023.1\src\shared\hls\clib/hlsmath/include/FloatingPoint\hls_fmin.h:38]   --->   Operation 9 'icmp' 'ymaggreater' <Predicate = (!and_ln18)> <Delay = 1.01> <CoreInst = "Cmp">   --->   Core 9 'Cmp' <Latency = 0> <II = 1> <Delay = 1.01> <FuncUnit> <Opcode : 'icmp'> <InPorts = 2> <OutPorts = 1>
ST_1 : Operation 10 [1/1] (0.00ns) (grouped into LUT with out node res_1)   --->   "%res = select i1 %ymaggreater, i32 %x_read, i32 16" [C:\scratch\2023.1\hls_product\1026\2023.1\src\shared\hls\clib/hlsmath/include/FloatingPoint\hls_fmin.h:40]   --->   Operation 10 'select' 'res' <Predicate = (!and_ln18)> <Delay = 0.00> <CoreInst = "Sel">   --->   Core 73 'Sel' <Latency = 0> <II = 1> <Delay = 0.44> <FuncUnit> <Opcode : 'select'> <InPorts = 3> <OutPorts = 1>
ST_1 : Operation 11 [1/1] (0.44ns) (out node of the LUT)   --->   "%res_1 = select i1 %and_ln18, i32 16, i32 %res" [C:\scratch\2023.1\hls_product\1026\2023.1\src\shared\hls\clib/hlsmath/include/FloatingPoint/hls_isnan.h:18->C:\scratch\2023.1\hls_product\1026\2023.1\src\shared\hls\clib/hlsmath/include/FloatingPoint\hls_fmin.h:27]   --->   Operation 11 'select' 'res_1' <Predicate = true> <Delay = 0.44> <CoreInst = "Sel">   --->   Core 73 'Sel' <Latency = 0> <II = 1> <Delay = 0.44> <FuncUnit> <Opcode : 'select'> <InPorts = 3> <OutPorts = 1>
ST_1 : Operation 12 [1/1] (0.00ns)   --->   "%ret_ln42 = ret i32 %res_1" [C:\scratch\2023.1\hls_product\1026\2023.1\src\shared\hls\clib/hlsmath/include/FloatingPoint\hls_fmin.h:42]   --->   Operation 12 'ret' 'ret_ln42' <Predicate = true> <Delay = 0.00>


============================================================
+ Verbose Summary: Timing violations
============================================================
Target clock period: 10.000ns, clock uncertainty: 2.700ns.

 <State 1>: 1.465ns
The critical path consists of the following:
	wire read operation ('x_read', C:\scratch\2023.1\hls_product\1026\2023.1\src\shared\hls\clib/src/hls\utils/x_hls_utils.h:317->C:\scratch\2023.1\hls_product\1026\2023.1\src\shared\hls\clib/hlsmath/include/FloatingPoint\hls_fmin.h:21) on port 'x' (C:\scratch\2023.1\hls_product\1026\2023.1\src\shared\hls\clib/src/hls\utils/x_hls_utils.h:317->C:\scratch\2023.1\hls_product\1026\2023.1\src\shared\hls\clib/hlsmath/include/FloatingPoint\hls_fmin.h:21) [2]  (0.000 ns)
	'icmp' operation ('ymaggreater', C:\scratch\2023.1\hls_product\1026\2023.1\src\shared\hls\clib/hlsmath/include/FloatingPoint\hls_fmin.h:38) [9]  (1.016 ns)
	'select' operation ('res', C:\scratch\2023.1\hls_product\1026\2023.1\src\shared\hls\clib/hlsmath/include/FloatingPoint\hls_fmin.h:40) [10]  (0.000 ns)
	'select' operation ('res', C:\scratch\2023.1\hls_product\1026\2023.1\src\shared\hls\clib/hlsmath/include/FloatingPoint/hls_isnan.h:18->C:\scratch\2023.1\hls_product\1026\2023.1\src\shared\hls\clib/hlsmath/include/FloatingPoint\hls_fmin.h:27) [11]  (0.449 ns)


============================================================
+ Verbose Summary: Binding
============================================================
N/A
* FSMD analyzer results:
  - Output states:
 - Input state : 
  - Chain level:
	State 1


============================================================
+ Verbose Summary: Datapath Resource usage 
============================================================
N/A
