

================================================================
== Vitis HLS Report for 'load_conv3_params'
================================================================
* Date:           Fri Oct 31 13:47:47 2025

* Version:        2023.1 (Build 3854077 on May  4 2023)
* Project:        srcnn_hls
* Solution:       solution1 (Vivado IP Flow Target)
* Product family: zynquplus
* Target device:  xck26-sfvc784-2LV-c


================================================================
== Performance Estimates
================================================================
+ Timing: 
    * Summary: 
    +--------+----------+----------+------------+
    |  Clock |  Target  | Estimated| Uncertainty|
    +--------+----------+----------+------------+
    |ap_clk  |  10.00 ns|  7.300 ns|     2.70 ns|
    +--------+----------+----------+------------+

+ Latency: 
    * Summary: 
    +---------+---------+----------+----------+-----+-----+---------+
    |  Latency (cycles) |  Latency (absolute) |  Interval | Pipeline|
    |   min   |   max   |    min   |    max   | min | max |   Type  |
    +---------+---------+----------+----------+-----+-----+---------+
    |      812|      812|  8.120 us|  8.120 us|  812|  812|       no|
    +---------+---------+----------+----------+-----+-----+---------+

    + Detail: 
        * Instance: 
        N/A

        * Loop: 
        N/A

============================================================
+ Verbose Summary: Synthesis Manager
============================================================
InlineROM: 1
ExposeGlobal: 0
============================================================
+ Verbose Summary: CDFG Model
============================================================
IsTopModel: 0
ResetActiveHigh: 1
IsCombinational: 0
IsDatapathOnly: 0
HasWiredReturn: 1
HasMFsm: 0
HasVarLatency: 1
IsPipeline: 0
IsRtlPipelined: 0
IsInstanceOverlapped: 0
IsDontTouch: 0
HasImplIP: 0
IsGatedGlobalClock: 0


============================================================
+ Verbose Summary: Schedule
============================================================
* Number of FSM states : 10
* Pipeline : 0
* Dataflow Pipeline: 0

* FSM state transitions: 
1 --> 2 
2 --> 3 
3 --> 4 
4 --> 5 
5 --> 6 
6 --> 7 
7 --> 8 
8 --> 9 
9 --> 10 
10 --> 

* FSM state operations: 

State 1 <SV = 0> <Delay = 7.30>
ST_1 : Operation 11 [1/1] (0.00ns)   --->   "%conv3_weights_read = read i64 @_ssdm_op_Read.ap_auto.i64, i64 %conv3_weights" [src/srcnn.cpp:216]   --->   Operation 11 'read' 'conv3_weights_read' <Predicate = true> <Delay = 0.00>
ST_1 : Operation 12 [1/1] (0.00ns)   --->   "%trunc_ln = partselect i62 @_ssdm_op_PartSelect.i62.i64.i32.i32, i64 %conv3_weights_read, i32 2, i32 63" [src/srcnn.cpp:217]   --->   Operation 12 'partselect' 'trunc_ln' <Predicate = true> <Delay = 0.00>
ST_1 : Operation 13 [1/1] (0.00ns)   --->   "%sext_ln217 = sext i62 %trunc_ln" [src/srcnn.cpp:217]   --->   Operation 13 'sext' 'sext_ln217' <Predicate = true> <Delay = 0.00>
ST_1 : Operation 14 [1/1] (0.00ns)   --->   "%gmem_w3_addr = getelementptr i32 %gmem_w3, i64 %sext_ln217" [src/srcnn.cpp:217]   --->   Operation 14 'getelementptr' 'gmem_w3_addr' <Predicate = true> <Delay = 0.00>
ST_1 : Operation 15 [8/8] (7.30ns)   --->   "%empty = readreq i1 @_ssdm_op_ReadReq.m_axi.p1i32, i32 %gmem_w3_addr, i32 800" [src/srcnn.cpp:217]   --->   Operation 15 'readreq' 'empty' <Predicate = true> <Delay = 7.30> <CoreInst = "m_axi">   --->   Core 121 'm_axi' <Latency = 0> <II = 1> <Delay = 1.00> <Adapter> <Opcode : 'read' 'write' 'readreq' 'writereq' 'writeresp'>

State 2 <SV = 1> <Delay = 7.30>
ST_2 : Operation 16 [7/8] (7.30ns)   --->   "%empty = readreq i1 @_ssdm_op_ReadReq.m_axi.p1i32, i32 %gmem_w3_addr, i32 800" [src/srcnn.cpp:217]   --->   Operation 16 'readreq' 'empty' <Predicate = true> <Delay = 7.30> <CoreInst = "m_axi">   --->   Core 121 'm_axi' <Latency = 0> <II = 1> <Delay = 1.00> <Adapter> <Opcode : 'read' 'write' 'readreq' 'writereq' 'writeresp'>

State 3 <SV = 2> <Delay = 7.30>
ST_3 : Operation 17 [6/8] (7.30ns)   --->   "%empty = readreq i1 @_ssdm_op_ReadReq.m_axi.p1i32, i32 %gmem_w3_addr, i32 800" [src/srcnn.cpp:217]   --->   Operation 17 'readreq' 'empty' <Predicate = true> <Delay = 7.30> <CoreInst = "m_axi">   --->   Core 121 'm_axi' <Latency = 0> <II = 1> <Delay = 1.00> <Adapter> <Opcode : 'read' 'write' 'readreq' 'writereq' 'writeresp'>

State 4 <SV = 3> <Delay = 7.30>
ST_4 : Operation 18 [5/8] (7.30ns)   --->   "%empty = readreq i1 @_ssdm_op_ReadReq.m_axi.p1i32, i32 %gmem_w3_addr, i32 800" [src/srcnn.cpp:217]   --->   Operation 18 'readreq' 'empty' <Predicate = true> <Delay = 7.30> <CoreInst = "m_axi">   --->   Core 121 'm_axi' <Latency = 0> <II = 1> <Delay = 1.00> <Adapter> <Opcode : 'read' 'write' 'readreq' 'writereq' 'writeresp'>

State 5 <SV = 4> <Delay = 7.30>
ST_5 : Operation 19 [4/8] (7.30ns)   --->   "%empty = readreq i1 @_ssdm_op_ReadReq.m_axi.p1i32, i32 %gmem_w3_addr, i32 800" [src/srcnn.cpp:217]   --->   Operation 19 'readreq' 'empty' <Predicate = true> <Delay = 7.30> <CoreInst = "m_axi">   --->   Core 121 'm_axi' <Latency = 0> <II = 1> <Delay = 1.00> <Adapter> <Opcode : 'read' 'write' 'readreq' 'writereq' 'writeresp'>

State 6 <SV = 5> <Delay = 7.30>
ST_6 : Operation 20 [3/8] (7.30ns)   --->   "%empty = readreq i1 @_ssdm_op_ReadReq.m_axi.p1i32, i32 %gmem_w3_addr, i32 800" [src/srcnn.cpp:217]   --->   Operation 20 'readreq' 'empty' <Predicate = true> <Delay = 7.30> <CoreInst = "m_axi">   --->   Core 121 'm_axi' <Latency = 0> <II = 1> <Delay = 1.00> <Adapter> <Opcode : 'read' 'write' 'readreq' 'writereq' 'writeresp'>

State 7 <SV = 6> <Delay = 7.30>
ST_7 : Operation 21 [2/8] (7.30ns)   --->   "%empty = readreq i1 @_ssdm_op_ReadReq.m_axi.p1i32, i32 %gmem_w3_addr, i32 800" [src/srcnn.cpp:217]   --->   Operation 21 'readreq' 'empty' <Predicate = true> <Delay = 7.30> <CoreInst = "m_axi">   --->   Core 121 'm_axi' <Latency = 0> <II = 1> <Delay = 1.00> <Adapter> <Opcode : 'read' 'write' 'readreq' 'writereq' 'writeresp'>

State 8 <SV = 7> <Delay = 7.30>
ST_8 : Operation 22 [1/8] (7.30ns)   --->   "%empty = readreq i1 @_ssdm_op_ReadReq.m_axi.p1i32, i32 %gmem_w3_addr, i32 800" [src/srcnn.cpp:217]   --->   Operation 22 'readreq' 'empty' <Predicate = true> <Delay = 7.30> <CoreInst = "m_axi">   --->   Core 121 'm_axi' <Latency = 0> <II = 1> <Delay = 1.00> <Adapter> <Opcode : 'read' 'write' 'readreq' 'writereq' 'writeresp'>

State 9 <SV = 8> <Delay = 0.00>
ST_9 : Operation 23 [2/2] (0.00ns)   --->   "%call_ln217 = call void @load_conv3_params_Pipeline_VITIS_LOOP_217_2_VITIS_LOOP_218_3_VITIS_LOOP_219_4, i32 %gmem_w3, i62 %trunc_ln, i32 %p_ZZ5srcnnPA255_A255_fPA1_A9_A9_fPfPA64_A1_A1_fS6_PA32_A5_A5_fS6_S1_E19conv3_weig_31, i32 %p_ZZ5srcnnPA255_A255_fPA1_A9_A9_fPfPA64_A1_A1_fS6_PA32_A5_A5_fS6_S1_E19conv3_weig_30, i32 %p_ZZ5srcnnPA255_A255_fPA1_A9_A9_fPfPA64_A1_A1_fS6_PA32_A5_A5_fS6_S1_E19conv3_weig_29, i32 %p_ZZ5srcnnPA255_A255_fPA1_A9_A9_fPfPA64_A1_A1_fS6_PA32_A5_A5_fS6_S1_E19conv3_weig_28, i32 %p_ZZ5srcnnPA255_A255_fPA1_A9_A9_fPfPA64_A1_A1_fS6_PA32_A5_A5_fS6_S1_E19conv3_weig_27, i32 %p_ZZ5srcnnPA255_A255_fPA1_A9_A9_fPfPA64_A1_A1_fS6_PA32_A5_A5_fS6_S1_E19conv3_weig_26, i32 %p_ZZ5srcnnPA255_A255_fPA1_A9_A9_fPfPA64_A1_A1_fS6_PA32_A5_A5_fS6_S1_E19conv3_weig_25, i32 %p_ZZ5srcnnPA255_A255_fPA1_A9_A9_fPfPA64_A1_A1_fS6_PA32_A5_A5_fS6_S1_E19conv3_weig_24, i32 %p_ZZ5srcnnPA255_A255_fPA1_A9_A9_fPfPA64_A1_A1_fS6_PA32_A5_A5_fS6_S1_E19conv3_weig_23, i32 %p_ZZ5srcnnPA255_A255_fPA1_A9_A9_fPfPA64_A1_A1_fS6_PA32_A5_A5_fS6_S1_E19conv3_weig_22, i32 %p_ZZ5srcnnPA255_A255_fPA1_A9_A9_fPfPA64_A1_A1_fS6_PA32_A5_A5_fS6_S1_E19conv3_weig_21, i32 %p_ZZ5srcnnPA255_A255_fPA1_A9_A9_fPfPA64_A1_A1_fS6_PA32_A5_A5_fS6_S1_E19conv3_weig_20, i32 %p_ZZ5srcnnPA255_A255_fPA1_A9_A9_fPfPA64_A1_A1_fS6_PA32_A5_A5_fS6_S1_E19conv3_weig_19, i32 %p_ZZ5srcnnPA255_A255_fPA1_A9_A9_fPfPA64_A1_A1_fS6_PA32_A5_A5_fS6_S1_E19conv3_weig_18, i32 %p_ZZ5srcnnPA255_A255_fPA1_A9_A9_fPfPA64_A1_A1_fS6_PA32_A5_A5_fS6_S1_E19conv3_weig_17, i32 %p_ZZ5srcnnPA255_A255_fPA1_A9_A9_fPfPA64_A1_A1_fS6_PA32_A5_A5_fS6_S1_E19conv3_weig_16, i32 %p_ZZ5srcnnPA255_A255_fPA1_A9_A9_fPfPA64_A1_A1_fS6_PA32_A5_A5_fS6_S1_E19conv3_weig_15, i32 %p_ZZ5srcnnPA255_A255_fPA1_A9_A9_fPfPA64_A1_A1_fS6_PA32_A5_A5_fS6_S1_E19conv3_weig_14, i32 %p_ZZ5srcnnPA255_A255_fPA1_A9_A9_fPfPA64_A1_A1_fS6_PA32_A5_A5_fS6_S1_E19conv3_weig_13, i32 %p_ZZ5srcnnPA255_A255_fPA1_A9_A9_fPfPA64_A1_A1_fS6_PA32_A5_A5_fS6_S1_E19conv3_weig_12, i32 %p_ZZ5srcnnPA255_A255_fPA1_A9_A9_fPfPA64_A1_A1_fS6_PA32_A5_A5_fS6_S1_E19conv3_weig_11, i32 %p_ZZ5srcnnPA255_A255_fPA1_A9_A9_fPfPA64_A1_A1_fS6_PA32_A5_A5_fS6_S1_E19conv3_weig_10, i32 %p_ZZ5srcnnPA255_A255_fPA1_A9_A9_fPfPA64_A1_A1_fS6_PA32_A5_A5_fS6_S1_E19conv3_weig_9, i32 %p_ZZ5srcnnPA255_A255_fPA1_A9_A9_fPfPA64_A1_A1_fS6_PA32_A5_A5_fS6_S1_E19conv3_weig_8, i32 %p_ZZ5srcnnPA255_A255_fPA1_A9_A9_fPfPA64_A1_A1_fS6_PA32_A5_A5_fS6_S1_E19conv3_weig_7, i32 %p_ZZ5srcnnPA255_A255_fPA1_A9_A9_fPfPA64_A1_A1_fS6_PA32_A5_A5_fS6_S1_E19conv3_weig_6, i32 %p_ZZ5srcnnPA255_A255_fPA1_A9_A9_fPfPA64_A1_A1_fS6_PA32_A5_A5_fS6_S1_E19conv3_weig_5, i32 %p_ZZ5srcnnPA255_A255_fPA1_A9_A9_fPfPA64_A1_A1_fS6_PA32_A5_A5_fS6_S1_E19conv3_weig_4, i32 %p_ZZ5srcnnPA255_A255_fPA1_A9_A9_fPfPA64_A1_A1_fS6_PA32_A5_A5_fS6_S1_E19conv3_weig_3, i32 %p_ZZ5srcnnPA255_A255_fPA1_A9_A9_fPfPA64_A1_A1_fS6_PA32_A5_A5_fS6_S1_E19conv3_weig_2, i32 %p_ZZ5srcnnPA255_A255_fPA1_A9_A9_fPfPA64_A1_A1_fS6_PA32_A5_A5_fS6_S1_E19conv3_weig_1, i32 %p_ZZ5srcnnPA255_A255_fPA1_A9_A9_fPfPA64_A1_A1_fS6_PA32_A5_A5_fS6_S1_E19conv3_weig" [src/srcnn.cpp:217]   --->   Operation 23 'call' 'call_ln217' <Predicate = true> <Delay = 0.00> <CoreType = "Generic">   --->   Core 0 '' <Latency = 0> <II = 1> <Delay = 1.00> <Generic> <Opcode : >

State 10 <SV = 9> <Delay = 1.23>
ST_10 : Operation 24 [1/1] (0.00ns)   --->   "%specmemcore_ln0 = specmemcore void @_ssdm_op_SpecMemCore, i32 %conv3_biases_local, i64 666, i64 25, i64 18446744073709551615"   --->   Operation 24 'specmemcore' 'specmemcore_ln0' <Predicate = true> <Delay = 0.00>
ST_10 : Operation 25 [1/1] (0.00ns)   --->   "%specmemcore_ln0 = specmemcore void @_ssdm_op_SpecMemCore, i32 %p_ZZ5srcnnPA255_A255_fPA1_A9_A9_fPfPA64_A1_A1_fS6_PA32_A5_A5_fS6_S1_E19conv3_weig_31, i64 666, i64 25, i64 18446744073709551615"   --->   Operation 25 'specmemcore' 'specmemcore_ln0' <Predicate = true> <Delay = 0.00>
ST_10 : Operation 26 [1/1] (0.00ns)   --->   "%specmemcore_ln0 = specmemcore void @_ssdm_op_SpecMemCore, i32 %p_ZZ5srcnnPA255_A255_fPA1_A9_A9_fPfPA64_A1_A1_fS6_PA32_A5_A5_fS6_S1_E19conv3_weig_30, i64 666, i64 25, i64 18446744073709551615"   --->   Operation 26 'specmemcore' 'specmemcore_ln0' <Predicate = true> <Delay = 0.00>
ST_10 : Operation 27 [1/1] (0.00ns)   --->   "%specmemcore_ln0 = specmemcore void @_ssdm_op_SpecMemCore, i32 %p_ZZ5srcnnPA255_A255_fPA1_A9_A9_fPfPA64_A1_A1_fS6_PA32_A5_A5_fS6_S1_E19conv3_weig_29, i64 666, i64 25, i64 18446744073709551615"   --->   Operation 27 'specmemcore' 'specmemcore_ln0' <Predicate = true> <Delay = 0.00>
ST_10 : Operation 28 [1/1] (0.00ns)   --->   "%specmemcore_ln0 = specmemcore void @_ssdm_op_SpecMemCore, i32 %p_ZZ5srcnnPA255_A255_fPA1_A9_A9_fPfPA64_A1_A1_fS6_PA32_A5_A5_fS6_S1_E19conv3_weig_28, i64 666, i64 25, i64 18446744073709551615"   --->   Operation 28 'specmemcore' 'specmemcore_ln0' <Predicate = true> <Delay = 0.00>
ST_10 : Operation 29 [1/1] (0.00ns)   --->   "%specmemcore_ln0 = specmemcore void @_ssdm_op_SpecMemCore, i32 %p_ZZ5srcnnPA255_A255_fPA1_A9_A9_fPfPA64_A1_A1_fS6_PA32_A5_A5_fS6_S1_E19conv3_weig_27, i64 666, i64 25, i64 18446744073709551615"   --->   Operation 29 'specmemcore' 'specmemcore_ln0' <Predicate = true> <Delay = 0.00>
ST_10 : Operation 30 [1/1] (0.00ns)   --->   "%specmemcore_ln0 = specmemcore void @_ssdm_op_SpecMemCore, i32 %p_ZZ5srcnnPA255_A255_fPA1_A9_A9_fPfPA64_A1_A1_fS6_PA32_A5_A5_fS6_S1_E19conv3_weig_26, i64 666, i64 25, i64 18446744073709551615"   --->   Operation 30 'specmemcore' 'specmemcore_ln0' <Predicate = true> <Delay = 0.00>
ST_10 : Operation 31 [1/1] (0.00ns)   --->   "%specmemcore_ln0 = specmemcore void @_ssdm_op_SpecMemCore, i32 %p_ZZ5srcnnPA255_A255_fPA1_A9_A9_fPfPA64_A1_A1_fS6_PA32_A5_A5_fS6_S1_E19conv3_weig_25, i64 666, i64 25, i64 18446744073709551615"   --->   Operation 31 'specmemcore' 'specmemcore_ln0' <Predicate = true> <Delay = 0.00>
ST_10 : Operation 32 [1/1] (0.00ns)   --->   "%specmemcore_ln0 = specmemcore void @_ssdm_op_SpecMemCore, i32 %p_ZZ5srcnnPA255_A255_fPA1_A9_A9_fPfPA64_A1_A1_fS6_PA32_A5_A5_fS6_S1_E19conv3_weig_24, i64 666, i64 25, i64 18446744073709551615"   --->   Operation 32 'specmemcore' 'specmemcore_ln0' <Predicate = true> <Delay = 0.00>
ST_10 : Operation 33 [1/1] (0.00ns)   --->   "%specmemcore_ln0 = specmemcore void @_ssdm_op_SpecMemCore, i32 %p_ZZ5srcnnPA255_A255_fPA1_A9_A9_fPfPA64_A1_A1_fS6_PA32_A5_A5_fS6_S1_E19conv3_weig_23, i64 666, i64 25, i64 18446744073709551615"   --->   Operation 33 'specmemcore' 'specmemcore_ln0' <Predicate = true> <Delay = 0.00>
ST_10 : Operation 34 [1/1] (0.00ns)   --->   "%specmemcore_ln0 = specmemcore void @_ssdm_op_SpecMemCore, i32 %p_ZZ5srcnnPA255_A255_fPA1_A9_A9_fPfPA64_A1_A1_fS6_PA32_A5_A5_fS6_S1_E19conv3_weig_22, i64 666, i64 25, i64 18446744073709551615"   --->   Operation 34 'specmemcore' 'specmemcore_ln0' <Predicate = true> <Delay = 0.00>
ST_10 : Operation 35 [1/1] (0.00ns)   --->   "%specmemcore_ln0 = specmemcore void @_ssdm_op_SpecMemCore, i32 %p_ZZ5srcnnPA255_A255_fPA1_A9_A9_fPfPA64_A1_A1_fS6_PA32_A5_A5_fS6_S1_E19conv3_weig_21, i64 666, i64 25, i64 18446744073709551615"   --->   Operation 35 'specmemcore' 'specmemcore_ln0' <Predicate = true> <Delay = 0.00>
ST_10 : Operation 36 [1/1] (0.00ns)   --->   "%specmemcore_ln0 = specmemcore void @_ssdm_op_SpecMemCore, i32 %p_ZZ5srcnnPA255_A255_fPA1_A9_A9_fPfPA64_A1_A1_fS6_PA32_A5_A5_fS6_S1_E19conv3_weig_20, i64 666, i64 25, i64 18446744073709551615"   --->   Operation 36 'specmemcore' 'specmemcore_ln0' <Predicate = true> <Delay = 0.00>
ST_10 : Operation 37 [1/1] (0.00ns)   --->   "%specmemcore_ln0 = specmemcore void @_ssdm_op_SpecMemCore, i32 %p_ZZ5srcnnPA255_A255_fPA1_A9_A9_fPfPA64_A1_A1_fS6_PA32_A5_A5_fS6_S1_E19conv3_weig_19, i64 666, i64 25, i64 18446744073709551615"   --->   Operation 37 'specmemcore' 'specmemcore_ln0' <Predicate = true> <Delay = 0.00>
ST_10 : Operation 38 [1/1] (0.00ns)   --->   "%specmemcore_ln0 = specmemcore void @_ssdm_op_SpecMemCore, i32 %p_ZZ5srcnnPA255_A255_fPA1_A9_A9_fPfPA64_A1_A1_fS6_PA32_A5_A5_fS6_S1_E19conv3_weig_18, i64 666, i64 25, i64 18446744073709551615"   --->   Operation 38 'specmemcore' 'specmemcore_ln0' <Predicate = true> <Delay = 0.00>
ST_10 : Operation 39 [1/1] (0.00ns)   --->   "%specmemcore_ln0 = specmemcore void @_ssdm_op_SpecMemCore, i32 %p_ZZ5srcnnPA255_A255_fPA1_A9_A9_fPfPA64_A1_A1_fS6_PA32_A5_A5_fS6_S1_E19conv3_weig_17, i64 666, i64 25, i64 18446744073709551615"   --->   Operation 39 'specmemcore' 'specmemcore_ln0' <Predicate = true> <Delay = 0.00>
ST_10 : Operation 40 [1/1] (0.00ns)   --->   "%specmemcore_ln0 = specmemcore void @_ssdm_op_SpecMemCore, i32 %p_ZZ5srcnnPA255_A255_fPA1_A9_A9_fPfPA64_A1_A1_fS6_PA32_A5_A5_fS6_S1_E19conv3_weig_16, i64 666, i64 25, i64 18446744073709551615"   --->   Operation 40 'specmemcore' 'specmemcore_ln0' <Predicate = true> <Delay = 0.00>
ST_10 : Operation 41 [1/1] (0.00ns)   --->   "%specmemcore_ln0 = specmemcore void @_ssdm_op_SpecMemCore, i32 %p_ZZ5srcnnPA255_A255_fPA1_A9_A9_fPfPA64_A1_A1_fS6_PA32_A5_A5_fS6_S1_E19conv3_weig_15, i64 666, i64 25, i64 18446744073709551615"   --->   Operation 41 'specmemcore' 'specmemcore_ln0' <Predicate = true> <Delay = 0.00>
ST_10 : Operation 42 [1/1] (0.00ns)   --->   "%specmemcore_ln0 = specmemcore void @_ssdm_op_SpecMemCore, i32 %p_ZZ5srcnnPA255_A255_fPA1_A9_A9_fPfPA64_A1_A1_fS6_PA32_A5_A5_fS6_S1_E19conv3_weig_14, i64 666, i64 25, i64 18446744073709551615"   --->   Operation 42 'specmemcore' 'specmemcore_ln0' <Predicate = true> <Delay = 0.00>
ST_10 : Operation 43 [1/1] (0.00ns)   --->   "%specmemcore_ln0 = specmemcore void @_ssdm_op_SpecMemCore, i32 %p_ZZ5srcnnPA255_A255_fPA1_A9_A9_fPfPA64_A1_A1_fS6_PA32_A5_A5_fS6_S1_E19conv3_weig_13, i64 666, i64 25, i64 18446744073709551615"   --->   Operation 43 'specmemcore' 'specmemcore_ln0' <Predicate = true> <Delay = 0.00>
ST_10 : Operation 44 [1/1] (0.00ns)   --->   "%specmemcore_ln0 = specmemcore void @_ssdm_op_SpecMemCore, i32 %p_ZZ5srcnnPA255_A255_fPA1_A9_A9_fPfPA64_A1_A1_fS6_PA32_A5_A5_fS6_S1_E19conv3_weig_12, i64 666, i64 25, i64 18446744073709551615"   --->   Operation 44 'specmemcore' 'specmemcore_ln0' <Predicate = true> <Delay = 0.00>
ST_10 : Operation 45 [1/1] (0.00ns)   --->   "%specmemcore_ln0 = specmemcore void @_ssdm_op_SpecMemCore, i32 %p_ZZ5srcnnPA255_A255_fPA1_A9_A9_fPfPA64_A1_A1_fS6_PA32_A5_A5_fS6_S1_E19conv3_weig_11, i64 666, i64 25, i64 18446744073709551615"   --->   Operation 45 'specmemcore' 'specmemcore_ln0' <Predicate = true> <Delay = 0.00>
ST_10 : Operation 46 [1/1] (0.00ns)   --->   "%specmemcore_ln0 = specmemcore void @_ssdm_op_SpecMemCore, i32 %p_ZZ5srcnnPA255_A255_fPA1_A9_A9_fPfPA64_A1_A1_fS6_PA32_A5_A5_fS6_S1_E19conv3_weig_10, i64 666, i64 25, i64 18446744073709551615"   --->   Operation 46 'specmemcore' 'specmemcore_ln0' <Predicate = true> <Delay = 0.00>
ST_10 : Operation 47 [1/1] (0.00ns)   --->   "%specmemcore_ln0 = specmemcore void @_ssdm_op_SpecMemCore, i32 %p_ZZ5srcnnPA255_A255_fPA1_A9_A9_fPfPA64_A1_A1_fS6_PA32_A5_A5_fS6_S1_E19conv3_weig_9, i64 666, i64 25, i64 18446744073709551615"   --->   Operation 47 'specmemcore' 'specmemcore_ln0' <Predicate = true> <Delay = 0.00>
ST_10 : Operation 48 [1/1] (0.00ns)   --->   "%specmemcore_ln0 = specmemcore void @_ssdm_op_SpecMemCore, i32 %p_ZZ5srcnnPA255_A255_fPA1_A9_A9_fPfPA64_A1_A1_fS6_PA32_A5_A5_fS6_S1_E19conv3_weig_8, i64 666, i64 25, i64 18446744073709551615"   --->   Operation 48 'specmemcore' 'specmemcore_ln0' <Predicate = true> <Delay = 0.00>
ST_10 : Operation 49 [1/1] (0.00ns)   --->   "%specmemcore_ln0 = specmemcore void @_ssdm_op_SpecMemCore, i32 %p_ZZ5srcnnPA255_A255_fPA1_A9_A9_fPfPA64_A1_A1_fS6_PA32_A5_A5_fS6_S1_E19conv3_weig_7, i64 666, i64 25, i64 18446744073709551615"   --->   Operation 49 'specmemcore' 'specmemcore_ln0' <Predicate = true> <Delay = 0.00>
ST_10 : Operation 50 [1/1] (0.00ns)   --->   "%specmemcore_ln0 = specmemcore void @_ssdm_op_SpecMemCore, i32 %p_ZZ5srcnnPA255_A255_fPA1_A9_A9_fPfPA64_A1_A1_fS6_PA32_A5_A5_fS6_S1_E19conv3_weig_6, i64 666, i64 25, i64 18446744073709551615"   --->   Operation 50 'specmemcore' 'specmemcore_ln0' <Predicate = true> <Delay = 0.00>
ST_10 : Operation 51 [1/1] (0.00ns)   --->   "%specmemcore_ln0 = specmemcore void @_ssdm_op_SpecMemCore, i32 %p_ZZ5srcnnPA255_A255_fPA1_A9_A9_fPfPA64_A1_A1_fS6_PA32_A5_A5_fS6_S1_E19conv3_weig_5, i64 666, i64 25, i64 18446744073709551615"   --->   Operation 51 'specmemcore' 'specmemcore_ln0' <Predicate = true> <Delay = 0.00>
ST_10 : Operation 52 [1/1] (0.00ns)   --->   "%specmemcore_ln0 = specmemcore void @_ssdm_op_SpecMemCore, i32 %p_ZZ5srcnnPA255_A255_fPA1_A9_A9_fPfPA64_A1_A1_fS6_PA32_A5_A5_fS6_S1_E19conv3_weig_4, i64 666, i64 25, i64 18446744073709551615"   --->   Operation 52 'specmemcore' 'specmemcore_ln0' <Predicate = true> <Delay = 0.00>
ST_10 : Operation 53 [1/1] (0.00ns)   --->   "%specmemcore_ln0 = specmemcore void @_ssdm_op_SpecMemCore, i32 %p_ZZ5srcnnPA255_A255_fPA1_A9_A9_fPfPA64_A1_A1_fS6_PA32_A5_A5_fS6_S1_E19conv3_weig_3, i64 666, i64 25, i64 18446744073709551615"   --->   Operation 53 'specmemcore' 'specmemcore_ln0' <Predicate = true> <Delay = 0.00>
ST_10 : Operation 54 [1/1] (0.00ns)   --->   "%specmemcore_ln0 = specmemcore void @_ssdm_op_SpecMemCore, i32 %p_ZZ5srcnnPA255_A255_fPA1_A9_A9_fPfPA64_A1_A1_fS6_PA32_A5_A5_fS6_S1_E19conv3_weig_2, i64 666, i64 25, i64 18446744073709551615"   --->   Operation 54 'specmemcore' 'specmemcore_ln0' <Predicate = true> <Delay = 0.00>
ST_10 : Operation 55 [1/1] (0.00ns)   --->   "%specmemcore_ln0 = specmemcore void @_ssdm_op_SpecMemCore, i32 %p_ZZ5srcnnPA255_A255_fPA1_A9_A9_fPfPA64_A1_A1_fS6_PA32_A5_A5_fS6_S1_E19conv3_weig_1, i64 666, i64 25, i64 18446744073709551615"   --->   Operation 55 'specmemcore' 'specmemcore_ln0' <Predicate = true> <Delay = 0.00>
ST_10 : Operation 56 [1/1] (0.00ns)   --->   "%specmemcore_ln0 = specmemcore void @_ssdm_op_SpecMemCore, i32 %p_ZZ5srcnnPA255_A255_fPA1_A9_A9_fPfPA64_A1_A1_fS6_PA32_A5_A5_fS6_S1_E19conv3_weig, i64 666, i64 25, i64 18446744073709551615"   --->   Operation 56 'specmemcore' 'specmemcore_ln0' <Predicate = true> <Delay = 0.00>
ST_10 : Operation 57 [1/1] (0.00ns)   --->   "%specinterface_ln0 = specinterface void @_ssdm_op_SpecInterface, i32 %gmem_w3, void @empty_43, i32 0, i32 0, void @empty_42, i32 0, i32 800, void @empty_37, void @empty_40, void @empty_42, i32 16, i32 16, i32 16, i32 16, void @empty_42, void @empty_42, i32 4294967295, i32 0"   --->   Operation 57 'specinterface' 'specinterface_ln0' <Predicate = true> <Delay = 0.00>
ST_10 : Operation 58 [1/1] (0.00ns)   --->   "%conv3_biases_0_0_val_read = read i32 @_ssdm_op_Read.ap_auto.float, i32 %conv3_biases_0_0_val" [src/srcnn.cpp:216]   --->   Operation 58 'read' 'conv3_biases_0_0_val_read' <Predicate = true> <Delay = 0.00>
ST_10 : Operation 59 [1/1] (1.23ns)   --->   "%store_ln216 = store i32 %conv3_biases_0_0_val_read, i32 0" [src/srcnn.cpp:216]   --->   Operation 59 'store' 'store_ln216' <Predicate = true> <Delay = 1.23> <CoreInst = "RAM_S2P_BRAM">   --->   Core 97 'RAM_S2P_BRAM' <Latency = 1> <II = 1> <Delay = 1.23> <Storage> <Opcode : 'load' 'store'> <Ports = 2> <Width = 32> <Depth = 1> <RAM>
ST_10 : Operation 60 [1/2] (0.00ns)   --->   "%call_ln217 = call void @load_conv3_params_Pipeline_VITIS_LOOP_217_2_VITIS_LOOP_218_3_VITIS_LOOP_219_4, i32 %gmem_w3, i62 %trunc_ln, i32 %p_ZZ5srcnnPA255_A255_fPA1_A9_A9_fPfPA64_A1_A1_fS6_PA32_A5_A5_fS6_S1_E19conv3_weig_31, i32 %p_ZZ5srcnnPA255_A255_fPA1_A9_A9_fPfPA64_A1_A1_fS6_PA32_A5_A5_fS6_S1_E19conv3_weig_30, i32 %p_ZZ5srcnnPA255_A255_fPA1_A9_A9_fPfPA64_A1_A1_fS6_PA32_A5_A5_fS6_S1_E19conv3_weig_29, i32 %p_ZZ5srcnnPA255_A255_fPA1_A9_A9_fPfPA64_A1_A1_fS6_PA32_A5_A5_fS6_S1_E19conv3_weig_28, i32 %p_ZZ5srcnnPA255_A255_fPA1_A9_A9_fPfPA64_A1_A1_fS6_PA32_A5_A5_fS6_S1_E19conv3_weig_27, i32 %p_ZZ5srcnnPA255_A255_fPA1_A9_A9_fPfPA64_A1_A1_fS6_PA32_A5_A5_fS6_S1_E19conv3_weig_26, i32 %p_ZZ5srcnnPA255_A255_fPA1_A9_A9_fPfPA64_A1_A1_fS6_PA32_A5_A5_fS6_S1_E19conv3_weig_25, i32 %p_ZZ5srcnnPA255_A255_fPA1_A9_A9_fPfPA64_A1_A1_fS6_PA32_A5_A5_fS6_S1_E19conv3_weig_24, i32 %p_ZZ5srcnnPA255_A255_fPA1_A9_A9_fPfPA64_A1_A1_fS6_PA32_A5_A5_fS6_S1_E19conv3_weig_23, i32 %p_ZZ5srcnnPA255_A255_fPA1_A9_A9_fPfPA64_A1_A1_fS6_PA32_A5_A5_fS6_S1_E19conv3_weig_22, i32 %p_ZZ5srcnnPA255_A255_fPA1_A9_A9_fPfPA64_A1_A1_fS6_PA32_A5_A5_fS6_S1_E19conv3_weig_21, i32 %p_ZZ5srcnnPA255_A255_fPA1_A9_A9_fPfPA64_A1_A1_fS6_PA32_A5_A5_fS6_S1_E19conv3_weig_20, i32 %p_ZZ5srcnnPA255_A255_fPA1_A9_A9_fPfPA64_A1_A1_fS6_PA32_A5_A5_fS6_S1_E19conv3_weig_19, i32 %p_ZZ5srcnnPA255_A255_fPA1_A9_A9_fPfPA64_A1_A1_fS6_PA32_A5_A5_fS6_S1_E19conv3_weig_18, i32 %p_ZZ5srcnnPA255_A255_fPA1_A9_A9_fPfPA64_A1_A1_fS6_PA32_A5_A5_fS6_S1_E19conv3_weig_17, i32 %p_ZZ5srcnnPA255_A255_fPA1_A9_A9_fPfPA64_A1_A1_fS6_PA32_A5_A5_fS6_S1_E19conv3_weig_16, i32 %p_ZZ5srcnnPA255_A255_fPA1_A9_A9_fPfPA64_A1_A1_fS6_PA32_A5_A5_fS6_S1_E19conv3_weig_15, i32 %p_ZZ5srcnnPA255_A255_fPA1_A9_A9_fPfPA64_A1_A1_fS6_PA32_A5_A5_fS6_S1_E19conv3_weig_14, i32 %p_ZZ5srcnnPA255_A255_fPA1_A9_A9_fPfPA64_A1_A1_fS6_PA32_A5_A5_fS6_S1_E19conv3_weig_13, i32 %p_ZZ5srcnnPA255_A255_fPA1_A9_A9_fPfPA64_A1_A1_fS6_PA32_A5_A5_fS6_S1_E19conv3_weig_12, i32 %p_ZZ5srcnnPA255_A255_fPA1_A9_A9_fPfPA64_A1_A1_fS6_PA32_A5_A5_fS6_S1_E19conv3_weig_11, i32 %p_ZZ5srcnnPA255_A255_fPA1_A9_A9_fPfPA64_A1_A1_fS6_PA32_A5_A5_fS6_S1_E19conv3_weig_10, i32 %p_ZZ5srcnnPA255_A255_fPA1_A9_A9_fPfPA64_A1_A1_fS6_PA32_A5_A5_fS6_S1_E19conv3_weig_9, i32 %p_ZZ5srcnnPA255_A255_fPA1_A9_A9_fPfPA64_A1_A1_fS6_PA32_A5_A5_fS6_S1_E19conv3_weig_8, i32 %p_ZZ5srcnnPA255_A255_fPA1_A9_A9_fPfPA64_A1_A1_fS6_PA32_A5_A5_fS6_S1_E19conv3_weig_7, i32 %p_ZZ5srcnnPA255_A255_fPA1_A9_A9_fPfPA64_A1_A1_fS6_PA32_A5_A5_fS6_S1_E19conv3_weig_6, i32 %p_ZZ5srcnnPA255_A255_fPA1_A9_A9_fPfPA64_A1_A1_fS6_PA32_A5_A5_fS6_S1_E19conv3_weig_5, i32 %p_ZZ5srcnnPA255_A255_fPA1_A9_A9_fPfPA64_A1_A1_fS6_PA32_A5_A5_fS6_S1_E19conv3_weig_4, i32 %p_ZZ5srcnnPA255_A255_fPA1_A9_A9_fPfPA64_A1_A1_fS6_PA32_A5_A5_fS6_S1_E19conv3_weig_3, i32 %p_ZZ5srcnnPA255_A255_fPA1_A9_A9_fPfPA64_A1_A1_fS6_PA32_A5_A5_fS6_S1_E19conv3_weig_2, i32 %p_ZZ5srcnnPA255_A255_fPA1_A9_A9_fPfPA64_A1_A1_fS6_PA32_A5_A5_fS6_S1_E19conv3_weig_1, i32 %p_ZZ5srcnnPA255_A255_fPA1_A9_A9_fPfPA64_A1_A1_fS6_PA32_A5_A5_fS6_S1_E19conv3_weig" [src/srcnn.cpp:217]   --->   Operation 60 'call' 'call_ln217' <Predicate = true> <Delay = 0.00> <CoreType = "Generic">   --->   Core 0 '' <Latency = 0> <II = 1> <Delay = 1.00> <Generic> <Opcode : >
ST_10 : Operation 61 [1/1] (0.00ns)   --->   "%ret_ln226 = ret" [src/srcnn.cpp:226]   --->   Operation 61 'ret' 'ret_ln226' <Predicate = true> <Delay = 0.00>


============================================================
+ Verbose Summary: Timing violations
============================================================
Target clock period: 10.000ns, clock uncertainty: 2.700ns.

 <State 1>: 7.300ns
The critical path consists of the following:
	wire read operation ('conv3_weights_read', src/srcnn.cpp:216) on port 'conv3_weights' (src/srcnn.cpp:216) [71]  (0.000 ns)
	'getelementptr' operation ('gmem_w3_addr', src/srcnn.cpp:217) [75]  (0.000 ns)
	bus request operation ('empty', src/srcnn.cpp:217) on port 'gmem_w3' (src/srcnn.cpp:217) [76]  (7.300 ns)

 <State 2>: 7.300ns
The critical path consists of the following:
	bus request operation ('empty', src/srcnn.cpp:217) on port 'gmem_w3' (src/srcnn.cpp:217) [76]  (7.300 ns)

 <State 3>: 7.300ns
The critical path consists of the following:
	bus request operation ('empty', src/srcnn.cpp:217) on port 'gmem_w3' (src/srcnn.cpp:217) [76]  (7.300 ns)

 <State 4>: 7.300ns
The critical path consists of the following:
	bus request operation ('empty', src/srcnn.cpp:217) on port 'gmem_w3' (src/srcnn.cpp:217) [76]  (7.300 ns)

 <State 5>: 7.300ns
The critical path consists of the following:
	bus request operation ('empty', src/srcnn.cpp:217) on port 'gmem_w3' (src/srcnn.cpp:217) [76]  (7.300 ns)

 <State 6>: 7.300ns
The critical path consists of the following:
	bus request operation ('empty', src/srcnn.cpp:217) on port 'gmem_w3' (src/srcnn.cpp:217) [76]  (7.300 ns)

 <State 7>: 7.300ns
The critical path consists of the following:
	bus request operation ('empty', src/srcnn.cpp:217) on port 'gmem_w3' (src/srcnn.cpp:217) [76]  (7.300 ns)

 <State 8>: 7.300ns
The critical path consists of the following:
	bus request operation ('empty', src/srcnn.cpp:217) on port 'gmem_w3' (src/srcnn.cpp:217) [76]  (7.300 ns)

 <State 9>: 0.000ns
The critical path consists of the following:

 <State 10>: 1.237ns
The critical path consists of the following:
	wire read operation ('conv3_biases_0_0_val_read', src/srcnn.cpp:216) on port 'conv3_biases_0_0_val' (src/srcnn.cpp:216) [70]  (0.000 ns)
	'store' operation ('store_ln216', src/srcnn.cpp:216) of variable 'conv3_biases_0_0_val_read', src/srcnn.cpp:216 on array 'conv3_biases_local' [72]  (1.237 ns)


============================================================
+ Verbose Summary: Binding
============================================================
N/A
* FSMD analyzer results:
  - Output states:
 - Input state : 
  - Chain level:
	State 1
	State 2
	State 3
	State 4
	State 5
	State 6
	State 7
	State 8
	State 9
	State 10


============================================================
+ Verbose Summary: Datapath Resource usage 
============================================================
N/A
