

================================================================
== Vitis HLS Report for 'p_hls_fptosi_float_i32'
================================================================
* Date:           Tue Oct 28 17:20:48 2025

* Version:        2023.1 (Build 3854077 on May  4 2023)
* Project:        srcnn_hls
* Solution:       solution1 (Vivado IP Flow Target)
* Product family: zynquplus
* Target device:  xck26-sfvc784-2LV-c


================================================================
== Performance Estimates
================================================================
+ Timing: 
    * Summary: 
    +--------+----------+----------+------------+
    |  Clock |  Target  | Estimated| Uncertainty|
    +--------+----------+----------+------------+
    |ap_clk  |  10.00 ns|  4.168 ns|     2.70 ns|
    +--------+----------+----------+------------+

+ Latency: 
    * Summary: 
    +---------+---------+----------+----------+-----+-----+---------+
    |  Latency (cycles) |  Latency (absolute) |  Interval | Pipeline|
    |   min   |   max   |    min   |    max   | min | max |   Type  |
    +---------+---------+----------+----------+-----+-----+---------+
    |        0|        0|      0 ns|      0 ns|    1|    1|      yes|
    +---------+---------+----------+----------+-----+-----+---------+

    + Detail: 
        * Instance: 
        N/A

        * Loop: 
        N/A

============================================================
+ Verbose Summary: Synthesis Manager
============================================================
InlineROM: 1
ExposeGlobal: 0
============================================================
+ Verbose Summary: CDFG Model
============================================================
IsTopModel: 0
ResetActiveHigh: 1
IsCombinational: 0
IsDatapathOnly: 0
HasWiredReturn: 1
HasMFsm: 2
HasVarLatency: 0
IsPipeline: 1
IsRtlPipelined: 0
IsInstanceOverlapped: 0
IsDontTouch: 0
HasImplIP: 0
IsGatedGlobalClock: 0

+ Individual pipeline summary: 
  * Pipeline-0: initiation interval (II) = 1, depth = 1


============================================================
+ Verbose Summary: Schedule
============================================================
* Number of FSM states : 1
* Pipeline : 1
  Pipeline-0 : II = 1, D = 1, States = { 1 }
* Dataflow Pipeline: 0

* FSM state transitions: 
1 --> 

* FSM state operations: 

State 1 <SV = 0> <Delay = 4.16>
ST_1 : Operation 2 [1/1] (0.00ns)   --->   "%x_read = read i32 @_ssdm_op_Read.ap_auto.float, i32 %x" [C:\scratch\2023.1\hls_product\1026\2023.1\src\shared\hls\clib\hlsmath\src\lib_floatconversion.cpp:51]   --->   Operation 2 'read' 'x_read' <Predicate = true> <Delay = 0.00>
ST_1 : Operation 3 [1/1] (0.00ns)   --->   "%data = bitcast i32 %x_read" [C:\scratch\2023.1\hls_product\1026\2023.1\src\shared\hls\clib/src/hls\utils/x_hls_utils.h:317->C:\scratch\2023.1\hls_product\1026\2023.1\src\shared\hls\clib/hlsmath/include/FloatingPoint\hls_case_IEEE754.h:13->C:\scratch\2023.1\hls_product\1026\2023.1\src\shared\hls\clib/hlsmath/include/FloatingPoint\hls_case_IEEE754.h:117->C:\scratch\2023.1\hls_product\1026\2023.1\src\shared\hls\clib\hlsmath\src\lib_floatconversion.cpp:51]   --->   Operation 3 'bitcast' 'data' <Predicate = true> <Delay = 0.00>
ST_1 : Operation 4 [1/1] (0.00ns)   --->   "%xs_sign = bitselect i1 @_ssdm_op_BitSelect.i1.i32.i32, i32 %data, i32 31" [C:\scratch\2023.1\hls_product\1026\2023.1\src\shared\hls\clib/src/hls\utils/x_hls_utils.h:323->C:\scratch\2023.1\hls_product\1026\2023.1\src\shared\hls\clib/hlsmath/include/FloatingPoint\hls_case_IEEE754.h:13->C:\scratch\2023.1\hls_product\1026\2023.1\src\shared\hls\clib/hlsmath/include/FloatingPoint\hls_case_IEEE754.h:117->C:\scratch\2023.1\hls_product\1026\2023.1\src\shared\hls\clib\hlsmath\src\lib_floatconversion.cpp:51]   --->   Operation 4 'bitselect' 'xs_sign' <Predicate = true> <Delay = 0.00>
ST_1 : Operation 5 [1/1] (0.00ns)   --->   "%xs_exp = partselect i8 @_ssdm_op_PartSelect.i8.i32.i32.i32, i32 %data, i32 23, i32 30" [C:\scratch\2023.1\hls_product\1026\2023.1\src\shared\hls\clib/src/hls\utils/x_hls_utils.h:324->C:\scratch\2023.1\hls_product\1026\2023.1\src\shared\hls\clib/hlsmath/include/FloatingPoint\hls_case_IEEE754.h:13->C:\scratch\2023.1\hls_product\1026\2023.1\src\shared\hls\clib/hlsmath/include/FloatingPoint\hls_case_IEEE754.h:117->C:\scratch\2023.1\hls_product\1026\2023.1\src\shared\hls\clib\hlsmath\src\lib_floatconversion.cpp:51]   --->   Operation 5 'partselect' 'xs_exp' <Predicate = true> <Delay = 0.00>
ST_1 : Operation 6 [1/1] (0.00ns)   --->   "%trunc_ln371 = trunc i32 %data" [C:\scratch\2023.1\hls_product\1026\2023.1\src\shared\hls\clib/src/hls\utils/x_hls_utils.h:371->C:\scratch\2023.1\hls_product\1026\2023.1\src\shared\hls\clib/hlsmath/include/FloatingPoint\hls_case_IEEE754.h:15->C:\scratch\2023.1\hls_product\1026\2023.1\src\shared\hls\clib/hlsmath/include/FloatingPoint\hls_case_IEEE754.h:117->C:\scratch\2023.1\hls_product\1026\2023.1\src\shared\hls\clib\hlsmath\src\lib_floatconversion.cpp:51]   --->   Operation 6 'trunc' 'trunc_ln371' <Predicate = true> <Delay = 0.00>
ST_1 : Operation 7 [1/1] (0.00ns)   --->   "%mantissa = bitconcatenate i25 @_ssdm_op_BitConcatenate.i25.i1.i23.i1, i1 1, i23 %trunc_ln371, i1 0" [C:\scratch\2023.1\hls_product\1026\2023.1\src\shared\hls\clib/hlsmath/include/FloatingPoint\hls_case_IEEE754.h:15->C:\scratch\2023.1\hls_product\1026\2023.1\src\shared\hls\clib/hlsmath/include/FloatingPoint\hls_case_IEEE754.h:117->C:\scratch\2023.1\hls_product\1026\2023.1\src\shared\hls\clib\hlsmath\src\lib_floatconversion.cpp:51]   --->   Operation 7 'bitconcatenate' 'mantissa' <Predicate = true> <Delay = 0.00>
ST_1 : Operation 8 [1/1] (0.00ns)   --->   "%zext_ln15 = zext i25 %mantissa" [C:\scratch\2023.1\hls_product\1026\2023.1\src\shared\hls\clib/hlsmath/include/FloatingPoint\hls_case_IEEE754.h:15->C:\scratch\2023.1\hls_product\1026\2023.1\src\shared\hls\clib/hlsmath/include/FloatingPoint\hls_case_IEEE754.h:117->C:\scratch\2023.1\hls_product\1026\2023.1\src\shared\hls\clib\hlsmath\src\lib_floatconversion.cpp:51]   --->   Operation 8 'zext' 'zext_ln15' <Predicate = true> <Delay = 0.00>
ST_1 : Operation 9 [1/1] (0.00ns)   --->   "%zext_ln346 = zext i8 %xs_exp" [C:\scratch\2023.1\hls_product\1026\2023.1\src\shared\hls\clib/src/hls\utils/x_hls_utils.h:346->C:\scratch\2023.1\hls_product\1026\2023.1\src\shared\hls\clib/hlsmath/include/FloatingPoint\hls_case_IEEE754.h:18->C:\scratch\2023.1\hls_product\1026\2023.1\src\shared\hls\clib/hlsmath/include/FloatingPoint\hls_case_IEEE754.h:117->C:\scratch\2023.1\hls_product\1026\2023.1\src\shared\hls\clib\hlsmath\src\lib_floatconversion.cpp:51]   --->   Operation 9 'zext' 'zext_ln346' <Predicate = true> <Delay = 0.00>
ST_1 : Operation 10 [1/1] (0.76ns)   --->   "%add_ln346 = add i9 %zext_ln346, i9 385" [C:\scratch\2023.1\hls_product\1026\2023.1\src\shared\hls\clib/src/hls\utils/x_hls_utils.h:346->C:\scratch\2023.1\hls_product\1026\2023.1\src\shared\hls\clib/hlsmath/include/FloatingPoint\hls_case_IEEE754.h:18->C:\scratch\2023.1\hls_product\1026\2023.1\src\shared\hls\clib/hlsmath/include/FloatingPoint\hls_case_IEEE754.h:117->C:\scratch\2023.1\hls_product\1026\2023.1\src\shared\hls\clib\hlsmath\src\lib_floatconversion.cpp:51]   --->   Operation 10 'add' 'add_ln346' <Predicate = true> <Delay = 0.76> <CoreInst = "Adder">   --->   Core 1 'Adder' <Latency = 0> <II = 1> <Delay = 0.76> <FuncUnit> <Opcode : 'add' 'sub'> <InPorts = 2> <OutPorts = 1>
ST_1 : Operation 11 [1/1] (0.00ns)   --->   "%tmp = bitselect i1 @_ssdm_op_BitSelect.i1.i9.i32, i9 %add_ln346, i32 8" [C:\scratch\2023.1\hls_product\1026\2023.1\src\shared\hls\clib/hlsmath/include/FloatingPoint\hls_case_IEEE754.h:18->C:\scratch\2023.1\hls_product\1026\2023.1\src\shared\hls\clib/hlsmath/include/FloatingPoint\hls_case_IEEE754.h:117->C:\scratch\2023.1\hls_product\1026\2023.1\src\shared\hls\clib\hlsmath\src\lib_floatconversion.cpp:51]   --->   Operation 11 'bitselect' 'tmp' <Predicate = true> <Delay = 0.00>
ST_1 : Operation 12 [1/1] (0.76ns)   --->   "%sub_ln18 = sub i8 127, i8 %xs_exp" [C:\scratch\2023.1\hls_product\1026\2023.1\src\shared\hls\clib/hlsmath/include/FloatingPoint\hls_case_IEEE754.h:18->C:\scratch\2023.1\hls_product\1026\2023.1\src\shared\hls\clib/hlsmath/include/FloatingPoint\hls_case_IEEE754.h:117->C:\scratch\2023.1\hls_product\1026\2023.1\src\shared\hls\clib\hlsmath\src\lib_floatconversion.cpp:51]   --->   Operation 12 'sub' 'sub_ln18' <Predicate = (tmp)> <Delay = 0.76> <CoreInst = "Adder">   --->   Core 1 'Adder' <Latency = 0> <II = 1> <Delay = 0.76> <FuncUnit> <Opcode : 'add' 'sub'> <InPorts = 2> <OutPorts = 1>
ST_1 : Operation 13 [1/1] (0.00ns)   --->   "%sext_ln18 = sext i8 %sub_ln18" [C:\scratch\2023.1\hls_product\1026\2023.1\src\shared\hls\clib/hlsmath/include/FloatingPoint\hls_case_IEEE754.h:18->C:\scratch\2023.1\hls_product\1026\2023.1\src\shared\hls\clib/hlsmath/include/FloatingPoint\hls_case_IEEE754.h:117->C:\scratch\2023.1\hls_product\1026\2023.1\src\shared\hls\clib\hlsmath\src\lib_floatconversion.cpp:51]   --->   Operation 13 'sext' 'sext_ln18' <Predicate = (tmp)> <Delay = 0.00>
ST_1 : Operation 14 [1/1] (0.39ns)   --->   "%select_ln18 = select i1 %tmp, i9 %sext_ln18, i9 %add_ln346" [C:\scratch\2023.1\hls_product\1026\2023.1\src\shared\hls\clib/hlsmath/include/FloatingPoint\hls_case_IEEE754.h:18->C:\scratch\2023.1\hls_product\1026\2023.1\src\shared\hls\clib/hlsmath/include/FloatingPoint\hls_case_IEEE754.h:117->C:\scratch\2023.1\hls_product\1026\2023.1\src\shared\hls\clib\hlsmath\src\lib_floatconversion.cpp:51]   --->   Operation 14 'select' 'select_ln18' <Predicate = true> <Delay = 0.39> <CoreInst = "Sel">   --->   Core 73 'Sel' <Latency = 0> <II = 1> <Delay = 0.39> <FuncUnit> <Opcode : 'select'> <InPorts = 3> <OutPorts = 1>
ST_1 : Operation 15 [1/1] (0.00ns)   --->   "%sext_ln18_20 = sext i9 %select_ln18" [C:\scratch\2023.1\hls_product\1026\2023.1\src\shared\hls\clib/hlsmath/include/FloatingPoint\hls_case_IEEE754.h:18->C:\scratch\2023.1\hls_product\1026\2023.1\src\shared\hls\clib/hlsmath/include/FloatingPoint\hls_case_IEEE754.h:117->C:\scratch\2023.1\hls_product\1026\2023.1\src\shared\hls\clib\hlsmath\src\lib_floatconversion.cpp:51]   --->   Operation 15 'sext' 'sext_ln18_20' <Predicate = true> <Delay = 0.00>
ST_1 : Operation 16 [1/1] (0.00ns)   --->   "%zext_ln18 = zext i32 %sext_ln18_20" [C:\scratch\2023.1\hls_product\1026\2023.1\src\shared\hls\clib/hlsmath/include/FloatingPoint\hls_case_IEEE754.h:18->C:\scratch\2023.1\hls_product\1026\2023.1\src\shared\hls\clib/hlsmath/include/FloatingPoint\hls_case_IEEE754.h:117->C:\scratch\2023.1\hls_product\1026\2023.1\src\shared\hls\clib\hlsmath\src\lib_floatconversion.cpp:51]   --->   Operation 16 'zext' 'zext_ln18' <Predicate = true> <Delay = 0.00>
ST_1 : Operation 17 [1/1] (1.38ns)   --->   "%lshr_ln18 = lshr i79 %zext_ln15, i79 %zext_ln18" [C:\scratch\2023.1\hls_product\1026\2023.1\src\shared\hls\clib/hlsmath/include/FloatingPoint\hls_case_IEEE754.h:18->C:\scratch\2023.1\hls_product\1026\2023.1\src\shared\hls\clib/hlsmath/include/FloatingPoint\hls_case_IEEE754.h:117->C:\scratch\2023.1\hls_product\1026\2023.1\src\shared\hls\clib\hlsmath\src\lib_floatconversion.cpp:51]   --->   Operation 17 'lshr' 'lshr_ln18' <Predicate = (tmp)> <Delay = 1.38> <CoreInst = "Shifter">   --->   Core 75 'Shifter' <Latency = 0> <II = 1> <Delay = 1.38> <FuncUnit> <Opcode : 'shl' 'lshr' 'ashr'> <InPorts = 2> <OutPorts = 1>
ST_1 : Operation 18 [1/1] (1.38ns)   --->   "%shl_ln18 = shl i79 %zext_ln15, i79 %zext_ln18" [C:\scratch\2023.1\hls_product\1026\2023.1\src\shared\hls\clib/hlsmath/include/FloatingPoint\hls_case_IEEE754.h:18->C:\scratch\2023.1\hls_product\1026\2023.1\src\shared\hls\clib/hlsmath/include/FloatingPoint\hls_case_IEEE754.h:117->C:\scratch\2023.1\hls_product\1026\2023.1\src\shared\hls\clib\hlsmath\src\lib_floatconversion.cpp:51]   --->   Operation 18 'shl' 'shl_ln18' <Predicate = (!tmp)> <Delay = 1.38> <CoreInst = "Shifter">   --->   Core 75 'Shifter' <Latency = 0> <II = 1> <Delay = 1.38> <FuncUnit> <Opcode : 'shl' 'lshr' 'ashr'> <InPorts = 2> <OutPorts = 1>
ST_1 : Operation 19 [1/1] (0.00ns)   --->   "%tmp_136 = bitselect i1 @_ssdm_op_BitSelect.i1.i79.i32, i79 %lshr_ln18, i32 24" [C:\scratch\2023.1\hls_product\1026\2023.1\src\shared\hls\clib/hlsmath/include/FloatingPoint\hls_case_IEEE754.h:21->C:\scratch\2023.1\hls_product\1026\2023.1\src\shared\hls\clib/hlsmath/include/FloatingPoint\hls_case_IEEE754.h:117->C:\scratch\2023.1\hls_product\1026\2023.1\src\shared\hls\clib\hlsmath\src\lib_floatconversion.cpp:51]   --->   Operation 19 'bitselect' 'tmp_136' <Predicate = (tmp)> <Delay = 0.00>
ST_1 : Operation 20 [1/1] (0.00ns)   --->   "%zext_ln21 = zext i1 %tmp_136" [C:\scratch\2023.1\hls_product\1026\2023.1\src\shared\hls\clib/hlsmath/include/FloatingPoint\hls_case_IEEE754.h:21->C:\scratch\2023.1\hls_product\1026\2023.1\src\shared\hls\clib/hlsmath/include/FloatingPoint\hls_case_IEEE754.h:117->C:\scratch\2023.1\hls_product\1026\2023.1\src\shared\hls\clib\hlsmath\src\lib_floatconversion.cpp:51]   --->   Operation 20 'zext' 'zext_ln21' <Predicate = (tmp)> <Delay = 0.00>
ST_1 : Operation 21 [1/1] (0.00ns)   --->   "%tmp_s = partselect i5 @_ssdm_op_PartSelect.i5.i79.i32.i32, i79 %shl_ln18, i32 24, i32 28" [C:\scratch\2023.1\hls_product\1026\2023.1\src\shared\hls\clib/hlsmath/include/FloatingPoint\hls_case_IEEE754.h:21->C:\scratch\2023.1\hls_product\1026\2023.1\src\shared\hls\clib/hlsmath/include/FloatingPoint\hls_case_IEEE754.h:117->C:\scratch\2023.1\hls_product\1026\2023.1\src\shared\hls\clib\hlsmath\src\lib_floatconversion.cpp:51]   --->   Operation 21 'partselect' 'tmp_s' <Predicate = (!tmp)> <Delay = 0.00>
ST_1 : Operation 22 [1/1] (0.41ns)   --->   "%val = select i1 %tmp, i5 %zext_ln21, i5 %tmp_s" [C:\scratch\2023.1\hls_product\1026\2023.1\src\shared\hls\clib/hlsmath/include/FloatingPoint\hls_case_IEEE754.h:18->C:\scratch\2023.1\hls_product\1026\2023.1\src\shared\hls\clib/hlsmath/include/FloatingPoint\hls_case_IEEE754.h:117->C:\scratch\2023.1\hls_product\1026\2023.1\src\shared\hls\clib\hlsmath\src\lib_floatconversion.cpp:51]   --->   Operation 22 'select' 'val' <Predicate = true> <Delay = 0.41> <CoreInst = "Sel">   --->   Core 73 'Sel' <Latency = 0> <II = 1> <Delay = 0.41> <FuncUnit> <Opcode : 'select'> <InPorts = 3> <OutPorts = 1>
ST_1 : Operation 23 [1/1] (0.78ns)   --->   "%result_1 = sub i5 0, i5 %val" [C:\scratch\2023.1\hls_product\1026\2023.1\src\shared\hls\clib/hlsmath/include/FloatingPoint\hls_case_IEEE754.h:59->C:\scratch\2023.1\hls_product\1026\2023.1\src\shared\hls\clib/hlsmath/include/FloatingPoint\hls_case_IEEE754.h:117->C:\scratch\2023.1\hls_product\1026\2023.1\src\shared\hls\clib\hlsmath\src\lib_floatconversion.cpp:51]   --->   Operation 23 'sub' 'result_1' <Predicate = (xs_sign)> <Delay = 0.78> <CoreInst = "Adder">   --->   Core 1 'Adder' <Latency = 0> <II = 1> <Delay = 0.78> <FuncUnit> <Opcode : 'add' 'sub'> <InPorts = 2> <OutPorts = 1>
ST_1 : Operation 24 [1/1] (0.41ns)   --->   "%result_2 = select i1 %xs_sign, i5 %result_1, i5 %val" [C:\scratch\2023.1\hls_product\1026\2023.1\src\shared\hls\clib/hlsmath/include/FloatingPoint\hls_case_IEEE754.h:58->C:\scratch\2023.1\hls_product\1026\2023.1\src\shared\hls\clib/hlsmath/include/FloatingPoint\hls_case_IEEE754.h:117->C:\scratch\2023.1\hls_product\1026\2023.1\src\shared\hls\clib\hlsmath\src\lib_floatconversion.cpp:51]   --->   Operation 24 'select' 'result_2' <Predicate = true> <Delay = 0.41> <CoreInst = "Sel">   --->   Core 73 'Sel' <Latency = 0> <II = 1> <Delay = 0.41> <FuncUnit> <Opcode : 'select'> <InPorts = 3> <OutPorts = 1>
ST_1 : Operation 25 [1/1] (0.00ns)   --->   "%ret_ln51 = ret i5 %result_2" [C:\scratch\2023.1\hls_product\1026\2023.1\src\shared\hls\clib\hlsmath\src\lib_floatconversion.cpp:51]   --->   Operation 25 'ret' 'ret_ln51' <Predicate = true> <Delay = 0.00>


============================================================
+ Verbose Summary: Timing violations
============================================================
Target clock period: 10.000ns, clock uncertainty: 2.700ns.

 <State 1>: 4.168ns
The critical path consists of the following:
	wire read operation ('x', C:\scratch\2023.1\hls_product\1026\2023.1\src\shared\hls\clib\hlsmath\src\lib_floatconversion.cpp:51) on port 'x' (C:\scratch\2023.1\hls_product\1026\2023.1\src\shared\hls\clib\hlsmath\src\lib_floatconversion.cpp:51) [2]  (0.000 ns)
	'add' operation ('add_ln346', C:\scratch\2023.1\hls_product\1026\2023.1\src\shared\hls\clib/src/hls\utils/x_hls_utils.h:346->C:\scratch\2023.1\hls_product\1026\2023.1\src\shared\hls\clib/hlsmath/include/FloatingPoint\hls_case_IEEE754.h:18->C:\scratch\2023.1\hls_product\1026\2023.1\src\shared\hls\clib/hlsmath/include/FloatingPoint\hls_case_IEEE754.h:117->C:\scratch\2023.1\hls_product\1026\2023.1\src\shared\hls\clib\hlsmath\src\lib_floatconversion.cpp:51) [10]  (0.765 ns)
	'select' operation ('select_ln18', C:\scratch\2023.1\hls_product\1026\2023.1\src\shared\hls\clib/hlsmath/include/FloatingPoint\hls_case_IEEE754.h:18->C:\scratch\2023.1\hls_product\1026\2023.1\src\shared\hls\clib/hlsmath/include/FloatingPoint\hls_case_IEEE754.h:117->C:\scratch\2023.1\hls_product\1026\2023.1\src\shared\hls\clib\hlsmath\src\lib_floatconversion.cpp:51) [14]  (0.398 ns)
	'shl' operation ('shl_ln18', C:\scratch\2023.1\hls_product\1026\2023.1\src\shared\hls\clib/hlsmath/include/FloatingPoint\hls_case_IEEE754.h:18->C:\scratch\2023.1\hls_product\1026\2023.1\src\shared\hls\clib/hlsmath/include/FloatingPoint\hls_case_IEEE754.h:117->C:\scratch\2023.1\hls_product\1026\2023.1\src\shared\hls\clib\hlsmath\src\lib_floatconversion.cpp:51) [18]  (1.388 ns)
	'select' operation ('val', C:\scratch\2023.1\hls_product\1026\2023.1\src\shared\hls\clib/hlsmath/include/FloatingPoint\hls_case_IEEE754.h:18->C:\scratch\2023.1\hls_product\1026\2023.1\src\shared\hls\clib/hlsmath/include/FloatingPoint\hls_case_IEEE754.h:117->C:\scratch\2023.1\hls_product\1026\2023.1\src\shared\hls\clib\hlsmath\src\lib_floatconversion.cpp:51) [22]  (0.414 ns)
	'sub' operation ('result', C:\scratch\2023.1\hls_product\1026\2023.1\src\shared\hls\clib/hlsmath/include/FloatingPoint\hls_case_IEEE754.h:59->C:\scratch\2023.1\hls_product\1026\2023.1\src\shared\hls\clib/hlsmath/include/FloatingPoint\hls_case_IEEE754.h:117->C:\scratch\2023.1\hls_product\1026\2023.1\src\shared\hls\clib\hlsmath\src\lib_floatconversion.cpp:51) [23]  (0.789 ns)
	'select' operation ('result', C:\scratch\2023.1\hls_product\1026\2023.1\src\shared\hls\clib/hlsmath/include/FloatingPoint\hls_case_IEEE754.h:58->C:\scratch\2023.1\hls_product\1026\2023.1\src\shared\hls\clib/hlsmath/include/FloatingPoint\hls_case_IEEE754.h:117->C:\scratch\2023.1\hls_product\1026\2023.1\src\shared\hls\clib\hlsmath\src\lib_floatconversion.cpp:51) [24]  (0.414 ns)


============================================================
+ Verbose Summary: Binding
============================================================
N/A
* FSMD analyzer results:
  - Output states:
 - Input state : 
  - Chain level:
	State 1


============================================================
+ Verbose Summary: Datapath Resource usage 
============================================================
N/A
