

================================================================
== Vitis HLS Report for 'reconstructor_Pipeline_VITIS_LOOP_465_2'
================================================================
* Date:           Thu Oct 30 21:33:44 2025

* Version:        2023.1 (Build 3854077 on May  4 2023)
* Project:        srcnn_hls
* Solution:       solution1 (Vivado IP Flow Target)
* Product family: zynquplus
* Target device:  xck26-sfvc784-2LV-c


================================================================
== Performance Estimates
================================================================
+ Timing: 
    * Summary: 
    +--------+----------+----------+------------+
    |  Clock |  Target  | Estimated| Uncertainty|
    +--------+----------+----------+------------+
    |ap_clk  |  10.00 ns|  7.300 ns|     2.70 ns|
    +--------+----------+----------+------------+

+ Latency: 
    * Summary: 
    +---------+---------+----------+----------+-----+-----+---------+
    |  Latency (cycles) |  Latency (absolute) |  Interval | Pipeline|
    |   min   |   max   |    min   |    max   | min | max |   Type  |
    +---------+---------+----------+----------+-----+-----+---------+
    |      297|      297|  2.970 us|  2.970 us|  297|  297|       no|
    +---------+---------+----------+----------+-----+-----+---------+

    + Detail: 
        * Instance: 
        N/A

        * Loop: 
        +-------------------------------------+---------+---------+----------+-----------+-----------+------+----------+
        |                                     |  Latency (cycles) | Iteration|  Initiation Interval  | Trip |          |
        |              Loop Name              |   min   |   max   |  Latency |  achieved |   target  | Count| Pipelined|
        +-------------------------------------+---------+---------+----------+-----------+-----------+------+----------+
        |- VITIS_LOOP_464_1_VITIS_LOOP_465_2  |      295|      295|         8|          1|          1|   289|       yes|
        +-------------------------------------+---------+---------+----------+-----------+-----------+------+----------+

============================================================
+ Verbose Summary: Synthesis Manager
============================================================
InlineROM: 1
ExposeGlobal: 0
============================================================
+ Verbose Summary: CDFG Model
============================================================
IsTopModel: 0
ResetActiveHigh: 1
IsCombinational: 0
IsDatapathOnly: 0
HasWiredReturn: 1
HasMFsm: 2
HasVarLatency: 1
IsPipeline: 0
IsRtlPipelined: 0
IsInstanceOverlapped: 0
IsDontTouch: 0
HasImplIP: 0
IsGatedGlobalClock: 0

+ Individual pipeline summary: 
  * Pipeline-0: initiation interval (II) = 1, depth = 8


============================================================
+ Verbose Summary: Schedule
============================================================
* Number of FSM states : 8
* Pipeline : 1
  Pipeline-0 : II = 1, D = 8, States = { 1 2 3 4 5 6 7 8 }
* Dataflow Pipeline: 0

* FSM state transitions: 
1 --> 2 
2 --> 3 
3 --> 4 
4 --> 5 
5 --> 6 
6 --> 7 
7 --> 8 
8 --> 

* FSM state operations: 

State 1 <SV = 0> <Delay = 4.44>
ST_1 : Operation 11 [1/1] (0.00ns)   --->   "%j = alloca i32 1"   --->   Operation 11 'alloca' 'j' <Predicate = true> <Delay = 0.00>
ST_1 : Operation 12 [1/1] (0.00ns)   --->   "%i = alloca i32 1"   --->   Operation 12 'alloca' 'i' <Predicate = true> <Delay = 0.00>
ST_1 : Operation 13 [1/1] (0.00ns)   --->   "%indvar_flatten = alloca i32 1"   --->   Operation 13 'alloca' 'indvar_flatten' <Predicate = true> <Delay = 0.00>
ST_1 : Operation 14 [1/1] (0.00ns)   --->   "%output_ftmap_1_read = read i64 @_ssdm_op_Read.ap_auto.i64, i64 %output_ftmap_1"   --->   Operation 14 'read' 'output_ftmap_1_read' <Predicate = true> <Delay = 0.00>
ST_1 : Operation 15 [1/1] (0.00ns)   --->   "%zext_ln464_read = read i10 @_ssdm_op_Read.ap_auto.i10, i10 %zext_ln464"   --->   Operation 15 'read' 'zext_ln464_read' <Predicate = true> <Delay = 0.00>
ST_1 : Operation 16 [1/1] (0.00ns)   --->   "%pixel_h_cast2_i_read = read i9 @_ssdm_op_Read.ap_auto.i9, i9 %pixel_h_cast2_i"   --->   Operation 16 'read' 'pixel_h_cast2_i_read' <Predicate = true> <Delay = 0.00>
ST_1 : Operation 17 [1/1] (0.00ns)   --->   "%zext_ln464_cast = zext i10 %zext_ln464_read"   --->   Operation 17 'zext' 'zext_ln464_cast' <Predicate = true> <Delay = 0.00>
ST_1 : Operation 18 [1/1] (0.00ns)   --->   "%pixel_h_cast2_i_cast = zext i9 %pixel_h_cast2_i_read"   --->   Operation 18 'zext' 'pixel_h_cast2_i_cast' <Predicate = true> <Delay = 0.00>
ST_1 : Operation 19 [1/1] (0.00ns)   --->   "%specinterface_ln0 = specinterface void @_ssdm_op_SpecInterface, i32 %gmem_out, void @empty_43, i32 0, i32 0, void @empty_42, i32 0, i32 65025, void @empty_36, void @empty_40, void @empty_42, i32 16, i32 16, i32 16, i32 16, void @empty_42, void @empty_42, i32 4294967295, i32 0"   --->   Operation 19 'specinterface' 'specinterface_ln0' <Predicate = true> <Delay = 0.00>
ST_1 : Operation 20 [1/1] (0.42ns)   --->   "%store_ln0 = store i9 0, i9 %indvar_flatten"   --->   Operation 20 'store' 'store_ln0' <Predicate = true> <Delay = 0.42>
ST_1 : Operation 21 [1/1] (0.42ns)   --->   "%store_ln0 = store i5 0, i5 %i"   --->   Operation 21 'store' 'store_ln0' <Predicate = true> <Delay = 0.42>
ST_1 : Operation 22 [1/1] (0.42ns)   --->   "%store_ln0 = store i5 0, i5 %j"   --->   Operation 22 'store' 'store_ln0' <Predicate = true> <Delay = 0.42>
ST_1 : Operation 23 [1/1] (0.42ns)   --->   "%br_ln0 = br void %for.inc.i"   --->   Operation 23 'br' 'br_ln0' <Predicate = true> <Delay = 0.42>
ST_1 : Operation 24 [1/1] (0.00ns)   --->   "%first_iter_013 = phi i1 0, void %new.latch.for.inc.split.i, i1 1, void %newFuncRoot"   --->   Operation 24 'phi' 'first_iter_013' <Predicate = true> <Delay = 0.00>
ST_1 : Operation 25 [1/1] (0.00ns)   --->   "%i_1 = load i5 %i" [src/srcnn.cpp:464->src/srcnn.cpp:125]   --->   Operation 25 'load' 'i_1' <Predicate = true> <Delay = 0.00>
ST_1 : Operation 26 [1/1] (0.00ns)   --->   "%indvar_flatten_load = load i9 %indvar_flatten" [src/srcnn.cpp:464->src/srcnn.cpp:125]   --->   Operation 26 'load' 'indvar_flatten_load' <Predicate = true> <Delay = 0.00>
ST_1 : Operation 27 [1/1] (0.00ns)   --->   "%zext_ln464_1 = zext i5 %i_1" [src/srcnn.cpp:464->src/srcnn.cpp:125]   --->   Operation 27 'zext' 'zext_ln464_1' <Predicate = true> <Delay = 0.00>
ST_1 : Operation 28 [1/1] (0.77ns)   --->   "%empty = add i10 %pixel_h_cast2_i_cast, i10 %zext_ln464_1" [src/srcnn.cpp:464->src/srcnn.cpp:125]   --->   Operation 28 'add' 'empty' <Predicate = true> <Delay = 0.77> <CoreInst = "Adder">   --->   Core 1 'Adder' <Latency = 0> <II = 1> <Delay = 0.77> <FuncUnit> <Opcode : 'add' 'sub'> <InPorts = 2> <OutPorts = 1>
ST_1 : Operation 29 [1/1] (0.00ns)   --->   "%p_shl_i = bitconcatenate i20 @_ssdm_op_BitConcatenate.i20.i10.i10, i10 %empty, i10 0" [src/srcnn.cpp:464->src/srcnn.cpp:125]   --->   Operation 29 'bitconcatenate' 'p_shl_i' <Predicate = true> <Delay = 0.00>
ST_1 : Operation 30 [1/1] (0.00ns)   --->   "%p_shl_cast6_i = zext i20 %p_shl_i" [src/srcnn.cpp:464->src/srcnn.cpp:125]   --->   Operation 30 'zext' 'p_shl_cast6_i' <Predicate = true> <Delay = 0.00>
ST_1 : Operation 31 [1/1] (0.00ns)   --->   "%p_shl1_i = bitconcatenate i12 @_ssdm_op_BitConcatenate.i12.i10.i2, i10 %empty, i2 0" [src/srcnn.cpp:464->src/srcnn.cpp:125]   --->   Operation 31 'bitconcatenate' 'p_shl1_i' <Predicate = true> <Delay = 0.00>
ST_1 : Operation 32 [1/1] (0.00ns)   --->   "%p_shl1_cast7_i = zext i12 %p_shl1_i" [src/srcnn.cpp:464->src/srcnn.cpp:125]   --->   Operation 32 'zext' 'p_shl1_cast7_i' <Predicate = true> <Delay = 0.00>
ST_1 : Operation 33 [1/1] (0.89ns)   --->   "%empty_227 = sub i21 %p_shl_cast6_i, i21 %p_shl1_cast7_i" [src/srcnn.cpp:464->src/srcnn.cpp:125]   --->   Operation 33 'sub' 'empty_227' <Predicate = true> <Delay = 0.89> <CoreInst = "Adder">   --->   Core 1 'Adder' <Latency = 0> <II = 1> <Delay = 0.89> <FuncUnit> <Opcode : 'add' 'sub'> <InPorts = 2> <OutPorts = 1>
ST_1 : Operation 34 [1/1] (0.77ns)   --->   "%icmp_ln464 = icmp_eq  i9 %indvar_flatten_load, i9 289" [src/srcnn.cpp:464->src/srcnn.cpp:125]   --->   Operation 34 'icmp' 'icmp_ln464' <Predicate = true> <Delay = 0.77> <CoreInst = "Cmp">   --->   Core 9 'Cmp' <Latency = 0> <II = 1> <Delay = 0.77> <FuncUnit> <Opcode : 'icmp'> <InPorts = 2> <OutPorts = 1>
ST_1 : Operation 35 [1/1] (0.77ns)   --->   "%add_ln464_3 = add i9 %indvar_flatten_load, i9 1" [src/srcnn.cpp:464->src/srcnn.cpp:125]   --->   Operation 35 'add' 'add_ln464_3' <Predicate = true> <Delay = 0.77> <CoreInst = "Adder">   --->   Core 1 'Adder' <Latency = 0> <II = 1> <Delay = 0.77> <FuncUnit> <Opcode : 'add' 'sub'> <InPorts = 2> <OutPorts = 1>
ST_1 : Operation 36 [1/1] (0.00ns)   --->   "%br_ln464 = br i1 %icmp_ln464, void %new.body.for.inc.i, void %reconstructor.exit.exitStub" [src/srcnn.cpp:464->src/srcnn.cpp:125]   --->   Operation 36 'br' 'br_ln464' <Predicate = true> <Delay = 0.00>
ST_1 : Operation 37 [1/1] (0.00ns)   --->   "%j_load = load i5 %j" [src/srcnn.cpp:465->src/srcnn.cpp:125]   --->   Operation 37 'load' 'j_load' <Predicate = (!icmp_ln464)> <Delay = 0.00>
ST_1 : Operation 38 [1/1] (0.78ns)   --->   "%add_ln464 = add i5 %i_1, i5 1" [src/srcnn.cpp:464->src/srcnn.cpp:125]   --->   Operation 38 'add' 'add_ln464' <Predicate = (!icmp_ln464)> <Delay = 0.78> <CoreInst = "Adder">   --->   Core 1 'Adder' <Latency = 0> <II = 1> <Delay = 0.78> <FuncUnit> <Opcode : 'add' 'sub'> <InPorts = 2> <OutPorts = 1>
ST_1 : Operation 39 [1/1] (0.78ns)   --->   "%icmp_ln465 = icmp_eq  i5 %j_load, i5 17" [src/srcnn.cpp:465->src/srcnn.cpp:125]   --->   Operation 39 'icmp' 'icmp_ln465' <Predicate = (!icmp_ln464)> <Delay = 0.78> <CoreInst = "Cmp">   --->   Core 9 'Cmp' <Latency = 0> <II = 1> <Delay = 0.78> <FuncUnit> <Opcode : 'icmp'> <InPorts = 2> <OutPorts = 1>
ST_1 : Operation 40 [1/1] (0.28ns)   --->   "%or_ln464 = or i1 %icmp_ln465, i1 %first_iter_013" [src/srcnn.cpp:464->src/srcnn.cpp:125]   --->   Operation 40 'or' 'or_ln464' <Predicate = (!icmp_ln464)> <Delay = 0.28> <CoreInst = "LogicGate">   --->   Core 74 'LogicGate' <Latency = 0> <II = 1> <Delay = 0.28> <FuncUnit> <Opcode : 'and' 'or' 'xor'> <InPorts = 2> <OutPorts = 1>
ST_1 : Operation 41 [1/1] (0.41ns)   --->   "%select_ln464 = select i1 %icmp_ln465, i5 0, i5 %j_load" [src/srcnn.cpp:464->src/srcnn.cpp:125]   --->   Operation 41 'select' 'select_ln464' <Predicate = (!icmp_ln464)> <Delay = 0.41> <CoreInst = "Sel">   --->   Core 73 'Sel' <Latency = 0> <II = 1> <Delay = 0.41> <FuncUnit> <Opcode : 'select'> <InPorts = 3> <OutPorts = 1>
ST_1 : Operation 42 [1/1] (0.41ns)   --->   "%select_ln464_1 = select i1 %icmp_ln465, i5 %add_ln464, i5 %i_1" [src/srcnn.cpp:464->src/srcnn.cpp:125]   --->   Operation 42 'select' 'select_ln464_1' <Predicate = (!icmp_ln464)> <Delay = 0.41> <CoreInst = "Sel">   --->   Core 73 'Sel' <Latency = 0> <II = 1> <Delay = 0.41> <FuncUnit> <Opcode : 'select'> <InPorts = 3> <OutPorts = 1>
ST_1 : Operation 43 [1/1] (0.00ns)   --->   "%zext_ln467 = zext i5 %select_ln464_1" [src/srcnn.cpp:467->src/srcnn.cpp:125]   --->   Operation 43 'zext' 'zext_ln467' <Predicate = (!icmp_ln464)> <Delay = 0.00>
ST_1 : Operation 44 [1/1] (0.00ns)   --->   "%tmp_1 = bitconcatenate i9 @_ssdm_op_BitConcatenate.i9.i5.i4, i5 %select_ln464_1, i4 0" [src/srcnn.cpp:467->src/srcnn.cpp:125]   --->   Operation 44 'bitconcatenate' 'tmp_1' <Predicate = (!icmp_ln464)> <Delay = 0.00>
ST_1 : Operation 45 [1/1] (0.00ns) (grouped into TernaryAdder)   --->   "%add_ln467 = add i9 %tmp_1, i9 %zext_ln467" [src/srcnn.cpp:467->src/srcnn.cpp:125]   --->   Operation 45 'add' 'add_ln467' <Predicate = (!icmp_ln464)> <Delay = 0.00> <CoreInst = "TAddSub">   --->   Core 10 'TAddSub' <Latency = 0> <II = 1> <Delay = 0.50> <IPBlock> <Opcode : '<invalid operator> ' 'add' 'sub'> <InPorts = 3> <OutPorts = 1> <Sync> <CReg>
ST_1 : Operation 46 [1/1] (0.00ns)   --->   "%zext_ln464_2 = zext i5 %add_ln464" [src/srcnn.cpp:464->src/srcnn.cpp:125]   --->   Operation 46 'zext' 'zext_ln464_2' <Predicate = (!icmp_ln464)> <Delay = 0.00>
ST_1 : Operation 47 [1/1] (0.77ns)   --->   "%p_mid1 = add i10 %pixel_h_cast2_i_cast, i10 %zext_ln464_2" [src/srcnn.cpp:464->src/srcnn.cpp:125]   --->   Operation 47 'add' 'p_mid1' <Predicate = (!icmp_ln464)> <Delay = 0.77> <CoreInst = "Adder">   --->   Core 1 'Adder' <Latency = 0> <II = 1> <Delay = 0.77> <FuncUnit> <Opcode : 'add' 'sub'> <InPorts = 2> <OutPorts = 1>
ST_1 : Operation 48 [1/1] (0.00ns)   --->   "%p_shl_i_mid1 = bitconcatenate i20 @_ssdm_op_BitConcatenate.i20.i10.i10, i10 %p_mid1, i10 0" [src/srcnn.cpp:464->src/srcnn.cpp:125]   --->   Operation 48 'bitconcatenate' 'p_shl_i_mid1' <Predicate = (!icmp_ln464)> <Delay = 0.00>
ST_1 : Operation 49 [1/1] (0.00ns)   --->   "%p_shl_cast6_i_mid1 = zext i20 %p_shl_i_mid1" [src/srcnn.cpp:464->src/srcnn.cpp:125]   --->   Operation 49 'zext' 'p_shl_cast6_i_mid1' <Predicate = (!icmp_ln464)> <Delay = 0.00>
ST_1 : Operation 50 [1/1] (0.00ns)   --->   "%p_shl1_i_mid1 = bitconcatenate i12 @_ssdm_op_BitConcatenate.i12.i10.i2, i10 %p_mid1, i2 0" [src/srcnn.cpp:464->src/srcnn.cpp:125]   --->   Operation 50 'bitconcatenate' 'p_shl1_i_mid1' <Predicate = (!icmp_ln464)> <Delay = 0.00>
ST_1 : Operation 51 [1/1] (0.00ns)   --->   "%p_shl1_cast7_i_mid1 = zext i12 %p_shl1_i_mid1" [src/srcnn.cpp:464->src/srcnn.cpp:125]   --->   Operation 51 'zext' 'p_shl1_cast7_i_mid1' <Predicate = (!icmp_ln464)> <Delay = 0.00>
ST_1 : Operation 52 [1/1] (0.89ns)   --->   "%p_mid17 = sub i21 %p_shl_cast6_i_mid1, i21 %p_shl1_cast7_i_mid1" [src/srcnn.cpp:464->src/srcnn.cpp:125]   --->   Operation 52 'sub' 'p_mid17' <Predicate = (!icmp_ln464)> <Delay = 0.89> <CoreInst = "Adder">   --->   Core 1 'Adder' <Latency = 0> <II = 1> <Delay = 0.89> <FuncUnit> <Opcode : 'add' 'sub'> <InPorts = 2> <OutPorts = 1>
ST_1 : Operation 53 [1/1] (0.00ns) (grouped into LUT with out node add_ln464_1)   --->   "%select_ln464_2 = select i1 %icmp_ln465, i21 %p_mid17, i21 %empty_227" [src/srcnn.cpp:464->src/srcnn.cpp:125]   --->   Operation 53 'select' 'select_ln464_2' <Predicate = (!icmp_ln464)> <Delay = 0.00> <CoreInst = "Sel">   --->   Core 73 'Sel' <Latency = 0> <II = 1> <Delay = 0.35> <FuncUnit> <Opcode : 'select'> <InPorts = 3> <OutPorts = 1>
ST_1 : Operation 54 [1/1] (0.00ns) (grouped into LUT with out node add_ln464_1)   --->   "%sext_ln464 = sext i21 %select_ln464_2" [src/srcnn.cpp:464->src/srcnn.cpp:125]   --->   Operation 54 'sext' 'sext_ln464' <Predicate = (!icmp_ln464)> <Delay = 0.00>
ST_1 : Operation 55 [1/1] (0.90ns) (out node of the LUT)   --->   "%add_ln464_1 = add i22 %sext_ln464, i22 %zext_ln464_cast" [src/srcnn.cpp:464->src/srcnn.cpp:125]   --->   Operation 55 'add' 'add_ln464_1' <Predicate = (!icmp_ln464)> <Delay = 0.90> <CoreInst = "Adder">   --->   Core 1 'Adder' <Latency = 0> <II = 1> <Delay = 0.90> <FuncUnit> <Opcode : 'add' 'sub'> <InPorts = 2> <OutPorts = 1>
ST_1 : Operation 56 [1/1] (0.00ns)   --->   "%sext_ln464_1 = sext i22 %add_ln464_1" [src/srcnn.cpp:464->src/srcnn.cpp:125]   --->   Operation 56 'sext' 'sext_ln464_1' <Predicate = (!icmp_ln464)> <Delay = 0.00>
ST_1 : Operation 57 [1/1] (1.08ns)   --->   "%add_ln464_2 = add i64 %sext_ln464_1, i64 %output_ftmap_1_read" [src/srcnn.cpp:464->src/srcnn.cpp:125]   --->   Operation 57 'add' 'add_ln464_2' <Predicate = (!icmp_ln464)> <Delay = 1.08> <CoreInst = "Adder">   --->   Core 1 'Adder' <Latency = 0> <II = 1> <Delay = 1.08> <FuncUnit> <Opcode : 'add' 'sub'> <InPorts = 2> <OutPorts = 1>
ST_1 : Operation 58 [1/1] (0.00ns)   --->   "%sext_ln465_mid2_v = partselect i62 @_ssdm_op_PartSelect.i62.i64.i32.i32, i64 %add_ln464_2, i32 2, i32 63" [src/srcnn.cpp:464->src/srcnn.cpp:125]   --->   Operation 58 'partselect' 'sext_ln465_mid2_v' <Predicate = (!icmp_ln464)> <Delay = 0.00>
ST_1 : Operation 59 [1/1] (0.00ns)   --->   "%zext_ln467_1 = zext i5 %select_ln464" [src/srcnn.cpp:467->src/srcnn.cpp:125]   --->   Operation 59 'zext' 'zext_ln467_1' <Predicate = (!icmp_ln464)> <Delay = 0.00>
ST_1 : Operation 60 [1/1] (1.00ns) (root node of TernaryAdder)   --->   "%add_ln467_1 = add i9 %add_ln467, i9 %zext_ln467_1" [src/srcnn.cpp:467->src/srcnn.cpp:125]   --->   Operation 60 'add' 'add_ln467_1' <Predicate = (!icmp_ln464)> <Delay = 1.00> <CoreInst = "TAddSub">   --->   Core 10 'TAddSub' <Latency = 0> <II = 1> <Delay = 0.50> <IPBlock> <Opcode : '<invalid operator> ' 'add' 'sub'> <InPorts = 3> <OutPorts = 1> <Sync> <CReg>
ST_1 : Operation 61 [1/1] (0.00ns)   --->   "%zext_ln467_2 = zext i9 %add_ln467_1" [src/srcnn.cpp:467->src/srcnn.cpp:125]   --->   Operation 61 'zext' 'zext_ln467_2' <Predicate = (!icmp_ln464)> <Delay = 0.00>
ST_1 : Operation 62 [1/1] (0.00ns)   --->   "%layer3_output_tile_0_addr = getelementptr i32 %layer3_output_tile_0, i64 0, i64 %zext_ln467_2" [src/srcnn.cpp:467->src/srcnn.cpp:125]   --->   Operation 62 'getelementptr' 'layer3_output_tile_0_addr' <Predicate = (!icmp_ln464)> <Delay = 0.00>
ST_1 : Operation 63 [1/1] (0.00ns)   --->   "%br_ln465 = br i1 %or_ln464, void %for.inc.split.i, void %for.first.iter.for.inc.i" [src/srcnn.cpp:465->src/srcnn.cpp:125]   --->   Operation 63 'br' 'br_ln465' <Predicate = (!icmp_ln464)> <Delay = 0.00>
ST_1 : Operation 64 [2/2] (1.23ns)   --->   "%layer3_output_tile_0_load = load i9 %layer3_output_tile_0_addr" [src/srcnn.cpp:467->src/srcnn.cpp:125]   --->   Operation 64 'load' 'layer3_output_tile_0_load' <Predicate = (!icmp_ln464)> <Delay = 1.23> <CoreInst = "RAM">   --->   Core 83 'RAM' <Latency = 1> <II = 1> <Delay = 1.23> <Storage> <Opcode : 'load' 'store'> <Ports = 2> <Width = 32> <Depth = 289> <RAM>
ST_1 : Operation 65 [1/1] (0.78ns)   --->   "%add_ln465 = add i5 %select_ln464, i5 1" [src/srcnn.cpp:465->src/srcnn.cpp:125]   --->   Operation 65 'add' 'add_ln465' <Predicate = (!icmp_ln464)> <Delay = 0.78> <CoreInst = "Adder">   --->   Core 1 'Adder' <Latency = 0> <II = 1> <Delay = 0.78> <FuncUnit> <Opcode : 'add' 'sub'> <InPorts = 2> <OutPorts = 1>
ST_1 : Operation 66 [1/1] (0.78ns)   --->   "%icmp_ln465_1 = icmp_eq  i5 %add_ln465, i5 17" [src/srcnn.cpp:465->src/srcnn.cpp:125]   --->   Operation 66 'icmp' 'icmp_ln465_1' <Predicate = (!icmp_ln464)> <Delay = 0.78> <CoreInst = "Cmp">   --->   Core 9 'Cmp' <Latency = 0> <II = 1> <Delay = 0.78> <FuncUnit> <Opcode : 'icmp'> <InPorts = 2> <OutPorts = 1>
ST_1 : Operation 67 [1/1] (0.00ns)   --->   "%br_ln465 = br i1 %icmp_ln465_1, void %new.latch.for.inc.split.i, void %last.iter.for.inc.split.i" [src/srcnn.cpp:465->src/srcnn.cpp:125]   --->   Operation 67 'br' 'br_ln465' <Predicate = (!icmp_ln464)> <Delay = 0.00>
ST_1 : Operation 68 [1/1] (0.42ns)   --->   "%store_ln465 = store i9 %add_ln464_3, i9 %indvar_flatten" [src/srcnn.cpp:465->src/srcnn.cpp:125]   --->   Operation 68 'store' 'store_ln465' <Predicate = (!icmp_ln464)> <Delay = 0.42>
ST_1 : Operation 69 [1/1] (0.42ns)   --->   "%store_ln465 = store i5 %select_ln464_1, i5 %i" [src/srcnn.cpp:465->src/srcnn.cpp:125]   --->   Operation 69 'store' 'store_ln465' <Predicate = (!icmp_ln464)> <Delay = 0.42>
ST_1 : Operation 70 [1/1] (0.42ns)   --->   "%store_ln465 = store i5 %add_ln465, i5 %j" [src/srcnn.cpp:465->src/srcnn.cpp:125]   --->   Operation 70 'store' 'store_ln465' <Predicate = (!icmp_ln464)> <Delay = 0.42>
ST_1 : Operation 71 [1/1] (0.00ns)   --->   "%br_ln465 = br void %for.inc.i" [src/srcnn.cpp:465->src/srcnn.cpp:125]   --->   Operation 71 'br' 'br_ln465' <Predicate = (!icmp_ln464)> <Delay = 0.00>

State 2 <SV = 1> <Delay = 7.30>
ST_2 : Operation 72 [1/1] (0.00ns)   --->   "%specloopname_ln0 = specloopname void @_ssdm_op_SpecLoopName, void @VITIS_LOOP_464_1_VITIS_LOOP_465_2_str"   --->   Operation 72 'specloopname' 'specloopname_ln0' <Predicate = true> <Delay = 0.00>
ST_2 : Operation 73 [1/1] (0.00ns)   --->   "%speclooptripcount_ln0 = speclooptripcount void @_ssdm_op_SpecLoopTripCount, i64 289, i64 289, i64 289"   --->   Operation 73 'speclooptripcount' 'speclooptripcount_ln0' <Predicate = true> <Delay = 0.00>
ST_2 : Operation 74 [1/1] (0.00ns)   --->   "%sext_ln464_2 = sext i62 %sext_ln465_mid2_v" [src/srcnn.cpp:464->src/srcnn.cpp:125]   --->   Operation 74 'sext' 'sext_ln464_2' <Predicate = true> <Delay = 0.00>
ST_2 : Operation 75 [1/1] (0.00ns)   --->   "%gmem_out_addr = getelementptr i32 %gmem_out, i64 %sext_ln464_2" [src/srcnn.cpp:465->src/srcnn.cpp:125]   --->   Operation 75 'getelementptr' 'gmem_out_addr' <Predicate = (or_ln464)> <Delay = 0.00>
ST_2 : Operation 76 [1/1] (7.30ns)   --->   "%empty_228 = writereq i1 @_ssdm_op_WriteReq.m_axi.p1i32, i32 %gmem_out_addr, i32 17" [src/srcnn.cpp:465->src/srcnn.cpp:125]   --->   Operation 76 'writereq' 'empty_228' <Predicate = (or_ln464)> <Delay = 7.30> <CoreInst = "m_axi">   --->   Core 121 'm_axi' <Latency = 0> <II = 1> <Delay = 1.00> <Adapter> <Opcode : 'read' 'write' 'readreq' 'writereq' 'writeresp'>
ST_2 : Operation 77 [1/1] (0.00ns)   --->   "%br_ln465 = br void %for.inc.split.i" [src/srcnn.cpp:465->src/srcnn.cpp:125]   --->   Operation 77 'br' 'br_ln465' <Predicate = (or_ln464)> <Delay = 0.00>
ST_2 : Operation 78 [1/2] (1.23ns)   --->   "%layer3_output_tile_0_load = load i9 %layer3_output_tile_0_addr" [src/srcnn.cpp:467->src/srcnn.cpp:125]   --->   Operation 78 'load' 'layer3_output_tile_0_load' <Predicate = true> <Delay = 1.23> <CoreInst = "RAM">   --->   Core 83 'RAM' <Latency = 1> <II = 1> <Delay = 1.23> <Storage> <Opcode : 'load' 'store'> <Ports = 2> <Width = 32> <Depth = 289> <RAM>
ST_2 : Operation 79 [1/1] (0.00ns)   --->   "%gmem_out_addr_1 = getelementptr i32 %gmem_out, i64 %sext_ln464_2" [src/srcnn.cpp:465->src/srcnn.cpp:125]   --->   Operation 79 'getelementptr' 'gmem_out_addr_1' <Predicate = true> <Delay = 0.00>

State 3 <SV = 2> <Delay = 7.30>
ST_3 : Operation 80 [1/1] (0.00ns)   --->   "%specpipeline_ln466 = specpipeline void @_ssdm_op_SpecPipeline, i32 1, i32 0, i32 0, i32 0, void @empty_42" [src/srcnn.cpp:466->src/srcnn.cpp:125]   --->   Operation 80 'specpipeline' 'specpipeline_ln466' <Predicate = true> <Delay = 0.00>
ST_3 : Operation 81 [1/1] (0.00ns)   --->   "%specloopname_ln465 = specloopname void @_ssdm_op_SpecLoopName, void @empty_204" [src/srcnn.cpp:465->src/srcnn.cpp:125]   --->   Operation 81 'specloopname' 'specloopname_ln465' <Predicate = true> <Delay = 0.00>
ST_3 : Operation 82 [1/1] (0.00ns)   --->   "%bitcast_ln467 = bitcast i32 %layer3_output_tile_0_load" [src/srcnn.cpp:467->src/srcnn.cpp:125]   --->   Operation 82 'bitcast' 'bitcast_ln467' <Predicate = true> <Delay = 0.00>
ST_3 : Operation 83 [1/1] (7.30ns)   --->   "%write_ln467 = write void @_ssdm_op_Write.m_axi.p1i32, i32 %gmem_out_addr_1, i32 %bitcast_ln467, i4 15" [src/srcnn.cpp:467->src/srcnn.cpp:125]   --->   Operation 83 'write' 'write_ln467' <Predicate = true> <Delay = 7.30> <CoreInst = "m_axi">   --->   Core 121 'm_axi' <Latency = 0> <II = 1> <Delay = 1.00> <Adapter> <Opcode : 'read' 'write' 'readreq' 'writereq' 'writeresp'>

State 4 <SV = 3> <Delay = 7.30>
ST_4 : Operation 84 [5/5] (7.30ns)   --->   "%empty_229 = writeresp i1 @_ssdm_op_WriteResp.m_axi.p1i32, i32 %gmem_out_addr_1" [src/srcnn.cpp:464->src/srcnn.cpp:125]   --->   Operation 84 'writeresp' 'empty_229' <Predicate = (icmp_ln465_1)> <Delay = 7.30> <CoreInst = "m_axi">   --->   Core 121 'm_axi' <Latency = 0> <II = 1> <Delay = 1.00> <Adapter> <Opcode : 'read' 'write' 'readreq' 'writereq' 'writeresp'>

State 5 <SV = 4> <Delay = 7.30>
ST_5 : Operation 85 [4/5] (7.30ns)   --->   "%empty_229 = writeresp i1 @_ssdm_op_WriteResp.m_axi.p1i32, i32 %gmem_out_addr_1" [src/srcnn.cpp:464->src/srcnn.cpp:125]   --->   Operation 85 'writeresp' 'empty_229' <Predicate = (icmp_ln465_1)> <Delay = 7.30> <CoreInst = "m_axi">   --->   Core 121 'm_axi' <Latency = 0> <II = 1> <Delay = 1.00> <Adapter> <Opcode : 'read' 'write' 'readreq' 'writereq' 'writeresp'>

State 6 <SV = 5> <Delay = 7.30>
ST_6 : Operation 86 [3/5] (7.30ns)   --->   "%empty_229 = writeresp i1 @_ssdm_op_WriteResp.m_axi.p1i32, i32 %gmem_out_addr_1" [src/srcnn.cpp:464->src/srcnn.cpp:125]   --->   Operation 86 'writeresp' 'empty_229' <Predicate = (icmp_ln465_1)> <Delay = 7.30> <CoreInst = "m_axi">   --->   Core 121 'm_axi' <Latency = 0> <II = 1> <Delay = 1.00> <Adapter> <Opcode : 'read' 'write' 'readreq' 'writereq' 'writeresp'>

State 7 <SV = 6> <Delay = 7.30>
ST_7 : Operation 87 [2/5] (7.30ns)   --->   "%empty_229 = writeresp i1 @_ssdm_op_WriteResp.m_axi.p1i32, i32 %gmem_out_addr_1" [src/srcnn.cpp:464->src/srcnn.cpp:125]   --->   Operation 87 'writeresp' 'empty_229' <Predicate = (icmp_ln465_1)> <Delay = 7.30> <CoreInst = "m_axi">   --->   Core 121 'm_axi' <Latency = 0> <II = 1> <Delay = 1.00> <Adapter> <Opcode : 'read' 'write' 'readreq' 'writereq' 'writeresp'>
ST_7 : Operation 90 [1/1] (0.00ns)   --->   "%ret_ln0 = ret"   --->   Operation 90 'ret' 'ret_ln0' <Predicate = (icmp_ln464)> <Delay = 0.00>

State 8 <SV = 7> <Delay = 7.30>
ST_8 : Operation 88 [1/5] (7.30ns)   --->   "%empty_229 = writeresp i1 @_ssdm_op_WriteResp.m_axi.p1i32, i32 %gmem_out_addr_1" [src/srcnn.cpp:464->src/srcnn.cpp:125]   --->   Operation 88 'writeresp' 'empty_229' <Predicate = (icmp_ln465_1)> <Delay = 7.30> <CoreInst = "m_axi">   --->   Core 121 'm_axi' <Latency = 0> <II = 1> <Delay = 1.00> <Adapter> <Opcode : 'read' 'write' 'readreq' 'writereq' 'writeresp'>
ST_8 : Operation 89 [1/1] (0.00ns)   --->   "%br_ln465 = br void %new.latch.for.inc.split.i" [src/srcnn.cpp:465->src/srcnn.cpp:125]   --->   Operation 89 'br' 'br_ln465' <Predicate = (icmp_ln465_1)> <Delay = 0.00>


============================================================
+ Verbose Summary: Timing violations
============================================================
Target clock period: 10.000ns, clock uncertainty: 2.700ns.

 <State 1>: 4.448ns
The critical path consists of the following:
	'alloca' operation ('i') [7]  (0.000 ns)
	'load' operation ('i', src/srcnn.cpp:464->src/srcnn.cpp:125) on local variable 'i' [21]  (0.000 ns)
	'add' operation ('add_ln464', src/srcnn.cpp:464->src/srcnn.cpp:125) [35]  (0.789 ns)
	'add' operation ('p_mid1', src/srcnn.cpp:464->src/srcnn.cpp:125) [46]  (0.776 ns)
	'sub' operation ('p_mid17', src/srcnn.cpp:464->src/srcnn.cpp:125) [51]  (0.894 ns)
	'select' operation ('select_ln464_2', src/srcnn.cpp:464->src/srcnn.cpp:125) [52]  (0.000 ns)
	'add' operation ('add_ln464_1', src/srcnn.cpp:464->src/srcnn.cpp:125) [54]  (0.904 ns)
	'add' operation ('add_ln464_2', src/srcnn.cpp:464->src/srcnn.cpp:125) [56]  (1.085 ns)

 <State 2>: 7.300ns
The critical path consists of the following:
	'getelementptr' operation ('gmem_out_addr', src/srcnn.cpp:465->src/srcnn.cpp:125) [65]  (0.000 ns)
	bus request operation ('empty_228', src/srcnn.cpp:465->src/srcnn.cpp:125) on port 'gmem_out' (src/srcnn.cpp:465->src/srcnn.cpp:125) [66]  (7.300 ns)

 <State 3>: 7.300ns
The critical path consists of the following:
	bus write operation ('write_ln467', src/srcnn.cpp:467->src/srcnn.cpp:125) on port 'gmem_out' (src/srcnn.cpp:467->src/srcnn.cpp:125) [74]  (7.300 ns)

 <State 4>: 7.300ns
The critical path consists of the following:
	bus response operation ('empty_229', src/srcnn.cpp:464->src/srcnn.cpp:125) on port 'gmem_out' (src/srcnn.cpp:464->src/srcnn.cpp:125) [79]  (7.300 ns)

 <State 5>: 7.300ns
The critical path consists of the following:
	bus response operation ('empty_229', src/srcnn.cpp:464->src/srcnn.cpp:125) on port 'gmem_out' (src/srcnn.cpp:464->src/srcnn.cpp:125) [79]  (7.300 ns)

 <State 6>: 7.300ns
The critical path consists of the following:
	bus response operation ('empty_229', src/srcnn.cpp:464->src/srcnn.cpp:125) on port 'gmem_out' (src/srcnn.cpp:464->src/srcnn.cpp:125) [79]  (7.300 ns)

 <State 7>: 7.300ns
The critical path consists of the following:
	bus response operation ('empty_229', src/srcnn.cpp:464->src/srcnn.cpp:125) on port 'gmem_out' (src/srcnn.cpp:464->src/srcnn.cpp:125) [79]  (7.300 ns)

 <State 8>: 7.300ns
The critical path consists of the following:
	bus response operation ('empty_229', src/srcnn.cpp:464->src/srcnn.cpp:125) on port 'gmem_out' (src/srcnn.cpp:464->src/srcnn.cpp:125) [79]  (7.300 ns)


============================================================
+ Verbose Summary: Binding
============================================================
N/A
* FSMD analyzer results:
  - Output states:
 - Input state : 
  - Chain level:
	State 1
	State 2
	State 3
	State 4
	State 5
	State 6
	State 7
	State 8


============================================================
+ Verbose Summary: Datapath Resource usage 
============================================================
N/A
