

================================================================
== Vitis HLS Report for 'srcnn'
================================================================
* Date:           Fri Oct 31 13:02:45 2025

* Version:        2023.1 (Build 3854077 on May  4 2023)
* Project:        srcnn_hls
* Solution:       solution1 (Vivado IP Flow Target)
* Product family: zynquplus
* Target device:  xck26-sfvc784-2LV-c


================================================================
== Performance Estimates
================================================================
+ Timing: 
    * Summary: 
    +--------+----------+----------+------------+
    |  Clock |  Target  | Estimated| Uncertainty|
    +--------+----------+----------+------------+
    |ap_clk  |  10.00 ns|  7.360 ns|     2.70 ns|
    +--------+----------+----------+------------+

+ Latency: 
    * Summary: 
    +------------+------------+------------+------------+------------+------------+---------+
    |     Latency (cycles)    |    Latency (absolute)   |         Interval        | Pipeline|
    |     min    |     max    |     min    |     max    |     min    |     max    |   Type  |
    +------------+------------+------------+------------+------------+------------+---------+
    |  1624584872|  1624584872|  16.246 sec|  16.246 sec|  1624584873|  1624584873|       no|
    +------------+------------+------------+------------+------------+------------+---------+

    + Detail: 
        * Instance: 
        +-----------------+-------+------------+------------+------------+------------+------------+------------+---------+
        |                 |       |     Latency (cycles)    |    Latency (absolute)   |         Interval        | Pipeline|
        |     Instance    | Module|     min    |     max    |     min    |     max    |     min    |     max    |   Type  |
        +-----------------+-------+------------+------------+------------+------------+------------+------------+---------+
        |grp_conv1_fu_52  |conv1  |  1348358420|  1348358420|  13.484 sec|  13.484 sec|  1348358420|  1348358420|       no|
        |grp_conv2_fu_64  |conv2  |    66585846|    66585846|   0.666 sec|   0.666 sec|    66585846|    66585846|       no|
        |grp_conv3_fu_76  |conv3  |   209640601|   209640601|   2.096 sec|   2.096 sec|   209640601|   209640601|       no|
        +-----------------+-------+------------+------------+------------+------------+------------+------------+---------+

        * Loop: 
        N/A

============================================================
+ Verbose Summary: Synthesis Manager
============================================================
InlineROM: 1
ExposeGlobal: 0
============================================================
+ Verbose Summary: CDFG Model
============================================================
IsTopModel: 1
ResetActiveHigh: 1
IsCombinational: 0
IsDatapathOnly: 0
HasWiredReturn: 1
HasMFsm: 0
HasVarLatency: 1
IsPipeline: 0
IsRtlPipelined: 0
IsInstanceOverlapped: 0
IsDontTouch: 0
HasImplIP: 0
IsGatedGlobalClock: 0


============================================================
+ Verbose Summary: Schedule
============================================================
* Number of FSM states : 6
* Pipeline : 0
* Dataflow Pipeline: 0

* FSM state transitions: 
1 --> 2 
2 --> 3 
3 --> 4 
4 --> 5 
5 --> 6 
6 --> 

* FSM state operations: 

State 1 <SV = 0> <Delay = 0.00>
ST_1 : Operation 7 [2/2] (0.00ns)   --->   "%call_ln15 = call void @conv1, i32 %input_ftmap, i32 %conv1_weights, i32 %conv1_biases, i32 %layer1_output" [src/srcnn.cpp:15]   --->   Operation 7 'call' 'call_ln15' <Predicate = true> <Delay = 0.00> <CoreType = "Generic">   --->   Core 0 '' <Latency = 0> <II = 1> <Delay = 1.00> <Generic> <Opcode : >

State 2 <SV = 1> <Delay = 0.00>
ST_2 : Operation 8 [1/2] (0.00ns)   --->   "%call_ln15 = call void @conv1, i32 %input_ftmap, i32 %conv1_weights, i32 %conv1_biases, i32 %layer1_output" [src/srcnn.cpp:15]   --->   Operation 8 'call' 'call_ln15' <Predicate = true> <Delay = 0.00> <CoreType = "Generic">   --->   Core 0 '' <Latency = 0> <II = 1> <Delay = 1.00> <Generic> <Opcode : >

State 3 <SV = 2> <Delay = 0.00>
ST_3 : Operation 9 [2/2] (0.00ns)   --->   "%call_ln16 = call void @conv2, i32 %conv2_weights, i32 %conv2_biases, i32 %layer1_output, i32 %layer2_output" [src/srcnn.cpp:16]   --->   Operation 9 'call' 'call_ln16' <Predicate = true> <Delay = 0.00> <CoreType = "Generic">   --->   Core 0 '' <Latency = 0> <II = 1> <Delay = 1.00> <Generic> <Opcode : >

State 4 <SV = 3> <Delay = 0.00>
ST_4 : Operation 10 [1/2] (0.00ns)   --->   "%call_ln16 = call void @conv2, i32 %conv2_weights, i32 %conv2_biases, i32 %layer1_output, i32 %layer2_output" [src/srcnn.cpp:16]   --->   Operation 10 'call' 'call_ln16' <Predicate = true> <Delay = 0.00> <CoreType = "Generic">   --->   Core 0 '' <Latency = 0> <II = 1> <Delay = 1.00> <Generic> <Opcode : >

State 5 <SV = 4> <Delay = 0.00>
ST_5 : Operation 11 [1/1] (0.00ns)   --->   "%conv3_biases_read = read i32 @_ssdm_op_Read.ap_auto.i32P0A, i32 %conv3_biases"   --->   Operation 11 'read' 'conv3_biases_read' <Predicate = true> <Delay = 0.00>
ST_5 : Operation 12 [1/1] (0.00ns)   --->   "%empty = bitcast i32 %conv3_biases_read"   --->   Operation 12 'bitcast' 'empty' <Predicate = true> <Delay = 0.00>
ST_5 : Operation 13 [2/2] (0.00ns)   --->   "%call_ln17 = call void @conv3, i32 %conv3_weights, i32 %empty, i32 %output_ftmap, i32 %layer2_output" [src/srcnn.cpp:17]   --->   Operation 13 'call' 'call_ln17' <Predicate = true> <Delay = 0.00> <CoreType = "Generic">   --->   Core 0 '' <Latency = 0> <II = 1> <Delay = 1.00> <Generic> <Opcode : >

State 6 <SV = 5> <Delay = 0.00>
ST_6 : Operation 14 [1/1] (0.00ns)   --->   "%spectopmodule_ln3 = spectopmodule void @_ssdm_op_SpecTopModule, void @empty_2" [src/srcnn.cpp:3]   --->   Operation 14 'spectopmodule' 'spectopmodule_ln3' <Predicate = true> <Delay = 0.00>
ST_6 : Operation 15 [1/1] (0.00ns)   --->   "%specinterface_ln0 = specinterface void @_ssdm_op_SpecInterface, i32 %input_ftmap, void @empty, i32 0, i32 0, void @empty_0, i32 4294967295, i32 0, void @empty_0, void @empty_0, void @empty_0, i32 0, i32 0, i32 0, i32 0, void @empty_0, void @empty_0, i32 4294967295, i32 0"   --->   Operation 15 'specinterface' 'specinterface_ln0' <Predicate = true> <Delay = 0.00>
ST_6 : Operation 16 [1/1] (0.00ns)   --->   "%specbitsmap_ln0 = specbitsmap void @_ssdm_op_SpecBitsMap, i32 %input_ftmap"   --->   Operation 16 'specbitsmap' 'specbitsmap_ln0' <Predicate = true> <Delay = 0.00>
ST_6 : Operation 17 [1/1] (0.00ns)   --->   "%specinterface_ln0 = specinterface void @_ssdm_op_SpecInterface, i32 %conv1_weights, void @empty, i32 0, i32 0, void @empty_0, i32 4294967295, i32 0, void @empty_0, void @empty_0, void @empty_0, i32 0, i32 0, i32 0, i32 0, void @empty_0, void @empty_0, i32 4294967295, i32 0"   --->   Operation 17 'specinterface' 'specinterface_ln0' <Predicate = true> <Delay = 0.00>
ST_6 : Operation 18 [1/1] (0.00ns)   --->   "%specbitsmap_ln0 = specbitsmap void @_ssdm_op_SpecBitsMap, i32 %conv1_weights"   --->   Operation 18 'specbitsmap' 'specbitsmap_ln0' <Predicate = true> <Delay = 0.00>
ST_6 : Operation 19 [1/1] (0.00ns)   --->   "%specinterface_ln0 = specinterface void @_ssdm_op_SpecInterface, i32 %conv1_biases, void @empty, i32 0, i32 0, void @empty_0, i32 4294967295, i32 0, void @empty_0, void @empty_0, void @empty_0, i32 0, i32 0, i32 0, i32 0, void @empty_0, void @empty_0, i32 4294967295, i32 0"   --->   Operation 19 'specinterface' 'specinterface_ln0' <Predicate = true> <Delay = 0.00>
ST_6 : Operation 20 [1/1] (0.00ns)   --->   "%specbitsmap_ln0 = specbitsmap void @_ssdm_op_SpecBitsMap, i32 %conv1_biases"   --->   Operation 20 'specbitsmap' 'specbitsmap_ln0' <Predicate = true> <Delay = 0.00>
ST_6 : Operation 21 [1/1] (0.00ns)   --->   "%specinterface_ln0 = specinterface void @_ssdm_op_SpecInterface, i32 %conv2_weights, void @empty, i32 0, i32 0, void @empty_0, i32 4294967295, i32 0, void @empty_0, void @empty_0, void @empty_0, i32 0, i32 0, i32 0, i32 0, void @empty_0, void @empty_0, i32 4294967295, i32 0"   --->   Operation 21 'specinterface' 'specinterface_ln0' <Predicate = true> <Delay = 0.00>
ST_6 : Operation 22 [1/1] (0.00ns)   --->   "%specbitsmap_ln0 = specbitsmap void @_ssdm_op_SpecBitsMap, i32 %conv2_weights"   --->   Operation 22 'specbitsmap' 'specbitsmap_ln0' <Predicate = true> <Delay = 0.00>
ST_6 : Operation 23 [1/1] (0.00ns)   --->   "%specinterface_ln0 = specinterface void @_ssdm_op_SpecInterface, i32 %conv2_biases, void @empty, i32 0, i32 0, void @empty_0, i32 4294967295, i32 0, void @empty_0, void @empty_0, void @empty_0, i32 0, i32 0, i32 0, i32 0, void @empty_0, void @empty_0, i32 4294967295, i32 0"   --->   Operation 23 'specinterface' 'specinterface_ln0' <Predicate = true> <Delay = 0.00>
ST_6 : Operation 24 [1/1] (0.00ns)   --->   "%specbitsmap_ln0 = specbitsmap void @_ssdm_op_SpecBitsMap, i32 %conv2_biases"   --->   Operation 24 'specbitsmap' 'specbitsmap_ln0' <Predicate = true> <Delay = 0.00>
ST_6 : Operation 25 [1/1] (0.00ns)   --->   "%specinterface_ln0 = specinterface void @_ssdm_op_SpecInterface, i32 %conv3_weights, void @empty, i32 0, i32 0, void @empty_0, i32 4294967295, i32 0, void @empty_0, void @empty_0, void @empty_0, i32 0, i32 0, i32 0, i32 0, void @empty_0, void @empty_0, i32 4294967295, i32 0"   --->   Operation 25 'specinterface' 'specinterface_ln0' <Predicate = true> <Delay = 0.00>
ST_6 : Operation 26 [1/1] (0.00ns)   --->   "%specbitsmap_ln0 = specbitsmap void @_ssdm_op_SpecBitsMap, i32 %conv3_weights"   --->   Operation 26 'specbitsmap' 'specbitsmap_ln0' <Predicate = true> <Delay = 0.00>
ST_6 : Operation 27 [1/1] (0.00ns)   --->   "%specbitsmap_ln0 = specbitsmap void @_ssdm_op_SpecBitsMap, i32 %conv3_biases"   --->   Operation 27 'specbitsmap' 'specbitsmap_ln0' <Predicate = true> <Delay = 0.00>
ST_6 : Operation 28 [1/1] (0.00ns)   --->   "%specinterface_ln0 = specinterface void @_ssdm_op_SpecInterface, i32 %conv3_biases, void @empty_1, i32 0, i32 0, void @empty_0, i32 0, i32 0, void @empty_0, void @empty_0, void @empty_0, i32 0, i32 0, i32 0, i32 0, void @empty_0, void @empty_0, i32 4294967295, i32 0"   --->   Operation 28 'specinterface' 'specinterface_ln0' <Predicate = true> <Delay = 0.00>
ST_6 : Operation 29 [1/1] (0.00ns)   --->   "%specinterface_ln0 = specinterface void @_ssdm_op_SpecInterface, i32 %output_ftmap, void @empty, i32 0, i32 0, void @empty_0, i32 4294967295, i32 0, void @empty_0, void @empty_0, void @empty_0, i32 0, i32 0, i32 0, i32 0, void @empty_0, void @empty_0, i32 4294967295, i32 0"   --->   Operation 29 'specinterface' 'specinterface_ln0' <Predicate = true> <Delay = 0.00>
ST_6 : Operation 30 [1/1] (0.00ns)   --->   "%specbitsmap_ln0 = specbitsmap void @_ssdm_op_SpecBitsMap, i32 %output_ftmap"   --->   Operation 30 'specbitsmap' 'specbitsmap_ln0' <Predicate = true> <Delay = 0.00>
ST_6 : Operation 31 [1/2] (0.00ns)   --->   "%call_ln17 = call void @conv3, i32 %conv3_weights, i32 %empty, i32 %output_ftmap, i32 %layer2_output" [src/srcnn.cpp:17]   --->   Operation 31 'call' 'call_ln17' <Predicate = true> <Delay = 0.00> <CoreType = "Generic">   --->   Core 0 '' <Latency = 0> <II = 1> <Delay = 1.00> <Generic> <Opcode : >
ST_6 : Operation 32 [1/1] (0.00ns)   --->   "%ret_ln18 = ret" [src/srcnn.cpp:18]   --->   Operation 32 'ret' 'ret_ln18' <Predicate = true> <Delay = 0.00>


============================================================
+ Verbose Summary: Binding
============================================================
STG Binding: 
---------------- STG Properties BEGIN ----------------
- Is combinational: 0
- Is one-state seq: 0
- Is datapath-only: 0
- Is pipelined: 0
- Is top level: 1
Port [ Return ] is wired: 1; IO mode=ap_ctrl_hs:ce=0
Port [ input_ftmap]:  wired=1; compound=1; hidden=0; nouse=0; global=0; static=0; extern=0; dir=0; type=1; pingpong=0; private_global=0; MemPort=[13]; IO mode=ap_memory:ce=0
Port [ conv1_weights]:  wired=1; compound=1; hidden=0; nouse=0; global=0; static=0; extern=0; dir=0; type=1; pingpong=0; private_global=0; MemPort=[11]; IO mode=ap_memory:ce=0
Port [ conv1_biases]:  wired=1; compound=1; hidden=0; nouse=0; global=0; static=0; extern=0; dir=0; type=1; pingpong=0; private_global=0; MemPort=[13]; IO mode=ap_memory:ce=0
Port [ conv2_weights]:  wired=1; compound=1; hidden=0; nouse=0; global=0; static=0; extern=0; dir=0; type=1; pingpong=0; private_global=0; MemPort=[11]; IO mode=ap_memory:ce=0
Port [ conv2_biases]:  wired=1; compound=1; hidden=0; nouse=0; global=0; static=0; extern=0; dir=0; type=1; pingpong=0; private_global=0; MemPort=[13]; IO mode=ap_memory:ce=0
Port [ conv3_weights]:  wired=1; compound=1; hidden=0; nouse=0; global=0; static=0; extern=0; dir=0; type=1; pingpong=0; private_global=0; MemPort=[11]; IO mode=ap_memory:ce=0
Port [ conv3_biases]:  wired=1; compound=0; hidden=0; nouse=0; global=0; static=0; extern=0; dir=0; type=0; pingpong=0; private_global=0; IO mode=ap_none:ce=0
Port [ output_ftmap]:  wired=1; compound=1; hidden=0; nouse=0; global=0; static=0; extern=0; dir=1; type=1; pingpong=0; private_global=0; MemPort=[03]; IO mode=ap_memory:ce=0
Port [ layer1_output]:  wired=0; compound=1; hidden=1; nouse=0; global=1; static=1; extern=0; dir=2; type=1; pingpong=0; private_global=1; MemPort=[21]; IO mode=ap_memory:ce=0
Port [ layer2_output]:  wired=0; compound=1; hidden=1; nouse=0; global=1; static=1; extern=0; dir=2; type=1; pingpong=0; private_global=1; MemPort=[23]; IO mode=ap_memory:ce=0
---------------- STG Properties END ------------------

---------------- Datapath Model BEGIN ----------------

<LifeTime>
<method=bitvector/>
call_ln15         (call         ) [ 0000000]
call_ln16         (call         ) [ 0000000]
conv3_biases_read (read         ) [ 0000000]
empty             (bitcast      ) [ 0000001]
spectopmodule_ln3 (spectopmodule) [ 0000000]
specinterface_ln0 (specinterface) [ 0000000]
specbitsmap_ln0   (specbitsmap  ) [ 0000000]
specinterface_ln0 (specinterface) [ 0000000]
specbitsmap_ln0   (specbitsmap  ) [ 0000000]
specinterface_ln0 (specinterface) [ 0000000]
specbitsmap_ln0   (specbitsmap  ) [ 0000000]
specinterface_ln0 (specinterface) [ 0000000]
specbitsmap_ln0   (specbitsmap  ) [ 0000000]
specinterface_ln0 (specinterface) [ 0000000]
specbitsmap_ln0   (specbitsmap  ) [ 0000000]
specinterface_ln0 (specinterface) [ 0000000]
specbitsmap_ln0   (specbitsmap  ) [ 0000000]
specbitsmap_ln0   (specbitsmap  ) [ 0000000]
specinterface_ln0 (specinterface) [ 0000000]
specinterface_ln0 (specinterface) [ 0000000]
specbitsmap_ln0   (specbitsmap  ) [ 0000000]
call_ln17         (call         ) [ 0000000]
ret_ln18          (ret          ) [ 0000000]
</LifeTime>

<model>

<comp_list>
<comp id="0" class="1000" name="input_ftmap">
<pin_list>
<pin id="1" dir="1" index="0" bw="1" slack="0"/>
</pin_list>
<bind>
<StgValue><ssdm name="input_ftmap"/><MemPortTyVec>1 3 </MemPortTyVec>
</StgValue>
</bind>
</comp>

<comp id="2" class="1000" name="conv1_weights">
<pin_list>
<pin id="3" dir="1" index="0" bw="1" slack="0"/>
</pin_list>
<bind>
<StgValue><ssdm name="conv1_weights"/><MemPortTyVec>1 1 </MemPortTyVec>
</StgValue>
</bind>
</comp>

<comp id="4" class="1000" name="conv1_biases">
<pin_list>
<pin id="5" dir="1" index="0" bw="1" slack="0"/>
</pin_list>
<bind>
<StgValue><ssdm name="conv1_biases"/><MemPortTyVec>1 3 </MemPortTyVec>
</StgValue>
</bind>
</comp>

<comp id="6" class="1000" name="conv2_weights">
<pin_list>
<pin id="7" dir="1" index="0" bw="1" slack="0"/>
</pin_list>
<bind>
<StgValue><ssdm name="conv2_weights"/><MemPortTyVec>1 1 </MemPortTyVec>
</StgValue>
</bind>
</comp>

<comp id="8" class="1000" name="conv2_biases">
<pin_list>
<pin id="9" dir="1" index="0" bw="1" slack="0"/>
</pin_list>
<bind>
<StgValue><ssdm name="conv2_biases"/><MemPortTyVec>1 3 </MemPortTyVec>
</StgValue>
</bind>
</comp>

<comp id="10" class="1000" name="conv3_weights">
<pin_list>
<pin id="11" dir="1" index="0" bw="1" slack="0"/>
</pin_list>
<bind>
<StgValue><ssdm name="conv3_weights"/><MemPortTyVec>1 1 </MemPortTyVec>
</StgValue>
</bind>
</comp>

<comp id="12" class="1000" name="conv3_biases">
<pin_list>
<pin id="13" dir="1" index="0" bw="1" slack="0"/>
</pin_list>
<bind>
<StgValue><ssdm name="conv3_biases"/></StgValue>
</bind>
</comp>

<comp id="14" class="1000" name="output_ftmap">
<pin_list>
<pin id="15" dir="1" index="0" bw="1" slack="0"/>
</pin_list>
<bind>
<StgValue><ssdm name="output_ftmap"/><MemPortTyVec>0 3 </MemPortTyVec>
</StgValue>
</bind>
</comp>

<comp id="16" class="1000" name="layer1_output">
<pin_list>
<pin id="17" dir="1" index="0" bw="1" slack="0"/>
</pin_list>
<bind>
<StgValue><ssdm name="layer1_output"/><MemPortTyVec>2 1 </MemPortTyVec>
</StgValue>
</bind>
</comp>

<comp id="18" class="1000" name="layer2_output">
<pin_list>
<pin id="19" dir="1" index="0" bw="1" slack="0"/>
</pin_list>
<bind>
<StgValue><ssdm name="layer2_output"/><MemPortTyVec>2 3 </MemPortTyVec>
</StgValue>
</bind>
</comp>

<comp id="20" class="1001" name="const_20">
<pin_list>
<pin id="21" dir="1" index="0" bw="1" slack="0"/>
</pin_list>
<bind>
<StgValue><ssdm name="conv1"/></StgValue>
</bind>
</comp>

<comp id="22" class="1001" name="const_22">
<pin_list>
<pin id="23" dir="1" index="0" bw="1" slack="0"/>
</pin_list>
<bind>
<StgValue><ssdm name="conv2"/></StgValue>
</bind>
</comp>

<comp id="24" class="1001" name="const_24">
<pin_list>
<pin id="25" dir="1" index="0" bw="1" slack="0"/>
</pin_list>
<bind>
<StgValue><ssdm name="_ssdm_op_Read.ap_auto.i32P0A"/></StgValue>
</bind>
</comp>

<comp id="26" class="1001" name="const_26">
<pin_list>
<pin id="27" dir="1" index="0" bw="1" slack="0"/>
</pin_list>
<bind>
<StgValue><ssdm name="conv3"/></StgValue>
</bind>
</comp>

<comp id="28" class="1001" name="const_28">
<pin_list>
<pin id="29" dir="1" index="0" bw="1" slack="2147483647"/>
</pin_list>
<bind>
<StgValue><ssdm name="_ssdm_op_SpecTopModule"/></StgValue>
</bind>
</comp>

<comp id="30" class="1001" name="const_30">
<pin_list>
<pin id="31" dir="1" index="0" bw="1" slack="2147483647"/>
</pin_list>
<bind>
<StgValue><ssdm name="empty_2"/></StgValue>
</bind>
</comp>

<comp id="32" class="1001" name="const_32">
<pin_list>
<pin id="33" dir="1" index="0" bw="1" slack="2147483647"/>
</pin_list>
<bind>
<StgValue><ssdm name="_ssdm_op_SpecInterface"/></StgValue>
</bind>
</comp>

<comp id="34" class="1001" name="const_34">
<pin_list>
<pin id="35" dir="1" index="0" bw="1" slack="2147483647"/>
</pin_list>
<bind>
<StgValue><ssdm name="empty"/></StgValue>
</bind>
</comp>

<comp id="36" class="1001" name="const_36">
<pin_list>
<pin id="37" dir="1" index="0" bw="1" slack="2147483647"/>
</pin_list>
<bind>
<StgValue><ssdm name=""/></StgValue>
</bind>
</comp>

<comp id="38" class="1001" name="const_38">
<pin_list>
<pin id="39" dir="1" index="0" bw="1" slack="2147483647"/>
</pin_list>
<bind>
<StgValue><ssdm name="empty_0"/></StgValue>
</bind>
</comp>

<comp id="40" class="1001" name="const_40">
<pin_list>
<pin id="41" dir="1" index="0" bw="1" slack="2147483647"/>
</pin_list>
<bind>
<StgValue><ssdm name=""/></StgValue>
</bind>
</comp>

<comp id="42" class="1001" name="const_42">
<pin_list>
<pin id="43" dir="1" index="0" bw="1" slack="2147483647"/>
</pin_list>
<bind>
<StgValue><ssdm name="_ssdm_op_SpecBitsMap"/></StgValue>
</bind>
</comp>

<comp id="44" class="1001" name="const_44">
<pin_list>
<pin id="45" dir="1" index="0" bw="1" slack="2147483647"/>
</pin_list>
<bind>
<StgValue><ssdm name="empty_1"/></StgValue>
</bind>
</comp>

<comp id="46" class="1004" name="conv3_biases_read_read_fu_46">
<pin_list>
<pin id="47" dir="0" index="0" bw="32" slack="0"/>
<pin id="48" dir="0" index="1" bw="32" slack="0"/>
<pin id="49" dir="1" index="2" bw="32" slack="0"/>
</pin_list>
<bind>
<opcode="read(1150) " fcode="read"/>
<opset="conv3_biases_read/5 "/>
</bind>
</comp>

<comp id="52" class="1004" name="grp_conv1_fu_52">
<pin_list>
<pin id="53" dir="0" index="0" bw="0" slack="0"/>
<pin id="54" dir="0" index="1" bw="32" slack="0"/>
<pin id="55" dir="0" index="2" bw="32" slack="0"/>
<pin id="56" dir="0" index="3" bw="32" slack="0"/>
<pin id="57" dir="0" index="4" bw="32" slack="0"/>
<pin id="58" dir="1" index="5" bw="0" slack="2147483647"/>
</pin_list>
<bind>
<opcode="call(48) " fcode="call"/>
<opset="call_ln15/1 "/>
</bind>
</comp>

<comp id="64" class="1004" name="grp_conv2_fu_64">
<pin_list>
<pin id="65" dir="0" index="0" bw="0" slack="0"/>
<pin id="66" dir="0" index="1" bw="32" slack="0"/>
<pin id="67" dir="0" index="2" bw="32" slack="0"/>
<pin id="68" dir="0" index="3" bw="32" slack="0"/>
<pin id="69" dir="0" index="4" bw="32" slack="0"/>
<pin id="70" dir="1" index="5" bw="0" slack="2147483647"/>
</pin_list>
<bind>
<opcode="call(48) " fcode="call"/>
<opset="call_ln16/3 "/>
</bind>
</comp>

<comp id="76" class="1004" name="grp_conv3_fu_76">
<pin_list>
<pin id="77" dir="0" index="0" bw="0" slack="0"/>
<pin id="78" dir="0" index="1" bw="32" slack="0"/>
<pin id="79" dir="0" index="2" bw="32" slack="0"/>
<pin id="80" dir="0" index="3" bw="32" slack="0"/>
<pin id="81" dir="0" index="4" bw="32" slack="0"/>
<pin id="82" dir="1" index="5" bw="0" slack="2147483647"/>
</pin_list>
<bind>
<opcode="call(48) " fcode="call"/>
<opset="call_ln17/5 "/>
</bind>
</comp>

<comp id="87" class="1004" name="empty_fu_87">
<pin_list>
<pin id="88" dir="0" index="0" bw="32" slack="0"/>
<pin id="89" dir="1" index="1" bw="32" slack="0"/>
</pin_list>
<bind>
<opcode="bitcast(44) " fcode="bitcast"/>
<opset="empty/5 "/>
</bind>
</comp>

<comp id="92" class="1005" name="empty_reg_92">
<pin_list>
<pin id="93" dir="0" index="0" bw="32" slack="1"/>
<pin id="94" dir="1" index="1" bw="32" slack="1"/>
</pin_list>
<bind>
<opset="empty "/>
</bind>
</comp>

</comp_list>

<net_list>
<net id="50"><net_src comp="24" pin="0"/><net_sink comp="46" pin=0"/></net>

<net id="51"><net_src comp="12" pin="0"/><net_sink comp="46" pin=1"/></net>

<net id="59"><net_src comp="20" pin="0"/><net_sink comp="52" pin=0"/></net>

<net id="60"><net_src comp="0" pin="0"/><net_sink comp="52" pin=1"/></net>

<net id="61"><net_src comp="2" pin="0"/><net_sink comp="52" pin=2"/></net>

<net id="62"><net_src comp="4" pin="0"/><net_sink comp="52" pin=3"/></net>

<net id="63"><net_src comp="16" pin="0"/><net_sink comp="52" pin=4"/></net>

<net id="71"><net_src comp="22" pin="0"/><net_sink comp="64" pin=0"/></net>

<net id="72"><net_src comp="6" pin="0"/><net_sink comp="64" pin=1"/></net>

<net id="73"><net_src comp="8" pin="0"/><net_sink comp="64" pin=2"/></net>

<net id="74"><net_src comp="16" pin="0"/><net_sink comp="64" pin=3"/></net>

<net id="75"><net_src comp="18" pin="0"/><net_sink comp="64" pin=4"/></net>

<net id="83"><net_src comp="26" pin="0"/><net_sink comp="76" pin=0"/></net>

<net id="84"><net_src comp="10" pin="0"/><net_sink comp="76" pin=1"/></net>

<net id="85"><net_src comp="14" pin="0"/><net_sink comp="76" pin=3"/></net>

<net id="86"><net_src comp="18" pin="0"/><net_sink comp="76" pin=4"/></net>

<net id="90"><net_src comp="46" pin="2"/><net_sink comp="87" pin=0"/></net>

<net id="91"><net_src comp="87" pin="1"/><net_sink comp="76" pin=2"/></net>

<net id="95"><net_src comp="87" pin="1"/><net_sink comp="92" pin=0"/></net>

<net id="96"><net_src comp="92" pin="1"/><net_sink comp="76" pin=2"/></net>

</net_list>

</model> 
---------------- Datapath Model END ------------------

* FSMD analyzer results:
  - Output states:
	Port: output_ftmap | {5 6 }
	Port: layer1_output | {1 2 }
	Port: layer2_output | {3 4 }
 - Input state : 
	Port: srcnn : input_ftmap | {1 2 }
	Port: srcnn : conv1_weights | {1 2 }
	Port: srcnn : conv1_biases | {1 2 }
	Port: srcnn : conv2_weights | {3 4 }
	Port: srcnn : conv2_biases | {3 4 }
	Port: srcnn : conv3_weights | {5 6 }
	Port: srcnn : conv3_biases | {5 }
	Port: srcnn : layer1_output | {3 4 }
	Port: srcnn : layer2_output | {5 6 }
  - Chain level:
	State 1
	State 2
	State 3
	State 4
	State 5
		call_ln17 : 1
	State 6


============================================================
+ Verbose Summary: Datapath Resource usage 
============================================================

* Functional unit list:
|----------|------------------------------|---------|---------|---------|---------|
| Operation|        Functional Unit       |   DSP   |  Delay  |    FF   |   LUT   |
|----------|------------------------------|---------|---------|---------|---------|
|          |        grp_conv1_fu_52       |    5    | 6.96103 |   5792  |   6888  |
|   call   |        grp_conv2_fu_64       |    12   |  14.19  |   9977  |   9101  |
|          |        grp_conv3_fu_76       |    7    |  5.693  |   4118  |   7025  |
|----------|------------------------------|---------|---------|---------|---------|
|   read   | conv3_biases_read_read_fu_46 |    0    |    0    |    0    |    0    |
|----------|------------------------------|---------|---------|---------|---------|
|   Total  |                              |    24   |  26.844 |  19887  |  23014  |
|----------|------------------------------|---------|---------|---------|---------|

Memories:
+-------------+--------+--------+--------+--------+
|             |  BRAM  |   FF   |   LUT  |  URAM  |
+-------------+--------+--------+--------+--------+
|layer1_output|  7374  |    0   |    0   |    0   |
|layer2_output|  3690  |    0   |    0   |    0   |
+-------------+--------+--------+--------+--------+
|    Total    |  11064 |    0   |    0   |    0   |
+-------------+--------+--------+--------+--------+

* Register list:
+------------+--------+
|            |   FF   |
+------------+--------+
|empty_reg_92|   32   |
+------------+--------+
|    Total   |   32   |
+------------+--------+

* Multiplexer (MUX) list: 
|-----------------|------|------|------|--------||---------||---------|
|       Comp      |  Pin | Size |  BW  | S x BW ||  Delay  ||   LUT   |
|-----------------|------|------|------|--------||---------||---------|
| grp_conv3_fu_76 |  p2  |   2  |  32  |   64   ||    9    |
|-----------------|------|------|------|--------||---------||---------|
|      Total      |      |      |      |   64   ||  0.427  ||    9    |
|-----------------|------|------|------|--------||---------||---------|



* Summary:
+-----------+--------+--------+--------+--------+--------+--------+
|           |  BRAM  |   DSP  |  Delay |   FF   |   LUT  |  URAM  |
+-----------+--------+--------+--------+--------+--------+--------+
|  Function |    -   |   24   |   26   |  19887 |  23014 |    -   |
|   Memory  |  11064 |    -   |    -   |    0   |    0   |    0   |
|Multiplexer|    -   |    -   |    0   |    -   |    9   |    -   |
|  Register |    -   |    -   |    -   |   32   |    -   |    -   |
+-----------+--------+--------+--------+--------+--------+--------+
|   Total   |  11064 |   24   |   27   |  19919 |  23023 |    0   |
+-----------+--------+--------+--------+--------+--------+--------+
