INFO: [SIM 2] *************** CSIM start ***************
INFO: [SIM 4] CSIM will launch GCC as the compiler.
make: 'csim.exe' is up to date.
WARNING [HLS SIM]: hls::stream 'conv1_to_conv2' contains leftover data, which may result in RTL simulation hanging.
WARNING [HLS SIM]: hls::stream 'conv1_to_conv2' contains leftover data, which may result in RTL simulation hanging.
WARNING [HLS SIM]: hls::stream 'conv1_to_conv2' contains leftover data, which may result in RTL simulation hanging.
WARNING [HLS SIM]: hls::stream 'conv1_to_conv2' contains leftover data, which may result in RTL simulation hanging.
WARNING [HLS SIM]: hls::stream 'conv1_to_conv2' contains leftover data, which may result in RTL simulation hanging.
WARNING [HLS SIM]: hls::stream 'conv1_to_conv2' contains leftover data, which may result in RTL simulation hanging.
WARNING [HLS SIM]: hls::stream 'conv1_to_conv2' contains leftover data, which may result in RTL simulation hanging.
WARNING [HLS SIM]: hls::stream 'conv1_to_conv2' contains leftover data, which may result in RTL simulation hanging.
WARNING [HLS SIM]: hls::stream 'conv1_to_conv2' contains leftover data, which may result in RTL simulation hanging.
WARNING [HLS SIM]: hls::stream 'conv1_to_conv2' contains leftover data, which may result in RTL simulation hanging.
WARNING [HLS SIM]: hls::stream 'conv1_to_conv2' contains leftover data, which may result in RTL simulation hanging.
WARNING [HLS SIM]: hls::stream 'conv1_to_conv2' contains leftover data, which may result in RTL simulation hanging.
WARNING [HLS SIM]: hls::stream 'conv1_to_conv2' contains leftover data, which may result in RTL simulation hanging.
WARNING [HLS SIM]: hls::stream 'conv1_to_conv2' contains leftover data, which may result in RTL simulation hanging.
WARNING [HLS SIM]: hls::stream 'conv1_to_conv2' contains leftover data, which may result in RTL simulation hanging.
WARNING [HLS SIM]: hls::stream 'conv1_to_conv2' contains leftover data, which may result in RTL simulation hanging.
WARNING [HLS SIM]: hls::stream 'conv1_to_conv2' contains leftover data, which may result in RTL simulation hanging.
WARNING [HLS SIM]: hls::stream 'conv1_to_conv2' contains leftover data, which may result in RTL simulation hanging.
WARNING [HLS SIM]: hls::stream 'conv1_to_conv2' contains leftover data, which may result in RTL simulation hanging.
WARNING [HLS SIM]: hls::stream 'conv1_to_conv2' contains leftover data, which may result in RTL simulation hanging.
WARNING [HLS SIM]: hls::stream 'conv1_to_conv2' contains leftover data, which may result in RTL simulation hanging.
WARNING [HLS SIM]: hls::stream 'conv1_to_conv2' contains leftover data, which may result in RTL simulation hanging.
WARNING [HLS SIM]: hls::stream 'conv1_to_conv2' contains leftover data, which may result in RTL simulation hanging.
WARNING [HLS SIM]: hls::stream 'conv1_to_conv2' contains leftover data, which may result in RTL simulation hanging.
WARNING [HLS SIM]: hls::stream 'conv1_to_conv2' contains leftover data, which may result in RTL simulation hanging.
WARNING [HLS SIM]: hls::stream 'conv1_to_conv2' contains leftover data, which may result in RTL simulation hanging.
WARNING [HLS SIM]: hls::stream 'conv1_to_conv2' contains leftover data, which may result in RTL simulation hanging.
WARNING [HLS SIM]: hls::stream 'conv1_to_conv2' contains leftover data, which may result in RTL simulation hanging.
WARNING [HLS SIM]: hls::stream 'conv1_to_conv2' contains leftover data, which may result in RTL simulation hanging.
WARNING [HLS SIM]: hls::stream 'conv1_to_conv2' contains leftover data, which may result in RTL simulation hanging.
WARNING [HLS SIM]: hls::stream 'conv1_to_conv2' contains leftover data, which may result in RTL simulation hanging.
WARNING [HLS SIM]: hls::stream 'conv1_to_conv2' contains leftover data, which may result in RTL simulation hanging.
WARNING [HLS SIM]: hls::stream 'conv1_to_conv2' contains leftover data, which may result in RTL simulation hanging.
WARNING [HLS SIM]: hls::stream 'conv1_to_conv2' contains leftover data, which may result in RTL simulation hanging.
WARNING [HLS SIM]: hls::stream 'conv1_to_conv2' contains leftover data, which may result in RTL simulation hanging.
W