

================================================================
== Vitis HLS Report for 'conv3'
================================================================
* Date:           Fri Oct 31 13:48:30 2025

* Version:        2023.1 (Build 3854077 on May  4 2023)
* Project:        srcnn_hls
* Solution:       solution1 (Vivado IP Flow Target)
* Product family: zynquplus
* Target device:  xck26-sfvc784-2LV-c


================================================================
== Performance Estimates
================================================================
+ Timing: 
    * Summary: 
    +--------+----------+----------+------------+
    |  Clock |  Target  | Estimated| Uncertainty|
    +--------+----------+----------+------------+
    |ap_clk  |  10.00 ns|  7.016 ns|     2.70 ns|
    +--------+----------+----------+------------+

+ Latency: 
    * Summary: 
    +---------+---------+----------+----------+-------+-------+---------+
    |  Latency (cycles) |  Latency (absolute) |    Interval   | Pipeline|
    |   min   |   max   |    min   |    max   |  min  |  max  |   Type  |
    +---------+---------+----------+----------+-------+-------+---------+
    |    92585|    92585|  0.926 ms|  0.926 ms|  92585|  92585|       no|
    +---------+---------+----------+----------+-------+-------+---------+

    + Detail: 
        * Instance: 
        +-------------------------------------------------------------------------------------------+--------------------------------------------------------------------------------+---------+---------+-----------+-----------+-------+-------+---------+
        |                                                                                           |                                                                                |  Latency (cycles) |   Latency (absolute)  |    Interval   | Pipeline|
        |                                          Instance                                         |                                     Module                                     |   min   |   max   |    min    |    max    |  min  |  max  |   Type  |
        +-------------------------------------------------------------------------------------------+--------------------------------------------------------------------------------+---------+---------+-----------+-----------+-------+-------+---------+
        |grp_conv3_Pipeline_VITIS_LOOP_435_1_VITIS_LOOP_436_2_VITIS_LOOP_437_3_fu_112               |conv3_Pipeline_VITIS_LOOP_435_1_VITIS_LOOP_436_2_VITIS_LOOP_437_3               |     9250|     9250|  92.500 us|  92.500 us|   9250|   9250|       no|
        |grp_conv3_Pipeline_OUT_STATIONARY_CONV3_VITIS_LOOP_446_4_fu_119                            |conv3_Pipeline_OUT_STATIONARY_CONV3_VITIS_LOOP_446_4                            |      291|      291|   2.910 us|   2.910 us|    291|    291|       no|
        |grp_conv3_Pipeline_in_feat_loop_conv3_tile_height_loop_conv3_tile_width_loop_conv3_fu_127  |conv3_Pipeline_in_feat_loop_conv3_tile_height_loop_conv3_tile_width_loop_conv3  |    83331|    83331|   0.833 ms|   0.833 ms|  83331|  83331|       no|
        +-------------------------------------------------------------------------------------------+--------------------------------------------------------------------------------+---------+---------+-----------+-----------+-------+-------+---------+

        * Loop: 
        N/A



================================================================
== Utilization Estimates
================================================================
* Summary: 
+-----------------+---------+------+--------+--------+-----+
|       Name      | BRAM_18K|  DSP |   FF   |   LUT  | URAM|
+-----------------+---------+------+--------+--------+-----+
|DSP              |        -|     -|       -|       -|    -|
|Expression       |        -|     -|       0|       4|    -|
|FIFO             |        -|     -|       -|       -|    -|
|Instance         |        -|    15|    5066|    7717|    -|
|Memory           |       44|     -|       0|       0|    0|
|Multiplexer      |        -|     -|       -|     160|    -|
|Register         |        -|     -|      41|       -|    -|
+-----------------+---------+------+--------+--------+-----+
|Total            |       44|    15|    5107|    7881|    0|
+-----------------+---------+------+--------+--------+-----+
|Available        |      288|  1248|  234240|  117120|   64|
+-----------------+---------+------+--------+--------+-----+
|Utilization (%)  |       15|     1|       2|       6|    0|
+-----------------+---------+------+--------+--------+-----+

+ Detail: 
    * Instance: 
    +-------------------------------------------------------------------------------------------+--------------------------------------------------------------------------------+---------+----+------+------+-----+
    |                                          Instance                                         |                                     Module                                     | BRAM_18K| DSP|  FF  |  LUT | URAM|
    +-------------------------------------------------------------------------------------------+--------------------------------------------------------------------------------+---------+----+------+------+-----+
    |grp_conv3_Pipeline_OUT_STATIONARY_CONV3_VITIS_LOOP_446_4_fu_119                            |conv3_Pipeline_OUT_STATIONARY_CONV3_VITIS_LOOP_446_4                            |        0|   0|    21|   177|    0|
    |grp_conv3_Pipeline_VITIS_LOOP_435_1_VITIS_LOOP_436_2_VITIS_LOOP_437_3_fu_112               |conv3_Pipeline_VITIS_LOOP_435_1_VITIS_LOOP_436_2_VITIS_LOOP_437_3               |        0|   0|    43|   313|    0|
    |grp_conv3_Pipeline_in_feat_loop_conv3_tile_height_loop_conv3_tile_width_loop_conv3_fu_127  |conv3_Pipeline_in_feat_loop_conv3_tile_height_loop_conv3_tile_width_loop_conv3  |        0|  15|  5002|  7227|    0|
    +-------------------------------------------------------------------------------------------+--------------------------------------------------------------------------------+---------+----+------+------+-----+
    |Total                                                                                      |                                                                                |        0|  15|  5066|  7717|    0|
    +-------------------------------------------------------------------------------------------+--------------------------------------------------------------------------------+---------+----+------+------+-----+

    * DSP: 
    N/A

    * Memory: 
    +--------------+-------------------------------------+---------+---+----+-----+------+-----+------+-------------+
    |    Memory    |                Module               | BRAM_18K| FF| LUT| URAM| Words| Bits| Banks| W*Bits*Banks|
    +--------------+-------------------------------------+---------+---+----+-----+------+-----+------+-------------+
    |input_tile_U  |conv3_input_tile_RAM_1WNR_AUTO_1R1W  |       44|  0|   0|    0|  9248|   32|     1|       295936|
    +--------------+-------------------------------------+---------+---+----+-----+------+-----+------+-------------+
    |Total         |                                     |       44|  0|   0|    0|  9248|   32|     1|       295936|
    +--------------+-------------------------------------+---------+---+----+-----+------+-----+------+-------------+

    * FIFO: 
    N/A

    * Expression: 
    +---------------------------------+----------+----+---+----+------------+------------+
    |          Variable Name          | Operation| DSP| FF| LUT| Bitwidth P0| Bitwidth P1|
    +---------------------------------+----------+----+---+----+------------+------------+
    |ap_block_state1                  |        or|   0|  0|   2|           1|           1|
    |ap_block_state3_on_subcall_done  |        or|   0|  0|   2|           1|           1|
    +---------------------------------+----------+----+---+----+------------+------------+
    |Total                            |          |   0|  0|   4|           2|           2|
    +---------------------------------+----------+----+---+----+------------+------------+

    * Multiplexer: 
    +-------------------------------+----+-----------+-----+-----------+
    |              Name             | LUT| Input Size| Bits| Total Bits|
    +-------------------------------+----+-----------+-----+-----------+
    |ap_NS_fsm                      |  31|          6|    1|          6|
    |ap_done                        |   9|          2|    1|          2|
    |conv2_to_conv3_read            |   9|          2|    1|          2|
    |input_tile_address0            |  14|          3|   14|         42|
    |input_tile_ce0                 |  14|          3|    1|          3|
    |input_tile_ce1                 |   9|          2|    1|          2|
    |input_tile_ce2                 |   9|          2|    1|          2|
    |input_tile_we0                 |   9|          2|    1|          2|
    |layer3_output_tile_0_address0  |  14|          3|    9|         27|
    |layer3_output_tile_0_ce0       |  14|          3|    1|          3|
    |layer3_output_tile_0_d0        |  14|          3|   32|         96|
    |layer3_output_tile_0_we0       |  14|          3|    1|          3|
    +-------------------------------+----+-----------+-----+-----------+
    |Total                          | 160|         34|   64|        190|
    +-------------------------------+----+-----------+-----+-----------+

    * Register: 
    +--------------------------------------------------------------------------------------------------------+----+----+-----+-----------+
    |                                                  Name                                                  | FF | LUT| Bits| Const Bits|
    +--------------------------------------------------------------------------------------------------------+----+----+-----+-----------+
    |ap_CS_fsm                                                                                               |   5|   0|    5|          0|
    |ap_done_reg                                                                                             |   1|   0|    1|          0|
    |conv3_biases_local_load_reg_198                                                                         |  32|   0|   32|          0|
    |grp_conv3_Pipeline_OUT_STATIONARY_CONV3_VITIS_LOOP_446_4_fu_119_ap_start_reg                            |   1|   0|    1|          0|
    |grp_conv3_Pipeline_VITIS_LOOP_435_1_VITIS_LOOP_436_2_VITIS_LOOP_437_3_fu_112_ap_start_reg               |   1|   0|    1|          0|
    |grp_conv3_Pipeline_in_feat_loop_conv3_tile_height_loop_conv3_tile_width_loop_conv3_fu_127_ap_start_reg  |   1|   0|    1|          0|
    +--------------------------------------------------------------------------------------------------------+----+----+-----+-----------+
    |Total                                                                                                   |  41|   0|   41|          0|
    +--------------------------------------------------------------------------------------------------------+----+----+-----+-----------+



================================================================
== Interface
================================================================
* Summary: 
+-----------------------------------------------------------------------------------------------+-----+-----+------------+--------------------------------------------------------------------------------------+--------------+
|                                           RTL Ports                                           | Dir | Bits|  Protocol  |                                     Source Object                                    |    C Type    |
+-----------------------------------------------------------------------------------------------+-----+-----+------------+--------------------------------------------------------------------------------------+--------------+
|ap_clk                                                                                         |   in|    1|  ap_ctrl_hs|                                                                                 conv3|  return value|
|ap_rst                                                                                         |   in|    1|  ap_ctrl_hs|                                                                                 conv3|  return value|
|ap_start                                                                                       |   in|    1|  ap_ctrl_hs|                                                                                 conv3|  return value|
|ap_done                                                                                        |  out|    1|  ap_ctrl_hs|                                                                                 conv3|  return value|
|ap_continue                                                                                    |   in|    1|  ap_ctrl_hs|                                                                                 conv3|  return value|
|ap_idle                                                                                        |  out|    1|  ap_ctrl_hs|                                                                                 conv3|  return value|
|ap_ready                                                                                       |  out|    1|  ap_ctrl_hs|                                                                                 conv3|  return value|
|conv2_to_conv3_dout                                                                            |   in|   32|     ap_fifo|                                                                        conv2_to_conv3|       pointer|
|conv2_to_conv3_num_data_valid                                                                  |   in|   10|     ap_fifo|                                                                        conv2_to_conv3|       pointer|
|conv2_to_conv3_fifo_cap                                                                        |   in|   10|     ap_fifo|                                                                        conv2_to_conv3|       pointer|
|conv2_to_conv3_empty_n                                                                         |   in|    1|     ap_fifo|                                                                        conv2_to_conv3|       pointer|
|conv2_to_conv3_read                                                                            |  out|    1|     ap_fifo|                                                                        conv2_to_conv3|       pointer|
|layer3_output_tile_0_address0                                                                  |  out|    9|   ap_memory|                                                                  layer3_output_tile_0|         array|
|layer3_output_tile_0_ce0                                                                       |  out|    1|   ap_memory|                                                                  layer3_output_tile_0|         array|
|layer3_output_tile_0_we0                                                                       |  out|    1|   ap_memory|                                                                  layer3_output_tile_0|         array|
|layer3_output_tile_0_d0                                                                        |  out|   32|   ap_memory|                                                                  layer3_output_tile_0|         array|
|layer3_output_tile_0_q0                                                                        |   in|   32|   ap_memory|                                                                  layer3_output_tile_0|         array|
|p_ZZ5srcnnPA255_A255_fPA1_A9_A9_fPfPA64_A1_A1_fS6_PA32_A5_A5_fS6_S1_E19conv3_weig_31_address0  |  out|    6|   ap_memory|  p_ZZ5srcnnPA255_A255_fPA1_A9_A9_fPfPA64_A1_A1_fS6_PA32_A5_A5_fS6_S1_E19conv3_weig_31|         array|
|p_ZZ5srcnnPA255_A255_fPA1_A9_A9_fPfPA64_A1_A1_fS6_PA32_A5_A5_fS6_S1_E19conv3_weig_31_ce0       |  out|    1|   ap_memory|  p_ZZ5srcnnPA255_A255_fPA1_A9_A9_fPfPA64_A1_A1_fS6_PA32_A5_A5_fS6_S1_E19conv3_weig_31|         array|
|p_ZZ5srcnnPA255_A255_fPA1_A9_A9_fPfPA64_A1_A1_fS6_PA32_A5_A5_fS6_S1_E19conv3_weig_31_q0        |   in|   32|   ap_memory|  p_ZZ5srcnnPA255_A255_fPA1_A9_A9_fPfPA64_A1_A1_fS6_PA32_A5_A5_fS6_S1_E19conv3_weig_31|         array|
|p_ZZ5srcnnPA255_A255_fPA1_A9_A9_fPfPA64_A1_A1_fS6_PA32_A5_A5_fS6_S1_E19conv3_weig_27_address0  |  out|    6|   ap_memory|  p_ZZ5srcnnPA255_A255_fPA1_A9_A9_fPfPA64_A1_A1_fS6_PA32_A5_A5_fS6_S1_E19conv3_weig_27|         array|
|p_ZZ5srcnnPA255_A255_fPA1_A9_A9_fPfPA64_A1_A1_fS6_PA32_A5_A5_fS6_S1_E19conv3_weig_27_ce0       |  out|    1|   ap_memory|  p_ZZ5srcnnPA255_A255_fPA1_A9_A9_fPfPA64_A1_A1_fS6_PA32_A5_A5_fS6_S1_E19conv3_weig_27|         array|
|p_ZZ5srcnnPA255_A255_fPA1_A9_A9_fPfPA64_A1_A1_fS6_PA32_A5_A5_fS6_S1_E19conv3_weig_27_q0        |   in|   32|   ap_memory|  p_ZZ5srcnnPA255_A255_fPA1_A9_A9_fPfPA64_A1_A1_fS6_PA32_A5_A5_fS6_S1_E19conv3_weig_27|         array|
|p_ZZ5srcnnPA255_A255_fPA1_A9_A9_fPfPA64_A1_A1_fS6_PA32_A5_A5_fS6_S1_E19conv3_weig_23_address0  |  out|    6|   ap_memory|  p_ZZ5srcnnPA255_A255_fPA1_A9_A9_fPfPA64_A1_A1_fS6_PA32_A5_A5_fS6_S1_E19conv3_weig_23|         array|
|p_ZZ5srcnnPA255_A255_fPA1_A9_A9_fPfPA64_A1_A1_fS6_PA32_A5_A5_fS6_S1_E19conv3_weig_23_ce0       |  out|    1|   ap_memory|  p_ZZ5srcnnPA255_A255_fPA1_A9_A9_fPfPA64_A1_A1_fS6_PA32_A5_A5_fS6_S1_E19conv3_weig_23|         array|
|p_ZZ5srcnnPA255_A255_fPA1_A9_A9_fPfPA64_A1_A1_fS6_PA32_A5_A5_fS6_S1_E19conv3_weig_23_q0        |   in|   32|   ap_memory|  p_ZZ5srcnnPA255_A255_fPA1_A9_A9_fPfPA64_A1_A1_fS6_PA32_A5_A5_fS6_S1_E19conv3_weig_23|         array|
|p_ZZ5srcnnPA255_A255_fPA1_A9_A9_fPfPA64_A1_A1_fS6_PA32_A5_A5_fS6_S1_E19conv3_weig_19_address0  |  out|    6|   ap_memory|  p_ZZ5srcnnPA255_A255_fPA1_A9_A9_fPfPA64_A1_A1_fS6_PA32_A5_A5_fS6_S1_E19conv3_weig_19|         array|
|p_ZZ5srcnnPA255_A255_fPA1_A9_A9_fPfPA64_A1_A1_fS6_PA32_A5_A5_fS6_S1_E19conv3_weig_19_ce0       |  out|    1|   ap_memory|  p_ZZ5srcnnPA255_A255_fPA1_A9_A9_fPfPA64_A1_A1_fS6_PA32_A5_A5_fS6_S1_E19conv3_weig_19|         array|
|p_ZZ5srcnnPA255_A255_fPA1_A9_A9_fPfPA64_A1_A1_fS6_PA32_A5_A5_fS6_S1_E19conv3_weig_19_q0        |   in|   32|   ap_memory|  p_ZZ5srcnnPA255_A255_fPA1_A9_A9_fPfPA64_A1_A1_fS6_PA32_A5_A5_fS6_S1_E19conv3_weig_19|         array|
|p_ZZ5srcnnPA255_A255_fPA1_A9_A9_fPfPA64_A1_A1_fS6_PA32_A5_A5_fS6_S1_E19conv3_weig_15_address0  |  out|    6|   ap_memory|  p_ZZ5srcnnPA255_A255_fPA1_A9_A9_fPfPA64_A1_A1_fS6_PA32_A5_A5_fS6_S1_E19conv3_weig_15|         array|
|p_ZZ5srcnnPA255_A255_fPA1_A9_A9_fPfPA64_A1_A1_fS6_PA32_A5_A5_fS6_S1_E19conv3_weig_15_ce0       |  out|    1|   ap_memory|  p_ZZ5srcnnPA255_A255_fPA1_A9_A9_fPfPA64_A1_A1_fS6_PA32_A5_A5_fS6_S1_E19conv3_weig_15|         array|
|p_ZZ5srcnnPA255_A255_fPA1_A9_A9_fPfPA64_A1_A1_fS6_PA32_A5_A5_fS6_S1_E19conv3_weig_15_q0        |   in|   32|   ap_memory|  p_ZZ5srcnnPA255_A255_fPA1_A9_A9_fPfPA64_A1_A1_fS6_PA32_A5_A5_fS6_S1_E19conv3_weig_15|         array|
|p_ZZ5srcnnPA255_A255_fPA1_A9_A9_fPfPA64_A1_A1_fS6_PA32_A5_A5_fS6_S1_E19conv3_weig_11_address0  |  out|    6|   ap_memory|  p_ZZ5srcnnPA255_A255_fPA1_A9_A9_fPfPA64_A1_A1_fS6_PA32_A5_A5_fS6_S1_E19conv3_weig_11|         array|
|p_ZZ5srcnnPA255_A255_fPA1_A9_A9_fPfPA64_A1_A1_fS6_PA32_A5_A5_fS6_S1_E19conv3_weig_11_ce0       |  out|    1|   ap_memory|  p_ZZ5srcnnPA255_A255_fPA1_A9_A9_fPfPA64_A1_A1_fS6_PA32_A5_A5_fS6_S1_E19conv3_weig_11|         array|
|p_ZZ5srcnnPA255_A255_fPA1_A9_A9_fPfPA64_A1_A1_fS6_PA32_A5_A5_fS6_S1_E19conv3_weig_11_q0        |   in|   32|   ap_memory|  p_ZZ5srcnnPA255_A255_fPA1_A9_A9_fPfPA64_A1_A1_fS6_PA32_A5_A5_fS6_S1_E19conv3_weig_11|         array|
|p_ZZ5srcnnPA255_A255_fPA1_A9_A9_fPfPA64_A1_A1_fS6_PA32_A5_A5_fS6_S1_E19conv3_weig_7_address0   |  out|    6|   ap_memory|   p_ZZ5srcnnPA255_A255_fPA1_A9_A9_fPfPA64_A1_A1_fS6_PA32_A5_A5_fS6_S1_E19conv3_weig_7|         array|
|p_ZZ5srcnnPA255_A255_fPA1_A9_A9_fPfPA64_A1_A1_fS6_PA32_A5_A5_fS6_S1_E19conv3_weig_7_ce0        |  out|    1|   ap_memory|   p_ZZ5srcnnPA255_A255_fPA1_A9_A9_fPfPA64_A1_A1_fS6_PA32_A5_A5_fS6_S1_E19conv3_weig_7|         array|
|p_ZZ5srcnnPA255_A255_fPA1_A9_A9_fPfPA64_A1_A1_fS6_PA32_A5_A5_fS6_S1_E19conv3_weig_7_q0         |   in|   32|   ap_memory|   p_ZZ5srcnnPA255_A255_fPA1_A9_A9_fPfPA64_A1_A1_fS6_PA32_A5_A5_fS6_S1_E19conv3_weig_7|         array|
|p_ZZ5srcnnPA255_A255_fPA1_A9_A9_fPfPA64_A1_A1_fS6_PA32_A5_A5_fS6_S1_E19conv3_weig_3_address0   |  out|    6|   ap_memory|   p_ZZ5srcnnPA255_A255_fPA1_A9_A9_fPfPA64_A1_A1_fS6_PA32_A5_A5_fS6_S1_E19conv3_weig_3|         array|
|p_ZZ5srcnnPA255_A255_fPA1_A9_A9_fPfPA64_A1_A1_fS6_PA32_A5_A5_fS6_S1_E19conv3_weig_3_ce0        |  out|    1|   ap_memory|   p_ZZ5srcnnPA255_A255_fPA1_A9_A9_fPfPA64_A1_A1_fS6_PA32_A5_A5_fS6_S1_E19conv3_weig_3|         array|
|p_ZZ5srcnnPA255_A255_fPA1_A9_A9_fPfPA64_A1_A1_fS6_PA32_A5_A5_fS6_S1_E19conv3_weig_3_q0         |   in|   32|   ap_memory|   p_ZZ5srcnnPA255_A255_fPA1_A9_A9_fPfPA64_A1_A1_fS6_PA32_A5_A5_fS6_S1_E19conv3_weig_3|         array|
|p_ZZ5srcnnPA255_A255_fPA1_A9_A9_fPfPA64_A1_A1_fS6_PA32_A5_A5_fS6_S1_E19conv3_weig_30_address0  |  out|    6|   ap_memory|  p_ZZ5srcnnPA255_A255_fPA1_A9_A9_fPfPA64_A1_A1_fS6_PA32_A5_A5_fS6_S1_E19conv3_weig_30|         array|
|p_ZZ5srcnnPA255_A255_fPA1_A9_A9_fPfPA64_A1_A1_fS6_PA32_A5_A5_fS6_S1_E19conv3_weig_30_ce0       |  out|    1|   ap_memory|  p_ZZ5srcnnPA255_A255_fPA1_A9_A9_fPfPA64_A1_A1_fS6_PA32_A5_A5_fS6_S1_E19conv3_weig_30|         array|
|p_ZZ5srcnnPA255_A255_fPA1_A9_A9_fPfPA64_A1_A1_fS6_PA32_A5_A5_fS6_S1_E19conv3_weig_30_q0        |   in|   32|   ap_memory|  p_ZZ5srcnnPA255_A255_fPA1_A9_A9_fPfPA64_A1_A1_fS6_PA32_A5_A5_fS6_S1_E19conv3_weig_30|         array|
|p_ZZ5srcnnPA255_A255_fPA1_A9_A9_fPfPA64_A1_A1_fS6_PA32_A5_A5_fS6_S1_E19conv3_weig_26_address0  |  out|    6|   ap_memory|  p_ZZ5srcnnPA255_A255_fPA1_A9_A9_fPfPA64_A1_A1_fS6_PA32_A5_A5_fS6_S1_E19conv3_weig_26|         array|
|p_ZZ5srcnnPA255_A255_fPA1_A9_A9_fPfPA64_A1_A1_fS6_PA32_A5_A5_fS6_S1_E19conv3_weig_26_ce0       |  out|    1|   ap_memory|  p_ZZ5srcnnPA255_A255_fPA1_A9_A9_fPfPA64_A1_A1_fS6_PA32_A5_A5_fS6_S1_E19conv3_weig_26|         array|
|p_ZZ5srcnnPA255_A255_fPA1_A9_A9_fPfPA64_A1_A1_fS6_PA32_A5_A5_fS6_S1_E19conv3_weig_26_q0        |   in|   32|   ap_memory|  p_ZZ5srcnnPA255_A255_fPA1_A9_A9_fPfPA64_A1_A1_fS6_PA32_A5_A5_fS6_S1_E19conv3_weig_26|         array|
|p_ZZ5srcnnPA255_A255_fPA1_A9_A9_fPfPA64_A1_A1_fS6_PA32_A5_A5_fS6_S1_E19conv3_weig_22_address0  |  out|    6|   ap_memory|  p_ZZ5srcnnPA255_A255_fPA1_A9_A9_fPfPA64_A1_A1_fS6_PA32_A5_A5_fS6_S1_E19conv3_weig_22|         array|
|p_ZZ5srcnnPA255_A255_fPA1_A9_A9_fPfPA64_A1_A1_fS6_PA32_A5_A5_fS6_S1_E19conv3_weig_22_ce0       |  out|    1|   ap_memory|  p_ZZ5srcnnPA255_A255_fPA1_A9_A9_fPfPA64_A1_A1_fS6_PA32_A5_A5_fS6_S1_E19conv3_weig_22|         array|
|p_ZZ5srcnnPA255_A255_fPA1_A9_A9_fPfPA64_A1_A1_fS6_PA32_A5_A5_fS6_S1_E19conv3_weig_22_q0        |   in|   32|   ap_memory|  p_ZZ5srcnnPA255_A255_fPA1_A9_A9_fPfPA64_A1_A1_fS6_PA32_A5_A5_fS6_S1_E19conv3_weig_22|         array|
|p_ZZ5srcnnPA255_A255_fPA1_A9_A9_fPfPA64_A1_A1_fS6_PA32_A5_A5_fS6_S1_E19conv3_weig_18_address0  |  out|    6|   ap_memory|  p_ZZ5srcnnPA255_A255_fPA1_A9_A9_fPfPA64_A1_A1_fS6_PA32_A5_A5_fS6_S1_E19conv3_weig_18|         array|
|p_ZZ5srcnnPA255_A255_fPA1_A9_A9_fPfPA64_A1_A1_fS6_PA32_A5_A5_fS6_S1_E19conv3_weig_18_ce0       |  out|    1|   ap_memory|  p_ZZ5srcnnPA255_A255_fPA1_A9_A9_fPfPA64_A1_A1_fS6_PA32_A5_A5_fS6_S1_E19conv3_weig_18|         array|
|p_ZZ5srcnnPA255_A255_fPA1_A9_A9_fPfPA64_A1_A1_fS6_PA32_A5_A5_fS6_S1_E19conv3_weig_18_q0        |   in|   32|   ap_memory|  p_ZZ5srcnnPA255_A255_fPA1_A9_A9_fPfPA64_A1_A1_fS6_PA32_A5_A5_fS6_S1_E19conv3_weig_18|         array|
|p_ZZ5srcnnPA255_A255_fPA1_A9_A9_fPfPA64_A1_A1_fS6_PA32_A5_A5_fS6_S1_E19conv3_weig_14_address0  |  out|    6|   ap_memory|  p_ZZ5srcnnPA255_A255_fPA1_A9_A9_fPfPA64_A1_A1_fS6_PA32_A5_A5_fS6_S1_E19conv3_weig_14|         array|
|p_ZZ5srcnnPA255_A255_fPA1_A9_A9_fPfPA64_A1_A1_fS6_PA32_A5_A5_fS6_S1_E19conv3_weig_14_ce0       |  out|    1|   ap_memory|  p_ZZ5srcnnPA255_A255_fPA1_A9_A9_fPfPA64_A1_A1_fS6_PA32_A5_A5_fS6_S1_E19conv3_weig_14|         array|
|p_ZZ5srcnnPA255_A255_fPA1_A9_A9_fPfPA64_A1_A1_fS6_PA32_A5_A5_fS6_S1_E19conv3_weig_14_q0        |   in|   32|   ap_memory|  p_ZZ5srcnnPA255_A255_fPA1_A9_A9_fPfPA64_A1_A1_fS6_PA32_A5_A5_fS6_S1_E19conv3_weig_14|         array|
|p_ZZ5srcnnPA255_A255_fPA1_A9_A9_fPfPA64_A1_A1_fS6_PA32_A5_A5_fS6_S1_E19conv3_weig_10_address0  |  out|    6|   ap_memory|  p_ZZ5srcnnPA255_A255_fPA1_A9_A9_fPfPA64_A1_A1_fS6_PA32_A5_A5_fS6_S1_E19conv3_weig_10|         array|
|p_ZZ5srcnnPA255_A255_fPA1_A9_A9_fPfPA64_A1_A1_fS6_PA32_A5_A5_fS6_S1_E19conv3_weig_10_ce0       |  out|    1|   ap_memory|  p_ZZ5srcnnPA255_A255_fPA1_A9_A9_fPfPA64_A1_A1_fS6_PA32_A5_A5_fS6_S1_E19conv3_weig_10|         array|
|p_ZZ5srcnnPA255_A255_fPA1_A9_A9_fPfPA64_A1_A1_fS6_PA32_A5_A5_fS6_S1_E19conv3_weig_10_q0        |   in|   32|   ap_memory|  p_ZZ5srcnnPA255_A255_fPA1_A9_A9_fPfPA64_A1_A1_fS6_PA32_A5_A5_fS6_S1_E19conv3_weig_10|         array|
|p_ZZ5srcnnPA255_A255_fPA1_A9_A9_fPfPA64_A1_A1_fS6_PA32_A5_A5_fS6_S1_E19conv3_weig_6_address0   |  out|    6|   ap_memory|   p_ZZ5srcnnPA255_A255_fPA1_A9_A9_fPfPA64_A1_A1_fS6_PA32_A5_A5_fS6_S1_E19conv3_weig_6|         array|
|p_ZZ5srcnnPA255_A255_fPA1_A9_A9_fPfPA64_A1_A1_fS6_PA32_A5_A5_fS6_S1_E19conv3_weig_6_ce0        |  out|    1|   ap_memory|   p_ZZ5srcnnPA255_A255_fPA1_A9_A9_fPfPA64_A1_A1_fS6_PA32_A5_A5_fS6_S1_E19conv3_weig_6|         array|
|p_ZZ5srcnnPA255_A255_fPA1_A9_A9_fPfPA64_A1_A1_fS6_PA32_A5_A5_fS6_S1_E19conv3_weig_6_q0         |   in|   32|   ap_memory|   p_ZZ5srcnnPA255_A255_fPA1_A9_A9_fPfPA64_A1_A1_fS6_PA32_A5_A5_fS6_S1_E19conv3_weig_6|         array|
|p_ZZ5srcnnPA255_A255_fPA1_A9_A9_fPfPA64_A1_A1_fS6_PA32_A5_A5_fS6_S1_E19conv3_weig_2_address0   |  out|    6|   ap_memory|   p_ZZ5srcnnPA255_A255_fPA1_A9_A9_fPfPA64_A1_A1_fS6_PA32_A5_A5_fS6_S1_E19conv3_weig_2|         array|
|p_ZZ5srcnnPA255_A255_fPA1_A9_A9_fPfPA64_A1_A1_fS6_PA32_A5_A5_fS6_S1_E19conv3_weig_2_ce0        |  out|    1|   ap_memory|   p_ZZ5srcnnPA255_A255_fPA1_A9_A9_fPfPA64_A1_A1_fS6_PA32_A5_A5_fS6_S1_E19conv3_weig_2|         array|
|p_ZZ5srcnnPA255_A255_fPA1_A9_A9_fPfPA64_A1_A1_fS6_PA32_A5_A5_fS6_S1_E19conv3_weig_2_q0         |   in|   32|   ap_memory|   p_ZZ5srcnnPA255_A255_fPA1_A9_A9_fPfPA64_A1_A1_fS6_PA32_A5_A5_fS6_S1_E19conv3_weig_2|         array|
|p_ZZ5srcnnPA255_A255_fPA1_A9_A9_fPfPA64_A1_A1_fS6_PA32_A5_A5_fS6_S1_E19conv3_weig_29_address0  |  out|    6|   ap_memory|  p_ZZ5srcnnPA255_A255_fPA1_A9_A9_fPfPA64_A1_A1_fS6_PA32_A5_A5_fS6_S1_E19conv3_weig_29|         array|
|p_ZZ5srcnnPA255_A255_fPA1_A9_A9_fPfPA64_A1_A1_fS6_PA32_A5_A5_fS6_S1_E19conv3_weig_29_ce0       |  out|    1|   ap_memory|  p_ZZ5srcnnPA255_A255_fPA1_A9_A9_fPfPA64_A1_A1_fS6_PA32_A5_A5_fS6_S1_E19conv3_weig_29|         array|
|p_ZZ5srcnnPA255_A255_fPA1_A9_A9_fPfPA64_A1_A1_fS6_PA32_A5_A5_fS6_S1_E19conv3_weig_29_q0        |   in|   32|   ap_memory|  p_ZZ5srcnnPA255_A255_fPA1_A9_A9_fPfPA64_A1_A1_fS6_PA32_A5_A5_fS6_S1_E19conv3_weig_29|         array|
|p_ZZ5srcnnPA255_A255_fPA1_A9_A9_fPfPA64_A1_A1_fS6_PA32_A5_A5_fS6_S1_E19conv3_weig_25_address0  |  out|    6|   ap_memory|  p_ZZ5srcnnPA255_A255_fPA1_A9_A9_fPfPA64_A1_A1_fS6_PA32_A5_A5_fS6_S1_E19conv3_weig_25|         array|
|p_ZZ5srcnnPA255_A255_fPA1_A9_A9_fPfPA64_A1_A1_fS6_PA32_A5_A5_fS6_S1_E19conv3_weig_25_ce0       |  out|    1|   ap_memory|  p_ZZ5srcnnPA255_A255_fPA1_A9_A9_fPfPA64_A1_A1_fS6_PA32_A5_A5_fS6_S1_E19conv3_weig_25|         array|
|p_ZZ5srcnnPA255_A255_fPA1_A9_A9_fPfPA64_A1_A1_fS6_PA32_A5_A5_fS6_S1_E19conv3_weig_25_q0        |   in|   32|   ap_memory|  p_ZZ5srcnnPA255_A255_fPA1_A9_A9_fPfPA64_A1_A1_fS6_PA32_A5_A5_fS6_S1_E19conv3_weig_25|         array|
|p_ZZ5srcnnPA255_A255_fPA1_A9_A9_fPfPA64_A1_A1_fS6_PA32_A5_A5_fS6_S1_E19conv3_weig_21_address0  |  out|    6|   ap_memory|  p_ZZ5srcnnPA255_A255_fPA1_A9_A9_fPfPA64_A1_A1_fS6_PA32_A5_A5_fS6_S1_E19conv3_weig_21|         array|
|p_ZZ5srcnnPA255_A255_fPA1_A9_A9_fPfPA64_A1_A1_fS6_PA32_A5_A5_fS6_S1_E19conv3_weig_21_ce0       |  out|    1|   ap_memory|  p_ZZ5srcnnPA255_A255_fPA1_A9_A9_fPfPA64_A1_A1_fS6_PA32_A5_A5_fS6_S1_E19conv3_weig_21|         array|
|p_ZZ5srcnnPA255_A255_fPA1_A9_A9_fPfPA64_A1_A1_fS6_PA32_A5_A5_fS6_S1_E19conv3_weig_21_q0        |   in|   32|   ap_memory|  p_ZZ5srcnnPA255_A255_fPA1_A9_A9_fPfPA64_A1_A1_fS6_PA32_A5_A5_fS6_S1_E19conv3_weig_21|         array|
|p_ZZ5srcnnPA255_A255_fPA1_A9_A9_fPfPA64_A1_A1_fS6_PA32_A5_A5_fS6_S1_E19conv3_weig_17_address0  |  out|    6|   ap_memory|  p_ZZ5srcnnPA255_A255_fPA1_A9_A9_fPfPA64_A1_A1_fS6_PA32_A5_A5_fS6_S1_E19conv3_weig_17|         array|
|p_ZZ5srcnnPA255_A255_fPA1_A9_A9_fPfPA64_A1_A1_fS6_PA32_A5_A5_fS6_S1_E19conv3_weig_17_ce0       |  out|    1|   ap_memory|  p_ZZ5srcnnPA255_A255_fPA1_A9_A9_fPfPA64_A1_A1_fS6_PA32_A5_A5_fS6_S1_E19conv3_weig_17|         array|
|p_ZZ5srcnnPA255_A255_fPA1_A9_A9_fPfPA64_A1_A1_fS6_PA32_A5_A5_fS6_S1_E19conv3_weig_17_q0        |   in|   32|   ap_memory|  p_ZZ5srcnnPA255_A255_fPA1_A9_A9_fPfPA64_A1_A1_fS6_PA32_A5_A5_fS6_S1_E19conv3_weig_17|         array|
|p_ZZ5srcnnPA255_A255_fPA1_A9_A9_fPfPA64_A1_A1_fS6_PA32_A5_A5_fS6_S1_E19conv3_weig_13_address0  |  out|    6|   ap_memory|  p_ZZ5srcnnPA255_A255_fPA1_A9_A9_fPfPA64_A1_A1_fS6_PA32_A5_A5_fS6_S1_E19conv3_weig_13|         array|
|p_ZZ5srcnnPA255_A255_fPA1_A9_A9_fPfPA64_A1_A1_fS6_PA32_A5_A5_fS6_S1_E19conv3_weig_13_ce0       |  out|    1|   ap_memory|  p_ZZ5srcnnPA255_A255_fPA1_A9_A9_fPfPA64_A1_A1_fS6_PA32_A5_A5_fS6_S1_E19conv3_weig_13|         array|
|p_ZZ5srcnnPA255_A255_fPA1_A9_A9_fPfPA64_A1_A1_fS6_PA32_A5_A5_fS6_S1_E19conv3_weig_13_q0        |   in|   32|   ap_memory|  p_ZZ5srcnnPA255_A255_fPA1_A9_A9_fPfPA64_A1_A1_fS6_PA32_A5_A5_fS6_S1_E19conv3_weig_13|         array|
|p_ZZ5srcnnPA255_A255_fPA1_A9_A9_fPfPA64_A1_A1_fS6_PA32_A5_A5_fS6_S1_E19conv3_weig_9_address0   |  out|    6|   ap_memory|   p_ZZ5srcnnPA255_A255_fPA1_A9_A9_fPfPA64_A1_A1_fS6_PA32_A5_A5_fS6_S1_E19conv3_weig_9|         array|
|p_ZZ5srcnnPA255_A255_fPA1_A9_A9_fPfPA64_A1_A1_fS6_PA32_A5_A5_fS6_S1_E19conv3_weig_9_ce0        |  out|    1|   ap_memory|   p_ZZ5srcnnPA255_A255_fPA1_A9_A9_fPfPA64_A1_A1_fS6_PA32_A5_A5_fS6_S1_E19conv3_weig_9|         array|
|p_ZZ5srcnnPA255_A255_fPA1_A9_A9_fPfPA64_A1_A1_fS6_PA32_A5_A5_fS6_S1_E19conv3_weig_9_q0         |   in|   32|   ap_memory|   p_ZZ5srcnnPA255_A255_fPA1_A9_A9_fPfPA64_A1_A1_fS6_PA32_A5_A5_fS6_S1_E19conv3_weig_9|         array|
|p_ZZ5srcnnPA255_A255_fPA1_A9_A9_fPfPA64_A1_A1_fS6_PA32_A5_A5_fS6_S1_E19conv3_weig_5_address0   |  out|    6|   ap_memory|   p_ZZ5srcnnPA255_A255_fPA1_A9_A9_fPfPA64_A1_A1_fS6_PA32_A5_A5_fS6_S1_E19conv3_weig_5|         array|
|p_ZZ5srcnnPA255_A255_fPA1_A9_A9_fPfPA64_A1_A1_fS6_PA32_A5_A5_fS6_S1_E19conv3_weig_5_ce0        |  out|    1|   ap_memory|   p_ZZ5srcnnPA255_A255_fPA1_A9_A9_fPfPA64_A1_A1_fS6_PA32_A5_A5_fS6_S1_E19conv3_weig_5|         array|
|p_ZZ5srcnnPA255_A255_fPA1_A9_A9_fPfPA64_A1_A1_fS6_PA32_A5_A5_fS6_S1_E19conv3_weig_5_q0         |   in|   32|   ap_memory|   p_ZZ5srcnnPA255_A255_fPA1_A9_A9_fPfPA64_A1_A1_fS6_PA32_A5_A5_fS6_S1_E19conv3_weig_5|         array|
|p_ZZ5srcnnPA255_A255_fPA1_A9_A9_fPfPA64_A1_A1_fS6_PA32_A5_A5_fS6_S1_E19conv3_weig_1_address0   |  out|    6|   ap_memory|   p_ZZ5srcnnPA255_A255_fPA1_A9_A9_fPfPA64_A1_A1_fS6_PA32_A5_A5_fS6_S1_E19conv3_weig_1|         array|
|p_ZZ5srcnnPA255_A255_fPA1_A9_A9_fPfPA64_A1_A1_fS6_PA32_A5_A5_fS6_S1_E19conv3_weig_1_ce0        |  out|    1|   ap_memory|   p_ZZ5srcnnPA255_A255_fPA1_A9_A9_fPfPA64_A1_A1_fS6_PA32_A5_A5_fS6_S1_E19conv3_weig_1|         array|
|p_ZZ5srcnnPA255_A255_fPA1_A9_A9_fPfPA64_A1_A1_fS6_PA32_A5_A5_fS6_S1_E19conv3_weig_1_q0         |   in|   32|   ap_memory|   p_ZZ5srcnnPA255_A255_fPA1_A9_A9_fPfPA64_A1_A1_fS6_PA32_A5_A5_fS6_S1_E19conv3_weig_1|         array|
|p_ZZ5srcnnPA255_A255_fPA1_A9_A9_fPfPA64_A1_A1_fS6_PA32_A5_A5_fS6_S1_E19conv3_weig_28_address0  |  out|    6|   ap_memory|  p_ZZ5srcnnPA255_A255_fPA1_A9_A9_fPfPA64_A1_A1_fS6_PA32_A5_A5_fS6_S1_E19conv3_weig_28|         array|
|p_ZZ5srcnnPA255_A255_fPA1_A9_A9_fPfPA64_A1_A1_fS6_PA32_A5_A5_fS6_S1_E19conv3_weig_28_ce0       |  out|    1|   ap_memory|  p_ZZ5srcnnPA255_A255_fPA1_A9_A9_fPfPA64_A1_A1_fS6_PA32_A5_A5_fS6_S1_E19conv3_weig_28|         array|
|p_ZZ5srcnnPA255_A255_fPA1_A9_A9_fPfPA64_A1_A1_fS6_PA32_A5_A5_fS6_S1_E19conv3_weig_28_q0        |   in|   32|   ap_memory|  p_ZZ5srcnnPA255_A255_fPA1_A9_A9_fPfPA64_A1_A1_fS6_PA32_A5_A5_fS6_S1_E19conv3_weig_28|         array|
|p_ZZ5srcnnPA255_A255_fPA1_A9_A9_fPfPA64_A1_A1_fS6_PA32_A5_A5_fS6_S1_E19conv3_weig_24_address0  |  out|    6|   ap_memory|  p_ZZ5srcnnPA255_A255_fPA1_A9_A9_fPfPA64_A1_A1_fS6_PA32_A5_A5_fS6_S1_E19conv3_weig_24|         array|
|p_ZZ5srcnnPA255_A255_fPA1_A9_A9_fPfPA64_A1_A1_fS6_PA32_A5_A5_fS6_S1_E19conv3_weig_24_ce0       |  out|    1|   ap_memory|  p_ZZ5srcnnPA255_A255_fPA1_A9_A9_fPfPA64_A1_A1_fS6_PA32_A5_A5_fS6_S1_E19conv3_weig_24|         array|
|p_ZZ5srcnnPA255_A255_fPA1_A9_A9_fPfPA64_A1_A1_fS6_PA32_A5_A5_fS6_S1_E19conv3_weig_24_q0        |   in|   32|   ap_memory|  p_ZZ5srcnnPA255_A255_fPA1_A9_A9_fPfPA64_A1_A1_fS6_PA32_A5_A5_fS6_S1_E19conv3_weig_24|         array|
|p_ZZ5srcnnPA255_A255_fPA1_A9_A9_fPfPA64_A1_A1_fS6_PA32_A5_A5_fS6_S1_E19conv3_weig_20_address0  |  out|    6|   ap_memory|  p_ZZ5srcnnPA255_A255_fPA1_A9_A9_fPfPA64_A1_A1_fS6_PA32_A5_A5_fS6_S1_E19conv3_weig_20|         array|
|p_ZZ5srcnnPA255_A255_fPA1_A9_A9_fPfPA64_A1_A1_fS6_PA32_A5_A5_fS6_S1_E19conv3_weig_20_ce0       |  out|    1|   ap_memory|  p_ZZ5srcnnPA255_A255_fPA1_A9_A9_fPfPA64_A1_A1_fS6_PA32_A5_A5_fS6_S1_E19conv3_weig_20|         array|
|p_ZZ5srcnnPA255_A255_fPA1_A9_A9_fPfPA64_A1_A1_fS6_PA32_A5_A5_fS6_S1_E19conv3_weig_20_q0        |   in|   32|   ap_memory|  p_ZZ5srcnnPA255_A255_fPA1_A9_A9_fPfPA64_A1_A1_fS6_PA32_A5_A5_fS6_S1_E19conv3_weig_20|         array|
|p_ZZ5srcnnPA255_A255_fPA1_A9_A9_fPfPA64_A1_A1_fS6_PA32_A5_A5_fS6_S1_E19conv3_weig_16_address0  |  out|    6|   ap_memory|  p_ZZ5srcnnPA255_A255_fPA1_A9_A9_fPfPA64_A1_A1_fS6_PA32_A5_A5_fS6_S1_E19conv3_weig_16|         array|
|p_ZZ5srcnnPA255_A255_fPA1_A9_A9_fPfPA64_A1_A1_fS6_PA32_A5_A5_fS6_S1_E19conv3_weig_16_ce0       |  out|    1|   ap_memory|  p_ZZ5srcnnPA255_A255_fPA1_A9_A9_fPfPA64_A1_A1_fS6_PA32_A5_A5_fS6_S1_E19conv3_weig_16|         array|
|p_ZZ5srcnnPA255_A255_fPA1_A9_A9_fPfPA64_A1_A1_fS6_PA32_A5_A5_fS6_S1_E19conv3_weig_16_q0        |   in|   32|   ap_memory|  p_ZZ5srcnnPA255_A255_fPA1_A9_A9_fPfPA64_A1_A1_fS6_PA32_A5_A5_fS6_S1_E19conv3_weig_16|         array|
|p_ZZ5srcnnPA255_A255_fPA1_A9_A9_fPfPA64_A1_A1_fS6_PA32_A5_A5_fS6_S1_E19conv3_weig_12_address0  |  out|    6|   ap_memory|  p_ZZ5srcnnPA255_A255_fPA1_A9_A9_fPfPA64_A1_A1_fS6_PA32_A5_A5_fS6_S1_E19conv3_weig_12|         array|
|p_ZZ5srcnnPA255_A255_fPA1_A9_A9_fPfPA64_A1_A1_fS6_PA32_A5_A5_fS6_S1_E19conv3_weig_12_ce0       |  out|    1|   ap_memory|  p_ZZ5srcnnPA255_A255_fPA1_A9_A9_fPfPA64_A1_A1_fS6_PA32_A5_A5_fS6_S1_E19conv3_weig_12|         array|
|p_ZZ5srcnnPA255_A255_fPA1_A9_A9_fPfPA64_A1_A1_fS6_PA32_A5_A5_fS6_S1_E19conv3_weig_12_q0        |   in|   32|   ap_memory|  p_ZZ5srcnnPA255_A255_fPA1_A9_A9_fPfPA64_A1_A1_fS6_PA32_A5_A5_fS6_S1_E19conv3_weig_12|         array|
|p_ZZ5srcnnPA255_A255_fPA1_A9_A9_fPfPA64_A1_A1_fS6_PA32_A5_A5_fS6_S1_E19conv3_weig_8_address0   |  out|    6|   ap_memory|   p_ZZ5srcnnPA255_A255_fPA1_A9_A9_fPfPA64_A1_A1_fS6_PA32_A5_A5_fS6_S1_E19conv3_weig_8|         array|
|p_ZZ5srcnnPA255_A255_fPA1_A9_A9_fPfPA64_A1_A1_fS6_PA32_A5_A5_fS6_S1_E19conv3_weig_8_ce0        |  out|    1|   ap_memory|   p_ZZ5srcnnPA255_A255_fPA1_A9_A9_fPfPA64_A1_A1_fS6_PA32_A5_A5_fS6_S1_E19conv3_weig_8|         array|
|p_ZZ5srcnnPA255_A255_fPA1_A9_A9_fPfPA64_A1_A1_fS6_PA32_A5_A5_fS6_S1_E19conv3_weig_8_q0         |   in|   32|   ap_memory|   p_ZZ5srcnnPA255_A255_fPA1_A9_A9_fPfPA64_A1_A1_fS6_PA32_A5_A5_fS6_S1_E19conv3_weig_8|         array|
|p_ZZ5srcnnPA255_A255_fPA1_A9_A9_fPfPA64_A1_A1_fS6_PA32_A5_A5_fS6_S1_E19conv3_weig_4_address0   |  out|    6|   ap_memory|   p_ZZ5srcnnPA255_A255_fPA1_A9_A9_fPfPA64_A1_A1_fS6_PA32_A5_A5_fS6_S1_E19conv3_weig_4|         array|
|p_ZZ5srcnnPA255_A255_fPA1_A9_A9_fPfPA64_A1_A1_fS6_PA32_A5_A5_fS6_S1_E19conv3_weig_4_ce0        |  out|    1|   ap_memory|   p_ZZ5srcnnPA255_A255_fPA1_A9_A9_fPfPA64_A1_A1_fS6_PA32_A5_A5_fS6_S1_E19conv3_weig_4|         array|
|p_ZZ5srcnnPA255_A255_fPA1_A9_A9_fPfPA64_A1_A1_fS6_PA32_A5_A5_fS6_S1_E19conv3_weig_4_q0         |   in|   32|   ap_memory|   p_ZZ5srcnnPA255_A255_fPA1_A9_A9_fPfPA64_A1_A1_fS6_PA32_A5_A5_fS6_S1_E19conv3_weig_4|         array|
|p_ZZ5srcnnPA255_A255_fPA1_A9_A9_fPfPA64_A1_A1_fS6_PA32_A5_A5_fS6_S1_E19conv3_weig_address0     |  out|    6|   ap_memory|     p_ZZ5srcnnPA255_A255_fPA1_A9_A9_fPfPA64_A1_A1_fS6_PA32_A5_A5_fS6_S1_E19conv3_weig|         array|
|p_ZZ5srcnnPA255_A255_fPA1_A9_A9_fPfPA64_A1_A1_fS6_PA32_A5_A5_fS6_S1_E19conv3_weig_ce0          |  out|    1|   ap_memory|     p_ZZ5srcnnPA255_A255_fPA1_A9_A9_fPfPA64_A1_A1_fS6_PA32_A5_A5_fS6_S1_E19conv3_weig|         array|
|p_ZZ5srcnnPA255_A255_fPA1_A9_A9_fPfPA64_A1_A1_fS6_PA32_A5_A5_fS6_S1_E19conv3_weig_q0           |   in|   32|   ap_memory|     p_ZZ5srcnnPA255_A255_fPA1_A9_A9_fPfPA64_A1_A1_fS6_PA32_A5_A5_fS6_S1_E19conv3_weig|         array|
|conv3_biases_local_address0                                                                    |  out|    1|   ap_memory|                                                                    conv3_biases_local|         array|
|conv3_biases_local_ce0                                                                         |  out|    1|   ap_memory|                                                                    conv3_biases_local|         array|
|conv3_biases_local_q0                                                                          |   in|   32|   ap_memory|                                                                    conv3_biases_local|         array|
+-----------------------------------------------------------------------------------------------+-----+-----+------------+--------------------------------------------------------------------------------------+--------------+

