

================================================================
== Vitis HLS Report for 'conv37_Pipeline_in_feat_loop_conv3_tile_height_loop_conv3_tile_width_loop_conv3'
================================================================
* Date:           Thu Oct 30 18:13:46 2025

* Version:        2023.1 (Build 3854077 on May  4 2023)
* Project:        srcnn_hls
* Solution:       solution1 (Vivado IP Flow Target)
* Product family: zynquplus
* Target device:  xck26-sfvc784-2LV-c


================================================================
== Performance Estimates
================================================================
+ Timing: 
    * Summary: 
    +--------+----------+----------+------------+
    |  Clock |  Target  | Estimated| Uncertainty|
    +--------+----------+----------+------------+
    |ap_clk  |  10.00 ns|  7.016 ns|     2.70 ns|
    +--------+----------+----------+------------+

+ Latency: 
    * Summary: 
    +---------+---------+----------+----------+-------+-------+---------+
    |  Latency (cycles) |  Latency (absolute) |    Interval   | Pipeline|
    |   min   |   max   |    min   |    max   |  min  |  max  |   Type  |
    +---------+---------+----------+----------+-------+-------+---------+
    |    83331|    83331|  0.833 ms|  0.833 ms|  83331|  83331|       no|
    +---------+---------+----------+----------+-------+-------+---------+

    + Detail: 
        * Instance: 
        N/A

        * Loop: 
        +-------------------------------------------------------------------+---------+---------+----------+-----------+-----------+------+----------+
        |                                                                   |  Latency (cycles) | Iteration|  Initiation Interval  | Trip |          |
        |                             Loop Name                             |   min   |   max   |  Latency |  achieved |   target  | Count| Pipelined|
        +-------------------------------------------------------------------+---------+---------+----------+-----------+-----------+------+----------+
        |- in_feat_loop_conv3_tile_height_loop_conv3_tile_width_loop_conv3  |    83329|    83329|       107|          9|          9|  9248|       yes|
        +-------------------------------------------------------------------+---------+---------+----------+-----------+-----------+------+----------+



================================================================
== Utilization Estimates
================================================================
* Summary: 
+-----------------+---------+------+--------+--------+-----+
|       Name      | BRAM_18K|  DSP |   FF   |   LUT  | URAM|
+-----------------+---------+------+--------+--------+-----+
|DSP              |        -|     -|       -|       -|    -|
|Expression       |        -|     -|       0|    2104|    -|
|FIFO             |        -|     -|       -|       -|    -|
|Instance         |        -|    15|    1065|    1391|    -|
|Memory           |        -|     -|       -|       -|    -|
|Multiplexer      |        -|     -|       -|    3028|    -|
|Register         |        -|     -|    3937|     704|    -|
+-----------------+---------+------+--------+--------+-----+
|Total            |        0|    15|    5002|    7227|    0|
+-----------------+---------+------+--------+--------+-----+
|Available        |      288|  1248|  234240|  117120|   64|
+-----------------+---------+------+--------+--------+-----+
|Utilization (%)  |        0|     1|       2|       6|    0|
+-----------------+---------+------+--------+--------+-----+

+ Detail: 
    * Instance: 
    +--------------------------------------+--------------------------------+---------+----+-----+-----+-----+
    |               Instance               |             Module             | BRAM_18K| DSP|  FF | LUT | URAM|
    +--------------------------------------+--------------------------------+---------+----+-----+-----+-----+
    |fadd_32ns_32ns_32_4_full_dsp_1_U1948  |fadd_32ns_32ns_32_4_full_dsp_1  |        0|   2|  227|  214|    0|
    |fadd_32ns_32ns_32_4_full_dsp_1_U1949  |fadd_32ns_32ns_32_4_full_dsp_1  |        0|   2|  227|  214|    0|
    |fadd_32ns_32ns_32_4_full_dsp_1_U1950  |fadd_32ns_32ns_32_4_full_dsp_1  |        0|   2|  227|  214|    0|
    |fmul_32ns_32ns_32_3_max_dsp_1_U1951   |fmul_32ns_32ns_32_3_max_dsp_1   |        0|   3|  128|  135|    0|
    |fmul_32ns_32ns_32_3_max_dsp_1_U1952   |fmul_32ns_32ns_32_3_max_dsp_1   |        0|   3|  128|  135|    0|
    |fmul_32ns_32ns_32_3_max_dsp_1_U1953   |fmul_32ns_32ns_32_3_max_dsp_1   |        0|   3|  128|  135|    0|
    |mux_8_3_32_1_1_U1954                  |mux_8_3_32_1_1                  |        0|   0|    0|   43|    0|
    |mux_8_3_32_1_1_U1955                  |mux_8_3_32_1_1                  |        0|   0|    0|   43|    0|
    |mux_8_3_32_1_1_U1956                  |mux_8_3_32_1_1                  |        0|   0|    0|   43|    0|
    |mux_8_3_32_1_1_U1957                  |mux_8_3_32_1_1                  |        0|   0|    0|   43|    0|
    |mux_8_3_32_1_1_U1958                  |mux_8_3_32_1_1                  |        0|   0|    0|   43|    0|
    |mux_8_3_32_1_1_U1959                  |mux_8_3_32_1_1                  |        0|   0|    0|   43|    0|
    |mux_8_3_32_1_1_U1960                  |mux_8_3_32_1_1                  |        0|   0|    0|   43|    0|
    |mux_8_3_32_1_1_U1961                  |mux_8_3_32_1_1                  |        0|   0|    0|   43|    0|
    +--------------------------------------+--------------------------------+---------+----+-----+-----+-----+
    |Total                                 |                                |        0|  15| 1065| 1391|    0|
    +--------------------------------------+--------------------------------+---------+----+-----+-----+-----+

    * DSP: 
    N/A

    * Memory: 
    N/A

    * FIFO: 
    N/A

    * Expression: 
    +--------------------------------------+----------+----+---+----+------------+------------+
    |             Variable Name            | Operation| DSP| FF| LUT| Bitwidth P0| Bitwidth P1|
    +--------------------------------------+----------+----+---+----+------------+------------+
    |add_ln417_1_fu_4297_p2                |         +|   0|  0|  21|          14|           1|
    |add_ln417_fu_4309_p2                  |         +|   0|  0|  13|           6|           1|
    |add_ln419_fu_4687_p2                  |         +|   0|  0|  17|          10|           1|
    |add_ln437_3_fu_4650_p2                |         +|   0|  0|  12|           4|           2|
    |add_ln437_4_fu_4838_p2                |         +|   0|  0|  12|           5|           2|
    |add_ln437_fu_4601_p2                  |         +|   0|  0|  12|           5|           3|
    |add_ln438_fu_4607_p2                  |         +|   0|  0|  12|           4|           3|
    |add_ln447_10_fu_5393_p2               |         +|   0|  0|  21|          14|          14|
    |add_ln447_11_fu_4586_p2               |         +|   0|  0|  21|          14|          14|
    |add_ln447_12_fu_4958_p2               |         +|   0|  0|  21|          14|          14|
    |add_ln447_13_fu_5162_p2               |         +|   0|  0|  21|          14|          14|
    |add_ln447_14_fu_5399_p2               |         +|   0|  0|  21|          14|          14|
    |add_ln447_15_fu_5513_p2               |         +|   0|  0|  21|          14|          14|
    |add_ln447_16_fu_4633_p2               |         +|   0|  0|  21|          14|          14|
    |add_ln447_17_fu_4795_p2               |         +|   0|  0|  21|          14|          14|
    |add_ln447_18_fu_5099_p2               |         +|   0|  0|  21|          14|          14|
    |add_ln447_19_fu_5409_p2               |         +|   0|  0|  21|          14|          14|
    |add_ln447_1_fu_5072_p2                |         +|   0|  0|  18|          11|          11|
    |add_ln447_20_fu_5517_p2               |         +|   0|  0|  21|          14|          14|
    |add_ln447_21_fu_4676_p2               |         +|   0|  0|  21|          14|          14|
    |add_ln447_22_fu_4967_p2               |         +|   0|  0|  21|          14|          14|
    |add_ln447_23_fu_5109_p2               |         +|   0|  0|  21|          14|          14|
    |add_ln447_24_fu_5419_p2               |         +|   0|  0|  21|          14|          14|
    |add_ln447_25_fu_5526_p2               |         +|   0|  0|  21|          14|          14|
    |add_ln447_26_fu_4828_p2               |         +|   0|  0|  21|          14|          14|
    |add_ln447_27_fu_4976_p2               |         +|   0|  0|  21|          14|          14|
    |add_ln447_28_fu_5171_p2               |         +|   0|  0|  21|          14|          14|
    |add_ln447_29_fu_5530_p2               |         +|   0|  0|  21|          14|          14|
    |add_ln447_2_fu_5093_p2                |         +|   0|  0|  21|          14|          14|
    |add_ln447_30_fu_5539_p2               |         +|   0|  0|  21|          14|          14|
    |add_ln447_31_fu_4861_p2               |         +|   0|  0|  21|          14|          14|
    |add_ln447_32_fu_5119_p2               |         +|   0|  0|  21|          14|          14|
    |add_ln447_33_fu_5180_p2               |         +|   0|  0|  21|          14|          14|
    |add_ln447_34_fu_5543_p2               |         +|   0|  0|  21|          14|          14|
    |add_ln447_35_fu_5552_p2               |         +|   0|  0|  21|          14|          14|
    |add_ln447_3_fu_4509_p2                |         +|   0|  0|  18|          11|          11|
    |add_ln447_4_fu_4531_p2                |         +|   0|  0|  21|          14|          14|
    |add_ln447_5_fu_4768_p2                |         +|   0|  0|  18|          11|          11|
    |add_ln447_6_fu_4789_p2                |         +|   0|  0|  21|          14|          14|
    |add_ln447_7_fu_5315_p2                |         +|   0|  0|  18|          11|          11|
    |add_ln447_8_fu_5336_p2                |         +|   0|  0|  21|          14|          14|
    |add_ln447_9_fu_5372_p2                |         +|   0|  0|  18|          11|          11|
    |add_ln447_fu_4353_p2                  |         +|   0|  0|  18|          11|          11|
    |empty_234_fu_4985_p2                  |         +|   0|  0|  13|           6|           2|
    |empty_235_fu_5010_p2                  |         +|   0|  0|  13|           6|           2|
    |empty_237_fu_5429_p2                  |         +|   0|  0|  13|           6|           3|
    |empty_238_fu_5189_p2                  |         +|   0|  0|  13|           6|           3|
    |empty_239_fu_5454_p2                  |         +|   0|  0|  13|           6|           3|
    |empty_240_fu_5572_p2                  |         +|   0|  0|  13|           6|           4|
    |empty_243_fu_4251_p2                  |         +|   0|  0|  12|           5|           3|
    |empty_244_fu_5217_p2                  |         +|   0|  0|  12|           5|           2|
    |empty_245_fu_4924_p2                  |         +|   0|  0|  13|           6|           1|
    |empty_246_fu_5027_p2                  |         +|   0|  0|  13|           6|           2|
    |empty_247_fu_5052_p2                  |         +|   0|  0|  13|           6|           2|
    |empty_249_fu_5471_p2                  |         +|   0|  0|  13|           6|           3|
    |empty_250_fu_5228_p2                  |         +|   0|  0|  13|           6|           3|
    |empty_251_fu_5496_p2                  |         +|   0|  0|  13|           6|           3|
    |empty_252_fu_5589_p2                  |         +|   0|  0|  13|           6|           4|
    |empty_254_fu_4459_p2                  |         +|   0|  0|  18|           9|           9|
    |empty_256_fu_4575_p2                  |         +|   0|  0|  18|           9|           9|
    |empty_fu_4879_p2                      |         +|   0|  0|  13|           6|           1|
    |indvars_iv_next150_i_dup_fu_4419_p2   |         +|   0|  0|  12|           5|           1|
    |indvars_iv_next150_i_fu_5206_p2       |         +|   0|  0|  12|           5|           1|
    |indvars_iv_next150_i_mid1_fu_5285_p2  |         +|   0|  0|  12|           5|           2|
    |p_cast1_fu_4277_p2                    |         +|   0|  0|  12|           4|           2|
    |p_cast1_mid1_fu_4537_p2               |         +|   0|  0|  12|           4|           2|
    |p_cast_fu_4257_p2                     |         +|   0|  0|  12|           4|           3|
    |p_cast_mid1_fu_4475_p2                |         +|   0|  0|  12|           4|           3|
    |p_mid129_fu_4469_p2                   |         +|   0|  0|  12|           5|           2|
    |p_mid133_fu_5342_p2                   |         +|   0|  0|  12|           5|           2|
    |pad_h_1_fu_4271_p2                    |         +|   0|  0|  12|           5|           2|
    |pad_w_11_fu_4805_p2                   |         +|   0|  0|  12|           5|           1|
    |pad_w_4_fu_4644_p2                    |         +|   0|  0|  12|           5|           2|
    |and_ln417_fu_4413_p2                  |       and|   0|  0|   2|           1|           1|
    |ap_condition_3554                     |       and|   0|  0|   2|           1|           1|
    |ap_condition_3560                     |       and|   0|  0|   2|           1|           1|
    |ap_condition_3566                     |       and|   0|  0|   2|           1|           1|
    |ap_condition_3572                     |       and|   0|  0|   2|           1|           1|
    |ap_condition_3578                     |       and|   0|  0|   2|           1|           1|
    |ap_condition_3584                     |       and|   0|  0|   2|           1|           1|
    |ap_condition_3590                     |       and|   0|  0|   2|           1|           1|
    |ap_condition_3596                     |       and|   0|  0|   2|           1|           1|
    |ap_condition_3602                     |       and|   0|  0|   2|           1|           1|
    |ap_condition_3608                     |       and|   0|  0|   2|           1|           1|
    |ap_condition_3614                     |       and|   0|  0|   2|           1|           1|
    |ap_condition_3620                     |       and|   0|  0|   2|           1|           1|
    |ap_condition_3626                     |       and|   0|  0|   2|           1|           1|
    |ap_condition_3632                     |       and|   0|  0|   2|           1|           1|
    |ap_condition_3638                     |       and|   0|  0|   2|           1|           1|
    |ap_condition_3644                     |       and|   0|  0|   2|           1|           1|
    |ap_condition_3650                     |       and|   0|  0|   2|           1|           1|
    |ap_condition_3656                     |       and|   0|  0|   2|           1|           1|
    |ap_condition_3660                     |       and|   0|  0|   2|           1|           1|
    |ap_condition_3663                     |       and|   0|  0|   2|           1|           1|
    |ap_condition_3666                     |       and|   0|  0|   2|           1|           1|
    |ap_condition_3669                     |       and|   0|  0|   2|           1|           1|
    |ap_condition_3672                     |       and|   0|  0|   2|           1|           1|
    |ap_condition_3675                     |       and|   0|  0|   2|           1|           1|
    |ap_condition_3678                     |       and|   0|  0|   2|           1|           1|
    |ap_condition_3681                     |       and|   0|  0|   2|           1|           1|
    |ap_condition_3684                     |       and|   0|  0|   2|           1|           1|
    |ap_condition_3687                     |       and|   0|  0|   2|           1|           1|
    |ap_condition_3690                     |       and|   0|  0|   2|           1|           1|
    |ap_condition_3693                     |       and|   0|  0|   2|           1|           1|
    |ap_condition_3708                     |       and|   0|  0|   2|           1|           1|
    |ap_condition_3715                     |       and|   0|  0|   2|           1|           1|
    |ap_condition_3722                     |       and|   0|  0|   2|           1|           1|
    |ap_condition_3729                     |       and|   0|  0|   2|           1|           1|
    |ap_condition_3736                     |       and|   0|  0|   2|           1|           1|
    |ap_condition_3743                     |       and|   0|  0|   2|           1|           1|
    |ap_condition_3750                     |       and|   0|  0|   2|           1|           1|
    |ap_condition_3757                     |       and|   0|  0|   2|           1|           1|
    |ap_condition_3764                     |       and|   0|  0|   2|           1|           1|
    |ap_condition_3771                     |       and|   0|  0|   2|           1|           1|
    |ap_condition_3778                     |       and|   0|  0|   2|           1|           1|
    |ap_condition_3785                     |       and|   0|  0|   2|           1|           1|
    |ap_condition_3792                     |       and|   0|  0|   2|           1|           1|
    |ap_condition_3799                     |       and|   0|  0|   2|           1|           1|
    |ap_condition_3806                     |       and|   0|  0|   2|           1|           1|
    |ap_condition_3813                     |       and|   0|  0|   2|           1|           1|
    |ap_condition_3820                     |       and|   0|  0|   2|           1|           1|
    |ap_condition_3827                     |       and|   0|  0|   2|           1|           1|
    |ap_condition_3830                     |       and|   0|  0|   2|           1|           1|
    |ap_condition_3833                     |       and|   0|  0|   2|           1|           1|
    |ap_condition_3836                     |       and|   0|  0|   2|           1|           1|
    |ap_condition_3839                     |       and|   0|  0|   2|           1|           1|
    |ap_condition_3842                     |       and|   0|  0|   2|           1|           1|
    |ap_condition_3845                     |       and|   0|  0|   2|           1|           1|
    |ap_condition_3848                     |       and|   0|  0|   2|           1|           1|
    |ap_condition_3851                     |       and|   0|  0|   2|           1|           1|
    |ap_condition_3854                     |       and|   0|  0|   2|           1|           1|
    |ap_condition_3857                     |       and|   0|  0|   2|           1|           1|
    |ap_condition_3860                     |       and|   0|  0|   2|           1|           1|
    |ap_condition_3863                     |       and|   0|  0|   2|           1|           1|
    |ap_condition_3871                     |       and|   0|  0|   2|           1|           1|
    |ap_condition_3879                     |       and|   0|  0|   2|           1|           1|
    |ap_condition_3886                     |       and|   0|  0|   2|           1|           1|
    |ap_condition_3893                     |       and|   0|  0|   2|           1|           1|
    |ap_condition_3900                     |       and|   0|  0|   2|           1|           1|
    |ap_condition_3907                     |       and|   0|  0|   2|           1|           1|
    |ap_condition_3914                     |       and|   0|  0|   2|           1|           1|
    |ap_condition_3921                     |       and|   0|  0|   2|           1|           1|
    |ap_condition_3928                     |       and|   0|  0|   2|           1|           1|
    |ap_condition_3935                     |       and|   0|  0|   2|           1|           1|
    |ap_condition_3942                     |       and|   0|  0|   2|           1|           1|
    |ap_condition_3949                     |       and|   0|  0|   2|           1|           1|
    |ap_condition_3956                     |       and|   0|  0|   2|           1|           1|
    |ap_condition_3963                     |       and|   0|  0|   2|           1|           1|
    |ap_condition_3970                     |       and|   0|  0|   2|           1|           1|
    |ap_condition_3977                     |       and|   0|  0|   2|           1|           1|
    |ap_condition_3984                     |       and|   0|  0|   2|           1|           1|
    |ap_condition_3991                     |       and|   0|  0|   2|           1|           1|
    |ap_condition_3994                     |       and|   0|  0|   2|           1|           1|
    |ap_condition_3997                     |       and|   0|  0|   2|           1|           1|
    |ap_condition_4000                     |       and|   0|  0|   2|           1|           1|
    |ap_condition_4003                     |       and|   0|  0|   2|           1|           1|
    |ap_condition_4006                     |       and|   0|  0|   2|           1|           1|
    |ap_condition_4009                     |       and|   0|  0|   2|           1|           1|
    |ap_condition_4012                     |       and|   0|  0|   2|           1|           1|
    |ap_condition_4015                     |       and|   0|  0|   2|           1|           1|
    |ap_condition_4018                     |       and|   0|  0|   2|           1|           1|
    |ap_condition_4021                     |       and|   0|  0|   2|           1|           1|
    |ap_condition_4024                     |       and|   0|  0|   2|           1|           1|
    |ap_condition_4027                     |       and|   0|  0|   2|           1|           1|
    |ap_condition_4036                     |       and|   0|  0|   2|           1|           1|
    |ap_condition_4045                     |       and|   0|  0|   2|           1|           1|
    |ap_condition_4052                     |       and|   0|  0|   2|           1|           1|
    |ap_condition_4059                     |       and|   0|  0|   2|           1|           1|
    |ap_condition_4066                     |       and|   0|  0|   2|           1|           1|
    |ap_condition_4073                     |       and|   0|  0|   2|           1|           1|
    |ap_condition_4080                     |       and|   0|  0|   2|           1|           1|
    |ap_condition_4087                     |       and|   0|  0|   2|           1|           1|
    |ap_condition_4094                     |       and|   0|  0|   2|           1|           1|
    |ap_condition_4101                     |       and|   0|  0|   2|           1|           1|
    |ap_condition_4108                     |       and|   0|  0|   2|           1|           1|
    |ap_condition_4115                     |       and|   0|  0|   2|           1|           1|
    |ap_condition_4122                     |       and|   0|  0|   2|           1|           1|
    |ap_condition_4129                     |       and|   0|  0|   2|           1|           1|
    |ap_condition_4136                     |       and|   0|  0|   2|           1|           1|
    |ap_condition_4143                     |       and|   0|  0|   2|           1|           1|
    |ap_condition_4150                     |       and|   0|  0|   2|           1|           1|
    |ap_condition_4157                     |       and|   0|  0|   2|           1|           1|
    |ap_condition_4160                     |       and|   0|  0|   2|           1|           1|
    |ap_condition_4163                     |       and|   0|  0|   2|           1|           1|
    |ap_condition_4166                     |       and|   0|  0|   2|           1|           1|
    |ap_condition_4169                     |       and|   0|  0|   2|           1|           1|
    |ap_condition_4172                     |       and|   0|  0|   2|           1|           1|
    |ap_condition_4175                     |       and|   0|  0|   2|           1|           1|
    |ap_condition_4178                     |       and|   0|  0|   2|           1|           1|
    |ap_condition_4181                     |       and|   0|  0|   2|           1|           1|
    |ap_condition_4184                     |       and|   0|  0|   2|           1|           1|
    |ap_condition_4187                     |       and|   0|  0|   2|           1|           1|
    |ap_condition_4190                     |       and|   0|  0|   2|           1|           1|
    |ap_condition_4193                     |       and|   0|  0|   2|           1|           1|
    |ap_condition_4203                     |       and|   0|  0|   2|           1|           1|
    |ap_condition_4213                     |       and|   0|  0|   2|           1|           1|
    |ap_condition_4220                     |       and|   0|  0|   2|           1|           1|
    |ap_condition_4227                     |       and|   0|  0|   2|           1|           1|
    |ap_condition_4234                     |       and|   0|  0|   2|           1|           1|
    |ap_condition_4241                     |       and|   0|  0|   2|           1|           1|
    |ap_condition_4248                     |       and|   0|  0|   2|           1|           1|
    |ap_condition_4255                     |       and|   0|  0|   2|           1|           1|
    |ap_condition_4262                     |       and|   0|  0|   2|           1|           1|
    |ap_condition_4269                     |       and|   0|  0|   2|           1|           1|
    |ap_condition_4276                     |       and|   0|  0|   2|           1|           1|
    |ap_condition_4283                     |       and|   0|  0|   2|           1|           1|
    |ap_condition_4290                     |       and|   0|  0|   2|           1|           1|
    |ap_condition_4297                     |       and|   0|  0|   2|           1|           1|
    |ap_condition_4304                     |       and|   0|  0|   2|           1|           1|
    |ap_condition_4311                     |       and|   0|  0|   2|           1|           1|
    |ap_condition_4318                     |       and|   0|  0|   2|           1|           1|
    |ap_condition_4325                     |       and|   0|  0|   2|           1|           1|
    |ap_condition_4328                     |       and|   0|  0|   2|           1|           1|
    |ap_condition_4331                     |       and|   0|  0|   2|           1|           1|
    |ap_condition_4334                     |       and|   0|  0|   2|           1|           1|
    |ap_condition_4337                     |       and|   0|  0|   2|           1|           1|
    |ap_condition_4340                     |       and|   0|  0|   2|           1|           1|
    |ap_condition_4343                     |       and|   0|  0|   2|           1|           1|
    |ap_condition_4346                     |       and|   0|  0|   2|           1|           1|
    |ap_condition_4349                     |       and|   0|  0|   2|           1|           1|
    |ap_condition_4352                     |       and|   0|  0|   2|           1|           1|
    |ap_condition_4355                     |       and|   0|  0|   2|           1|           1|
    |ap_condition_4358                     |       and|   0|  0|   2|           1|           1|
    |ap_condition_4361                     |       and|   0|  0|   2|           1|           1|
    |ap_condition_4372                     |       and|   0|  0|   2|           1|           1|
    |ap_condition_4383                     |       and|   0|  0|   2|           1|           1|
    |ap_condition_4390                     |       and|   0|  0|   2|           1|           1|
    |ap_condition_4397                     |       and|   0|  0|   2|           1|           1|
    |ap_condition_4404                     |       and|   0|  0|   2|           1|           1|
    |ap_condition_4411                     |       and|   0|  0|   2|           1|           1|
    |ap_condition_4418                     |       and|   0|  0|   2|           1|           1|
    |ap_condition_4425                     |       and|   0|  0|   2|           1|           1|
    |ap_condition_4432                     |       and|   0|  0|   2|           1|           1|
    |ap_condition_4439                     |       and|   0|  0|   2|           1|           1|
    |ap_condition_4446                     |       and|   0|  0|   2|           1|           1|
    |ap_condition_4453                     |       and|   0|  0|   2|           1|           1|
    |ap_condition_4460                     |       and|   0|  0|   2|           1|           1|
    |ap_condition_4467                     |       and|   0|  0|   2|           1|           1|
    |ap_condition_4474                     |       and|   0|  0|   2|           1|           1|
    |ap_condition_4481                     |       and|   0|  0|   2|           1|           1|
    |ap_condition_4488                     |       and|   0|  0|   2|           1|           1|
    |ap_condition_4495                     |       and|   0|  0|   2|           1|           1|
    |ap_condition_4498                     |       and|   0|  0|   2|           1|           1|
    |ap_condition_4501                     |       and|   0|  0|   2|           1|           1|
    |ap_condition_4504                     |       and|   0|  0|   2|           1|           1|
    |ap_condition_4507                     |       and|   0|  0|   2|           1|           1|
    |ap_condition_4510                     |       and|   0|  0|   2|           1|           1|
    |ap_condition_4513                     |       and|   0|  0|   2|           1|           1|
    |ap_condition_4516                     |       and|   0|  0|   2|           1|           1|
    |ap_condition_4519                     |       and|   0|  0|   2|           1|           1|
    |ap_condition_4522                     |       and|   0|  0|   2|           1|           1|
    |ap_condition_4525                     |       and|   0|  0|   2|           1|           1|
    |ap_condition_4528                     |       and|   0|  0|   2|           1|           1|
    |ap_condition_4531                     |       and|   0|  0|   2|           1|           1|
    |ap_condition_4543                     |       and|   0|  0|   2|           1|           1|
    |ap_condition_4555                     |       and|   0|  0|   2|           1|           1|
    |ap_condition_4562                     |       and|   0|  0|   2|           1|           1|
    |ap_condition_4569                     |       and|   0|  0|   2|           1|           1|
    |ap_condition_4576                     |       and|   0|  0|   2|           1|           1|
    |ap_condition_4583                     |       and|   0|  0|   2|           1|           1|
    |ap_condition_4590                     |       and|   0|  0|   2|           1|           1|
    |ap_condition_4597                     |       and|   0|  0|   2|           1|           1|
    |ap_condition_4604                     |       and|   0|  0|   2|           1|           1|
    |ap_condition_4611                     |       and|   0|  0|   2|           1|           1|
    |ap_condition_4618                     |       and|   0|  0|   2|           1|           1|
    |ap_condition_4625                     |       and|   0|  0|   2|           1|           1|
    |ap_condition_4632                     |       and|   0|  0|   2|           1|           1|
    |ap_condition_4639                     |       and|   0|  0|   2|           1|           1|
    |ap_condition_4646                     |       and|   0|  0|   2|           1|           1|
    |ap_condition_4653                     |       and|   0|  0|   2|           1|           1|
    |ap_condition_4660                     |       and|   0|  0|   2|           1|           1|
    |ap_condition_4667                     |       and|   0|  0|   2|           1|           1|
    |ap_condition_4670                     |       and|   0|  0|   2|           1|           1|
    |ap_condition_4673                     |       and|   0|  0|   2|           1|           1|
    |ap_condition_4676                     |       and|   0|  0|   2|           1|           1|
    |ap_condition_4679                     |       and|   0|  0|   2|           1|           1|
    |ap_condition_4682                     |       and|   0|  0|   2|           1|           1|
    |ap_condition_4685                     |       and|   0|  0|   2|           1|           1|
    |ap_condition_4688                     |       and|   0|  0|   2|           1|           1|
    |ap_condition_4691                     |       and|   0|  0|   2|           1|           1|
    |ap_condition_4694                     |       and|   0|  0|   2|           1|           1|
    |ap_condition_4697                     |       and|   0|  0|   2|           1|           1|
    |ap_condition_4700                     |       and|   0|  0|   2|           1|           1|
    |ap_condition_4703                     |       and|   0|  0|   2|           1|           1|
    |ap_condition_4716                     |       and|   0|  0|   2|           1|           1|
    |ap_condition_4729                     |       and|   0|  0|   2|           1|           1|
    |ap_condition_4736                     |       and|   0|  0|   2|           1|           1|
    |ap_condition_4743                     |       and|   0|  0|   2|           1|           1|
    |ap_condition_4750                     |       and|   0|  0|   2|           1|           1|
    |ap_condition_4757                     |       and|   0|  0|   2|           1|           1|
    |ap_condition_4764                     |       and|   0|  0|   2|           1|           1|
    |ap_condition_4771                     |       and|   0|  0|   2|           1|           1|
    |ap_condition_4778                     |       and|   0|  0|   2|           1|           1|
    |ap_condition_4785                     |       and|   0|  0|   2|           1|           1|
    |ap_condition_4792                     |       and|   0|  0|   2|           1|           1|
    |ap_condition_4799                     |       and|   0|  0|   2|           1|           1|
    |ap_condition_4806                     |       and|   0|  0|   2|           1|           1|
    |ap_condition_4813                     |       and|   0|  0|   2|           1|           1|
    |ap_condition_4820                     |       and|   0|  0|   2|           1|           1|
    |ap_condition_4827                     |       and|   0|  0|   2|           1|           1|
    |ap_condition_4834                     |       and|   0|  0|   2|           1|           1|
    |ap_condition_4841                     |       and|   0|  0|   2|           1|           1|
    |ap_condition_4844                     |       and|   0|  0|   2|           1|           1|
    |ap_condition_4847                     |       and|   0|  0|   2|           1|           1|
    |ap_condition_4850                     |       and|   0|  0|   2|           1|           1|
    |ap_condition_4853                     |       and|   0|  0|   2|           1|           1|
    |ap_condition_4856                     |       and|   0|  0|   2|           1|           1|
    |ap_condition_4859                     |       and|   0|  0|   2|           1|           1|
    |ap_condition_4862                     |       and|   0|  0|   2|           1|           1|
    |ap_condition_4865                     |       and|   0|  0|   2|           1|           1|
    |ap_condition_4868                     |       and|   0|  0|   2|           1|           1|
    |ap_condition_4871                     |       and|   0|  0|   2|           1|           1|
    |ap_condition_4874                     |       and|   0|  0|   2|           1|           1|
    |ap_condition_4877                     |       and|   0|  0|   2|           1|           1|
    |cmp62_3_i_fu_5211_p2                  |      icmp|   0|  0|  13|           5|           6|
    |cmp62_3_i_mid1_fu_5290_p2             |      icmp|   0|  0|  13|           5|           6|
    |cmp62_4_i_fu_5222_p2                  |      icmp|   0|  0|  13|           5|           6|
    |cmp62_4_i_mid1_fu_5347_p2             |      icmp|   0|  0|  13|           5|           6|
    |icmp_ln417_fu_4291_p2                 |      icmp|   0|  0|  21|          14|          14|
    |icmp_ln419_fu_4315_p2                 |      icmp|   0|  0|  17|          10|           9|
    |icmp_ln421_fu_4407_p2                 |      icmp|   0|  0|  12|           5|           5|
    |icmp_ln441_1_fu_4843_p2               |      icmp|   0|  0|  13|           5|           6|
    |icmp_ln441_fu_4810_p2                 |      icmp|   0|  0|  13|           5|           6|
    |empty_236_fu_5128_p2                  |        or|   0|  0|   5|           5|           3|
    |empty_248_fu_5145_p2                  |        or|   0|  0|   5|           5|           3|
    |or_ln417_1_fu_4387_p2                 |        or|   0|  0|   2|           1|           1|
    |or_ln417_2_fu_5252_p2                 |        or|   0|  0|   2|           1|           1|
    |or_ln417_3_fu_5272_p2                 |        or|   0|  0|   2|           1|           1|
    |or_ln417_fu_4373_p2                   |        or|   0|  0|   2|           1|           1|
    |or_ln419_fu_4425_p2                   |        or|   0|  0|   2|           1|           1|
    |grp_fu_3909_p3                        |    select|   0|  0|  32|           1|          32|
    |grp_fu_3937_p3                        |    select|   0|  0|  32|           1|          32|
    |grp_fu_3965_p3                        |    select|   0|  0|  32|           1|          32|
    |grp_fu_4158_p3                        |    select|   0|  0|  32|           1|          32|
    |pad_h_2_mid1_fu_4551_p3               |    select|   0|  0|   4|           1|           1|
    |pad_h_4_mid1_fu_5296_p3               |    select|   0|  0|   6|           1|           6|
    |pad_h_5_mid1_fu_5353_p3               |    select|   0|  0|   6|           1|           6|
    |pad_h_mid1_fu_4489_p3                 |    select|   0|  0|   4|           1|           1|
    |pad_w_10_fu_4849_p3                   |    select|   0|  0|   6|           1|           6|
    |pad_w_7_fu_4664_p3                    |    select|   0|  0|   4|           1|           1|
    |pad_w_9_fu_4816_p3                    |    select|   0|  0|   6|           1|           6|
    |pad_w_fu_4621_p3                      |    select|   0|  0|   4|           1|           1|
    |select_ln417_1_fu_4329_p3             |    select|   0|  0|   6|           1|           6|
    |select_ln417_27_fu_4379_p3            |    select|   0|  0|   4|           1|           1|
    |select_ln417_28_fu_4393_p3            |    select|   0|  0|   4|           1|           1|
    |select_ln417_29_fu_5245_p3            |    select|   0|  0|   6|           1|           1|
    |select_ln417_30_fu_5257_p3            |    select|   0|  0|   5|           1|           5|
    |select_ln417_31_fu_5277_p3            |    select|   0|  0|   5|           1|           5|
    |select_ln417_32_fu_5265_p3            |    select|   0|  0|   6|           1|           2|
    |select_ln417_fu_4321_p3               |    select|   0|  0|   5|           1|           1|
    |select_ln419_1_fu_4439_p3             |    select|   0|  0|   5|           1|           5|
    |select_ln419_2_fu_4497_p3             |    select|   0|  0|   4|           1|           4|
    |select_ln419_3_fu_4559_p3             |    select|   0|  0|   4|           1|           4|
    |select_ln419_4_fu_5304_p3             |    select|   0|  0|   5|           1|           5|
    |select_ln419_5_fu_5361_p3             |    select|   0|  0|   5|           1|           5|
    |select_ln419_6_fu_4693_p3             |    select|   0|  0|  10|           1|           1|
    |select_ln419_fu_4431_p3               |    select|   0|  0|   5|           1|           1|
    |ap_enable_pp0                         |       xor|   0|  0|   2|           1|           2|
    |xor_ln417_fu_4401_p2                  |       xor|   0|  0|   2|           1|           2|
    +--------------------------------------+----------+----+---+----+------------+------------+
    |Total                                 |          |   0|  0|2104|        1046|        1104|
    +--------------------------------------+----------+----+---+----+------------+------------+

    * Multiplexer: 
    +------------------------------------+----+-----------+-----+-----------+
    |                Name                | LUT| Input Size| Bits| Total Bits|
    +------------------------------------+----+-----------+-----+-----------+
    |ap_NS_fsm                           |  54|         10|    1|         10|
    |ap_done_int                         |   9|          2|    1|          2|
    |ap_enable_reg_pp0_iter0             |   9|          2|    1|          2|
    |ap_enable_reg_pp0_iter1             |   9|          2|    1|          2|
    |conv3_weights_local_0_0_0_address0  |  97|         19|    6|        114|
    |conv3_weights_local_0_0_1_address0  |  65|         13|    6|         78|
    |conv3_weights_local_0_1_0_address0  |  65|         13|    6|         78|
    |conv3_weights_local_0_1_1_address0  |  49|          9|    6|         54|
    |conv3_weights_local_1_0_0_address0  |  97|         19|    6|        114|
    |conv3_weights_local_1_0_1_address0  |  65|         13|    6|         78|
    |conv3_weights_local_1_1_0_address0  |  65|         13|    6|         78|
    |conv3_weights_local_1_1_1_address0  |  49|          9|    6|         54|
    |conv3_weights_local_2_0_0_address0  |  97|         19|    6|        114|
    |conv3_weights_local_2_0_1_address0  |  65|         13|    6|         78|
    |conv3_weights_local_2_1_0_address0  |  65|         13|    6|         78|
    |conv3_weights_local_2_1_1_address0  |  49|          9|    6|         54|
    |conv3_weights_local_3_0_0_address0  |  97|         19|    6|        114|
    |conv3_weights_local_3_0_1_address0  |  65|         13|    6|         78|
    |conv3_weights_local_3_1_0_address0  |  65|         13|    6|         78|
    |conv3_weights_local_3_1_1_address0  |  49|          9|    6|         54|
    |conv3_weights_local_4_0_0_address0  |  97|         19|    6|        114|
    |conv3_weights_local_4_0_1_address0  |  65|         13|    6|         78|
    |conv3_weights_local_4_1_0_address0  |  65|         13|    6|         78|
    |conv3_weights_local_4_1_1_address0  |  49|          9|    6|         54|
    |conv3_weights_local_5_0_0_address0  |  97|         19|    6|        114|
    |conv3_weights_local_5_0_1_address0  |  65|         13|    6|         78|
    |conv3_weights_local_5_1_0_address0  |  65|         13|    6|         78|
    |conv3_weights_local_5_1_1_address0  |  49|          9|    6|         54|
    |conv3_weights_local_6_0_0_address0  |  97|         19|    6|        114|
    |conv3_weights_local_6_0_1_address0  |  65|         13|    6|         78|
    |conv3_weights_local_6_1_0_address0  |  65|         13|    6|         78|
    |conv3_weights_local_6_1_1_address0  |  49|          9|    6|         54|
    |conv3_weights_local_7_0_0_address0  |  97|         19|    6|        114|
    |conv3_weights_local_7_0_1_address0  |  65|         13|    6|         78|
    |conv3_weights_local_7_1_0_address0  |  65|         13|    6|         78|
    |conv3_weights_local_7_1_1_address0  |  49|          9|    6|         54|
    |grp_fu_3780_p0                      |  31|          6|   32|        192|
    |grp_fu_3780_p1                      |  54|         10|   32|        320|
    |grp_fu_3784_p0                      |  31|          6|   32|        192|
    |grp_fu_3784_p1                      |  54|         10|   32|        320|
    |grp_fu_3788_p0                      |  26|          5|   32|        160|
    |grp_fu_3788_p1                      |  43|          8|   32|        256|
    |grp_fu_3792_p0                      |  37|          7|   32|        224|
    |grp_fu_3792_p1                      |  37|          7|   32|        224|
    |grp_fu_3796_p0                      |  37|          7|   32|        224|
    |grp_fu_3796_p1                      |  26|          5|   32|        160|
    |grp_fu_3800_p0                      |  43|          8|   32|        256|
    |grp_fu_3800_p1                      |  31|          6|   32|        192|
    |grp_fu_3825_p9                      |  14|          3|    3|          9|
    |grp_fu_3888_p9                      |  14|          3|    3|          9|
    |grp_fu_3909_p0                      |  14|          3|    1|          3|
    |in_feat_fu_186                      |   9|          2|    6|         12|
    |indvar_flatten288_fu_190            |   9|          2|   14|         28|
    |indvar_flatten35_fu_182             |   9|          2|   10|         20|
    |input_tile_address0                 |  54|         10|   14|        140|
    |input_tile_address1                 |  49|          9|   14|        126|
    |input_tile_address2                 |  49|          9|   14|        126|
    |layer3_output_tile_0_address0       |  14|          3|    9|         27|
    |pad_h_fu_178                        |   9|          2|    5|         10|
    |pad_w_3_fu_174                      |   9|          2|    5|         10|
    |reg_4007                            |   9|          2|   32|         64|
    |reg_4031                            |   9|          2|   32|         64|
    |reg_4037                            |   9|          2|   32|         64|
    |reg_4066                            |   9|          2|   32|         64|
    +------------------------------------+----+-----------+-----+-----------+
    |Total                               |3028|        591|  806|       6104|
    +------------------------------------+----+-----------+-----+-----------+

    * Register: 
    +--------------------------------------+----+----+-----+-----------+
    |                 Name                 | FF | LUT| Bits| Const Bits|
    +--------------------------------------+----+----+-----+-----------+
    |add92_1_3_i_reg_8334                  |  32|   0|   32|          0|
    |add92_3_2_i_reg_8339                  |  32|   0|   32|          0|
    |add_ln447_10_reg_7531                 |  14|   0|   14|          0|
    |add_ln447_15_reg_7879                 |  14|   0|   14|          0|
    |add_ln447_25_reg_7889                 |  14|   0|   14|          0|
    |add_ln447_2_reg_6838                  |  14|   0|   14|          0|
    |add_ln447_30_reg_7904                 |  14|   0|   14|          0|
    |add_ln447_35_reg_7919                 |  14|   0|   14|          0|
    |add_ln447_4_reg_5790                  |  14|   0|   14|          0|
    |add_ln447_6_reg_6131                  |  14|   0|   14|          0|
    |add_ln447_8_reg_7525                  |  14|   0|   14|          0|
    |add_ln447_reg_5751                    |  11|   0|   11|          0|
    |and_ln417_reg_5773                    |   1|   0|    1|          0|
    |ap_CS_fsm                             |   9|   0|    9|          0|
    |ap_done_reg                           |   1|   0|    1|          0|
    |ap_enable_reg_pp0_iter0_reg           |   1|   0|    1|          0|
    |ap_enable_reg_pp0_iter1               |   1|   0|    1|          0|
    |ap_enable_reg_pp0_iter10              |   1|   0|    1|          0|
    |ap_enable_reg_pp0_iter11              |   1|   0|    1|          0|
    |ap_enable_reg_pp0_iter2               |   1|   0|    1|          0|
    |ap_enable_reg_pp0_iter3               |   1|   0|    1|          0|
    |ap_enable_reg_pp0_iter4               |   1|   0|    1|          0|
    |ap_enable_reg_pp0_iter5               |   1|   0|    1|          0|
    |ap_enable_reg_pp0_iter6               |   1|   0|    1|          0|
    |ap_enable_reg_pp0_iter7               |   1|   0|    1|          0|
    |ap_enable_reg_pp0_iter8               |   1|   0|    1|          0|
    |ap_enable_reg_pp0_iter9               |   1|   0|    1|          0|
    |ap_loop_exit_ready_pp0_iter10_reg     |   1|   0|    1|          0|
    |ap_loop_exit_ready_pp0_iter1_reg      |   1|   0|    1|          0|
    |ap_loop_exit_ready_pp0_iter2_reg      |   1|   0|    1|          0|
    |ap_loop_exit_ready_pp0_iter3_reg      |   1|   0|    1|          0|
    |ap_loop_exit_ready_pp0_iter4_reg      |   1|   0|    1|          0|
    |ap_loop_exit_ready_pp0_iter5_reg      |   1|   0|    1|          0|
    |ap_loop_exit_ready_pp0_iter6_reg      |   1|   0|    1|          0|
    |ap_loop_exit_ready_pp0_iter7_reg      |   1|   0|    1|          0|
    |ap_loop_exit_ready_pp0_iter8_reg      |   1|   0|    1|          0|
    |ap_loop_exit_ready_pp0_iter9_reg      |   1|   0|    1|          0|
    |icmp_ln417_reg_5729                   |   1|   0|    1|          0|
    |icmp_ln419_reg_5733                   |   1|   0|    1|          0|
    |icmp_ln419_reg_5733_pp0_iter1_reg     |   1|   0|    1|          0|
    |in_feat_fu_186                        |   6|   0|    6|          0|
    |indvar_flatten288_fu_190              |  14|   0|   14|          0|
    |indvar_flatten35_fu_182               |  10|   0|   10|          0|
    |input_tile_load_24_reg_8279           |  32|   0|   32|          0|
    |layer3_output_tile_0_addr_reg_5809    |   9|   0|    9|          0|
    |layer3_output_tile_0_load_reg_6144    |  32|   0|   32|          0|
    |lshr_ln417_mid1_reg_5767              |   2|   0|    2|          0|
    |mul_1_1_i_reg_7924                    |  32|   0|   32|          0|
    |mul_1_2_i_reg_8074                    |  32|   0|   32|          0|
    |mul_1_3_i_reg_8079                    |  32|   0|   32|          0|
    |mul_1_4_i_reg_8169                    |  32|   0|   32|          0|
    |mul_1_i_reg_7565                      |  32|   0|   32|          0|
    |mul_2_1_i_reg_8179                    |  32|   0|   32|          0|
    |mul_2_2_i_reg_8264                    |  32|   0|   32|          0|
    |mul_2_3_i_reg_8269                    |  32|   0|   32|          0|
    |mul_2_4_i_reg_8284                    |  32|   0|   32|          0|
    |mul_2_i_reg_8174                      |  32|   0|   32|          0|
    |mul_3_1_i_reg_8289                    |  32|   0|   32|          0|
    |mul_3_2_i_reg_8294                    |  32|   0|   32|          0|
    |mul_3_3_i_reg_8299                    |  32|   0|   32|          0|
    |mul_3_4_i_reg_8304                    |  32|   0|   32|          0|
    |mul_3_i_reg_8274                      |  32|   0|   32|          0|
    |mul_4_1_i_reg_8314                    |  32|   0|   32|          0|
    |mul_4_2_i_reg_8319                    |  32|   0|   32|          0|
    |mul_4_3_i_reg_8324                    |  32|   0|   32|          0|
    |mul_4_4_i_reg_8329                    |  32|   0|   32|          0|
    |mul_4_i_reg_8309                      |  32|   0|   32|          0|
    |mul_5_i_reg_7894                      |  32|   0|   32|          0|
    |mul_6_i_reg_7909                      |  32|   0|   32|          0|
    |mul_6_i_reg_7909_pp0_iter1_reg        |  32|   0|   32|          0|
    |mul_7_i_reg_8069                      |  32|   0|   32|          0|
    |mul_7_i_reg_8069_pp0_iter1_reg        |  32|   0|   32|          0|
    |mul_i_257_reg_7560                    |  32|   0|   32|          0|
    |mul_i_reg_7550                        |  32|   0|   32|          0|
    |p_cast10_reg_6865                     |   4|   0|   64|         60|
    |p_cast12_reg_7226                     |   6|   0|   64|         58|
    |p_cast13_reg_7575                     |   6|   0|   64|         58|
    |p_cast16_reg_6355                     |   6|   0|   64|         58|
    |p_cast18_reg_6655                     |   6|   0|   64|         58|
    |p_cast19_reg_7053                     |   4|   0|   64|         60|
    |p_cast21_reg_7358                     |   6|   0|   64|         58|
    |p_cast22_reg_7747                     |   6|   0|   64|         58|
    |p_cast2_reg_6175                      |   4|   0|    6|          2|
    |p_cast3_reg_6345                      |   4|   0|    6|          2|
    |p_cast6_reg_5661                      |   4|   0|   64|         60|
    |p_cast9_reg_6507                      |   6|   0|   64|         58|
    |pad_h_fu_178                          |   5|   0|    5|          0|
    |pad_w_3_fu_174                        |   5|   0|    5|          0|
    |reg_3993                              |  32|   0|   32|          0|
    |reg_3997                              |  32|   0|   32|          0|
    |reg_4002                              |  32|   0|   32|          0|
    |reg_4007                              |  32|   0|   32|          0|
    |reg_4014                              |  32|   0|   32|          0|
    |reg_4021                              |  32|   0|   32|          0|
    |reg_4026                              |  32|   0|   32|          0|
    |reg_4031                              |  32|   0|   32|          0|
    |reg_4037                              |  32|   0|   32|          0|
    |reg_4043                              |  32|   0|   32|          0|
    |reg_4049                              |  32|   0|   32|          0|
    |reg_4055                              |  32|   0|   32|          0|
    |reg_4061                              |  32|   0|   32|          0|
    |reg_4066                              |  32|   0|   32|          0|
    |reg_4072                              |  32|   0|   32|          0|
    |reg_4077                              |  32|   0|   32|          0|
    |reg_4082                              |  32|   0|   32|          0|
    |reg_4087                              |  32|   0|   32|          0|
    |reg_4092                              |  32|   0|   32|          0|
    |reg_4097                              |  32|   0|   32|          0|
    |reg_4102                              |  32|   0|   32|          0|
    |reg_4107                              |  32|   0|   32|          0|
    |reg_4112                              |  32|   0|   32|          0|
    |reg_4117                              |  32|   0|   32|          0|
    |reg_4122                              |  32|   0|   32|          0|
    |reg_4127                              |  32|   0|   32|          0|
    |reg_4132                              |  32|   0|   32|          0|
    |reg_4137                              |  32|   0|   32|          0|
    |reg_4142                              |  32|   0|   32|          0|
    |reg_4147                              |  32|   0|   32|          0|
    |reg_4152                              |  32|   0|   32|          0|
    |reg_4165                              |  32|   0|   32|          0|
    |reg_4171                              |  32|   0|   32|          0|
    |select_ln417_11_reg_7196              |  32|   0|   32|          0|
    |select_ln417_13_reg_7201              |  32|   0|   32|          0|
    |select_ln417_19_reg_7874              |  32|   0|   32|          0|
    |select_ln417_25_reg_8049              |  32|   0|   32|          0|
    |select_ln417_reg_5745                 |   5|   0|    5|          0|
    |select_ln419_1_reg_5785               |   5|   0|    5|          0|
    |select_ln419_3_reg_5796               |   4|   0|    4|          0|
    |select_ln419_cast5_reg_5801           |   5|   0|   14|          9|
    |select_ln419_reg_5779                 |   5|   0|    5|          0|
    |th_reg_5641                           |   5|   0|    5|          0|
    |tmp_3_reg_5965                        |   4|   0|    5|          1|
    |tmp_reg_5655                          |   4|   0|    5|          1|
    |trunc_ln417_1_reg_5759                |   3|   0|    3|          0|
    |trunc_ln417_1_reg_5759_pp0_iter1_reg  |   3|   0|    3|          0|
    |trunc_ln417_reg_5647                  |   3|   0|    3|          0|
    |trunc_ln417_reg_5647_pp0_iter1_reg    |   3|   0|    3|          0|
    |zext_ln447_16_reg_5819                |   4|   0|   14|         10|
    |zext_ln447_22_reg_5832                |   4|   0|   14|         10|
    |zext_ln447_28_reg_6149                |   5|   0|   14|          9|
    |zext_ln447_34_reg_6162                |   5|   0|   14|          9|
    |icmp_ln417_reg_5729                   |  64|  32|    1|          0|
    |layer3_output_tile_0_addr_reg_5809    |  64|  32|    9|          0|
    |mul_1_1_i_reg_7924                    |  64|  32|   32|          0|
    |mul_1_2_i_reg_8074                    |  64|  32|   32|          0|
    |mul_1_3_i_reg_8079                    |  64|  32|   32|          0|
    |mul_1_4_i_reg_8169                    |  64|  32|   32|          0|
    |mul_1_i_reg_7565                      |  64|  32|   32|          0|
    |mul_2_1_i_reg_8179                    |  64|  32|   32|          0|
    |mul_2_2_i_reg_8264                    |  64|  32|   32|          0|
    |mul_2_3_i_reg_8269                    |  64|  32|   32|          0|
    |mul_2_4_i_reg_8284                    |  64|  32|   32|          0|
    |mul_2_i_reg_8174                      |  64|  32|   32|          0|
    |mul_3_1_i_reg_8289                    |  64|  32|   32|          0|
    |mul_3_2_i_reg_8294                    |  64|  32|   32|          0|
    |mul_3_3_i_reg_8299                    |  64|  32|   32|          0|
    |mul_3_4_i_reg_8304                    |  64|  32|   32|          0|
    |mul_3_i_reg_8274                      |  64|  32|   32|          0|
    |mul_4_1_i_reg_8314                    |  64|  32|   32|          0|
    |mul_4_2_i_reg_8319                    |  64|  32|   32|          0|
    |mul_4_3_i_reg_8324                    |  64|  32|   32|          0|
    |mul_4_4_i_reg_8329                    |  64|  32|   32|          0|
    |mul_4_i_reg_8309                      |  64|  32|   32|          0|
    +--------------------------------------+----+----+-----+-----------+
    |Total                                 |3937| 704| 3818|        639|
    +--------------------------------------+----+----+-----+-----------+



================================================================
== Interface
================================================================
* Summary: 
+------------------------------------+-----+-----+------------+---------------------------------------------------------------------------------+--------------+
|              RTL Ports             | Dir | Bits|  Protocol  |                                  Source Object                                  |    C Type    |
+------------------------------------+-----+-----+------------+---------------------------------------------------------------------------------+--------------+
|ap_clk                              |   in|    1|  ap_ctrl_hs|  conv37_Pipeline_in_feat_loop_conv3_tile_height_loop_conv3_tile_width_loop_conv3|  return value|
|ap_rst                              |   in|    1|  ap_ctrl_hs|  conv37_Pipeline_in_feat_loop_conv3_tile_height_loop_conv3_tile_width_loop_conv3|  return value|
|ap_start                            |   in|    1|  ap_ctrl_hs|  conv37_Pipeline_in_feat_loop_conv3_tile_height_loop_conv3_tile_width_loop_conv3|  return value|
|ap_done                             |  out|    1|  ap_ctrl_hs|  conv37_Pipeline_in_feat_loop_conv3_tile_height_loop_conv3_tile_width_loop_conv3|  return value|
|ap_idle                             |  out|    1|  ap_ctrl_hs|  conv37_Pipeline_in_feat_loop_conv3_tile_height_loop_conv3_tile_width_loop_conv3|  return value|
|ap_ready                            |  out|    1|  ap_ctrl_hs|  conv37_Pipeline_in_feat_loop_conv3_tile_height_loop_conv3_tile_width_loop_conv3|  return value|
|conv3_weights_local_0_0_0_address0  |  out|    6|   ap_memory|                                                        conv3_weights_local_0_0_0|         array|
|conv3_weights_local_0_0_0_ce0       |  out|    1|   ap_memory|                                                        conv3_weights_local_0_0_0|         array|
|conv3_weights_local_0_0_0_q0        |   in|   32|   ap_memory|                                                        conv3_weights_local_0_0_0|         array|
|conv3_weights_local_0_0_1_address0  |  out|    6|   ap_memory|                                                        conv3_weights_local_0_0_1|         array|
|conv3_weights_local_0_0_1_ce0       |  out|    1|   ap_memory|                                                        conv3_weights_local_0_0_1|         array|
|conv3_weights_local_0_0_1_q0        |   in|   32|   ap_memory|                                                        conv3_weights_local_0_0_1|         array|
|conv3_weights_local_0_1_0_address0  |  out|    6|   ap_memory|                                                        conv3_weights_local_0_1_0|         array|
|conv3_weights_local_0_1_0_ce0       |  out|    1|   ap_memory|                                                        conv3_weights_local_0_1_0|         array|
|conv3_weights_local_0_1_0_q0        |   in|   32|   ap_memory|                                                        conv3_weights_local_0_1_0|         array|
|conv3_weights_local_0_1_1_address0  |  out|    6|   ap_memory|                                                        conv3_weights_local_0_1_1|         array|
|conv3_weights_local_0_1_1_ce0       |  out|    1|   ap_memory|                                                        conv3_weights_local_0_1_1|         array|
|conv3_weights_local_0_1_1_q0        |   in|   32|   ap_memory|                                                        conv3_weights_local_0_1_1|         array|
|conv3_weights_local_1_0_0_address0  |  out|    6|   ap_memory|                                                        conv3_weights_local_1_0_0|         array|
|conv3_weights_local_1_0_0_ce0       |  out|    1|   ap_memory|                                                        conv3_weights_local_1_0_0|         array|
|conv3_weights_local_1_0_0_q0        |   in|   32|   ap_memory|                                                        conv3_weights_local_1_0_0|         array|
|conv3_weights_local_1_0_1_address0  |  out|    6|   ap_memory|                                                        conv3_weights_local_1_0_1|         array|
|conv3_weights_local_1_0_1_ce0       |  out|    1|   ap_memory|                                                        conv3_weights_local_1_0_1|         array|
|conv3_weights_local_1_0_1_q0        |   in|   32|   ap_memory|                                                        conv3_weights_local_1_0_1|         array|
|conv3_weights_local_1_1_0_address0  |  out|    6|   ap_memory|                                                        conv3_weights_local_1_1_0|         array|
|conv3_weights_local_1_1_0_ce0       |  out|    1|   ap_memory|                                                        conv3_weights_local_1_1_0|         array|
|conv3_weights_local_1_1_0_q0        |   in|   32|   ap_memory|                                                        conv3_weights_local_1_1_0|         array|
|conv3_weights_local_1_1_1_address0  |  out|    6|   ap_memory|                                                        conv3_weights_local_1_1_1|         array|
|conv3_weights_local_1_1_1_ce0       |  out|    1|   ap_memory|                                                        conv3_weights_local_1_1_1|         array|
|conv3_weights_local_1_1_1_q0        |   in|   32|   ap_memory|                                                        conv3_weights_local_1_1_1|         array|
|conv3_weights_local_2_0_0_address0  |  out|    6|   ap_memory|                                                        conv3_weights_local_2_0_0|         array|
|conv3_weights_local_2_0_0_ce0       |  out|    1|   ap_memory|                                                        conv3_weights_local_2_0_0|         array|
|conv3_weights_local_2_0_0_q0        |   in|   32|   ap_memory|                                                        conv3_weights_local_2_0_0|         array|
|conv3_weights_local_2_0_1_address0  |  out|    6|   ap_memory|                                                        conv3_weights_local_2_0_1|         array|
|conv3_weights_local_2_0_1_ce0       |  out|    1|   ap_memory|                                                        conv3_weights_local_2_0_1|         array|
|conv3_weights_local_2_0_1_q0        |   in|   32|   ap_memory|                                                        conv3_weights_local_2_0_1|         array|
|conv3_weights_local_2_1_0_address0  |  out|    6|   ap_memory|                                                        conv3_weights_local_2_1_0|         array|
|conv3_weights_local_2_1_0_ce0       |  out|    1|   ap_memory|                                                        conv3_weights_local_2_1_0|         array|
|conv3_weights_local_2_1_0_q0        |   in|   32|   ap_memory|                                                        conv3_weights_local_2_1_0|         array|
|conv3_weights_local_2_1_1_address0  |  out|    6|   ap_memory|                                                        conv3_weights_local_2_1_1|         array|
|conv3_weights_local_2_1_1_ce0       |  out|    1|   ap_memory|                                                        conv3_weights_local_2_1_1|         array|
|conv3_weights_local_2_1_1_q0        |   in|   32|   ap_memory|                                                        conv3_weights_local_2_1_1|         array|
|conv3_weights_local_3_0_0_address0  |  out|    6|   ap_memory|                                                        conv3_weights_local_3_0_0|         array|
|conv3_weights_local_3_0_0_ce0       |  out|    1|   ap_memory|                                                        conv3_weights_local_3_0_0|         array|
|conv3_weights_local_3_0_0_q0        |   in|   32|   ap_memory|                                                        conv3_weights_local_3_0_0|         array|
|conv3_weights_local_3_0_1_address0  |  out|    6|   ap_memory|                                                        conv3_weights_local_3_0_1|         array|
|conv3_weights_local_3_0_1_ce0       |  out|    1|   ap_memory|                                                        conv3_weights_local_3_0_1|         array|
|conv3_weights_local_3_0_1_q0        |   in|   32|   ap_memory|                                                        conv3_weights_local_3_0_1|         array|
|conv3_weights_local_3_1_0_address0  |  out|    6|   ap_memory|                                                        conv3_weights_local_3_1_0|         array|
|conv3_weights_local_3_1_0_ce0       |  out|    1|   ap_memory|                                                        conv3_weights_local_3_1_0|         array|
|conv3_weights_local_3_1_0_q0        |   in|   32|   ap_memory|                                                        conv3_weights_local_3_1_0|         array|
|conv3_weights_local_3_1_1_address0  |  out|    6|   ap_memory|                                                        conv3_weights_local_3_1_1|         array|
|conv3_weights_local_3_1_1_ce0       |  out|    1|   ap_memory|                                                        conv3_weights_local_3_1_1|         array|
|conv3_weights_local_3_1_1_q0        |   in|   32|   ap_memory|                                                        conv3_weights_local_3_1_1|         array|
|conv3_weights_local_4_0_0_address0  |  out|    6|   ap_memory|                                                        conv3_weights_local_4_0_0|         array|
|conv3_weights_local_4_0_0_ce0       |  out|    1|   ap_memory|                                                        conv3_weights_local_4_0_0|         array|
|conv3_weights_local_4_0_0_q0        |   in|   32|   ap_memory|                                                        conv3_weights_local_4_0_0|         array|
|conv3_weights_local_4_0_1_address0  |  out|    6|   ap_memory|                                                        conv3_weights_local_4_0_1|         array|
|conv3_weights_local_4_0_1_ce0       |  out|    1|   ap_memory|                                                        conv3_weights_local_4_0_1|         array|
|conv3_weights_local_4_0_1_q0        |   in|   32|   ap_memory|                                                        conv3_weights_local_4_0_1|         array|
|conv3_weights_local_4_1_0_address0  |  out|    6|   ap_memory|                                                        conv3_weights_local_4_1_0|         array|
|conv3_weights_local_4_1_0_ce0       |  out|    1|   ap_memory|                                                        conv3_weights_local_4_1_0|         array|
|conv3_weights_local_4_1_0_q0        |   in|   32|   ap_memory|                                                        conv3_weights_local_4_1_0|         array|
|conv3_weights_local_4_1_1_address0  |  out|    6|   ap_memory|                                                        conv3_weights_local_4_1_1|         array|
|conv3_weights_local_4_1_1_ce0       |  out|    1|   ap_memory|                                                        conv3_weights_local_4_1_1|         array|
|conv3_weights_local_4_1_1_q0        |   in|   32|   ap_memory|                                                        conv3_weights_local_4_1_1|         array|
|conv3_weights_local_5_0_0_address0  |  out|    6|   ap_memory|                                                        conv3_weights_local_5_0_0|         array|
|conv3_weights_local_5_0_0_ce0       |  out|    1|   ap_memory|                                                        conv3_weights_local_5_0_0|         array|
|conv3_weights_local_5_0_0_q0        |   in|   32|   ap_memory|                                                        conv3_weights_local_5_0_0|         array|
|conv3_weights_local_5_0_1_address0  |  out|    6|   ap_memory|                                                        conv3_weights_local_5_0_1|         array|
|conv3_weights_local_5_0_1_ce0       |  out|    1|   ap_memory|                                                        conv3_weights_local_5_0_1|         array|
|conv3_weights_local_5_0_1_q0        |   in|   32|   ap_memory|                                                        conv3_weights_local_5_0_1|         array|
|conv3_weights_local_5_1_0_address0  |  out|    6|   ap_memory|                                                        conv3_weights_local_5_1_0|         array|
|conv3_weights_local_5_1_0_ce0       |  out|    1|   ap_memory|                                                        conv3_weights_local_5_1_0|         array|
|conv3_weights_local_5_1_0_q0        |   in|   32|   ap_memory|                                                        conv3_weights_local_5_1_0|         array|
|conv3_weights_local_5_1_1_address0  |  out|    6|   ap_memory|                                                        conv3_weights_local_5_1_1|         array|
|conv3_weights_local_5_1_1_ce0       |  out|    1|   ap_memory|                                                        conv3_weights_local_5_1_1|         array|
|conv3_weights_local_5_1_1_q0        |   in|   32|   ap_memory|                                                        conv3_weights_local_5_1_1|         array|
|conv3_weights_local_6_0_0_address0  |  out|    6|   ap_memory|                                                        conv3_weights_local_6_0_0|         array|
|conv3_weights_local_6_0_0_ce0       |  out|    1|   ap_memory|                                                        conv3_weights_local_6_0_0|         array|
|conv3_weights_local_6_0_0_q0        |   in|   32|   ap_memory|                                                        conv3_weights_local_6_0_0|         array|
|conv3_weights_local_6_0_1_address0  |  out|    6|   ap_memory|                                                        conv3_weights_local_6_0_1|         array|
|conv3_weights_local_6_0_1_ce0       |  out|    1|   ap_memory|                                                        conv3_weights_local_6_0_1|         array|
|conv3_weights_local_6_0_1_q0        |   in|   32|   ap_memory|                                                        conv3_weights_local_6_0_1|         array|
|conv3_weights_local_6_1_0_address0  |  out|    6|   ap_memory|                                                        conv3_weights_local_6_1_0|         array|
|conv3_weights_local_6_1_0_ce0       |  out|    1|   ap_memory|                                                        conv3_weights_local_6_1_0|         array|
|conv3_weights_local_6_1_0_q0        |   in|   32|   ap_memory|                                                        conv3_weights_local_6_1_0|         array|
|conv3_weights_local_6_1_1_address0  |  out|    6|   ap_memory|                                                        conv3_weights_local_6_1_1|         array|
|conv3_weights_local_6_1_1_ce0       |  out|    1|   ap_memory|                                                        conv3_weights_local_6_1_1|         array|
|conv3_weights_local_6_1_1_q0        |   in|   32|   ap_memory|                                                        conv3_weights_local_6_1_1|         array|
|conv3_weights_local_7_0_0_address0  |  out|    6|   ap_memory|                                                        conv3_weights_local_7_0_0|         array|
|conv3_weights_local_7_0_0_ce0       |  out|    1|   ap_memory|                                                        conv3_weights_local_7_0_0|         array|
|conv3_weights_local_7_0_0_q0        |   in|   32|   ap_memory|                                                        conv3_weights_local_7_0_0|         array|
|conv3_weights_local_7_0_1_address0  |  out|    6|   ap_memory|                                                        conv3_weights_local_7_0_1|         array|
|conv3_weights_local_7_0_1_ce0       |  out|    1|   ap_memory|                                                        conv3_weights_local_7_0_1|         array|
|conv3_weights_local_7_0_1_q0        |   in|   32|   ap_memory|                                                        conv3_weights_local_7_0_1|         array|
|conv3_weights_local_7_1_0_address0  |  out|    6|   ap_memory|                                                        conv3_weights_local_7_1_0|         array|
|conv3_weights_local_7_1_0_ce0       |  out|    1|   ap_memory|                                                        conv3_weights_local_7_1_0|         array|
|conv3_weights_local_7_1_0_q0        |   in|   32|   ap_memory|                                                        conv3_weights_local_7_1_0|         array|
|conv3_weights_local_7_1_1_address0  |  out|    6|   ap_memory|                                                        conv3_weights_local_7_1_1|         array|
|conv3_weights_local_7_1_1_ce0       |  out|    1|   ap_memory|                                                        conv3_weights_local_7_1_1|         array|
|conv3_weights_local_7_1_1_q0        |   in|   32|   ap_memory|                                                        conv3_weights_local_7_1_1|         array|
|layer3_output_tile_0_address0       |  out|    9|   ap_memory|                                                             layer3_output_tile_0|         array|
|layer3_output_tile_0_ce0            |  out|    1|   ap_memory|                                                             layer3_output_tile_0|         array|
|layer3_output_tile_0_we0            |  out|    1|   ap_memory|                                                             layer3_output_tile_0|         array|
|layer3_output_tile_0_d0             |  out|   32|   ap_memory|                                                             layer3_output_tile_0|         array|
|layer3_output_tile_0_q0             |   in|   32|   ap_memory|                                                             layer3_output_tile_0|         array|
|input_tile_address0                 |  out|   14|   ap_memory|                                                                       input_tile|         array|
|input_tile_ce0                      |  out|    1|   ap_memory|                                                                       input_tile|         array|
|input_tile_q0                       |   in|   32|   ap_memory|                                                                       input_tile|         array|
|input_tile_address1                 |  out|   14|   ap_memory|                                                                       input_tile|         array|
|input_tile_ce1                      |  out|    1|   ap_memory|                                                                       input_tile|         array|
|input_tile_q1                       |   in|   32|   ap_memory|                                                                       input_tile|         array|
|input_tile_address2                 |  out|   14|   ap_memory|                                                                       input_tile|         array|
|input_tile_ce2                      |  out|    1|   ap_memory|                                                                       input_tile|         array|
|input_tile_q2                       |   in|   32|   ap_memory|                                                                       input_tile|         array|
+------------------------------------+-----+-----+------------+---------------------------------------------------------------------------------+--------------+

