

================================================================
== Vitis HLS Report for 'conv1'
================================================================
* Date:           Fri Oct 31 13:02:46 2025

* Version:        2023.1 (Build 3854077 on May  4 2023)
* Project:        srcnn_hls
* Solution:       solution1 (Vivado IP Flow Target)
* Product family: zynquplus
* Target device:  xck26-sfvc784-2LV-c


================================================================
== Performance Estimates
================================================================
+ Timing: 
    * Summary: 
    +--------+----------+----------+------------+
    |  Clock |  Target  | Estimated| Uncertainty|
    +--------+----------+----------+------------+
    |ap_clk  |  10.00 ns|  7.162 ns|     2.70 ns|
    +--------+----------+----------+------------+

+ Latency: 
    * Summary: 
    +------------+------------+------------+------------+------------+------------+---------+
    |     Latency (cycles)    |    Latency (absolute)   |         Interval        | Pipeline|
    |     min    |     max    |     min    |     max    |     min    |     max    |   Type  |
    +------------+------------+------------+------------+------------+------------+---------+
    |  1348358420|  1348358420|  13.484 sec|  13.484 sec|  1348358420|  1348358420|       no|
    +------------+------------+------------+------------+------------+------------+---------+

    + Detail: 
        * Instance: 
        +----------------------------------+-----------------------+---------+---------+----------+----------+-----+-----+---------+
        |                                  |                       |  Latency (cycles) |  Latency (absolute) |  Interval | Pipeline|
        |             Instance             |         Module        |   min   |   max   |    min   |    max   | min | max |   Type  |
        +----------------------------------+-----------------------+---------+---------+----------+----------+-----+-----+---------+
        |grp_generic_fmax_double_s_fu_381  |generic_fmax_double_s  |        0|        0|      0 ns|      0 ns|    1|    1|      yes|
        |grp_generic_fmin_double_s_fu_386  |generic_fmin_double_s  |        0|        0|      0 ns|      0 ns|    1|    1|      yes|
        +----------------------------------+-----------------------+---------+---------+----------+----------+-----+-----+---------+

        * Loop: 
        +---------------------------------------------------+------------+------------+----------+-----------+-----------+----------+----------+
        |                                                   |     Latency (cycles)    | Iteration|  Initiation Interval  |   Trip   |          |
        |                     Loop Name                     |     min    |     max    |  Latency |  achieved |   target  |   Count  | Pipelined|
        +---------------------------------------------------+------------+------------+----------+-----------+-----------+----------+----------+
        |- VITIS_LOOP_14_1_VITIS_LOOP_18_3_VITIS_LOOP_31_5  |  1348358418|  1348358418|        55|         36|          1|  37454400|       yes|
        +---------------------------------------------------+------------+------------+----------+-----------+-----------+----------+----------+



================================================================
== Utilization Estimates
================================================================
* Summary: 
+-----------------+---------+------+--------+--------+-----+
|       Name      | BRAM_18K|  DSP |   FF   |   LUT  | URAM|
+-----------------+---------+------+--------+--------+-----+
|DSP              |        -|     -|       -|       -|    -|
|Expression       |        -|     -|       0|   11537|    -|
|FIFO             |        -|     -|       -|       -|    -|
|Instance         |        -|     0|       0|     487|    -|
|Memory           |        -|     -|       -|       -|    -|
|Multiplexer      |        -|     -|       -|     649|    -|
|Register         |        -|     -|    2339|       -|    -|
+-----------------+---------+------+--------+--------+-----+
|Total            |        0|     0|    2339|   12673|    0|
+-----------------+---------+------+--------+--------+-----+
|Available        |      288|  1248|  234240|  117120|   64|
+-----------------+---------+------+--------+--------+-----+
|Utilization (%)  |        0|     0|      ~0|      10|    0|
+-----------------+---------+------+--------+--------+-----+

+ Detail: 
    * Instance: 
    +----------------------------------+-----------------------+---------+----+---+-----+-----+
    |             Instance             |         Module        | BRAM_18K| DSP| FF| LUT | URAM|
    +----------------------------------+-----------------------+---------+----+---+-----+-----+
    |grp_generic_fmax_double_s_fu_381  |generic_fmax_double_s  |        0|   0|  0|  169|    0|
    |grp_generic_fmin_double_s_fu_386  |generic_fmin_double_s  |        0|   0|  0|  278|    0|
    |mul_7ns_8ns_13_1_1_U6             |mul_7ns_8ns_13_1_1     |        0|   0|  0|   40|    0|
    +----------------------------------+-----------------------+---------+----+---+-----+-----+
    |Total                             |                       |        0|   0|  0|  487|    0|
    +----------------------------------+-----------------------+---------+----+---+-----+-----+

    * DSP: 
    N/A

    * Memory: 
    N/A

    * FIFO: 
    N/A

    * Expression: 
    +---------------------------+----------+----+---+-----+------------+------------+
    |       Variable Name       | Operation| DSP| FF| LUT | Bitwidth P0| Bitwidth P1|
    +---------------------------+----------+----+---+-----+------------+------------+
    |add_ln1432_10_fu_1230_p2   |         +|   0|  0|   16|           9|           2|
    |add_ln1432_11_fu_1352_p2   |         +|   0|  0|   16|           9|           2|
    |add_ln1432_12_fu_1436_p2   |         +|   0|  0|   16|           9|           3|
    |add_ln1432_13_fu_758_p2    |         +|   0|  0|   16|           9|           4|
    |add_ln1432_5_fu_818_p2     |         +|   0|  0|   16|           9|           4|
    |add_ln1432_6_fu_879_p2     |         +|   0|  0|   16|           9|           3|
    |add_ln1432_7_fu_898_p2     |         +|   0|  0|   16|           9|           3|
    |add_ln1432_8_fu_1006_p2    |         +|   0|  0|   16|           9|           2|
    |add_ln1432_9_fu_1155_p2    |         +|   0|  0|   15|           8|           1|
    |add_ln1432_fu_768_p2       |         +|   0|  0|   17|          10|          10|
    |add_ln14_1_fu_834_p2       |         +|   0|  0|   33|          26|           1|
    |add_ln14_fu_523_p2         |         +|   0|  0|   14|           7|           1|
    |add_ln16_1_fu_681_p2       |         +|   0|  0|   27|          20|           1|
    |add_ln16_fu_726_p2         |         +|   0|  0|   15|           8|           1|
    |add_ln18_1_fu_2678_p2      |         +|   0|  0|   19|          12|           1|
    |add_ln18_fu_621_p2         |         +|   0|  0|   15|           8|           1|
    |add_ln31_fu_2667_p2        |         +|   0|  0|   12|           4|           1|
    |add_ln42_10_fu_735_p2      |         +|   0|  0|   17|          13|          13|
    |add_ln42_11_fu_745_p2      |         +|   0|  0|   17|          13|          13|
    |add_ln42_12_fu_798_p2      |         +|   0|  0|   17|          13|          13|
    |add_ln42_13_fu_808_p2      |         +|   0|  0|   17|          13|          13|
    |add_ln42_14_fu_854_p2      |         +|   0|  0|   17|          13|          13|
    |add_ln42_15_fu_864_p2      |         +|   0|  0|   17|          13|          13|
    |add_ln42_16_fu_874_p2      |         +|   0|  0|   17|          13|          13|
    |add_ln42_17_fu_1220_p2     |         +|   0|  0|   16|          16|          16|
    |add_ln42_18_fu_1426_p2     |         +|   0|  0|   16|          16|          16|
    |add_ln42_19_fu_1608_p2     |         +|   0|  0|   16|          16|          16|
    |add_ln42_1_fu_716_p2       |         +|   0|  0|   17|          13|           5|
    |add_ln42_20_fu_1791_p2     |         +|   0|  0|   16|          16|          16|
    |add_ln42_21_fu_1962_p2     |         +|   0|  0|   16|          16|          16|
    |add_ln42_22_fu_2134_p2     |         +|   0|  0|   16|          16|          16|
    |add_ln42_23_fu_2305_p2     |         +|   0|  0|   16|          16|          16|
    |add_ln42_24_fu_2477_p2     |         +|   0|  0|   16|          16|          16|
    |add_ln42_25_fu_2648_p2     |         +|   0|  0|   16|          16|          16|
    |add_ln42_2_fu_721_p2       |         +|   0|  0|   17|          13|           5|
    |add_ln42_3_fu_779_p2       |         +|   0|  0|   17|          13|           6|
    |add_ln42_4_fu_784_p2       |         +|   0|  0|   17|          13|           6|
    |add_ln42_5_fu_839_p2       |         +|   0|  0|   17|          13|           6|
    |add_ln42_6_fu_844_p2       |         +|   0|  0|   17|          13|           6|
    |add_ln42_7_fu_849_p2       |         +|   0|  0|   17|          13|           7|
    |add_ln42_8_fu_659_p2       |         +|   0|  0|   20|          13|          13|
    |add_ln42_9_fu_670_p2       |         +|   0|  0|   17|          13|          13|
    |add_ln42_fu_553_p2         |         +|   0|  0|   17|          13|           4|
    |add_ln47_1_fu_2762_p2      |         +|   0|  0|   22|          22|          22|
    |add_ln47_fu_2731_p2        |         +|   0|  0|   24|          17|          17|
    |add_ln515_10_fu_1844_p2    |         +|   0|  0|   19|          12|          11|
    |add_ln515_11_fu_2016_p2    |         +|   0|  0|   19|          12|          11|
    |add_ln515_12_fu_2187_p2    |         +|   0|  0|   19|          12|          11|
    |add_ln515_13_fu_2359_p2    |         +|   0|  0|   19|          12|          11|
    |add_ln515_14_fu_2530_p2    |         +|   0|  0|   19|          12|          11|
    |add_ln515_6_fu_1101_p2     |         +|   0|  0|   19|          12|          11|
    |add_ln515_7_fu_1298_p2     |         +|   0|  0|   19|          12|          11|
    |add_ln515_8_fu_1490_p2     |         +|   0|  0|   19|          12|          11|
    |add_ln515_9_fu_1673_p2     |         +|   0|  0|   19|          12|          11|
    |add_ln515_fu_952_p2        |         +|   0|  0|   19|          12|          11|
    |result_10_fu_1044_p2       |         -|   0|  0|   23|           1|          16|
    |sub_ln18_10_fu_1858_p2     |         -|   0|  0|   18|          10|          11|
    |sub_ln18_11_fu_2030_p2     |         -|   0|  0|   18|          10|          11|
    |sub_ln18_12_fu_2201_p2     |         -|   0|  0|   18|          10|          11|
    |sub_ln18_13_fu_2373_p2     |         -|   0|  0|   18|          10|          11|
    |sub_ln18_14_fu_2544_p2     |         -|   0|  0|   18|          10|          11|
    |sub_ln18_6_fu_1115_p2      |         -|   0|  0|   18|          10|          11|
    |sub_ln18_7_fu_1312_p2      |         -|   0|  0|   18|          10|          11|
    |sub_ln18_8_fu_1504_p2      |         -|   0|  0|   18|          10|          11|
    |sub_ln18_9_fu_1687_p2      |         -|   0|  0|   18|          10|          11|
    |sub_ln18_fu_966_p2         |         -|   0|  0|   18|          10|          11|
    |sub_ln42_1_fu_1420_p2      |         -|   0|  0|   16|          16|          16|
    |sub_ln42_2_fu_1602_p2      |         -|   0|  0|   16|          16|          16|
    |sub_ln42_3_fu_1785_p2      |         -|   0|  0|   16|          16|          16|
    |sub_ln42_4_fu_1956_p2      |         -|   0|  0|   16|          16|          16|
    |sub_ln42_5_fu_2128_p2      |         -|   0|  0|   16|          16|          16|
    |sub_ln42_6_fu_2299_p2      |         -|   0|  0|   16|          16|          16|
    |sub_ln42_7_fu_2471_p2      |         -|   0|  0|   16|          16|          16|
    |sub_ln42_8_fu_2642_p2      |         -|   0|  0|   16|          16|          16|
    |sub_ln42_fu_1214_p2        |         -|   0|  0|   16|          16|          16|
    |sub_ln47_1_fu_2753_p2      |         -|   0|  0|   22|          22|          22|
    |sub_ln47_fu_2718_p2        |         -|   0|  0|   23|          16|          16|
    |sub_ln59_10_fu_2274_p2     |         -|   0|  0|   15|           1|           8|
    |sub_ln59_11_fu_2446_p2     |         -|   0|  0|   15|           1|           8|
    |sub_ln59_12_fu_2617_p2     |         -|   0|  0|   15|           1|           8|
    |sub_ln59_5_fu_1395_p2      |         -|   0|  0|   15|           1|           8|
    |sub_ln59_6_fu_1577_p2      |         -|   0|  0|   15|           1|           8|
    |sub_ln59_7_fu_1760_p2      |         -|   0|  0|   15|           1|           8|
    |sub_ln59_8_fu_1931_p2      |         -|   0|  0|   15|           1|           8|
    |sub_ln59_9_fu_2103_p2      |         -|   0|  0|   15|           1|           8|
    |sub_ln59_fu_1189_p2        |         -|   0|  0|   15|           1|           8|
    |and_ln14_1_fu_583_p2       |       and|   0|  0|    2|           1|           1|
    |and_ln14_fu_571_p2         |       and|   0|  0|    2|           1|           1|
    |and_ln16_fu_615_p2         |       and|   0|  0|    2|           1|           1|
    |and_ln18_fu_2850_p2        |       and|   0|  0|    2|           1|           1|
    |and_ln25_fu_2810_p2        |       and|   0|  0|    2|           1|           1|
    |icmp_ln14_fu_508_p2        |      icmp|   0|  0|   33|          26|          26|
    |icmp_ln16_fu_529_p2        |      icmp|   0|  0|   27|          20|          20|
    |icmp_ln18_16_fu_2816_p2    |      icmp|   0|  0|   15|           8|           2|
    |icmp_ln18_fu_577_p2        |      icmp|   0|  0|   19|          12|          12|
    |icmp_ln25_8_fu_2804_p2     |      icmp|   0|  0|   30|          23|           1|
    |icmp_ln25_fu_2798_p2       |      icmp|   0|  0|   15|           8|           1|
    |icmp_ln31_fu_565_p2        |      icmp|   0|  0|   12|           4|           4|
    |ifzero_fu_2672_p2          |      icmp|   0|  0|   12|           4|           4|
    |ymaggreater_fu_2828_p2     |      icmp|   0|  0|   39|          32|           1|
    |lshr_ln18_10_fu_1884_p2    |      lshr|   0|  0|  460|         137|         137|
    |lshr_ln18_11_fu_2056_p2    |      lshr|   0|  0|  460|         137|         137|
    |lshr_ln18_12_fu_2227_p2    |      lshr|   0|  0|  460|         137|         137|
    |lshr_ln18_13_fu_2399_p2    |      lshr|   0|  0|  460|         137|         137|
    |lshr_ln18_14_fu_2570_p2    |      lshr|   0|  0|  460|         137|         137|
    |lshr_ln18_6_fu_1141_p2     |      lshr|   0|  0|  460|         137|         137|
    |lshr_ln18_7_fu_1338_p2     |      lshr|   0|  0|  460|         137|         137|
    |lshr_ln18_8_fu_1530_p2     |      lshr|   0|  0|  460|         137|         137|
    |lshr_ln18_9_fu_1713_p2     |      lshr|   0|  0|  460|         137|         137|
    |lshr_ln18_fu_992_p2        |      lshr|   0|  0|  460|         137|         137|
    |or_ln16_1_fu_609_p2        |        or|   0|  0|    2|           1|           1|
    |or_ln16_fu_589_p2          |        or|   0|  0|    2|           1|           1|
    |or_ln18_15_fu_633_p2       |        or|   0|  0|    2|           1|           1|
    |or_ln18_fu_627_p2          |        or|   0|  0|    2|           1|           1|
    |layer1_output_d0           |    select|   0|  0|   32|           1|           1|
    |res_fu_2834_p3             |    select|   0|  0|   32|           1|          32|
    |result_fu_1050_p3          |    select|   0|  0|   16|           1|          16|
    |select_ln14_1_fu_535_p3    |    select|   0|  0|    7|           1|           7|
    |select_ln14_2_fu_1240_p3   |    select|   0|  0|   64|           1|           1|
    |select_ln14_fu_710_p3      |    select|   0|  0|    8|           1|           1|
    |select_ln16_1_fu_789_p3    |    select|   0|  0|    8|           1|           8|
    |select_ln16_2_fu_1247_p3   |    select|   0|  0|   64|           1|          64|
    |select_ln16_3_fu_687_p3    |    select|   0|  0|   19|           1|           1|
    |select_ln16_fu_595_p3      |    select|   0|  0|    8|           1|           1|
    |select_ln18_12_fu_639_p3   |    select|   0|  0|    4|           1|           1|
    |select_ln18_13_fu_1125_p3  |    select|   0|  0|   11|           1|          12|
    |select_ln18_14_fu_1621_p3  |    select|   0|  0|   32|           1|           1|
    |select_ln18_15_fu_1322_p3  |    select|   0|  0|   11|           1|          12|
    |select_ln18_16_fu_647_p3   |    select|   0|  0|    8|           1|           8|
    |select_ln18_17_fu_1514_p3  |    select|   0|  0|   11|           1|          12|
    |select_ln18_19_fu_1697_p3  |    select|   0|  0|   11|           1|          12|
    |select_ln18_20_fu_1182_p3  |    select|   0|  0|    8|           1|           8|
    |select_ln18_21_fu_1868_p3  |    select|   0|  0|   11|           1|          12|
    |select_ln18_22_fu_1388_p3  |    select|   0|  0|    8|           1|           8|
    |select_ln18_23_fu_2040_p3  |    select|   0|  0|   11|           1|          12|
    |select_ln18_24_fu_1570_p3  |    select|   0|  0|    8|           1|           8|
    |select_ln18_25_fu_2211_p3  |    select|   0|  0|   11|           1|          12|
    |select_ln18_26_fu_1753_p3  |    select|   0|  0|    8|           1|           8|
    |select_ln18_27_fu_2383_p3  |    select|   0|  0|   11|           1|          12|
    |select_ln18_28_fu_1924_p3  |    select|   0|  0|    8|           1|           8|
    |select_ln18_29_fu_2554_p3  |    select|   0|  0|   11|           1|          12|
    |select_ln18_30_fu_2096_p3  |    select|   0|  0|    8|           1|           8|
    |select_ln18_31_fu_2267_p3  |    select|   0|  0|    8|           1|           8|
    |select_ln18_32_fu_2439_p3  |    select|   0|  0|    8|           1|           8|
    |select_ln18_33_fu_2610_p3  |    select|   0|  0|    8|           1|           8|
    |select_ln18_35_fu_2683_p3  |    select|   0|  0|   11|           1|           1|
    |select_ln18_fu_976_p3      |    select|   0|  0|   11|           1|          12|
    |select_ln25_fu_2842_p3     |    select|   0|  0|   32|           1|          32|
    |select_ln59_10_fu_2280_p3  |    select|   0|  0|    8|           1|           8|
    |select_ln59_11_fu_2452_p3  |    select|   0|  0|    8|           1|           8|
    |select_ln59_12_fu_2623_p3  |    select|   0|  0|    8|           1|           8|
    |select_ln59_5_fu_1401_p3   |    select|   0|  0|    8|           1|           8|
    |select_ln59_6_fu_1583_p3   |    select|   0|  0|    8|           1|           8|
    |select_ln59_7_fu_1766_p3   |    select|   0|  0|    8|           1|           8|
    |select_ln59_8_fu_1937_p3   |    select|   0|  0|    8|           1|           8|
    |select_ln59_9_fu_2109_p3   |    select|   0|  0|    8|           1|           8|
    |select_ln59_fu_1195_p3     |    select|   0|  0|    8|           1|           8|
    |val_fu_1037_p3             |    select|   0|  0|   16|           1|          16|
    |shl_ln18_10_fu_1907_p2     |       shl|   0|  0|  460|         137|         137|
    |shl_ln18_11_fu_2079_p2     |       shl|   0|  0|  460|         137|         137|
    |shl_ln18_12_fu_2250_p2     |       shl|   0|  0|  460|         137|         137|
    |shl_ln18_13_fu_2422_p2     |       shl|   0|  0|  460|         137|         137|
    |shl_ln18_14_fu_2593_p2     |       shl|   0|  0|  460|         137|         137|
    |shl_ln18_6_fu_1165_p2      |       shl|   0|  0|  460|         137|         137|
    |shl_ln18_7_fu_1371_p2      |       shl|   0|  0|  460|         137|         137|
    |shl_ln18_8_fu_1553_p2      |       shl|   0|  0|  460|         137|         137|
    |shl_ln18_9_fu_1736_p2      |       shl|   0|  0|  460|         137|         137|
    |shl_ln18_fu_1020_p2        |       shl|   0|  0|  460|         137|         137|
    |ap_enable_pp0              |       xor|   0|  0|    2|           1|           2|
    |xor_ln14_fu_559_p2         |       xor|   0|  0|    2|           1|           2|
    |xor_ln16_fu_603_p2         |       xor|   0|  0|    2|           1|           2|
    |xor_ln18_fu_2822_p2        |       xor|   0|  0|    2|           1|           2|
    +---------------------------+----------+----+---+-----+------------+------------+
    |Total                      |          |   0|  0|11537|        3925|        4159|
    +---------------------------+----------+----+---+-----+------------+------------+

    * Multiplexer: 
    +------------------------------------+-----+-----------+-----+-----------+
    |                Name                | LUT | Input Size| Bits| Total Bits|
    +------------------------------------+-----+-----------+-----+-----------+
    |ap_NS_fsm                           |  166|         37|    1|         37|
    |ap_done_int                         |    9|          2|    1|          2|
    |ap_enable_reg_pp0_iter0             |    9|          2|    1|          2|
    |ap_enable_reg_pp0_iter0_reg         |    9|          2|    1|          2|
    |ap_enable_reg_pp0_iter1             |    9|          2|    1|          2|
    |conv1_weights_address0              |   31|          6|   13|         78|
    |conv1_weights_address1              |   26|          5|   13|         65|
    |convolution_fu_166                  |    9|          2|   32|         64|
    |grp_fu_392_p0                       |   20|          4|   32|        128|
    |grp_fu_392_p1                       |   37|          7|   32|        224|
    |grp_fu_396_p0                       |   54|         10|   32|        320|
    |grp_fu_396_p1                       |   54|         10|   32|        320|
    |grp_fu_400_p0                       |   65|         12|   32|        384|
    |grp_generic_fmax_double_s_fu_381_x  |   20|          4|   64|        256|
    |grp_generic_fmin_double_s_fu_386_x  |   14|          3|   64|        192|
    |indvar_flatten15_fu_186             |    9|          2|   20|         40|
    |indvar_flatten48_fu_194             |    9|          2|   26|         52|
    |indvar_flatten_fu_178               |    9|          2|   12|         24|
    |input_ftmap_address0                |   54|         10|   16|        160|
    |kernel_x_fu_170                     |    9|          2|    4|          8|
    |out_feat_fu_190                     |    9|          2|    7|         14|
    |out_feat_x_fu_174                   |    9|          2|    8|         16|
    |out_feat_y_fu_182                   |    9|          2|    8|         16|
    +------------------------------------+-----+-----------+-----+-----------+
    |Total                               |  649|        132|  452|       2406|
    +------------------------------------+-----+-----------+-----+-----------+

    * Register: 
    +--------------------------------+----+----+-----+-----------+
    |              Name              | FF | LUT| Bits| Const Bits|
    +--------------------------------+----+----+-----+-----------+
    |add_ln16_reg_3023               |   8|   0|    8|          0|
    |add_ln42_16_reg_3105            |  13|   0|   13|          0|
    |add_ln47_1_reg_3622             |  22|   0|   22|          0|
    |and_ln14_1_reg_2969             |   1|   0|    1|          0|
    |ap_CS_fsm                       |  36|   0|   36|          0|
    |ap_done_reg                     |   1|   0|    1|          0|
    |ap_enable_reg_pp0_iter0_reg     |   1|   0|    1|          0|
    |ap_enable_reg_pp0_iter1         |   1|   0|    1|          0|
    |bitcast_ln14_reg_3632           |  32|   0|   32|          0|
    |conv1_biases_load_reg_3627      |  32|   0|   32|          0|
    |conv1_weights_load_1_reg_3049   |  32|   0|   32|          0|
    |conv1_weights_load_2_reg_3085   |  32|   0|   32|          0|
    |conv1_weights_load_3_reg_3090   |  32|   0|   32|          0|
    |conv1_weights_load_4_reg_3115   |  32|   0|   32|          0|
    |conv1_weights_load_5_reg_3120   |  32|   0|   32|          0|
    |conv1_weights_load_6_reg_3135   |  32|   0|   32|          0|
    |conv1_weights_load_7_reg_3140   |  32|   0|   32|          0|
    |conv1_weights_load_8_reg_3175   |  32|   0|   32|          0|
    |conv1_weights_load_reg_3044     |  32|   0|   32|          0|
    |convolution_fu_166              |  32|   0|   32|          0|
    |icmp_ln14_reg_2941              |   1|   0|    1|          0|
    |icmp_ln16_reg_2945              |   1|   0|    1|          0|
    |ifzero_reg_3613                 |   1|   0|    1|          0|
    |indvar_flatten15_fu_186         |  20|   0|   20|          0|
    |indvar_flatten48_fu_194         |  26|   0|   26|          0|
    |indvar_flatten48_load_reg_2931  |  26|   0|   26|          0|
    |indvar_flatten_fu_178           |  12|   0|   12|          0|
    |indvar_flatten_load_reg_2921    |  12|   0|   12|          0|
    |kernel_x_fu_170                 |   4|   0|    4|          0|
    |layer1_output_addr_reg_3637     |  22|   0|   22|          0|
    |mul_5_reg_3538                  |  32|   0|   32|          0|
    |mul_7_reg_3598                  |  32|   0|   32|          0|
    |mul_ln42_reg_2958               |  13|   0|   13|          0|
    |or_ln16_reg_2975                |   1|   0|    1|          0|
    |or_ln18_15_reg_2980             |   1|   0|    1|          0|
    |out_feat_fu_190                 |   7|   0|    7|          0|
    |out_feat_x_fu_174               |   8|   0|    8|          0|
    |out_feat_y_2_reg_2926           |   8|   0|    8|          0|
    |out_feat_y_fu_182               |   8|   0|    8|          0|
    |reg_404                         |  64|   0|   64|          0|
    |reg_409                         |  64|   0|   64|          0|
    |reg_414                         |  64|   0|   64|          0|
    |reg_418                         |  64|   0|   64|          0|
    |reg_422                         |  32|   0|   32|          0|
    |reg_426                         |  32|   0|   32|          0|
    |reg_431                         |  32|   0|   32|          0|
    |reg_436                         |  32|   0|   32|          0|
    |reg_441                         |  32|   0|   32|          0|
    |reg_446                         |  32|   0|   32|          0|
    |result_reg_3185                 |  16|   0|   16|          0|
    |select_ln14_1_reg_2951          |   7|   0|    7|          0|
    |select_ln14_reg_3018            |   8|   0|    8|          0|
    |select_ln16_1_reg_3054          |   8|   0|    8|          0|
    |select_ln16_2_reg_3238          |  64|   0|   64|          0|
    |select_ln18_12_reg_2985         |   4|   0|    4|          0|
    |select_ln18_16_reg_2991         |   8|   0|    8|          0|
    |tmp_40_reg_3155                 |   1|   0|    1|          0|
    |tmp_41_reg_3165                 |   1|   0|    1|          0|
    |tmp_42_reg_3198                 |   1|   0|    1|          0|
    |tmp_43_reg_3208                 |   1|   0|    1|          0|
    |tmp_44_reg_3218                 |   1|   0|    1|          0|
    |tmp_45_reg_3243                 |   1|   0|    1|          0|
    |tmp_46_reg_3253                 |   1|   0|    1|          0|
    |tmp_47_reg_3263                 |   1|   0|    1|          0|
    |tmp_48_reg_3298                 |   1|   0|    1|          0|
    |tmp_49_reg_3308                 |   1|   0|    1|          0|
    |tmp_50_reg_3318                 |   1|   0|    1|          0|
    |tmp_51_reg_3348                 |   1|   0|    1|          0|
    |tmp_52_reg_3358                 |   1|   0|    1|          0|
    |tmp_53_reg_3368                 |   1|   0|    1|          0|
    |tmp_54_reg_3393                 |   1|   0|    1|          0|
    |tmp_55_reg_3403                 |   1|   0|    1|          0|
    |tmp_56_reg_3413                 |   1|   0|    1|          0|
    |tmp_57_reg_3433                 |   1|   0|    1|          0|
    |tmp_58_reg_3443                 |   1|   0|    1|          0|
    |tmp_59_reg_3453                 |   1|   0|    1|          0|
    |tmp_60_reg_3473                 |   1|   0|    1|          0|
    |tmp_61_reg_3483                 |   1|   0|    1|          0|
    |tmp_62_reg_3493                 |   1|   0|    1|          0|
    |tmp_63_reg_3513                 |   1|   0|    1|          0|
    |tmp_64_reg_3523                 |   1|   0|    1|          0|
    |tmp_65_reg_3533                 |   1|   0|    1|          0|
    |tmp_66_reg_3558                 |   1|   0|    1|          0|
    |tmp_67_reg_3568                 |   1|   0|    1|          0|
    |tmp_68_reg_3578                 |   1|   0|    1|          0|
    |x_assign_19_4_reg_3288          |  64|   0|   64|          0|
    |x_assign_19_6_reg_3338          |  64|   0|   64|          0|
    |x_assign_19_8_reg_3388          |  64|   0|   64|          0|
    |xs_sign_reg_3145                |   1|   0|    1|          0|
    |zext_ln1432_reg_3060            |   8|   0|    9|          1|
    |zext_ln15_reg_3150              |  52|   0|  137|         85|
    |zext_ln18_10_reg_3408           |  32|   0|  137|        105|
    |zext_ln18_11_reg_3448           |  32|   0|  137|        105|
    |zext_ln18_12_reg_3488           |  32|   0|  137|        105|
    |zext_ln18_13_reg_3528           |  32|   0|  137|        105|
    |zext_ln18_14_reg_3573           |  32|   0|  137|        105|
    |zext_ln18_6_reg_3213            |  32|   0|  137|        105|
    |zext_ln18_7_reg_3258            |  32|   0|  137|        105|
    |zext_ln18_8_reg_3313            |  32|   0|  137|        105|
    |zext_ln18_9_reg_3363            |  32|   0|  137|        105|
    |zext_ln18_reg_3160              |  32|   0|  137|        105|
    |zext_ln42_1_reg_2997            |   4|   0|   13|          9|
    |zext_ln515_11_reg_3203          |  52|   0|  137|         85|
    |zext_ln515_13_reg_3248          |  52|   0|  137|         85|
    |zext_ln515_15_reg_3303          |  52|   0|  137|         85|
    |zext_ln515_17_reg_3353          |  52|   0|  137|         85|
    |zext_ln515_19_reg_3398          |  52|   0|  137|         85|
    |zext_ln515_21_reg_3438          |  52|   0|  137|         85|
    |zext_ln515_23_reg_3478          |  52|   0|  137|         85|
    |zext_ln515_25_reg_3518          |  52|   0|  137|         85|
    |zext_ln515_27_reg_3563          |  52|   0|  137|         85|
    +--------------------------------+----+----+-----+-----------+
    |Total                           |2339|   0| 4249|       1910|
    +--------------------------------+----+----+-----+-----------+



================================================================
== Interface
================================================================
* Summary: 
+------------------------+-----+-----+------------+---------------+--------------+
|        RTL Ports       | Dir | Bits|  Protocol  | Source Object |    C Type    |
+------------------------+-----+-----+------------+---------------+--------------+
|ap_clk                  |   in|    1|  ap_ctrl_hs|          conv1|  return value|
|ap_rst                  |   in|    1|  ap_ctrl_hs|          conv1|  return value|
|ap_start                |   in|    1|  ap_ctrl_hs|          conv1|  return value|
|ap_done                 |  out|    1|  ap_ctrl_hs|          conv1|  return value|
|ap_idle                 |  out|    1|  ap_ctrl_hs|          conv1|  return value|
|ap_ready                |  out|    1|  ap_ctrl_hs|          conv1|  return value|
|grp_fu_97_p_din0        |  out|   32|  ap_ctrl_hs|          conv1|  return value|
|grp_fu_97_p_din1        |  out|   32|  ap_ctrl_hs|          conv1|  return value|
|grp_fu_97_p_opcode      |  out|    2|  ap_ctrl_hs|          conv1|  return value|
|grp_fu_97_p_dout0       |   in|   32|  ap_ctrl_hs|          conv1|  return value|
|grp_fu_97_p_ce          |  out|    1|  ap_ctrl_hs|          conv1|  return value|
|grp_fu_101_p_din0       |  out|   32|  ap_ctrl_hs|          conv1|  return value|
|grp_fu_101_p_din1       |  out|   32|  ap_ctrl_hs|          conv1|  return value|
|grp_fu_101_p_dout0      |   in|   32|  ap_ctrl_hs|          conv1|  return value|
|grp_fu_101_p_ce         |  out|    1|  ap_ctrl_hs|          conv1|  return value|
|grp_fu_105_p_din0       |  out|   32|  ap_ctrl_hs|          conv1|  return value|
|grp_fu_105_p_dout0      |   in|   64|  ap_ctrl_hs|          conv1|  return value|
|grp_fu_105_p_ce         |  out|    1|  ap_ctrl_hs|          conv1|  return value|
|input_ftmap_address0    |  out|   16|   ap_memory|    input_ftmap|         array|
|input_ftmap_ce0         |  out|    1|   ap_memory|    input_ftmap|         array|
|input_ftmap_q0          |   in|   32|   ap_memory|    input_ftmap|         array|
|conv1_weights_address0  |  out|   13|   ap_memory|  conv1_weights|         array|
|conv1_weights_ce0       |  out|    1|   ap_memory|  conv1_weights|         array|
|conv1_weights_q0        |   in|   32|   ap_memory|  conv1_weights|         array|
|conv1_weights_address1  |  out|   13|   ap_memory|  conv1_weights|         array|
|conv1_weights_ce1       |  out|    1|   ap_memory|  conv1_weights|         array|
|conv1_weights_q1        |   in|   32|   ap_memory|  conv1_weights|         array|
|conv1_biases_address0   |  out|    6|   ap_memory|   conv1_biases|         array|
|conv1_biases_ce0        |  out|    1|   ap_memory|   conv1_biases|         array|
|conv1_biases_q0         |   in|   32|   ap_memory|   conv1_biases|         array|
|layer1_output_address0  |  out|   22|   ap_memory|  layer1_output|         array|
|layer1_output_ce0       |  out|    1|   ap_memory|  layer1_output|         array|
|layer1_output_we0       |  out|    1|   ap_memory|  layer1_output|         array|
|layer1_output_d0        |  out|   32|   ap_memory|  layer1_output|         array|
+------------------------+-----+-----+------------+---------------+--------------+

