

================================================================
== Vitis HLS Report for 'conv2_single_from_c1_Pipeline_VITIS_LOOP_101_1'
================================================================
* Date:           Tue Oct 28 14:00:54 2025

* Version:        2023.1 (Build 3854077 on May  4 2023)
* Project:        srcnn_hls
* Solution:       solution1 (Vivado IP Flow Target)
* Product family: zynquplus
* Target device:  xck26-sfvc784-2LV-c


================================================================
== Performance Estimates
================================================================
+ Timing: 
    * Summary: 
    +--------+----------+----------+------------+
    |  Clock |  Target  | Estimated| Uncertainty|
    +--------+----------+----------+------------+
    |ap_clk  |  10.00 ns|  2.035 ns|     2.70 ns|
    +--------+----------+----------+------------+

+ Latency: 
    * Summary: 
    +---------+---------+----------+----------+-----+-----+---------+
    |  Latency (cycles) |  Latency (absolute) |  Interval | Pipeline|
    |   min   |   max   |    min   |    max   | min | max |   Type  |
    +---------+---------+----------+----------+-----+-----+---------+
    |      130|      130|  1.300 us|  1.300 us|  130|  130|       no|
    +---------+---------+----------+----------+-----+-----+---------+

    + Detail: 
        * Instance: 
        N/A

        * Loop: 
        +--------------------+---------+---------+----------+-----------+-----------+------+----------+
        |                    |  Latency (cycles) | Iteration|  Initiation Interval  | Trip |          |
        |      Loop Name     |   min   |   max   |  Latency |  achieved |   target  | Count| Pipelined|
        +--------------------+---------+---------+----------+-----------+-----------+------+----------+
        |- VITIS_LOOP_101_1  |      128|      128|         2|          2|          6|    64|       yes|
        +--------------------+---------+---------+----------+-----------+-----------+------+----------+



================================================================
== Utilization Estimates
================================================================
* Summary: 
+-----------------+---------+------+--------+--------+-----+
|       Name      | BRAM_18K|  DSP |   FF   |   LUT  | URAM|
+-----------------+---------+------+--------+--------+-----+
|DSP              |        -|     -|       -|       -|    -|
|Expression       |        -|     -|       0|      47|    -|
|FIFO             |        -|     -|       -|       -|    -|
|Instance         |        -|     -|       -|       -|    -|
|Memory           |        -|     -|       -|       -|    -|
|Multiplexer      |        -|     -|       -|      41|    -|
|Register         |        -|     -|    2071|       -|    -|
+-----------------+---------+------+--------+--------+-----+
|Total            |        0|     0|    2071|      88|    0|
+-----------------+---------+------+--------+--------+-----+
|Available        |      288|  1248|  234240|  117120|   64|
+-----------------+---------+------+--------+--------+-----+
|Utilization (%)  |        0|     0|      ~0|      ~0|    0|
+-----------------+---------+------+--------+--------+-----+

+ Detail: 
    * Instance: 
    N/A

    * DSP: 
    N/A

    * Memory: 
    N/A

    * FIFO: 
    N/A

    * Expression: 
    +-----------------------+----------+----+---+----+------------+------------+
    |     Variable Name     | Operation| DSP| FF| LUT| Bitwidth P0| Bitwidth P1|
    +-----------------------+----------+----+---+----+------------+------------+
    |add_ln101_fu_1035_p2   |         +|   0|  0|  14|           7|           1|
    |add_ln103_fu_1045_p2   |         +|   0|  0|  18|          11|          11|
    |icmp_ln101_fu_1029_p2  |      icmp|   0|  0|  15|           7|           8|
    +-----------------------+----------+----+---+----+------------+------------+
    |Total                  |          |   0|  0|  47|          25|          20|
    +-----------------------+----------+----+---+----+------------+------------+

    * Multiplexer: 
    +-----------------------+----+-----------+-----+-----------+
    |          Name         | LUT| Input Size| Bits| Total Bits|
    +-----------------------+----+-----------+-----+-----------+
    |ap_NS_fsm              |  14|          3|    1|          3|
    |ap_done_int            |   9|          2|    1|          2|
    |ap_sig_allocacmp_c1_2  |   9|          2|    7|         14|
    |c1_fu_294              |   9|          2|    7|         14|
    +-----------------------+----+-----------+-----+-----------+
    |Total                  |  41|          9|   16|         33|
    +-----------------------+----+-----------+-----+-----------+

    * Register: 
    +----------------------+----+----+-----+-----------+
    |         Name         | FF | LUT| Bits| Const Bits|
    +----------------------+----+----+-----+-----------+
    |add_ln101_reg_2038    |   7|   0|    7|          0|
    |ap_CS_fsm             |   2|   0|    2|          0|
    |ap_done_reg           |   1|   0|    1|          0|
    |c1_fu_294             |   7|   0|    7|          0|
    |trunc_ln101_reg_2048  |   6|   0|    6|          0|
    |wrow_10_fu_338        |  32|   0|   32|          0|
    |wrow_11_fu_342        |  32|   0|   32|          0|
    |wrow_12_fu_346        |  32|   0|   32|          0|
    |wrow_13_fu_350        |  32|   0|   32|          0|
    |wrow_14_fu_354        |  32|   0|   32|          0|
    |wrow_15_fu_358        |  32|   0|   32|          0|
    |wrow_16_fu_362        |  32|   0|   32|          0|
    |wrow_17_fu_366        |  32|   0|   32|          0|
    |wrow_18_fu_370        |  32|   0|   32|          0|
    |wrow_19_fu_374        |  32|   0|   32|          0|
    |wrow_1_fu_302         |  32|   0|   32|          0|
    |wrow_20_fu_378        |  32|   0|   32|          0|
    |wrow_21_fu_382        |  32|   0|   32|          0|
    |wrow_22_fu_386        |  32|   0|   32|          0|
    |wrow_23_fu_390        |  32|   0|   32|          0|
    |wrow_24_fu_394        |  32|   0|   32|          0|
    |wrow_25_fu_398        |  32|   0|   32|          0|
    |wrow_26_fu_402        |  32|   0|   32|          0|
    |wrow_27_fu_406        |  32|   0|   32|          0|
    |wrow_28_fu_410        |  32|   0|   32|          0|
    |wrow_29_fu_414        |  32|   0|   32|          0|
    |wrow_2_fu_306         |  32|   0|   32|          0|
    |wrow_30_fu_418        |  32|   0|   32|          0|
    |wrow_31_fu_422        |  32|   0|   32|          0|
    |wrow_32_fu_426        |  32|   0|   32|          0|
    |wrow_33_fu_430        |  32|   0|   32|          0|
    |wrow_34_fu_434        |  32|   0|   32|          0|
    |wrow_35_fu_438        |  32|   0|   32|          0|
    |wrow_36_fu_442        |  32|   0|   32|          0|
    |wrow_37_fu_446        |  32|   0|   32|          0|
    |wrow_38_fu_450        |  32|   0|   32|          0|
    |wrow_39_fu_454        |  32|   0|   32|          0|
    |wrow_3_fu_310         |  32|   0|   32|          0|
    |wrow_40_fu_458        |  32|   0|   32|          0|
    |wrow_41_fu_462        |  32|   0|   32|          0|
    |wrow_42_fu_466        |  32|   0|   32|          0|
    |wrow_43_fu_470        |  32|   0|   32|          0|
    |wrow_44_fu_474        |  32|   0|   32|          0|
    |wrow_45_fu_478        |  32|   0|   32|          0|
    |wrow_46_fu_482        |  32|   0|   32|          0|
    |wrow_47_fu_486        |  32|   0|   32|          0|
    |wrow_48_fu_490        |  32|   0|   32|          0|
    |wrow_49_fu_494        |  32|   0|   32|          0|
    |wrow_4_fu_314         |  32|   0|   32|          0|
    |wrow_50_fu_498        |  32|   0|   32|          0|
    |wrow_51_fu_502        |  32|   0|   32|          0|
    |wrow_52_fu_506        |  32|   0|   32|          0|
    |wrow_53_fu_510        |  32|   0|   32|          0|
    |wrow_54_fu_514        |  32|   0|   32|          0|
    |wrow_55_fu_518        |  32|   0|   32|          0|
    |wrow_56_fu_522        |  32|   0|   32|          0|
    |wrow_57_fu_526        |  32|   0|   32|          0|
    |wrow_58_fu_530        |  32|   0|   32|          0|
    |wrow_59_fu_534        |  32|   0|   32|          0|
    |wrow_5_fu_318         |  32|   0|   32|          0|
    |wrow_60_fu_538        |  32|   0|   32|          0|
    |wrow_61_fu_542        |  32|   0|   32|          0|
    |wrow_62_fu_546        |  32|   0|   32|          0|
    |wrow_63_fu_550        |  32|   0|   32|          0|
    |wrow_6_fu_322         |  32|   0|   32|          0|
    |wrow_7_fu_326         |  32|   0|   32|          0|
    |wrow_8_fu_330         |  32|   0|   32|          0|
    |wrow_9_fu_334         |  32|   0|   32|          0|
    |wrow_fu_298           |  32|   0|   32|          0|
    +----------------------+----+----+-----+-----------+
    |Total                 |2071|   0| 2071|          0|
    +----------------------+----+----+-----+-----------+



================================================================
== Interface
================================================================
* Summary: 
+------------------------+-----+-----+------------+------------------------------------------------+--------------+
|        RTL Ports       | Dir | Bits|  Protocol  |                  Source Object                 |    C Type    |
+------------------------+-----+-----+------------+------------------------------------------------+--------------+
|ap_clk                  |   in|    1|  ap_ctrl_hs|  conv2_single_from_c1_Pipeline_VITIS_LOOP_101_1|  return value|
|ap_rst                  |   in|    1|  ap_ctrl_hs|  conv2_single_from_c1_Pipeline_VITIS_LOOP_101_1|  return value|
|ap_start                |   in|    1|  ap_ctrl_hs|  conv2_single_from_c1_Pipeline_VITIS_LOOP_101_1|  return value|
|ap_done                 |  out|    1|  ap_ctrl_hs|  conv2_single_from_c1_Pipeline_VITIS_LOOP_101_1|  return value|
|ap_idle                 |  out|    1|  ap_ctrl_hs|  conv2_single_from_c1_Pipeline_VITIS_LOOP_101_1|  return value|
|ap_ready                |  out|    1|  ap_ctrl_hs|  conv2_single_from_c1_Pipeline_VITIS_LOOP_101_1|  return value|
|zext_ln103              |   in|   11|     ap_none|                                      zext_ln103|        scalar|
|conv2_weights_address0  |  out|   11|   ap_memory|                                   conv2_weights|         array|
|conv2_weights_ce0       |  out|    1|   ap_memory|                                   conv2_weights|         array|
|conv2_weights_q0        |   in|   32|   ap_memory|                                   conv2_weights|         array|
|wrow_63_out             |  out|   32|      ap_vld|                                     wrow_63_out|       pointer|
|wrow_63_out_ap_vld      |  out|    1|      ap_vld|                                     wrow_63_out|       pointer|
|wrow_62_out             |  out|   32|      ap_vld|                                     wrow_62_out|       pointer|
|wrow_62_out_ap_vld      |  out|    1|      ap_vld|                                     wrow_62_out|       pointer|
|wrow_61_out             |  out|   32|      ap_vld|                                     wrow_61_out|       pointer|
|wrow_61_out_ap_vld      |  out|    1|      ap_vld|                                     wrow_61_out|       pointer|
|wrow_60_out             |  out|   32|      ap_vld|                                     wrow_60_out|       pointer|
|wrow_60_out_ap_vld      |  out|    1|      ap_vld|                                     wrow_60_out|       pointer|
|wrow_59_out             |  out|   32|      ap_vld|                                     wrow_59_out|       pointer|
|wrow_59_out_ap_vld      |  out|    1|      ap_vld|                                     wrow_59_out|       pointer|
|wrow_58_out             |  out|   32|      ap_vld|                                     wrow_58_out|       pointer|
|wrow_58_out_ap_vld      |  out|    1|      ap_vld|                                     wrow_58_out|       pointer|
|wrow_57_out             |  out|   32|      ap_vld|                                     wrow_57_out|       pointer|
|wrow_57_out_ap_vld      |  out|    1|      ap_vld|                                     wrow_57_out|       pointer|
|wrow_56_out             |  out|   32|      ap_vld|                                     wrow_56_out|       pointer|
|wrow_56_out_ap_vld      |  out|    1|      ap_vld|                                     wrow_56_out|       pointer|
|wrow_55_out             |  out|   32|      ap_vld|                                     wrow_55_out|       pointer|
|wrow_55_out_ap_vld      |  out|    1|      ap_vld|                                     wrow_55_out|       pointer|
|wrow_54_out             |  out|   32|      ap_vld|                                     wrow_54_out|       pointer|
|wrow_54_out_ap_vld      |  out|    1|      ap_vld|                                     wrow_54_out|       pointer|
|wrow_53_out             |  out|   32|      ap_vld|                                     wrow_53_out|       pointer|
|wrow_53_out_ap_vld      |  out|    1|      ap_vld|                                     wrow_53_out|       pointer|
|wrow_52_out             |  out|   32|      ap_vld|                                     wrow_52_out|       pointer|
|wrow_52_out_ap_vld      |  out|    1|      ap_vld|                                     wrow_52_out|       pointer|
|wrow_51_out             |  out|   32|      ap_vld|                                     wrow_51_out|       pointer|
|wrow_51_out_ap_vld      |  out|    1|      ap_vld|                                     wrow_51_out|       pointer|
|wrow_50_out             |  out|   32|      ap_vld|                                     wrow_50_out|       pointer|
|wrow_50_out_ap_vld      |  out|    1|      ap_vld|                                     wrow_50_out|       pointer|
|wrow_49_out             |  out|   32|      ap_vld|                                     wrow_49_out|       pointer|
|wrow_49_out_ap_vld      |  out|    1|      ap_vld|                                     wrow_49_out|       pointer|
|wrow_48_out             |  out|   32|      ap_vld|                                     wrow_48_out|       pointer|
|wrow_48_out_ap_vld      |  out|    1|      ap_vld|                                     wrow_48_out|       pointer|
|wrow_47_out             |  out|   32|      ap_vld|                                     wrow_47_out|       pointer|
|wrow_47_out_ap_vld      |  out|    1|      ap_vld|                                     wrow_47_out|       pointer|
|wrow_46_out             |  out|   32|      ap_vld|                                     wrow_46_out|       pointer|
|wrow_46_out_ap_vld      |  out|    1|      ap_vld|                                     wrow_46_out|       pointer|
|wrow_45_out             |  out|   32|      ap_vld|                                     wrow_45_out|       pointer|
|wrow_45_out_ap_vld      |  out|    1|      ap_vld|                                     wrow_45_out|       pointer|
|wrow_44_out             |  out|   32|      ap_vld|                                     wrow_44_out|       pointer|
|wrow_44_out_ap_vld      |  out|    1|      ap_vld|                                     wrow_44_out|       pointer|
|wrow_43_out             |  out|   32|      ap_vld|                                     wrow_43_out|       pointer|
|wrow_43_out_ap_vld      |  out|    1|      ap_vld|                                     wrow_43_out|       pointer|
|wrow_42_out             |  out|   32|      ap_vld|                                     wrow_42_out|       pointer|
|wrow_42_out_ap_vld      |  out|    1|      ap_vld|                                     wrow_42_out|       pointer|
|wrow_41_out             |  out|   32|      ap_vld|                                     wrow_41_out|       pointer|
|wrow_41_out_ap_vld      |  out|    1|      ap_vld|                                     wrow_41_out|       pointer|
|wrow_40_out             |  out|   32|      ap_vld|                                     wrow_40_out|       pointer|
|wrow_40_out_ap_vld      |  out|    1|      ap_vld|                                     wrow_40_out|       pointer|
|wrow_39_out             |  out|   32|      ap_vld|                                     wrow_39_out|       pointer|
|wrow_39_out_ap_vld      |  out|    1|      ap_vld|                                     wrow_39_out|       pointer|
|wrow_38_out             |  out|   32|      ap_vld|                                     wrow_38_out|       pointer|
|wrow_38_out_ap_vld      |  out|    1|      ap_vld|                                     wrow_38_out|       pointer|
|wrow_37_out             |  out|   32|      ap_vld|                                     wrow_37_out|       pointer|
|wrow_37_out_ap_vld      |  out|    1|      ap_vld|                                     wrow_37_out|       pointer|
|wrow_36_out             |  out|   32|      ap_vld|                                     wrow_36_out|       pointer|
|wrow_36_out_ap_vld      |  out|    1|      ap_vld|                                     wrow_36_out|       pointer|
|wrow_35_out             |  out|   32|      ap_vld|                                     wrow_35_out|       pointer|
|wrow_35_out_ap_vld      |  out|    1|      ap_vld|                                     wrow_35_out|       pointer|
|wrow_34_out             |  out|   32|      ap_vld|                                     wrow_34_out|       pointer|
|wrow_34_out_ap_vld      |  out|    1|      ap_vld|                                     wrow_34_out|       pointer|
|wrow_33_out             |  out|   32|      ap_vld|                                     wrow_33_out|       pointer|
|wrow_33_out_ap_vld      |  out|    1|      ap_vld|                                     wrow_33_out|       pointer|
|wrow_32_out             |  out|   32|      ap_vld|                                     wrow_32_out|       pointer|
|wrow_32_out_ap_vld      |  out|    1|      ap_vld|                                     wrow_32_out|       pointer|
|wrow_31_out             |  out|   32|      ap_vld|                                     wrow_31_out|       pointer|
|wrow_31_out_ap_vld      |  out|    1|      ap_vld|                                     wrow_31_out|       pointer|
|wrow_30_out             |  out|   32|      ap_vld|                                     wrow_30_out|       pointer|
|wrow_30_out_ap_vld      |  out|    1|      ap_vld|                                     wrow_30_out|       pointer|
|wrow_29_out             |  out|   32|      ap_vld|                                     wrow_29_out|       pointer|
|wrow_29_out_ap_vld      |  out|    1|      ap_vld|                                     wrow_29_out|       pointer|
|wrow_28_out             |  out|   32|      ap_vld|                                     wrow_28_out|       pointer|
|wrow_28_out_ap_vld      |  out|    1|      ap_vld|                                     wrow_28_out|       pointer|
|wrow_27_out             |  out|   32|      ap_vld|                                     wrow_27_out|       pointer|
|wrow_27_out_ap_vld      |  out|    1|      ap_vld|                                     wrow_27_out|       pointer|
|wrow_26_out             |  out|   32|      ap_vld|                                     wrow_26_out|       pointer|
|wrow_26_out_ap_vld      |  out|    1|      ap_vld|                                     wrow_26_out|       pointer|
|wrow_25_out             |  out|   32|      ap_vld|                                     wrow_25_out|       pointer|
|wrow_25_out_ap_vld      |  out|    1|      ap_vld|                                     wrow_25_out|       pointer|
|wrow_24_out             |  out|   32|      ap_vld|                                     wrow_24_out|       pointer|
|wrow_24_out_ap_vld      |  out|    1|      ap_vld|                                     wrow_24_out|       pointer|
|wrow_23_out             |  out|   32|      ap_vld|                                     wrow_23_out|       pointer|
|wrow_23_out_ap_vld      |  out|    1|      ap_vld|                                     wrow_23_out|       pointer|
|wrow_22_out             |  out|   32|      ap_vld|                                     wrow_22_out|       pointer|
|wrow_22_out_ap_vld      |  out|    1|      ap_vld|                                     wrow_22_out|       pointer|
|wrow_21_out             |  out|   32|      ap_vld|                                     wrow_21_out|       pointer|
|wrow_21_out_ap_vld      |  out|    1|      ap_vld|                                     wrow_21_out|       pointer|
|wrow_20_out             |  out|   32|      ap_vld|                                     wrow_20_out|       pointer|
|wrow_20_out_ap_vld      |  out|    1|      ap_vld|                                     wrow_20_out|       pointer|
|wrow_19_out             |  out|   32|      ap_vld|                                     wrow_19_out|       pointer|
|wrow_19_out_ap_vld      |  out|    1|      ap_vld|                                     wrow_19_out|       pointer|
|wrow_18_out             |  out|   32|      ap_vld|                                     wrow_18_out|       pointer|
|wrow_18_out_ap_vld      |  out|    1|      ap_vld|                                     wrow_18_out|       pointer|
|wrow_17_out             |  out|   32|      ap_vld|                                     wrow_17_out|       pointer|
|wrow_17_out_ap_vld      |  out|    1|      ap_vld|                                     wrow_17_out|       pointer|
|wrow_16_out             |  out|   32|      ap_vld|                                     wrow_16_out|       pointer|
|wrow_16_out_ap_vld      |  out|    1|      ap_vld|                                     wrow_16_out|       pointer|
|wrow_15_out             |  out|   32|      ap_vld|                                     wrow_15_out|       pointer|
|wrow_15_out_ap_vld      |  out|    1|      ap_vld|                                     wrow_15_out|       pointer|
|wrow_14_out             |  out|   32|      ap_vld|                                     wrow_14_out|       pointer|
|wrow_14_out_ap_vld      |  out|    1|      ap_vld|                                     wrow_14_out|       pointer|
|wrow_13_out             |  out|   32|      ap_vld|                                     wrow_13_out|       pointer|
|wrow_13_out_ap_vld      |  out|    1|      ap_vld|                                     wrow_13_out|       pointer|
|wrow_12_out             |  out|   32|      ap_vld|                                     wrow_12_out|       pointer|
|wrow_12_out_ap_vld      |  out|    1|      ap_vld|                                     wrow_12_out|       pointer|
|wrow_11_out             |  out|   32|      ap_vld|                                     wrow_11_out|       pointer|
|wrow_11_out_ap_vld      |  out|    1|      ap_vld|                                     wrow_11_out|       pointer|
|wrow_10_out             |  out|   32|      ap_vld|                                     wrow_10_out|       pointer|
|wrow_10_out_ap_vld      |  out|    1|      ap_vld|                                     wrow_10_out|       pointer|
|wrow_9_out              |  out|   32|      ap_vld|                                      wrow_9_out|       pointer|
|wrow_9_out_ap_vld       |  out|    1|      ap_vld|                                      wrow_9_out|       pointer|
|wrow_8_out              |  out|   32|      ap_vld|                                      wrow_8_out|       pointer|
|wrow_8_out_ap_vld       |  out|    1|      ap_vld|                                      wrow_8_out|       pointer|
|wrow_7_out              |  out|   32|      ap_vld|                                      wrow_7_out|       pointer|
|wrow_7_out_ap_vld       |  out|    1|      ap_vld|                                      wrow_7_out|       pointer|
|wrow_6_out              |  out|   32|      ap_vld|                                      wrow_6_out|       pointer|
|wrow_6_out_ap_vld       |  out|    1|      ap_vld|                                      wrow_6_out|       pointer|
|wrow_5_out              |  out|   32|      ap_vld|                                      wrow_5_out|       pointer|
|wrow_5_out_ap_vld       |  out|    1|      ap_vld|                                      wrow_5_out|       pointer|
|wrow_4_out              |  out|   32|      ap_vld|                                      wrow_4_out|       pointer|
|wrow_4_out_ap_vld       |  out|    1|      ap_vld|                                      wrow_4_out|       pointer|
|wrow_3_out              |  out|   32|      ap_vld|                                      wrow_3_out|       pointer|
|wrow_3_out_ap_vld       |  out|    1|      ap_vld|                                      wrow_3_out|       pointer|
|wrow_2_out              |  out|   32|      ap_vld|                                      wrow_2_out|       pointer|
|wrow_2_out_ap_vld       |  out|    1|      ap_vld|                                      wrow_2_out|       pointer|
|wrow_1_out              |  out|   32|      ap_vld|                                      wrow_1_out|       pointer|
|wrow_1_out_ap_vld       |  out|    1|      ap_vld|                                      wrow_1_out|       pointer|
|wrow_out                |  out|   32|      ap_vld|                                        wrow_out|       pointer|
|wrow_out_ap_vld         |  out|    1|      ap_vld|                                        wrow_out|       pointer|
+------------------------+-----+-----+------------+------------------------------------------------+--------------+

