

================================================================
== Vitis HLS Report for 'conv3_Pipeline_VITIS_LOOP_26_4_VITIS_LOOP_28_5'
================================================================
* Date:           Fri Oct 31 13:02:50 2025

* Version:        2023.1 (Build 3854077 on May  4 2023)
* Project:        srcnn_hls
* Solution:       solution1 (Vivado IP Flow Target)
* Product family: zynquplus
* Target device:  xck26-sfvc784-2LV-c


================================================================
== Performance Estimates
================================================================
+ Timing: 
    * Summary: 
    +--------+----------+----------+------------+
    |  Clock |  Target  | Estimated| Uncertainty|
    +--------+----------+----------+------------+
    |ap_clk  |  10.00 ns|  7.360 ns|     2.70 ns|
    +--------+----------+----------+------------+

+ Latency: 
    * Summary: 
    +---------+---------+-----------+-----------+------+------+---------+
    |  Latency (cycles) |   Latency (absolute)  |   Interval  | Pipeline|
    |   min   |   max   |    min    |    max    |  min |  max |   Type  |
    +---------+---------+-----------+-----------+------+------+---------+
    |     3213|     3213|  32.130 us|  32.130 us|  3213|  3213|       no|
    +---------+---------+-----------+-----------+------+------+---------+

    + Detail: 
        * Instance: 
        N/A

        * Loop: 
        +-----------------------------------+---------+---------+----------+-----------+-----------+------+----------+
        |                                   |  Latency (cycles) | Iteration|  Initiation Interval  | Trip |          |
        |             Loop Name             |   min   |   max   |  Latency |  achieved |   target  | Count| Pipelined|
        +-----------------------------------+---------+---------+----------+-----------+-----------+------+----------+
        |- VITIS_LOOP_26_4_VITIS_LOOP_28_5  |     3211|     3211|        32|         20|          1|   160|       yes|
        +-----------------------------------+---------+---------+----------+-----------+-----------+------+----------+



================================================================
== Utilization Estimates
================================================================
* Summary: 
+-----------------+---------+------+--------+--------+-----+
|       Name      | BRAM_18K|  DSP |   FF   |   LUT  | URAM|
+-----------------+---------+------+--------+--------+-----+
|DSP              |        -|     -|       -|       -|    -|
|Expression       |        -|     -|       0|    9456|    -|
|FIFO             |        -|     -|       -|       -|    -|
|Instance         |        -|     0|       0|      23|    -|
|Memory           |        -|     -|       -|       -|    -|
|Multiplexer      |        -|     -|       -|     386|    -|
|Register         |        -|     -|    1592|       -|    -|
+-----------------+---------+------+--------+--------+-----+
|Total            |        0|     0|    1592|    9865|    0|
+-----------------+---------+------+--------+--------+-----+
|Available        |      288|  1248|  234240|  117120|   64|
+-----------------+---------+------+--------+--------+-----+
|Utilization (%)  |        0|     0|      ~0|       8|    0|
+-----------------+---------+------+--------+--------+-----+

+ Detail: 
    * Instance: 
    +------------------------+--------------------+---------+----+---+----+-----+
    |        Instance        |       Module       | BRAM_18K| DSP| FF| LUT| URAM|
    +------------------------+--------------------+---------+----+---+----+-----+
    |mul_6ns_6ns_10_1_1_U25  |mul_6ns_6ns_10_1_1  |        0|   0|  0|  23|    0|
    +------------------------+--------------------+---------+----+---+----+-----+
    |Total                   |                    |        0|   0|  0|  23|    0|
    +------------------------+--------------------+---------+----+---+----+-----+

    * DSP: 
    N/A

    * Memory: 
    N/A

    * FIFO: 
    N/A

    * Expression: 
    +----------------------------+----------+----+---+-----+------------+------------+
    |        Variable Name       | Operation| DSP| FF| LUT | Bitwidth P0| Bitwidth P1|
    +----------------------------+----------+----+---+-----+------------+------------+
    |add_ln1432_1_fu_742_p2      |         +|   0|  0|   16|           9|           3|
    |add_ln1432_2_fu_815_p2      |         +|   0|  0|   16|           9|           2|
    |add_ln1432_3_fu_825_p2      |         +|   0|  0|   15|           8|           1|
    |add_ln1432_4_fu_1065_p2     |         +|   0|  0|   16|           9|           2|
    |add_ln1432_5_fu_429_p2      |         +|   0|  0|   16|           9|           3|
    |add_ln1432_fu_439_p2        |         +|   0|  0|   17|          10|          10|
    |add_ln26_1_fu_347_p2        |         +|   0|  0|   15|           8|           1|
    |add_ln26_fu_359_p2          |         +|   0|  0|   13|           6|           1|
    |add_ln28_fu_2393_p2         |         +|   0|  0|   10|           3|           1|
    |add_ln33_10_fu_1437_p2      |         +|   0|  0|   21|          21|          21|
    |add_ln33_11_fu_1725_p2      |         +|   0|  0|   23|          16|          16|
    |add_ln33_12_fu_1752_p2      |         +|   0|  0|   21|          21|          21|
    |add_ln33_13_fu_801_p2       |         +|   0|  0|   23|          16|          16|
    |add_ln33_14_fu_1128_p2      |         +|   0|  0|   21|          21|          21|
    |add_ln33_15_fu_2037_p2      |         +|   0|  0|   23|          16|          16|
    |add_ln33_16_fu_2064_p2      |         +|   0|  0|   21|          21|          21|
    |add_ln33_17_fu_2352_p2      |         +|   0|  0|   23|          16|          16|
    |add_ln33_18_fu_2379_p2      |         +|   0|  0|   21|          21|          21|
    |add_ln33_1_fu_702_p2        |         +|   0|  0|   18|          10|           4|
    |add_ln33_2_fu_707_p2        |         +|   0|  0|   18|          10|           4|
    |add_ln33_3_fu_712_p2        |         +|   0|  0|   18|          10|           5|
    |add_ln33_4_fu_407_p2        |         +|   0|  0|   17|          10|          10|
    |add_ln33_5_fu_418_p2        |         +|   0|  0|   18|          10|          10|
    |add_ln33_6_fu_717_p2        |         +|   0|  0|   18|          10|          10|
    |add_ln33_7_fu_727_p2        |         +|   0|  0|   18|          10|          10|
    |add_ln33_8_fu_737_p2        |         +|   0|  0|   18|          10|          10|
    |add_ln33_9_fu_1410_p2       |         +|   0|  0|   23|          16|          16|
    |add_ln33_fu_397_p2          |         +|   0|  0|   18|          10|           3|
    |add_ln515_1_fu_1307_p2      |         +|   0|  0|   19|          12|          11|
    |add_ln515_2_fu_1618_p2      |         +|   0|  0|   19|          12|          11|
    |add_ln515_3_fu_614_p2       |         +|   0|  0|   19|          12|          11|
    |add_ln515_4_fu_1930_p2      |         +|   0|  0|   19|          12|          11|
    |add_ln515_5_fu_2245_p2      |         +|   0|  0|   19|          12|          11|
    |add_ln515_fu_1011_p2        |         +|   0|  0|   19|          12|          11|
    |result_2_fu_1099_p2         |         -|   0|  0|   28|           1|          21|
    |sub_ln18_1_fu_1321_p2       |         -|   0|  0|   18|          10|          11|
    |sub_ln18_2_fu_1632_p2       |         -|   0|  0|   18|          10|          11|
    |sub_ln18_3_fu_628_p2        |         -|   0|  0|   18|          10|          11|
    |sub_ln18_4_fu_1944_p2       |         -|   0|  0|   18|          10|          11|
    |sub_ln18_5_fu_2259_p2       |         -|   0|  0|   18|          10|          11|
    |sub_ln18_fu_1025_p2         |         -|   0|  0|   18|          10|          11|
    |sub_ln33_1_fu_1431_p2       |         -|   0|  0|   21|          21|          21|
    |sub_ln33_2_fu_1746_p2       |         -|   0|  0|   21|          21|          21|
    |sub_ln33_3_fu_1122_p2       |         -|   0|  0|   21|          21|          21|
    |sub_ln33_4_fu_2058_p2       |         -|   0|  0|   21|          21|          21|
    |sub_ln33_5_fu_2373_p2       |         -|   0|  0|   21|          21|          21|
    |sub_ln33_fu_692_p2          |         -|   0|  0|   22|          15|          15|
    |sub_ln59_1_fu_1707_p2       |         -|   0|  0|   20|           1|          13|
    |sub_ln59_2_fu_783_p2        |         -|   0|  0|   20|           1|          13|
    |sub_ln59_3_fu_2019_p2       |         -|   0|  0|   20|           1|          13|
    |sub_ln59_4_fu_2334_p2       |         -|   0|  0|   20|           1|          13|
    |sub_ln59_fu_1392_p2         |         -|   0|  0|   20|           1|          13|
    |and_ln18_10_fu_2133_p2      |       and|   0|  0|    2|           1|           1|
    |and_ln18_11_fu_2185_p2      |       and|   0|  0|    2|           1|           1|
    |and_ln18_1_fu_943_p2        |       and|   0|  0|    2|           1|           1|
    |and_ln18_2_fu_1195_p2       |       and|   0|  0|    2|           1|           1|
    |and_ln18_3_fu_1247_p2       |       and|   0|  0|    2|           1|           1|
    |and_ln18_4_fu_1506_p2       |       and|   0|  0|    2|           1|           1|
    |and_ln18_5_fu_1558_p2       |       and|   0|  0|    2|           1|           1|
    |and_ln18_6_fu_502_p2        |       and|   0|  0|    2|           1|           1|
    |and_ln18_7_fu_554_p2        |       and|   0|  0|    2|           1|           1|
    |and_ln18_8_fu_1818_p2       |       and|   0|  0|    2|           1|           1|
    |and_ln18_9_fu_1870_p2       |       and|   0|  0|    2|           1|           1|
    |and_ln18_fu_891_p2          |       and|   0|  0|    2|           1|           1|
    |and_ln25_1_fu_1177_p2       |       and|   0|  0|    2|           1|           1|
    |and_ln25_2_fu_1488_p2       |       and|   0|  0|    2|           1|           1|
    |and_ln25_3_fu_484_p2        |       and|   0|  0|    2|           1|           1|
    |and_ln25_4_fu_1800_p2       |       and|   0|  0|    2|           1|           1|
    |and_ln25_5_fu_2115_p2       |       and|   0|  0|    2|           1|           1|
    |and_ln25_fu_873_p2          |       and|   0|  0|    2|           1|           1|
    |icmp_ln18_10_fu_490_p2      |      icmp|   0|  0|   18|          11|           2|
    |icmp_ln18_11_fu_542_p2      |      icmp|   0|  0|   18|          11|           2|
    |icmp_ln18_12_fu_548_p2      |      icmp|   0|  0|   59|          52|           1|
    |icmp_ln18_13_fu_1806_p2     |      icmp|   0|  0|   18|          11|           2|
    |icmp_ln18_14_fu_1858_p2     |      icmp|   0|  0|   18|          11|           2|
    |icmp_ln18_15_fu_1864_p2     |      icmp|   0|  0|   59|          52|           1|
    |icmp_ln18_16_fu_2121_p2     |      icmp|   0|  0|   18|          11|           2|
    |icmp_ln18_17_fu_2173_p2     |      icmp|   0|  0|   18|          11|           2|
    |icmp_ln18_18_fu_2179_p2     |      icmp|   0|  0|   59|          52|           1|
    |icmp_ln18_2_fu_931_p2       |      icmp|   0|  0|   18|          11|           2|
    |icmp_ln18_3_fu_937_p2       |      icmp|   0|  0|   59|          52|           1|
    |icmp_ln18_4_fu_1183_p2      |      icmp|   0|  0|   18|          11|           2|
    |icmp_ln18_5_fu_1235_p2      |      icmp|   0|  0|   18|          11|           2|
    |icmp_ln18_6_fu_1241_p2      |      icmp|   0|  0|   59|          52|           1|
    |icmp_ln18_7_fu_1494_p2      |      icmp|   0|  0|   18|          11|           2|
    |icmp_ln18_8_fu_1546_p2      |      icmp|   0|  0|   18|          11|           2|
    |icmp_ln18_9_fu_1552_p2      |      icmp|   0|  0|   59|          52|           1|
    |icmp_ln18_fu_879_p2         |      icmp|   0|  0|   18|          11|           2|
    |icmp_ln25_10_fu_1794_p2     |      icmp|   0|  0|   59|          52|           1|
    |icmp_ln25_11_fu_2103_p2     |      icmp|   0|  0|   18|          11|           1|
    |icmp_ln25_12_fu_2109_p2     |      icmp|   0|  0|   59|          52|           1|
    |icmp_ln25_2_fu_867_p2       |      icmp|   0|  0|   59|          52|           1|
    |icmp_ln25_3_fu_1165_p2      |      icmp|   0|  0|   18|          11|           1|
    |icmp_ln25_4_fu_1171_p2      |      icmp|   0|  0|   59|          52|           1|
    |icmp_ln25_5_fu_1476_p2      |      icmp|   0|  0|   18|          11|           1|
    |icmp_ln25_6_fu_1482_p2      |      icmp|   0|  0|   59|          52|           1|
    |icmp_ln25_7_fu_472_p2       |      icmp|   0|  0|   18|          11|           1|
    |icmp_ln25_8_fu_478_p2       |      icmp|   0|  0|   59|          52|           1|
    |icmp_ln25_9_fu_1788_p2      |      icmp|   0|  0|   18|          11|           1|
    |icmp_ln25_fu_861_p2         |      icmp|   0|  0|   18|          11|           1|
    |icmp_ln26_fu_341_p2         |      icmp|   0|  0|   15|           8|           8|
    |icmp_ln28_fu_365_p2         |      icmp|   0|  0|   10|           3|           3|
    |ymaggreater_11_fu_2191_p2   |      icmp|   0|  0|   71|          64|          63|
    |ymaggreater_1_fu_949_p2     |      icmp|   0|  0|   71|          64|          63|
    |ymaggreater_3_fu_1253_p2    |      icmp|   0|  0|   71|          64|          63|
    |ymaggreater_5_fu_1564_p2    |      icmp|   0|  0|   71|          64|          63|
    |ymaggreater_7_fu_560_p2     |      icmp|   0|  0|   71|          64|          63|
    |ymaggreater_9_fu_1876_p2    |      icmp|   0|  0|   71|          64|          63|
    |lshr_ln18_1_fu_1347_p2      |      lshr|   0|  0|  460|         137|         137|
    |lshr_ln18_2_fu_1658_p2      |      lshr|   0|  0|  460|         137|         137|
    |lshr_ln18_3_fu_654_p2       |      lshr|   0|  0|  460|         137|         137|
    |lshr_ln18_4_fu_1970_p2      |      lshr|   0|  0|  460|         137|         137|
    |lshr_ln18_5_fu_2285_p2      |      lshr|   0|  0|  460|         137|         137|
    |lshr_ln18_fu_1051_p2        |      lshr|   0|  0|  460|         137|         137|
    |or_ln18_10_fu_1830_p2       |        or|   0|  0|    2|           1|           1|
    |or_ln18_11_fu_2139_p2       |        or|   0|  0|    2|           1|           1|
    |or_ln18_12_fu_2145_p2       |        or|   0|  0|    2|           1|           1|
    |or_ln18_2_fu_903_p2         |        or|   0|  0|    2|           1|           1|
    |or_ln18_3_fu_1201_p2        |        or|   0|  0|    2|           1|           1|
    |or_ln18_4_fu_1207_p2        |        or|   0|  0|    2|           1|           1|
    |or_ln18_5_fu_1512_p2        |        or|   0|  0|    2|           1|           1|
    |or_ln18_6_fu_1518_p2        |        or|   0|  0|    2|           1|           1|
    |or_ln18_7_fu_508_p2         |        or|   0|  0|    2|           1|           1|
    |or_ln18_8_fu_514_p2         |        or|   0|  0|    2|           1|           1|
    |or_ln18_9_fu_1824_p2        |        or|   0|  0|    2|           1|           1|
    |or_ln18_fu_897_p2           |        or|   0|  0|    2|           1|           1|
    |data_12_fu_909_p3           |    select|   0|  0|   64|           1|           1|
    |data_13_fu_1213_p3          |    select|   0|  0|   64|           1|           1|
    |data_14_fu_1524_p3          |    select|   0|  0|   64|           1|           1|
    |data_15_fu_520_p3           |    select|   0|  0|   64|           1|           1|
    |data_16_fu_1836_p3          |    select|   0|  0|   64|           1|           1|
    |data_17_fu_2151_p3          |    select|   0|  0|   64|           1|           1|
    |data_fu_963_p3              |    select|   0|  0|   64|           1|          63|
    |result_fu_1105_p3           |    select|   0|  0|   20|           1|          21|
    |select_ln18_10_fu_2269_p3   |    select|   0|  0|   11|           1|          12|
    |select_ln18_11_fu_2327_p3   |    select|   0|  0|   12|           1|          13|
    |select_ln18_2_fu_1331_p3    |    select|   0|  0|   11|           1|          12|
    |select_ln18_3_fu_1385_p3    |    select|   0|  0|   12|           1|          13|
    |select_ln18_4_fu_1642_p3    |    select|   0|  0|   11|           1|          12|
    |select_ln18_5_fu_1700_p3    |    select|   0|  0|   12|           1|          13|
    |select_ln18_6_fu_638_p3     |    select|   0|  0|   11|           1|          12|
    |select_ln18_7_fu_776_p3     |    select|   0|  0|   12|           1|          13|
    |select_ln18_8_fu_1954_p3    |    select|   0|  0|   11|           1|          12|
    |select_ln18_9_fu_2012_p3    |    select|   0|  0|   12|           1|          13|
    |select_ln18_fu_1035_p3      |    select|   0|  0|   11|           1|          12|
    |select_ln26_1_fu_379_p3     |    select|   0|  0|    6|           1|           6|
    |select_ln26_fu_371_p3       |    select|   0|  0|    3|           1|           1|
    |select_ln488_10_fu_2197_p3  |    select|   0|  0|   64|           1|          64|
    |select_ln488_11_fu_2205_p3  |    select|   0|  0|   64|           1|          63|
    |select_ln488_2_fu_1259_p3   |    select|   0|  0|   64|           1|          64|
    |select_ln488_3_fu_1267_p3   |    select|   0|  0|   64|           1|          63|
    |select_ln488_4_fu_1570_p3   |    select|   0|  0|   64|           1|          64|
    |select_ln488_5_fu_1578_p3   |    select|   0|  0|   64|           1|          63|
    |select_ln488_6_fu_566_p3    |    select|   0|  0|   64|           1|          64|
    |select_ln488_7_fu_574_p3    |    select|   0|  0|   64|           1|          63|
    |select_ln488_8_fu_1882_p3   |    select|   0|  0|   64|           1|          64|
    |select_ln488_9_fu_1890_p3   |    select|   0|  0|   64|           1|          63|
    |select_ln488_fu_955_p3      |    select|   0|  0|   64|           1|          64|
    |select_ln59_1_fu_1713_p3    |    select|   0|  0|   12|           1|          13|
    |select_ln59_2_fu_789_p3     |    select|   0|  0|   12|           1|          13|
    |select_ln59_3_fu_2025_p3    |    select|   0|  0|   12|           1|          13|
    |select_ln59_4_fu_2340_p3    |    select|   0|  0|   12|           1|          13|
    |select_ln59_fu_1398_p3      |    select|   0|  0|   12|           1|          13|
    |val_fu_1092_p3              |    select|   0|  0|   20|           1|          21|
    |shl_ln18_1_fu_1368_p2       |       shl|   0|  0|  460|         137|         137|
    |shl_ln18_2_fu_1683_p2       |       shl|   0|  0|  460|         137|         137|
    |shl_ln18_3_fu_759_p2        |       shl|   0|  0|  460|         137|         137|
    |shl_ln18_4_fu_1995_p2       |       shl|   0|  0|  460|         137|         137|
    |shl_ln18_5_fu_2310_p2       |       shl|   0|  0|  460|         137|         137|
    |shl_ln18_fu_1075_p2         |       shl|   0|  0|  460|         137|         137|
    |ap_enable_pp0               |       xor|   0|  0|    2|           1|           2|
    |xor_ln18_1_fu_1189_p2       |       xor|   0|  0|    2|           1|           2|
    |xor_ln18_2_fu_1500_p2       |       xor|   0|  0|    2|           1|           2|
    |xor_ln18_3_fu_496_p2        |       xor|   0|  0|    2|           1|           2|
    |xor_ln18_4_fu_1812_p2       |       xor|   0|  0|    2|           1|           2|
    |xor_ln18_5_fu_2127_p2       |       xor|   0|  0|    2|           1|           2|
    |xor_ln18_fu_885_p2          |       xor|   0|  0|    2|           1|           2|
    +----------------------------+----------+----+---+-----+------------+------------+
    |Total                       |          |   0|  0| 9456|        3540|        3751|
    +----------------------------+----------+----+---+-----+------------+------------+

    * Multiplexer: 
    +--------------------------------------+-----+-----------+-----+-----------+
    |                 Name                 | LUT | Input Size| Bits| Total Bits|
    +--------------------------------------+-----+-----------+-----+-----------+
    |ap_NS_fsm                             |  106|         21|    1|         21|
    |ap_done_int                           |    9|          2|    1|          2|
    |ap_enable_reg_pp0_iter0               |    9|          2|    1|          2|
    |ap_enable_reg_pp0_iter0_reg           |    9|          2|    1|          2|
    |ap_enable_reg_pp0_iter1               |    9|          2|    1|          2|
    |ap_sig_allocacmp_in_feat_load         |    9|          2|    6|         12|
    |ap_sig_allocacmp_indvar_flatten_load  |    9|          2|    8|         16|
    |ap_sig_allocacmp_kernel_x_load        |    9|          2|    3|          6|
    |conv3_weights_address0                |   20|          4|   10|         40|
    |conv3_weights_address1                |   14|          3|   10|         30|
    |convolution_fu_134                    |    9|          2|   32|         64|
    |grp_fu_275_p0                         |   14|          3|   32|         96|
    |grp_fu_275_p1                         |   26|          5|   32|        160|
    |grp_fu_279_p0                         |   31|          6|   32|        192|
    |grp_fu_279_p1                         |   14|          3|   32|         96|
    |grp_fu_283_p0                         |   31|          6|   32|        192|
    |in_feat_fu_142                        |    9|          2|    6|         12|
    |indvar_flatten_fu_146                 |    9|          2|    8|         16|
    |kernel_x_fu_138                       |    9|          2|    3|          6|
    |layer2_output_address0                |   31|          6|   21|        126|
    +--------------------------------------+-----+-----------+-----+-----------+
    |Total                                 |  386|         79|  272|       1093|
    +--------------------------------------+-----+-----------+-----+-----------+

    * Register: 
    +-------------------------------+----+----+-----+-----------+
    |              Name             | FF | LUT| Bits| Const Bits|
    +-------------------------------+----+----+-----+-----------+
    |add_ln33_13_reg_2560           |  16|   0|   16|          0|
    |add_ln33_8_reg_2540            |  10|   0|   10|          0|
    |ap_CS_fsm                      |  20|   0|   20|          0|
    |ap_done_reg                    |   1|   0|    1|          0|
    |ap_enable_reg_pp0_iter0_reg    |   1|   0|    1|          0|
    |ap_enable_reg_pp0_iter1        |   1|   0|    1|          0|
    |conv3_weights_load_1_reg_2555  |  32|   0|   32|          0|
    |conv3_weights_load_2_reg_2580  |  32|   0|   32|          0|
    |conv3_weights_load_3_reg_2585  |  32|   0|   32|          0|
    |conv3_weights_load_4_reg_2595  |  32|   0|   32|          0|
    |conv3_weights_load_reg_2550    |  32|   0|   32|          0|
    |convolution_fu_134             |  32|   0|   32|          0|
    |icmp_ln26_reg_2453             |   1|   0|    1|          0|
    |in_feat_fu_142                 |   6|   0|    6|          0|
    |indvar_flatten_fu_146          |   8|   0|    8|          0|
    |kernel_x_fu_138                |   3|   0|    3|          0|
    |mul_1_reg_2793                 |  32|   0|   32|          0|
    |mul_2_reg_2723                 |  32|   0|   32|          0|
    |mul_4_reg_2813                 |  32|   0|   32|          0|
    |mul_ln33_reg_2468              |  10|   0|   10|          0|
    |reg_286                        |  64|   0|   64|          0|
    |reg_290                        |  32|   0|   32|          0|
    |reg_295                        |  32|   0|   32|          0|
    |reg_300                        |  32|   0|   32|          0|
    |reg_305                        |  32|   0|   32|          0|
    |result_reg_2630                |  21|   0|   21|          0|
    |select_ln26_1_reg_2462         |   6|   0|    6|          0|
    |select_ln26_reg_2457           |   3|   0|    3|          0|
    |select_ln488_11_reg_2768       |  64|   0|   64|          0|
    |select_ln488_3_reg_2648        |  64|   0|   64|          0|
    |select_ln488_5_reg_2688        |  64|   0|   64|          0|
    |select_ln488_7_reg_2497        |  64|   0|   64|          0|
    |select_ln488_9_reg_2728        |  64|   0|   64|          0|
    |sext_ln33_reg_2522             |  16|   0|   16|          0|
    |tmp_13_reg_2698                |   1|   0|    1|          0|
    |tmp_14_reg_2708                |   1|   0|    1|          0|
    |tmp_19_reg_2507                |   1|   0|    1|          0|
    |tmp_1_reg_2620                 |   1|   0|    1|          0|
    |tmp_20_reg_2517                |   1|   0|    1|          0|
    |tmp_23_reg_2738                |   1|   0|    1|          0|
    |tmp_24_reg_2748                |   1|   0|    1|          0|
    |tmp_27_reg_2778                |   1|   0|    1|          0|
    |tmp_28_reg_2788                |   1|   0|    1|          0|
    |tmp_7_reg_2658                 |   1|   0|    1|          0|
    |tmp_8_reg_2668                 |   1|   0|    1|          0|
    |tmp_reg_2610                   |   1|   0|    1|          0|
    |trunc_ln33_2_reg_2565          |  13|   0|   13|          0|
    |x_assign_3_1_reg_2638          |  64|   0|   64|          0|
    |x_assign_3_4_reg_2683          |  64|   0|   64|          0|
    |xs_sign_reg_2600               |   1|   0|    1|          0|
    |zext_ln13_1_cast_reg_2446      |   8|   0|    9|          1|
    |zext_ln15_reg_2605             |  52|   0|  137|         85|
    |zext_ln18_1_reg_2663           |  32|   0|  137|        105|
    |zext_ln18_2_reg_2703           |  32|   0|  137|        105|
    |zext_ln18_3_reg_2512           |  32|   0|  137|        105|
    |zext_ln18_4_reg_2743           |  32|   0|  137|        105|
    |zext_ln18_5_reg_2783           |  32|   0|  137|        105|
    |zext_ln18_reg_2615             |  32|   0|  137|        105|
    |zext_ln33_3_reg_2475           |   3|   0|   10|          7|
    |zext_ln515_1_reg_2653          |  52|   0|  137|         85|
    |zext_ln515_3_reg_2693          |  52|   0|  137|         85|
    |zext_ln515_5_reg_2502          |  52|   0|  137|         85|
    |zext_ln515_7_reg_2733          |  52|   0|  137|         85|
    |zext_ln515_9_reg_2773          |  52|   0|  137|         85|
    +-------------------------------+----+----+-----+-----------+
    |Total                          |1592|   0| 2740|       1148|
    +-------------------------------+----+----+-----+-----------+



================================================================
== Interface
================================================================
* Summary: 
+------------------------+-----+-----+------------+------------------------------------------------+--------------+
|        RTL Ports       | Dir | Bits|  Protocol  |                  Source Object                 |    C Type    |
+------------------------+-----+-----+------------+------------------------------------------------+--------------+
|ap_clk                  |   in|    1|  ap_ctrl_hs|  conv3_Pipeline_VITIS_LOOP_26_4_VITIS_LOOP_28_5|  return value|
|ap_rst                  |   in|    1|  ap_ctrl_hs|  conv3_Pipeline_VITIS_LOOP_26_4_VITIS_LOOP_28_5|  return value|
|ap_start                |   in|    1|  ap_ctrl_hs|  conv3_Pipeline_VITIS_LOOP_26_4_VITIS_LOOP_28_5|  return value|
|ap_done                 |  out|    1|  ap_ctrl_hs|  conv3_Pipeline_VITIS_LOOP_26_4_VITIS_LOOP_28_5|  return value|
|ap_idle                 |  out|    1|  ap_ctrl_hs|  conv3_Pipeline_VITIS_LOOP_26_4_VITIS_LOOP_28_5|  return value|
|ap_ready                |  out|    1|  ap_ctrl_hs|  conv3_Pipeline_VITIS_LOOP_26_4_VITIS_LOOP_28_5|  return value|
|grp_fu_112_p_din0       |  out|   32|  ap_ctrl_hs|  conv3_Pipeline_VITIS_LOOP_26_4_VITIS_LOOP_28_5|  return value|
|grp_fu_112_p_din1       |  out|   32|  ap_ctrl_hs|  conv3_Pipeline_VITIS_LOOP_26_4_VITIS_LOOP_28_5|  return value|
|grp_fu_112_p_opcode     |  out|    2|  ap_ctrl_hs|  conv3_Pipeline_VITIS_LOOP_26_4_VITIS_LOOP_28_5|  return value|
|grp_fu_112_p_dout0      |   in|   32|  ap_ctrl_hs|  conv3_Pipeline_VITIS_LOOP_26_4_VITIS_LOOP_28_5|  return value|
|grp_fu_112_p_ce         |  out|    1|  ap_ctrl_hs|  conv3_Pipeline_VITIS_LOOP_26_4_VITIS_LOOP_28_5|  return value|
|grp_fu_407_p_din0       |  out|   32|  ap_ctrl_hs|  conv3_Pipeline_VITIS_LOOP_26_4_VITIS_LOOP_28_5|  return value|
|grp_fu_407_p_din1       |  out|   32|  ap_ctrl_hs|  conv3_Pipeline_VITIS_LOOP_26_4_VITIS_LOOP_28_5|  return value|
|grp_fu_407_p_dout0      |   in|   32|  ap_ctrl_hs|  conv3_Pipeline_VITIS_LOOP_26_4_VITIS_LOOP_28_5|  return value|
|grp_fu_407_p_ce         |  out|    1|  ap_ctrl_hs|  conv3_Pipeline_VITIS_LOOP_26_4_VITIS_LOOP_28_5|  return value|
|grp_fu_411_p_din0       |  out|   32|  ap_ctrl_hs|  conv3_Pipeline_VITIS_LOOP_26_4_VITIS_LOOP_28_5|  return value|
|grp_fu_411_p_dout0      |   in|   64|  ap_ctrl_hs|  conv3_Pipeline_VITIS_LOOP_26_4_VITIS_LOOP_28_5|  return value|
|grp_fu_411_p_ce         |  out|    1|  ap_ctrl_hs|  conv3_Pipeline_VITIS_LOOP_26_4_VITIS_LOOP_28_5|  return value|
|conv3_weights_address0  |  out|   10|   ap_memory|                                   conv3_weights|         array|
|conv3_weights_ce0       |  out|    1|   ap_memory|                                   conv3_weights|         array|
|conv3_weights_q0        |   in|   32|   ap_memory|                                   conv3_weights|         array|
|conv3_weights_address1  |  out|   10|   ap_memory|                                   conv3_weights|         array|
|conv3_weights_ce1       |  out|    1|   ap_memory|                                   conv3_weights|         array|
|conv3_weights_q1        |   in|   32|   ap_memory|                                   conv3_weights|         array|
|zext_ln26               |   in|    8|     ap_none|                                       zext_ln26|        scalar|
|zext_ln13_1             |   in|    8|     ap_none|                                     zext_ln13_1|        scalar|
|bitcast_ln13            |   in|   64|     ap_none|                                    bitcast_ln13|        scalar|
|select_ln13_1           |   in|    8|     ap_none|                                   select_ln13_1|        scalar|
|convolution_out         |  out|   32|      ap_vld|                                 convolution_out|       pointer|
|convolution_out_ap_vld  |  out|    1|      ap_vld|                                 convolution_out|       pointer|
|layer2_output_address0  |  out|   21|   ap_memory|                                   layer2_output|         array|
|layer2_output_ce0       |  out|    1|   ap_memory|                                   layer2_output|         array|
|layer2_output_q0        |   in|   32|   ap_memory|                                   layer2_output|         array|
+------------------------+-----+-----+------------+------------------------------------------------+--------------+

