

================================================================
== Vitis HLS Report for 'conv3_from_precomputed_conv2'
================================================================
* Date:           Tue Oct 28 14:00:56 2025

* Version:        2023.1 (Build 3854077 on May  4 2023)
* Project:        srcnn_hls
* Solution:       solution1 (Vivado IP Flow Target)
* Product family: zynquplus
* Target device:  xck26-sfvc784-2LV-c


================================================================
== Performance Estimates
================================================================
+ Timing: 
    * Summary: 
    +--------+----------+----------+------------+
    |  Clock |  Target  | Estimated| Uncertainty|
    +--------+----------+----------+------------+
    |ap_clk  |  10.00 ns|  7.016 ns|     2.70 ns|
    +--------+----------+----------+------------+

+ Latency: 
    * Summary: 
    +---------+-----------+-----------+-----------+------+-----------+---------+
    |   Latency (cycles)  |   Latency (absolute)  |     Interval     | Pipeline|
    |   min   |    max    |    min    |    max    |  min |    max    |   Type  |
    +---------+-----------+-----------+-----------+------+-----------+---------+
    |     6787|  441259651|  67.870 us|  4.413 sec|  6787|  441259651|       no|
    +---------+-----------+-----------+-----------+------+-----------+---------+

    + Detail: 
        * Instance: 
        +------------------------------------------------------------------------------------+-------------------------------------------------------------------------+---------+---------+----------+----------+-----+-----+---------+
        |                                                                                    |                                                                         |  Latency (cycles) |  Latency (absolute) |  Interval | Pipeline|
        |                                      Instance                                      |                                  Module                                 |   min   |   max   |    min   |    max   | min | max |   Type  |
        +------------------------------------------------------------------------------------+-------------------------------------------------------------------------+---------+---------+----------+----------+-----+-----+---------+
        |grp_conv3_from_precomputed_conv2_Pipeline_VITIS_LOOP_186_5_VITIS_LOOP_187_6_fu_261  |conv3_from_precomputed_conv2_Pipeline_VITIS_LOOP_186_5_VITIS_LOOP_187_6  |       52|       52|  0.520 us|  0.520 us|   52|   52|       no|
        |grp_conv3_from_precomputed_conv2_Pipeline_VITIS_LOOP_192_7_VITIS_LOOP_193_8_fu_293  |conv3_from_precomputed_conv2_Pipeline_VITIS_LOOP_192_7_VITIS_LOOP_193_8  |      155|      155|  1.550 us|  1.550 us|  155|  155|       no|
        +------------------------------------------------------------------------------------+-------------------------------------------------------------------------+---------+---------+----------+----------+-----+-----+---------+

        * Loop: 
        +-------------------------------------+---------+-----------+----------+-----------+-----------+-----------+----------+
        |                                     |   Latency (cycles)  | Iteration|  Initiation Interval  |    Trip   |          |
        |              Loop Name              |   min   |    max    |  Latency |  achieved |   target  |   Count   | Pipelined|
        +-------------------------------------+---------+-----------+----------+-----------+-----------+-----------+----------+
        |- VITIS_LOOP_176_1_VITIS_LOOP_177_2  |     6786|  441259650|      6786|          -|          -|  1 ~ 65025|        no|
        | + VITIS_LOOP_182_4                  |     6784|       6784|       212|          -|          -|         32|        no|
        +-------------------------------------+---------+-----------+----------+-----------+-----------+-----------+----------+



================================================================
== Utilization Estimates
================================================================
* Summary: 
+-----------------+---------+------+--------+--------+-----+
|       Name      | BRAM_18K|  DSP |   FF   |   LUT  | URAM|
+-----------------+---------+------+--------+--------+-----+
|DSP              |        -|     -|       -|       -|    -|
|Expression       |        -|     -|       0|     298|    -|
|FIFO             |        -|     -|       -|       -|    -|
|Instance         |        -|     0|     992|    1124|    -|
|Memory           |        -|     -|       -|       -|    -|
|Multiplexer      |        -|     -|       -|     106|    -|
|Register         |        -|     -|     231|       -|    -|
+-----------------+---------+------+--------+--------+-----+
|Total            |        0|     0|    1223|    1528|    0|
+-----------------+---------+------+--------+--------+-----+
|Available        |      288|  1248|  234240|  117120|   64|
+-----------------+---------+------+--------+--------+-----+
|Utilization (%)  |        0|     0|      ~0|       1|    0|
+-----------------+---------+------+--------+--------+-----+

+ Detail: 
    * Instance: 
    +------------------------------------------------------------------------------------+-------------------------------------------------------------------------+---------+----+-----+-----+-----+
    |                                      Instance                                      |                                  Module                                 | BRAM_18K| DSP|  FF | LUT | URAM|
    +------------------------------------------------------------------------------------+-------------------------------------------------------------------------+---------+----+-----+-----+-----+
    |grp_conv3_from_precomputed_conv2_Pipeline_VITIS_LOOP_186_5_VITIS_LOOP_187_6_fu_261  |conv3_from_precomputed_conv2_Pipeline_VITIS_LOOP_186_5_VITIS_LOOP_187_6  |        0|   0|  825|  189|    0|
    |grp_conv3_from_precomputed_conv2_Pipeline_VITIS_LOOP_192_7_VITIS_LOOP_193_8_fu_293  |conv3_from_precomputed_conv2_Pipeline_VITIS_LOOP_192_7_VITIS_LOOP_193_8  |        0|   0|  167|  895|    0|
    |mul_8ns_8ns_16_1_1_U265                                                             |mul_8ns_8ns_16_1_1                                                       |        0|   0|    0|   40|    0|
    +------------------------------------------------------------------------------------+-------------------------------------------------------------------------+---------+----+-----+-----+-----+
    |Total                                                                               |                                                                         |        0|   0|  992| 1124|    0|
    +------------------------------------------------------------------------------------+-------------------------------------------------------------------------+---------+----+-----+-----+-----+

    * DSP: 
    N/A

    * Memory: 
    N/A

    * FIFO: 
    N/A

    * Expression: 
    +--------------------------+----------+----+---+----+------------+------------+
    |       Variable Name      | Operation| DSP| FF| LUT| Bitwidth P0| Bitwidth P1|
    +--------------------------+----------+----+---+----+------------+------------+
    |C2H_fu_348_p2             |         +|   0|  0|  16|           9|           3|
    |C2W_fu_354_p2             |         +|   0|  0|  16|           9|           3|
    |add_ln176_1_fu_452_p2     |         +|   0|  0|  16|           9|           9|
    |add_ln176_2_fu_409_p2     |         +|   0|  0|  23|          16|           1|
    |add_ln176_fu_421_p2       |         +|   0|  0|  15|           8|           1|
    |add_ln177_fu_565_p2       |         +|   0|  0|  15|           8|           1|
    |add_ln182_fu_509_p2       |         +|   0|  0|  13|           6|           1|
    |add_ln189_fu_535_p2       |         +|   0|  0|  16|           9|           9|
    |add_ln204_fu_554_p2       |         +|   0|  0|  20|          13|          13|
    |add_ln210_fu_492_p2       |         +|   0|  0|  16|          16|          16|
    |empty_fu_483_p2           |         +|   0|  0|  16|           9|           9|
    |sub60_fu_360_p2           |         +|   0|  0|  16|           9|           2|
    |sub67_fu_366_p2           |         +|   0|  0|  16|           9|           2|
    |sub_ln210_fu_473_p2       |         -|   0|  0|  16|          16|          16|
    |icmp_ln176_fu_404_p2      |      icmp|   0|  0|  23|          16|          16|
    |icmp_ln177_fu_427_p2      |      icmp|   0|  0|  15|           8|           8|
    |icmp_ln182_fu_503_p2      |      icmp|   0|  0|  14|           6|           7|
    |select_ln176_1_fu_440_p3  |    select|   0|  0|   8|           1|           8|
    |select_ln176_fu_432_p3    |    select|   0|  0|   8|           1|           1|
    +--------------------------+----------+----+---+----+------------+------------+
    |Total                     |          |   0|  0| 298|         178|         126|
    +--------------------------+----------+----+---+----+------------+------------+

    * Multiplexer: 
    +------------------------+----+-----------+-----+-----------+
    |          Name          | LUT| Input Size| Bits| Total Bits|
    +------------------------+----+-----------+-----+-----------+
    |acc3_reg_251            |   9|          2|   32|         64|
    |ap_NS_fsm               |  43|          8|    1|          8|
    |grp_fu_1043_ce          |   9|          2|    1|          2|
    |grp_fu_1047_ce          |   9|          2|    1|          2|
    |indvar_flatten34_fu_90  |   9|          2|   16|         32|
    |n2_reg_240              |   9|          2|    6|         12|
    |ox_fu_82                |   9|          2|    8|         16|
    |oy_fu_86                |   9|          2|    8|         16|
    +------------------------+----+-----------+-----+-----------+
    |Total                   | 106|         22|   73|        152|
    +------------------------+----+-----------+-----+-----------+

    * Register: 
    +-------------------------------------------------------------------------------------------------+----+----+-----+-----------+
    |                                               Name                                              | FF | LUT| Bits| Const Bits|
    +-------------------------------------------------------------------------------------------------+----+----+-----+-----------+
    |C2H_reg_889                                                                                      |   9|   0|    9|          0|
    |C2W_reg_894                                                                                      |   9|   0|    9|          0|
    |acc3_reg_251                                                                                     |  32|   0|   32|          0|
    |add_ln176_1_reg_932                                                                              |   9|   0|    9|          0|
    |add_ln176_2_reg_917                                                                              |  16|   0|   16|          0|
    |add_ln182_reg_950                                                                                |   6|   0|    6|          0|
    |add_ln189_reg_955                                                                                |   9|   0|    9|          0|
    |add_ln204_reg_960                                                                                |  11|   0|   13|          2|
    |ap_CS_fsm                                                                                        |   7|   0|    7|          0|
    |bound29_reg_909                                                                                  |  16|   0|   16|          0|
    |empty_reg_937                                                                                    |   9|   0|    9|          0|
    |grp_conv3_from_precomputed_conv2_Pipeline_VITIS_LOOP_186_5_VITIS_LOOP_187_6_fu_261_ap_start_reg  |   1|   0|    1|          0|
    |grp_conv3_from_precomputed_conv2_Pipeline_VITIS_LOOP_192_7_VITIS_LOOP_193_8_fu_293_ap_start_reg  |   1|   0|    1|          0|
    |indvar_flatten34_fu_90                                                                           |  16|   0|   16|          0|
    |n2_reg_240                                                                                       |   6|   0|    6|          0|
    |output_ftmap_addr_reg_942                                                                        |  16|   0|   16|          0|
    |ox_fu_82                                                                                         |   8|   0|    8|          0|
    |oy_fu_86                                                                                         |   8|   0|    8|          0|
    |select_ln176_1_reg_927                                                                           |   8|   0|    8|          0|
    |select_ln176_reg_922                                                                             |   8|   0|    8|          0|
    |sub60_reg_899                                                                                    |   9|   0|    9|          0|
    |sub67_reg_904                                                                                    |   9|   0|    9|          0|
    |w0_cast4_reg_884                                                                                 |   8|   0|    9|          1|
    +-------------------------------------------------------------------------------------------------+----+----+-----+-----------+
    |Total                                                                                            | 231|   0|  234|          3|
    +-------------------------------------------------------------------------------------------------+----+----+-----+-----------+



================================================================
== Interface
================================================================
* Summary: 
+------------------------+-----+-----+------------+------------------------------+--------------+
|        RTL Ports       | Dir | Bits|  Protocol  |         Source Object        |    C Type    |
+------------------------+-----+-----+------------+------------------------------+--------------+
|ap_clk                  |   in|    1|  ap_ctrl_hs|  conv3_from_precomputed_conv2|  return value|
|ap_rst                  |   in|    1|  ap_ctrl_hs|  conv3_from_precomputed_conv2|  return value|
|ap_start                |   in|    1|  ap_ctrl_hs|  conv3_from_precomputed_conv2|  return value|
|ap_done                 |  out|    1|  ap_ctrl_hs|  conv3_from_precomputed_conv2|  return value|
|ap_idle                 |  out|    1|  ap_ctrl_hs|  conv3_from_precomputed_conv2|  return value|
|ap_ready                |  out|    1|  ap_ctrl_hs|  conv3_from_precomputed_conv2|  return value|
|grp_fu_293_p_din0       |  out|   32|  ap_ctrl_hs|  conv3_from_precomputed_conv2|  return value|
|grp_fu_293_p_din1       |  out|   32|  ap_ctrl_hs|  conv3_from_precomputed_conv2|  return value|
|grp_fu_293_p_opcode     |  out|    2|  ap_ctrl_hs|  conv3_from_precomputed_conv2|  return value|
|grp_fu_293_p_dout0      |   in|   32|  ap_ctrl_hs|  conv3_from_precomputed_conv2|  return value|
|grp_fu_293_p_ce         |  out|    1|  ap_ctrl_hs|  conv3_from_precomputed_conv2|  return value|
|grp_fu_297_p_din0       |  out|   32|  ap_ctrl_hs|  conv3_from_precomputed_conv2|  return value|
|grp_fu_297_p_din1       |  out|   32|  ap_ctrl_hs|  conv3_from_precomputed_conv2|  return value|
|grp_fu_297_p_dout0      |   in|   32|  ap_ctrl_hs|  conv3_from_precomputed_conv2|  return value|
|grp_fu_297_p_ce         |  out|    1|  ap_ctrl_hs|  conv3_from_precomputed_conv2|  return value|
|h0                      |   in|    9|     ap_none|                            h0|        scalar|
|w0                      |   in|    8|     ap_none|                            w0|        scalar|
|th_eff                  |   in|    8|     ap_none|                        th_eff|        scalar|
|tw_eff                  |   in|    8|     ap_none|                        tw_eff|        scalar|
|conv3_weights_address0  |  out|   10|   ap_memory|                 conv3_weights|         array|
|conv3_weights_ce0       |  out|    1|   ap_memory|                 conv3_weights|         array|
|conv3_weights_q0        |   in|   32|   ap_memory|                 conv3_weights|         array|
|conv3_b_0_0_val         |   in|   32|     ap_none|               conv3_b_0_0_val|        scalar|
|conv2_buf_address0      |  out|   18|   ap_memory|                     conv2_buf|         array|
|conv2_buf_ce0           |  out|    1|   ap_memory|                     conv2_buf|         array|
|conv2_buf_q0            |   in|   32|   ap_memory|                     conv2_buf|         array|
|output_ftmap_address0   |  out|   16|   ap_memory|                  output_ftmap|         array|
|output_ftmap_ce0        |  out|    1|   ap_memory|                  output_ftmap|         array|
|output_ftmap_we0        |  out|    1|   ap_memory|                  output_ftmap|         array|
|output_ftmap_d0         |  out|   32|   ap_memory|                  output_ftmap|         array|
+------------------------+-----+-----+------------+------------------------------+--------------+

