

================================================================
== Vitis HLS Report for 'dataflow_in_loop_tile_height_loop_MAIN_1_Block_newFuncRoot47_proc'
================================================================
* Date:           Thu Oct 30 18:13:46 2025

* Version:        2023.1 (Build 3854077 on May  4 2023)
* Project:        srcnn_hls
* Solution:       solution1 (Vivado IP Flow Target)
* Product family: zynquplus
* Target device:  xck26-sfvc784-2LV-c


================================================================
== Performance Estimates
================================================================
+ Timing: 
    * Summary: 
    +--------+----------+----------+------------+
    |  Clock |  Target  | Estimated| Uncertainty|
    +--------+----------+----------+------------+
    |ap_clk  |  10.00 ns|  1.237 ns|     2.70 ns|
    +--------+----------+----------+------------+

+ Latency: 
    * Summary: 
    +---------+---------+-----------+-----------+-----+-----+---------+
    |  Latency (cycles) |   Latency (absolute)  |  Interval | Pipeline|
    |   min   |   max   |    min    |    max    | min | max |   Type  |
    +---------+---------+-----------+-----------+-----+-----+---------+
    |        1|        1|  10.000 ns|  10.000 ns|    1|    1|       no|
    +---------+---------+-----------+-----------+-----+-----+---------+

    + Detail: 
        * Instance: 
        N/A

        * Loop: 
        N/A



================================================================
== Utilization Estimates
================================================================
* Summary: 
+-----------------+---------+------+--------+--------+-----+
|       Name      | BRAM_18K|  DSP |   FF   |   LUT  | URAM|
+-----------------+---------+------+--------+--------+-----+
|DSP              |        -|     -|       -|       -|    -|
|Expression       |        -|     -|       0|       2|    -|
|FIFO             |        -|     -|       -|       -|    -|
|Instance         |        -|     -|       -|       -|    -|
|Memory           |        -|     -|       -|       -|    -|
|Multiplexer      |        -|     -|       -|      23|    -|
|Register         |        -|     -|       3|       -|    -|
+-----------------+---------+------+--------+--------+-----+
|Total            |        0|     0|       3|      25|    0|
+-----------------+---------+------+--------+--------+-----+
|Available        |      288|  1248|  234240|  117120|   64|
+-----------------+---------+------+--------+--------+-----+
|Utilization (%)  |        0|     0|      ~0|      ~0|    0|
+-----------------+---------+------+--------+--------+-----+

+ Detail: 
    * Instance: 
    N/A

    * DSP: 
    N/A

    * Memory: 
    N/A

    * FIFO: 
    N/A

    * Expression: 
    +-----------------+----------+----+---+----+------------+------------+
    |  Variable Name  | Operation| DSP| FF| LUT| Bitwidth P0| Bitwidth P1|
    +-----------------+----------+----+---+----+------------+------------+
    |ap_block_state1  |        or|   0|  0|   2|           1|           1|
    +-----------------+----------+----+---+----+------------+------------+
    |Total            |          |   0|  0|   2|           1|           1|
    +-----------------+----------+----+---+----+------------+------------+

    * Multiplexer: 
    +-----------+----+-----------+-----+-----------+
    |    Name   | LUT| Input Size| Bits| Total Bits|
    +-----------+----+-----------+-----+-----------+
    |ap_NS_fsm  |  14|          3|    1|          3|
    |ap_done    |   9|          2|    1|          2|
    +-----------+----+-----------+-----+-----------+
    |Total      |  23|          5|    2|          5|
    +-----------+----+-----------+-----+-----------+

    * Register: 
    +-------------+---+----+-----+-----------+
    |     Name    | FF| LUT| Bits| Const Bits|
    +-------------+---+----+-----+-----------+
    |ap_CS_fsm    |  2|   0|    2|          0|
    |ap_done_reg  |  1|   0|    1|          0|
    +-------------+---+----+-----+-----------+
    |Total        |  3|   0|    3|          0|
    +-------------+---+----+-----+-----------+



================================================================
== Interface
================================================================
* Summary: 
+-----------------------------+-----+-----+------------+-------------------------------------------------------------------+--------------+
|          RTL Ports          | Dir | Bits|  Protocol  |                           Source Object                           |    C Type    |
+-----------------------------+-----+-----+------------+-------------------------------------------------------------------+--------------+
|ap_clk                       |   in|    1|  ap_ctrl_hs|  dataflow_in_loop_tile_height_loop_MAIN.1_Block_newFuncRoot47_proc|  return value|
|ap_rst                       |   in|    1|  ap_ctrl_hs|  dataflow_in_loop_tile_height_loop_MAIN.1_Block_newFuncRoot47_proc|  return value|
|ap_start                     |   in|    1|  ap_ctrl_hs|  dataflow_in_loop_tile_height_loop_MAIN.1_Block_newFuncRoot47_proc|  return value|
|ap_done                      |  out|    1|  ap_ctrl_hs|  dataflow_in_loop_tile_height_loop_MAIN.1_Block_newFuncRoot47_proc|  return value|
|ap_continue                  |   in|    1|  ap_ctrl_hs|  dataflow_in_loop_tile_height_loop_MAIN.1_Block_newFuncRoot47_proc|  return value|
|ap_idle                      |  out|    1|  ap_ctrl_hs|  dataflow_in_loop_tile_height_loop_MAIN.1_Block_newFuncRoot47_proc|  return value|
|ap_ready                     |  out|    1|  ap_ctrl_hs|  dataflow_in_loop_tile_height_loop_MAIN.1_Block_newFuncRoot47_proc|  return value|
|ap_return                    |  out|   32|  ap_ctrl_hs|  dataflow_in_loop_tile_height_loop_MAIN.1_Block_newFuncRoot47_proc|  return value|
|conv3_biases_local_address0  |  out|    1|   ap_memory|                                                 conv3_biases_local|         array|
|conv3_biases_local_ce0       |  out|    1|   ap_memory|                                                 conv3_biases_local|         array|
|conv3_biases_local_q0        |   in|   32|   ap_memory|                                                 conv3_biases_local|         array|
+-----------------------------+-----+-----+------------+-------------------------------------------------------------------+--------------+

