

================================================================
== Vitis HLS Report for 'load_conv2_params_Pipeline_VITIS_LOOP_200_2'
================================================================
* Date:           Fri Oct 31 13:48:13 2025

* Version:        2023.1 (Build 3854077 on May  4 2023)
* Project:        srcnn_hls
* Solution:       solution1 (Vivado IP Flow Target)
* Product family: zynquplus
* Target device:  xck26-sfvc784-2LV-c


================================================================
== Performance Estimates
================================================================
+ Timing: 
    * Summary: 
    +--------+----------+----------+------------+
    |  Clock |  Target  | Estimated| Uncertainty|
    +--------+----------+----------+------------+
    |ap_clk  |  10.00 ns|  7.300 ns|     2.70 ns|
    +--------+----------+----------+------------+

+ Latency: 
    * Summary: 
    +---------+---------+----------+----------+-----+-----+---------+
    |  Latency (cycles) |  Latency (absolute) |  Interval | Pipeline|
    |   min   |   max   |    min   |    max   | min | max |   Type  |
    +---------+---------+----------+----------+-----+-----+---------+
    |       75|       75|  0.750 us|  0.750 us|   75|   75|       no|
    +---------+---------+----------+----------+-----+-----+---------+

    + Detail: 
        * Instance: 
        N/A

        * Loop: 
        +--------------------+---------+---------+----------+-----------+-----------+------+----------+
        |                    |  Latency (cycles) | Iteration|  Initiation Interval  | Trip |          |
        |      Loop Name     |   min   |   max   |  Latency |  achieved |   target  | Count| Pipelined|
        +--------------------+---------+---------+----------+-----------+-----------+------+----------+
        |- VITIS_LOOP_200_2  |       73|       73|        11|          1|          1|    64|       yes|
        +--------------------+---------+---------+----------+-----------+-----------+------+----------+



================================================================
== Utilization Estimates
================================================================
* Summary: 
+-----------------+---------+------+--------+--------+-----+
|       Name      | BRAM_18K|  DSP |   FF   |   LUT  | URAM|
+-----------------+---------+------+--------+--------+-----+
|DSP              |        -|     -|       -|       -|    -|
|Expression       |        -|     -|       0|     122|    -|
|FIFO             |        -|     -|       -|       -|    -|
|Instance         |        -|     -|       -|       -|    -|
|Memory           |        -|     -|       -|       -|    -|
|Multiplexer      |        -|     -|       -|      54|    -|
|Register         |        -|     -|     258|      64|    -|
+-----------------+---------+------+--------+--------+-----+
|Total            |        0|     0|     258|     240|    0|
+-----------------+---------+------+--------+--------+-----+
|Available        |      288|  1248|  234240|  117120|   64|
+-----------------+---------+------+--------+--------+-----+
|Utilization (%)  |        0|     0|      ~0|      ~0|    0|
+-----------------+---------+------+--------+--------+-----+

+ Detail: 
    * Instance: 
    N/A

    * DSP: 
    N/A

    * Memory: 
    N/A

    * FIFO: 
    N/A

    * Expression: 
    +---------------------------+----------+----+---+----+------------+------------+
    |       Variable Name       | Operation| DSP| FF| LUT| Bitwidth P0| Bitwidth P1|
    +---------------------------+----------+----+---+----+------------+------------+
    |add_ln200_fu_226_p2        |         +|   0|  0|  14|           7|           1|
    |add_ln202_1_fu_250_p2      |         +|   0|  0|  19|          12|          12|
    |add_ln202_fu_260_p2        |         +|   0|  0|  70|          63|          63|
    |icmp_ln200_fu_220_p2       |      icmp|   0|  0|  15|           7|           8|
    |ap_block_pp0_stage0_11001  |        or|   0|  0|   2|           1|           1|
    |ap_enable_pp0              |       xor|   0|  0|   2|           1|           2|
    +---------------------------+----------+----+---+----+------------+------------+
    |Total                      |          |   0|  0| 122|          91|          87|
    +---------------------------+----------+----+---+----+------------+------------+

    * Multiplexer: 
    +-------------------------+----+-----------+-----+-----------+
    |           Name          | LUT| Input Size| Bits| Total Bits|
    +-------------------------+----+-----------+-----+-----------+
    |ap_done_int              |   9|          2|    1|          2|
    |ap_enable_reg_pp0_iter1  |   9|          2|    1|          2|
    |ap_sig_allocacmp_j_1     |   9|          2|    7|         14|
    |gmem_w2_blk_n_AR         |   9|          2|    1|          2|
    |gmem_w2_blk_n_R          |   9|          2|    1|          2|
    |j_fu_90                  |   9|          2|    7|         14|
    +-------------------------+----+-----------+-----+-----------+
    |Total                    |  54|         12|   18|         36|
    +-------------------------+----+-----------+-----+-----------+

    * Register: 
    +----------------------------------+----+----+-----+-----------+
    |               Name               | FF | LUT| Bits| Const Bits|
    +----------------------------------+----+----+-----+-----------+
    |ap_CS_fsm                         |   1|   0|    1|          0|
    |ap_done_reg                       |   1|   0|    1|          0|
    |ap_enable_reg_pp0_iter1           |   1|   0|    1|          0|
    |ap_enable_reg_pp0_iter10          |   1|   0|    1|          0|
    |ap_enable_reg_pp0_iter2           |   1|   0|    1|          0|
    |ap_enable_reg_pp0_iter3           |   1|   0|    1|          0|
    |ap_enable_reg_pp0_iter4           |   1|   0|    1|          0|
    |ap_enable_reg_pp0_iter5           |   1|   0|    1|          0|
    |ap_enable_reg_pp0_iter6           |   1|   0|    1|          0|
    |ap_enable_reg_pp0_iter7           |   1|   0|    1|          0|
    |ap_enable_reg_pp0_iter8           |   1|   0|    1|          0|
    |ap_enable_reg_pp0_iter9           |   1|   0|    1|          0|
    |ap_loop_exit_ready_pp0_iter1_reg  |   1|   0|    1|          0|
    |ap_loop_exit_ready_pp0_iter2_reg  |   1|   0|    1|          0|
    |ap_loop_exit_ready_pp0_iter3_reg  |   1|   0|    1|          0|
    |ap_loop_exit_ready_pp0_iter4_reg  |   1|   0|    1|          0|
    |ap_loop_exit_ready_pp0_iter5_reg  |   1|   0|    1|          0|
    |ap_loop_exit_ready_pp0_iter6_reg  |   1|   0|    1|          0|
    |ap_loop_exit_ready_pp0_iter7_reg  |   1|   0|    1|          0|
    |ap_loop_exit_ready_pp0_iter8_reg  |   1|   0|    1|          0|
    |ap_loop_exit_ready_pp0_iter9_reg  |   1|   0|    1|          0|
    |bitcast_ln202_reg_350             |  32|   0|   32|          0|
    |gmem_w2_addr_reg_344              |  64|   0|   64|          0|
    |j_fu_90                           |   7|   0|    7|          0|
    |lshr_ln2_reg_339                  |   5|   0|    5|          0|
    |trunc_ln200_reg_335               |   1|   0|    1|          0|
    |lshr_ln2_reg_339                  |  64|  32|    5|          0|
    |trunc_ln200_reg_335               |  64|  32|    1|          0|
    +----------------------------------+----+----+-----+-----------+
    |Total                             | 258|  64|  136|          0|
    +----------------------------------+----+----+-----+-----------+



================================================================
== Interface
================================================================
* Summary: 
+----------------------------------------------------------------------------------------------+-----+-----+------------+-------------------------------------------------------------------------------------+--------------+
|                                           RTL Ports                                          | Dir | Bits|  Protocol  |                                    Source Object                                    |    C Type    |
+----------------------------------------------------------------------------------------------+-----+-----+------------+-------------------------------------------------------------------------------------+--------------+
|ap_clk                                                                                        |   in|    1|  ap_ctrl_hs|                                          load_conv2_params_Pipeline_VITIS_LOOP_200_2|  return value|
|ap_rst                                                                                        |   in|    1|  ap_ctrl_hs|                                          load_conv2_params_Pipeline_VITIS_LOOP_200_2|  return value|
|ap_start                                                                                      |   in|    1|  ap_ctrl_hs|                                          load_conv2_params_Pipeline_VITIS_LOOP_200_2|  return value|
|ap_done                                                                                       |  out|    1|  ap_ctrl_hs|                                          load_conv2_params_Pipeline_VITIS_LOOP_200_2|  return value|
|ap_idle                                                                                       |  out|    1|  ap_ctrl_hs|                                          load_conv2_params_Pipeline_VITIS_LOOP_200_2|  return value|
|ap_ready                                                                                      |  out|    1|  ap_ctrl_hs|                                          load_conv2_params_Pipeline_VITIS_LOOP_200_2|  return value|
|m_axi_gmem_w2_AWVALID                                                                         |  out|    1|       m_axi|                                                                              gmem_w2|       pointer|
|m_axi_gmem_w2_AWREADY                                                                         |   in|    1|       m_axi|                                                                              gmem_w2|       pointer|
|m_axi_gmem_w2_AWADDR                                                                          |  out|   64|       m_axi|                                                                              gmem_w2|       pointer|
|m_axi_gmem_w2_AWID                                                                            |  out|    1|       m_axi|                                                                              gmem_w2|       pointer|
|m_axi_gmem_w2_AWLEN                                                                           |  out|   32|       m_axi|                                                                              gmem_w2|       pointer|
|m_axi_gmem_w2_AWSIZE                                                                          |  out|    3|       m_axi|                                                                              gmem_w2|       pointer|
|m_axi_gmem_w2_AWBURST                                                                         |  out|    2|       m_axi|                                                                              gmem_w2|       pointer|
|m_axi_gmem_w2_AWLOCK                                                                          |  out|    2|       m_axi|                                                                              gmem_w2|       pointer|
|m_axi_gmem_w2_AWCACHE                                                                         |  out|    4|       m_axi|                                                                              gmem_w2|       pointer|
|m_axi_gmem_w2_AWPROT                                                                          |  out|    3|       m_axi|                                                                              gmem_w2|       pointer|
|m_axi_gmem_w2_AWQOS                                                                           |  out|    4|       m_axi|                                                                              gmem_w2|       pointer|
|m_axi_gmem_w2_AWREGION                                                                        |  out|    4|       m_axi|                                                                              gmem_w2|       pointer|
|m_axi_gmem_w2_AWUSER                                                                          |  out|    1|       m_axi|                                                                              gmem_w2|       pointer|
|m_axi_gmem_w2_WVALID                                                                          |  out|    1|       m_axi|                                                                              gmem_w2|       pointer|
|m_axi_gmem_w2_WREADY                                                                          |   in|    1|       m_axi|                                                                              gmem_w2|       pointer|
|m_axi_gmem_w2_WDATA                                                                           |  out|   32|       m_axi|                                                                              gmem_w2|       pointer|
|m_axi_gmem_w2_WSTRB                                                                           |  out|    4|       m_axi|                                                                              gmem_w2|       pointer|
|m_axi_gmem_w2_WLAST                                                                           |  out|    1|       m_axi|                                                                              gmem_w2|       pointer|
|m_axi_gmem_w2_WID                                                                             |  out|    1|       m_axi|                                                                              gmem_w2|       pointer|
|m_axi_gmem_w2_WUSER                                                                           |  out|    1|       m_axi|                                                                              gmem_w2|       pointer|
|m_axi_gmem_w2_ARVALID                                                                         |  out|    1|       m_axi|                                                                              gmem_w2|       pointer|
|m_axi_gmem_w2_ARREADY                                                                         |   in|    1|       m_axi|                                                                              gmem_w2|       pointer|
|m_axi_gmem_w2_ARADDR                                                                          |  out|   64|       m_axi|                                                                              gmem_w2|       pointer|
|m_axi_gmem_w2_ARID                                                                            |  out|    1|       m_axi|                                                                              gmem_w2|       pointer|
|m_axi_gmem_w2_ARLEN                                                                           |  out|   32|       m_axi|                                                                              gmem_w2|       pointer|
|m_axi_gmem_w2_ARSIZE                                                                          |  out|    3|       m_axi|                                                                              gmem_w2|       pointer|
|m_axi_gmem_w2_ARBURST                                                                         |  out|    2|       m_axi|                                                                              gmem_w2|       pointer|
|m_axi_gmem_w2_ARLOCK                                                                          |  out|    2|       m_axi|                                                                              gmem_w2|       pointer|
|m_axi_gmem_w2_ARCACHE                                                                         |  out|    4|       m_axi|                                                                              gmem_w2|       pointer|
|m_axi_gmem_w2_ARPROT                                                                          |  out|    3|       m_axi|                                                                              gmem_w2|       pointer|
|m_axi_gmem_w2_ARQOS                                                                           |  out|    4|       m_axi|                                                                              gmem_w2|       pointer|
|m_axi_gmem_w2_ARREGION                                                                        |  out|    4|       m_axi|                                                                              gmem_w2|       pointer|
|m_axi_gmem_w2_ARUSER                                                                          |  out|    1|       m_axi|                                                                              gmem_w2|       pointer|
|m_axi_gmem_w2_RVALID                                                                          |   in|    1|       m_axi|                                                                              gmem_w2|       pointer|
|m_axi_gmem_w2_RREADY                                                                          |  out|    1|       m_axi|                                                                              gmem_w2|       pointer|
|m_axi_gmem_w2_RDATA                                                                           |   in|   32|       m_axi|                                                                              gmem_w2|       pointer|
|m_axi_gmem_w2_RLAST                                                                           |   in|    1|       m_axi|                                                                              gmem_w2|       pointer|
|m_axi_gmem_w2_RID                                                                             |   in|    1|       m_axi|                                                                              gmem_w2|       pointer|
|m_axi_gmem_w2_RFIFONUM                                                                        |   in|    9|       m_axi|                                                                              gmem_w2|       pointer|
|m_axi_gmem_w2_RUSER                                                                           |   in|    1|       m_axi|                                                                              gmem_w2|       pointer|
|m_axi_gmem_w2_RRESP                                                                           |   in|    2|       m_axi|                                                                              gmem_w2|       pointer|
|m_axi_gmem_w2_BVALID                                                                          |   in|    1|       m_axi|                                                                              gmem_w2|       pointer|
|m_axi_gmem_w2_BREADY                                                                          |  out|    1|       m_axi|                                                                              gmem_w2|       pointer|
|m_axi_gmem_w2_BRESP                                                                           |   in|    2|       m_axi|                                                                              gmem_w2|       pointer|
|m_axi_gmem_w2_BID                                                                             |   in|    1|       m_axi|                                                                              gmem_w2|       pointer|
|m_axi_gmem_w2_BUSER                                                                           |   in|    1|       m_axi|                                                                              gmem_w2|       pointer|
|i                                                                                             |   in|    5|     ap_none|                                                                                    i|        scalar|
|trunc_ln202                                                                                   |   in|    1|     ap_none|                                                                          trunc_ln202|        scalar|
|zext_ln198_2                                                                                  |   in|   11|     ap_none|                                                                         zext_ln198_2|        scalar|
|sext_ln198                                                                                    |   in|   62|     ap_none|                                                                           sext_ln198|        scalar|
|trunc_ln198_2                                                                                 |   in|    1|     ap_none|                                                                        trunc_ln198_2|        scalar|
|p_ZZ5srcnnPA255_A255_fPA1_A9_A9_fPfPA64_A1_A1_fS6_PA32_A5_A5_fS6_S1_E19conv2_weig_3_address1  |  out|    9|   ap_memory|  p_ZZ5srcnnPA255_A255_fPA1_A9_A9_fPfPA64_A1_A1_fS6_PA32_A5_A5_fS6_S1_E19conv2_weig_3|         array|
|p_ZZ5srcnnPA255_A255_fPA1_A9_A9_fPfPA64_A1_A1_fS6_PA32_A5_A5_fS6_S1_E19conv2_weig_3_ce1       |  out|    1|   ap_memory|  p_ZZ5srcnnPA255_A255_fPA1_A9_A9_fPfPA64_A1_A1_fS6_PA32_A5_A5_fS6_S1_E19conv2_weig_3|         array|
|p_ZZ5srcnnPA255_A255_fPA1_A9_A9_fPfPA64_A1_A1_fS6_PA32_A5_A5_fS6_S1_E19conv2_weig_3_we1       |  out|    1|   ap_memory|  p_ZZ5srcnnPA255_A255_fPA1_A9_A9_fPfPA64_A1_A1_fS6_PA32_A5_A5_fS6_S1_E19conv2_weig_3|         array|
|p_ZZ5srcnnPA255_A255_fPA1_A9_A9_fPfPA64_A1_A1_fS6_PA32_A5_A5_fS6_S1_E19conv2_weig_3_d1        |  out|   32|   ap_memory|  p_ZZ5srcnnPA255_A255_fPA1_A9_A9_fPfPA64_A1_A1_fS6_PA32_A5_A5_fS6_S1_E19conv2_weig_3|         array|
|p_ZZ5srcnnPA255_A255_fPA1_A9_A9_fPfPA64_A1_A1_fS6_PA32_A5_A5_fS6_S1_E19conv2_weig_2_address1  |  out|    9|   ap_memory|  p_ZZ5srcnnPA255_A255_fPA1_A9_A9_fPfPA64_A1_A1_fS6_PA32_A5_A5_fS6_S1_E19conv2_weig_2|         array|
|p_ZZ5srcnnPA255_A255_fPA1_A9_A9_fPfPA64_A1_A1_fS6_PA32_A5_A5_fS6_S1_E19conv2_weig_2_ce1       |  out|    1|   ap_memory|  p_ZZ5srcnnPA255_A255_fPA1_A9_A9_fPfPA64_A1_A1_fS6_PA32_A5_A5_fS6_S1_E19conv2_weig_2|         array|
|p_ZZ5srcnnPA255_A255_fPA1_A9_A9_fPfPA64_A1_A1_fS6_PA32_A5_A5_fS6_S1_E19conv2_weig_2_we1       |  out|    1|   ap_memory|  p_ZZ5srcnnPA255_A255_fPA1_A9_A9_fPfPA64_A1_A1_fS6_PA32_A5_A5_fS6_S1_E19conv2_weig_2|         array|
|p_ZZ5srcnnPA255_A255_fPA1_A9_A9_fPfPA64_A1_A1_fS6_PA32_A5_A5_fS6_S1_E19conv2_weig_2_d1        |  out|   32|   ap_memory|  p_ZZ5srcnnPA255_A255_fPA1_A9_A9_fPfPA64_A1_A1_fS6_PA32_A5_A5_fS6_S1_E19conv2_weig_2|         array|
|p_ZZ5srcnnPA255_A255_fPA1_A9_A9_fPfPA64_A1_A1_fS6_PA32_A5_A5_fS6_S1_E19conv2_weig_1_address1  |  out|    9|   ap_memory|  p_ZZ5srcnnPA255_A255_fPA1_A9_A9_fPfPA64_A1_A1_fS6_PA32_A5_A5_fS6_S1_E19conv2_weig_1|         array|
|p_ZZ5srcnnPA255_A255_fPA1_A9_A9_fPfPA64_A1_A1_fS6_PA32_A5_A5_fS6_S1_E19conv2_weig_1_ce1       |  out|    1|   ap_memory|  p_ZZ5srcnnPA255_A255_fPA1_A9_A9_fPfPA64_A1_A1_fS6_PA32_A5_A5_fS6_S1_E19conv2_weig_1|         array|
|p_ZZ5srcnnPA255_A255_fPA1_A9_A9_fPfPA64_A1_A1_fS6_PA32_A5_A5_fS6_S1_E19conv2_weig_1_we1       |  out|    1|   ap_memory|  p_ZZ5srcnnPA255_A255_fPA1_A9_A9_fPfPA64_A1_A1_fS6_PA32_A5_A5_fS6_S1_E19conv2_weig_1|         array|
|p_ZZ5srcnnPA255_A255_fPA1_A9_A9_fPfPA64_A1_A1_fS6_PA32_A5_A5_fS6_S1_E19conv2_weig_1_d1        |  out|   32|   ap_memory|  p_ZZ5srcnnPA255_A255_fPA1_A9_A9_fPfPA64_A1_A1_fS6_PA32_A5_A5_fS6_S1_E19conv2_weig_1|         array|
|p_ZZ5srcnnPA255_A255_fPA1_A9_A9_fPfPA64_A1_A1_fS6_PA32_A5_A5_fS6_S1_E19conv2_weig_address1    |  out|    9|   ap_memory|    p_ZZ5srcnnPA255_A255_fPA1_A9_A9_fPfPA64_A1_A1_fS6_PA32_A5_A5_fS6_S1_E19conv2_weig|         array|
|p_ZZ5srcnnPA255_A255_fPA1_A9_A9_fPfPA64_A1_A1_fS6_PA32_A5_A5_fS6_S1_E19conv2_weig_ce1         |  out|    1|   ap_memory|    p_ZZ5srcnnPA255_A255_fPA1_A9_A9_fPfPA64_A1_A1_fS6_PA32_A5_A5_fS6_S1_E19conv2_weig|         array|
|p_ZZ5srcnnPA255_A255_fPA1_A9_A9_fPfPA64_A1_A1_fS6_PA32_A5_A5_fS6_S1_E19conv2_weig_we1         |  out|    1|   ap_memory|    p_ZZ5srcnnPA255_A255_fPA1_A9_A9_fPfPA64_A1_A1_fS6_PA32_A5_A5_fS6_S1_E19conv2_weig|         array|
|p_ZZ5srcnnPA255_A255_fPA1_A9_A9_fPfPA64_A1_A1_fS6_PA32_A5_A5_fS6_S1_E19conv2_weig_d1          |  out|   32|   ap_memory|    p_ZZ5srcnnPA255_A255_fPA1_A9_A9_fPfPA64_A1_A1_fS6_PA32_A5_A5_fS6_S1_E19conv2_weig|         array|
+----------------------------------------------------------------------------------------------+-----+-----+------------+-------------------------------------------------------------------------------------+--------------+

