

================================================================
== Vitis HLS Report for 'load_conv1_params'
================================================================
* Date:           Thu Oct 30 18:13:35 2025

* Version:        2023.1 (Build 3854077 on May  4 2023)
* Project:        srcnn_hls
* Solution:       solution1 (Vivado IP Flow Target)
* Product family: zynquplus
* Target device:  xck26-sfvc784-2LV-c


================================================================
== Performance Estimates
================================================================
+ Timing: 
    * Summary: 
    +--------+----------+----------+------------+
    |  Clock |  Target  | Estimated| Uncertainty|
    +--------+----------+----------+------------+
    |ap_clk  |  10.00 ns|  7.300 ns|     2.70 ns|
    +--------+----------+----------+------------+

+ Latency: 
    * Summary: 
    +---------+---------+-----------+-----------+------+------+---------+
    |  Latency (cycles) |   Latency (absolute)  |   Interval  | Pipeline|
    |   min   |   max   |    min    |    max    |  min |  max |   Type  |
    +---------+---------+-----------+-----------+------+------+---------+
    |     6657|     6657|  66.570 us|  66.570 us|  6657|  6657|       no|
    +---------+---------+-----------+-----------+------+------+---------+

    + Detail: 
        * Instance: 
        +-------------------------------------------------------------------------+--------------------------------------------------------------+---------+---------+----------+----------+-----+-----+---------+
        |                                                                         |                                                              |  Latency (cycles) |  Latency (absolute) |  Interval | Pipeline|
        |                                 Instance                                |                            Module                            |   min   |   max   |    min   |    max   | min | max |   Type  |
        +-------------------------------------------------------------------------+--------------------------------------------------------------+---------+---------+----------+----------+-----+-----+---------+
        |grp_load_conv1_params_Pipeline_VITIS_LOOP_143_3_VITIS_LOOP_144_4_fu_449  |load_conv1_params_Pipeline_VITIS_LOOP_143_3_VITIS_LOOP_144_4  |       92|       92|  0.920 us|  0.920 us|   92|   92|       no|
        +-------------------------------------------------------------------------+--------------------------------------------------------------+---------+---------+----------+----------+-----+-----+---------+

        * Loop: 
        +--------------------+---------+---------+----------+-----------+-----------+------+----------+
        |                    |  Latency (cycles) | Iteration|  Initiation Interval  | Trip |          |
        |      Loop Name     |   min   |   max   |  Latency |  achieved |   target  | Count| Pipelined|
        +--------------------+---------+---------+----------+-----------+-----------+------+----------+
        |- VITIS_LOOP_140_1  |     6656|     6656|       104|          -|          -|    64|        no|
        +--------------------+---------+---------+----------+-----------+-----------+------+----------+



================================================================
== Utilization Estimates
================================================================
* Summary: 
+-----------------+---------+------+--------+--------+-----+
|       Name      | BRAM_18K|  DSP |   FF   |   LUT  | URAM|
+-----------------+---------+------+--------+--------+-----+
|DSP              |        -|     -|       -|       -|    -|
|Expression       |        -|     -|       0|     119|    -|
|FIFO             |        -|     -|       -|       -|    -|
|Instance         |        -|     -|    1148|     442|    -|
|Memory           |        -|     -|       -|       -|    -|
|Multiplexer      |        -|     -|       -|     238|    -|
|Register         |        -|     -|     281|       -|    -|
+-----------------+---------+------+--------+--------+-----+
|Total            |        0|     0|    1429|     799|    0|
+-----------------+---------+------+--------+--------+-----+
|Available        |      288|  1248|  234240|  117120|   64|
+-----------------+---------+------+--------+--------+-----+
|Utilization (%)  |        0|     0|      ~0|      ~0|    0|
+-----------------+---------+------+--------+--------+-----+

+ Detail: 
    * Instance: 
    +-------------------------------------------------------------------------+--------------------------------------------------------------+---------+----+------+-----+-----+
    |                                 Instance                                |                            Module                            | BRAM_18K| DSP|  FF  | LUT | URAM|
    +-------------------------------------------------------------------------+--------------------------------------------------------------+---------+----+------+-----+-----+
    |grp_load_conv1_params_Pipeline_VITIS_LOOP_143_3_VITIS_LOOP_144_4_fu_449  |load_conv1_params_Pipeline_VITIS_LOOP_143_3_VITIS_LOOP_144_4  |        0|   0|  1148|  442|    0|
    +-------------------------------------------------------------------------+--------------------------------------------------------------+---------+----+------+-----+-----+
    |Total                                                                    |                                                              |        0|   0|  1148|  442|    0|
    +-------------------------------------------------------------------------+--------------------------------------------------------------+---------+----+------+-----+-----+

    * DSP: 
    N/A

    * Memory: 
    N/A

    * FIFO: 
    N/A

    * Expression: 
    +-----------------------+----------+----+---+----+------------+------------+
    |     Variable Name     | Operation| DSP| FF| LUT| Bitwidth P0| Bitwidth P1|
    +-----------------------+----------+----+---+----+------------+------------+
    |add_ln140_1_fu_823_p2  |         +|   0|  0|  20|          13|           7|
    |add_ln140_fu_835_p2    |         +|   0|  0|  14|           7|           1|
    |add_ln141_fu_845_p2    |         +|   0|  0|  70|          63|          63|
    |icmp_ln140_fu_829_p2   |      icmp|   0|  0|  15|           7|           8|
    +-----------------------+----------+----+---+----+------------+------------+
    |Total                  |          |   0|  0| 119|          90|          79|
    +-----------------------+----------+----+---+----+------------+------------+

    * Multiplexer: 
    +------------------------+----+-----------+-----+-----------+
    |          Name          | LUT| Input Size| Bits| Total Bits|
    +------------------------+----+-----------+-----+-----------+
    |ap_NS_fsm               |  65|         14|    1|         14|
    |gmem_w1_blk_n_AR        |   9|          2|    1|          2|
    |gmem_w1_blk_n_R         |   9|          2|    1|          2|
    |i_fu_404                |   9|          2|    7|         14|
    |m_axi_gmem_w1_ARADDR    |  14|          3|   64|        192|
    |m_axi_gmem_w1_ARBURST   |   9|          2|    2|          4|
    |m_axi_gmem_w1_ARCACHE   |   9|          2|    4|          8|
    |m_axi_gmem_w1_ARID      |   9|          2|    1|          2|
    |m_axi_gmem_w1_ARLEN     |  14|          3|   32|         96|
    |m_axi_gmem_w1_ARLOCK    |   9|          2|    2|          4|
    |m_axi_gmem_w1_ARPROT    |   9|          2|    3|          6|
    |m_axi_gmem_w1_ARQOS     |   9|          2|    4|          8|
    |m_axi_gmem_w1_ARREGION  |   9|          2|    4|          8|
    |m_axi_gmem_w1_ARSIZE    |   9|          2|    3|          6|
    |m_axi_gmem_w1_ARUSER    |   9|          2|    1|          2|
    |m_axi_gmem_w1_ARVALID   |  14|          3|    1|          3|
    |m_axi_gmem_w1_RREADY    |  14|          3|    1|          3|
    |phi_mul_fu_400          |   9|          2|   13|         26|
    +------------------------+----+-----------+-----+-----------+
    |Total                   | 238|         52|  145|        400|
    +------------------------+----+-----------+-----+-----------+

    * Register: 
    +--------------------------------------------------------------------------------------+----+----+-----+-----------+
    |                                         Name                                         | FF | LUT| Bits| Const Bits|
    +--------------------------------------------------------------------------------------+----+----+-----+-----------+
    |ap_CS_fsm                                                                             |  13|   0|   13|          0|
    |gmem_w1_addr_read_reg_937                                                             |  32|   0|   32|          0|
    |gmem_w1_addr_reg_931                                                                  |  64|   0|   64|          0|
    |grp_load_conv1_params_Pipeline_VITIS_LOOP_143_3_VITIS_LOOP_144_4_fu_449_ap_start_reg  |   1|   0|    1|          0|
    |i_3_reg_921                                                                           |   7|   0|    7|          0|
    |i_fu_404                                                                              |   7|   0|    7|          0|
    |lshr_ln_reg_947                                                                       |   5|   0|    5|          0|
    |phi_mul_fu_400                                                                        |  13|   0|   13|          0|
    |phi_mul_load_reg_916                                                                  |  13|   0|   13|          0|
    |sext_ln140_reg_911                                                                    |  63|   0|   63|          0|
    |trunc_ln140_reg_942                                                                   |   1|   0|    1|          0|
    |trunc_ln_reg_906                                                                      |  62|   0|   62|          0|
    +--------------------------------------------------------------------------------------+----+----+-----+-----------+
    |Total                                                                                 | 281|   0|  281|          0|
    +--------------------------------------------------------------------------------------+----+----+-----+-----------+



================================================================
== Interface
================================================================
* Summary: 
+------------------------------------+-----+-----+------------+---------------------------+--------------+
|              RTL Ports             | Dir | Bits|  Protocol  |       Source Object       |    C Type    |
+------------------------------------+-----+-----+------------+---------------------------+--------------+
|ap_clk                              |   in|    1|  ap_ctrl_hs|          load_conv1_params|  return value|
|ap_rst                              |   in|    1|  ap_ctrl_hs|          load_conv1_params|  return value|
|ap_start                            |   in|    1|  ap_ctrl_hs|          load_conv1_params|  return value|
|ap_done                             |  out|    1|  ap_ctrl_hs|          load_conv1_params|  return value|
|ap_idle                             |  out|    1|  ap_ctrl_hs|          load_conv1_params|  return value|
|ap_ready                            |  out|    1|  ap_ctrl_hs|          load_conv1_params|  return value|
|conv1_weights_local_0_0_0_address1  |  out|    5|   ap_memory|  conv1_weights_local_0_0_0|         array|
|conv1_weights_local_0_0_0_ce1       |  out|    1|   ap_memory|  conv1_weights_local_0_0_0|         array|
|conv1_weights_local_0_0_0_we1       |  out|    1|   ap_memory|  conv1_weights_local_0_0_0|         array|
|conv1_weights_local_0_0_0_d1        |  out|   32|   ap_memory|  conv1_weights_local_0_0_0|         array|
|conv1_weights_local_0_0_1_address1  |  out|    5|   ap_memory|  conv1_weights_local_0_0_1|         array|
|conv1_weights_local_0_0_1_ce1       |  out|    1|   ap_memory|  conv1_weights_local_0_0_1|         array|
|conv1_weights_local_0_0_1_we1       |  out|    1|   ap_memory|  conv1_weights_local_0_0_1|         array|
|conv1_weights_local_0_0_1_d1        |  out|   32|   ap_memory|  conv1_weights_local_0_0_1|         array|
|conv1_weights_local_0_0_2_address1  |  out|    5|   ap_memory|  conv1_weights_local_0_0_2|         array|
|conv1_weights_local_0_0_2_ce1       |  out|    1|   ap_memory|  conv1_weights_local_0_0_2|         array|
|conv1_weights_local_0_0_2_we1       |  out|    1|   ap_memory|  conv1_weights_local_0_0_2|         array|
|conv1_weights_local_0_0_2_d1        |  out|   32|   ap_memory|  conv1_weights_local_0_0_2|         array|
|conv1_weights_local_0_0_3_address1  |  out|    5|   ap_memory|  conv1_weights_local_0_0_3|         array|
|conv1_weights_local_0_0_3_ce1       |  out|    1|   ap_memory|  conv1_weights_local_0_0_3|         array|
|conv1_weights_local_0_0_3_we1       |  out|    1|   ap_memory|  conv1_weights_local_0_0_3|         array|
|conv1_weights_local_0_0_3_d1        |  out|   32|   ap_memory|  conv1_weights_local_0_0_3|         array|
|conv1_weights_local_0_0_4_address1  |  out|    5|   ap_memory|  conv1_weights_local_0_0_4|         array|
|conv1_weights_local_0_0_4_ce1       |  out|    1|   ap_memory|  conv1_weights_local_0_0_4|         array|
|conv1_weights_local_0_0_4_we1       |  out|    1|   ap_memory|  conv1_weights_local_0_0_4|         array|
|conv1_weights_local_0_0_4_d1        |  out|   32|   ap_memory|  conv1_weights_local_0_0_4|         array|
|conv1_weights_local_0_0_5_address1  |  out|    5|   ap_memory|  conv1_weights_local_0_0_5|         array|
|conv1_weights_local_0_0_5_ce1       |  out|    1|   ap_memory|  conv1_weights_local_0_0_5|         array|
|conv1_weights_local_0_0_5_we1       |  out|    1|   ap_memory|  conv1_weights_local_0_0_5|         array|
|conv1_weights_local_0_0_5_d1        |  out|   32|   ap_memory|  conv1_weights_local_0_0_5|         array|
|conv1_weights_local_0_0_6_address1  |  out|    5|   ap_memory|  conv1_weights_local_0_0_6|         array|
|conv1_weights_local_0_0_6_ce1       |  out|    1|   ap_memory|  conv1_weights_local_0_0_6|         array|
|conv1_weights_local_0_0_6_we1       |  out|    1|   ap_memory|  conv1_weights_local_0_0_6|         array|
|conv1_weights_local_0_0_6_d1        |  out|   32|   ap_memory|  conv1_weights_local_0_0_6|         array|
|conv1_weights_local_0_0_7_address1  |  out|    5|   ap_memory|  conv1_weights_local_0_0_7|         array|
|conv1_weights_local_0_0_7_ce1       |  out|    1|   ap_memory|  conv1_weights_local_0_0_7|         array|
|conv1_weights_local_0_0_7_we1       |  out|    1|   ap_memory|  conv1_weights_local_0_0_7|         array|
|conv1_weights_local_0_0_7_d1        |  out|   32|   ap_memory|  conv1_weights_local_0_0_7|         array|
|conv1_weights_local_0_0_8_address1  |  out|    5|   ap_memory|  conv1_weights_local_0_0_8|         array|
|conv1_weights_local_0_0_8_ce1       |  out|    1|   ap_memory|  conv1_weights_local_0_0_8|         array|
|conv1_weights_local_0_0_8_we1       |  out|    1|   ap_memory|  conv1_weights_local_0_0_8|         array|
|conv1_weights_local_0_0_8_d1        |  out|   32|   ap_memory|  conv1_weights_local_0_0_8|         array|
|conv1_weights_local_0_1_0_address1  |  out|    5|   ap_memory|  conv1_weights_local_0_1_0|         array|
|conv1_weights_local_0_1_0_ce1       |  out|    1|   ap_memory|  conv1_weights_local_0_1_0|         array|
|conv1_weights_local_0_1_0_we1       |  out|    1|   ap_memory|  conv1_weights_local_0_1_0|         array|
|conv1_weights_local_0_1_0_d1        |  out|   32|   ap_memory|  conv1_weights_local_0_1_0|         array|
|conv1_weights_local_0_1_1_address1  |  out|    5|   ap_memory|  conv1_weights_local_0_1_1|         array|
|conv1_weights_local_0_1_1_ce1       |  out|    1|   ap_memory|  conv1_weights_local_0_1_1|         array|
|conv1_weights_local_0_1_1_we1       |  out|    1|   ap_memory|  conv1_weights_local_0_1_1|         array|
|conv1_weights_local_0_1_1_d1        |  out|   32|   ap_memory|  conv1_weights_local_0_1_1|         array|
|conv1_weights_local_0_1_2_address1  |  out|    5|   ap_memory|  conv1_weights_local_0_1_2|         array|
|conv1_weights_local_0_1_2_ce1       |  out|    1|   ap_memory|  conv1_weights_local_0_1_2|         array|
|conv1_weights_local_0_1_2_we1       |  out|    1|   ap_memory|  conv1_weights_local_0_1_2|         array|
|conv1_weights_local_0_1_2_d1        |  out|   32|   ap_memory|  conv1_weights_local_0_1_2|         array|
|conv1_weights_local_0_1_3_address1  |  out|    5|   ap_memory|  conv1_weights_local_0_1_3|         array|
|conv1_weights_local_0_1_3_ce1       |  out|    1|   ap_memory|  conv1_weights_local_0_1_3|         array|
|conv1_weights_local_0_1_3_we1       |  out|    1|   ap_memory|  conv1_weights_local_0_1_3|         array|
|conv1_weights_local_0_1_3_d1        |  out|   32|   ap_memory|  conv1_weights_local_0_1_3|         array|
|conv1_weights_local_0_1_4_address1  |  out|    5|   ap_memory|  conv1_weights_local_0_1_4|         array|
|conv1_weights_local_0_1_4_ce1       |  out|    1|   ap_memory|  conv1_weights_local_0_1_4|         array|
|conv1_weights_local_0_1_4_we1       |  out|    1|   ap_memory|  conv1_weights_local_0_1_4|         array|
|conv1_weights_local_0_1_4_d1        |  out|   32|   ap_memory|  conv1_weights_local_0_1_4|         array|
|conv1_weights_local_0_1_5_address1  |  out|    5|   ap_memory|  conv1_weights_local_0_1_5|         array|
|conv1_weights_local_0_1_5_ce1       |  out|    1|   ap_memory|  conv1_weights_local_0_1_5|         array|
|conv1_weights_local_0_1_5_we1       |  out|    1|   ap_memory|  conv1_weights_local_0_1_5|         array|
|conv1_weights_local_0_1_5_d1        |  out|   32|   ap_memory|  conv1_weights_local_0_1_5|         array|
|conv1_weights_local_0_1_6_address1  |  out|    5|   ap_memory|  conv1_weights_local_0_1_6|         array|
|conv1_weights_local_0_1_6_ce1       |  out|    1|   ap_memory|  conv1_weights_local_0_1_6|         array|
|conv1_weights_local_0_1_6_we1       |  out|    1|   ap_memory|  conv1_weights_local_0_1_6|         array|
|conv1_weights_local_0_1_6_d1        |  out|   32|   ap_memory|  conv1_weights_local_0_1_6|         array|
|conv1_weights_local_0_1_7_address1  |  out|    5|   ap_memory|  conv1_weights_local_0_1_7|         array|
|conv1_weights_local_0_1_7_ce1       |  out|    1|   ap_memory|  conv1_weights_local_0_1_7|         array|
|conv1_weights_local_0_1_7_we1       |  out|    1|   ap_memory|  conv1_weights_local_0_1_7|         array|
|conv1_weights_local_0_1_7_d1        |  out|   32|   ap_memory|  conv1_weights_local_0_1_7|         array|
|conv1_weights_local_0_1_8_address1  |  out|    5|   ap_memory|  conv1_weights_local_0_1_8|         array|
|conv1_weights_local_0_1_8_ce1       |  out|    1|   ap_memory|  conv1_weights_local_0_1_8|         array|
|conv1_weights_local_0_1_8_we1       |  out|    1|   ap_memory|  conv1_weights_local_0_1_8|         array|
|conv1_weights_local_0_1_8_d1        |  out|   32|   ap_memory|  conv1_weights_local_0_1_8|         array|
|conv1_weights_local_0_2_0_address1  |  out|    5|   ap_memory|  conv1_weights_local_0_2_0|         array|
|conv1_weights_local_0_2_0_ce1       |  out|    1|   ap_memory|  conv1_weights_local_0_2_0|         array|
|conv1_weights_local_0_2_0_we1       |  out|    1|   ap_memory|  conv1_weights_local_0_2_0|         array|
|conv1_weights_local_0_2_0_d1        |  out|   32|   ap_memory|  conv1_weights_local_0_2_0|         array|
|conv1_weights_local_0_2_1_address1  |  out|    5|   ap_memory|  conv1_weights_local_0_2_1|         array|
|conv1_weights_local_0_2_1_ce1       |  out|    1|   ap_memory|  conv1_weights_local_0_2_1|         array|
|conv1_weights_local_0_2_1_we1       |  out|    1|   ap_memory|  conv1_weights_local_0_2_1|         array|
|conv1_weights_local_0_2_1_d1        |  out|   32|   ap_memory|  conv1_weights_local_0_2_1|         array|
|conv1_weights_local_0_2_2_address1  |  out|    5|   ap_memory|  conv1_weights_local_0_2_2|         array|
|conv1_weights_local_0_2_2_ce1       |  out|    1|   ap_memory|  conv1_weights_local_0_2_2|         array|
|conv1_weights_local_0_2_2_we1       |  out|    1|   ap_memory|  conv1_weights_local_0_2_2|         array|
|conv1_weights_local_0_2_2_d1        |  out|   32|   ap_memory|  conv1_weights_local_0_2_2|         array|
|conv1_weights_local_0_2_3_address1  |  out|    5|   ap_memory|  conv1_weights_local_0_2_3|         array|
|conv1_weights_local_0_2_3_ce1       |  out|    1|   ap_memory|  conv1_weights_local_0_2_3|         array|
|conv1_weights_local_0_2_3_we1       |  out|    1|   ap_memory|  conv1_weights_local_0_2_3|         array|
|conv1_weights_local_0_2_3_d1        |  out|   32|   ap_memory|  conv1_weights_local_0_2_3|         array|
|conv1_weights_local_0_2_4_address1  |  out|    5|   ap_memory|  conv1_weights_local_0_2_4|         array|
|conv1_weights_local_0_2_4_ce1       |  out|    1|   ap_memory|  conv1_weights_local_0_2_4|         array|
|conv1_weights_local_0_2_4_we1       |  out|    1|   ap_memory|  conv1_weights_local_0_2_4|         array|
|conv1_weights_local_0_2_4_d1        |  out|   32|   ap_memory|  conv1_weights_local_0_2_4|         array|
|conv1_weights_local_0_2_5_address1  |  out|    5|   ap_memory|  conv1_weights_local_0_2_5|         array|
|conv1_weights_local_0_2_5_ce1       |  out|    1|   ap_memory|  conv1_weights_local_0_2_5|         array|
|conv1_weights_local_0_2_5_we1       |  out|    1|   ap_memory|  conv1_weights_local_0_2_5|         array|
|conv1_weights_local_0_2_5_d1        |  out|   32|   ap_memory|  conv1_weights_local_0_2_5|         array|
|conv1_weights_local_0_2_6_address1  |  out|    5|   ap_memory|  conv1_weights_local_0_2_6|         array|
|conv1_weights_local_0_2_6_ce1       |  out|    1|   ap_memory|  conv1_weights_local_0_2_6|         array|
|conv1_weights_local_0_2_6_we1       |  out|    1|   ap_memory|  conv1_weights_local_0_2_6|         array|
|conv1_weights_local_0_2_6_d1        |  out|   32|   ap_memory|  conv1_weights_local_0_2_6|         array|
|conv1_weights_local_0_2_7_address1  |  out|    5|   ap_memory|  conv1_weights_local_0_2_7|         array|
|conv1_weights_local_0_2_7_ce1       |  out|    1|   ap_memory|  conv1_weights_local_0_2_7|         array|
|conv1_weights_local_0_2_7_we1       |  out|    1|   ap_memory|  conv1_weights_local_0_2_7|         array|
|conv1_weights_local_0_2_7_d1        |  out|   32|   ap_memory|  conv1_weights_local_0_2_7|         array|
|conv1_weights_local_0_2_8_address1  |  out|    5|   ap_memory|  conv1_weights_local_0_2_8|         array|
|conv1_weights_local_0_2_8_ce1       |  out|    1|   ap_memory|  conv1_weights_local_0_2_8|         array|
|conv1_weights_local_0_2_8_we1       |  out|    1|   ap_memory|  conv1_weights_local_0_2_8|         array|
|conv1_weights_local_0_2_8_d1        |  out|   32|   ap_memory|  conv1_weights_local_0_2_8|         array|
|conv1_weights_local_0_3_0_address1  |  out|    5|   ap_memory|  conv1_weights_local_0_3_0|         array|
|conv1_weights_local_0_3_0_ce1       |  out|    1|   ap_memory|  conv1_weights_local_0_3_0|         array|
|conv1_weights_local_0_3_0_we1       |  out|    1|   ap_memory|  conv1_weights_local_0_3_0|         array|
|conv1_weights_local_0_3_0_d1        |  out|   32|   ap_memory|  conv1_weights_local_0_3_0|         array|
|conv1_weights_local_0_3_1_address1  |  out|    5|   ap_memory|  conv1_weights_local_0_3_1|         array|
|conv1_weights_local_0_3_1_ce1       |  out|    1|   ap_memory|  conv1_weights_local_0_3_1|         array|
|conv1_weights_local_0_3_1_we1       |  out|    1|   ap_memory|  conv1_weights_local_0_3_1|         array|
|conv1_weights_local_0_3_1_d1        |  out|   32|   ap_memory|  conv1_weights_local_0_3_1|         array|
|conv1_weights_local_0_3_2_address1  |  out|    5|   ap_memory|  conv1_weights_local_0_3_2|         array|
|conv1_weights_local_0_3_2_ce1       |  out|    1|   ap_memory|  conv1_weights_local_0_3_2|         array|
|conv1_weights_local_0_3_2_we1       |  out|    1|   ap_memory|  conv1_weights_local_0_3_2|         array|
|conv1_weights_local_0_3_2_d1        |  out|   32|   ap_memory|  conv1_weights_local_0_3_2|         array|
|conv1_weights_local_0_3_3_address1  |  out|    5|   ap_memory|  conv1_weights_local_0_3_3|         array|
|conv1_weights_local_0_3_3_ce1       |  out|    1|   ap_memory|  conv1_weights_local_0_3_3|         array|
|conv1_weights_local_0_3_3_we1       |  out|    1|   ap_memory|  conv1_weights_local_0_3_3|         array|
|conv1_weights_local_0_3_3_d1        |  out|   32|   ap_memory|  conv1_weights_local_0_3_3|         array|
|conv1_weights_local_0_3_4_address1  |  out|    5|   ap_memory|  conv1_weights_local_0_3_4|         array|
|conv1_weights_local_0_3_4_ce1       |  out|    1|   ap_memory|  conv1_weights_local_0_3_4|         array|
|conv1_weights_local_0_3_4_we1       |  out|    1|   ap_memory|  conv1_weights_local_0_3_4|         array|
|conv1_weights_local_0_3_4_d1        |  out|   32|   ap_memory|  conv1_weights_local_0_3_4|         array|
|conv1_weights_local_0_3_5_address1  |  out|    5|   ap_memory|  conv1_weights_local_0_3_5|         array|
|conv1_weights_local_0_3_5_ce1       |  out|    1|   ap_memory|  conv1_weights_local_0_3_5|         array|
|conv1_weights_local_0_3_5_we1       |  out|    1|   ap_memory|  conv1_weights_local_0_3_5|         array|
|conv1_weights_local_0_3_5_d1        |  out|   32|   ap_memory|  conv1_weights_local_0_3_5|         array|
|conv1_weights_local_0_3_6_address1  |  out|    5|   ap_memory|  conv1_weights_local_0_3_6|         array|
|conv1_weights_local_0_3_6_ce1       |  out|    1|   ap_memory|  conv1_weights_local_0_3_6|         array|
|conv1_weights_local_0_3_6_we1       |  out|    1|   ap_memory|  conv1_weights_local_0_3_6|         array|
|conv1_weights_local_0_3_6_d1        |  out|   32|   ap_memory|  conv1_weights_local_0_3_6|         array|
|conv1_weights_local_0_3_7_address1  |  out|    5|   ap_memory|  conv1_weights_local_0_3_7|         array|
|conv1_weights_local_0_3_7_ce1       |  out|    1|   ap_memory|  conv1_weights_local_0_3_7|         array|
|conv1_weights_local_0_3_7_we1       |  out|    1|   ap_memory|  conv1_weights_local_0_3_7|         array|
|conv1_weights_local_0_3_7_d1        |  out|   32|   ap_memory|  conv1_weights_local_0_3_7|         array|
|conv1_weights_local_0_3_8_address1  |  out|    5|   ap_memory|  conv1_weights_local_0_3_8|         array|
|conv1_weights_local_0_3_8_ce1       |  out|    1|   ap_memory|  conv1_weights_local_0_3_8|         array|
|conv1_weights_local_0_3_8_we1       |  out|    1|   ap_memory|  conv1_weights_local_0_3_8|         array|
|conv1_weights_local_0_3_8_d1        |  out|   32|   ap_memory|  conv1_weights_local_0_3_8|         array|
|conv1_weights_local_0_4_0_address1  |  out|    5|   ap_memory|  conv1_weights_local_0_4_0|         array|
|conv1_weights_local_0_4_0_ce1       |  out|    1|   ap_memory|  conv1_weights_local_0_4_0|         array|
|conv1_weights_local_0_4_0_we1       |  out|    1|   ap_memory|  conv1_weights_local_0_4_0|         array|
|conv1_weights_local_0_4_0_d1        |  out|   32|   ap_memory|  conv1_weights_local_0_4_0|         array|
|conv1_weights_local_0_4_1_address1  |  out|    5|   ap_memory|  conv1_weights_local_0_4_1|         array|
|conv1_weights_local_0_4_1_ce1       |  out|    1|   ap_memory|  conv1_weights_local_0_4_1|         array|
|conv1_weights_local_0_4_1_we1       |  out|    1|   ap_memory|  conv1_weights_local_0_4_1|         array|
|conv1_weights_local_0_4_1_d1        |  out|   32|   ap_memory|  conv1_weights_local_0_4_1|         array|
|conv1_weights_local_0_4_2_address1  |  out|    5|   ap_memory|  conv1_weights_local_0_4_2|         array|
|conv1_weights_local_0_4_2_ce1       |  out|    1|   ap_memory|  conv1_weights_local_0_4_2|         array|
|conv1_weights_local_0_4_2_we1       |  out|    1|   ap_memory|  conv1_weights_local_0_4_2|         array|
|conv1_weights_local_0_4_2_d1        |  out|   32|   ap_memory|  conv1_weights_local_0_4_2|         array|
|conv1_weights_local_0_4_3_address1  |  out|    5|   ap_memory|  conv1_weights_local_0_4_3|         array|
|conv1_weights_local_0_4_3_ce1       |  out|    1|   ap_memory|  conv1_weights_local_0_4_3|         array|
|conv1_weights_local_0_4_3_we1       |  out|    1|   ap_memory|  conv1_weights_local_0_4_3|         array|
|conv1_weights_local_0_4_3_d1        |  out|   32|   ap_memory|  conv1_weights_local_0_4_3|         array|
|conv1_weights_local_0_4_4_address1  |  out|    5|   ap_memory|  conv1_weights_local_0_4_4|         array|
|conv1_weights_local_0_4_4_ce1       |  out|    1|   ap_memory|  conv1_weights_local_0_4_4|         array|
|conv1_weights_local_0_4_4_we1       |  out|    1|   ap_memory|  conv1_weights_local_0_4_4|         array|
|conv1_weights_local_0_4_4_d1        |  out|   32|   ap_memory|  conv1_weights_local_0_4_4|         array|
|conv1_weights_local_0_4_5_address1  |  out|    5|   ap_memory|  conv1_weights_local_0_4_5|         array|
|conv1_weights_local_0_4_5_ce1       |  out|    1|   ap_memory|  conv1_weights_local_0_4_5|         array|
|conv1_weights_local_0_4_5_we1       |  out|    1|   ap_memory|  conv1_weights_local_0_4_5|         array|
|conv1_weights_local_0_4_5_d1        |  out|   32|   ap_memory|  conv1_weights_local_0_4_5|         array|
|conv1_weights_local_0_4_6_address1  |  out|    5|   ap_memory|  conv1_weights_local_0_4_6|         array|
|conv1_weights_local_0_4_6_ce1       |  out|    1|   ap_memory|  conv1_weights_local_0_4_6|         array|
|conv1_weights_local_0_4_6_we1       |  out|    1|   ap_memory|  conv1_weights_local_0_4_6|         array|
|conv1_weights_local_0_4_6_d1        |  out|   32|   ap_memory|  conv1_weights_local_0_4_6|         array|
|conv1_weights_local_0_4_7_address1  |  out|    5|   ap_memory|  conv1_weights_local_0_4_7|         array|
|conv1_weights_local_0_4_7_ce1       |  out|    1|   ap_memory|  conv1_weights_local_0_4_7|         array|
|conv1_weights_local_0_4_7_we1       |  out|    1|   ap_memory|  conv1_weights_local_0_4_7|         array|
|conv1_weights_local_0_4_7_d1        |  out|   32|   ap_memory|  conv1_weights_local_0_4_7|         array|
|conv1_weights_local_0_4_8_address1  |  out|    5|   ap_memory|  conv1_weights_local_0_4_8|         array|
|conv1_weights_local_0_4_8_ce1       |  out|    1|   ap_memory|  conv1_weights_local_0_4_8|         array|
|conv1_weights_local_0_4_8_we1       |  out|    1|   ap_memory|  conv1_weights_local_0_4_8|         array|
|conv1_weights_local_0_4_8_d1        |  out|   32|   ap_memory|  conv1_weights_local_0_4_8|         array|
|conv1_weights_local_0_5_0_address1  |  out|    5|   ap_memory|  conv1_weights_local_0_5_0|         array|
|conv1_weights_local_0_5_0_ce1       |  out|    1|   ap_memory|  conv1_weights_local_0_5_0|         array|
|conv1_weights_local_0_5_0_we1       |  out|    1|   ap_memory|  conv1_weights_local_0_5_0|         array|
|conv1_weights_local_0_5_0_d1        |  out|   32|   ap_memory|  conv1_weights_local_0_5_0|         array|
|conv1_weights_local_0_5_1_address1  |  out|    5|   ap_memory|  conv1_weights_local_0_5_1|         array|
|conv1_weights_local_0_5_1_ce1       |  out|    1|   ap_memory|  conv1_weights_local_0_5_1|         array|
|conv1_weights_local_0_5_1_we1       |  out|    1|   ap_memory|  conv1_weights_local_0_5_1|         array|
|conv1_weights_local_0_5_1_d1        |  out|   32|   ap_memory|  conv1_weights_local_0_5_1|         array|
|conv1_weights_local_0_5_2_address1  |  out|    5|   ap_memory|  conv1_weights_local_0_5_2|         array|
|conv1_weights_local_0_5_2_ce1       |  out|    1|   ap_memory|  conv1_weights_local_0_5_2|         array|
|conv1_weights_local_0_5_2_we1       |  out|    1|   ap_memory|  conv1_weights_local_0_5_2|         array|
|conv1_weights_local_0_5_2_d1        |  out|   32|   ap_memory|  conv1_weights_local_0_5_2|         array|
|conv1_weights_local_0_5_3_address1  |  out|    5|   ap_memory|  conv1_weights_local_0_5_3|         array|
|conv1_weights_local_0_5_3_ce1       |  out|    1|   ap_memory|  conv1_weights_local_0_5_3|         array|
|conv1_weights_local_0_5_3_we1       |  out|    1|   ap_memory|  conv1_weights_local_0_5_3|         array|
|conv1_weights_local_0_5_3_d1        |  out|   32|   ap_memory|  conv1_weights_local_0_5_3|         array|
|conv1_weights_local_0_5_4_address1  |  out|    5|   ap_memory|  conv1_weights_local_0_5_4|         array|
|conv1_weights_local_0_5_4_ce1       |  out|    1|   ap_memory|  conv1_weights_local_0_5_4|         array|
|conv1_weights_local_0_5_4_we1       |  out|    1|   ap_memory|  conv1_weights_local_0_5_4|         array|
|conv1_weights_local_0_5_4_d1        |  out|   32|   ap_memory|  conv1_weights_local_0_5_4|         array|
|conv1_weights_local_0_5_5_address1  |  out|    5|   ap_memory|  conv1_weights_local_0_5_5|         array|
|conv1_weights_local_0_5_5_ce1       |  out|    1|   ap_memory|  conv1_weights_local_0_5_5|         array|
|conv1_weights_local_0_5_5_we1       |  out|    1|   ap_memory|  conv1_weights_local_0_5_5|         array|
|conv1_weights_local_0_5_5_d1        |  out|   32|   ap_memory|  conv1_weights_local_0_5_5|         array|
|conv1_weights_local_0_5_6_address1  |  out|    5|   ap_memory|  conv1_weights_local_0_5_6|         array|
|conv1_weights_local_0_5_6_ce1       |  out|    1|   ap_memory|  conv1_weights_local_0_5_6|         array|
|conv1_weights_local_0_5_6_we1       |  out|    1|   ap_memory|  conv1_weights_local_0_5_6|         array|
|conv1_weights_local_0_5_6_d1        |  out|   32|   ap_memory|  conv1_weights_local_0_5_6|         array|
|conv1_weights_local_0_5_7_address1  |  out|    5|   ap_memory|  conv1_weights_local_0_5_7|         array|
|conv1_weights_local_0_5_7_ce1       |  out|    1|   ap_memory|  conv1_weights_local_0_5_7|         array|
|conv1_weights_local_0_5_7_we1       |  out|    1|   ap_memory|  conv1_weights_local_0_5_7|         array|
|conv1_weights_local_0_5_7_d1        |  out|   32|   ap_memory|  conv1_weights_local_0_5_7|         array|
|conv1_weights_local_0_5_8_address1  |  out|    5|   ap_memory|  conv1_weights_local_0_5_8|         array|
|conv1_weights_local_0_5_8_ce1       |  out|    1|   ap_memory|  conv1_weights_local_0_5_8|         array|
|conv1_weights_local_0_5_8_we1       |  out|    1|   ap_memory|  conv1_weights_local_0_5_8|         array|
|conv1_weights_local_0_5_8_d1        |  out|   32|   ap_memory|  conv1_weights_local_0_5_8|         array|
|conv1_weights_local_0_6_0_address1  |  out|    5|   ap_memory|  conv1_weights_local_0_6_0|         array|
|conv1_weights_local_0_6_0_ce1       |  out|    1|   ap_memory|  conv1_weights_local_0_6_0|         array|
|conv1_weights_local_0_6_0_we1       |  out|    1|   ap_memory|  conv1_weights_local_0_6_0|         array|
|conv1_weights_local_0_6_0_d1        |  out|   32|   ap_memory|  conv1_weights_local_0_6_0|         array|
|conv1_weights_local_0_6_1_address1  |  out|    5|   ap_memory|  conv1_weights_local_0_6_1|         array|
|conv1_weights_local_0_6_1_ce1       |  out|    1|   ap_memory|  conv1_weights_local_0_6_1|         array|
|conv1_weights_local_0_6_1_we1       |  out|    1|   ap_memory|  conv1_weights_local_0_6_1|         array|
|conv1_weights_local_0_6_1_d1        |  out|   32|   ap_memory|  conv1_weights_local_0_6_1|         array|
|conv1_weights_local_0_6_2_address1  |  out|    5|   ap_memory|  conv1_weights_local_0_6_2|         array|
|conv1_weights_local_0_6_2_ce1       |  out|    1|   ap_memory|  conv1_weights_local_0_6_2|         array|
|conv1_weights_local_0_6_2_we1       |  out|    1|   ap_memory|  conv1_weights_local_0_6_2|         array|
|conv1_weights_local_0_6_2_d1        |  out|   32|   ap_memory|  conv1_weights_local_0_6_2|         array|
|conv1_weights_local_0_6_3_address1  |  out|    5|   ap_memory|  conv1_weights_local_0_6_3|         array|
|conv1_weights_local_0_6_3_ce1       |  out|    1|   ap_memory|  conv1_weights_local_0_6_3|         array|
|conv1_weights_local_0_6_3_we1       |  out|    1|   ap_memory|  conv1_weights_local_0_6_3|         array|
|conv1_weights_local_0_6_3_d1        |  out|   32|   ap_memory|  conv1_weights_local_0_6_3|         array|
|conv1_weights_local_0_6_4_address1  |  out|    5|   ap_memory|  conv1_weights_local_0_6_4|         array|
|conv1_weights_local_0_6_4_ce1       |  out|    1|   ap_memory|  conv1_weights_local_0_6_4|         array|
|conv1_weights_local_0_6_4_we1       |  out|    1|   ap_memory|  conv1_weights_local_0_6_4|         array|
|conv1_weights_local_0_6_4_d1        |  out|   32|   ap_memory|  conv1_weights_local_0_6_4|         array|
|conv1_weights_local_0_6_5_address1  |  out|    5|   ap_memory|  conv1_weights_local_0_6_5|         array|
|conv1_weights_local_0_6_5_ce1       |  out|    1|   ap_memory|  conv1_weights_local_0_6_5|         array|
|conv1_weights_local_0_6_5_we1       |  out|    1|   ap_memory|  conv1_weights_local_0_6_5|         array|
|conv1_weights_local_0_6_5_d1        |  out|   32|   ap_memory|  conv1_weights_local_0_6_5|         array|
|conv1_weights_local_0_6_6_address1  |  out|    5|   ap_memory|  conv1_weights_local_0_6_6|         array|
|conv1_weights_local_0_6_6_ce1       |  out|    1|   ap_memory|  conv1_weights_local_0_6_6|         array|
|conv1_weights_local_0_6_6_we1       |  out|    1|   ap_memory|  conv1_weights_local_0_6_6|         array|
|conv1_weights_local_0_6_6_d1        |  out|   32|   ap_memory|  conv1_weights_local_0_6_6|         array|
|conv1_weights_local_0_6_7_address1  |  out|    5|   ap_memory|  conv1_weights_local_0_6_7|         array|
|conv1_weights_local_0_6_7_ce1       |  out|    1|   ap_memory|  conv1_weights_local_0_6_7|         array|
|conv1_weights_local_0_6_7_we1       |  out|    1|   ap_memory|  conv1_weights_local_0_6_7|         array|
|conv1_weights_local_0_6_7_d1        |  out|   32|   ap_memory|  conv1_weights_local_0_6_7|         array|
|conv1_weights_local_0_6_8_address1  |  out|    5|   ap_memory|  conv1_weights_local_0_6_8|         array|
|conv1_weights_local_0_6_8_ce1       |  out|    1|   ap_memory|  conv1_weights_local_0_6_8|         array|
|conv1_weights_local_0_6_8_we1       |  out|    1|   ap_memory|  conv1_weights_local_0_6_8|         array|
|conv1_weights_local_0_6_8_d1        |  out|   32|   ap_memory|  conv1_weights_local_0_6_8|         array|
|conv1_weights_local_0_7_0_address1  |  out|    5|   ap_memory|  conv1_weights_local_0_7_0|         array|
|conv1_weights_local_0_7_0_ce1       |  out|    1|   ap_memory|  conv1_weights_local_0_7_0|         array|
|conv1_weights_local_0_7_0_we1       |  out|    1|   ap_memory|  conv1_weights_local_0_7_0|         array|
|conv1_weights_local_0_7_0_d1        |  out|   32|   ap_memory|  conv1_weights_local_0_7_0|         array|
|conv1_weights_local_0_7_1_address1  |  out|    5|   ap_memory|  conv1_weights_local_0_7_1|         array|
|conv1_weights_local_0_7_1_ce1       |  out|    1|   ap_memory|  conv1_weights_local_0_7_1|         array|
|conv1_weights_local_0_7_1_we1       |  out|    1|   ap_memory|  conv1_weights_local_0_7_1|         array|
|conv1_weights_local_0_7_1_d1        |  out|   32|   ap_memory|  conv1_weights_local_0_7_1|         array|
|conv1_weights_local_0_7_2_address1  |  out|    5|   ap_memory|  conv1_weights_local_0_7_2|         array|
|conv1_weights_local_0_7_2_ce1       |  out|    1|   ap_memory|  conv1_weights_local_0_7_2|         array|
|conv1_weights_local_0_7_2_we1       |  out|    1|   ap_memory|  conv1_weights_local_0_7_2|         array|
|conv1_weights_local_0_7_2_d1        |  out|   32|   ap_memory|  conv1_weights_local_0_7_2|         array|
|conv1_weights_local_0_7_3_address1  |  out|    5|   ap_memory|  conv1_weights_local_0_7_3|         array|
|conv1_weights_local_0_7_3_ce1       |  out|    1|   ap_memory|  conv1_weights_local_0_7_3|         array|
|conv1_weights_local_0_7_3_we1       |  out|    1|   ap_memory|  conv1_weights_local_0_7_3|         array|
|conv1_weights_local_0_7_3_d1        |  out|   32|   ap_memory|  conv1_weights_local_0_7_3|         array|
|conv1_weights_local_0_7_4_address1  |  out|    5|   ap_memory|  conv1_weights_local_0_7_4|         array|
|conv1_weights_local_0_7_4_ce1       |  out|    1|   ap_memory|  conv1_weights_local_0_7_4|         array|
|conv1_weights_local_0_7_4_we1       |  out|    1|   ap_memory|  conv1_weights_local_0_7_4|         array|
|conv1_weights_local_0_7_4_d1        |  out|   32|   ap_memory|  conv1_weights_local_0_7_4|         array|
|conv1_weights_local_0_7_5_address1  |  out|    5|   ap_memory|  conv1_weights_local_0_7_5|         array|
|conv1_weights_local_0_7_5_ce1       |  out|    1|   ap_memory|  conv1_weights_local_0_7_5|         array|
|conv1_weights_local_0_7_5_we1       |  out|    1|   ap_memory|  conv1_weights_local_0_7_5|         array|
|conv1_weights_local_0_7_5_d1        |  out|   32|   ap_memory|  conv1_weights_local_0_7_5|         array|
|conv1_weights_local_0_7_6_address1  |  out|    5|   ap_memory|  conv1_weights_local_0_7_6|         array|
|conv1_weights_local_0_7_6_ce1       |  out|    1|   ap_memory|  conv1_weights_local_0_7_6|         array|
|conv1_weights_local_0_7_6_we1       |  out|    1|   ap_memory|  conv1_weights_local_0_7_6|         array|
|conv1_weights_local_0_7_6_d1        |  out|   32|   ap_memory|  conv1_weights_local_0_7_6|         array|
|conv1_weights_local_0_7_7_address1  |  out|    5|   ap_memory|  conv1_weights_local_0_7_7|         array|
|conv1_weights_local_0_7_7_ce1       |  out|    1|   ap_memory|  conv1_weights_local_0_7_7|         array|
|conv1_weights_local_0_7_7_we1       |  out|    1|   ap_memory|  conv1_weights_local_0_7_7|         array|
|conv1_weights_local_0_7_7_d1        |  out|   32|   ap_memory|  conv1_weights_local_0_7_7|         array|
|conv1_weights_local_0_7_8_address1  |  out|    5|   ap_memory|  conv1_weights_local_0_7_8|         array|
|conv1_weights_local_0_7_8_ce1       |  out|    1|   ap_memory|  conv1_weights_local_0_7_8|         array|
|conv1_weights_local_0_7_8_we1       |  out|    1|   ap_memory|  conv1_weights_local_0_7_8|         array|
|conv1_weights_local_0_7_8_d1        |  out|   32|   ap_memory|  conv1_weights_local_0_7_8|         array|
|conv1_weights_local_0_8_0_address1  |  out|    5|   ap_memory|  conv1_weights_local_0_8_0|         array|
|conv1_weights_local_0_8_0_ce1       |  out|    1|   ap_memory|  conv1_weights_local_0_8_0|         array|
|conv1_weights_local_0_8_0_we1       |  out|    1|   ap_memory|  conv1_weights_local_0_8_0|         array|
|conv1_weights_local_0_8_0_d1        |  out|   32|   ap_memory|  conv1_weights_local_0_8_0|         array|
|conv1_weights_local_0_8_1_address1  |  out|    5|   ap_memory|  conv1_weights_local_0_8_1|         array|
|conv1_weights_local_0_8_1_ce1       |  out|    1|   ap_memory|  conv1_weights_local_0_8_1|         array|
|conv1_weights_local_0_8_1_we1       |  out|    1|   ap_memory|  conv1_weights_local_0_8_1|         array|
|conv1_weights_local_0_8_1_d1        |  out|   32|   ap_memory|  conv1_weights_local_0_8_1|         array|
|conv1_weights_local_0_8_2_address1  |  out|    5|   ap_memory|  conv1_weights_local_0_8_2|         array|
|conv1_weights_local_0_8_2_ce1       |  out|    1|   ap_memory|  conv1_weights_local_0_8_2|         array|
|conv1_weights_local_0_8_2_we1       |  out|    1|   ap_memory|  conv1_weights_local_0_8_2|         array|
|conv1_weights_local_0_8_2_d1        |  out|   32|   ap_memory|  conv1_weights_local_0_8_2|         array|
|conv1_weights_local_0_8_3_address1  |  out|    5|   ap_memory|  conv1_weights_local_0_8_3|         array|
|conv1_weights_local_0_8_3_ce1       |  out|    1|   ap_memory|  conv1_weights_local_0_8_3|         array|
|conv1_weights_local_0_8_3_we1       |  out|    1|   ap_memory|  conv1_weights_local_0_8_3|         array|
|conv1_weights_local_0_8_3_d1        |  out|   32|   ap_memory|  conv1_weights_local_0_8_3|         array|
|conv1_weights_local_0_8_4_address1  |  out|    5|   ap_memory|  conv1_weights_local_0_8_4|         array|
|conv1_weights_local_0_8_4_ce1       |  out|    1|   ap_memory|  conv1_weights_local_0_8_4|         array|
|conv1_weights_local_0_8_4_we1       |  out|    1|   ap_memory|  conv1_weights_local_0_8_4|         array|
|conv1_weights_local_0_8_4_d1        |  out|   32|   ap_memory|  conv1_weights_local_0_8_4|         array|
|conv1_weights_local_0_8_5_address1  |  out|    5|   ap_memory|  conv1_weights_local_0_8_5|         array|
|conv1_weights_local_0_8_5_ce1       |  out|    1|   ap_memory|  conv1_weights_local_0_8_5|         array|
|conv1_weights_local_0_8_5_we1       |  out|    1|   ap_memory|  conv1_weights_local_0_8_5|         array|
|conv1_weights_local_0_8_5_d1        |  out|   32|   ap_memory|  conv1_weights_local_0_8_5|         array|
|conv1_weights_local_0_8_6_address1  |  out|    5|   ap_memory|  conv1_weights_local_0_8_6|         array|
|conv1_weights_local_0_8_6_ce1       |  out|    1|   ap_memory|  conv1_weights_local_0_8_6|         array|
|conv1_weights_local_0_8_6_we1       |  out|    1|   ap_memory|  conv1_weights_local_0_8_6|         array|
|conv1_weights_local_0_8_6_d1        |  out|   32|   ap_memory|  conv1_weights_local_0_8_6|         array|
|conv1_weights_local_0_8_7_address1  |  out|    5|   ap_memory|  conv1_weights_local_0_8_7|         array|
|conv1_weights_local_0_8_7_ce1       |  out|    1|   ap_memory|  conv1_weights_local_0_8_7|         array|
|conv1_weights_local_0_8_7_we1       |  out|    1|   ap_memory|  conv1_weights_local_0_8_7|         array|
|conv1_weights_local_0_8_7_d1        |  out|   32|   ap_memory|  conv1_weights_local_0_8_7|         array|
|conv1_weights_local_0_8_8_address1  |  out|    5|   ap_memory|  conv1_weights_local_0_8_8|         array|
|conv1_weights_local_0_8_8_ce1       |  out|    1|   ap_memory|  conv1_weights_local_0_8_8|         array|
|conv1_weights_local_0_8_8_we1       |  out|    1|   ap_memory|  conv1_weights_local_0_8_8|         array|
|conv1_weights_local_0_8_8_d1        |  out|   32|   ap_memory|  conv1_weights_local_0_8_8|         array|
|conv1_weights_local_1_0_0_address1  |  out|    5|   ap_memory|  conv1_weights_local_1_0_0|         array|
|conv1_weights_local_1_0_0_ce1       |  out|    1|   ap_memory|  conv1_weights_local_1_0_0|         array|
|conv1_weights_local_1_0_0_we1       |  out|    1|   ap_memory|  conv1_weights_local_1_0_0|         array|
|conv1_weights_local_1_0_0_d1        |  out|   32|   ap_memory|  conv1_weights_local_1_0_0|         array|
|conv1_weights_local_1_0_1_address1  |  out|    5|   ap_memory|  conv1_weights_local_1_0_1|         array|
|conv1_weights_local_1_0_1_ce1       |  out|    1|   ap_memory|  conv1_weights_local_1_0_1|         array|
|conv1_weights_local_1_0_1_we1       |  out|    1|   ap_memory|  conv1_weights_local_1_0_1|         array|
|conv1_weights_local_1_0_1_d1        |  out|   32|   ap_memory|  conv1_weights_local_1_0_1|         array|
|conv1_weights_local_1_0_2_address1  |  out|    5|   ap_memory|  conv1_weights_local_1_0_2|         array|
|conv1_weights_local_1_0_2_ce1       |  out|    1|   ap_memory|  conv1_weights_local_1_0_2|         array|
|conv1_weights_local_1_0_2_we1       |  out|    1|   ap_memory|  conv1_weights_local_1_0_2|         array|
|conv1_weights_local_1_0_2_d1        |  out|   32|   ap_memory|  conv1_weights_local_1_0_2|         array|
|conv1_weights_local_1_0_3_address1  |  out|    5|   ap_memory|  conv1_weights_local_1_0_3|         array|
|conv1_weights_local_1_0_3_ce1       |  out|    1|   ap_memory|  conv1_weights_local_1_0_3|         array|
|conv1_weights_local_1_0_3_we1       |  out|    1|   ap_memory|  conv1_weights_local_1_0_3|         array|
|conv1_weights_local_1_0_3_d1        |  out|   32|   ap_memory|  conv1_weights_local_1_0_3|         array|
|conv1_weights_local_1_0_4_address1  |  out|    5|   ap_memory|  conv1_weights_local_1_0_4|         array|
|conv1_weights_local_1_0_4_ce1       |  out|    1|   ap_memory|  conv1_weights_local_1_0_4|         array|
|conv1_weights_local_1_0_4_we1       |  out|    1|   ap_memory|  conv1_weights_local_1_0_4|         array|
|conv1_weights_local_1_0_4_d1        |  out|   32|   ap_memory|  conv1_weights_local_1_0_4|         array|
|conv1_weights_local_1_0_5_address1  |  out|    5|   ap_memory|  conv1_weights_local_1_0_5|         array|
|conv1_weights_local_1_0_5_ce1       |  out|    1|   ap_memory|  conv1_weights_local_1_0_5|         array|
|conv1_weights_local_1_0_5_we1       |  out|    1|   ap_memory|  conv1_weights_local_1_0_5|         array|
|conv1_weights_local_1_0_5_d1        |  out|   32|   ap_memory|  conv1_weights_local_1_0_5|         array|
|conv1_weights_local_1_0_6_address1  |  out|    5|   ap_memory|  conv1_weights_local_1_0_6|         array|
|conv1_weights_local_1_0_6_ce1       |  out|    1|   ap_memory|  conv1_weights_local_1_0_6|         array|
|conv1_weights_local_1_0_6_we1       |  out|    1|   ap_memory|  conv1_weights_local_1_0_6|         array|
|conv1_weights_local_1_0_6_d1        |  out|   32|   ap_memory|  conv1_weights_local_1_0_6|         array|
|conv1_weights_local_1_0_7_address1  |  out|    5|   ap_memory|  conv1_weights_local_1_0_7|         array|
|conv1_weights_local_1_0_7_ce1       |  out|    1|   ap_memory|  conv1_weights_local_1_0_7|         array|
|conv1_weights_local_1_0_7_we1       |  out|    1|   ap_memory|  conv1_weights_local_1_0_7|         array|
|conv1_weights_local_1_0_7_d1        |  out|   32|   ap_memory|  conv1_weights_local_1_0_7|         array|
|conv1_weights_local_1_0_8_address1  |  out|    5|   ap_memory|  conv1_weights_local_1_0_8|         array|
|conv1_weights_local_1_0_8_ce1       |  out|    1|   ap_memory|  conv1_weights_local_1_0_8|         array|
|conv1_weights_local_1_0_8_we1       |  out|    1|   ap_memory|  conv1_weights_local_1_0_8|         array|
|conv1_weights_local_1_0_8_d1        |  out|   32|   ap_memory|  conv1_weights_local_1_0_8|         array|
|conv1_weights_local_1_1_0_address1  |  out|    5|   ap_memory|  conv1_weights_local_1_1_0|         array|
|conv1_weights_local_1_1_0_ce1       |  out|    1|   ap_memory|  conv1_weights_local_1_1_0|         array|
|conv1_weights_local_1_1_0_we1       |  out|    1|   ap_memory|  conv1_weights_local_1_1_0|         array|
|conv1_weights_local_1_1_0_d1        |  out|   32|   ap_memory|  conv1_weights_local_1_1_0|         array|
|conv1_weights_local_1_1_1_address1  |  out|    5|   ap_memory|  conv1_weights_local_1_1_1|         array|
|conv1_weights_local_1_1_1_ce1       |  out|    1|   ap_memory|  conv1_weights_local_1_1_1|         array|
|conv1_weights_local_1_1_1_we1       |  out|    1|   ap_memory|  conv1_weights_local_1_1_1|         array|
|conv1_weights_local_1_1_1_d1        |  out|   32|   ap_memory|  conv1_weights_local_1_1_1|         array|
|conv1_weights_local_1_1_2_address1  |  out|    5|   ap_memory|  conv1_weights_local_1_1_2|         array|
|conv1_weights_local_1_1_2_ce1       |  out|    1|   ap_memory|  conv1_weights_local_1_1_2|         array|
|conv1_weights_local_1_1_2_we1       |  out|    1|   ap_memory|  conv1_weights_local_1_1_2|         array|
|conv1_weights_local_1_1_2_d1        |  out|   32|   ap_memory|  conv1_weights_local_1_1_2|         array|
|conv1_weights_local_1_1_3_address1  |  out|    5|   ap_memory|  conv1_weights_local_1_1_3|         array|
|conv1_weights_local_1_1_3_ce1       |  out|    1|   ap_memory|  conv1_weights_local_1_1_3|         array|
|conv1_weights_local_1_1_3_we1       |  out|    1|   ap_memory|  conv1_weights_local_1_1_3|         array|
|conv1_weights_local_1_1_3_d1        |  out|   32|   ap_memory|  conv1_weights_local_1_1_3|         array|
|conv1_weights_local_1_1_4_address1  |  out|    5|   ap_memory|  conv1_weights_local_1_1_4|         array|
|conv1_weights_local_1_1_4_ce1       |  out|    1|   ap_memory|  conv1_weights_local_1_1_4|         array|
|conv1_weights_local_1_1_4_we1       |  out|    1|   ap_memory|  conv1_weights_local_1_1_4|         array|
|conv1_weights_local_1_1_4_d1        |  out|   32|   ap_memory|  conv1_weights_local_1_1_4|         array|
|conv1_weights_local_1_1_5_address1  |  out|    5|   ap_memory|  conv1_weights_local_1_1_5|         array|
|conv1_weights_local_1_1_5_ce1       |  out|    1|   ap_memory|  conv1_weights_local_1_1_5|         array|
|conv1_weights_local_1_1_5_we1       |  out|    1|   ap_memory|  conv1_weights_local_1_1_5|         array|
|conv1_weights_local_1_1_5_d1        |  out|   32|   ap_memory|  conv1_weights_local_1_1_5|         array|
|conv1_weights_local_1_1_6_address1  |  out|    5|   ap_memory|  conv1_weights_local_1_1_6|         array|
|conv1_weights_local_1_1_6_ce1       |  out|    1|   ap_memory|  conv1_weights_local_1_1_6|         array|
|conv1_weights_local_1_1_6_we1       |  out|    1|   ap_memory|  conv1_weights_local_1_1_6|         array|
|conv1_weights_local_1_1_6_d1        |  out|   32|   ap_memory|  conv1_weights_local_1_1_6|         array|
|conv1_weights_local_1_1_7_address1  |  out|    5|   ap_memory|  conv1_weights_local_1_1_7|         array|
|conv1_weights_local_1_1_7_ce1       |  out|    1|   ap_memory|  conv1_weights_local_1_1_7|         array|
|conv1_weights_local_1_1_7_we1       |  out|    1|   ap_memory|  conv1_weights_local_1_1_7|         array|
|conv1_weights_local_1_1_7_d1        |  out|   32|   ap_memory|  conv1_weights_local_1_1_7|         array|
|conv1_weights_local_1_1_8_address1  |  out|    5|   ap_memory|  conv1_weights_local_1_1_8|         array|
|conv1_weights_local_1_1_8_ce1       |  out|    1|   ap_memory|  conv1_weights_local_1_1_8|         array|
|conv1_weights_local_1_1_8_we1       |  out|    1|   ap_memory|  conv1_weights_local_1_1_8|         array|
|conv1_weights_local_1_1_8_d1        |  out|   32|   ap_memory|  conv1_weights_local_1_1_8|         array|
|conv1_weights_local_1_2_0_address1  |  out|    5|   ap_memory|  conv1_weights_local_1_2_0|         array|
|conv1_weights_local_1_2_0_ce1       |  out|    1|   ap_memory|  conv1_weights_local_1_2_0|         array|
|conv1_weights_local_1_2_0_we1       |  out|    1|   ap_memory|  conv1_weights_local_1_2_0|         array|
|conv1_weights_local_1_2_0_d1        |  out|   32|   ap_memory|  conv1_weights_local_1_2_0|         array|
|conv1_weights_local_1_2_1_address1  |  out|    5|   ap_memory|  conv1_weights_local_1_2_1|         array|
|conv1_weights_local_1_2_1_ce1       |  out|    1|   ap_memory|  conv1_weights_local_1_2_1|         array|
|conv1_weights_local_1_2_1_we1       |  out|    1|   ap_memory|  conv1_weights_local_1_2_1|         array|
|conv1_weights_local_1_2_1_d1        |  out|   32|   ap_memory|  conv1_weights_local_1_2_1|         array|
|conv1_weights_local_1_2_2_address1  |  out|    5|   ap_memory|  conv1_weights_local_1_2_2|         array|
|conv1_weights_local_1_2_2_ce1       |  out|    1|   ap_memory|  conv1_weights_local_1_2_2|         array|
|conv1_weights_local_1_2_2_we1       |  out|    1|   ap_memory|  conv1_weights_local_1_2_2|         array|
|conv1_weights_local_1_2_2_d1        |  out|   32|   ap_memory|  conv1_weights_local_1_2_2|         array|
|conv1_weights_local_1_2_3_address1  |  out|    5|   ap_memory|  conv1_weights_local_1_2_3|         array|
|conv1_weights_local_1_2_3_ce1       |  out|    1|   ap_memory|  conv1_weights_local_1_2_3|         array|
|conv1_weights_local_1_2_3_we1       |  out|    1|   ap_memory|  conv1_weights_local_1_2_3|         array|
|conv1_weights_local_1_2_3_d1        |  out|   32|   ap_memory|  conv1_weights_local_1_2_3|         array|
|conv1_weights_local_1_2_4_address1  |  out|    5|   ap_memory|  conv1_weights_local_1_2_4|         array|
|conv1_weights_local_1_2_4_ce1       |  out|    1|   ap_memory|  conv1_weights_local_1_2_4|         array|
|conv1_weights_local_1_2_4_we1       |  out|    1|   ap_memory|  conv1_weights_local_1_2_4|         array|
|conv1_weights_local_1_2_4_d1        |  out|   32|   ap_memory|  conv1_weights_local_1_2_4|         array|
|conv1_weights_local_1_2_5_address1  |  out|    5|   ap_memory|  conv1_weights_local_1_2_5|         array|
|conv1_weights_local_1_2_5_ce1       |  out|    1|   ap_memory|  conv1_weights_local_1_2_5|         array|
|conv1_weights_local_1_2_5_we1       |  out|    1|   ap_memory|  conv1_weights_local_1_2_5|         array|
|conv1_weights_local_1_2_5_d1        |  out|   32|   ap_memory|  conv1_weights_local_1_2_5|         array|
|conv1_weights_local_1_2_6_address1  |  out|    5|   ap_memory|  conv1_weights_local_1_2_6|         array|
|conv1_weights_local_1_2_6_ce1       |  out|    1|   ap_memory|  conv1_weights_local_1_2_6|         array|
|conv1_weights_local_1_2_6_we1       |  out|    1|   ap_memory|  conv1_weights_local_1_2_6|         array|
|conv1_weights_local_1_2_6_d1        |  out|   32|   ap_memory|  conv1_weights_local_1_2_6|         array|
|conv1_weights_local_1_2_7_address1  |  out|    5|   ap_memory|  conv1_weights_local_1_2_7|         array|
|conv1_weights_local_1_2_7_ce1       |  out|    1|   ap_memory|  conv1_weights_local_1_2_7|         array|
|conv1_weights_local_1_2_7_we1       |  out|    1|   ap_memory|  conv1_weights_local_1_2_7|         array|
|conv1_weights_local_1_2_7_d1        |  out|   32|   ap_memory|  conv1_weights_local_1_2_7|         array|
|conv1_weights_local_1_2_8_address1  |  out|    5|   ap_memory|  conv1_weights_local_1_2_8|         array|
|conv1_weights_local_1_2_8_ce1       |  out|    1|   ap_memory|  conv1_weights_local_1_2_8|         array|
|conv1_weights_local_1_2_8_we1       |  out|    1|   ap_memory|  conv1_weights_local_1_2_8|         array|
|conv1_weights_local_1_2_8_d1        |  out|   32|   ap_memory|  conv1_weights_local_1_2_8|         array|
|conv1_weights_local_1_3_0_address1  |  out|    5|   ap_memory|  conv1_weights_local_1_3_0|         array|
|conv1_weights_local_1_3_0_ce1       |  out|    1|   ap_memory|  conv1_weights_local_1_3_0|         array|
|conv1_weights_local_1_3_0_we1       |  out|    1|   ap_memory|  conv1_weights_local_1_3_0|         array|
|conv1_weights_local_1_3_0_d1        |  out|   32|   ap_memory|  conv1_weights_local_1_3_0|         array|
|conv1_weights_local_1_3_1_address1  |  out|    5|   ap_memory|  conv1_weights_local_1_3_1|         array|
|conv1_weights_local_1_3_1_ce1       |  out|    1|   ap_memory|  conv1_weights_local_1_3_1|         array|
|conv1_weights_local_1_3_1_we1       |  out|    1|   ap_memory|  conv1_weights_local_1_3_1|         array|
|conv1_weights_local_1_3_1_d1        |  out|   32|   ap_memory|  conv1_weights_local_1_3_1|         array|
|conv1_weights_local_1_3_2_address1  |  out|    5|   ap_memory|  conv1_weights_local_1_3_2|         array|
|conv1_weights_local_1_3_2_ce1       |  out|    1|   ap_memory|  conv1_weights_local_1_3_2|         array|
|conv1_weights_local_1_3_2_we1       |  out|    1|   ap_memory|  conv1_weights_local_1_3_2|         array|
|conv1_weights_local_1_3_2_d1        |  out|   32|   ap_memory|  conv1_weights_local_1_3_2|         array|
|conv1_weights_local_1_3_3_address1  |  out|    5|   ap_memory|  conv1_weights_local_1_3_3|         array|
|conv1_weights_local_1_3_3_ce1       |  out|    1|   ap_memory|  conv1_weights_local_1_3_3|         array|
|conv1_weights_local_1_3_3_we1       |  out|    1|   ap_memory|  conv1_weights_local_1_3_3|         array|
|conv1_weights_local_1_3_3_d1        |  out|   32|   ap_memory|  conv1_weights_local_1_3_3|         array|
|conv1_weights_local_1_3_4_address1  |  out|    5|   ap_memory|  conv1_weights_local_1_3_4|         array|
|conv1_weights_local_1_3_4_ce1       |  out|    1|   ap_memory|  conv1_weights_local_1_3_4|         array|
|conv1_weights_local_1_3_4_we1       |  out|    1|   ap_memory|  conv1_weights_local_1_3_4|         array|
|conv1_weights_local_1_3_4_d1        |  out|   32|   ap_memory|  conv1_weights_local_1_3_4|         array|
|conv1_weights_local_1_3_5_address1  |  out|    5|   ap_memory|  conv1_weights_local_1_3_5|         array|
|conv1_weights_local_1_3_5_ce1       |  out|    1|   ap_memory|  conv1_weights_local_1_3_5|         array|
|conv1_weights_local_1_3_5_we1       |  out|    1|   ap_memory|  conv1_weights_local_1_3_5|         array|
|conv1_weights_local_1_3_5_d1        |  out|   32|   ap_memory|  conv1_weights_local_1_3_5|         array|
|conv1_weights_local_1_3_6_address1  |  out|    5|   ap_memory|  conv1_weights_local_1_3_6|         array|
|conv1_weights_local_1_3_6_ce1       |  out|    1|   ap_memory|  conv1_weights_local_1_3_6|         array|
|conv1_weights_local_1_3_6_we1       |  out|    1|   ap_memory|  conv1_weights_local_1_3_6|         array|
|conv1_weights_local_1_3_6_d1        |  out|   32|   ap_memory|  conv1_weights_local_1_3_6|         array|
|conv1_weights_local_1_3_7_address1  |  out|    5|   ap_memory|  conv1_weights_local_1_3_7|         array|
|conv1_weights_local_1_3_7_ce1       |  out|    1|   ap_memory|  conv1_weights_local_1_3_7|         array|
|conv1_weights_local_1_3_7_we1       |  out|    1|   ap_memory|  conv1_weights_local_1_3_7|         array|
|conv1_weights_local_1_3_7_d1        |  out|   32|   ap_memory|  conv1_weights_local_1_3_7|         array|
|conv1_weights_local_1_3_8_address1  |  out|    5|   ap_memory|  conv1_weights_local_1_3_8|         array|
|conv1_weights_local_1_3_8_ce1       |  out|    1|   ap_memory|  conv1_weights_local_1_3_8|         array|
|conv1_weights_local_1_3_8_we1       |  out|    1|   ap_memory|  conv1_weights_local_1_3_8|         array|
|conv1_weights_local_1_3_8_d1        |  out|   32|   ap_memory|  conv1_weights_local_1_3_8|         array|
|conv1_weights_local_1_4_0_address1  |  out|    5|   ap_memory|  conv1_weights_local_1_4_0|         array|
|conv1_weights_local_1_4_0_ce1       |  out|    1|   ap_memory|  conv1_weights_local_1_4_0|         array|
|conv1_weights_local_1_4_0_we1       |  out|    1|   ap_memory|  conv1_weights_local_1_4_0|         array|
|conv1_weights_local_1_4_0_d1        |  out|   32|   ap_memory|  conv1_weights_local_1_4_0|         array|
|conv1_weights_local_1_4_1_address1  |  out|    5|   ap_memory|  conv1_weights_local_1_4_1|         array|
|conv1_weights_local_1_4_1_ce1       |  out|    1|   ap_memory|  conv1_weights_local_1_4_1|         array|
|conv1_weights_local_1_4_1_we1       |  out|    1|   ap_memory|  conv1_weights_local_1_4_1|         array|
|conv1_weights_local_1_4_1_d1        |  out|   32|   ap_memory|  conv1_weights_local_1_4_1|         array|
|conv1_weights_local_1_4_2_address1  |  out|    5|   ap_memory|  conv1_weights_local_1_4_2|         array|
|conv1_weights_local_1_4_2_ce1       |  out|    1|   ap_memory|  conv1_weights_local_1_4_2|         array|
|conv1_weights_local_1_4_2_we1       |  out|    1|   ap_memory|  conv1_weights_local_1_4_2|         array|
|conv1_weights_local_1_4_2_d1        |  out|   32|   ap_memory|  conv1_weights_local_1_4_2|         array|
|conv1_weights_local_1_4_3_address1  |  out|    5|   ap_memory|  conv1_weights_local_1_4_3|         array|
|conv1_weights_local_1_4_3_ce1       |  out|    1|   ap_memory|  conv1_weights_local_1_4_3|         array|
|conv1_weights_local_1_4_3_we1       |  out|    1|   ap_memory|  conv1_weights_local_1_4_3|         array|
|conv1_weights_local_1_4_3_d1        |  out|   32|   ap_memory|  conv1_weights_local_1_4_3|         array|
|conv1_weights_local_1_4_4_address1  |  out|    5|   ap_memory|  conv1_weights_local_1_4_4|         array|
|conv1_weights_local_1_4_4_ce1       |  out|    1|   ap_memory|  conv1_weights_local_1_4_4|         array|
|conv1_weights_local_1_4_4_we1       |  out|    1|   ap_memory|  conv1_weights_local_1_4_4|         array|
|conv1_weights_local_1_4_4_d1        |  out|   32|   ap_memory|  conv1_weights_local_1_4_4|         array|
|conv1_weights_local_1_4_5_address1  |  out|    5|   ap_memory|  conv1_weights_local_1_4_5|         array|
|conv1_weights_local_1_4_5_ce1       |  out|    1|   ap_memory|  conv1_weights_local_1_4_5|         array|
|conv1_weights_local_1_4_5_we1       |  out|    1|   ap_memory|  conv1_weights_local_1_4_5|         array|
|conv1_weights_local_1_4_5_d1        |  out|   32|   ap_memory|  conv1_weights_local_1_4_5|         array|
|conv1_weights_local_1_4_6_address1  |  out|    5|   ap_memory|  conv1_weights_local_1_4_6|         array|
|conv1_weights_local_1_4_6_ce1       |  out|    1|   ap_memory|  conv1_weights_local_1_4_6|         array|
|conv1_weights_local_1_4_6_we1       |  out|    1|   ap_memory|  conv1_weights_local_1_4_6|         array|
|conv1_weights_local_1_4_6_d1        |  out|   32|   ap_memory|  conv1_weights_local_1_4_6|         array|
|conv1_weights_local_1_4_7_address1  |  out|    5|   ap_memory|  conv1_weights_local_1_4_7|         array|
|conv1_weights_local_1_4_7_ce1       |  out|    1|   ap_memory|  conv1_weights_local_1_4_7|         array|
|conv1_weights_local_1_4_7_we1       |  out|    1|   ap_memory|  conv1_weights_local_1_4_7|         array|
|conv1_weights_local_1_4_7_d1        |  out|   32|   ap_memory|  conv1_weights_local_1_4_7|         array|
|conv1_weights_local_1_4_8_address1  |  out|    5|   ap_memory|  conv1_weights_local_1_4_8|         array|
|conv1_weights_local_1_4_8_ce1       |  out|    1|   ap_memory|  conv1_weights_local_1_4_8|         array|
|conv1_weights_local_1_4_8_we1       |  out|    1|   ap_memory|  conv1_weights_local_1_4_8|         array|
|conv1_weights_local_1_4_8_d1        |  out|   32|   ap_memory|  conv1_weights_local_1_4_8|         array|
|conv1_weights_local_1_5_0_address1  |  out|    5|   ap_memory|  conv1_weights_local_1_5_0|         array|
|conv1_weights_local_1_5_0_ce1       |  out|    1|   ap_memory|  conv1_weights_local_1_5_0|         array|
|conv1_weights_local_1_5_0_we1       |  out|    1|   ap_memory|  conv1_weights_local_1_5_0|         array|
|conv1_weights_local_1_5_0_d1        |  out|   32|   ap_memory|  conv1_weights_local_1_5_0|         array|
|conv1_weights_local_1_5_1_address1  |  out|    5|   ap_memory|  conv1_weights_local_1_5_1|         array|
|conv1_weights_local_1_5_1_ce1       |  out|    1|   ap_memory|  conv1_weights_local_1_5_1|         array|
|conv1_weights_local_1_5_1_we1       |  out|    1|   ap_memory|  conv1_weights_local_1_5_1|         array|
|conv1_weights_local_1_5_1_d1        |  out|   32|   ap_memory|  conv1_weights_local_1_5_1|         array|
|conv1_weights_local_1_5_2_address1  |  out|    5|   ap_memory|  conv1_weights_local_1_5_2|         array|
|conv1_weights_local_1_5_2_ce1       |  out|    1|   ap_memory|  conv1_weights_local_1_5_2|         array|
|conv1_weights_local_1_5_2_we1       |  out|    1|   ap_memory|  conv1_weights_local_1_5_2|         array|
|conv1_weights_local_1_5_2_d1        |  out|   32|   ap_memory|  conv1_weights_local_1_5_2|         array|
|conv1_weights_local_1_5_3_address1  |  out|    5|   ap_memory|  conv1_weights_local_1_5_3|         array|
|conv1_weights_local_1_5_3_ce1       |  out|    1|   ap_memory|  conv1_weights_local_1_5_3|         array|
|conv1_weights_local_1_5_3_we1       |  out|    1|   ap_memory|  conv1_weights_local_1_5_3|         array|
|conv1_weights_local_1_5_3_d1        |  out|   32|   ap_memory|  conv1_weights_local_1_5_3|         array|
|conv1_weights_local_1_5_4_address1  |  out|    5|   ap_memory|  conv1_weights_local_1_5_4|         array|
|conv1_weights_local_1_5_4_ce1       |  out|    1|   ap_memory|  conv1_weights_local_1_5_4|         array|
|conv1_weights_local_1_5_4_we1       |  out|    1|   ap_memory|  conv1_weights_local_1_5_4|         array|
|conv1_weights_local_1_5_4_d1        |  out|   32|   ap_memory|  conv1_weights_local_1_5_4|         array|
|conv1_weights_local_1_5_5_address1  |  out|    5|   ap_memory|  conv1_weights_local_1_5_5|         array|
|conv1_weights_local_1_5_5_ce1       |  out|    1|   ap_memory|  conv1_weights_local_1_5_5|         array|
|conv1_weights_local_1_5_5_we1       |  out|    1|   ap_memory|  conv1_weights_local_1_5_5|         array|
|conv1_weights_local_1_5_5_d1        |  out|   32|   ap_memory|  conv1_weights_local_1_5_5|         array|
|conv1_weights_local_1_5_6_address1  |  out|    5|   ap_memory|  conv1_weights_local_1_5_6|         array|
|conv1_weights_local_1_5_6_ce1       |  out|    1|   ap_memory|  conv1_weights_local_1_5_6|         array|
|conv1_weights_local_1_5_6_we1       |  out|    1|   ap_memory|  conv1_weights_local_1_5_6|         array|
|conv1_weights_local_1_5_6_d1        |  out|   32|   ap_memory|  conv1_weights_local_1_5_6|         array|
|conv1_weights_local_1_5_7_address1  |  out|    5|   ap_memory|  conv1_weights_local_1_5_7|         array|
|conv1_weights_local_1_5_7_ce1       |  out|    1|   ap_memory|  conv1_weights_local_1_5_7|         array|
|conv1_weights_local_1_5_7_we1       |  out|    1|   ap_memory|  conv1_weights_local_1_5_7|         array|
|conv1_weights_local_1_5_7_d1        |  out|   32|   ap_memory|  conv1_weights_local_1_5_7|         array|
|conv1_weights_local_1_5_8_address1  |  out|    5|   ap_memory|  conv1_weights_local_1_5_8|         array|
|conv1_weights_local_1_5_8_ce1       |  out|    1|   ap_memory|  conv1_weights_local_1_5_8|         array|
|conv1_weights_local_1_5_8_we1       |  out|    1|   ap_memory|  conv1_weights_local_1_5_8|         array|
|conv1_weights_local_1_5_8_d1        |  out|   32|   ap_memory|  conv1_weights_local_1_5_8|         array|
|conv1_weights_local_1_6_0_address1  |  out|    5|   ap_memory|  conv1_weights_local_1_6_0|         array|
|conv1_weights_local_1_6_0_ce1       |  out|    1|   ap_memory|  conv1_weights_local_1_6_0|         array|
|conv1_weights_local_1_6_0_we1       |  out|    1|   ap_memory|  conv1_weights_local_1_6_0|         array|
|conv1_weights_local_1_6_0_d1        |  out|   32|   ap_memory|  conv1_weights_local_1_6_0|         array|
|conv1_weights_local_1_6_1_address1  |  out|    5|   ap_memory|  conv1_weights_local_1_6_1|         array|
|conv1_weights_local_1_6_1_ce1       |  out|    1|   ap_memory|  conv1_weights_local_1_6_1|         array|
|conv1_weights_local_1_6_1_we1       |  out|    1|   ap_memory|  conv1_weights_local_1_6_1|         array|
|conv1_weights_local_1_6_1_d1        |  out|   32|   ap_memory|  conv1_weights_local_1_6_1|         array|
|conv1_weights_local_1_6_2_address1  |  out|    5|   ap_memory|  conv1_weights_local_1_6_2|         array|
|conv1_weights_local_1_6_2_ce1       |  out|    1|   ap_memory|  conv1_weights_local_1_6_2|         array|
|conv1_weights_local_1_6_2_we1       |  out|    1|   ap_memory|  conv1_weights_local_1_6_2|         array|
|conv1_weights_local_1_6_2_d1        |  out|   32|   ap_memory|  conv1_weights_local_1_6_2|         array|
|conv1_weights_local_1_6_3_address1  |  out|    5|   ap_memory|  conv1_weights_local_1_6_3|         array|
|conv1_weights_local_1_6_3_ce1       |  out|    1|   ap_memory|  conv1_weights_local_1_6_3|         array|
|conv1_weights_local_1_6_3_we1       |  out|    1|   ap_memory|  conv1_weights_local_1_6_3|         array|
|conv1_weights_local_1_6_3_d1        |  out|   32|   ap_memory|  conv1_weights_local_1_6_3|         array|
|conv1_weights_local_1_6_4_address1  |  out|    5|   ap_memory|  conv1_weights_local_1_6_4|         array|
|conv1_weights_local_1_6_4_ce1       |  out|    1|   ap_memory|  conv1_weights_local_1_6_4|         array|
|conv1_weights_local_1_6_4_we1       |  out|    1|   ap_memory|  conv1_weights_local_1_6_4|         array|
|conv1_weights_local_1_6_4_d1        |  out|   32|   ap_memory|  conv1_weights_local_1_6_4|         array|
|conv1_weights_local_1_6_5_address1  |  out|    5|   ap_memory|  conv1_weights_local_1_6_5|         array|
|conv1_weights_local_1_6_5_ce1       |  out|    1|   ap_memory|  conv1_weights_local_1_6_5|         array|
|conv1_weights_local_1_6_5_we1       |  out|    1|   ap_memory|  conv1_weights_local_1_6_5|         array|
|conv1_weights_local_1_6_5_d1        |  out|   32|   ap_memory|  conv1_weights_local_1_6_5|         array|
|conv1_weights_local_1_6_6_address1  |  out|    5|   ap_memory|  conv1_weights_local_1_6_6|         array|
|conv1_weights_local_1_6_6_ce1       |  out|    1|   ap_memory|  conv1_weights_local_1_6_6|         array|
|conv1_weights_local_1_6_6_we1       |  out|    1|   ap_memory|  conv1_weights_local_1_6_6|         array|
|conv1_weights_local_1_6_6_d1        |  out|   32|   ap_memory|  conv1_weights_local_1_6_6|         array|
|conv1_weights_local_1_6_7_address1  |  out|    5|   ap_memory|  conv1_weights_local_1_6_7|         array|
|conv1_weights_local_1_6_7_ce1       |  out|    1|   ap_memory|  conv1_weights_local_1_6_7|         array|
|conv1_weights_local_1_6_7_we1       |  out|    1|   ap_memory|  conv1_weights_local_1_6_7|         array|
|conv1_weights_local_1_6_7_d1        |  out|   32|   ap_memory|  conv1_weights_local_1_6_7|         array|
|conv1_weights_local_1_6_8_address1  |  out|    5|   ap_memory|  conv1_weights_local_1_6_8|         array|
|conv1_weights_local_1_6_8_ce1       |  out|    1|   ap_memory|  conv1_weights_local_1_6_8|         array|
|conv1_weights_local_1_6_8_we1       |  out|    1|   ap_memory|  conv1_weights_local_1_6_8|         array|
|conv1_weights_local_1_6_8_d1        |  out|   32|   ap_memory|  conv1_weights_local_1_6_8|         array|
|conv1_weights_local_1_7_0_address1  |  out|    5|   ap_memory|  conv1_weights_local_1_7_0|         array|
|conv1_weights_local_1_7_0_ce1       |  out|    1|   ap_memory|  conv1_weights_local_1_7_0|         array|
|conv1_weights_local_1_7_0_we1       |  out|    1|   ap_memory|  conv1_weights_local_1_7_0|         array|
|conv1_weights_local_1_7_0_d1        |  out|   32|   ap_memory|  conv1_weights_local_1_7_0|         array|
|conv1_weights_local_1_7_1_address1  |  out|    5|   ap_memory|  conv1_weights_local_1_7_1|         array|
|conv1_weights_local_1_7_1_ce1       |  out|    1|   ap_memory|  conv1_weights_local_1_7_1|         array|
|conv1_weights_local_1_7_1_we1       |  out|    1|   ap_memory|  conv1_weights_local_1_7_1|         array|
|conv1_weights_local_1_7_1_d1        |  out|   32|   ap_memory|  conv1_weights_local_1_7_1|         array|
|conv1_weights_local_1_7_2_address1  |  out|    5|   ap_memory|  conv1_weights_local_1_7_2|         array|
|conv1_weights_local_1_7_2_ce1       |  out|    1|   ap_memory|  conv1_weights_local_1_7_2|         array|
|conv1_weights_local_1_7_2_we1       |  out|    1|   ap_memory|  conv1_weights_local_1_7_2|         array|
|conv1_weights_local_1_7_2_d1        |  out|   32|   ap_memory|  conv1_weights_local_1_7_2|         array|
|conv1_weights_local_1_7_3_address1  |  out|    5|   ap_memory|  conv1_weights_local_1_7_3|         array|
|conv1_weights_local_1_7_3_ce1       |  out|    1|   ap_memory|  conv1_weights_local_1_7_3|         array|
|conv1_weights_local_1_7_3_we1       |  out|    1|   ap_memory|  conv1_weights_local_1_7_3|         array|
|conv1_weights_local_1_7_3_d1        |  out|   32|   ap_memory|  conv1_weights_local_1_7_3|         array|
|conv1_weights_local_1_7_4_address1  |  out|    5|   ap_memory|  conv1_weights_local_1_7_4|         array|
|conv1_weights_local_1_7_4_ce1       |  out|    1|   ap_memory|  conv1_weights_local_1_7_4|         array|
|conv1_weights_local_1_7_4_we1       |  out|    1|   ap_memory|  conv1_weights_local_1_7_4|         array|
|conv1_weights_local_1_7_4_d1        |  out|   32|   ap_memory|  conv1_weights_local_1_7_4|         array|
|conv1_weights_local_1_7_5_address1  |  out|    5|   ap_memory|  conv1_weights_local_1_7_5|         array|
|conv1_weights_local_1_7_5_ce1       |  out|    1|   ap_memory|  conv1_weights_local_1_7_5|         array|
|conv1_weights_local_1_7_5_we1       |  out|    1|   ap_memory|  conv1_weights_local_1_7_5|         array|
|conv1_weights_local_1_7_5_d1        |  out|   32|   ap_memory|  conv1_weights_local_1_7_5|         array|
|conv1_weights_local_1_7_6_address1  |  out|    5|   ap_memory|  conv1_weights_local_1_7_6|         array|
|conv1_weights_local_1_7_6_ce1       |  out|    1|   ap_memory|  conv1_weights_local_1_7_6|         array|
|conv1_weights_local_1_7_6_we1       |  out|    1|   ap_memory|  conv1_weights_local_1_7_6|         array|
|conv1_weights_local_1_7_6_d1        |  out|   32|   ap_memory|  conv1_weights_local_1_7_6|         array|
|conv1_weights_local_1_7_7_address1  |  out|    5|   ap_memory|  conv1_weights_local_1_7_7|         array|
|conv1_weights_local_1_7_7_ce1       |  out|    1|   ap_memory|  conv1_weights_local_1_7_7|         array|
|conv1_weights_local_1_7_7_we1       |  out|    1|   ap_memory|  conv1_weights_local_1_7_7|         array|
|conv1_weights_local_1_7_7_d1        |  out|   32|   ap_memory|  conv1_weights_local_1_7_7|         array|
|conv1_weights_local_1_7_8_address1  |  out|    5|   ap_memory|  conv1_weights_local_1_7_8|         array|
|conv1_weights_local_1_7_8_ce1       |  out|    1|   ap_memory|  conv1_weights_local_1_7_8|         array|
|conv1_weights_local_1_7_8_we1       |  out|    1|   ap_memory|  conv1_weights_local_1_7_8|         array|
|conv1_weights_local_1_7_8_d1        |  out|   32|   ap_memory|  conv1_weights_local_1_7_8|         array|
|conv1_weights_local_1_8_0_address1  |  out|    5|   ap_memory|  conv1_weights_local_1_8_0|         array|
|conv1_weights_local_1_8_0_ce1       |  out|    1|   ap_memory|  conv1_weights_local_1_8_0|         array|
|conv1_weights_local_1_8_0_we1       |  out|    1|   ap_memory|  conv1_weights_local_1_8_0|         array|
|conv1_weights_local_1_8_0_d1        |  out|   32|   ap_memory|  conv1_weights_local_1_8_0|         array|
|conv1_weights_local_1_8_1_address1  |  out|    5|   ap_memory|  conv1_weights_local_1_8_1|         array|
|conv1_weights_local_1_8_1_ce1       |  out|    1|   ap_memory|  conv1_weights_local_1_8_1|         array|
|conv1_weights_local_1_8_1_we1       |  out|    1|   ap_memory|  conv1_weights_local_1_8_1|         array|
|conv1_weights_local_1_8_1_d1        |  out|   32|   ap_memory|  conv1_weights_local_1_8_1|         array|
|conv1_weights_local_1_8_2_address1  |  out|    5|   ap_memory|  conv1_weights_local_1_8_2|         array|
|conv1_weights_local_1_8_2_ce1       |  out|    1|   ap_memory|  conv1_weights_local_1_8_2|         array|
|conv1_weights_local_1_8_2_we1       |  out|    1|   ap_memory|  conv1_weights_local_1_8_2|         array|
|conv1_weights_local_1_8_2_d1        |  out|   32|   ap_memory|  conv1_weights_local_1_8_2|         array|
|conv1_weights_local_1_8_3_address1  |  out|    5|   ap_memory|  conv1_weights_local_1_8_3|         array|
|conv1_weights_local_1_8_3_ce1       |  out|    1|   ap_memory|  conv1_weights_local_1_8_3|         array|
|conv1_weights_local_1_8_3_we1       |  out|    1|   ap_memory|  conv1_weights_local_1_8_3|         array|
|conv1_weights_local_1_8_3_d1        |  out|   32|   ap_memory|  conv1_weights_local_1_8_3|         array|
|conv1_weights_local_1_8_4_address1  |  out|    5|   ap_memory|  conv1_weights_local_1_8_4|         array|
|conv1_weights_local_1_8_4_ce1       |  out|    1|   ap_memory|  conv1_weights_local_1_8_4|         array|
|conv1_weights_local_1_8_4_we1       |  out|    1|   ap_memory|  conv1_weights_local_1_8_4|         array|
|conv1_weights_local_1_8_4_d1        |  out|   32|   ap_memory|  conv1_weights_local_1_8_4|         array|
|conv1_weights_local_1_8_5_address1  |  out|    5|   ap_memory|  conv1_weights_local_1_8_5|         array|
|conv1_weights_local_1_8_5_ce1       |  out|    1|   ap_memory|  conv1_weights_local_1_8_5|         array|
|conv1_weights_local_1_8_5_we1       |  out|    1|   ap_memory|  conv1_weights_local_1_8_5|         array|
|conv1_weights_local_1_8_5_d1        |  out|   32|   ap_memory|  conv1_weights_local_1_8_5|         array|
|conv1_weights_local_1_8_6_address1  |  out|    5|   ap_memory|  conv1_weights_local_1_8_6|         array|
|conv1_weights_local_1_8_6_ce1       |  out|    1|   ap_memory|  conv1_weights_local_1_8_6|         array|
|conv1_weights_local_1_8_6_we1       |  out|    1|   ap_memory|  conv1_weights_local_1_8_6|         array|
|conv1_weights_local_1_8_6_d1        |  out|   32|   ap_memory|  conv1_weights_local_1_8_6|         array|
|conv1_weights_local_1_8_7_address1  |  out|    5|   ap_memory|  conv1_weights_local_1_8_7|         array|
|conv1_weights_local_1_8_7_ce1       |  out|    1|   ap_memory|  conv1_weights_local_1_8_7|         array|
|conv1_weights_local_1_8_7_we1       |  out|    1|   ap_memory|  conv1_weights_local_1_8_7|         array|
|conv1_weights_local_1_8_7_d1        |  out|   32|   ap_memory|  conv1_weights_local_1_8_7|         array|
|conv1_weights_local_1_8_8_address1  |  out|    5|   ap_memory|  conv1_weights_local_1_8_8|         array|
|conv1_weights_local_1_8_8_ce1       |  out|    1|   ap_memory|  conv1_weights_local_1_8_8|         array|
|conv1_weights_local_1_8_8_we1       |  out|    1|   ap_memory|  conv1_weights_local_1_8_8|         array|
|conv1_weights_local_1_8_8_d1        |  out|   32|   ap_memory|  conv1_weights_local_1_8_8|         array|
|conv1_biases_local_address1         |  out|    6|   ap_memory|         conv1_biases_local|         array|
|conv1_biases_local_ce1              |  out|    1|   ap_memory|         conv1_biases_local|         array|
|conv1_biases_local_we1              |  out|    1|   ap_memory|         conv1_biases_local|         array|
|conv1_biases_local_d1               |  out|   32|   ap_memory|         conv1_biases_local|         array|
|m_axi_gmem_w1_AWVALID               |  out|    1|       m_axi|                    gmem_w1|       pointer|
|m_axi_gmem_w1_AWREADY               |   in|    1|       m_axi|                    gmem_w1|       pointer|
|m_axi_gmem_w1_AWADDR                |  out|   64|       m_axi|                    gmem_w1|       pointer|
|m_axi_gmem_w1_AWID                  |  out|    1|       m_axi|                    gmem_w1|       pointer|
|m_axi_gmem_w1_AWLEN                 |  out|   32|       m_axi|                    gmem_w1|       pointer|
|m_axi_gmem_w1_AWSIZE                |  out|    3|       m_axi|                    gmem_w1|       pointer|
|m_axi_gmem_w1_AWBURST               |  out|    2|       m_axi|                    gmem_w1|       pointer|
|m_axi_gmem_w1_AWLOCK                |  out|    2|       m_axi|                    gmem_w1|       pointer|
|m_axi_gmem_w1_AWCACHE               |  out|    4|       m_axi|                    gmem_w1|       pointer|
|m_axi_gmem_w1_AWPROT                |  out|    3|       m_axi|                    gmem_w1|       pointer|
|m_axi_gmem_w1_AWQOS                 |  out|    4|       m_axi|                    gmem_w1|       pointer|
|m_axi_gmem_w1_AWREGION              |  out|    4|       m_axi|                    gmem_w1|       pointer|
|m_axi_gmem_w1_AWUSER                |  out|    1|       m_axi|                    gmem_w1|       pointer|
|m_axi_gmem_w1_WVALID                |  out|    1|       m_axi|                    gmem_w1|       pointer|
|m_axi_gmem_w1_WREADY                |   in|    1|       m_axi|                    gmem_w1|       pointer|
|m_axi_gmem_w1_WDATA                 |  out|   32|       m_axi|                    gmem_w1|       pointer|
|m_axi_gmem_w1_WSTRB                 |  out|    4|       m_axi|                    gmem_w1|       pointer|
|m_axi_gmem_w1_WLAST                 |  out|    1|       m_axi|                    gmem_w1|       pointer|
|m_axi_gmem_w1_WID                   |  out|    1|       m_axi|                    gmem_w1|       pointer|
|m_axi_gmem_w1_WUSER                 |  out|    1|       m_axi|                    gmem_w1|       pointer|
|m_axi_gmem_w1_ARVALID               |  out|    1|       m_axi|                    gmem_w1|       pointer|
|m_axi_gmem_w1_ARREADY               |   in|    1|       m_axi|                    gmem_w1|       pointer|
|m_axi_gmem_w1_ARADDR                |  out|   64|       m_axi|                    gmem_w1|       pointer|
|m_axi_gmem_w1_ARID                  |  out|    1|       m_axi|                    gmem_w1|       pointer|
|m_axi_gmem_w1_ARLEN                 |  out|   32|       m_axi|                    gmem_w1|       pointer|
|m_axi_gmem_w1_ARSIZE                |  out|    3|       m_axi|                    gmem_w1|       pointer|
|m_axi_gmem_w1_ARBURST               |  out|    2|       m_axi|                    gmem_w1|       pointer|
|m_axi_gmem_w1_ARLOCK                |  out|    2|       m_axi|                    gmem_w1|       pointer|
|m_axi_gmem_w1_ARCACHE               |  out|    4|       m_axi|                    gmem_w1|       pointer|
|m_axi_gmem_w1_ARPROT                |  out|    3|       m_axi|                    gmem_w1|       pointer|
|m_axi_gmem_w1_ARQOS                 |  out|    4|       m_axi|                    gmem_w1|       pointer|
|m_axi_gmem_w1_ARREGION              |  out|    4|       m_axi|                    gmem_w1|       pointer|
|m_axi_gmem_w1_ARUSER                |  out|    1|       m_axi|                    gmem_w1|       pointer|
|m_axi_gmem_w1_RVALID                |   in|    1|       m_axi|                    gmem_w1|       pointer|
|m_axi_gmem_w1_RREADY                |  out|    1|       m_axi|                    gmem_w1|       pointer|
|m_axi_gmem_w1_RDATA                 |   in|   32|       m_axi|                    gmem_w1|       pointer|
|m_axi_gmem_w1_RLAST                 |   in|    1|       m_axi|                    gmem_w1|       pointer|
|m_axi_gmem_w1_RID                   |   in|    1|       m_axi|                    gmem_w1|       pointer|
|m_axi_gmem_w1_RFIFONUM              |   in|    9|       m_axi|                    gmem_w1|       pointer|
|m_axi_gmem_w1_RUSER                 |   in|    1|       m_axi|                    gmem_w1|       pointer|
|m_axi_gmem_w1_RRESP                 |   in|    2|       m_axi|                    gmem_w1|       pointer|
|m_axi_gmem_w1_BVALID                |   in|    1|       m_axi|                    gmem_w1|       pointer|
|m_axi_gmem_w1_BREADY                |  out|    1|       m_axi|                    gmem_w1|       pointer|
|m_axi_gmem_w1_BRESP                 |   in|    2|       m_axi|                    gmem_w1|       pointer|
|m_axi_gmem_w1_BID                   |   in|    1|       m_axi|                    gmem_w1|       pointer|
|m_axi_gmem_w1_BUSER                 |   in|    1|       m_axi|                    gmem_w1|       pointer|
|conv1_weights                       |   in|   64|     ap_none|              conv1_weights|        scalar|
|conv1_biases                        |   in|   64|     ap_none|               conv1_biases|        scalar|
+------------------------------------+-----+-----+------------+---------------------------+--------------+

