

================================================================
== Vitis HLS Report for 'load_conv3_params_Pipeline_VITIS_LOOP_180_2_VITIS_LOOP_181_3_VITIS_LOOP_182_4'
================================================================
* Date:           Thu Oct 30 18:13:36 2025

* Version:        2023.1 (Build 3854077 on May  4 2023)
* Project:        srcnn_hls
* Solution:       solution1 (Vivado IP Flow Target)
* Product family: zynquplus
* Target device:  xck26-sfvc784-2LV-c


================================================================
== Performance Estimates
================================================================
+ Timing: 
    * Summary: 
    +--------+----------+----------+------------+
    |  Clock |  Target  | Estimated| Uncertainty|
    +--------+----------+----------+------------+
    |ap_clk  |  10.00 ns|  7.300 ns|     2.70 ns|
    +--------+----------+----------+------------+

+ Latency: 
    * Summary: 
    +---------+---------+----------+----------+-----+-----+---------+
    |  Latency (cycles) |  Latency (absolute) |  Interval | Pipeline|
    |   min   |   max   |    min   |    max   | min | max |   Type  |
    +---------+---------+----------+----------+-----+-----+---------+
    |      803|      803|  8.030 us|  8.030 us|  803|  803|       no|
    +---------+---------+----------+----------+-----+-----+---------+

    + Detail: 
        * Instance: 
        N/A

        * Loop: 
        +------------------------------------------------------+---------+---------+----------+-----------+-----------+------+----------+
        |                                                      |  Latency (cycles) | Iteration|  Initiation Interval  | Trip |          |
        |                       Loop Name                      |   min   |   max   |  Latency |  achieved |   target  | Count| Pipelined|
        +------------------------------------------------------+---------+---------+----------+-----------+-----------+------+----------+
        |- VITIS_LOOP_180_2_VITIS_LOOP_181_3_VITIS_LOOP_182_4  |      801|      801|         3|          1|          1|   800|       yes|
        +------------------------------------------------------+---------+---------+----------+-----------+-----------+------+----------+



================================================================
== Utilization Estimates
================================================================
* Summary: 
+-----------------+---------+------+--------+--------+-----+
|       Name      | BRAM_18K|  DSP |   FF   |   LUT  | URAM|
+-----------------+---------+------+--------+--------+-----+
|DSP              |        -|     -|       -|       -|    -|
|Expression       |        -|     -|       0|     195|    -|
|FIFO             |        -|     -|       -|       -|    -|
|Instance         |        -|     -|       -|       -|    -|
|Memory           |        -|     -|       -|       -|    -|
|Multiplexer      |        -|     -|       -|      81|    -|
|Register         |        -|     -|      77|       -|    -|
+-----------------+---------+------+--------+--------+-----+
|Total            |        0|     0|      77|     276|    0|
+-----------------+---------+------+--------+--------+-----+
|Available        |      288|  1248|  234240|  117120|   64|
+-----------------+---------+------+--------+--------+-----+
|Utilization (%)  |        0|     0|      ~0|      ~0|    0|
+-----------------+---------+------+--------+--------+-----+

+ Detail: 
    * Instance: 
    N/A

    * DSP: 
    N/A

    * Memory: 
    N/A

    * FIFO: 
    N/A

    * Expression: 
    +----------------------------------+----------+----+---+----+------------+------------+
    |           Variable Name          | Operation| DSP| FF| LUT| Bitwidth P0| Bitwidth P1|
    +----------------------------------+----------+----+---+----+------------+------------+
    |add_ln180_1_fu_773_p2             |         +|   0|  0|  17|          10|           1|
    |add_ln180_fu_816_p2               |         +|   0|  0|  13|           6|           1|
    |add_ln181_1_fu_1026_p2            |         +|   0|  0|  13|           6|           1|
    |add_ln181_fu_916_p2               |         +|   0|  0|  10|           3|           1|
    |add_ln182_fu_1020_p2              |         +|   0|  0|  10|           3|           1|
    |add_ln184_1_fu_1014_p2            |         +|   0|  0|  13|           6|           6|
    |add_ln184_fu_970_p2               |         +|   0|  0|  13|           6|           6|
    |sub_ln184_1_fu_982_p2             |         -|   0|  0|  13|           6|           6|
    |sub_ln184_fu_874_p2               |         -|   0|  0|  12|           5|           5|
    |and_ln180_1_fu_910_p2             |       and|   0|  0|   2|           1|           1|
    |and_ln180_fu_890_p2               |       and|   0|  0|   2|           1|           1|
    |ap_block_pp0_stage0_11001         |       and|   0|  0|   2|           1|           1|
    |ap_block_state2_pp0_stage0_iter1  |       and|   0|  0|   2|           1|           1|
    |icmp_ln180_fu_767_p2              |      icmp|   0|  0|  17|          10|           9|
    |icmp_ln181_fu_822_p2              |      icmp|   0|  0|  13|           6|           5|
    |icmp_ln182_fu_904_p2              |      icmp|   0|  0|  10|           3|           3|
    |or_ln181_fu_922_p2                |        or|   0|  0|   2|           1|           1|
    |select_ln180_1_fu_836_p3          |    select|   0|  0|   6|           1|           6|
    |select_ln180_2_fu_896_p3          |    select|   0|  0|   2|           1|           1|
    |select_ln180_fu_828_p3            |    select|   0|  0|   3|           1|           1|
    |select_ln181_1_fu_940_p3          |    select|   0|  0|   2|           1|           1|
    |select_ln181_2_fu_958_p3          |    select|   0|  0|   2|           1|           2|
    |select_ln181_3_fu_988_p3          |    select|   0|  0|   3|           1|           3|
    |select_ln181_4_fu_1032_p3         |    select|   0|  0|   6|           1|           1|
    |select_ln181_fu_928_p3            |    select|   0|  0|   3|           1|           1|
    |ap_enable_pp0                     |       xor|   0|  0|   2|           1|           2|
    |xor_ln180_fu_884_p2               |       xor|   0|  0|   2|           1|           2|
    +----------------------------------+----------+----+---+----+------------+------------+
    |Total                             |          |   0|  0| 195|          85|          70|
    +----------------------------------+----------+----+---+----+------------+------------+

    * Multiplexer: 
    +----------------------------------------+----+-----------+-----+-----------+
    |                  Name                  | LUT| Input Size| Bits| Total Bits|
    +----------------------------------------+----+-----------+-----+-----------+
    |ap_done_int                             |   9|          2|    1|          2|
    |ap_enable_reg_pp0_iter2                 |   9|          2|    1|          2|
    |ap_sig_allocacmp_indvar_flatten16_load  |   9|          2|   10|         20|
    |gmem_w3_blk_n_R                         |   9|          2|    1|          2|
    |indvar_flatten16_fu_176                 |   9|          2|   10|         20|
    |indvar_flatten_fu_168                   |   9|          2|    6|         12|
    |j_fu_172                                |   9|          2|    6|         12|
    |kh_fu_164                               |   9|          2|    3|          6|
    |kw_fu_160                               |   9|          2|    3|          6|
    +----------------------------------------+----+-----------+-----+-----------+
    |Total                                   |  81|         18|   41|         82|
    +----------------------------------------+----+-----------+-----+-----------+

    * Register: 
    +----------------------------------+----+----+-----+-----------+
    |               Name               | FF | LUT| Bits| Const Bits|
    +----------------------------------+----+----+-----+-----------+
    |add_ln184_1_reg_1186              |   6|   0|    6|          0|
    |ap_CS_fsm                         |   1|   0|    1|          0|
    |ap_done_reg                       |   1|   0|    1|          0|
    |ap_enable_reg_pp0_iter1           |   1|   0|    1|          0|
    |ap_enable_reg_pp0_iter2           |   1|   0|    1|          0|
    |ap_loop_exit_ready_pp0_iter1_reg  |   1|   0|    1|          0|
    |gmem_w3_addr_read_reg_1191        |  32|   0|   32|          0|
    |icmp_ln180_reg_1170               |   1|   0|    1|          0|
    |indvar_flatten16_fu_176           |  10|   0|   10|          0|
    |indvar_flatten_fu_168             |   6|   0|    6|          0|
    |j_fu_172                          |   6|   0|    6|          0|
    |kh_fu_164                         |   3|   0|    3|          0|
    |kw_fu_160                         |   3|   0|    3|          0|
    |select_ln181_1_reg_1178           |   1|   0|    1|          0|
    |trunc_ln180_reg_1174              |   3|   0|    3|          0|
    |trunc_ln182_reg_1182              |   1|   0|    1|          0|
    +----------------------------------+----+----+-----+-----------+
    |Total                             |  77|   0|   77|          0|
    +----------------------------------+----+----+-----+-----------+



================================================================
== Interface
================================================================
* Summary: 
+------------------------------------+-----+-----+------------+-------------------------------------------------------------------------------+--------------+
|              RTL Ports             | Dir | Bits|  Protocol  |                                 Source Object                                 |    C Type    |
+------------------------------------+-----+-----+------------+-------------------------------------------------------------------------------+--------------+
|ap_clk                              |   in|    1|  ap_ctrl_hs|  load_conv3_params_Pipeline_VITIS_LOOP_180_2_VITIS_LOOP_181_3_VITIS_LOOP_182_4|  return value|
|ap_rst                              |   in|    1|  ap_ctrl_hs|  load_conv3_params_Pipeline_VITIS_LOOP_180_2_VITIS_LOOP_181_3_VITIS_LOOP_182_4|  return value|
|ap_start                            |   in|    1|  ap_ctrl_hs|  load_conv3_params_Pipeline_VITIS_LOOP_180_2_VITIS_LOOP_181_3_VITIS_LOOP_182_4|  return value|
|ap_done                             |  out|    1|  ap_ctrl_hs|  load_conv3_params_Pipeline_VITIS_LOOP_180_2_VITIS_LOOP_181_3_VITIS_LOOP_182_4|  return value|
|ap_idle                             |  out|    1|  ap_ctrl_hs|  load_conv3_params_Pipeline_VITIS_LOOP_180_2_VITIS_LOOP_181_3_VITIS_LOOP_182_4|  return value|
|ap_ready                            |  out|    1|  ap_ctrl_hs|  load_conv3_params_Pipeline_VITIS_LOOP_180_2_VITIS_LOOP_181_3_VITIS_LOOP_182_4|  return value|
|m_axi_gmem_w3_AWVALID               |  out|    1|       m_axi|                                                                        gmem_w3|       pointer|
|m_axi_gmem_w3_AWREADY               |   in|    1|       m_axi|                                                                        gmem_w3|       pointer|
|m_axi_gmem_w3_AWADDR                |  out|   64|       m_axi|                                                                        gmem_w3|       pointer|
|m_axi_gmem_w3_AWID                  |  out|    1|       m_axi|                                                                        gmem_w3|       pointer|
|m_axi_gmem_w3_AWLEN                 |  out|   32|       m_axi|                                                                        gmem_w3|       pointer|
|m_axi_gmem_w3_AWSIZE                |  out|    3|       m_axi|                                                                        gmem_w3|       pointer|
|m_axi_gmem_w3_AWBURST               |  out|    2|       m_axi|                                                                        gmem_w3|       pointer|
|m_axi_gmem_w3_AWLOCK                |  out|    2|       m_axi|                                                                        gmem_w3|       pointer|
|m_axi_gmem_w3_AWCACHE               |  out|    4|       m_axi|                                                                        gmem_w3|       pointer|
|m_axi_gmem_w3_AWPROT                |  out|    3|       m_axi|                                                                        gmem_w3|       pointer|
|m_axi_gmem_w3_AWQOS                 |  out|    4|       m_axi|                                                                        gmem_w3|       pointer|
|m_axi_gmem_w3_AWREGION              |  out|    4|       m_axi|                                                                        gmem_w3|       pointer|
|m_axi_gmem_w3_AWUSER                |  out|    1|       m_axi|                                                                        gmem_w3|       pointer|
|m_axi_gmem_w3_WVALID                |  out|    1|       m_axi|                                                                        gmem_w3|       pointer|
|m_axi_gmem_w3_WREADY                |   in|    1|       m_axi|                                                                        gmem_w3|       pointer|
|m_axi_gmem_w3_WDATA                 |  out|   32|       m_axi|                                                                        gmem_w3|       pointer|
|m_axi_gmem_w3_WSTRB                 |  out|    4|       m_axi|                                                                        gmem_w3|       pointer|
|m_axi_gmem_w3_WLAST                 |  out|    1|       m_axi|                                                                        gmem_w3|       pointer|
|m_axi_gmem_w3_WID                   |  out|    1|       m_axi|                                                                        gmem_w3|       pointer|
|m_axi_gmem_w3_WUSER                 |  out|    1|       m_axi|                                                                        gmem_w3|       pointer|
|m_axi_gmem_w3_ARVALID               |  out|    1|       m_axi|                                                                        gmem_w3|       pointer|
|m_axi_gmem_w3_ARREADY               |   in|    1|       m_axi|                                                                        gmem_w3|       pointer|
|m_axi_gmem_w3_ARADDR                |  out|   64|       m_axi|                                                                        gmem_w3|       pointer|
|m_axi_gmem_w3_ARID                  |  out|    1|       m_axi|                                                                        gmem_w3|       pointer|
|m_axi_gmem_w3_ARLEN                 |  out|   32|       m_axi|                                                                        gmem_w3|       pointer|
|m_axi_gmem_w3_ARSIZE                |  out|    3|       m_axi|                                                                        gmem_w3|       pointer|
|m_axi_gmem_w3_ARBURST               |  out|    2|       m_axi|                                                                        gmem_w3|       pointer|
|m_axi_gmem_w3_ARLOCK                |  out|    2|       m_axi|                                                                        gmem_w3|       pointer|
|m_axi_gmem_w3_ARCACHE               |  out|    4|       m_axi|                                                                        gmem_w3|       pointer|
|m_axi_gmem_w3_ARPROT                |  out|    3|       m_axi|                                                                        gmem_w3|       pointer|
|m_axi_gmem_w3_ARQOS                 |  out|    4|       m_axi|                                                                        gmem_w3|       pointer|
|m_axi_gmem_w3_ARREGION              |  out|    4|       m_axi|                                                                        gmem_w3|       pointer|
|m_axi_gmem_w3_ARUSER                |  out|    1|       m_axi|                                                                        gmem_w3|       pointer|
|m_axi_gmem_w3_RVALID                |   in|    1|       m_axi|                                                                        gmem_w3|       pointer|
|m_axi_gmem_w3_RREADY                |  out|    1|       m_axi|                                                                        gmem_w3|       pointer|
|m_axi_gmem_w3_RDATA                 |   in|   32|       m_axi|                                                                        gmem_w3|       pointer|
|m_axi_gmem_w3_RLAST                 |   in|    1|       m_axi|                                                                        gmem_w3|       pointer|
|m_axi_gmem_w3_RID                   |   in|    1|       m_axi|                                                                        gmem_w3|       pointer|
|m_axi_gmem_w3_RFIFONUM              |   in|    9|       m_axi|                                                                        gmem_w3|       pointer|
|m_axi_gmem_w3_RUSER                 |   in|    1|       m_axi|                                                                        gmem_w3|       pointer|
|m_axi_gmem_w3_RRESP                 |   in|    2|       m_axi|                                                                        gmem_w3|       pointer|
|m_axi_gmem_w3_BVALID                |   in|    1|       m_axi|                                                                        gmem_w3|       pointer|
|m_axi_gmem_w3_BREADY                |  out|    1|       m_axi|                                                                        gmem_w3|       pointer|
|m_axi_gmem_w3_BRESP                 |   in|    2|       m_axi|                                                                        gmem_w3|       pointer|
|m_axi_gmem_w3_BID                   |   in|    1|       m_axi|                                                                        gmem_w3|       pointer|
|m_axi_gmem_w3_BUSER                 |   in|    1|       m_axi|                                                                        gmem_w3|       pointer|
|sext_ln180                          |   in|   62|     ap_none|                                                                     sext_ln180|        scalar|
|conv3_weights_local_0_0_0_address1  |  out|    6|   ap_memory|                                                      conv3_weights_local_0_0_0|         array|
|conv3_weights_local_0_0_0_ce1       |  out|    1|   ap_memory|                                                      conv3_weights_local_0_0_0|         array|
|conv3_weights_local_0_0_0_we1       |  out|    1|   ap_memory|                                                      conv3_weights_local_0_0_0|         array|
|conv3_weights_local_0_0_0_d1        |  out|   32|   ap_memory|                                                      conv3_weights_local_0_0_0|         array|
|conv3_weights_local_0_0_1_address1  |  out|    6|   ap_memory|                                                      conv3_weights_local_0_0_1|         array|
|conv3_weights_local_0_0_1_ce1       |  out|    1|   ap_memory|                                                      conv3_weights_local_0_0_1|         array|
|conv3_weights_local_0_0_1_we1       |  out|    1|   ap_memory|                                                      conv3_weights_local_0_0_1|         array|
|conv3_weights_local_0_0_1_d1        |  out|   32|   ap_memory|                                                      conv3_weights_local_0_0_1|         array|
|conv3_weights_local_0_1_0_address1  |  out|    6|   ap_memory|                                                      conv3_weights_local_0_1_0|         array|
|conv3_weights_local_0_1_0_ce1       |  out|    1|   ap_memory|                                                      conv3_weights_local_0_1_0|         array|
|conv3_weights_local_0_1_0_we1       |  out|    1|   ap_memory|                                                      conv3_weights_local_0_1_0|         array|
|conv3_weights_local_0_1_0_d1        |  out|   32|   ap_memory|                                                      conv3_weights_local_0_1_0|         array|
|conv3_weights_local_0_1_1_address1  |  out|    6|   ap_memory|                                                      conv3_weights_local_0_1_1|         array|
|conv3_weights_local_0_1_1_ce1       |  out|    1|   ap_memory|                                                      conv3_weights_local_0_1_1|         array|
|conv3_weights_local_0_1_1_we1       |  out|    1|   ap_memory|                                                      conv3_weights_local_0_1_1|         array|
|conv3_weights_local_0_1_1_d1        |  out|   32|   ap_memory|                                                      conv3_weights_local_0_1_1|         array|
|conv3_weights_local_1_0_0_address1  |  out|    6|   ap_memory|                                                      conv3_weights_local_1_0_0|         array|
|conv3_weights_local_1_0_0_ce1       |  out|    1|   ap_memory|                                                      conv3_weights_local_1_0_0|         array|
|conv3_weights_local_1_0_0_we1       |  out|    1|   ap_memory|                                                      conv3_weights_local_1_0_0|         array|
|conv3_weights_local_1_0_0_d1        |  out|   32|   ap_memory|                                                      conv3_weights_local_1_0_0|         array|
|conv3_weights_local_1_0_1_address1  |  out|    6|   ap_memory|                                                      conv3_weights_local_1_0_1|         array|
|conv3_weights_local_1_0_1_ce1       |  out|    1|   ap_memory|                                                      conv3_weights_local_1_0_1|         array|
|conv3_weights_local_1_0_1_we1       |  out|    1|   ap_memory|                                                      conv3_weights_local_1_0_1|         array|
|conv3_weights_local_1_0_1_d1        |  out|   32|   ap_memory|                                                      conv3_weights_local_1_0_1|         array|
|conv3_weights_local_1_1_0_address1  |  out|    6|   ap_memory|                                                      conv3_weights_local_1_1_0|         array|
|conv3_weights_local_1_1_0_ce1       |  out|    1|   ap_memory|                                                      conv3_weights_local_1_1_0|         array|
|conv3_weights_local_1_1_0_we1       |  out|    1|   ap_memory|                                                      conv3_weights_local_1_1_0|         array|
|conv3_weights_local_1_1_0_d1        |  out|   32|   ap_memory|                                                      conv3_weights_local_1_1_0|         array|
|conv3_weights_local_1_1_1_address1  |  out|    6|   ap_memory|                                                      conv3_weights_local_1_1_1|         array|
|conv3_weights_local_1_1_1_ce1       |  out|    1|   ap_memory|                                                      conv3_weights_local_1_1_1|         array|
|conv3_weights_local_1_1_1_we1       |  out|    1|   ap_memory|                                                      conv3_weights_local_1_1_1|         array|
|conv3_weights_local_1_1_1_d1        |  out|   32|   ap_memory|                                                      conv3_weights_local_1_1_1|         array|
|conv3_weights_local_2_0_0_address1  |  out|    6|   ap_memory|                                                      conv3_weights_local_2_0_0|         array|
|conv3_weights_local_2_0_0_ce1       |  out|    1|   ap_memory|                                                      conv3_weights_local_2_0_0|         array|
|conv3_weights_local_2_0_0_we1       |  out|    1|   ap_memory|                                                      conv3_weights_local_2_0_0|         array|
|conv3_weights_local_2_0_0_d1        |  out|   32|   ap_memory|                                                      conv3_weights_local_2_0_0|         array|
|conv3_weights_local_2_0_1_address1  |  out|    6|   ap_memory|                                                      conv3_weights_local_2_0_1|         array|
|conv3_weights_local_2_0_1_ce1       |  out|    1|   ap_memory|                                                      conv3_weights_local_2_0_1|         array|
|conv3_weights_local_2_0_1_we1       |  out|    1|   ap_memory|                                                      conv3_weights_local_2_0_1|         array|
|conv3_weights_local_2_0_1_d1        |  out|   32|   ap_memory|                                                      conv3_weights_local_2_0_1|         array|
|conv3_weights_local_2_1_0_address1  |  out|    6|   ap_memory|                                                      conv3_weights_local_2_1_0|         array|
|conv3_weights_local_2_1_0_ce1       |  out|    1|   ap_memory|                                                      conv3_weights_local_2_1_0|         array|
|conv3_weights_local_2_1_0_we1       |  out|    1|   ap_memory|                                                      conv3_weights_local_2_1_0|         array|
|conv3_weights_local_2_1_0_d1        |  out|   32|   ap_memory|                                                      conv3_weights_local_2_1_0|         array|
|conv3_weights_local_2_1_1_address1  |  out|    6|   ap_memory|                                                      conv3_weights_local_2_1_1|         array|
|conv3_weights_local_2_1_1_ce1       |  out|    1|   ap_memory|                                                      conv3_weights_local_2_1_1|         array|
|conv3_weights_local_2_1_1_we1       |  out|    1|   ap_memory|                                                      conv3_weights_local_2_1_1|         array|
|conv3_weights_local_2_1_1_d1        |  out|   32|   ap_memory|                                                      conv3_weights_local_2_1_1|         array|
|conv3_weights_local_3_0_0_address1  |  out|    6|   ap_memory|                                                      conv3_weights_local_3_0_0|         array|
|conv3_weights_local_3_0_0_ce1       |  out|    1|   ap_memory|                                                      conv3_weights_local_3_0_0|         array|
|conv3_weights_local_3_0_0_we1       |  out|    1|   ap_memory|                                                      conv3_weights_local_3_0_0|         array|
|conv3_weights_local_3_0_0_d1        |  out|   32|   ap_memory|                                                      conv3_weights_local_3_0_0|         array|
|conv3_weights_local_3_0_1_address1  |  out|    6|   ap_memory|                                                      conv3_weights_local_3_0_1|         array|
|conv3_weights_local_3_0_1_ce1       |  out|    1|   ap_memory|                                                      conv3_weights_local_3_0_1|         array|
|conv3_weights_local_3_0_1_we1       |  out|    1|   ap_memory|                                                      conv3_weights_local_3_0_1|         array|
|conv3_weights_local_3_0_1_d1        |  out|   32|   ap_memory|                                                      conv3_weights_local_3_0_1|         array|
|conv3_weights_local_3_1_0_address1  |  out|    6|   ap_memory|                                                      conv3_weights_local_3_1_0|         array|
|conv3_weights_local_3_1_0_ce1       |  out|    1|   ap_memory|                                                      conv3_weights_local_3_1_0|         array|
|conv3_weights_local_3_1_0_we1       |  out|    1|   ap_memory|                                                      conv3_weights_local_3_1_0|         array|
|conv3_weights_local_3_1_0_d1        |  out|   32|   ap_memory|                                                      conv3_weights_local_3_1_0|         array|
|conv3_weights_local_3_1_1_address1  |  out|    6|   ap_memory|                                                      conv3_weights_local_3_1_1|         array|
|conv3_weights_local_3_1_1_ce1       |  out|    1|   ap_memory|                                                      conv3_weights_local_3_1_1|         array|
|conv3_weights_local_3_1_1_we1       |  out|    1|   ap_memory|                                                      conv3_weights_local_3_1_1|         array|
|conv3_weights_local_3_1_1_d1        |  out|   32|   ap_memory|                                                      conv3_weights_local_3_1_1|         array|
|conv3_weights_local_4_0_0_address1  |  out|    6|   ap_memory|                                                      conv3_weights_local_4_0_0|         array|
|conv3_weights_local_4_0_0_ce1       |  out|    1|   ap_memory|                                                      conv3_weights_local_4_0_0|         array|
|conv3_weights_local_4_0_0_we1       |  out|    1|   ap_memory|                                                      conv3_weights_local_4_0_0|         array|
|conv3_weights_local_4_0_0_d1        |  out|   32|   ap_memory|                                                      conv3_weights_local_4_0_0|         array|
|conv3_weights_local_4_0_1_address1  |  out|    6|   ap_memory|                                                      conv3_weights_local_4_0_1|         array|
|conv3_weights_local_4_0_1_ce1       |  out|    1|   ap_memory|                                                      conv3_weights_local_4_0_1|         array|
|conv3_weights_local_4_0_1_we1       |  out|    1|   ap_memory|                                                      conv3_weights_local_4_0_1|         array|
|conv3_weights_local_4_0_1_d1        |  out|   32|   ap_memory|                                                      conv3_weights_local_4_0_1|         array|
|conv3_weights_local_4_1_0_address1  |  out|    6|   ap_memory|                                                      conv3_weights_local_4_1_0|         array|
|conv3_weights_local_4_1_0_ce1       |  out|    1|   ap_memory|                                                      conv3_weights_local_4_1_0|         array|
|conv3_weights_local_4_1_0_we1       |  out|    1|   ap_memory|                                                      conv3_weights_local_4_1_0|         array|
|conv3_weights_local_4_1_0_d1        |  out|   32|   ap_memory|                                                      conv3_weights_local_4_1_0|         array|
|conv3_weights_local_4_1_1_address1  |  out|    6|   ap_memory|                                                      conv3_weights_local_4_1_1|         array|
|conv3_weights_local_4_1_1_ce1       |  out|    1|   ap_memory|                                                      conv3_weights_local_4_1_1|         array|
|conv3_weights_local_4_1_1_we1       |  out|    1|   ap_memory|                                                      conv3_weights_local_4_1_1|         array|
|conv3_weights_local_4_1_1_d1        |  out|   32|   ap_memory|                                                      conv3_weights_local_4_1_1|         array|
|conv3_weights_local_5_0_0_address1  |  out|    6|   ap_memory|                                                      conv3_weights_local_5_0_0|         array|
|conv3_weights_local_5_0_0_ce1       |  out|    1|   ap_memory|                                                      conv3_weights_local_5_0_0|         array|
|conv3_weights_local_5_0_0_we1       |  out|    1|   ap_memory|                                                      conv3_weights_local_5_0_0|         array|
|conv3_weights_local_5_0_0_d1        |  out|   32|   ap_memory|                                                      conv3_weights_local_5_0_0|         array|
|conv3_weights_local_5_0_1_address1  |  out|    6|   ap_memory|                                                      conv3_weights_local_5_0_1|         array|
|conv3_weights_local_5_0_1_ce1       |  out|    1|   ap_memory|                                                      conv3_weights_local_5_0_1|         array|
|conv3_weights_local_5_0_1_we1       |  out|    1|   ap_memory|                                                      conv3_weights_local_5_0_1|         array|
|conv3_weights_local_5_0_1_d1        |  out|   32|   ap_memory|                                                      conv3_weights_local_5_0_1|         array|
|conv3_weights_local_5_1_0_address1  |  out|    6|   ap_memory|                                                      conv3_weights_local_5_1_0|         array|
|conv3_weights_local_5_1_0_ce1       |  out|    1|   ap_memory|                                                      conv3_weights_local_5_1_0|         array|
|conv3_weights_local_5_1_0_we1       |  out|    1|   ap_memory|                                                      conv3_weights_local_5_1_0|         array|
|conv3_weights_local_5_1_0_d1        |  out|   32|   ap_memory|                                                      conv3_weights_local_5_1_0|         array|
|conv3_weights_local_5_1_1_address1  |  out|    6|   ap_memory|                                                      conv3_weights_local_5_1_1|         array|
|conv3_weights_local_5_1_1_ce1       |  out|    1|   ap_memory|                                                      conv3_weights_local_5_1_1|         array|
|conv3_weights_local_5_1_1_we1       |  out|    1|   ap_memory|                                                      conv3_weights_local_5_1_1|         array|
|conv3_weights_local_5_1_1_d1        |  out|   32|   ap_memory|                                                      conv3_weights_local_5_1_1|         array|
|conv3_weights_local_6_0_0_address1  |  out|    6|   ap_memory|                                                      conv3_weights_local_6_0_0|         array|
|conv3_weights_local_6_0_0_ce1       |  out|    1|   ap_memory|                                                      conv3_weights_local_6_0_0|         array|
|conv3_weights_local_6_0_0_we1       |  out|    1|   ap_memory|                                                      conv3_weights_local_6_0_0|         array|
|conv3_weights_local_6_0_0_d1        |  out|   32|   ap_memory|                                                      conv3_weights_local_6_0_0|         array|
|conv3_weights_local_6_0_1_address1  |  out|    6|   ap_memory|                                                      conv3_weights_local_6_0_1|         array|
|conv3_weights_local_6_0_1_ce1       |  out|    1|   ap_memory|                                                      conv3_weights_local_6_0_1|         array|
|conv3_weights_local_6_0_1_we1       |  out|    1|   ap_memory|                                                      conv3_weights_local_6_0_1|         array|
|conv3_weights_local_6_0_1_d1        |  out|   32|   ap_memory|                                                      conv3_weights_local_6_0_1|         array|
|conv3_weights_local_6_1_0_address1  |  out|    6|   ap_memory|                                                      conv3_weights_local_6_1_0|         array|
|conv3_weights_local_6_1_0_ce1       |  out|    1|   ap_memory|                                                      conv3_weights_local_6_1_0|         array|
|conv3_weights_local_6_1_0_we1       |  out|    1|   ap_memory|                                                      conv3_weights_local_6_1_0|         array|
|conv3_weights_local_6_1_0_d1        |  out|   32|   ap_memory|                                                      conv3_weights_local_6_1_0|         array|
|conv3_weights_local_6_1_1_address1  |  out|    6|   ap_memory|                                                      conv3_weights_local_6_1_1|         array|
|conv3_weights_local_6_1_1_ce1       |  out|    1|   ap_memory|                                                      conv3_weights_local_6_1_1|         array|
|conv3_weights_local_6_1_1_we1       |  out|    1|   ap_memory|                                                      conv3_weights_local_6_1_1|         array|
|conv3_weights_local_6_1_1_d1        |  out|   32|   ap_memory|                                                      conv3_weights_local_6_1_1|         array|
|conv3_weights_local_7_0_0_address1  |  out|    6|   ap_memory|                                                      conv3_weights_local_7_0_0|         array|
|conv3_weights_local_7_0_0_ce1       |  out|    1|   ap_memory|                                                      conv3_weights_local_7_0_0|         array|
|conv3_weights_local_7_0_0_we1       |  out|    1|   ap_memory|                                                      conv3_weights_local_7_0_0|         array|
|conv3_weights_local_7_0_0_d1        |  out|   32|   ap_memory|                                                      conv3_weights_local_7_0_0|         array|
|conv3_weights_local_7_0_1_address1  |  out|    6|   ap_memory|                                                      conv3_weights_local_7_0_1|         array|
|conv3_weights_local_7_0_1_ce1       |  out|    1|   ap_memory|                                                      conv3_weights_local_7_0_1|         array|
|conv3_weights_local_7_0_1_we1       |  out|    1|   ap_memory|                                                      conv3_weights_local_7_0_1|         array|
|conv3_weights_local_7_0_1_d1        |  out|   32|   ap_memory|                                                      conv3_weights_local_7_0_1|         array|
|conv3_weights_local_7_1_0_address1  |  out|    6|   ap_memory|                                                      conv3_weights_local_7_1_0|         array|
|conv3_weights_local_7_1_0_ce1       |  out|    1|   ap_memory|                                                      conv3_weights_local_7_1_0|         array|
|conv3_weights_local_7_1_0_we1       |  out|    1|   ap_memory|                                                      conv3_weights_local_7_1_0|         array|
|conv3_weights_local_7_1_0_d1        |  out|   32|   ap_memory|                                                      conv3_weights_local_7_1_0|         array|
|conv3_weights_local_7_1_1_address1  |  out|    6|   ap_memory|                                                      conv3_weights_local_7_1_1|         array|
|conv3_weights_local_7_1_1_ce1       |  out|    1|   ap_memory|                                                      conv3_weights_local_7_1_1|         array|
|conv3_weights_local_7_1_1_we1       |  out|    1|   ap_memory|                                                      conv3_weights_local_7_1_1|         array|
|conv3_weights_local_7_1_1_d1        |  out|   32|   ap_memory|                                                      conv3_weights_local_7_1_1|         array|
+------------------------------------+-----+-----+------------+-------------------------------------------------------------------------------+--------------+

